[0.919s] Invoking command in '/home/oh/slam_ws/src/ros2_aruco/ros2_aruco': PYTHONPATH=/home/oh/slam_ws/src/build/ros2_aruco/prefix_override:/home/oh/slam_ws/src/install/ros2_aruco/lib/python3.10/site-packages:${PYTHONPATH} /usr/bin/python3 -W ignore:setup.py install is deprecated setup.py egg_info --egg-base ../../build/ros2_aruco build --build-base /home/oh/slam_ws/src/build/ros2_aruco/build install --record /home/oh/slam_ws/src/build/ros2_aruco/install.log --single-version-externally-managed install_data
[1.273s] running egg_info
[1.274s] creating ../../build/ros2_aruco/ros2_aruco.egg-info
[1.275s] writing ../../build/ros2_aruco/ros2_aruco.egg-info/PKG-INFO
[1.275s] writing dependency_links to ../../build/ros2_aruco/ros2_aruco.egg-info/dependency_links.txt
[1.275s] writing entry points to ../../build/ros2_aruco/ros2_aruco.egg-info/entry_points.txt
[1.275s] writing requirements to ../../build/ros2_aruco/ros2_aruco.egg-info/requires.txt
[1.275s] writing top-level names to ../../build/ros2_aruco/ros2_aruco.egg-info/top_level.txt
[1.276s] writing manifest file '../../build/ros2_aruco/ros2_aruco.egg-info/SOURCES.txt'
[1.278s] reading manifest file '../../build/ros2_aruco/ros2_aruco.egg-info/SOURCES.txt'
[1.279s] writing manifest file '../../build/ros2_aruco/ros2_aruco.egg-info/SOURCES.txt'
[1.279s] running build
[1.279s] running build_py
[1.279s] creating /home/oh/slam_ws/src/build/ros2_aruco/build
[1.279s] creating /home/oh/slam_ws/src/build/ros2_aruco/build/lib
[1.279s] creating /home/oh/slam_ws/src/build/ros2_aruco/build/lib/ros2_aruco
[1.279s] copying ros2_aruco/aruco_node.py -> /home/oh/slam_ws/src/build/ros2_aruco/build/lib/ros2_aruco
[1.279s] copying ros2_aruco/aruco_generate_marker.py -> /home/oh/slam_ws/src/build/ros2_aruco/build/lib/ros2_aruco
[1.279s] copying ros2_aruco/__init__.py -> /home/oh/slam_ws/src/build/ros2_aruco/build/lib/ros2_aruco
[1.279s] running install
[1.280s] running install_lib
[1.282s] creating /home/oh/slam_ws/src/install/ros2_aruco/lib/python3.10/site-packages/ros2_aruco
[1.282s] copying /home/oh/slam_ws/src/build/ros2_aruco/build/lib/ros2_aruco/aruco_node.py -> /home/oh/slam_ws/src/install/ros2_aruco/lib/python3.10/site-packages/ros2_aruco
[1.282s] copying /home/oh/slam_ws/src/build/ros2_aruco/build/lib/ros2_aruco/aruco_generate_marker.py -> /home/oh/slam_ws/src/install/ros2_aruco/lib/python3.10/site-packages/ros2_aruco
[1.282s] copying /home/oh/slam_ws/src/build/ros2_aruco/build/lib/ros2_aruco/__init__.py -> /home/oh/slam_ws/src/install/ros2_aruco/lib/python3.10/site-packages/ros2_aruco
[1.283s] byte-compiling /home/oh/slam_ws/src/install/ros2_aruco/lib/python3.10/site-packages/ros2_aruco/aruco_node.py to aruco_node.cpython-310.pyc
[1.285s] byte-compiling /home/oh/slam_ws/src/install/ros2_aruco/lib/python3.10/site-packages/ros2_aruco/aruco_generate_marker.py to aruco_generate_marker.cpython-310.pyc
[1.285s] byte-compiling /home/oh/slam_ws/src/install/ros2_aruco/lib/python3.10/site-packages/ros2_aruco/__init__.py to __init__.cpython-310.pyc
[1.285s] running install_data
[1.285s] creating /home/oh/slam_ws/src/install/ros2_aruco/share/ament_index
[1.285s] creating /home/oh/slam_ws/src/install/ros2_aruco/share/ament_index/resource_index
[1.286s] creating /home/oh/slam_ws/src/install/ros2_aruco/share/ament_index/resource_index/packages
[1.286s] copying resource/ros2_aruco -> /home/oh/slam_ws/src/install/ros2_aruco/share/ament_index/resource_index/packages
[1.286s] copying package.xml -> /home/oh/slam_ws/src/install/ros2_aruco/share/ros2_aruco
[1.286s] creating /home/oh/slam_ws/src/install/ros2_aruco/share/ros2_aruco/launch
[1.286s] copying launch/aruco_recognition.launch.py -> /home/oh/slam_ws/src/install/ros2_aruco/share/ros2_aruco/launch
[1.286s] creating /home/oh/slam_ws/src/install/ros2_aruco/share/ros2_aruco/config
[1.286s] copying config/aruco_parameters.yaml -> /home/oh/slam_ws/src/install/ros2_aruco/share/ros2_aruco/config
[1.287s] running install_egg_info
[1.289s] Copying ../../build/ros2_aruco/ros2_aruco.egg-info to /home/oh/slam_ws/src/install/ros2_aruco/lib/python3.10/site-packages/ros2_aruco-0.1.0-py3.10.egg-info
[1.290s] running install_scripts
[1.323s] Installing aruco_generate_marker script to /home/oh/slam_ws/src/install/ros2_aruco/lib/ros2_aruco
[1.323s] Installing aruco_node script to /home/oh/slam_ws/src/install/ros2_aruco/lib/ros2_aruco
[1.323s] writing list of installed files to '/home/oh/slam_ws/src/build/ros2_aruco/install.log'
[1.355s] Invoked command in '/home/oh/slam_ws/src/ros2_aruco/ros2_aruco' returned '0': PYTHONPATH=/home/oh/slam_ws/src/build/ros2_aruco/prefix_override:/home/oh/slam_ws/src/install/ros2_aruco/lib/python3.10/site-packages:${PYTHONPATH} /usr/bin/python3 -W ignore:setup.py install is deprecated setup.py egg_info --egg-base ../../build/ros2_aruco build --build-base /home/oh/slam_ws/src/build/ros2_aruco/build install --record /home/oh/slam_ws/src/build/ros2_aruco/install.log --single-version-externally-managed install_data
