[0.023s] Invoking command in '/home/oh/slam_ws/build/ros2_control_demo_example_5': AMENT_PREFIX_PATH=/home/oh/slam_ws/install/ros2_control_demo_description:${AMENT_PREFIX_PATH} CMAKE_PREFIX_PATH=/home/oh/slam_ws/install/ros2_control_demo_description:/home/oh/nav2_ws/install/nav2_system_tests:/home/oh/nav2_ws/install/nav2_bringup:/home/oh/nav2_ws/install/navigation2:/home/oh/nav2_ws/install/nav2_smoother:/home/oh/nav2_ws/install/nav2_graceful_controller:/home/oh/nav2_ws/install/nav2_dwb_controller:/home/oh/nav2_ws/install/nav2_controller:/home/oh/nav2_ws/install/dwb_plugins:/home/oh/nav2_ws/install/dwb_critics:/home/oh/nav2_ws/install/dwb_core:/home/oh/nav2_ws/install/nav_2d_utils:/home/oh/nav2_ws/install/dwb_msgs:/home/oh/nav2_ws/install/nav_2d_msgs:/home/oh/nav2_ws/install/nav2_waypoint_follower:/home/oh/nav2_ws/install/nav2_theta_star_planner:/home/oh/nav2_ws/install/nav2_straightline_planner:/home/oh/nav2_ws/install/nav2_smac_planner:/home/oh/nav2_ws/install/nav2_rotation_shim_controller:/home/oh/nav2_ws/install/nav2_regulated_pure_pursuit_controller:/home/oh/nav2_ws/install/nav2_planner:/home/oh/nav2_ws/install/nav2_navfn_planner:/home/oh/nav2_ws/install/nav2_mppi_controller:/home/oh/nav2_ws/install/nav2_constrained_smoother:/home/oh/nav2_ws/install/nav2_bt_navigator:/home/oh/nav2_ws/install/nav2_behaviors:/home/oh/nav2_ws/install/nav2_core:/home/oh/nav2_ws/install/nav2_collision_monitor:/home/oh/nav2_ws/install/costmap_queue:/home/oh/nav2_ws/install/nav2_costmap_2d:/home/oh/nav2_ws/install/nav2_voxel_grid:/home/oh/nav2_ws/install/nav2_velocity_smoother:/home/oh/nav2_ws/install/nav2_rviz_plugins:/home/oh/nav2_ws/install/nav2_map_server:/home/oh/nav2_ws/install/nav2_lifecycle_manager:/home/oh/nav2_ws/install/nav2_behavior_tree:/home/oh/nav2_ws/install/nav2_amcl:/home/oh/nav2_ws/install/nav2_util:/home/oh/nav2_ws/install/nav2_msgs:/home/oh/nav2_ws/install/nav2_common:/home/oh/nav2_ws/install/nav2_simple_commander:/opt/ros/humble /usr/bin/cmake --build /home/oh/slam_ws/build/ros2_control_demo_example_5 -- -j8 -l8
[0.090s] [35m[1mConsolidate compiler generated dependencies of target ros2_control_demo_example_5[0m
[0.122s] [100%] Built target ros2_control_demo_example_5
[0.135s] Invoked command in '/home/oh/slam_ws/build/ros2_control_demo_example_5' returned '0': AMENT_PREFIX_PATH=/home/oh/slam_ws/install/ros2_control_demo_description:${AMENT_PREFIX_PATH} CMAKE_PREFIX_PATH=/home/oh/slam_ws/install/ros2_control_demo_description:/home/oh/nav2_ws/install/nav2_system_tests:/home/oh/nav2_ws/install/nav2_bringup:/home/oh/nav2_ws/install/navigation2:/home/oh/nav2_ws/install/nav2_smoother:/home/oh/nav2_ws/install/nav2_graceful_controller:/home/oh/nav2_ws/install/nav2_dwb_controller:/home/oh/nav2_ws/install/nav2_controller:/home/oh/nav2_ws/install/dwb_plugins:/home/oh/nav2_ws/install/dwb_critics:/home/oh/nav2_ws/install/dwb_core:/home/oh/nav2_ws/install/nav_2d_utils:/home/oh/nav2_ws/install/dwb_msgs:/home/oh/nav2_ws/install/nav_2d_msgs:/home/oh/nav2_ws/install/nav2_waypoint_follower:/home/oh/nav2_ws/install/nav2_theta_star_planner:/home/oh/nav2_ws/install/nav2_straightline_planner:/home/oh/nav2_ws/install/nav2_smac_planner:/home/oh/nav2_ws/install/nav2_rotation_shim_controller:/home/oh/nav2_ws/install/nav2_regulated_pure_pursuit_controller:/home/oh/nav2_ws/install/nav2_planner:/home/oh/nav2_ws/install/nav2_navfn_planner:/home/oh/nav2_ws/install/nav2_mppi_controller:/home/oh/nav2_ws/install/nav2_constrained_smoother:/home/oh/nav2_ws/install/nav2_bt_navigator:/home/oh/nav2_ws/install/nav2_behaviors:/home/oh/nav2_ws/install/nav2_core:/home/oh/nav2_ws/install/nav2_collision_monitor:/home/oh/nav2_ws/install/costmap_queue:/home/oh/nav2_ws/install/nav2_costmap_2d:/home/oh/nav2_ws/install/nav2_voxel_grid:/home/oh/nav2_ws/install/nav2_velocity_smoother:/home/oh/nav2_ws/install/nav2_rviz_plugins:/home/oh/nav2_ws/install/nav2_map_server:/home/oh/nav2_ws/install/nav2_lifecycle_manager:/home/oh/nav2_ws/install/nav2_behavior_tree:/home/oh/nav2_ws/install/nav2_amcl:/home/oh/nav2_ws/install/nav2_util:/home/oh/nav2_ws/install/nav2_msgs:/home/oh/nav2_ws/install/nav2_common:/home/oh/nav2_ws/install/nav2_simple_commander:/opt/ros/humble /usr/bin/cmake --build /home/oh/slam_ws/build/ros2_control_demo_example_5 -- -j8 -l8
[0.224s] Invoking command in '/home/oh/slam_ws/build/ros2_control_demo_example_5': AMENT_PREFIX_PATH=/home/oh/slam_ws/install/ros2_control_demo_description:${AMENT_PREFIX_PATH} CMAKE_PREFIX_PATH=/home/oh/slam_ws/install/ros2_control_demo_description:/home/oh/nav2_ws/install/nav2_system_tests:/home/oh/nav2_ws/install/nav2_bringup:/home/oh/nav2_ws/install/navigation2:/home/oh/nav2_ws/install/nav2_smoother:/home/oh/nav2_ws/install/nav2_graceful_controller:/home/oh/nav2_ws/install/nav2_dwb_controller:/home/oh/nav2_ws/install/nav2_controller:/home/oh/nav2_ws/install/dwb_plugins:/home/oh/nav2_ws/install/dwb_critics:/home/oh/nav2_ws/install/dwb_core:/home/oh/nav2_ws/install/nav_2d_utils:/home/oh/nav2_ws/install/dwb_msgs:/home/oh/nav2_ws/install/nav_2d_msgs:/home/oh/nav2_ws/install/nav2_waypoint_follower:/home/oh/nav2_ws/install/nav2_theta_star_planner:/home/oh/nav2_ws/install/nav2_straightline_planner:/home/oh/nav2_ws/install/nav2_smac_planner:/home/oh/nav2_ws/install/nav2_rotation_shim_controller:/home/oh/nav2_ws/install/nav2_regulated_pure_pursuit_controller:/home/oh/nav2_ws/install/nav2_planner:/home/oh/nav2_ws/install/nav2_navfn_planner:/home/oh/nav2_ws/install/nav2_mppi_controller:/home/oh/nav2_ws/install/nav2_constrained_smoother:/home/oh/nav2_ws/install/nav2_bt_navigator:/home/oh/nav2_ws/install/nav2_behaviors:/home/oh/nav2_ws/install/nav2_core:/home/oh/nav2_ws/install/nav2_collision_monitor:/home/oh/nav2_ws/install/costmap_queue:/home/oh/nav2_ws/install/nav2_costmap_2d:/home/oh/nav2_ws/install/nav2_voxel_grid:/home/oh/nav2_ws/install/nav2_velocity_smoother:/home/oh/nav2_ws/install/nav2_rviz_plugins:/home/oh/nav2_ws/install/nav2_map_server:/home/oh/nav2_ws/install/nav2_lifecycle_manager:/home/oh/nav2_ws/install/nav2_behavior_tree:/home/oh/nav2_ws/install/nav2_amcl:/home/oh/nav2_ws/install/nav2_util:/home/oh/nav2_ws/install/nav2_msgs:/home/oh/nav2_ws/install/nav2_common:/home/oh/nav2_ws/install/nav2_simple_commander:/opt/ros/humble /usr/bin/cmake --install /home/oh/slam_ws/build/ros2_control_demo_example_5
[0.233s] -- Install configuration: ""
[0.235s] -- Up-to-date: /home/oh/slam_ws/install/ros2_control_demo_example_5/share/ros2_control_demo_example_5/ros2_control_demo_example_5.xml
[0.235s] -- Up-to-date: /home/oh/slam_ws/install/ros2_control_demo_example_5/include/ros2_control_demo_example_5
[0.235s] -- Up-to-date: /home/oh/slam_ws/install/ros2_control_demo_example_5/include/ros2_control_demo_example_5/ros2_control_demo_example_5
[0.235s] -- Up-to-date: /home/oh/slam_ws/install/ros2_control_demo_example_5/include/ros2_control_demo_example_5/ros2_control_demo_example_5/rrbot.hpp
[0.235s] -- Up-to-date: /home/oh/slam_ws/install/ros2_control_demo_example_5/include/ros2_control_demo_example_5/ros2_control_demo_example_5/visibility_control.h
[0.235s] -- Up-to-date: /home/oh/slam_ws/install/ros2_control_demo_example_5/include/ros2_control_demo_example_5/ros2_control_demo_example_5/external_rrbot_force_torque_sensor.hpp
[0.236s] -- Up-to-date: /home/oh/slam_ws/install/ros2_control_demo_example_5/share/ros2_control_demo_example_5/launch
[0.236s] -- Up-to-date: /home/oh/slam_ws/install/ros2_control_demo_example_5/share/ros2_control_demo_example_5/launch/view_robot.launch.py
[0.236s] -- Up-to-date: /home/oh/slam_ws/install/ros2_control_demo_example_5/share/ros2_control_demo_example_5/ros2_control
[0.236s] -- Up-to-date: /home/oh/slam_ws/install/ros2_control_demo_example_5/share/ros2_control_demo_example_5/ros2_control/rrbot_system_position_only.ros2_control.xacro
[0.236s] -- Up-to-date: /home/oh/slam_ws/install/ros2_control_demo_example_5/share/ros2_control_demo_example_5/ros2_control/external_rrbot_force_torque_sensor.ros2_control.xacro
[0.236s] -- Up-to-date: /home/oh/slam_ws/install/ros2_control_demo_example_5/share/ros2_control_demo_example_5/urdf
[0.236s] -- Up-to-date: /home/oh/slam_ws/install/ros2_control_demo_example_5/share/ros2_control_demo_example_5/urdf/rrbot_system_with_external_sensor.urdf.xacro
[0.236s] -- Up-to-date: /home/oh/slam_ws/install/ros2_control_demo_example_5/share/ros2_control_demo_example_5/rviz
[0.236s] -- Up-to-date: /home/oh/slam_ws/install/ros2_control_demo_example_5/share/ros2_control_demo_example_5/rviz/rrbot.rviz
[0.237s] -- Up-to-date: /home/oh/slam_ws/install/ros2_control_demo_example_5/share/ros2_control_demo_example_5/launch
[0.237s] -- Up-to-date: /home/oh/slam_ws/install/ros2_control_demo_example_5/share/ros2_control_demo_example_5/launch/test_forward_position_controller.launch.py
[0.237s] -- Up-to-date: /home/oh/slam_ws/install/ros2_control_demo_example_5/share/ros2_control_demo_example_5/launch/rrbot_system_with_external_sensor.launch.py
[0.237s] -- Up-to-date: /home/oh/slam_ws/install/ros2_control_demo_example_5/share/ros2_control_demo_example_5/config
[0.237s] -- Up-to-date: /home/oh/slam_ws/install/ros2_control_demo_example_5/share/ros2_control_demo_example_5/config/rrbot_with_external_sensor_controllers.yaml
[0.238s] -- Up-to-date: /home/oh/slam_ws/install/ros2_control_demo_example_5/share/ros2_control_demo_example_5/config/rrbot_forward_position_publisher.yaml
[0.238s] -- Up-to-date: /home/oh/slam_ws/install/ros2_control_demo_example_5/lib/libros2_control_demo_example_5.so
[0.238s] -- Up-to-date: /home/oh/slam_ws/install/ros2_control_demo_example_5/share/ros2_control_demo_example_5/environment/library_path.sh
[0.238s] -- Up-to-date: /home/oh/slam_ws/install/ros2_control_demo_example_5/share/ros2_control_demo_example_5/environment/library_path.dsv
[0.238s] -- Up-to-date: /home/oh/slam_ws/install/ros2_control_demo_example_5/share/ament_index/resource_index/package_run_dependencies/ros2_control_demo_example_5
[0.238s] -- Up-to-date: /home/oh/slam_ws/install/ros2_control_demo_example_5/share/ament_index/resource_index/parent_prefix_path/ros2_control_demo_example_5
[0.238s] -- Up-to-date: /home/oh/slam_ws/install/ros2_control_demo_example_5/share/ros2_control_demo_example_5/environment/ament_prefix_path.sh
[0.239s] -- Up-to-date: /home/oh/slam_ws/install/ros2_control_demo_example_5/share/ros2_control_demo_example_5/environment/ament_prefix_path.dsv
[0.239s] -- Up-to-date: /home/oh/slam_ws/install/ros2_control_demo_example_5/share/ros2_control_demo_example_5/environment/path.sh
[0.239s] -- Up-to-date: /home/oh/slam_ws/install/ros2_control_demo_example_5/share/ros2_control_demo_example_5/environment/path.dsv
[0.239s] -- Up-to-date: /home/oh/slam_ws/install/ros2_control_demo_example_5/share/ros2_control_demo_example_5/local_setup.bash
[0.239s] -- Up-to-date: /home/oh/slam_ws/install/ros2_control_demo_example_5/share/ros2_control_demo_example_5/local_setup.sh
[0.239s] -- Up-to-date: /home/oh/slam_ws/install/ros2_control_demo_example_5/share/ros2_control_demo_example_5/local_setup.zsh
[0.239s] -- Up-to-date: /home/oh/slam_ws/install/ros2_control_demo_example_5/share/ros2_control_demo_example_5/local_setup.dsv
[0.239s] -- Installing: /home/oh/slam_ws/install/ros2_control_demo_example_5/share/ros2_control_demo_example_5/package.dsv
[0.239s] -- Up-to-date: /home/oh/slam_ws/install/ros2_control_demo_example_5/share/ament_index/resource_index/packages/ros2_control_demo_example_5
[0.239s] -- Up-to-date: /home/oh/slam_ws/install/ros2_control_demo_example_5/share/ament_index/resource_index/hardware_interface__pluginlib__plugin/ros2_control_demo_example_5
[0.241s] -- Up-to-date: /home/oh/slam_ws/install/ros2_control_demo_example_5/share/ros2_control_demo_example_5/cmake/export_ros2_control_demo_example_5Export.cmake
[0.242s] -- Up-to-date: /home/oh/slam_ws/install/ros2_control_demo_example_5/share/ros2_control_demo_example_5/cmake/export_ros2_control_demo_example_5Export-noconfig.cmake
[0.242s] -- Up-to-date: /home/oh/slam_ws/install/ros2_control_demo_example_5/share/ros2_control_demo_example_5/cmake/ament_cmake_export_targets-extras.cmake
[0.242s] -- Up-to-date: /home/oh/slam_ws/install/ros2_control_demo_example_5/share/ros2_control_demo_example_5/cmake/ament_cmake_export_dependencies-extras.cmake
[0.242s] -- Up-to-date: /home/oh/slam_ws/install/ros2_control_demo_example_5/share/ros2_control_demo_example_5/cmake/ros2_control_demo_example_5Config.cmake
[0.242s] -- Up-to-date: /home/oh/slam_ws/install/ros2_control_demo_example_5/share/ros2_control_demo_example_5/cmake/ros2_control_demo_example_5Config-version.cmake
[0.242s] -- Up-to-date: /home/oh/slam_ws/install/ros2_control_demo_example_5/share/ros2_control_demo_example_5/package.xml
[0.249s] Invoked command in '/home/oh/slam_ws/build/ros2_control_demo_example_5' returned '0': AMENT_PREFIX_PATH=/home/oh/slam_ws/install/ros2_control_demo_description:${AMENT_PREFIX_PATH} CMAKE_PREFIX_PATH=/home/oh/slam_ws/install/ros2_control_demo_description:/home/oh/nav2_ws/install/nav2_system_tests:/home/oh/nav2_ws/install/nav2_bringup:/home/oh/nav2_ws/install/navigation2:/home/oh/nav2_ws/install/nav2_smoother:/home/oh/nav2_ws/install/nav2_graceful_controller:/home/oh/nav2_ws/install/nav2_dwb_controller:/home/oh/nav2_ws/install/nav2_controller:/home/oh/nav2_ws/install/dwb_plugins:/home/oh/nav2_ws/install/dwb_critics:/home/oh/nav2_ws/install/dwb_core:/home/oh/nav2_ws/install/nav_2d_utils:/home/oh/nav2_ws/install/dwb_msgs:/home/oh/nav2_ws/install/nav_2d_msgs:/home/oh/nav2_ws/install/nav2_waypoint_follower:/home/oh/nav2_ws/install/nav2_theta_star_planner:/home/oh/nav2_ws/install/nav2_straightline_planner:/home/oh/nav2_ws/install/nav2_smac_planner:/home/oh/nav2_ws/install/nav2_rotation_shim_controller:/home/oh/nav2_ws/install/nav2_regulated_pure_pursuit_controller:/home/oh/nav2_ws/install/nav2_planner:/home/oh/nav2_ws/install/nav2_navfn_planner:/home/oh/nav2_ws/install/nav2_mppi_controller:/home/oh/nav2_ws/install/nav2_constrained_smoother:/home/oh/nav2_ws/install/nav2_bt_navigator:/home/oh/nav2_ws/install/nav2_behaviors:/home/oh/nav2_ws/install/nav2_core:/home/oh/nav2_ws/install/nav2_collision_monitor:/home/oh/nav2_ws/install/costmap_queue:/home/oh/nav2_ws/install/nav2_costmap_2d:/home/oh/nav2_ws/install/nav2_voxel_grid:/home/oh/nav2_ws/install/nav2_velocity_smoother:/home/oh/nav2_ws/install/nav2_rviz_plugins:/home/oh/nav2_ws/install/nav2_map_server:/home/oh/nav2_ws/install/nav2_lifecycle_manager:/home/oh/nav2_ws/install/nav2_behavior_tree:/home/oh/nav2_ws/install/nav2_amcl:/home/oh/nav2_ws/install/nav2_util:/home/oh/nav2_ws/install/nav2_msgs:/home/oh/nav2_ws/install/nav2_common:/home/oh/nav2_ws/install/nav2_simple_commander:/opt/ros/humble /usr/bin/cmake --install /home/oh/slam_ws/build/ros2_control_demo_example_5
