[0.019s] Invoking command in '/home/oh/slam_ws/build/ros2_control_demo_example_10': AMENT_PREFIX_PATH=/home/oh/slam_ws/install/ros2_control_demo_description:${AMENT_PREFIX_PATH} CMAKE_PREFIX_PATH=/home/oh/slam_ws/install/ros2_control_demo_description:/opt/ros/humble /usr/bin/cmake --build /home/oh/slam_ws/build/ros2_control_demo_example_10 -- -j8 -l8
[0.085s] [100%] Built target ros2_control_demo_example_10
[0.101s] Invoked command in '/home/oh/slam_ws/build/ros2_control_demo_example_10' returned '0': AMENT_PREFIX_PATH=/home/oh/slam_ws/install/ros2_control_demo_description:${AMENT_PREFIX_PATH} CMAKE_PREFIX_PATH=/home/oh/slam_ws/install/ros2_control_demo_description:/opt/ros/humble /usr/bin/cmake --build /home/oh/slam_ws/build/ros2_control_demo_example_10 -- -j8 -l8
[0.126s] Invoking command in '/home/oh/slam_ws/build/ros2_control_demo_example_10': AMENT_PREFIX_PATH=/home/oh/slam_ws/install/ros2_control_demo_description:${AMENT_PREFIX_PATH} CMAKE_PREFIX_PATH=/home/oh/slam_ws/install/ros2_control_demo_description:/opt/ros/humble /usr/bin/cmake --install /home/oh/slam_ws/build/ros2_control_demo_example_10
[0.132s] -- Install configuration: ""
[0.133s] -- Up-to-date: /home/oh/slam_ws/install/ros2_control_demo_example_10/share/ros2_control_demo_example_10/ros2_control_demo_example_10.xml
[0.133s] -- Up-to-date: /home/oh/slam_ws/install/ros2_control_demo_example_10/share/ros2_control_demo_example_10/ros2_control_demo_example_10.xml
[0.133s] -- Up-to-date: /home/oh/slam_ws/install/ros2_control_demo_example_10/include/ros2_control_demo_example_10
[0.133s] -- Up-to-date: /home/oh/slam_ws/install/ros2_control_demo_example_10/include/ros2_control_demo_example_10/ros2_control_demo_example_10
[0.133s] -- Up-to-date: /home/oh/slam_ws/install/ros2_control_demo_example_10/include/ros2_control_demo_example_10/ros2_control_demo_example_10/rrbot.hpp
[0.133s] -- Up-to-date: /home/oh/slam_ws/install/ros2_control_demo_example_10/include/ros2_control_demo_example_10/ros2_control_demo_example_10/visibility_control.h
[0.133s] -- Up-to-date: /home/oh/slam_ws/install/ros2_control_demo_example_10/include/ros2_control_demo_example_10
[0.133s] -- Up-to-date: /home/oh/slam_ws/install/ros2_control_demo_example_10/include/ros2_control_demo_example_10/ros2_control_demo_example_10
[0.133s] -- Up-to-date: /home/oh/slam_ws/install/ros2_control_demo_example_10/include/ros2_control_demo_example_10/ros2_control_demo_example_10/gpio_controller.hpp
[0.134s] -- Up-to-date: /home/oh/slam_ws/install/ros2_control_demo_example_10/share/ros2_control_demo_example_10/launch
[0.134s] -- Up-to-date: /home/oh/slam_ws/install/ros2_control_demo_example_10/share/ros2_control_demo_example_10/launch/view_robot.launch.py
[0.134s] -- Up-to-date: /home/oh/slam_ws/install/ros2_control_demo_example_10/share/ros2_control_demo_example_10/ros2_control
[0.134s] -- Up-to-date: /home/oh/slam_ws/install/ros2_control_demo_example_10/share/ros2_control_demo_example_10/ros2_control/rrbot.ros2_control.xacro
[0.134s] -- Up-to-date: /home/oh/slam_ws/install/ros2_control_demo_example_10/share/ros2_control_demo_example_10/urdf
[0.134s] -- Up-to-date: /home/oh/slam_ws/install/ros2_control_demo_example_10/share/ros2_control_demo_example_10/urdf/rrbot.urdf.xacro
[0.134s] -- Up-to-date: /home/oh/slam_ws/install/ros2_control_demo_example_10/share/ros2_control_demo_example_10/launch
[0.134s] -- Up-to-date: /home/oh/slam_ws/install/ros2_control_demo_example_10/share/ros2_control_demo_example_10/launch/rrbot.launch.py
[0.134s] -- Up-to-date: /home/oh/slam_ws/install/ros2_control_demo_example_10/share/ros2_control_demo_example_10/launch/test_forward_position_controller.launch.py
[0.134s] -- Up-to-date: /home/oh/slam_ws/install/ros2_control_demo_example_10/share/ros2_control_demo_example_10/config
[0.134s] -- Up-to-date: /home/oh/slam_ws/install/ros2_control_demo_example_10/share/ros2_control_demo_example_10/config/rrbot_controllers.yaml
[0.134s] -- Up-to-date: /home/oh/slam_ws/install/ros2_control_demo_example_10/share/ros2_control_demo_example_10/config/rrbot_forward_position_publisher.yaml
[0.135s] -- Up-to-date: /home/oh/slam_ws/install/ros2_control_demo_example_10/lib/libros2_control_demo_example_10.so
[0.135s] -- Up-to-date: /home/oh/slam_ws/install/ros2_control_demo_example_10/share/ros2_control_demo_example_10/environment/library_path.sh
[0.135s] -- Up-to-date: /home/oh/slam_ws/install/ros2_control_demo_example_10/share/ros2_control_demo_example_10/environment/library_path.dsv
[0.135s] -- Up-to-date: /home/oh/slam_ws/install/ros2_control_demo_example_10/share/ament_index/resource_index/package_run_dependencies/ros2_control_demo_example_10
[0.135s] -- Up-to-date: /home/oh/slam_ws/install/ros2_control_demo_example_10/share/ament_index/resource_index/parent_prefix_path/ros2_control_demo_example_10
[0.135s] -- Up-to-date: /home/oh/slam_ws/install/ros2_control_demo_example_10/share/ros2_control_demo_example_10/environment/ament_prefix_path.sh
[0.135s] -- Up-to-date: /home/oh/slam_ws/install/ros2_control_demo_example_10/share/ros2_control_demo_example_10/environment/ament_prefix_path.dsv
[0.135s] -- Up-to-date: /home/oh/slam_ws/install/ros2_control_demo_example_10/share/ros2_control_demo_example_10/environment/path.sh
[0.135s] -- Up-to-date: /home/oh/slam_ws/install/ros2_control_demo_example_10/share/ros2_control_demo_example_10/environment/path.dsv
[0.135s] -- Up-to-date: /home/oh/slam_ws/install/ros2_control_demo_example_10/share/ros2_control_demo_example_10/local_setup.bash
[0.135s] -- Up-to-date: /home/oh/slam_ws/install/ros2_control_demo_example_10/share/ros2_control_demo_example_10/local_setup.sh
[0.135s] -- Up-to-date: /home/oh/slam_ws/install/ros2_control_demo_example_10/share/ros2_control_demo_example_10/local_setup.zsh
[0.135s] -- Up-to-date: /home/oh/slam_ws/install/ros2_control_demo_example_10/share/ros2_control_demo_example_10/local_setup.dsv
[0.136s] -- Installing: /home/oh/slam_ws/install/ros2_control_demo_example_10/share/ros2_control_demo_example_10/package.dsv
[0.136s] -- Up-to-date: /home/oh/slam_ws/install/ros2_control_demo_example_10/share/ament_index/resource_index/packages/ros2_control_demo_example_10
[0.136s] -- Up-to-date: /home/oh/slam_ws/install/ros2_control_demo_example_10/share/ament_index/resource_index/hardware_interface__pluginlib__plugin/ros2_control_demo_example_10
[0.136s] -- Up-to-date: /home/oh/slam_ws/install/ros2_control_demo_example_10/share/ament_index/resource_index/controller_interface__pluginlib__plugin/ros2_control_demo_example_10
[0.136s] -- Up-to-date: /home/oh/slam_ws/install/ros2_control_demo_example_10/share/ros2_control_demo_example_10/cmake/export_ros2_control_demo_example_10Export.cmake
[0.136s] -- Up-to-date: /home/oh/slam_ws/install/ros2_control_demo_example_10/share/ros2_control_demo_example_10/cmake/export_ros2_control_demo_example_10Export-noconfig.cmake
[0.136s] -- Up-to-date: /home/oh/slam_ws/install/ros2_control_demo_example_10/share/ros2_control_demo_example_10/cmake/ament_cmake_export_targets-extras.cmake
[0.136s] -- Up-to-date: /home/oh/slam_ws/install/ros2_control_demo_example_10/share/ros2_control_demo_example_10/cmake/ament_cmake_export_dependencies-extras.cmake
[0.145s] -- Up-to-date: /home/oh/slam_ws/install/ros2_control_demo_example_10/share/ros2_control_demo_example_10/cmake/ros2_control_demo_example_10Config.cmake
[0.146s] -- Up-to-date: /home/oh/slam_ws/install/ros2_control_demo_example_10/share/ros2_control_demo_example_10/cmake/ros2_control_demo_example_10Config-version.cmake
[0.146s] -- Up-to-date: /home/oh/slam_ws/install/ros2_control_demo_example_10/share/ros2_control_demo_example_10/package.xml
[0.146s] Invoked command in '/home/oh/slam_ws/build/ros2_control_demo_example_10' returned '0': AMENT_PREFIX_PATH=/home/oh/slam_ws/install/ros2_control_demo_description:${AMENT_PREFIX_PATH} CMAKE_PREFIX_PATH=/home/oh/slam_ws/install/ros2_control_demo_description:/opt/ros/humble /usr/bin/cmake --install /home/oh/slam_ws/build/ros2_control_demo_example_10
