[0.044s] Invoking command in '/home/oh/slam_ws/build/ros2_control_demo_example_2': AMENT_PREFIX_PATH=/home/oh/slam_ws/install/ros2_control_demo_description:${AMENT_PREFIX_PATH} CMAKE_PREFIX_PATH=/home/oh/slam_ws/install/ros2_control_demo_description:/opt/ros/humble /usr/bin/cmake /home/oh/slam_ws/src/ros2_control_demos/example_2 -DCMAKE_INSTALL_PREFIX=/home/oh/slam_ws/install/ros2_control_demo_example_2
[3.159s] -- The CXX compiler identification is GNU 11.4.0
[3.159s] -- Detecting CXX compiler ABI info
[3.159s] -- Detecting CXX compiler ABI info - done
[3.159s] -- Check for working CXX compiler: /usr/bin/c++ - skipped
[3.160s] -- Detecting CXX compile features
[3.160s] -- Detecting CXX compile features - done
[3.160s] -- Found ament_cmake: 1.3.8 (/opt/ros/humble/share/ament_cmake/cmake)
[3.160s] -- Found Python3: /usr/bin/python3 (found version "3.10.12") found components: Interpreter 
[3.160s] -- Found hardware_interface: 2.40.0 (/opt/ros/humble/share/hardware_interface/cmake)
[3.160s] -- Found rosidl_generator_c: 3.1.5 (/opt/ros/humble/share/rosidl_generator_c/cmake)
[3.160s] -- Found rosidl_adapter: 3.1.5 (/opt/ros/humble/share/rosidl_adapter/cmake)
[3.160s] -- Found rosidl_generator_cpp: 3.1.5 (/opt/ros/humble/share/rosidl_generator_cpp/cmake)
[3.160s] -- Using all available rosidl_typesupport_c: rosidl_typesupport_fastrtps_c;rosidl_typesupport_introspection_c
[3.160s] -- Using all available rosidl_typesupport_cpp: rosidl_typesupport_fastrtps_cpp;rosidl_typesupport_introspection_cpp
[3.160s] -- Found rmw_implementation_cmake: 6.1.1 (/opt/ros/humble/share/rmw_implementation_cmake/cmake)
[3.160s] -- Found rmw_fastrtps_cpp: 6.2.6 (/opt/ros/humble/share/rmw_fastrtps_cpp/cmake)
[3.160s] -- Found TinyXML2 via Config file: TinyXML2_DIR-NOTFOUND
[3.160s] -- Found OpenSSL: /usr/lib/x86_64-linux-gnu/libcrypto.so (found version "3.0.2")  
[3.161s] -- Found TinyXML2 via Config file: TinyXML2_DIR-NOTFOUND
[3.161s] -- Found FastRTPS: /opt/ros/humble/include  
[3.161s] -- Found TinyXML2 via Config file: TinyXML2_DIR-NOTFOUND
[3.161s] -- Found TinyXML2 via Config file: TinyXML2_DIR-NOTFOUND
[3.161s] -- Using RMW implementation 'rmw_fastrtps_cpp' as default
[3.167s] -- Looking for C++ include pthread.h
[3.609s] -- Looking for C++ include pthread.h - found
[3.610s] -- Performing Test CMAKE_HAVE_LIBC_PTHREAD
[3.878s] -- Performing Test CMAKE_HAVE_LIBC_PTHREAD - Success
[3.879s] -- Found Threads: TRUE  
[4.486s] -- Found ament_cmake_pytest: 1.3.8 (/opt/ros/humble/share/ament_cmake_pytest/cmake)
[5.706s] -- Configuring done
[5.733s] -- Generating done
[5.736s] -- Build files have been written to: /home/oh/slam_ws/build/ros2_control_demo_example_2
[5.751s] Invoked command in '/home/oh/slam_ws/build/ros2_control_demo_example_2' returned '0': AMENT_PREFIX_PATH=/home/oh/slam_ws/install/ros2_control_demo_description:${AMENT_PREFIX_PATH} CMAKE_PREFIX_PATH=/home/oh/slam_ws/install/ros2_control_demo_description:/opt/ros/humble /usr/bin/cmake /home/oh/slam_ws/src/ros2_control_demos/example_2 -DCMAKE_INSTALL_PREFIX=/home/oh/slam_ws/install/ros2_control_demo_example_2
[5.751s] Invoking command in '/home/oh/slam_ws/build/ros2_control_demo_example_2': AMENT_PREFIX_PATH=/home/oh/slam_ws/install/ros2_control_demo_description:${AMENT_PREFIX_PATH} CMAKE_PREFIX_PATH=/home/oh/slam_ws/install/ros2_control_demo_description:/opt/ros/humble /usr/bin/cmake --build /home/oh/slam_ws/build/ros2_control_demo_example_2 -- -j8 -l8
[7.745s] [ 50%] [32mBuilding CXX object CMakeFiles/ros2_control_demo_example_2.dir/hardware/diffbot_system.cpp.o[0m
[10.918s] [100%] [32m[1mLinking CXX shared library libros2_control_demo_example_2.so[0m
[11.228s] [100%] Built target ros2_control_demo_example_2
[11.242s] Invoked command in '/home/oh/slam_ws/build/ros2_control_demo_example_2' returned '0': AMENT_PREFIX_PATH=/home/oh/slam_ws/install/ros2_control_demo_description:${AMENT_PREFIX_PATH} CMAKE_PREFIX_PATH=/home/oh/slam_ws/install/ros2_control_demo_description:/opt/ros/humble /usr/bin/cmake --build /home/oh/slam_ws/build/ros2_control_demo_example_2 -- -j8 -l8
[11.317s] Invoking command in '/home/oh/slam_ws/build/ros2_control_demo_example_2': AMENT_PREFIX_PATH=/home/oh/slam_ws/install/ros2_control_demo_description:${AMENT_PREFIX_PATH} CMAKE_PREFIX_PATH=/home/oh/slam_ws/install/ros2_control_demo_description:/opt/ros/humble /usr/bin/cmake --install /home/oh/slam_ws/build/ros2_control_demo_example_2
[11.841s] -- Install configuration: ""
[11.842s] -- Installing: /home/oh/slam_ws/install/ros2_control_demo_example_2/share/ros2_control_demo_example_2/ros2_control_demo_example_2.xml
[11.842s] -- Installing: /home/oh/slam_ws/install/ros2_control_demo_example_2/include/ros2_control_demo_example_2
[11.842s] -- Installing: /home/oh/slam_ws/install/ros2_control_demo_example_2/include/ros2_control_demo_example_2/ros2_control_demo_example_2
[11.842s] -- Installing: /home/oh/slam_ws/install/ros2_control_demo_example_2/include/ros2_control_demo_example_2/ros2_control_demo_example_2/diffbot_system.hpp
[11.842s] -- Installing: /home/oh/slam_ws/install/ros2_control_demo_example_2/include/ros2_control_demo_example_2/ros2_control_demo_example_2/visibility_control.h
[11.843s] -- Installing: /home/oh/slam_ws/install/ros2_control_demo_example_2/share/ros2_control_demo_example_2/launch
[11.843s] -- Installing: /home/oh/slam_ws/install/ros2_control_demo_example_2/share/ros2_control_demo_example_2/launch/view_robot.launch.py
[11.843s] -- Installing: /home/oh/slam_ws/install/ros2_control_demo_example_2/share/ros2_control_demo_example_2/ros2_control
[11.843s] -- Installing: /home/oh/slam_ws/install/ros2_control_demo_example_2/share/ros2_control_demo_example_2/ros2_control/diffbot.ros2_control.xacro
[11.843s] -- Installing: /home/oh/slam_ws/install/ros2_control_demo_example_2/share/ros2_control_demo_example_2/urdf
[11.843s] -- Installing: /home/oh/slam_ws/install/ros2_control_demo_example_2/share/ros2_control_demo_example_2/urdf/diffbot.urdf.xacro
[11.843s] -- Up-to-date: /home/oh/slam_ws/install/ros2_control_demo_example_2/share/ros2_control_demo_example_2/launch
[11.843s] -- Installing: /home/oh/slam_ws/install/ros2_control_demo_example_2/share/ros2_control_demo_example_2/launch/diffbot.launch.py
[11.843s] -- Installing: /home/oh/slam_ws/install/ros2_control_demo_example_2/share/ros2_control_demo_example_2/config
[11.843s] -- Installing: /home/oh/slam_ws/install/ros2_control_demo_example_2/share/ros2_control_demo_example_2/config/diffbot_controllers.yaml
[11.844s] -- Installing: /home/oh/slam_ws/install/ros2_control_demo_example_2/lib/libros2_control_demo_example_2.so
[11.844s] -- Set runtime path of "/home/oh/slam_ws/install/ros2_control_demo_example_2/lib/libros2_control_demo_example_2.so" to ""
[11.844s] -- Installing: /home/oh/slam_ws/install/ros2_control_demo_example_2/share/ros2_control_demo_example_2/environment/library_path.sh
[11.844s] -- Installing: /home/oh/slam_ws/install/ros2_control_demo_example_2/share/ros2_control_demo_example_2/environment/library_path.dsv
[11.844s] -- Installing: /home/oh/slam_ws/install/ros2_control_demo_example_2/share/ament_index/resource_index/package_run_dependencies/ros2_control_demo_example_2
[11.844s] -- Installing: /home/oh/slam_ws/install/ros2_control_demo_example_2/share/ament_index/resource_index/parent_prefix_path/ros2_control_demo_example_2
[11.844s] -- Installing: /home/oh/slam_ws/install/ros2_control_demo_example_2/share/ros2_control_demo_example_2/environment/ament_prefix_path.sh
[11.844s] -- Installing: /home/oh/slam_ws/install/ros2_control_demo_example_2/share/ros2_control_demo_example_2/environment/ament_prefix_path.dsv
[11.844s] -- Installing: /home/oh/slam_ws/install/ros2_control_demo_example_2/share/ros2_control_demo_example_2/environment/path.sh
[11.844s] -- Installing: /home/oh/slam_ws/install/ros2_control_demo_example_2/share/ros2_control_demo_example_2/environment/path.dsv
[11.844s] -- Installing: /home/oh/slam_ws/install/ros2_control_demo_example_2/share/ros2_control_demo_example_2/local_setup.bash
[11.844s] -- Installing: /home/oh/slam_ws/install/ros2_control_demo_example_2/share/ros2_control_demo_example_2/local_setup.sh
[11.844s] -- Installing: /home/oh/slam_ws/install/ros2_control_demo_example_2/share/ros2_control_demo_example_2/local_setup.zsh
[11.845s] -- Installing: /home/oh/slam_ws/install/ros2_control_demo_example_2/share/ros2_control_demo_example_2/local_setup.dsv
[11.845s] -- Installing: /home/oh/slam_ws/install/ros2_control_demo_example_2/share/ros2_control_demo_example_2/package.dsv
[11.845s] -- Installing: /home/oh/slam_ws/install/ros2_control_demo_example_2/share/ament_index/resource_index/packages/ros2_control_demo_example_2
[11.845s] -- Installing: /home/oh/slam_ws/install/ros2_control_demo_example_2/share/ament_index/resource_index/hardware_interface__pluginlib__plugin/ros2_control_demo_example_2
[11.845s] -- Installing: /home/oh/slam_ws/install/ros2_control_demo_example_2/share/ros2_control_demo_example_2/cmake/export_ros2_control_demo_example_2Export.cmake
[11.845s] -- Installing: /home/oh/slam_ws/install/ros2_control_demo_example_2/share/ros2_control_demo_example_2/cmake/export_ros2_control_demo_example_2Export-noconfig.cmake
[11.845s] -- Installing: /home/oh/slam_ws/install/ros2_control_demo_example_2/share/ros2_control_demo_example_2/cmake/ament_cmake_export_targets-extras.cmake
[11.845s] -- Installing: /home/oh/slam_ws/install/ros2_control_demo_example_2/share/ros2_control_demo_example_2/cmake/ament_cmake_export_dependencies-extras.cmake
[11.846s] -- Installing: /home/oh/slam_ws/install/ros2_control_demo_example_2/share/ros2_control_demo_example_2/cmake/ros2_control_demo_example_2Config.cmake
[11.846s] -- Installing: /home/oh/slam_ws/install/ros2_control_demo_example_2/share/ros2_control_demo_example_2/cmake/ros2_control_demo_example_2Config-version.cmake
[11.846s] -- Installing: /home/oh/slam_ws/install/ros2_control_demo_example_2/share/ros2_control_demo_example_2/package.xml
[11.847s] Invoked command in '/home/oh/slam_ws/build/ros2_control_demo_example_2' returned '0': AMENT_PREFIX_PATH=/home/oh/slam_ws/install/ros2_control_demo_description:${AMENT_PREFIX_PATH} CMAKE_PREFIX_PATH=/home/oh/slam_ws/install/ros2_control_demo_description:/opt/ros/humble /usr/bin/cmake --install /home/oh/slam_ws/build/ros2_control_demo_example_2
