[0.101s] Invoking command in '/home/oh/slam_ws/build/tb3_autonomy': CMAKE_PREFIX_PATH=${CMAKE_PREFIX_PATH}:/home/oh/slam_ws/install/ros2_aruco:/home/oh/slam_ws/install/my_tf_package:/home/oh/slam_ws/install/my_tf2_package:/home/oh/slam_ws/install/my_docking:/home/oh/slam_ws/install/my_aruco_to_goal_pose_pkg:/home/oh/slam_ws/install/escape_from_cart:/opt/ros/humble /usr/bin/cmake /home/oh/slam_ws/src/tb3_autonomy -DCMAKE_INSTALL_PREFIX=/home/oh/slam_ws/install/tb3_autonomy
[0.674s] -- The C compiler identification is GNU 11.4.0
[1.131s] -- The CXX compiler identification is GNU 11.4.0
[1.180s] -- Detecting C compiler ABI info
[1.903s] -- Detecting C compiler ABI info - done
[1.977s] -- Check for working C compiler: /usr/bin/cc - skipped
[1.993s] -- Detecting C compile features
[1.994s] -- Detecting C compile features - done
[2.023s] -- Detecting CXX compiler ABI info
[2.777s] -- Detecting CXX compiler ABI info - done
[2.847s] -- Check for working CXX compiler: /usr/bin/c++ - skipped
[2.848s] -- Detecting CXX compile features
[2.848s] -- Detecting CXX compile features - done
[2.899s] -- Found ament_cmake: 1.3.8 (/opt/ros/humble/share/ament_cmake/cmake)
[4.113s] -- Found Python3: /usr/bin/python3 (found version "3.10.12") found components: Interpreter 
[4.703s] -- Found rclcpp: 16.0.8 (/opt/ros/humble/share/rclcpp/cmake)
[4.965s] -- Found rosidl_generator_c: 3.1.5 (/opt/ros/humble/share/rosidl_generator_c/cmake)
[4.999s] -- Found rosidl_adapter: 3.1.5 (/opt/ros/humble/share/rosidl_adapter/cmake)
[5.046s] -- Found rosidl_generator_cpp: 3.1.5 (/opt/ros/humble/share/rosidl_generator_cpp/cmake)
[5.118s] -- Using all available rosidl_typesupport_c: rosidl_typesupport_fastrtps_c;rosidl_typesupport_introspection_c
[5.224s] -- Using all available rosidl_typesupport_cpp: rosidl_typesupport_fastrtps_cpp;rosidl_typesupport_introspection_cpp
[5.587s] -- Found rmw_implementation_cmake: 6.1.1 (/opt/ros/humble/share/rmw_implementation_cmake/cmake)
[5.610s] -- Found rmw_fastrtps_cpp: 6.2.6 (/opt/ros/humble/share/rmw_fastrtps_cpp/cmake)
[6.384s] -- Found OpenSSL: /usr/lib/x86_64-linux-gnu/libcrypto.so (found version "3.0.2")  
[6.554s] -- Found FastRTPS: /opt/ros/humble/include  
[6.933s] -- Using RMW implementation 'rmw_fastrtps_cpp' as default
[7.138s] -- Looking for pthread.h
[7.816s] -- Looking for pthread.h - found
[7.827s] -- Performing Test CMAKE_HAVE_LIBC_PTHREAD
[8.576s] -- Performing Test CMAKE_HAVE_LIBC_PTHREAD - Success
[8.580s] -- Found Threads: TRUE  
[10.224s] -- Found rclcpp_action: 16.0.8 (/opt/ros/humble/share/rclcpp_action/cmake)
[10.754s] -- Found nav2_msgs: 1.1.13 (/opt/ros/humble/share/nav2_msgs/cmake)
[13.218s] -- Found tf2: 0.25.6 (/opt/ros/humble/share/tf2/cmake)
[13.337s] -- Found tf2_geometry_msgs: 0.25.6 (/opt/ros/humble/share/tf2_geometry_msgs/cmake)
[13.446s] -- Found eigen3_cmake_module: 0.1.1 (/opt/ros/humble/share/eigen3_cmake_module/cmake)
[13.451s] -- Found Eigen3: TRUE (found version "3.4.0") 
[13.451s] -- Ensuring Eigen3 include directory is part of orocos-kdl CMake target
[14.554s] -- Found ament_lint_auto: 0.12.10 (/opt/ros/humble/share/ament_lint_auto/cmake)
[14.926s] -- Added test 'copyright' to check source files copyright and LICENSE
[14.932s] -- Added test 'cppcheck' to perform static code analysis on C / C++ code
[14.932s] -- Configured cppcheck include dirs: /home/oh/slam_ws/src/tb3_autonomy/include
[14.933s] -- Configured cppcheck exclude dirs and/or files: 
[14.938s] -- Added test 'cpplint' to check C / C++ code against the Google style
[14.938s] -- Configured cpplint exclude dirs and/or files: 
[14.941s] -- Added test 'flake8' to check Python code syntax and style conventions
[14.946s] -- Added test 'lint_cmake' to check CMake code style
[14.949s] -- Added test 'pep257' to check Python code against some of the docstring style conventions in PEP 257
[14.954s] -- Added test 'uncrustify' to check C / C++ code style
[14.954s] -- Configured uncrustify additional arguments: 
[14.958s] -- Added test 'xmllint' to check XML markup files
[14.965s] -- Configuring done
[15.005s] -- Generating done
[15.011s] -- Build files have been written to: /home/oh/slam_ws/build/tb3_autonomy
