[0.024s] Invoking command in '/home/oh/slam_ws/build/ros2_control_demo_example_11': AMENT_PREFIX_PATH=/home/oh/slam_ws/install/ros2_control_demo_description:${AMENT_PREFIX_PATH} CMAKE_PREFIX_PATH=/home/oh/slam_ws/install/ros2_control_demo_description:/opt/ros/humble /usr/bin/cmake /home/oh/slam_ws/src/ros2_control_demos/example_11 -DCMAKE_INSTALL_PREFIX=/home/oh/slam_ws/install/ros2_control_demo_example_11
[0.289s] -- The CXX compiler identification is GNU 11.4.0
[0.289s] -- Detecting CXX compiler ABI info
[0.289s] -- Detecting CXX compiler ABI info - done
[0.289s] -- Check for working CXX compiler: /usr/bin/c++ - skipped
[0.289s] -- Detecting CXX compile features
[0.289s] -- Detecting CXX compile features - done
[0.289s] -- Found ament_cmake: 1.3.8 (/opt/ros/humble/share/ament_cmake/cmake)
[0.355s] -- Found Python3: /usr/bin/python3 (found version "3.10.12") found components: Interpreter 
[0.439s] -- Found hardware_interface: 2.40.0 (/opt/ros/humble/share/hardware_interface/cmake)
[0.478s] -- Found rosidl_generator_c: 3.1.5 (/opt/ros/humble/share/rosidl_generator_c/cmake)
[0.482s] -- Found rosidl_adapter: 3.1.5 (/opt/ros/humble/share/rosidl_adapter/cmake)
[0.489s] -- Found rosidl_generator_cpp: 3.1.5 (/opt/ros/humble/share/rosidl_generator_cpp/cmake)
[0.499s] -- Using all available rosidl_typesupport_c: rosidl_typesupport_fastrtps_c;rosidl_typesupport_introspection_c
[0.514s] -- Using all available rosidl_typesupport_cpp: rosidl_typesupport_fastrtps_cpp;rosidl_typesupport_introspection_cpp
[1.245s] -- Found rmw_implementation_cmake: 6.1.1 (/opt/ros/humble/share/rmw_implementation_cmake/cmake)
[1.249s] -- Found rmw_fastrtps_cpp: 6.2.6 (/opt/ros/humble/share/rmw_fastrtps_cpp/cmake)
[1.299s] -- Found TinyXML2 via Config file: TinyXML2_DIR-NOTFOUND
[1.481s] -- Found OpenSSL: /usr/lib/x86_64-linux-gnu/libcrypto.so (found version "3.0.2")  
[1.484s] -- Found TinyXML2 via Config file: TinyXML2_DIR-NOTFOUND
[1.502s] -- Found FastRTPS: /opt/ros/humble/include  
[1.515s] -- Found TinyXML2 via Config file: TinyXML2_DIR-NOTFOUND
[1.524s] -- Found TinyXML2 via Config file: TinyXML2_DIR-NOTFOUND
[1.558s] -- Using RMW implementation 'rmw_fastrtps_cpp' as default
[1.579s] -- Looking for C++ include pthread.h
[1.723s] -- Looking for C++ include pthread.h - found
[1.723s] -- Performing Test CMAKE_HAVE_LIBC_PTHREAD
[1.968s] -- Performing Test CMAKE_HAVE_LIBC_PTHREAD - Success
[1.969s] -- Found Threads: TRUE  
[2.399s] -- Found ament_cmake_pytest: 1.3.8 (/opt/ros/humble/share/ament_cmake_pytest/cmake)
[4.176s] -- Configuring done
[4.216s] -- Generating done
[4.218s] -- Build files have been written to: /home/oh/slam_ws/build/ros2_control_demo_example_11
[4.252s] Invoked command in '/home/oh/slam_ws/build/ros2_control_demo_example_11' returned '0': AMENT_PREFIX_PATH=/home/oh/slam_ws/install/ros2_control_demo_description:${AMENT_PREFIX_PATH} CMAKE_PREFIX_PATH=/home/oh/slam_ws/install/ros2_control_demo_description:/opt/ros/humble /usr/bin/cmake /home/oh/slam_ws/src/ros2_control_demos/example_11 -DCMAKE_INSTALL_PREFIX=/home/oh/slam_ws/install/ros2_control_demo_example_11
[4.252s] Invoking command in '/home/oh/slam_ws/build/ros2_control_demo_example_11': AMENT_PREFIX_PATH=/home/oh/slam_ws/install/ros2_control_demo_description:${AMENT_PREFIX_PATH} CMAKE_PREFIX_PATH=/home/oh/slam_ws/install/ros2_control_demo_description:/opt/ros/humble /usr/bin/cmake --build /home/oh/slam_ws/build/ros2_control_demo_example_11 -- -j8 -l8
[6.840s] [ 50%] [32mBuilding CXX object CMakeFiles/ros2_control_demo_example_11.dir/hardware/carlikebot_system.cpp.o[0m
[10.120s] [100%] [32m[1mLinking CXX shared library libros2_control_demo_example_11.so[0m
[10.314s] [100%] Built target ros2_control_demo_example_11
[10.327s] Invoked command in '/home/oh/slam_ws/build/ros2_control_demo_example_11' returned '0': AMENT_PREFIX_PATH=/home/oh/slam_ws/install/ros2_control_demo_description:${AMENT_PREFIX_PATH} CMAKE_PREFIX_PATH=/home/oh/slam_ws/install/ros2_control_demo_description:/opt/ros/humble /usr/bin/cmake --build /home/oh/slam_ws/build/ros2_control_demo_example_11 -- -j8 -l8
[10.379s] Invoking command in '/home/oh/slam_ws/build/ros2_control_demo_example_11': AMENT_PREFIX_PATH=/home/oh/slam_ws/install/ros2_control_demo_description:${AMENT_PREFIX_PATH} CMAKE_PREFIX_PATH=/home/oh/slam_ws/install/ros2_control_demo_description:/opt/ros/humble /usr/bin/cmake --install /home/oh/slam_ws/build/ros2_control_demo_example_11
[10.420s] -- Install configuration: ""
[10.420s] -- Installing: /home/oh/slam_ws/install/ros2_control_demo_example_11/share/ros2_control_demo_example_11/ros2_control_demo_example_11.xml
[10.420s] -- Installing: /home/oh/slam_ws/install/ros2_control_demo_example_11/include/ros2_control_demo_example_11
[10.420s] -- Installing: /home/oh/slam_ws/install/ros2_control_demo_example_11/include/ros2_control_demo_example_11/ros2_control_demo_example_11
[10.421s] -- Installing: /home/oh/slam_ws/install/ros2_control_demo_example_11/include/ros2_control_demo_example_11/ros2_control_demo_example_11/carlikebot_system.hpp
[10.421s] -- Installing: /home/oh/slam_ws/install/ros2_control_demo_example_11/include/ros2_control_demo_example_11/ros2_control_demo_example_11/visibility_control.h
[10.421s] -- Installing: /home/oh/slam_ws/install/ros2_control_demo_example_11/share/ros2_control_demo_example_11/launch
[10.421s] -- Installing: /home/oh/slam_ws/install/ros2_control_demo_example_11/share/ros2_control_demo_example_11/launch/view_robot.launch.py
[10.421s] -- Installing: /home/oh/slam_ws/install/ros2_control_demo_example_11/share/ros2_control_demo_example_11/ros2_control
[10.421s] -- Installing: /home/oh/slam_ws/install/ros2_control_demo_example_11/share/ros2_control_demo_example_11/ros2_control/carlikebot.ros2_control.xacro
[10.421s] -- Installing: /home/oh/slam_ws/install/ros2_control_demo_example_11/share/ros2_control_demo_example_11/urdf
[10.421s] -- Installing: /home/oh/slam_ws/install/ros2_control_demo_example_11/share/ros2_control_demo_example_11/urdf/carlikebot.urdf.xacro
[10.421s] -- Up-to-date: /home/oh/slam_ws/install/ros2_control_demo_example_11/share/ros2_control_demo_example_11/launch
[10.421s] -- Installing: /home/oh/slam_ws/install/ros2_control_demo_example_11/share/ros2_control_demo_example_11/launch/carlikebot.launch.py
[10.421s] -- Installing: /home/oh/slam_ws/install/ros2_control_demo_example_11/share/ros2_control_demo_example_11/config
[10.421s] -- Installing: /home/oh/slam_ws/install/ros2_control_demo_example_11/share/ros2_control_demo_example_11/config/carlikebot_controllers.yaml
[10.421s] -- Installing: /home/oh/slam_ws/install/ros2_control_demo_example_11/lib/libros2_control_demo_example_11.so
[10.421s] -- Set runtime path of "/home/oh/slam_ws/install/ros2_control_demo_example_11/lib/libros2_control_demo_example_11.so" to ""
[10.421s] -- Installing: /home/oh/slam_ws/install/ros2_control_demo_example_11/share/ros2_control_demo_example_11/environment/library_path.sh
[10.422s] -- Installing: /home/oh/slam_ws/install/ros2_control_demo_example_11/share/ros2_control_demo_example_11/environment/library_path.dsv
[10.422s] -- Installing: /home/oh/slam_ws/install/ros2_control_demo_example_11/share/ament_index/resource_index/package_run_dependencies/ros2_control_demo_example_11
[10.422s] -- Installing: /home/oh/slam_ws/install/ros2_control_demo_example_11/share/ament_index/resource_index/parent_prefix_path/ros2_control_demo_example_11
[10.422s] -- Installing: /home/oh/slam_ws/install/ros2_control_demo_example_11/share/ros2_control_demo_example_11/environment/ament_prefix_path.sh
[10.422s] -- Installing: /home/oh/slam_ws/install/ros2_control_demo_example_11/share/ros2_control_demo_example_11/environment/ament_prefix_path.dsv
[10.422s] -- Installing: /home/oh/slam_ws/install/ros2_control_demo_example_11/share/ros2_control_demo_example_11/environment/path.sh
[10.422s] -- Installing: /home/oh/slam_ws/install/ros2_control_demo_example_11/share/ros2_control_demo_example_11/environment/path.dsv
[10.422s] -- Installing: /home/oh/slam_ws/install/ros2_control_demo_example_11/share/ros2_control_demo_example_11/local_setup.bash
[10.422s] -- Installing: /home/oh/slam_ws/install/ros2_control_demo_example_11/share/ros2_control_demo_example_11/local_setup.sh
[10.422s] -- Installing: /home/oh/slam_ws/install/ros2_control_demo_example_11/share/ros2_control_demo_example_11/local_setup.zsh
[10.422s] -- Installing: /home/oh/slam_ws/install/ros2_control_demo_example_11/share/ros2_control_demo_example_11/local_setup.dsv
[10.422s] -- Installing: /home/oh/slam_ws/install/ros2_control_demo_example_11/share/ros2_control_demo_example_11/package.dsv
[10.422s] -- Installing: /home/oh/slam_ws/install/ros2_control_demo_example_11/share/ament_index/resource_index/packages/ros2_control_demo_example_11
[10.422s] -- Installing: /home/oh/slam_ws/install/ros2_control_demo_example_11/share/ament_index/resource_index/hardware_interface__pluginlib__plugin/ros2_control_demo_example_11
[10.422s] -- Installing: /home/oh/slam_ws/install/ros2_control_demo_example_11/share/ros2_control_demo_example_11/cmake/export_ros2_control_demo_example_11Export.cmake
[10.423s] -- Installing: /home/oh/slam_ws/install/ros2_control_demo_example_11/share/ros2_control_demo_example_11/cmake/export_ros2_control_demo_example_11Export-noconfig.cmake
[10.423s] -- Installing: /home/oh/slam_ws/install/ros2_control_demo_example_11/share/ros2_control_demo_example_11/cmake/ament_cmake_export_targets-extras.cmake
[10.423s] -- Installing: /home/oh/slam_ws/install/ros2_control_demo_example_11/share/ros2_control_demo_example_11/cmake/ament_cmake_export_dependencies-extras.cmake
[10.423s] -- Installing: /home/oh/slam_ws/install/ros2_control_demo_example_11/share/ros2_control_demo_example_11/cmake/ros2_control_demo_example_11Config.cmake
[10.423s] -- Installing: /home/oh/slam_ws/install/ros2_control_demo_example_11/share/ros2_control_demo_example_11/cmake/ros2_control_demo_example_11Config-version.cmake
[10.423s] -- Installing: /home/oh/slam_ws/install/ros2_control_demo_example_11/share/ros2_control_demo_example_11/package.xml
[10.427s] Invoked command in '/home/oh/slam_ws/build/ros2_control_demo_example_11' returned '0': AMENT_PREFIX_PATH=/home/oh/slam_ws/install/ros2_control_demo_description:${AMENT_PREFIX_PATH} CMAKE_PREFIX_PATH=/home/oh/slam_ws/install/ros2_control_demo_description:/opt/ros/humble /usr/bin/cmake --install /home/oh/slam_ws/build/ros2_control_demo_example_11
