[0.032s] Invoking command in '/home/oh/slam_ws/build/ros2_control_demo_example_9': AMENT_PREFIX_PATH=/home/oh/slam_ws/install/ros2_control_demo_description:${AMENT_PREFIX_PATH} CMAKE_PREFIX_PATH=/home/oh/slam_ws/install/ros2_control_demo_description:/opt/ros/humble /usr/bin/cmake --build /home/oh/slam_ws/build/ros2_control_demo_example_9 -- -j8 -l8
[0.084s] [100%] Built target ros2_control_demo_example_9
[0.247s] Invoked command in '/home/oh/slam_ws/build/ros2_control_demo_example_9' returned '0': AMENT_PREFIX_PATH=/home/oh/slam_ws/install/ros2_control_demo_description:${AMENT_PREFIX_PATH} CMAKE_PREFIX_PATH=/home/oh/slam_ws/install/ros2_control_demo_description:/opt/ros/humble /usr/bin/cmake --build /home/oh/slam_ws/build/ros2_control_demo_example_9 -- -j8 -l8
[0.282s] Invoking command in '/home/oh/slam_ws/build/ros2_control_demo_example_9': AMENT_PREFIX_PATH=/home/oh/slam_ws/install/ros2_control_demo_description:${AMENT_PREFIX_PATH} CMAKE_PREFIX_PATH=/home/oh/slam_ws/install/ros2_control_demo_description:/opt/ros/humble /usr/bin/cmake --install /home/oh/slam_ws/build/ros2_control_demo_example_9
[0.295s] -- Install configuration: ""
[0.295s] -- Up-to-date: /home/oh/slam_ws/install/ros2_control_demo_example_9/share/ros2_control_demo_example_9/ros2_control_demo_example_9.xml
[0.295s] -- Up-to-date: /home/oh/slam_ws/install/ros2_control_demo_example_9/include/ros2_control_demo_example_9
[0.295s] -- Up-to-date: /home/oh/slam_ws/install/ros2_control_demo_example_9/include/ros2_control_demo_example_9/ros2_control_demo_example_9
[0.295s] -- Up-to-date: /home/oh/slam_ws/install/ros2_control_demo_example_9/include/ros2_control_demo_example_9/ros2_control_demo_example_9/rrbot.hpp
[0.295s] -- Up-to-date: /home/oh/slam_ws/install/ros2_control_demo_example_9/include/ros2_control_demo_example_9/ros2_control_demo_example_9/visibility_control.h
[0.295s] -- Up-to-date: /home/oh/slam_ws/install/ros2_control_demo_example_9/share/ros2_control_demo_example_9/launch
[0.295s] -- Up-to-date: /home/oh/slam_ws/install/ros2_control_demo_example_9/share/ros2_control_demo_example_9/launch/view_robot.launch.py
[0.295s] -- Up-to-date: /home/oh/slam_ws/install/ros2_control_demo_example_9/share/ros2_control_demo_example_9/ros2_control
[0.295s] -- Up-to-date: /home/oh/slam_ws/install/ros2_control_demo_example_9/share/ros2_control_demo_example_9/ros2_control/rrbot.ros2_control.xacro
[0.295s] -- Up-to-date: /home/oh/slam_ws/install/ros2_control_demo_example_9/share/ros2_control_demo_example_9/urdf
[0.295s] -- Up-to-date: /home/oh/slam_ws/install/ros2_control_demo_example_9/share/ros2_control_demo_example_9/urdf/rrbot.urdf.xacro
[0.295s] -- Up-to-date: /home/oh/slam_ws/install/ros2_control_demo_example_9/share/ros2_control_demo_example_9/gazebo
[0.295s] -- Up-to-date: /home/oh/slam_ws/install/ros2_control_demo_example_9/share/ros2_control_demo_example_9/gazebo/rrbot.gazebo.xacro
[0.295s] -- Up-to-date: /home/oh/slam_ws/install/ros2_control_demo_example_9/share/ros2_control_demo_example_9/launch
[0.295s] -- Up-to-date: /home/oh/slam_ws/install/ros2_control_demo_example_9/share/ros2_control_demo_example_9/launch/rrbot.launch.py
[0.296s] -- Up-to-date: /home/oh/slam_ws/install/ros2_control_demo_example_9/share/ros2_control_demo_example_9/launch/rrbot_gazebo_classic.launch.py
[0.296s] -- Up-to-date: /home/oh/slam_ws/install/ros2_control_demo_example_9/share/ros2_control_demo_example_9/launch/test_forward_position_controller.launch.py
[0.296s] -- Up-to-date: /home/oh/slam_ws/install/ros2_control_demo_example_9/share/ros2_control_demo_example_9/config
[0.296s] -- Up-to-date: /home/oh/slam_ws/install/ros2_control_demo_example_9/share/ros2_control_demo_example_9/config/rrbot_controllers.yaml
[0.296s] -- Up-to-date: /home/oh/slam_ws/install/ros2_control_demo_example_9/share/ros2_control_demo_example_9/config/rrbot_forward_position_publisher.yaml
[0.296s] -- Up-to-date: /home/oh/slam_ws/install/ros2_control_demo_example_9/lib/libros2_control_demo_example_9.so
[0.296s] -- Up-to-date: /home/oh/slam_ws/install/ros2_control_demo_example_9/share/ros2_control_demo_example_9/environment/library_path.sh
[0.296s] -- Up-to-date: /home/oh/slam_ws/install/ros2_control_demo_example_9/share/ros2_control_demo_example_9/environment/library_path.dsv
[0.296s] -- Up-to-date: /home/oh/slam_ws/install/ros2_control_demo_example_9/share/ament_index/resource_index/package_run_dependencies/ros2_control_demo_example_9
[0.296s] -- Up-to-date: /home/oh/slam_ws/install/ros2_control_demo_example_9/share/ament_index/resource_index/parent_prefix_path/ros2_control_demo_example_9
[0.296s] -- Up-to-date: /home/oh/slam_ws/install/ros2_control_demo_example_9/share/ros2_control_demo_example_9/environment/ament_prefix_path.sh
[0.296s] -- Up-to-date: /home/oh/slam_ws/install/ros2_control_demo_example_9/share/ros2_control_demo_example_9/environment/ament_prefix_path.dsv
[0.296s] -- Up-to-date: /home/oh/slam_ws/install/ros2_control_demo_example_9/share/ros2_control_demo_example_9/environment/path.sh
[0.296s] -- Up-to-date: /home/oh/slam_ws/install/ros2_control_demo_example_9/share/ros2_control_demo_example_9/environment/path.dsv
[0.296s] -- Up-to-date: /home/oh/slam_ws/install/ros2_control_demo_example_9/share/ros2_control_demo_example_9/local_setup.bash
[0.296s] -- Up-to-date: /home/oh/slam_ws/install/ros2_control_demo_example_9/share/ros2_control_demo_example_9/local_setup.sh
[0.296s] -- Up-to-date: /home/oh/slam_ws/install/ros2_control_demo_example_9/share/ros2_control_demo_example_9/local_setup.zsh
[0.297s] -- Up-to-date: /home/oh/slam_ws/install/ros2_control_demo_example_9/share/ros2_control_demo_example_9/local_setup.dsv
[0.297s] -- Installing: /home/oh/slam_ws/install/ros2_control_demo_example_9/share/ros2_control_demo_example_9/package.dsv
[0.297s] -- Up-to-date: /home/oh/slam_ws/install/ros2_control_demo_example_9/share/ament_index/resource_index/packages/ros2_control_demo_example_9
[0.297s] -- Up-to-date: /home/oh/slam_ws/install/ros2_control_demo_example_9/share/ament_index/resource_index/hardware_interface__pluginlib__plugin/ros2_control_demo_example_9
[0.297s] -- Up-to-date: /home/oh/slam_ws/install/ros2_control_demo_example_9/share/ros2_control_demo_example_9/cmake/export_ros2_control_demo_example_9Export.cmake
[0.297s] -- Up-to-date: /home/oh/slam_ws/install/ros2_control_demo_example_9/share/ros2_control_demo_example_9/cmake/export_ros2_control_demo_example_9Export-noconfig.cmake
[0.297s] -- Up-to-date: /home/oh/slam_ws/install/ros2_control_demo_example_9/share/ros2_control_demo_example_9/cmake/ament_cmake_export_targets-extras.cmake
[0.297s] -- Up-to-date: /home/oh/slam_ws/install/ros2_control_demo_example_9/share/ros2_control_demo_example_9/cmake/ament_cmake_export_dependencies-extras.cmake
[0.297s] -- Up-to-date: /home/oh/slam_ws/install/ros2_control_demo_example_9/share/ros2_control_demo_example_9/cmake/ros2_control_demo_example_9Config.cmake
[0.297s] -- Up-to-date: /home/oh/slam_ws/install/ros2_control_demo_example_9/share/ros2_control_demo_example_9/cmake/ros2_control_demo_example_9Config-version.cmake
[0.297s] -- Up-to-date: /home/oh/slam_ws/install/ros2_control_demo_example_9/share/ros2_control_demo_example_9/package.xml
[0.332s] Invoked command in '/home/oh/slam_ws/build/ros2_control_demo_example_9' returned '0': AMENT_PREFIX_PATH=/home/oh/slam_ws/install/ros2_control_demo_description:${AMENT_PREFIX_PATH} CMAKE_PREFIX_PATH=/home/oh/slam_ws/install/ros2_control_demo_description:/opt/ros/humble /usr/bin/cmake --install /home/oh/slam_ws/build/ros2_control_demo_example_9
