[0.027s] Invoking command in '/home/oh/slam_ws/build/ros2_control_demo_example_4': AMENT_PREFIX_PATH=/home/oh/slam_ws/install/ros2_control_demo_description:${AMENT_PREFIX_PATH} CMAKE_PREFIX_PATH=/home/oh/slam_ws/install/ros2_control_demo_description:/opt/ros/humble /usr/bin/cmake --build /home/oh/slam_ws/build/ros2_control_demo_example_4 -- -j8 -l8
[0.086s] [100%] Built target ros2_control_demo_example_4
[0.111s] Invoked command in '/home/oh/slam_ws/build/ros2_control_demo_example_4' returned '0': AMENT_PREFIX_PATH=/home/oh/slam_ws/install/ros2_control_demo_description:${AMENT_PREFIX_PATH} CMAKE_PREFIX_PATH=/home/oh/slam_ws/install/ros2_control_demo_description:/opt/ros/humble /usr/bin/cmake --build /home/oh/slam_ws/build/ros2_control_demo_example_4 -- -j8 -l8
[0.159s] Invoking command in '/home/oh/slam_ws/build/ros2_control_demo_example_4': AMENT_PREFIX_PATH=/home/oh/slam_ws/install/ros2_control_demo_description:${AMENT_PREFIX_PATH} CMAKE_PREFIX_PATH=/home/oh/slam_ws/install/ros2_control_demo_description:/opt/ros/humble /usr/bin/cmake --install /home/oh/slam_ws/build/ros2_control_demo_example_4
[0.166s] -- Install configuration: ""
[0.167s] -- Up-to-date: /home/oh/slam_ws/install/ros2_control_demo_example_4/share/ros2_control_demo_example_4/ros2_control_demo_example_4.xml
[0.167s] -- Up-to-date: /home/oh/slam_ws/install/ros2_control_demo_example_4/include/ros2_control_demo_example_4
[0.167s] -- Up-to-date: /home/oh/slam_ws/install/ros2_control_demo_example_4/include/ros2_control_demo_example_4/ros2_control_demo_example_4
[0.167s] -- Up-to-date: /home/oh/slam_ws/install/ros2_control_demo_example_4/include/ros2_control_demo_example_4/ros2_control_demo_example_4/rrbot_system_with_sensor.hpp
[0.167s] -- Up-to-date: /home/oh/slam_ws/install/ros2_control_demo_example_4/include/ros2_control_demo_example_4/ros2_control_demo_example_4/visibility_control.h
[0.168s] -- Up-to-date: /home/oh/slam_ws/install/ros2_control_demo_example_4/share/ros2_control_demo_example_4/launch
[0.168s] -- Up-to-date: /home/oh/slam_ws/install/ros2_control_demo_example_4/share/ros2_control_demo_example_4/launch/view_robot.launch.py
[0.168s] -- Up-to-date: /home/oh/slam_ws/install/ros2_control_demo_example_4/share/ros2_control_demo_example_4/ros2_control
[0.168s] -- Up-to-date: /home/oh/slam_ws/install/ros2_control_demo_example_4/share/ros2_control_demo_example_4/ros2_control/rrbot_system_with_sensor.ros2_control.xacro
[0.168s] -- Up-to-date: /home/oh/slam_ws/install/ros2_control_demo_example_4/share/ros2_control_demo_example_4/urdf
[0.168s] -- Up-to-date: /home/oh/slam_ws/install/ros2_control_demo_example_4/share/ros2_control_demo_example_4/urdf/rrbot_system_with_sensor.urdf.xacro
[0.168s] -- Up-to-date: /home/oh/slam_ws/install/ros2_control_demo_example_4/share/ros2_control_demo_example_4/rviz
[0.169s] -- Up-to-date: /home/oh/slam_ws/install/ros2_control_demo_example_4/share/ros2_control_demo_example_4/rviz/rrbot.rviz
[0.169s] -- Up-to-date: /home/oh/slam_ws/install/ros2_control_demo_example_4/share/ros2_control_demo_example_4/launch
[0.169s] -- Up-to-date: /home/oh/slam_ws/install/ros2_control_demo_example_4/share/ros2_control_demo_example_4/launch/rrbot_system_with_sensor.launch.py
[0.169s] -- Up-to-date: /home/oh/slam_ws/install/ros2_control_demo_example_4/share/ros2_control_demo_example_4/launch/test_forward_position_controller.launch.py
[0.169s] -- Up-to-date: /home/oh/slam_ws/install/ros2_control_demo_example_4/share/ros2_control_demo_example_4/config
[0.174s] -- Up-to-date: /home/oh/slam_ws/install/ros2_control_demo_example_4/share/ros2_control_demo_example_4/config/rrbot_with_sensor_controllers.yaml
[0.174s] -- Up-to-date: /home/oh/slam_ws/install/ros2_control_demo_example_4/share/ros2_control_demo_example_4/config/rrbot_forward_position_publisher.yaml
[0.174s] -- Up-to-date: /home/oh/slam_ws/install/ros2_control_demo_example_4/lib/libros2_control_demo_example_4.so
[0.175s] -- Up-to-date: /home/oh/slam_ws/install/ros2_control_demo_example_4/share/ros2_control_demo_example_4/environment/library_path.sh
[0.175s] -- Up-to-date: /home/oh/slam_ws/install/ros2_control_demo_example_4/share/ros2_control_demo_example_4/environment/library_path.dsv
[0.175s] -- Up-to-date: /home/oh/slam_ws/install/ros2_control_demo_example_4/share/ament_index/resource_index/package_run_dependencies/ros2_control_demo_example_4
[0.176s] -- Up-to-date: /home/oh/slam_ws/install/ros2_control_demo_example_4/share/ament_index/resource_index/parent_prefix_path/ros2_control_demo_example_4
[0.177s] -- Up-to-date: /home/oh/slam_ws/install/ros2_control_demo_example_4/share/ros2_control_demo_example_4/environment/ament_prefix_path.sh
[0.177s] -- Up-to-date: /home/oh/slam_ws/install/ros2_control_demo_example_4/share/ros2_control_demo_example_4/environment/ament_prefix_path.dsv
[0.177s] -- Up-to-date: /home/oh/slam_ws/install/ros2_control_demo_example_4/share/ros2_control_demo_example_4/environment/path.sh
[0.177s] -- Up-to-date: /home/oh/slam_ws/install/ros2_control_demo_example_4/share/ros2_control_demo_example_4/environment/path.dsv
[0.177s] -- Up-to-date: /home/oh/slam_ws/install/ros2_control_demo_example_4/share/ros2_control_demo_example_4/local_setup.bash
[0.177s] -- Up-to-date: /home/oh/slam_ws/install/ros2_control_demo_example_4/share/ros2_control_demo_example_4/local_setup.sh
[0.178s] -- Up-to-date: /home/oh/slam_ws/install/ros2_control_demo_example_4/share/ros2_control_demo_example_4/local_setup.zsh
[0.178s] -- Up-to-date: /home/oh/slam_ws/install/ros2_control_demo_example_4/share/ros2_control_demo_example_4/local_setup.dsv
[0.178s] -- Installing: /home/oh/slam_ws/install/ros2_control_demo_example_4/share/ros2_control_demo_example_4/package.dsv
[0.178s] -- Up-to-date: /home/oh/slam_ws/install/ros2_control_demo_example_4/share/ament_index/resource_index/packages/ros2_control_demo_example_4
[0.178s] -- Up-to-date: /home/oh/slam_ws/install/ros2_control_demo_example_4/share/ament_index/resource_index/hardware_interface__pluginlib__plugin/ros2_control_demo_example_4
[0.179s] -- Up-to-date: /home/oh/slam_ws/install/ros2_control_demo_example_4/share/ros2_control_demo_example_4/cmake/export_ros2_control_demo_example_4Export.cmake
[0.179s] -- Up-to-date: /home/oh/slam_ws/install/ros2_control_demo_example_4/share/ros2_control_demo_example_4/cmake/export_ros2_control_demo_example_4Export-noconfig.cmake
[0.179s] -- Up-to-date: /home/oh/slam_ws/install/ros2_control_demo_example_4/share/ros2_control_demo_example_4/cmake/ament_cmake_export_targets-extras.cmake
[0.179s] -- Up-to-date: /home/oh/slam_ws/install/ros2_control_demo_example_4/share/ros2_control_demo_example_4/cmake/ament_cmake_export_dependencies-extras.cmake
[0.180s] -- Up-to-date: /home/oh/slam_ws/install/ros2_control_demo_example_4/share/ros2_control_demo_example_4/cmake/ros2_control_demo_example_4Config.cmake
[0.180s] -- Up-to-date: /home/oh/slam_ws/install/ros2_control_demo_example_4/share/ros2_control_demo_example_4/cmake/ros2_control_demo_example_4Config-version.cmake
[0.180s] -- Up-to-date: /home/oh/slam_ws/install/ros2_control_demo_example_4/share/ros2_control_demo_example_4/package.xml
[0.203s] Invoked command in '/home/oh/slam_ws/build/ros2_control_demo_example_4' returned '0': AMENT_PREFIX_PATH=/home/oh/slam_ws/install/ros2_control_demo_description:${AMENT_PREFIX_PATH} CMAKE_PREFIX_PATH=/home/oh/slam_ws/install/ros2_control_demo_description:/opt/ros/humble /usr/bin/cmake --install /home/oh/slam_ws/build/ros2_control_demo_example_4
