[0.069s] Invoking command in '/home/oh/slam_ws/build/realsense2_camera': AMENT_PREFIX_PATH=/home/oh/slam_ws/install/realsense2_camera_msgs:${AMENT_PREFIX_PATH} CMAKE_PREFIX_PATH=/home/oh/slam_ws/install/realsense2_camera_msgs:/home/oh/nav2_ws/install/nav2_system_tests:/home/oh/nav2_ws/install/nav2_bringup:/home/oh/nav2_ws/install/navigation2:/home/oh/nav2_ws/install/nav2_smoother:/home/oh/nav2_ws/install/nav2_graceful_controller:/home/oh/nav2_ws/install/nav2_dwb_controller:/home/oh/nav2_ws/install/nav2_controller:/home/oh/nav2_ws/install/dwb_plugins:/home/oh/nav2_ws/install/dwb_critics:/home/oh/nav2_ws/install/dwb_core:/home/oh/nav2_ws/install/nav_2d_utils:/home/oh/nav2_ws/install/dwb_msgs:/home/oh/nav2_ws/install/nav_2d_msgs:/home/oh/nav2_ws/install/nav2_waypoint_follower:/home/oh/nav2_ws/install/nav2_theta_star_planner:/home/oh/nav2_ws/install/nav2_straightline_planner:/home/oh/nav2_ws/install/nav2_smac_planner:/home/oh/nav2_ws/install/nav2_rotation_shim_controller:/home/oh/nav2_ws/install/nav2_regulated_pure_pursuit_controller:/home/oh/nav2_ws/install/nav2_planner:/home/oh/nav2_ws/install/nav2_navfn_planner:/home/oh/nav2_ws/install/nav2_mppi_controller:/home/oh/nav2_ws/install/nav2_constrained_smoother:/home/oh/nav2_ws/install/nav2_bt_navigator:/home/oh/nav2_ws/install/nav2_behaviors:/home/oh/nav2_ws/install/nav2_core:/home/oh/nav2_ws/install/nav2_collision_monitor:/home/oh/nav2_ws/install/costmap_queue:/home/oh/nav2_ws/install/nav2_costmap_2d:/home/oh/nav2_ws/install/nav2_voxel_grid:/home/oh/nav2_ws/install/nav2_velocity_smoother:/home/oh/nav2_ws/install/nav2_rviz_plugins:/home/oh/nav2_ws/install/nav2_map_server:/home/oh/nav2_ws/install/nav2_lifecycle_manager:/home/oh/nav2_ws/install/nav2_behavior_tree:/home/oh/nav2_ws/install/nav2_amcl:/home/oh/nav2_ws/install/nav2_util:/home/oh/nav2_ws/install/nav2_msgs:/home/oh/nav2_ws/install/nav2_common:/home/oh/nav2_ws/install/nav2_simple_commander:/opt/ros/humble LD_LIBRARY_PATH=/home/oh/slam_ws/install/realsense2_camera_msgs/lib:${LD_LIBRARY_PATH} PYTHONPATH=/home/oh/slam_ws/install/realsense2_camera_msgs/local/lib/python3.10/dist-packages:${PYTHONPATH} /usr/bin/cmake --build /home/oh/slam_ws/build/realsense2_camera -- -j8 -l8
[0.154s] [35m[1mConsolidate compiler generated dependencies of target gtest[0m
[0.159s] [35m[1mConsolidate compiler generated dependencies of target realsense2_camera_node[0m
[0.168s] [35m[1mConsolidate compiler generated dependencies of target gtest_main[0m
[0.168s] [35m[1mConsolidate compiler generated dependencies of target realsense2_camera[0m
[0.173s] [  9%] Built target gtest
[0.185s] [ 18%] Built target realsense2_camera_node
[0.188s] [ 27%] Built target gtest_main
[0.206s] [35m[1mConsolidate compiler generated dependencies of target gtest_template[0m
[0.224s] [ 36%] Built target gtest_template
[0.235s] [100%] Built target realsense2_camera
[0.258s] Invoked command in '/home/oh/slam_ws/build/realsense2_camera' returned '0': AMENT_PREFIX_PATH=/home/oh/slam_ws/install/realsense2_camera_msgs:${AMENT_PREFIX_PATH} CMAKE_PREFIX_PATH=/home/oh/slam_ws/install/realsense2_camera_msgs:/home/oh/nav2_ws/install/nav2_system_tests:/home/oh/nav2_ws/install/nav2_bringup:/home/oh/nav2_ws/install/navigation2:/home/oh/nav2_ws/install/nav2_smoother:/home/oh/nav2_ws/install/nav2_graceful_controller:/home/oh/nav2_ws/install/nav2_dwb_controller:/home/oh/nav2_ws/install/nav2_controller:/home/oh/nav2_ws/install/dwb_plugins:/home/oh/nav2_ws/install/dwb_critics:/home/oh/nav2_ws/install/dwb_core:/home/oh/nav2_ws/install/nav_2d_utils:/home/oh/nav2_ws/install/dwb_msgs:/home/oh/nav2_ws/install/nav_2d_msgs:/home/oh/nav2_ws/install/nav2_waypoint_follower:/home/oh/nav2_ws/install/nav2_theta_star_planner:/home/oh/nav2_ws/install/nav2_straightline_planner:/home/oh/nav2_ws/install/nav2_smac_planner:/home/oh/nav2_ws/install/nav2_rotation_shim_controller:/home/oh/nav2_ws/install/nav2_regulated_pure_pursuit_controller:/home/oh/nav2_ws/install/nav2_planner:/home/oh/nav2_ws/install/nav2_navfn_planner:/home/oh/nav2_ws/install/nav2_mppi_controller:/home/oh/nav2_ws/install/nav2_constrained_smoother:/home/oh/nav2_ws/install/nav2_bt_navigator:/home/oh/nav2_ws/install/nav2_behaviors:/home/oh/nav2_ws/install/nav2_core:/home/oh/nav2_ws/install/nav2_collision_monitor:/home/oh/nav2_ws/install/costmap_queue:/home/oh/nav2_ws/install/nav2_costmap_2d:/home/oh/nav2_ws/install/nav2_voxel_grid:/home/oh/nav2_ws/install/nav2_velocity_smoother:/home/oh/nav2_ws/install/nav2_rviz_plugins:/home/oh/nav2_ws/install/nav2_map_server:/home/oh/nav2_ws/install/nav2_lifecycle_manager:/home/oh/nav2_ws/install/nav2_behavior_tree:/home/oh/nav2_ws/install/nav2_amcl:/home/oh/nav2_ws/install/nav2_util:/home/oh/nav2_ws/install/nav2_msgs:/home/oh/nav2_ws/install/nav2_common:/home/oh/nav2_ws/install/nav2_simple_commander:/opt/ros/humble LD_LIBRARY_PATH=/home/oh/slam_ws/install/realsense2_camera_msgs/lib:${LD_LIBRARY_PATH} PYTHONPATH=/home/oh/slam_ws/install/realsense2_camera_msgs/local/lib/python3.10/dist-packages:${PYTHONPATH} /usr/bin/cmake --build /home/oh/slam_ws/build/realsense2_camera -- -j8 -l8
[0.385s] Invoking command in '/home/oh/slam_ws/build/realsense2_camera': AMENT_PREFIX_PATH=/home/oh/slam_ws/install/realsense2_camera_msgs:${AMENT_PREFIX_PATH} CMAKE_PREFIX_PATH=/home/oh/slam_ws/install/realsense2_camera_msgs:/home/oh/nav2_ws/install/nav2_system_tests:/home/oh/nav2_ws/install/nav2_bringup:/home/oh/nav2_ws/install/navigation2:/home/oh/nav2_ws/install/nav2_smoother:/home/oh/nav2_ws/install/nav2_graceful_controller:/home/oh/nav2_ws/install/nav2_dwb_controller:/home/oh/nav2_ws/install/nav2_controller:/home/oh/nav2_ws/install/dwb_plugins:/home/oh/nav2_ws/install/dwb_critics:/home/oh/nav2_ws/install/dwb_core:/home/oh/nav2_ws/install/nav_2d_utils:/home/oh/nav2_ws/install/dwb_msgs:/home/oh/nav2_ws/install/nav_2d_msgs:/home/oh/nav2_ws/install/nav2_waypoint_follower:/home/oh/nav2_ws/install/nav2_theta_star_planner:/home/oh/nav2_ws/install/nav2_straightline_planner:/home/oh/nav2_ws/install/nav2_smac_planner:/home/oh/nav2_ws/install/nav2_rotation_shim_controller:/home/oh/nav2_ws/install/nav2_regulated_pure_pursuit_controller:/home/oh/nav2_ws/install/nav2_planner:/home/oh/nav2_ws/install/nav2_navfn_planner:/home/oh/nav2_ws/install/nav2_mppi_controller:/home/oh/nav2_ws/install/nav2_constrained_smoother:/home/oh/nav2_ws/install/nav2_bt_navigator:/home/oh/nav2_ws/install/nav2_behaviors:/home/oh/nav2_ws/install/nav2_core:/home/oh/nav2_ws/install/nav2_collision_monitor:/home/oh/nav2_ws/install/costmap_queue:/home/oh/nav2_ws/install/nav2_costmap_2d:/home/oh/nav2_ws/install/nav2_voxel_grid:/home/oh/nav2_ws/install/nav2_velocity_smoother:/home/oh/nav2_ws/install/nav2_rviz_plugins:/home/oh/nav2_ws/install/nav2_map_server:/home/oh/nav2_ws/install/nav2_lifecycle_manager:/home/oh/nav2_ws/install/nav2_behavior_tree:/home/oh/nav2_ws/install/nav2_amcl:/home/oh/nav2_ws/install/nav2_util:/home/oh/nav2_ws/install/nav2_msgs:/home/oh/nav2_ws/install/nav2_common:/home/oh/nav2_ws/install/nav2_simple_commander:/opt/ros/humble LD_LIBRARY_PATH=/home/oh/slam_ws/install/realsense2_camera_msgs/lib:${LD_LIBRARY_PATH} PYTHONPATH=/home/oh/slam_ws/install/realsense2_camera_msgs/local/lib/python3.10/dist-packages:${PYTHONPATH} /usr/bin/cmake --install /home/oh/slam_ws/build/realsense2_camera
[0.393s] -- Install configuration: "Release"
[0.396s] -- Up-to-date: /home/oh/slam_ws/install/realsense2_camera/lib/realsense2_camera/realsense2_camera_node
[0.397s] -- Up-to-date: /home/oh/slam_ws/install/realsense2_camera/lib/librealsense2_camera.so
[0.397s] -- Up-to-date: /home/oh/slam_ws/install/realsense2_camera/include
[0.397s] -- Up-to-date: /home/oh/slam_ws/install/realsense2_camera/include/gl_window.h
[0.397s] -- Up-to-date: /home/oh/slam_ws/install/realsense2_camera/include/ros_sensor.h
[0.398s] -- Up-to-date: /home/oh/slam_ws/install/realsense2_camera/include/dynamic_params.h
[0.398s] -- Up-to-date: /home/oh/slam_ws/install/realsense2_camera/include/ros_param_backend.h
[0.398s] -- Up-to-date: /home/oh/slam_ws/install/realsense2_camera/include/named_filter.h
[0.398s] -- Up-to-date: /home/oh/slam_ws/install/realsense2_camera/include/profile_manager.h
[0.398s] -- Up-to-date: /home/oh/slam_ws/install/realsense2_camera/include/ros_utils.h
[0.398s] -- Up-to-date: /home/oh/slam_ws/install/realsense2_camera/include/image_publisher.h
[0.398s] -- Up-to-date: /home/oh/slam_ws/install/realsense2_camera/include/realsense_node_factory.h
[0.398s] -- Up-to-date: /home/oh/slam_ws/install/realsense2_camera/include/base_realsense_node.h
[0.398s] -- Up-to-date: /home/oh/slam_ws/install/realsense2_camera/include/constants.h
[0.398s] -- Up-to-date: /home/oh/slam_ws/install/realsense2_camera/include/sensor_params.h
[0.398s] -- Up-to-date: /home/oh/slam_ws/install/realsense2_camera/share/realsense2_camera/launch
[0.398s] -- Up-to-date: /home/oh/slam_ws/install/realsense2_camera/share/realsense2_camera/launch/rs_intra_process_demo_launch.py
[0.398s] -- Up-to-date: /home/oh/slam_ws/install/realsense2_camera/share/realsense2_camera/launch/default.rviz
[0.398s] -- Up-to-date: /home/oh/slam_ws/install/realsense2_camera/share/realsense2_camera/launch/rs_multi_camera_launch.py
[0.399s] -- Up-to-date: /home/oh/slam_ws/install/realsense2_camera/share/realsense2_camera/launch/rs_launch.py
[0.399s] -- Up-to-date: /home/oh/slam_ws/install/realsense2_camera/share/realsense2_camera/examples
[0.399s] -- Up-to-date: /home/oh/slam_ws/install/realsense2_camera/share/realsense2_camera/examples/align_depth
[0.399s] -- Up-to-date: /home/oh/slam_ws/install/realsense2_camera/share/realsense2_camera/examples/align_depth/rs_align_depth_launch.py
[0.399s] -- Up-to-date: /home/oh/slam_ws/install/realsense2_camera/share/realsense2_camera/examples/align_depth/README.md
[0.399s] -- Up-to-date: /home/oh/slam_ws/install/realsense2_camera/share/realsense2_camera/examples/launch_from_rosbag
[0.399s] -- Up-to-date: /home/oh/slam_ws/install/realsense2_camera/share/realsense2_camera/examples/launch_from_rosbag/rs_launch_from_rosbag.py
[0.399s] -- Up-to-date: /home/oh/slam_ws/install/realsense2_camera/share/realsense2_camera/examples/launch_from_rosbag/README.md
[0.399s] -- Up-to-date: /home/oh/slam_ws/install/realsense2_camera/share/realsense2_camera/examples/pointcloud
[0.400s] -- Up-to-date: /home/oh/slam_ws/install/realsense2_camera/share/realsense2_camera/examples/pointcloud/rs_d455_pointcloud_launch.py
[0.400s] -- Up-to-date: /home/oh/slam_ws/install/realsense2_camera/share/realsense2_camera/examples/pointcloud/rs_pointcloud_launch.py
[0.401s] -- Up-to-date: /home/oh/slam_ws/install/realsense2_camera/share/realsense2_camera/examples/pointcloud/rviz
[0.401s] -- Up-to-date: /home/oh/slam_ws/install/realsense2_camera/share/realsense2_camera/examples/pointcloud/rviz/pointcloud.rviz
[0.401s] -- Up-to-date: /home/oh/slam_ws/install/realsense2_camera/share/realsense2_camera/examples/pointcloud/rviz/urdf_pointcloud.rviz
[0.401s] -- Up-to-date: /home/oh/slam_ws/install/realsense2_camera/share/realsense2_camera/examples/pointcloud/rs_d405_pointcloud_launch.py
[0.401s] -- Up-to-date: /home/oh/slam_ws/install/realsense2_camera/share/realsense2_camera/examples/pointcloud/README.md
[0.401s] -- Up-to-date: /home/oh/slam_ws/install/realsense2_camera/share/realsense2_camera/examples/launch_params_from_file
[0.402s] -- Up-to-date: /home/oh/slam_ws/install/realsense2_camera/share/realsense2_camera/examples/launch_params_from_file/rs_launch_get_params_from_yaml.py
[0.402s] -- Up-to-date: /home/oh/slam_ws/install/realsense2_camera/share/realsense2_camera/examples/launch_params_from_file/config
[0.402s] -- Up-to-date: /home/oh/slam_ws/install/realsense2_camera/share/realsense2_camera/examples/launch_params_from_file/config/config.yaml
[0.402s] -- Up-to-date: /home/oh/slam_ws/install/realsense2_camera/share/realsense2_camera/examples/launch_params_from_file/README.md
[0.402s] -- Up-to-date: /home/oh/slam_ws/install/realsense2_camera/share/realsense2_camera/examples/dual_camera
[0.402s] -- Up-to-date: /home/oh/slam_ws/install/realsense2_camera/share/realsense2_camera/examples/dual_camera/rviz
[0.402s] -- Up-to-date: /home/oh/slam_ws/install/realsense2_camera/share/realsense2_camera/examples/dual_camera/rviz/dual_camera_pointcloud.rviz
[0.402s] -- Up-to-date: /home/oh/slam_ws/install/realsense2_camera/share/realsense2_camera/examples/dual_camera/README.md
[0.402s] -- Up-to-date: /home/oh/slam_ws/install/realsense2_camera/share/realsense2_camera/examples/dual_camera/rs_dual_camera_launch.py
[0.403s] -- Up-to-date: /home/oh/slam_ws/install/realsense2_camera/share/realsense2_camera/environment/library_path.sh
[0.403s] -- Up-to-date: /home/oh/slam_ws/install/realsense2_camera/share/realsense2_camera/environment/library_path.dsv
[0.403s] -- Up-to-date: /home/oh/slam_ws/install/realsense2_camera/share/ament_index/resource_index/package_run_dependencies/realsense2_camera
[0.403s] -- Up-to-date: /home/oh/slam_ws/install/realsense2_camera/share/ament_index/resource_index/parent_prefix_path/realsense2_camera
[0.403s] -- Up-to-date: /home/oh/slam_ws/install/realsense2_camera/share/realsense2_camera/environment/ament_prefix_path.sh
[0.403s] -- Up-to-date: /home/oh/slam_ws/install/realsense2_camera/share/realsense2_camera/environment/ament_prefix_path.dsv
[0.403s] -- Up-to-date: /home/oh/slam_ws/install/realsense2_camera/share/realsense2_camera/environment/path.sh
[0.403s] -- Up-to-date: /home/oh/slam_ws/install/realsense2_camera/share/realsense2_camera/environment/path.dsv
[0.403s] -- Up-to-date: /home/oh/slam_ws/install/realsense2_camera/share/realsense2_camera/local_setup.bash
[0.403s] -- Up-to-date: /home/oh/slam_ws/install/realsense2_camera/share/realsense2_camera/local_setup.sh
[0.403s] -- Up-to-date: /home/oh/slam_ws/install/realsense2_camera/share/realsense2_camera/local_setup.zsh
[0.403s] -- Up-to-date: /home/oh/slam_ws/install/realsense2_camera/share/realsense2_camera/local_setup.dsv
[0.403s] -- Installing: /home/oh/slam_ws/install/realsense2_camera/share/realsense2_camera/package.dsv
[0.403s] -- Up-to-date: /home/oh/slam_ws/install/realsense2_camera/share/ament_index/resource_index/packages/realsense2_camera
[0.404s] -- Up-to-date: /home/oh/slam_ws/install/realsense2_camera/share/ament_index/resource_index/rclcpp_components/realsense2_camera
[0.404s] -- Up-to-date: /home/oh/slam_ws/install/realsense2_camera/share/realsense2_camera/cmake/ament_cmake_export_include_directories-extras.cmake
[0.404s] -- Up-to-date: /home/oh/slam_ws/install/realsense2_camera/share/realsense2_camera/cmake/ament_cmake_export_libraries-extras.cmake
[0.404s] -- Up-to-date: /home/oh/slam_ws/install/realsense2_camera/share/realsense2_camera/cmake/ament_cmake_export_dependencies-extras.cmake
[0.404s] -- Up-to-date: /home/oh/slam_ws/install/realsense2_camera/share/realsense2_camera/cmake/realsense2_cameraConfig.cmake
[0.404s] -- Up-to-date: /home/oh/slam_ws/install/realsense2_camera/share/realsense2_camera/cmake/realsense2_cameraConfig-version.cmake
[0.404s] -- Up-to-date: /home/oh/slam_ws/install/realsense2_camera/share/realsense2_camera/package.xml
[0.408s] Invoked command in '/home/oh/slam_ws/build/realsense2_camera' returned '0': AMENT_PREFIX_PATH=/home/oh/slam_ws/install/realsense2_camera_msgs:${AMENT_PREFIX_PATH} CMAKE_PREFIX_PATH=/home/oh/slam_ws/install/realsense2_camera_msgs:/home/oh/nav2_ws/install/nav2_system_tests:/home/oh/nav2_ws/install/nav2_bringup:/home/oh/nav2_ws/install/navigation2:/home/oh/nav2_ws/install/nav2_smoother:/home/oh/nav2_ws/install/nav2_graceful_controller:/home/oh/nav2_ws/install/nav2_dwb_controller:/home/oh/nav2_ws/install/nav2_controller:/home/oh/nav2_ws/install/dwb_plugins:/home/oh/nav2_ws/install/dwb_critics:/home/oh/nav2_ws/install/dwb_core:/home/oh/nav2_ws/install/nav_2d_utils:/home/oh/nav2_ws/install/dwb_msgs:/home/oh/nav2_ws/install/nav_2d_msgs:/home/oh/nav2_ws/install/nav2_waypoint_follower:/home/oh/nav2_ws/install/nav2_theta_star_planner:/home/oh/nav2_ws/install/nav2_straightline_planner:/home/oh/nav2_ws/install/nav2_smac_planner:/home/oh/nav2_ws/install/nav2_rotation_shim_controller:/home/oh/nav2_ws/install/nav2_regulated_pure_pursuit_controller:/home/oh/nav2_ws/install/nav2_planner:/home/oh/nav2_ws/install/nav2_navfn_planner:/home/oh/nav2_ws/install/nav2_mppi_controller:/home/oh/nav2_ws/install/nav2_constrained_smoother:/home/oh/nav2_ws/install/nav2_bt_navigator:/home/oh/nav2_ws/install/nav2_behaviors:/home/oh/nav2_ws/install/nav2_core:/home/oh/nav2_ws/install/nav2_collision_monitor:/home/oh/nav2_ws/install/costmap_queue:/home/oh/nav2_ws/install/nav2_costmap_2d:/home/oh/nav2_ws/install/nav2_voxel_grid:/home/oh/nav2_ws/install/nav2_velocity_smoother:/home/oh/nav2_ws/install/nav2_rviz_plugins:/home/oh/nav2_ws/install/nav2_map_server:/home/oh/nav2_ws/install/nav2_lifecycle_manager:/home/oh/nav2_ws/install/nav2_behavior_tree:/home/oh/nav2_ws/install/nav2_amcl:/home/oh/nav2_ws/install/nav2_util:/home/oh/nav2_ws/install/nav2_msgs:/home/oh/nav2_ws/install/nav2_common:/home/oh/nav2_ws/install/nav2_simple_commander:/opt/ros/humble LD_LIBRARY_PATH=/home/oh/slam_ws/install/realsense2_camera_msgs/lib:${LD_LIBRARY_PATH} PYTHONPATH=/home/oh/slam_ws/install/realsense2_camera_msgs/local/lib/python3.10/dist-packages:${PYTHONPATH} /usr/bin/cmake --install /home/oh/slam_ws/build/realsense2_camera
