[0.094s] Invoking command in '/home/oh/slam_ws/build/usb_cam': CMAKE_PREFIX_PATH=${CMAKE_PREFIX_PATH}:/home/oh/slam_ws/install/ros2_aruco:/home/oh/slam_ws/install/my_tf_package:/home/oh/slam_ws/install/my_tf2_package:/home/oh/slam_ws/install/my_docking:/home/oh/slam_ws/install/my_aruco_to_goal_pose_pkg:/home/oh/slam_ws/install/escape_from_cart:/opt/ros/humble /usr/bin/cmake --build /home/oh/slam_ws/build/usb_cam -- -j8 -l8
[0.746s] [ 14%] Built target gtest_main
[0.772s] [ 28%] Built target usb_cam
[0.813s] [ 42%] Built target gtest
[0.833s] [ 57%] Built target usb_cam_node_exe
[1.057s] [ 71%] Built target usb_cam_node
[1.119s] [ 85%] Built target test_usb_cam_utils
[1.151s] [100%] Built target test_pixel_formats
[1.242s] Invoked command in '/home/oh/slam_ws/build/usb_cam' returned '0': CMAKE_PREFIX_PATH=${CMAKE_PREFIX_PATH}:/home/oh/slam_ws/install/ros2_aruco:/home/oh/slam_ws/install/my_tf_package:/home/oh/slam_ws/install/my_tf2_package:/home/oh/slam_ws/install/my_docking:/home/oh/slam_ws/install/my_aruco_to_goal_pose_pkg:/home/oh/slam_ws/install/escape_from_cart:/opt/ros/humble /usr/bin/cmake --build /home/oh/slam_ws/build/usb_cam -- -j8 -l8
[2.209s] Invoking command in '/home/oh/slam_ws/build/usb_cam': CMAKE_PREFIX_PATH=${CMAKE_PREFIX_PATH}:/home/oh/slam_ws/install/ros2_aruco:/home/oh/slam_ws/install/my_tf_package:/home/oh/slam_ws/install/my_tf2_package:/home/oh/slam_ws/install/my_docking:/home/oh/slam_ws/install/my_aruco_to_goal_pose_pkg:/home/oh/slam_ws/install/escape_from_cart:/opt/ros/humble /usr/bin/cmake --install /home/oh/slam_ws/build/usb_cam
[4.308s] -- Install configuration: ""
[4.309s] -- Up-to-date: /home/oh/slam_ws/install/usb_cam/share/usb_cam/environment/library_path.sh
[4.309s] -- Up-to-date: /home/oh/slam_ws/install/usb_cam/share/usb_cam/environment/library_path.dsv
[4.309s] -- Up-to-date: /home/oh/slam_ws/install/usb_cam/lib/usb_cam/usb_cam_node_exe
[4.309s] -- Up-to-date: /home/oh/slam_ws/install/usb_cam/lib/usb_cam/show_image.py
[4.310s] -- Up-to-date: /home/oh/slam_ws/install/usb_cam/lib/libusb_cam.so
[4.310s] -- Up-to-date: /home/oh/slam_ws/install/usb_cam/lib/libusb_cam_node.so
[4.310s] -- Up-to-date: /home/oh/slam_ws/install/usb_cam/include
[4.310s] -- Up-to-date: /home/oh/slam_ws/install/usb_cam/include/usb_cam
[4.310s] -- Up-to-date: /home/oh/slam_ws/install/usb_cam/include/usb_cam/conversions.hpp
[4.310s] -- Up-to-date: /home/oh/slam_ws/install/usb_cam/include/usb_cam/usb_cam.hpp
[4.311s] -- Up-to-date: /home/oh/slam_ws/install/usb_cam/include/usb_cam/formats
[4.311s] -- Up-to-date: /home/oh/slam_ws/install/usb_cam/include/usb_cam/formats/m420.hpp
[4.311s] -- Up-to-date: /home/oh/slam_ws/install/usb_cam/include/usb_cam/formats/pixel_format_base.hpp
[4.311s] -- Up-to-date: /home/oh/slam_ws/install/usb_cam/include/usb_cam/formats/av_pixel_format_helper.hpp
[4.311s] -- Up-to-date: /home/oh/slam_ws/install/usb_cam/include/usb_cam/formats/utils.hpp
[4.312s] -- Up-to-date: /home/oh/slam_ws/install/usb_cam/include/usb_cam/formats/yuyv.hpp
[4.312s] -- Up-to-date: /home/oh/slam_ws/install/usb_cam/include/usb_cam/formats/rgb.hpp
[4.312s] -- Up-to-date: /home/oh/slam_ws/install/usb_cam/include/usb_cam/formats/mono.hpp
[4.312s] -- Up-to-date: /home/oh/slam_ws/install/usb_cam/include/usb_cam/formats/uyvy.hpp
[4.312s] -- Up-to-date: /home/oh/slam_ws/install/usb_cam/include/usb_cam/formats/mjpeg.hpp
[4.313s] -- Up-to-date: /home/oh/slam_ws/install/usb_cam/include/usb_cam/utils.hpp
[4.313s] -- Up-to-date: /home/oh/slam_ws/install/usb_cam/include/usb_cam/constants.hpp
[4.313s] -- Up-to-date: /home/oh/slam_ws/install/usb_cam/include/usb_cam/usb_cam_node.hpp
[4.313s] -- Up-to-date: /home/oh/slam_ws/install/usb_cam/lib/libusb_cam_node.so
[4.313s] -- Up-to-date: /home/oh/slam_ws/install/usb_cam/share/usb_cam/launch
[4.314s] -- Up-to-date: /home/oh/slam_ws/install/usb_cam/share/usb_cam/launch/camera_config.py
[4.314s] -- Up-to-date: /home/oh/slam_ws/install/usb_cam/share/usb_cam/launch/camera.launch.py
[4.314s] -- Up-to-date: /home/oh/slam_ws/install/usb_cam/share/usb_cam/launch/__init__.py
[4.314s] -- Up-to-date: /home/oh/slam_ws/install/usb_cam/share/usb_cam/config
[4.314s] -- Up-to-date: /home/oh/slam_ws/install/usb_cam/share/usb_cam/config/params_1.yaml
[4.315s] -- Up-to-date: /home/oh/slam_ws/install/usb_cam/share/usb_cam/config/camera_info.yaml
[4.315s] -- Up-to-date: /home/oh/slam_ws/install/usb_cam/share/usb_cam/config/params_2.yaml
[4.315s] -- Up-to-date: /home/oh/slam_ws/install/usb_cam/share/ament_index/resource_index/package_run_dependencies/usb_cam
[4.315s] -- Up-to-date: /home/oh/slam_ws/install/usb_cam/share/ament_index/resource_index/parent_prefix_path/usb_cam
[4.315s] -- Up-to-date: /home/oh/slam_ws/install/usb_cam/share/usb_cam/environment/ament_prefix_path.sh
[4.316s] -- Up-to-date: /home/oh/slam_ws/install/usb_cam/share/usb_cam/environment/ament_prefix_path.dsv
[4.316s] -- Up-to-date: /home/oh/slam_ws/install/usb_cam/share/usb_cam/environment/path.sh
[4.316s] -- Up-to-date: /home/oh/slam_ws/install/usb_cam/share/usb_cam/environment/path.dsv
[4.316s] -- Up-to-date: /home/oh/slam_ws/install/usb_cam/share/usb_cam/local_setup.bash
[4.316s] -- Up-to-date: /home/oh/slam_ws/install/usb_cam/share/usb_cam/local_setup.sh
[4.317s] -- Up-to-date: /home/oh/slam_ws/install/usb_cam/share/usb_cam/local_setup.zsh
[4.317s] -- Up-to-date: /home/oh/slam_ws/install/usb_cam/share/usb_cam/local_setup.dsv
[4.317s] -- Installing: /home/oh/slam_ws/install/usb_cam/share/usb_cam/package.dsv
[4.317s] -- Up-to-date: /home/oh/slam_ws/install/usb_cam/share/ament_index/resource_index/packages/usb_cam
[4.317s] -- Up-to-date: /home/oh/slam_ws/install/usb_cam/share/ament_index/resource_index/rclcpp_components/usb_cam
[4.318s] -- Up-to-date: /home/oh/slam_ws/install/usb_cam/share/usb_cam/cmake/ament_cmake_export_libraries-extras.cmake
[4.318s] -- Up-to-date: /home/oh/slam_ws/install/usb_cam/share/usb_cam/cmake/ament_cmake_export_dependencies-extras.cmake
[4.318s] -- Up-to-date: /home/oh/slam_ws/install/usb_cam/share/usb_cam/cmake/ament_cmake_export_include_directories-extras.cmake
[4.345s] -- Up-to-date: /home/oh/slam_ws/install/usb_cam/share/usb_cam/cmake/usb_camConfig.cmake
[4.348s] -- Up-to-date: /home/oh/slam_ws/install/usb_cam/share/usb_cam/cmake/usb_camConfig-version.cmake
[4.349s] -- Up-to-date: /home/oh/slam_ws/install/usb_cam/share/usb_cam/package.xml
[4.380s] Invoked command in '/home/oh/slam_ws/build/usb_cam' returned '0': CMAKE_PREFIX_PATH=${CMAKE_PREFIX_PATH}:/home/oh/slam_ws/install/ros2_aruco:/home/oh/slam_ws/install/my_tf_package:/home/oh/slam_ws/install/my_tf2_package:/home/oh/slam_ws/install/my_docking:/home/oh/slam_ws/install/my_aruco_to_goal_pose_pkg:/home/oh/slam_ws/install/escape_from_cart:/opt/ros/humble /usr/bin/cmake --install /home/oh/slam_ws/build/usb_cam
