[0.035s] Invoking command in '/home/oh/slam_ws/src/build/ros2_control_demo_description': CMAKE_PREFIX_PATH=${CMAKE_PREFIX_PATH}:/home/oh/slam_ws/install/ros2_aruco:/home/oh/slam_ws/install/my_tf_package:/home/oh/slam_ws/install/my_tf2_package:/home/oh/slam_ws/install/my_docking:/home/oh/slam_ws/install/my_aruco_to_goal_pose_pkg:/home/oh/slam_ws/install/escape_from_cart:/opt/ros/humble /usr/bin/cmake /home/oh/slam_ws/src/ros2_control_demos/ros2_control_demo_description -DCMAKE_INSTALL_PREFIX=/home/oh/slam_ws/src/install/ros2_control_demo_description
[0.371s] -- The C compiler identification is GNU 11.4.0
[0.371s] -- The CXX compiler identification is GNU 11.4.0
[0.371s] -- Detecting C compiler ABI info
[0.371s] -- Detecting C compiler ABI info - done
[0.371s] -- Check for working C compiler: /usr/bin/cc - skipped
[0.371s] -- Detecting C compile features
[0.371s] -- Detecting C compile features - done
[0.372s] -- Detecting CXX compiler ABI info
[0.429s] -- Detecting CXX compiler ABI info - done
[0.439s] -- Check for working CXX compiler: /usr/bin/c++ - skipped
[0.440s] -- Detecting CXX compile features
[0.440s] -- Detecting CXX compile features - done
[0.446s] -- Found ament_cmake: 1.3.8 (/opt/ros/humble/share/ament_cmake/cmake)
[0.673s] -- Found Python3: /usr/bin/python3 (found version "3.10.12") found components: Interpreter 
[0.964s] -- Configuring done
[0.966s] -- Generating done
[0.967s] -- Build files have been written to: /home/oh/slam_ws/src/build/ros2_control_demo_description
[0.974s] Invoked command in '/home/oh/slam_ws/src/build/ros2_control_demo_description' returned '0': CMAKE_PREFIX_PATH=${CMAKE_PREFIX_PATH}:/home/oh/slam_ws/install/ros2_aruco:/home/oh/slam_ws/install/my_tf_package:/home/oh/slam_ws/install/my_tf2_package:/home/oh/slam_ws/install/my_docking:/home/oh/slam_ws/install/my_aruco_to_goal_pose_pkg:/home/oh/slam_ws/install/escape_from_cart:/opt/ros/humble /usr/bin/cmake /home/oh/slam_ws/src/ros2_control_demos/ros2_control_demo_description -DCMAKE_INSTALL_PREFIX=/home/oh/slam_ws/src/install/ros2_control_demo_description
[0.974s] Invoking command in '/home/oh/slam_ws/src/build/ros2_control_demo_description': CMAKE_PREFIX_PATH=${CMAKE_PREFIX_PATH}:/home/oh/slam_ws/install/ros2_aruco:/home/oh/slam_ws/install/my_tf_package:/home/oh/slam_ws/install/my_tf2_package:/home/oh/slam_ws/install/my_docking:/home/oh/slam_ws/install/my_aruco_to_goal_pose_pkg:/home/oh/slam_ws/install/escape_from_cart:/opt/ros/humble /usr/bin/cmake --build /home/oh/slam_ws/src/build/ros2_control_demo_description -- -j8 -l8
[1.452s] Invoked command in '/home/oh/slam_ws/src/build/ros2_control_demo_description' returned '0': CMAKE_PREFIX_PATH=${CMAKE_PREFIX_PATH}:/home/oh/slam_ws/install/ros2_aruco:/home/oh/slam_ws/install/my_tf_package:/home/oh/slam_ws/install/my_tf2_package:/home/oh/slam_ws/install/my_docking:/home/oh/slam_ws/install/my_aruco_to_goal_pose_pkg:/home/oh/slam_ws/install/escape_from_cart:/opt/ros/humble /usr/bin/cmake --build /home/oh/slam_ws/src/build/ros2_control_demo_description -- -j8 -l8
[1.828s] Invoking command in '/home/oh/slam_ws/src/build/ros2_control_demo_description': CMAKE_PREFIX_PATH=${CMAKE_PREFIX_PATH}:/home/oh/slam_ws/install/ros2_aruco:/home/oh/slam_ws/install/my_tf_package:/home/oh/slam_ws/install/my_tf2_package:/home/oh/slam_ws/install/my_docking:/home/oh/slam_ws/install/my_aruco_to_goal_pose_pkg:/home/oh/slam_ws/install/escape_from_cart:/opt/ros/humble /usr/bin/cmake --install /home/oh/slam_ws/src/build/ros2_control_demo_description
[2.055s] -- Install configuration: ""
[2.055s] -- Installing: /home/oh/slam_ws/src/install/ros2_control_demo_description/share/ros2_control_demo_description/rrbot/urdf
[2.055s] -- Installing: /home/oh/slam_ws/src/install/ros2_control_demo_description/share/ros2_control_demo_description/rrbot/urdf/rrbot.materials.xacro
[2.055s] -- Installing: /home/oh/slam_ws/src/install/ros2_control_demo_description/share/ros2_control_demo_description/rrbot/urdf/rrbot_description.urdf.xacro
[2.055s] -- Installing: /home/oh/slam_ws/src/install/ros2_control_demo_description/share/ros2_control_demo_description/rrbot/rviz
[2.055s] -- Installing: /home/oh/slam_ws/src/install/ros2_control_demo_description/share/ros2_control_demo_description/rrbot/rviz/rrbot.rviz
[2.055s] -- Installing: /home/oh/slam_ws/src/install/ros2_control_demo_description/share/ros2_control_demo_description/diffbot/urdf
[2.055s] -- Installing: /home/oh/slam_ws/src/install/ros2_control_demo_description/share/ros2_control_demo_description/diffbot/urdf/diffbot_description.urdf.xacro
[2.055s] -- Installing: /home/oh/slam_ws/src/install/ros2_control_demo_description/share/ros2_control_demo_description/diffbot/urdf/diffbot.materials.xacro
[2.055s] -- Installing: /home/oh/slam_ws/src/install/ros2_control_demo_description/share/ros2_control_demo_description/diffbot/rviz
[2.055s] -- Installing: /home/oh/slam_ws/src/install/ros2_control_demo_description/share/ros2_control_demo_description/diffbot/rviz/diffbot.rviz
[2.055s] -- Installing: /home/oh/slam_ws/src/install/ros2_control_demo_description/share/ros2_control_demo_description/diffbot/rviz/diffbot_view.rviz
[2.055s] -- Installing: /home/oh/slam_ws/src/install/ros2_control_demo_description/share/ros2_control_demo_description/carlikebot/urdf
[2.056s] -- Installing: /home/oh/slam_ws/src/install/ros2_control_demo_description/share/ros2_control_demo_description/carlikebot/urdf/carlikebot.materials.xacro
[2.056s] -- Installing: /home/oh/slam_ws/src/install/ros2_control_demo_description/share/ros2_control_demo_description/carlikebot/urdf/carlikebot_description.urdf.xacro
[2.056s] -- Installing: /home/oh/slam_ws/src/install/ros2_control_demo_description/share/ros2_control_demo_description/carlikebot/rviz
[2.056s] -- Installing: /home/oh/slam_ws/src/install/ros2_control_demo_description/share/ros2_control_demo_description/carlikebot/rviz/carlikebot.rviz
[2.056s] -- Installing: /home/oh/slam_ws/src/install/ros2_control_demo_description/share/ros2_control_demo_description/carlikebot/rviz/carlikebot_view.rviz
[2.056s] -- Installing: /home/oh/slam_ws/src/install/ros2_control_demo_description/share/ros2_control_demo_description/r6bot/meshes
[2.056s] -- Installing: /home/oh/slam_ws/src/install/ros2_control_demo_description/share/ros2_control_demo_description/r6bot/meshes/collision
[2.056s] -- Installing: /home/oh/slam_ws/src/install/ros2_control_demo_description/share/ros2_control_demo_description/r6bot/meshes/collision/link_1.stl
[2.056s] -- Installing: /home/oh/slam_ws/src/install/ros2_control_demo_description/share/ros2_control_demo_description/r6bot/meshes/collision/link_6.stl
[2.056s] -- Installing: /home/oh/slam_ws/src/install/ros2_control_demo_description/share/ros2_control_demo_description/r6bot/meshes/collision/link_3.stl
[2.056s] -- Installing: /home/oh/slam_ws/src/install/ros2_control_demo_description/share/ros2_control_demo_description/r6bot/meshes/collision/link_2.stl
[2.056s] -- Installing: /home/oh/slam_ws/src/install/ros2_control_demo_description/share/ros2_control_demo_description/r6bot/meshes/collision/link_0.stl
[2.056s] -- Installing: /home/oh/slam_ws/src/install/ros2_control_demo_description/share/ros2_control_demo_description/r6bot/meshes/collision/link_4.stl
[2.056s] -- Installing: /home/oh/slam_ws/src/install/ros2_control_demo_description/share/ros2_control_demo_description/r6bot/meshes/collision/link_5.stl
[2.056s] -- Installing: /home/oh/slam_ws/src/install/ros2_control_demo_description/share/ros2_control_demo_description/r6bot/meshes/visual
[2.057s] -- Installing: /home/oh/slam_ws/src/install/ros2_control_demo_description/share/ros2_control_demo_description/r6bot/meshes/visual/link_3.dae
[2.057s] -- Installing: /home/oh/slam_ws/src/install/ros2_control_demo_description/share/ros2_control_demo_description/r6bot/meshes/visual/link_0.dae
[2.057s] -- Installing: /home/oh/slam_ws/src/install/ros2_control_demo_description/share/ros2_control_demo_description/r6bot/meshes/visual/link_1.dae
[2.057s] -- Installing: /home/oh/slam_ws/src/install/ros2_control_demo_description/share/ros2_control_demo_description/r6bot/meshes/visual/link_4.dae
[2.057s] -- Installing: /home/oh/slam_ws/src/install/ros2_control_demo_description/share/ros2_control_demo_description/r6bot/meshes/visual/link_2.dae
[2.057s] -- Installing: /home/oh/slam_ws/src/install/ros2_control_demo_description/share/ros2_control_demo_description/r6bot/meshes/visual/link_5.dae
[2.057s] -- Installing: /home/oh/slam_ws/src/install/ros2_control_demo_description/share/ros2_control_demo_description/r6bot/meshes/visual/link_6.dae
[2.057s] -- Installing: /home/oh/slam_ws/src/install/ros2_control_demo_description/share/ros2_control_demo_description/r6bot/srdf
[2.057s] -- Installing: /home/oh/slam_ws/src/install/ros2_control_demo_description/share/ros2_control_demo_description/r6bot/srdf/r6bot.srdf
[2.057s] -- Installing: /home/oh/slam_ws/src/install/ros2_control_demo_description/share/ros2_control_demo_description/r6bot/urdf
[2.057s] -- Installing: /home/oh/slam_ws/src/install/ros2_control_demo_description/share/ros2_control_demo_description/r6bot/urdf/inc
[2.057s] -- Installing: /home/oh/slam_ws/src/install/ros2_control_demo_description/share/ros2_control_demo_description/r6bot/urdf/inc/create_link.xacro
[2.057s] -- Installing: /home/oh/slam_ws/src/install/ros2_control_demo_description/share/ros2_control_demo_description/r6bot/urdf/r6bot_description.urdf.xacro
[2.057s] -- Installing: /home/oh/slam_ws/src/install/ros2_control_demo_description/share/ros2_control_demo_description/r6bot/rviz
[2.058s] -- Installing: /home/oh/slam_ws/src/install/ros2_control_demo_description/share/ros2_control_demo_description/r6bot/rviz/view_robot.rviz
[2.058s] -- Installing: /home/oh/slam_ws/src/install/ros2_control_demo_description/share/ament_index/resource_index/package_run_dependencies/ros2_control_demo_description
[2.058s] -- Installing: /home/oh/slam_ws/src/install/ros2_control_demo_description/share/ament_index/resource_index/parent_prefix_path/ros2_control_demo_description
[2.058s] -- Installing: /home/oh/slam_ws/src/install/ros2_control_demo_description/share/ros2_control_demo_description/environment/ament_prefix_path.sh
[2.058s] -- Installing: /home/oh/slam_ws/src/install/ros2_control_demo_description/share/ros2_control_demo_description/environment/ament_prefix_path.dsv
[2.058s] -- Installing: /home/oh/slam_ws/src/install/ros2_control_demo_description/share/ros2_control_demo_description/environment/path.sh
[2.058s] -- Installing: /home/oh/slam_ws/src/install/ros2_control_demo_description/share/ros2_control_demo_description/environment/path.dsv
[2.058s] -- Installing: /home/oh/slam_ws/src/install/ros2_control_demo_description/share/ros2_control_demo_description/local_setup.bash
[2.058s] -- Installing: /home/oh/slam_ws/src/install/ros2_control_demo_description/share/ros2_control_demo_description/local_setup.sh
[2.058s] -- Installing: /home/oh/slam_ws/src/install/ros2_control_demo_description/share/ros2_control_demo_description/local_setup.zsh
[2.058s] -- Installing: /home/oh/slam_ws/src/install/ros2_control_demo_description/share/ros2_control_demo_description/local_setup.dsv
[2.058s] -- Installing: /home/oh/slam_ws/src/install/ros2_control_demo_description/share/ros2_control_demo_description/package.dsv
[2.058s] -- Installing: /home/oh/slam_ws/src/install/ros2_control_demo_description/share/ament_index/resource_index/packages/ros2_control_demo_description
[2.059s] -- Installing: /home/oh/slam_ws/src/install/ros2_control_demo_description/share/ros2_control_demo_description/cmake/ros2_control_demo_descriptionConfig.cmake
[2.059s] -- Installing: /home/oh/slam_ws/src/install/ros2_control_demo_description/share/ros2_control_demo_description/cmake/ros2_control_demo_descriptionConfig-version.cmake
[2.059s] -- Installing: /home/oh/slam_ws/src/install/ros2_control_demo_description/share/ros2_control_demo_description/package.xml
[2.076s] Invoked command in '/home/oh/slam_ws/src/build/ros2_control_demo_description' returned '0': CMAKE_PREFIX_PATH=${CMAKE_PREFIX_PATH}:/home/oh/slam_ws/install/ros2_aruco:/home/oh/slam_ws/install/my_tf_package:/home/oh/slam_ws/install/my_tf2_package:/home/oh/slam_ws/install/my_docking:/home/oh/slam_ws/install/my_aruco_to_goal_pose_pkg:/home/oh/slam_ws/install/escape_from_cart:/opt/ros/humble /usr/bin/cmake --install /home/oh/slam_ws/src/build/ros2_control_demo_description
