[35m[1mConsolidate compiler generated dependencies of target ydlidar_sdk[0m
[ 45%] Built target ydlidar_sdk
[35m[1mConsolidate compiler generated dependencies of target gs_test[0m
[35m[1mConsolidate compiler generated dependencies of target et_test[0m
[35m[1mConsolidate compiler generated dependencies of target scl_test[0m
[35m[1mConsolidate compiler generated dependencies of target tmini_test[0m
[35m[1mConsolidate compiler generated dependencies of target sdm_test[0m
[35m[1mConsolidate compiler generated dependencies of target tof_test[0m
[35m[1mConsolidate compiler generated dependencies of target tri_and_gs_test[0m
[35m[1mConsolidate compiler generated dependencies of target tri_restart[0m
[ 50%] Built target et_test
[ 55%] Built target gs_test
[ 60%] Built target scl_test
[ 65%] Built target sdm_test
[ 70%] Built target tof_test
[ 75%] Built target tmini_test
[ 80%] Built target tri_restart
[ 85%] Built target tri_and_gs_test
[35m[1mConsolidate compiler generated dependencies of target tri_test[0m
[35m[1mConsolidate compiler generated dependencies of target lidar_test[0m
[35m[1mConsolidate compiler generated dependencies of target lidar_c_api_test[0m
[ 90%] Built target tri_test
[ 95%] Built target lidar_c_api_test
[100%] Built target lidar_test
-- Install configuration: ""
-- Installing: /home/oh/slam_ws/install/ydlidar_sdk/include/core/base/datatype.h
-- Installing: /home/oh/slam_ws/install/ydlidar_sdk/include/core/base/locker.h
-- Installing: /home/oh/slam_ws/install/ydlidar_sdk/include/core/base/thread.h
-- Installing: /home/oh/slam_ws/install/ydlidar_sdk/include/core/base/timer.h
-- Installing: /home/oh/slam_ws/install/ydlidar_sdk/include/core/base/typedef.h
-- Installing: /home/oh/slam_ws/install/ydlidar_sdk/include/core/base/utils.h
-- Installing: /home/oh/slam_ws/install/ydlidar_sdk/include/core/base/v8stdint.h
-- Installing: /home/oh/slam_ws/install/ydlidar_sdk/include/core/base/ydlidar.h
-- Installing: /home/oh/slam_ws/install/ydlidar_sdk/include/core/common/ChannelDevice.h
-- Installing: /home/oh/slam_ws/install/ydlidar_sdk/include/core/common/DriverInterface.h
-- Installing: /home/oh/slam_ws/install/ydlidar_sdk/include/core/common/ydlidar_datatype.h
-- Installing: /home/oh/slam_ws/install/ydlidar_sdk/include/core/common/ydlidar_def.h
-- Installing: /home/oh/slam_ws/install/ydlidar_sdk/include/core/common/ydlidar_help.h
-- Installing: /home/oh/slam_ws/install/ydlidar_sdk/include/core/common/ydlidar_protocol.h
-- Installing: /home/oh/slam_ws/install/ydlidar_sdk/include/core/math/angles.h
-- Installing: /home/oh/slam_ws/install/ydlidar_sdk/include/core/network/ActiveSocket.h
-- Installing: /home/oh/slam_ws/install/ydlidar_sdk/include/core/network/PassiveSocket.h
-- Installing: /home/oh/slam_ws/install/ydlidar_sdk/include/core/network/SimpleSocket.h
-- Installing: /home/oh/slam_ws/install/ydlidar_sdk/include/core/network/StatTimer.h
-- Installing: /home/oh/slam_ws/install/ydlidar_sdk/include/core/serial/common.h
-- Installing: /home/oh/slam_ws/install/ydlidar_sdk/include/core/serial/serial.h
-- Installing: /home/oh/slam_ws/install/ydlidar_sdk/include/core/serial/impl/unix/lock.h
-- Installing: /home/oh/slam_ws/install/ydlidar_sdk/include/core/serial/impl/unix/unix.h
-- Installing: /home/oh/slam_ws/install/ydlidar_sdk/include/core/serial/impl/unix/unix_serial.h
-- Installing: /home/oh/slam_ws/install/ydlidar_sdk/include/src/CYdLidar.h
-- Installing: /home/oh/slam_ws/install/ydlidar_sdk/include/src/ETLidarDriver.h
-- Installing: /home/oh/slam_ws/install/ydlidar_sdk/include/src/GSLidarDriver.h
-- Installing: /home/oh/slam_ws/install/ydlidar_sdk/include/src/SDMLidarDriver.h
-- Installing: /home/oh/slam_ws/install/ydlidar_sdk/include/src/YDlidarDriver.h
-- Installing: /home/oh/slam_ws/install/ydlidar_sdk/include/src/ydlidar_sdk.h
-- Installing: /home/oh/slam_ws/install/ydlidar_sdk/include/src/filters/FilterInterface.h
-- Installing: /home/oh/slam_ws/install/ydlidar_sdk/include/src/filters/NoiseFilter.h
-- Installing: /home/oh/slam_ws/install/ydlidar_sdk/include/src/filters/StrongLightFilter.h
-- Installing: /home/oh/slam_ws/install/ydlidar_sdk/include/ydlidar_config.h
-- Installing: /home/oh/slam_ws/install/ydlidar_sdk/lib/libydlidar_sdk.a
-- Installing: /home/oh/slam_ws/install/ydlidar_sdk/lib/pkgconfig/YDLIDAR_SDK.pc
-- Installing: /home/oh/slam_ws/install/ydlidar_sdk/lib/cmake/ydlidar_sdk/ydlidar_sdkConfig.cmake
-- Installing: /home/oh/slam_ws/install/ydlidar_sdk/lib/cmake/ydlidar_sdk/ydlidar_sdkTargets.cmake
-- Installing: /home/oh/slam_ws/install/ydlidar_sdk/lib/cmake/ydlidar_sdk/ydlidar_sdkConfigVersion.cmake
-- Installing: /home/oh/slam_ws/install/ydlidar_sdk/share/YDLIDAR_SDK/FindYDLIDAR_SDK.cmake
-- Up-to-date: /home/oh/slam_ws/install/ydlidar_sdk/share/YDLIDAR_SDK
-- Installing: /home/oh/slam_ws/install/ydlidar_sdk/share/YDLIDAR_SDK/FindPackage.cmake.in
-- Installing: /home/oh/slam_ws/install/ydlidar_sdk/share/YDLIDAR_SDK/cmake_uninstall.cmake.in
-- Installing: /home/oh/slam_ws/install/ydlidar_sdk/share/YDLIDAR_SDK/script_show_final_summary.cmake
-- Installing: /home/oh/slam_ws/install/ydlidar_sdk/share/YDLIDAR_SDK/common
-- Installing: /home/oh/slam_ws/install/ydlidar_sdk/share/YDLIDAR_SDK/common/ydlidar_base.cmake
-- Installing: /home/oh/slam_ws/install/ydlidar_sdk/share/YDLIDAR_SDK/common/ydlidar_parse.cmake
-- Installing: /home/oh/slam_ws/install/ydlidar_sdk/share/YDLIDAR_SDK/PackageConfig.cmake.in
-- Installing: /home/oh/slam_ws/install/ydlidar_sdk/share/YDLIDAR_SDK/install_package.cmake
-- Installing: /home/oh/slam_ws/install/ydlidar_sdk/share/YDLIDAR_SDK/PackageConfigVersion.cmake.in
-- Installing: /home/oh/slam_ws/install/ydlidar_sdk/share/YDLIDAR_SDK/PkgConfig.pc.in
-- Installing: /home/oh/slam_ws/install/ydlidar_sdk/share/YDLIDAR_SDK/LICENSE.txt
-- Installing: /home/oh/slam_ws/install/ydlidar_sdk/share/YDLIDAR_SDK/README.md
-- Installing: /home/oh/slam_ws/install/ydlidar_sdk/share/YDLIDAR_SDK/doc
-- Installing: /home/oh/slam_ws/install/ydlidar_sdk/share/YDLIDAR_SDK/doc/Dataset.md
-- Installing: /home/oh/slam_ws/install/ydlidar_sdk/share/YDLIDAR_SDK/doc/images
-- Installing: /home/oh/slam_ws/install/ydlidar_sdk/share/YDLIDAR_SDK/doc/images/frame_intensity.png
-- Installing: /home/oh/slam_ws/install/ydlidar_sdk/share/YDLIDAR_SDK/doc/images/FlowChart.png
-- Installing: /home/oh/slam_ws/install/ydlidar_sdk/share/YDLIDAR_SDK/doc/images/YDLidar.jpg
-- Installing: /home/oh/slam_ws/install/ydlidar_sdk/share/YDLIDAR_SDK/doc/images/frame.png
-- Installing: /home/oh/slam_ws/install/ydlidar_sdk/share/YDLIDAR_SDK/doc/images/angle_q2.png
-- Installing: /home/oh/slam_ws/install/ydlidar_sdk/share/YDLIDAR_SDK/doc/images/system_workflow.png
-- Installing: /home/oh/slam_ws/install/ydlidar_sdk/share/YDLIDAR_SDK/doc/images/sequence.png
-- Installing: /home/oh/slam_ws/install/ydlidar_sdk/share/YDLIDAR_SDK/doc/images/communication_mechanism.png
-- Installing: /home/oh/slam_ws/install/ydlidar_sdk/share/YDLIDAR_SDK/doc/images/sdk_scanning.png
-- Installing: /home/oh/slam_ws/install/ydlidar_sdk/share/YDLIDAR_SDK/doc/images/YDLidar.png
-- Installing: /home/oh/slam_ws/install/ydlidar_sdk/share/YDLIDAR_SDK/doc/images/sdk_init.png
-- Installing: /home/oh/slam_ws/install/ydlidar_sdk/share/YDLIDAR_SDK/doc/images/sdk_architecture.png
-- Installing: /home/oh/slam_ws/install/ydlidar_sdk/share/YDLIDAR_SDK/doc/images/EAI.png
-- Installing: /home/oh/slam_ws/install/ydlidar_sdk/share/YDLIDAR_SDK/doc/Diagram.md
-- Installing: /home/oh/slam_ws/install/ydlidar_sdk/share/YDLIDAR_SDK/doc/YDLIDAR_SDK_API_for_Developers.md
-- Installing: /home/oh/slam_ws/install/ydlidar_sdk/share/YDLIDAR_SDK/doc/YDLidar-SDK-Communication-Protocol.html
-- Installing: /home/oh/slam_ws/install/ydlidar_sdk/share/YDLIDAR_SDK/doc/YDLidar-SDK-Communication-Protocol.pdf
-- Installing: /home/oh/slam_ws/install/ydlidar_sdk/share/YDLIDAR_SDK/doc/YDLidar_SDK_Communication_Protocol.pdf
-- Installing: /home/oh/slam_ws/install/ydlidar_sdk/share/YDLIDAR_SDK/doc/quickstart
-- Installing: /home/oh/slam_ws/install/ydlidar_sdk/share/YDLIDAR_SDK/doc/quickstart/ydlidar_sdk_software_installation_guide.md
-- Installing: /home/oh/slam_ws/install/ydlidar_sdk/share/YDLIDAR_SDK/doc/quickstart/README.md
-- Installing: /home/oh/slam_ws/install/ydlidar_sdk/share/YDLIDAR_SDK/doc/Tutorials.md
-- Installing: /home/oh/slam_ws/install/ydlidar_sdk/share/YDLIDAR_SDK/doc/YDLidar-SDK-Communication-Protocol.md
-- Installing: /home/oh/slam_ws/install/ydlidar_sdk/share/YDLIDAR_SDK/doc/howto
-- Installing: /home/oh/slam_ws/install/ydlidar_sdk/share/YDLIDAR_SDK/doc/howto/how_to_create_a_pull.md
-- Installing: /home/oh/slam_ws/install/ydlidar_sdk/share/YDLIDAR_SDK/doc/howto/images
-- Installing: /home/oh/slam_ws/install/ydlidar_sdk/share/YDLIDAR_SDK/doc/howto/images/csharp_build.png
-- Installing: /home/oh/slam_ws/install/ydlidar_sdk/share/YDLIDAR_SDK/doc/howto/images/vscode
-- Installing: /home/oh/slam_ws/install/ydlidar_sdk/share/YDLIDAR_SDK/doc/howto/images/vscode/tasks.png
-- Installing: /home/oh/slam_ws/install/ydlidar_sdk/share/YDLIDAR_SDK/doc/howto/images/vscode/run_tasks.jpg
-- Installing: /home/oh/slam_ws/install/ydlidar_sdk/share/YDLIDAR_SDK/doc/howto/images/ydlidar_lidar_monitor.png
-- Installing: /home/oh/slam_ws/install/ydlidar_sdk/share/YDLIDAR_SDK/doc/howto/images/csharp_running.png
-- Installing: /home/oh/slam_ws/install/ydlidar_sdk/share/YDLIDAR_SDK/doc/howto/images/ttyUSB1.png
-- Installing: /home/oh/slam_ws/install/ydlidar_sdk/share/YDLIDAR_SDK/doc/howto/images/sequence.png
-- Installing: /home/oh/slam_ws/install/ydlidar_sdk/share/YDLIDAR_SDK/doc/howto/images/cpack.png
-- Installing: /home/oh/slam_ws/install/ydlidar_sdk/share/YDLIDAR_SDK/doc/howto/images/sdk_scanning.png
-- Installing: /home/oh/slam_ws/install/ydlidar_sdk/share/YDLIDAR_SDK/doc/howto/images/csharp_exception.png
-- Installing: /home/oh/slam_ws/install/ydlidar_sdk/share/YDLIDAR_SDK/doc/howto/images/sdk_init.png
-- Installing: /home/oh/slam_ws/install/ydlidar_sdk/share/YDLIDAR_SDK/doc/howto/images/csharp_project.png
-- Installing: /home/oh/slam_ws/install/ydlidar_sdk/share/YDLIDAR_SDK/doc/howto/images/ttyUSB0.png
-- Installing: /home/oh/slam_ws/install/ydlidar_sdk/share/YDLIDAR_SDK/doc/howto/images/csharp_library.png
-- Installing: /home/oh/slam_ws/install/ydlidar_sdk/share/YDLIDAR_SDK/doc/howto/how_to_build_and_debug_using_vscode.md
-- Installing: /home/oh/slam_ws/install/ydlidar_sdk/share/YDLIDAR_SDK/doc/howto/how_to_create_a_csharp_project.md
-- Installing: /home/oh/slam_ws/install/ydlidar_sdk/share/YDLIDAR_SDK/doc/howto/README.md
-- Installing: /home/oh/slam_ws/install/ydlidar_sdk/share/YDLIDAR_SDK/doc/howto/how_to_solve_slow_pull_from_cn.md
-- Installing: /home/oh/slam_ws/install/ydlidar_sdk/share/YDLIDAR_SDK/doc/howto/how_to_gerenrate_vs_project_by_cmake.md
-- Installing: /home/oh/slam_ws/install/ydlidar_sdk/share/YDLIDAR_SDK/doc/howto/how_to_create_a_udev_rules.md
-- Installing: /home/oh/slam_ws/install/ydlidar_sdk/share/YDLIDAR_SDK/doc/howto/how_to_build_and_install.md
-- Installing: /home/oh/slam_ws/install/ydlidar_sdk/share/YDLIDAR_SDK/doc/README.md
-- Installing: /home/oh/slam_ws/install/ydlidar_sdk/share/YDLIDAR_SDK/doc/FAQs
-- Installing: /home/oh/slam_ws/install/ydlidar_sdk/share/YDLIDAR_SDK/doc/FAQs/General_FAQs.md
-- Installing: /home/oh/slam_ws/install/ydlidar_sdk/share/YDLIDAR_SDK/doc/FAQs/Hardware_FAQs_cn.md
-- Installing: /home/oh/slam_ws/install/ydlidar_sdk/share/YDLIDAR_SDK/doc/FAQs/Software_FAQs_cn.md
-- Installing: /home/oh/slam_ws/install/ydlidar_sdk/share/YDLIDAR_SDK/doc/FAQs/Hardware_FAQs.md
-- Installing: /home/oh/slam_ws/install/ydlidar_sdk/share/YDLIDAR_SDK/doc/FAQs/Software_FAQs.md
-- Installing: /home/oh/slam_ws/install/ydlidar_sdk/share/YDLIDAR_SDK/doc/FAQs/General_FAQs_cn.md
-- Installing: /home/oh/slam_ws/install/ydlidar_sdk/share/YDLIDAR_SDK/doc/FAQs/README.md
-- Installing: /home/oh/slam_ws/install/ydlidar_sdk/share/YDLIDAR_SDK/doc/SDK.pdf
-- Installing: /home/oh/slam_ws/install/ydlidar_sdk/share/YDLIDAR_SDK/doc/tutorials
-- Installing: /home/oh/slam_ws/install/ydlidar_sdk/share/YDLIDAR_SDK/doc/tutorials/examine_the_simple_lidar_tutorial.md
-- Installing: /home/oh/slam_ws/install/ydlidar_sdk/share/YDLIDAR_SDK/doc/tutorials/writing_lidar_tutorial_python.md
-- Installing: /home/oh/slam_ws/install/ydlidar_sdk/share/YDLIDAR_SDK/doc/tutorials/writing_lidar_tutorial_c.md
-- Installing: /home/oh/slam_ws/install/ydlidar_sdk/share/YDLIDAR_SDK/doc/tutorials/writing_lidar_tutorial_c++.md
-- Installing: /home/oh/slam_ws/install/ydlidar_sdk/share/YDLIDAR_SDK/doc/tutorials/writing_lidar_network_adapter_tutorial_c++.md
-- Installing: /home/oh/slam_ws/install/ydlidar_sdk/startup/initenv.sh
-- Installing: /home/oh/slam_ws/install/ydlidar_sdk/bin/et_test
-- Installing: /home/oh/slam_ws/install/ydlidar_sdk/bin/gs_test
-- Installing: /home/oh/slam_ws/install/ydlidar_sdk/bin/scl_test
-- Installing: /home/oh/slam_ws/install/ydlidar_sdk/bin/sdm_test
-- Installing: /home/oh/slam_ws/install/ydlidar_sdk/bin/tmini_test
-- Installing: /home/oh/slam_ws/install/ydlidar_sdk/bin/tof_test
-- Installing: /home/oh/slam_ws/install/ydlidar_sdk/bin/tri_and_gs_test
-- Installing: /home/oh/slam_ws/install/ydlidar_sdk/bin/tri_restart
-- Installing: /home/oh/slam_ws/install/ydlidar_sdk/bin/tri_test
-- Installing: /home/oh/slam_ws/install/ydlidar_sdk/bin/lidar_c_api_test
