[0.033s] Invoking command in '/home/oh/slam_ws/build/ydlidar_ros2_driver': CMAKE_PREFIX_PATH=${CMAKE_PREFIX_PATH}:/home/oh/slam_ws/install/ros2_aruco:/home/oh/slam_ws/install/my_tf_package:/home/oh/slam_ws/install/my_tf2_package:/opt/ros/humble /usr/bin/cmake /home/oh/slam_ws/src/ydlidar_ros2_driver -DCMAKE_INSTALL_PREFIX=/home/oh/slam_ws/install/ydlidar_ros2_driver
[0.162s] -- The C compiler identification is GNU 11.4.0
[0.270s] -- The CXX compiler identification is GNU 11.4.0
[0.283s] -- Detecting C compiler ABI info
[0.355s] -- Detecting C compiler ABI info - done
[0.365s] -- Check for working C compiler: /usr/bin/cc - skipped
[0.365s] -- Detecting C compile features
[0.366s] -- Detecting C compile features - done
[0.370s] -- Detecting CXX compiler ABI info
[0.433s] -- Detecting CXX compiler ABI info - done
[0.439s] -- Check for working CXX compiler: /usr/bin/c++ - skipped
[0.440s] -- Detecting CXX compile features
[0.440s] -- Detecting CXX compile features - done
[0.447s] -- Found ament_cmake: 1.3.8 (/opt/ros/humble/share/ament_cmake/cmake)
[0.577s] -- Found Python3: /usr/bin/python3 (found version "3.10.12") found components: Interpreter 
[0.672s] -- Found rclcpp: 16.0.8 (/opt/ros/humble/share/rclcpp/cmake)
[0.759s] -- Found rosidl_generator_c: 3.1.5 (/opt/ros/humble/share/rosidl_generator_c/cmake)
[0.772s] -- Found rosidl_adapter: 3.1.5 (/opt/ros/humble/share/rosidl_adapter/cmake)
[0.815s] -- Found rosidl_generator_cpp: 3.1.5 (/opt/ros/humble/share/rosidl_generator_cpp/cmake)
[0.873s] -- Using all available rosidl_typesupport_c: rosidl_typesupport_fastrtps_c;rosidl_typesupport_introspection_c
[0.916s] -- Using all available rosidl_typesupport_cpp: rosidl_typesupport_fastrtps_cpp;rosidl_typesupport_introspection_cpp
[1.105s] -- Found rmw_implementation_cmake: 6.1.1 (/opt/ros/humble/share/rmw_implementation_cmake/cmake)
[1.113s] -- Found rmw_fastrtps_cpp: 6.2.6 (/opt/ros/humble/share/rmw_fastrtps_cpp/cmake)
[1.514s] -- Found OpenSSL: /usr/lib/x86_64-linux-gnu/libcrypto.so (found version "3.0.2")  
[1.555s] -- Found FastRTPS: /opt/ros/humble/include  
[1.628s] -- Using RMW implementation 'rmw_fastrtps_cpp' as default
[1.649s] -- Looking for pthread.h
[1.722s] -- Looking for pthread.h - found
[1.722s] -- Performing Test CMAKE_HAVE_LIBC_PTHREAD
[1.800s] -- Performing Test CMAKE_HAVE_LIBC_PTHREAD - Success
[1.801s] -- Found Threads: TRUE  
[1.935s] -- Found sensor_msgs: 4.2.3 (/opt/ros/humble/share/sensor_msgs/cmake)
[2.038s] -- Found visualization_msgs: 4.2.3 (/opt/ros/humble/share/visualization_msgs/cmake)
[2.237s] -- Found std_srvs: 4.2.3 (/opt/ros/humble/share/std_srvs/cmake)
[2.291s] -- Found laser_geometry: 2.4.0 (/opt/ros/humble/share/laser_geometry/cmake)
[2.426s] -- Found tf2_ros: 0.25.6 (/opt/ros/humble/share/tf2_ros/cmake)
[2.917s] [31mCMake Error at CMakeLists.txt:29 (find_package):
[2.917s]   By not providing "Findydlidar_sdk.cmake" in CMAKE_MODULE_PATH this project
[2.917s]   has asked CMake to find a package configuration file provided by
[2.917s]   "ydlidar_sdk", but CMake did not find one.
[2.917s] 
[2.917s]   Could not find a package configuration file provided by "ydlidar_sdk" with
[2.917s]   any of the following names:
[2.917s] 
[2.917s]     ydlidar_sdkConfig.cmake
[2.917s]     ydlidar_sdk-config.cmake
[2.917s] 
[2.917s]   Add the installation prefix of "ydlidar_sdk" to CMAKE_PREFIX_PATH or set
[2.918s]   "ydlidar_sdk_DIR" to a directory containing one of the above files.  If
[2.918s]   "ydlidar_sdk" provides a separate development package or SDK, be sure it
[2.918s]   has been installed.
[2.918s] 
[2.918s] [0m
[2.918s] -- Configuring incomplete, errors occurred!
[2.918s] See also "/home/oh/slam_ws/build/ydlidar_ros2_driver/CMakeFiles/CMakeOutput.log".
[2.925s] Invoked command in '/home/oh/slam_ws/build/ydlidar_ros2_driver' returned '1': CMAKE_PREFIX_PATH=${CMAKE_PREFIX_PATH}:/home/oh/slam_ws/install/ros2_aruco:/home/oh/slam_ws/install/my_tf_package:/home/oh/slam_ws/install/my_tf2_package:/opt/ros/humble /usr/bin/cmake /home/oh/slam_ws/src/ydlidar_ros2_driver -DCMAKE_INSTALL_PREFIX=/home/oh/slam_ws/install/ydlidar_ros2_driver
