[1.037s] Invoking command in '/home/oh/slam_ws/src/my_tf2_package': PYTHONPATH=/home/oh/slam_ws/src/build/my_tf2_package/prefix_override:/home/oh/slam_ws/src/install/my_tf2_package/lib/python3.10/site-packages:${PYTHONPATH} /usr/bin/python3 -W ignore:setup.py install is deprecated setup.py egg_info --egg-base ../build/my_tf2_package build --build-base /home/oh/slam_ws/src/build/my_tf2_package/build install --record /home/oh/slam_ws/src/build/my_tf2_package/install.log --single-version-externally-managed install_data
[1.432s] running egg_info
[1.433s] creating ../build/my_tf2_package/my_tf2_package.egg-info
[1.442s] writing ../build/my_tf2_package/my_tf2_package.egg-info/PKG-INFO
[1.442s] writing dependency_links to ../build/my_tf2_package/my_tf2_package.egg-info/dependency_links.txt
[1.442s] writing entry points to ../build/my_tf2_package/my_tf2_package.egg-info/entry_points.txt
[1.442s] writing requirements to ../build/my_tf2_package/my_tf2_package.egg-info/requires.txt
[1.442s] writing top-level names to ../build/my_tf2_package/my_tf2_package.egg-info/top_level.txt
[1.442s] writing manifest file '../build/my_tf2_package/my_tf2_package.egg-info/SOURCES.txt'
[1.442s] reading manifest file '../build/my_tf2_package/my_tf2_package.egg-info/SOURCES.txt'
[1.442s] adding license file 'LICENSE'
[1.443s] writing manifest file '../build/my_tf2_package/my_tf2_package.egg-info/SOURCES.txt'
[1.443s] running build
[1.443s] running build_py
[1.443s] creating /home/oh/slam_ws/src/build/my_tf2_package/build
[1.443s] creating /home/oh/slam_ws/src/build/my_tf2_package/build/lib
[1.443s] creating /home/oh/slam_ws/src/build/my_tf2_package/build/lib/my_tf2_package
[1.443s] copying my_tf2_package/my_static_cart_tf2_broadcaster.py -> /home/oh/slam_ws/src/build/my_tf2_package/build/lib/my_tf2_package
[1.443s] copying my_tf2_package/__init__.py -> /home/oh/slam_ws/src/build/my_tf2_package/build/lib/my_tf2_package
[1.443s] running install
[1.443s] running install_lib
[1.444s] creating /home/oh/slam_ws/src/install/my_tf2_package/lib/python3.10/site-packages/my_tf2_package
[1.444s] copying /home/oh/slam_ws/src/build/my_tf2_package/build/lib/my_tf2_package/my_static_cart_tf2_broadcaster.py -> /home/oh/slam_ws/src/install/my_tf2_package/lib/python3.10/site-packages/my_tf2_package
[1.444s] copying /home/oh/slam_ws/src/build/my_tf2_package/build/lib/my_tf2_package/__init__.py -> /home/oh/slam_ws/src/install/my_tf2_package/lib/python3.10/site-packages/my_tf2_package
[1.444s] byte-compiling /home/oh/slam_ws/src/install/my_tf2_package/lib/python3.10/site-packages/my_tf2_package/my_static_cart_tf2_broadcaster.py to my_static_cart_tf2_broadcaster.cpython-310.pyc
[1.444s] byte-compiling /home/oh/slam_ws/src/install/my_tf2_package/lib/python3.10/site-packages/my_tf2_package/__init__.py to __init__.cpython-310.pyc
[1.444s] running install_data
[1.444s] creating /home/oh/slam_ws/src/install/my_tf2_package/share/ament_index
[1.444s] creating /home/oh/slam_ws/src/install/my_tf2_package/share/ament_index/resource_index
[1.444s] creating /home/oh/slam_ws/src/install/my_tf2_package/share/ament_index/resource_index/packages
[1.444s] copying resource/my_tf2_package -> /home/oh/slam_ws/src/install/my_tf2_package/share/ament_index/resource_index/packages
[1.444s] copying package.xml -> /home/oh/slam_ws/src/install/my_tf2_package/share/my_tf2_package
[1.444s] running install_egg_info
[1.446s] Copying ../build/my_tf2_package/my_tf2_package.egg-info to /home/oh/slam_ws/src/install/my_tf2_package/lib/python3.10/site-packages/my_tf2_package-0.0.0-py3.10.egg-info
[1.447s] running install_scripts
[1.474s] Installing my_static_cart_tf2_broadcaster script to /home/oh/slam_ws/src/install/my_tf2_package/lib/my_tf2_package
[1.475s] writing list of installed files to '/home/oh/slam_ws/src/build/my_tf2_package/install.log'
[1.514s] Invoked command in '/home/oh/slam_ws/src/my_tf2_package' returned '0': PYTHONPATH=/home/oh/slam_ws/src/build/my_tf2_package/prefix_override:/home/oh/slam_ws/src/install/my_tf2_package/lib/python3.10/site-packages:${PYTHONPATH} /usr/bin/python3 -W ignore:setup.py install is deprecated setup.py egg_info --egg-base ../build/my_tf2_package build --build-base /home/oh/slam_ws/src/build/my_tf2_package/build install --record /home/oh/slam_ws/src/build/my_tf2_package/install.log --single-version-externally-managed install_data
