[0.007s] Invoking command in '/home/oh/slam_ws/build/ros2_control_demo_example_8': AMENT_PREFIX_PATH=/home/oh/slam_ws/install/ros2_control_demo_description:${AMENT_PREFIX_PATH} CMAKE_PREFIX_PATH=/home/oh/slam_ws/install/ros2_control_demo_description:/opt/ros/humble /usr/bin/cmake /home/oh/slam_ws/src/ros2_control_demos/example_8 -DCMAKE_INSTALL_PREFIX=/home/oh/slam_ws/install/ros2_control_demo_example_8
[1.185s] -- The CXX compiler identification is GNU 11.4.0
[1.185s] -- Detecting CXX compiler ABI info
[1.185s] -- Detecting CXX compiler ABI info - done
[1.185s] -- Check for working CXX compiler: /usr/bin/c++ - skipped
[1.185s] -- Detecting CXX compile features
[1.185s] -- Detecting CXX compile features - done
[1.185s] -- Found ament_cmake: 1.3.8 (/opt/ros/humble/share/ament_cmake/cmake)
[1.185s] -- Found Python3: /usr/bin/python3 (found version "3.10.12") found components: Interpreter 
[1.185s] -- Found hardware_interface: 2.40.0 (/opt/ros/humble/share/hardware_interface/cmake)
[1.185s] -- Found rosidl_generator_c: 3.1.5 (/opt/ros/humble/share/rosidl_generator_c/cmake)
[1.185s] -- Found rosidl_adapter: 3.1.5 (/opt/ros/humble/share/rosidl_adapter/cmake)
[1.186s] -- Found rosidl_generator_cpp: 3.1.5 (/opt/ros/humble/share/rosidl_generator_cpp/cmake)
[1.186s] -- Using all available rosidl_typesupport_c: rosidl_typesupport_fastrtps_c;rosidl_typesupport_introspection_c
[1.186s] -- Using all available rosidl_typesupport_cpp: rosidl_typesupport_fastrtps_cpp;rosidl_typesupport_introspection_cpp
[1.545s] -- Found rmw_implementation_cmake: 6.1.1 (/opt/ros/humble/share/rmw_implementation_cmake/cmake)
[1.548s] -- Found rmw_fastrtps_cpp: 6.2.6 (/opt/ros/humble/share/rmw_fastrtps_cpp/cmake)
[1.601s] -- Found TinyXML2 via Config file: TinyXML2_DIR-NOTFOUND
[1.706s] -- Found OpenSSL: /usr/lib/x86_64-linux-gnu/libcrypto.so (found version "3.0.2")  
[1.710s] -- Found TinyXML2 via Config file: TinyXML2_DIR-NOTFOUND
[1.733s] -- Found FastRTPS: /opt/ros/humble/include  
[1.748s] -- Found TinyXML2 via Config file: TinyXML2_DIR-NOTFOUND
[1.771s] -- Found TinyXML2 via Config file: TinyXML2_DIR-NOTFOUND
[1.797s] -- Using RMW implementation 'rmw_fastrtps_cpp' as default
[1.810s] -- Looking for C++ include pthread.h
[2.164s] -- Looking for C++ include pthread.h - found
[2.164s] -- Performing Test CMAKE_HAVE_LIBC_PTHREAD
[2.321s] -- Performing Test CMAKE_HAVE_LIBC_PTHREAD - Success
[2.323s] -- Found Threads: TRUE  
[2.648s] -- Found transmission_interface: 2.40.0 (/opt/ros/humble/share/transmission_interface/cmake)
[2.935s] -- Found ament_cmake_pytest: 1.3.8 (/opt/ros/humble/share/ament_cmake_pytest/cmake)
[4.461s] -- Configuring done
[4.522s] -- Generating done
[4.524s] -- Build files have been written to: /home/oh/slam_ws/build/ros2_control_demo_example_8
[4.536s] Invoked command in '/home/oh/slam_ws/build/ros2_control_demo_example_8' returned '0': AMENT_PREFIX_PATH=/home/oh/slam_ws/install/ros2_control_demo_description:${AMENT_PREFIX_PATH} CMAKE_PREFIX_PATH=/home/oh/slam_ws/install/ros2_control_demo_description:/opt/ros/humble /usr/bin/cmake /home/oh/slam_ws/src/ros2_control_demos/example_8 -DCMAKE_INSTALL_PREFIX=/home/oh/slam_ws/install/ros2_control_demo_example_8
[4.556s] Invoking command in '/home/oh/slam_ws/build/ros2_control_demo_example_8': AMENT_PREFIX_PATH=/home/oh/slam_ws/install/ros2_control_demo_description:${AMENT_PREFIX_PATH} CMAKE_PREFIX_PATH=/home/oh/slam_ws/install/ros2_control_demo_description:/opt/ros/humble /usr/bin/cmake --build /home/oh/slam_ws/build/ros2_control_demo_example_8 -- -j8 -l8
[5.849s] [ 50%] [32mBuilding CXX object CMakeFiles/ros2_control_demo_example_8.dir/hardware/rrbot_transmissions_system_position_only.cpp.o[0m
[7.262s] [100%] [32m[1mLinking CXX shared library libros2_control_demo_example_8.so[0m
[7.487s] [100%] Built target ros2_control_demo_example_8
[7.504s] Invoked command in '/home/oh/slam_ws/build/ros2_control_demo_example_8' returned '0': AMENT_PREFIX_PATH=/home/oh/slam_ws/install/ros2_control_demo_description:${AMENT_PREFIX_PATH} CMAKE_PREFIX_PATH=/home/oh/slam_ws/install/ros2_control_demo_description:/opt/ros/humble /usr/bin/cmake --build /home/oh/slam_ws/build/ros2_control_demo_example_8 -- -j8 -l8
[7.544s] Invoking command in '/home/oh/slam_ws/build/ros2_control_demo_example_8': AMENT_PREFIX_PATH=/home/oh/slam_ws/install/ros2_control_demo_description:${AMENT_PREFIX_PATH} CMAKE_PREFIX_PATH=/home/oh/slam_ws/install/ros2_control_demo_description:/opt/ros/humble /usr/bin/cmake --install /home/oh/slam_ws/build/ros2_control_demo_example_8
[7.558s] -- Install configuration: ""
[7.558s] -- Installing: /home/oh/slam_ws/install/ros2_control_demo_example_8/share/ros2_control_demo_example_8/ros2_control_demo_example_8.xml
[7.559s] -- Installing: /home/oh/slam_ws/install/ros2_control_demo_example_8/include/ros2_control_demo_example_8
[7.559s] -- Installing: /home/oh/slam_ws/install/ros2_control_demo_example_8/include/ros2_control_demo_example_8/ros2_control_demo_example_8
[7.559s] -- Installing: /home/oh/slam_ws/install/ros2_control_demo_example_8/include/ros2_control_demo_example_8/ros2_control_demo_example_8/rrbot.hpp
[7.559s] -- Installing: /home/oh/slam_ws/install/ros2_control_demo_example_8/include/ros2_control_demo_example_8/ros2_control_demo_example_8/visibility_control.h
[7.559s] -- Installing: /home/oh/slam_ws/install/ros2_control_demo_example_8/include/ros2_control_demo_example_8/ros2_control_demo_example_8/rrbot_transmissions_system_position_only.hpp
[7.559s] -- Installing: /home/oh/slam_ws/install/ros2_control_demo_example_8/share/ros2_control_demo_example_8/launch
[7.559s] -- Installing: /home/oh/slam_ws/install/ros2_control_demo_example_8/share/ros2_control_demo_example_8/launch/view_robot.launch.py
[7.559s] -- Installing: /home/oh/slam_ws/install/ros2_control_demo_example_8/share/ros2_control_demo_example_8/ros2_control
[7.559s] -- Installing: /home/oh/slam_ws/install/ros2_control_demo_example_8/share/ros2_control_demo_example_8/ros2_control/rrbot_transmissions_system_position_only.ros2_control.xacro
[7.559s] -- Installing: /home/oh/slam_ws/install/ros2_control_demo_example_8/share/ros2_control_demo_example_8/urdf
[7.559s] -- Installing: /home/oh/slam_ws/install/ros2_control_demo_example_8/share/ros2_control_demo_example_8/urdf/rrbot_transmissions_system_position_only.urdf.xacro
[7.559s] -- Up-to-date: /home/oh/slam_ws/install/ros2_control_demo_example_8/share/ros2_control_demo_example_8/launch
[7.560s] -- Installing: /home/oh/slam_ws/install/ros2_control_demo_example_8/share/ros2_control_demo_example_8/launch/test_forward_position_controller.launch.py
[7.560s] -- Installing: /home/oh/slam_ws/install/ros2_control_demo_example_8/share/ros2_control_demo_example_8/launch/rrbot_transmissions_system_position_only.launch.py
[7.560s] -- Installing: /home/oh/slam_ws/install/ros2_control_demo_example_8/share/ros2_control_demo_example_8/config
[7.560s] -- Installing: /home/oh/slam_ws/install/ros2_control_demo_example_8/share/ros2_control_demo_example_8/config/rrbot_controllers.yaml
[7.560s] -- Installing: /home/oh/slam_ws/install/ros2_control_demo_example_8/share/ros2_control_demo_example_8/config/rrbot_forward_position_publisher.yaml
[7.560s] -- Installing: /home/oh/slam_ws/install/ros2_control_demo_example_8/lib/libros2_control_demo_example_8.so
[7.560s] -- Set runtime path of "/home/oh/slam_ws/install/ros2_control_demo_example_8/lib/libros2_control_demo_example_8.so" to ""
[7.560s] -- Installing: /home/oh/slam_ws/install/ros2_control_demo_example_8/share/ros2_control_demo_example_8/environment/library_path.sh
[7.560s] -- Installing: /home/oh/slam_ws/install/ros2_control_demo_example_8/share/ros2_control_demo_example_8/environment/library_path.dsv
[7.560s] -- Installing: /home/oh/slam_ws/install/ros2_control_demo_example_8/share/ament_index/resource_index/package_run_dependencies/ros2_control_demo_example_8
[7.560s] -- Installing: /home/oh/slam_ws/install/ros2_control_demo_example_8/share/ament_index/resource_index/parent_prefix_path/ros2_control_demo_example_8
[7.560s] -- Installing: /home/oh/slam_ws/install/ros2_control_demo_example_8/share/ros2_control_demo_example_8/environment/ament_prefix_path.sh
[7.560s] -- Installing: /home/oh/slam_ws/install/ros2_control_demo_example_8/share/ros2_control_demo_example_8/environment/ament_prefix_path.dsv
[7.560s] -- Installing: /home/oh/slam_ws/install/ros2_control_demo_example_8/share/ros2_control_demo_example_8/environment/path.sh
[7.560s] -- Installing: /home/oh/slam_ws/install/ros2_control_demo_example_8/share/ros2_control_demo_example_8/environment/path.dsv
[7.561s] -- Installing: /home/oh/slam_ws/install/ros2_control_demo_example_8/share/ros2_control_demo_example_8/local_setup.bash
[7.561s] -- Installing: /home/oh/slam_ws/install/ros2_control_demo_example_8/share/ros2_control_demo_example_8/local_setup.sh
[7.561s] -- Installing: /home/oh/slam_ws/install/ros2_control_demo_example_8/share/ros2_control_demo_example_8/local_setup.zsh
[7.561s] -- Installing: /home/oh/slam_ws/install/ros2_control_demo_example_8/share/ros2_control_demo_example_8/local_setup.dsv
[7.561s] -- Installing: /home/oh/slam_ws/install/ros2_control_demo_example_8/share/ros2_control_demo_example_8/package.dsv
[7.561s] -- Installing: /home/oh/slam_ws/install/ros2_control_demo_example_8/share/ament_index/resource_index/packages/ros2_control_demo_example_8
[7.561s] -- Installing: /home/oh/slam_ws/install/ros2_control_demo_example_8/share/ament_index/resource_index/hardware_interface__pluginlib__plugin/ros2_control_demo_example_8
[7.561s] -- Installing: /home/oh/slam_ws/install/ros2_control_demo_example_8/share/ros2_control_demo_example_8/cmake/export_ros2_control_demo_example_8Export.cmake
[7.561s] -- Installing: /home/oh/slam_ws/install/ros2_control_demo_example_8/share/ros2_control_demo_example_8/cmake/export_ros2_control_demo_example_8Export-noconfig.cmake
[7.561s] -- Installing: /home/oh/slam_ws/install/ros2_control_demo_example_8/share/ros2_control_demo_example_8/cmake/ament_cmake_export_targets-extras.cmake
[7.561s] -- Installing: /home/oh/slam_ws/install/ros2_control_demo_example_8/share/ros2_control_demo_example_8/cmake/ament_cmake_export_dependencies-extras.cmake
[7.561s] -- Installing: /home/oh/slam_ws/install/ros2_control_demo_example_8/share/ros2_control_demo_example_8/cmake/ros2_control_demo_example_8Config.cmake
[7.561s] -- Installing: /home/oh/slam_ws/install/ros2_control_demo_example_8/share/ros2_control_demo_example_8/cmake/ros2_control_demo_example_8Config-version.cmake
[7.561s] -- Installing: /home/oh/slam_ws/install/ros2_control_demo_example_8/share/ros2_control_demo_example_8/package.xml
[7.579s] Invoked command in '/home/oh/slam_ws/build/ros2_control_demo_example_8' returned '0': AMENT_PREFIX_PATH=/home/oh/slam_ws/install/ros2_control_demo_description:${AMENT_PREFIX_PATH} CMAKE_PREFIX_PATH=/home/oh/slam_ws/install/ros2_control_demo_description:/opt/ros/humble /usr/bin/cmake --install /home/oh/slam_ws/build/ros2_control_demo_example_8
