[0.062s] Invoking command in '/home/oh/slam_ws/src/build/ros2_control_demo_example_8': AMENT_PREFIX_PATH=/home/oh/slam_ws/src/install/ros2_control_demo_description:${AMENT_PREFIX_PATH} CMAKE_PREFIX_PATH=/home/oh/slam_ws/src/install/ros2_control_demo_description:/home/oh/slam_ws/install/usb_cam:/home/oh/slam_ws/install/teleop_twist_joy:/home/oh/slam_ws/install/ros2_control_demos:/home/oh/slam_ws/install/ros2_control_demo_example_9:/home/oh/slam_ws/install/ros2_control_demo_example_8:/home/oh/slam_ws/install/ros2_control_demo_example_7:/home/oh/slam_ws/install/ros2_control_demo_example_6:/home/oh/slam_ws/install/ros2_control_demo_example_5:/home/oh/slam_ws/install/ros2_control_demo_example_4:/home/oh/slam_ws/install/ros2_control_demo_example_3:/home/oh/slam_ws/install/ros2_control_demo_example_2:/home/oh/slam_ws/install/ros2_control_demo_example_14:/home/oh/slam_ws/install/ros2_control_demo_example_12:/home/oh/slam_ws/install/ros2_control_demo_example_11:/home/oh/slam_ws/install/ros2_control_demo_example_10:/home/oh/slam_ws/install/ros2_control_demo_example_1:/home/oh/slam_ws/install/odrive_ros2_control:/home/oh/slam_ws/install/odrive_demo_bringup:/home/oh/slam_ws/install/odrive_demo_description:/home/oh/slam_ws/install/ros2_control_demo_description:/home/oh/slam_ws/install/ros2_aruco_interfaces:/home/oh/slam_ws/install/realsense2_description:/home/oh/slam_ws/install/realsense2_camera:/home/oh/slam_ws/install/realsense2_camera_msgs:/home/oh/slam_ws/install/odrive_hardware_interface:/home/oh/slam_ws/install/my_slam_package:/home/oh/slam_ws/install/my_bot_description:/home/oh/slam_ws/install/my_action_interface:/home/oh/slam_ws/install/ros2_aruco:/home/oh/slam_ws/install/my_tf_package:/home/oh/slam_ws/install/my_tf2_package:/home/oh/slam_ws/install/my_docking:/home/oh/slam_ws/install/my_aruco_to_goal_pose_pkg:/home/oh/slam_ws/install/escape_from_cart:/opt/ros/humble /usr/bin/cmake /home/oh/slam_ws/src/ros2_control_demos/example_8 -DCMAKE_INSTALL_PREFIX=/home/oh/slam_ws/src/install/ros2_control_demo_example_8
[1.476s] -- The CXX compiler identification is GNU 11.4.0
[1.476s] -- Detecting CXX compiler ABI info
[1.476s] -- Detecting CXX compiler ABI info - done
[1.476s] -- Check for working CXX compiler: /usr/bin/c++ - skipped
[1.476s] -- Detecting CXX compile features
[1.476s] -- Detecting CXX compile features - done
[1.477s] -- Found ament_cmake: 1.3.8 (/opt/ros/humble/share/ament_cmake/cmake)
[1.477s] -- Found Python3: /usr/bin/python3 (found version "3.10.12") found components: Interpreter 
[1.477s] -- Found hardware_interface: 2.40.0 (/opt/ros/humble/share/hardware_interface/cmake)
[1.477s] -- Found rosidl_generator_c: 3.1.5 (/opt/ros/humble/share/rosidl_generator_c/cmake)
[1.477s] -- Found rosidl_adapter: 3.1.5 (/opt/ros/humble/share/rosidl_adapter/cmake)
[1.477s] -- Found rosidl_generator_cpp: 3.1.5 (/opt/ros/humble/share/rosidl_generator_cpp/cmake)
[1.477s] -- Using all available rosidl_typesupport_c: rosidl_typesupport_fastrtps_c;rosidl_typesupport_introspection_c
[1.477s] -- Using all available rosidl_typesupport_cpp: rosidl_typesupport_fastrtps_cpp;rosidl_typesupport_introspection_cpp
[2.458s] -- Found rmw_implementation_cmake: 6.1.1 (/opt/ros/humble/share/rmw_implementation_cmake/cmake)
[2.467s] -- Found rmw_fastrtps_cpp: 6.2.6 (/opt/ros/humble/share/rmw_fastrtps_cpp/cmake)
[2.537s] -- Found TinyXML2 via Config file: TinyXML2_DIR-NOTFOUND
[2.760s] -- Found OpenSSL: /usr/lib/x86_64-linux-gnu/libcrypto.so (found version "3.0.2")  
[2.764s] -- Found TinyXML2 via Config file: TinyXML2_DIR-NOTFOUND
[2.799s] -- Found FastRTPS: /opt/ros/humble/include  
[2.824s] -- Found TinyXML2 via Config file: TinyXML2_DIR-NOTFOUND
[2.836s] -- Found TinyXML2 via Config file: TinyXML2_DIR-NOTFOUND
[2.862s] -- Using RMW implementation 'rmw_fastrtps_cpp' as default
[2.886s] -- Looking for C++ include pthread.h
[3.069s] -- Looking for C++ include pthread.h - found
[3.070s] -- Performing Test CMAKE_HAVE_LIBC_PTHREAD
[3.374s] -- Performing Test CMAKE_HAVE_LIBC_PTHREAD - Success
[3.376s] -- Found Threads: TRUE  
[3.742s] -- Found transmission_interface: 2.40.0 (/opt/ros/humble/share/transmission_interface/cmake)
[4.143s] -- Found ament_cmake_pytest: 1.3.8 (/opt/ros/humble/share/ament_cmake_pytest/cmake)
[5.230s] -- Configuring done
[5.288s] -- Generating done
[5.295s] -- Build files have been written to: /home/oh/slam_ws/src/build/ros2_control_demo_example_8
[5.314s] Invoked command in '/home/oh/slam_ws/src/build/ros2_control_demo_example_8' returned '0': AMENT_PREFIX_PATH=/home/oh/slam_ws/src/install/ros2_control_demo_description:${AMENT_PREFIX_PATH} CMAKE_PREFIX_PATH=/home/oh/slam_ws/src/install/ros2_control_demo_description:/home/oh/slam_ws/install/usb_cam:/home/oh/slam_ws/install/teleop_twist_joy:/home/oh/slam_ws/install/ros2_control_demos:/home/oh/slam_ws/install/ros2_control_demo_example_9:/home/oh/slam_ws/install/ros2_control_demo_example_8:/home/oh/slam_ws/install/ros2_control_demo_example_7:/home/oh/slam_ws/install/ros2_control_demo_example_6:/home/oh/slam_ws/install/ros2_control_demo_example_5:/home/oh/slam_ws/install/ros2_control_demo_example_4:/home/oh/slam_ws/install/ros2_control_demo_example_3:/home/oh/slam_ws/install/ros2_control_demo_example_2:/home/oh/slam_ws/install/ros2_control_demo_example_14:/home/oh/slam_ws/install/ros2_control_demo_example_12:/home/oh/slam_ws/install/ros2_control_demo_example_11:/home/oh/slam_ws/install/ros2_control_demo_example_10:/home/oh/slam_ws/install/ros2_control_demo_example_1:/home/oh/slam_ws/install/odrive_ros2_control:/home/oh/slam_ws/install/odrive_demo_bringup:/home/oh/slam_ws/install/odrive_demo_description:/home/oh/slam_ws/install/ros2_control_demo_description:/home/oh/slam_ws/install/ros2_aruco_interfaces:/home/oh/slam_ws/install/realsense2_description:/home/oh/slam_ws/install/realsense2_camera:/home/oh/slam_ws/install/realsense2_camera_msgs:/home/oh/slam_ws/install/odrive_hardware_interface:/home/oh/slam_ws/install/my_slam_package:/home/oh/slam_ws/install/my_bot_description:/home/oh/slam_ws/install/my_action_interface:/home/oh/slam_ws/install/ros2_aruco:/home/oh/slam_ws/install/my_tf_package:/home/oh/slam_ws/install/my_tf2_package:/home/oh/slam_ws/install/my_docking:/home/oh/slam_ws/install/my_aruco_to_goal_pose_pkg:/home/oh/slam_ws/install/escape_from_cart:/opt/ros/humble /usr/bin/cmake /home/oh/slam_ws/src/ros2_control_demos/example_8 -DCMAKE_INSTALL_PREFIX=/home/oh/slam_ws/src/install/ros2_control_demo_example_8
[5.314s] Invoking command in '/home/oh/slam_ws/src/build/ros2_control_demo_example_8': AMENT_PREFIX_PATH=/home/oh/slam_ws/src/install/ros2_control_demo_description:${AMENT_PREFIX_PATH} CMAKE_PREFIX_PATH=/home/oh/slam_ws/src/install/ros2_control_demo_description:/home/oh/slam_ws/install/usb_cam:/home/oh/slam_ws/install/teleop_twist_joy:/home/oh/slam_ws/install/ros2_control_demos:/home/oh/slam_ws/install/ros2_control_demo_example_9:/home/oh/slam_ws/install/ros2_control_demo_example_8:/home/oh/slam_ws/install/ros2_control_demo_example_7:/home/oh/slam_ws/install/ros2_control_demo_example_6:/home/oh/slam_ws/install/ros2_control_demo_example_5:/home/oh/slam_ws/install/ros2_control_demo_example_4:/home/oh/slam_ws/install/ros2_control_demo_example_3:/home/oh/slam_ws/install/ros2_control_demo_example_2:/home/oh/slam_ws/install/ros2_control_demo_example_14:/home/oh/slam_ws/install/ros2_control_demo_example_12:/home/oh/slam_ws/install/ros2_control_demo_example_11:/home/oh/slam_ws/install/ros2_control_demo_example_10:/home/oh/slam_ws/install/ros2_control_demo_example_1:/home/oh/slam_ws/install/odrive_ros2_control:/home/oh/slam_ws/install/odrive_demo_bringup:/home/oh/slam_ws/install/odrive_demo_description:/home/oh/slam_ws/install/ros2_control_demo_description:/home/oh/slam_ws/install/ros2_aruco_interfaces:/home/oh/slam_ws/install/realsense2_description:/home/oh/slam_ws/install/realsense2_camera:/home/oh/slam_ws/install/realsense2_camera_msgs:/home/oh/slam_ws/install/odrive_hardware_interface:/home/oh/slam_ws/install/my_slam_package:/home/oh/slam_ws/install/my_bot_description:/home/oh/slam_ws/install/my_action_interface:/home/oh/slam_ws/install/ros2_aruco:/home/oh/slam_ws/install/my_tf_package:/home/oh/slam_ws/install/my_tf2_package:/home/oh/slam_ws/install/my_docking:/home/oh/slam_ws/install/my_aruco_to_goal_pose_pkg:/home/oh/slam_ws/install/escape_from_cart:/opt/ros/humble /usr/bin/cmake --build /home/oh/slam_ws/src/build/ros2_control_demo_example_8 -- -j8 -l8
[5.733s] [ 50%] [32mBuilding CXX object CMakeFiles/ros2_control_demo_example_8.dir/hardware/rrbot_transmissions_system_position_only.cpp.o[0m
[7.725s] [100%] [32m[1mLinking CXX shared library libros2_control_demo_example_8.so[0m
[8.007s] [100%] Built target ros2_control_demo_example_8
[8.043s] Invoked command in '/home/oh/slam_ws/src/build/ros2_control_demo_example_8' returned '0': AMENT_PREFIX_PATH=/home/oh/slam_ws/src/install/ros2_control_demo_description:${AMENT_PREFIX_PATH} CMAKE_PREFIX_PATH=/home/oh/slam_ws/src/install/ros2_control_demo_description:/home/oh/slam_ws/install/usb_cam:/home/oh/slam_ws/install/teleop_twist_joy:/home/oh/slam_ws/install/ros2_control_demos:/home/oh/slam_ws/install/ros2_control_demo_example_9:/home/oh/slam_ws/install/ros2_control_demo_example_8:/home/oh/slam_ws/install/ros2_control_demo_example_7:/home/oh/slam_ws/install/ros2_control_demo_example_6:/home/oh/slam_ws/install/ros2_control_demo_example_5:/home/oh/slam_ws/install/ros2_control_demo_example_4:/home/oh/slam_ws/install/ros2_control_demo_example_3:/home/oh/slam_ws/install/ros2_control_demo_example_2:/home/oh/slam_ws/install/ros2_control_demo_example_14:/home/oh/slam_ws/install/ros2_control_demo_example_12:/home/oh/slam_ws/install/ros2_control_demo_example_11:/home/oh/slam_ws/install/ros2_control_demo_example_10:/home/oh/slam_ws/install/ros2_control_demo_example_1:/home/oh/slam_ws/install/odrive_ros2_control:/home/oh/slam_ws/install/odrive_demo_bringup:/home/oh/slam_ws/install/odrive_demo_description:/home/oh/slam_ws/install/ros2_control_demo_description:/home/oh/slam_ws/install/ros2_aruco_interfaces:/home/oh/slam_ws/install/realsense2_description:/home/oh/slam_ws/install/realsense2_camera:/home/oh/slam_ws/install/realsense2_camera_msgs:/home/oh/slam_ws/install/odrive_hardware_interface:/home/oh/slam_ws/install/my_slam_package:/home/oh/slam_ws/install/my_bot_description:/home/oh/slam_ws/install/my_action_interface:/home/oh/slam_ws/install/ros2_aruco:/home/oh/slam_ws/install/my_tf_package:/home/oh/slam_ws/install/my_tf2_package:/home/oh/slam_ws/install/my_docking:/home/oh/slam_ws/install/my_aruco_to_goal_pose_pkg:/home/oh/slam_ws/install/escape_from_cart:/opt/ros/humble /usr/bin/cmake --build /home/oh/slam_ws/src/build/ros2_control_demo_example_8 -- -j8 -l8
[8.147s] Invoking command in '/home/oh/slam_ws/src/build/ros2_control_demo_example_8': AMENT_PREFIX_PATH=/home/oh/slam_ws/src/install/ros2_control_demo_description:${AMENT_PREFIX_PATH} CMAKE_PREFIX_PATH=/home/oh/slam_ws/src/install/ros2_control_demo_description:/home/oh/slam_ws/install/usb_cam:/home/oh/slam_ws/install/teleop_twist_joy:/home/oh/slam_ws/install/ros2_control_demos:/home/oh/slam_ws/install/ros2_control_demo_example_9:/home/oh/slam_ws/install/ros2_control_demo_example_8:/home/oh/slam_ws/install/ros2_control_demo_example_7:/home/oh/slam_ws/install/ros2_control_demo_example_6:/home/oh/slam_ws/install/ros2_control_demo_example_5:/home/oh/slam_ws/install/ros2_control_demo_example_4:/home/oh/slam_ws/install/ros2_control_demo_example_3:/home/oh/slam_ws/install/ros2_control_demo_example_2:/home/oh/slam_ws/install/ros2_control_demo_example_14:/home/oh/slam_ws/install/ros2_control_demo_example_12:/home/oh/slam_ws/install/ros2_control_demo_example_11:/home/oh/slam_ws/install/ros2_control_demo_example_10:/home/oh/slam_ws/install/ros2_control_demo_example_1:/home/oh/slam_ws/install/odrive_ros2_control:/home/oh/slam_ws/install/odrive_demo_bringup:/home/oh/slam_ws/install/odrive_demo_description:/home/oh/slam_ws/install/ros2_control_demo_description:/home/oh/slam_ws/install/ros2_aruco_interfaces:/home/oh/slam_ws/install/realsense2_description:/home/oh/slam_ws/install/realsense2_camera:/home/oh/slam_ws/install/realsense2_camera_msgs:/home/oh/slam_ws/install/odrive_hardware_interface:/home/oh/slam_ws/install/my_slam_package:/home/oh/slam_ws/install/my_bot_description:/home/oh/slam_ws/install/my_action_interface:/home/oh/slam_ws/install/ros2_aruco:/home/oh/slam_ws/install/my_tf_package:/home/oh/slam_ws/install/my_tf2_package:/home/oh/slam_ws/install/my_docking:/home/oh/slam_ws/install/my_aruco_to_goal_pose_pkg:/home/oh/slam_ws/install/escape_from_cart:/opt/ros/humble /usr/bin/cmake --install /home/oh/slam_ws/src/build/ros2_control_demo_example_8
[8.369s] -- Install configuration: ""
[8.369s] -- Installing: /home/oh/slam_ws/src/install/ros2_control_demo_example_8/share/ros2_control_demo_example_8/ros2_control_demo_example_8.xml
[8.369s] -- Installing: /home/oh/slam_ws/src/install/ros2_control_demo_example_8/include/ros2_control_demo_example_8
[8.369s] -- Installing: /home/oh/slam_ws/src/install/ros2_control_demo_example_8/include/ros2_control_demo_example_8/ros2_control_demo_example_8
[8.369s] -- Installing: /home/oh/slam_ws/src/install/ros2_control_demo_example_8/include/ros2_control_demo_example_8/ros2_control_demo_example_8/rrbot.hpp
[8.369s] -- Installing: /home/oh/slam_ws/src/install/ros2_control_demo_example_8/include/ros2_control_demo_example_8/ros2_control_demo_example_8/visibility_control.h
[8.370s] -- Installing: /home/oh/slam_ws/src/install/ros2_control_demo_example_8/include/ros2_control_demo_example_8/ros2_control_demo_example_8/rrbot_transmissions_system_position_only.hpp
[8.370s] -- Installing: /home/oh/slam_ws/src/install/ros2_control_demo_example_8/share/ros2_control_demo_example_8/launch
[8.370s] -- Installing: /home/oh/slam_ws/src/install/ros2_control_demo_example_8/share/ros2_control_demo_example_8/launch/view_robot.launch.py
[8.370s] -- Installing: /home/oh/slam_ws/src/install/ros2_control_demo_example_8/share/ros2_control_demo_example_8/ros2_control
[8.370s] -- Installing: /home/oh/slam_ws/src/install/ros2_control_demo_example_8/share/ros2_control_demo_example_8/ros2_control/rrbot_transmissions_system_position_only.ros2_control.xacro
[8.370s] -- Installing: /home/oh/slam_ws/src/install/ros2_control_demo_example_8/share/ros2_control_demo_example_8/urdf
[8.370s] -- Installing: /home/oh/slam_ws/src/install/ros2_control_demo_example_8/share/ros2_control_demo_example_8/urdf/rrbot_transmissions_system_position_only.urdf.xacro
[8.370s] -- Up-to-date: /home/oh/slam_ws/src/install/ros2_control_demo_example_8/share/ros2_control_demo_example_8/launch
[8.370s] -- Installing: /home/oh/slam_ws/src/install/ros2_control_demo_example_8/share/ros2_control_demo_example_8/launch/test_forward_position_controller.launch.py
[8.370s] -- Installing: /home/oh/slam_ws/src/install/ros2_control_demo_example_8/share/ros2_control_demo_example_8/launch/rrbot_transmissions_system_position_only.launch.py
[8.370s] -- Installing: /home/oh/slam_ws/src/install/ros2_control_demo_example_8/share/ros2_control_demo_example_8/config
[8.370s] -- Installing: /home/oh/slam_ws/src/install/ros2_control_demo_example_8/share/ros2_control_demo_example_8/config/rrbot_controllers.yaml
[8.370s] -- Installing: /home/oh/slam_ws/src/install/ros2_control_demo_example_8/share/ros2_control_demo_example_8/config/rrbot_forward_position_publisher.yaml
[8.371s] -- Installing: /home/oh/slam_ws/src/install/ros2_control_demo_example_8/lib/libros2_control_demo_example_8.so
[8.371s] -- Set runtime path of "/home/oh/slam_ws/src/install/ros2_control_demo_example_8/lib/libros2_control_demo_example_8.so" to ""
[8.371s] -- Installing: /home/oh/slam_ws/src/install/ros2_control_demo_example_8/share/ros2_control_demo_example_8/environment/library_path.sh
[8.371s] -- Installing: /home/oh/slam_ws/src/install/ros2_control_demo_example_8/share/ros2_control_demo_example_8/environment/library_path.dsv
[8.371s] -- Installing: /home/oh/slam_ws/src/install/ros2_control_demo_example_8/share/ament_index/resource_index/package_run_dependencies/ros2_control_demo_example_8
[8.371s] -- Installing: /home/oh/slam_ws/src/install/ros2_control_demo_example_8/share/ament_index/resource_index/parent_prefix_path/ros2_control_demo_example_8
[8.371s] -- Installing: /home/oh/slam_ws/src/install/ros2_control_demo_example_8/share/ros2_control_demo_example_8/environment/ament_prefix_path.sh
[8.371s] -- Installing: /home/oh/slam_ws/src/install/ros2_control_demo_example_8/share/ros2_control_demo_example_8/environment/ament_prefix_path.dsv
[8.371s] -- Installing: /home/oh/slam_ws/src/install/ros2_control_demo_example_8/share/ros2_control_demo_example_8/environment/path.sh
[8.371s] -- Installing: /home/oh/slam_ws/src/install/ros2_control_demo_example_8/share/ros2_control_demo_example_8/environment/path.dsv
[8.371s] -- Installing: /home/oh/slam_ws/src/install/ros2_control_demo_example_8/share/ros2_control_demo_example_8/local_setup.bash
[8.371s] -- Installing: /home/oh/slam_ws/src/install/ros2_control_demo_example_8/share/ros2_control_demo_example_8/local_setup.sh
[8.371s] -- Installing: /home/oh/slam_ws/src/install/ros2_control_demo_example_8/share/ros2_control_demo_example_8/local_setup.zsh
[8.371s] -- Installing: /home/oh/slam_ws/src/install/ros2_control_demo_example_8/share/ros2_control_demo_example_8/local_setup.dsv
[8.372s] -- Installing: /home/oh/slam_ws/src/install/ros2_control_demo_example_8/share/ros2_control_demo_example_8/package.dsv
[8.372s] -- Installing: /home/oh/slam_ws/src/install/ros2_control_demo_example_8/share/ament_index/resource_index/packages/ros2_control_demo_example_8
[8.372s] -- Installing: /home/oh/slam_ws/src/install/ros2_control_demo_example_8/share/ament_index/resource_index/hardware_interface__pluginlib__plugin/ros2_control_demo_example_8
[8.372s] -- Installing: /home/oh/slam_ws/src/install/ros2_control_demo_example_8/share/ros2_control_demo_example_8/cmake/export_ros2_control_demo_example_8Export.cmake
[8.372s] -- Installing: /home/oh/slam_ws/src/install/ros2_control_demo_example_8/share/ros2_control_demo_example_8/cmake/export_ros2_control_demo_example_8Export-noconfig.cmake
[8.372s] -- Installing: /home/oh/slam_ws/src/install/ros2_control_demo_example_8/share/ros2_control_demo_example_8/cmake/ament_cmake_export_targets-extras.cmake
[8.372s] -- Installing: /home/oh/slam_ws/src/install/ros2_control_demo_example_8/share/ros2_control_demo_example_8/cmake/ament_cmake_export_dependencies-extras.cmake
[8.372s] -- Installing: /home/oh/slam_ws/src/install/ros2_control_demo_example_8/share/ros2_control_demo_example_8/cmake/ros2_control_demo_example_8Config.cmake
[8.372s] -- Installing: /home/oh/slam_ws/src/install/ros2_control_demo_example_8/share/ros2_control_demo_example_8/cmake/ros2_control_demo_example_8Config-version.cmake
[8.372s] -- Installing: /home/oh/slam_ws/src/install/ros2_control_demo_example_8/share/ros2_control_demo_example_8/package.xml
[8.387s] Invoked command in '/home/oh/slam_ws/src/build/ros2_control_demo_example_8' returned '0': AMENT_PREFIX_PATH=/home/oh/slam_ws/src/install/ros2_control_demo_description:${AMENT_PREFIX_PATH} CMAKE_PREFIX_PATH=/home/oh/slam_ws/src/install/ros2_control_demo_description:/home/oh/slam_ws/install/usb_cam:/home/oh/slam_ws/install/teleop_twist_joy:/home/oh/slam_ws/install/ros2_control_demos:/home/oh/slam_ws/install/ros2_control_demo_example_9:/home/oh/slam_ws/install/ros2_control_demo_example_8:/home/oh/slam_ws/install/ros2_control_demo_example_7:/home/oh/slam_ws/install/ros2_control_demo_example_6:/home/oh/slam_ws/install/ros2_control_demo_example_5:/home/oh/slam_ws/install/ros2_control_demo_example_4:/home/oh/slam_ws/install/ros2_control_demo_example_3:/home/oh/slam_ws/install/ros2_control_demo_example_2:/home/oh/slam_ws/install/ros2_control_demo_example_14:/home/oh/slam_ws/install/ros2_control_demo_example_12:/home/oh/slam_ws/install/ros2_control_demo_example_11:/home/oh/slam_ws/install/ros2_control_demo_example_10:/home/oh/slam_ws/install/ros2_control_demo_example_1:/home/oh/slam_ws/install/odrive_ros2_control:/home/oh/slam_ws/install/odrive_demo_bringup:/home/oh/slam_ws/install/odrive_demo_description:/home/oh/slam_ws/install/ros2_control_demo_description:/home/oh/slam_ws/install/ros2_aruco_interfaces:/home/oh/slam_ws/install/realsense2_description:/home/oh/slam_ws/install/realsense2_camera:/home/oh/slam_ws/install/realsense2_camera_msgs:/home/oh/slam_ws/install/odrive_hardware_interface:/home/oh/slam_ws/install/my_slam_package:/home/oh/slam_ws/install/my_bot_description:/home/oh/slam_ws/install/my_action_interface:/home/oh/slam_ws/install/ros2_aruco:/home/oh/slam_ws/install/my_tf_package:/home/oh/slam_ws/install/my_tf2_package:/home/oh/slam_ws/install/my_docking:/home/oh/slam_ws/install/my_aruco_to_goal_pose_pkg:/home/oh/slam_ws/install/escape_from_cart:/opt/ros/humble /usr/bin/cmake --install /home/oh/slam_ws/src/build/ros2_control_demo_example_8
