[0.084s] Invoking command in '/home/oh/slam_ws/src/build/ros2_control_demo_example_11': AMENT_PREFIX_PATH=/home/oh/slam_ws/src/install/ros2_control_demo_description:${AMENT_PREFIX_PATH} CMAKE_PREFIX_PATH=/home/oh/slam_ws/src/install/ros2_control_demo_description:/home/oh/slam_ws/install/usb_cam:/home/oh/slam_ws/install/teleop_twist_joy:/home/oh/slam_ws/install/ros2_control_demos:/home/oh/slam_ws/install/ros2_control_demo_example_9:/home/oh/slam_ws/install/ros2_control_demo_example_8:/home/oh/slam_ws/install/ros2_control_demo_example_7:/home/oh/slam_ws/install/ros2_control_demo_example_6:/home/oh/slam_ws/install/ros2_control_demo_example_5:/home/oh/slam_ws/install/ros2_control_demo_example_4:/home/oh/slam_ws/install/ros2_control_demo_example_3:/home/oh/slam_ws/install/ros2_control_demo_example_2:/home/oh/slam_ws/install/ros2_control_demo_example_14:/home/oh/slam_ws/install/ros2_control_demo_example_12:/home/oh/slam_ws/install/ros2_control_demo_example_11:/home/oh/slam_ws/install/ros2_control_demo_example_10:/home/oh/slam_ws/install/ros2_control_demo_example_1:/home/oh/slam_ws/install/odrive_ros2_control:/home/oh/slam_ws/install/odrive_demo_bringup:/home/oh/slam_ws/install/odrive_demo_description:/home/oh/slam_ws/install/ros2_control_demo_description:/home/oh/slam_ws/install/ros2_aruco_interfaces:/home/oh/slam_ws/install/realsense2_description:/home/oh/slam_ws/install/realsense2_camera:/home/oh/slam_ws/install/realsense2_camera_msgs:/home/oh/slam_ws/install/odrive_hardware_interface:/home/oh/slam_ws/install/my_slam_package:/home/oh/slam_ws/install/my_bot_description:/home/oh/slam_ws/install/my_action_interface:/home/oh/slam_ws/install/ros2_aruco:/home/oh/slam_ws/install/my_tf_package:/home/oh/slam_ws/install/my_tf2_package:/home/oh/slam_ws/install/my_docking:/home/oh/slam_ws/install/my_aruco_to_goal_pose_pkg:/home/oh/slam_ws/install/escape_from_cart:/opt/ros/humble /usr/bin/cmake /home/oh/slam_ws/src/ros2_control_demos/example_11 -DCMAKE_INSTALL_PREFIX=/home/oh/slam_ws/src/install/ros2_control_demo_example_11
[1.582s] -- The CXX compiler identification is GNU 11.4.0
[1.582s] -- Detecting CXX compiler ABI info
[1.582s] -- Detecting CXX compiler ABI info - done
[1.582s] -- Check for working CXX compiler: /usr/bin/c++ - skipped
[1.582s] -- Detecting CXX compile features
[1.582s] -- Detecting CXX compile features - done
[1.582s] -- Found ament_cmake: 1.3.8 (/opt/ros/humble/share/ament_cmake/cmake)
[1.652s] -- Found Python3: /usr/bin/python3 (found version "3.10.12") found components: Interpreter 
[2.005s] -- Found hardware_interface: 2.40.0 (/opt/ros/humble/share/hardware_interface/cmake)
[2.166s] -- Found rosidl_generator_c: 3.1.5 (/opt/ros/humble/share/rosidl_generator_c/cmake)
[2.181s] -- Found rosidl_adapter: 3.1.5 (/opt/ros/humble/share/rosidl_adapter/cmake)
[2.202s] -- Found rosidl_generator_cpp: 3.1.5 (/opt/ros/humble/share/rosidl_generator_cpp/cmake)
[2.235s] -- Using all available rosidl_typesupport_c: rosidl_typesupport_fastrtps_c;rosidl_typesupport_introspection_c
[2.278s] -- Using all available rosidl_typesupport_cpp: rosidl_typesupport_fastrtps_cpp;rosidl_typesupport_introspection_cpp
[3.622s] -- Found rmw_implementation_cmake: 6.1.1 (/opt/ros/humble/share/rmw_implementation_cmake/cmake)
[3.630s] -- Found rmw_fastrtps_cpp: 6.2.6 (/opt/ros/humble/share/rmw_fastrtps_cpp/cmake)
[3.695s] -- Found TinyXML2 via Config file: TinyXML2_DIR-NOTFOUND
[3.825s] -- Found OpenSSL: /usr/lib/x86_64-linux-gnu/libcrypto.so (found version "3.0.2")  
[3.829s] -- Found TinyXML2 via Config file: TinyXML2_DIR-NOTFOUND
[3.862s] -- Found FastRTPS: /opt/ros/humble/include  
[3.875s] -- Found TinyXML2 via Config file: TinyXML2_DIR-NOTFOUND
[3.909s] -- Found TinyXML2 via Config file: TinyXML2_DIR-NOTFOUND
[3.947s] -- Using RMW implementation 'rmw_fastrtps_cpp' as default
[3.972s] -- Looking for C++ include pthread.h
[4.400s] -- Looking for C++ include pthread.h - found
[4.400s] -- Performing Test CMAKE_HAVE_LIBC_PTHREAD
[4.820s] -- Performing Test CMAKE_HAVE_LIBC_PTHREAD - Success
[4.821s] -- Found Threads: TRUE  
[5.228s] -- Found ament_cmake_pytest: 1.3.8 (/opt/ros/humble/share/ament_cmake_pytest/cmake)
[6.599s] -- Configuring done
[6.643s] -- Generating done
[6.646s] -- Build files have been written to: /home/oh/slam_ws/src/build/ros2_control_demo_example_11
[6.676s] Invoked command in '/home/oh/slam_ws/src/build/ros2_control_demo_example_11' returned '0': AMENT_PREFIX_PATH=/home/oh/slam_ws/src/install/ros2_control_demo_description:${AMENT_PREFIX_PATH} CMAKE_PREFIX_PATH=/home/oh/slam_ws/src/install/ros2_control_demo_description:/home/oh/slam_ws/install/usb_cam:/home/oh/slam_ws/install/teleop_twist_joy:/home/oh/slam_ws/install/ros2_control_demos:/home/oh/slam_ws/install/ros2_control_demo_example_9:/home/oh/slam_ws/install/ros2_control_demo_example_8:/home/oh/slam_ws/install/ros2_control_demo_example_7:/home/oh/slam_ws/install/ros2_control_demo_example_6:/home/oh/slam_ws/install/ros2_control_demo_example_5:/home/oh/slam_ws/install/ros2_control_demo_example_4:/home/oh/slam_ws/install/ros2_control_demo_example_3:/home/oh/slam_ws/install/ros2_control_demo_example_2:/home/oh/slam_ws/install/ros2_control_demo_example_14:/home/oh/slam_ws/install/ros2_control_demo_example_12:/home/oh/slam_ws/install/ros2_control_demo_example_11:/home/oh/slam_ws/install/ros2_control_demo_example_10:/home/oh/slam_ws/install/ros2_control_demo_example_1:/home/oh/slam_ws/install/odrive_ros2_control:/home/oh/slam_ws/install/odrive_demo_bringup:/home/oh/slam_ws/install/odrive_demo_description:/home/oh/slam_ws/install/ros2_control_demo_description:/home/oh/slam_ws/install/ros2_aruco_interfaces:/home/oh/slam_ws/install/realsense2_description:/home/oh/slam_ws/install/realsense2_camera:/home/oh/slam_ws/install/realsense2_camera_msgs:/home/oh/slam_ws/install/odrive_hardware_interface:/home/oh/slam_ws/install/my_slam_package:/home/oh/slam_ws/install/my_bot_description:/home/oh/slam_ws/install/my_action_interface:/home/oh/slam_ws/install/ros2_aruco:/home/oh/slam_ws/install/my_tf_package:/home/oh/slam_ws/install/my_tf2_package:/home/oh/slam_ws/install/my_docking:/home/oh/slam_ws/install/my_aruco_to_goal_pose_pkg:/home/oh/slam_ws/install/escape_from_cart:/opt/ros/humble /usr/bin/cmake /home/oh/slam_ws/src/ros2_control_demos/example_11 -DCMAKE_INSTALL_PREFIX=/home/oh/slam_ws/src/install/ros2_control_demo_example_11
[6.688s] Invoking command in '/home/oh/slam_ws/src/build/ros2_control_demo_example_11': AMENT_PREFIX_PATH=/home/oh/slam_ws/src/install/ros2_control_demo_description:${AMENT_PREFIX_PATH} CMAKE_PREFIX_PATH=/home/oh/slam_ws/src/install/ros2_control_demo_description:/home/oh/slam_ws/install/usb_cam:/home/oh/slam_ws/install/teleop_twist_joy:/home/oh/slam_ws/install/ros2_control_demos:/home/oh/slam_ws/install/ros2_control_demo_example_9:/home/oh/slam_ws/install/ros2_control_demo_example_8:/home/oh/slam_ws/install/ros2_control_demo_example_7:/home/oh/slam_ws/install/ros2_control_demo_example_6:/home/oh/slam_ws/install/ros2_control_demo_example_5:/home/oh/slam_ws/install/ros2_control_demo_example_4:/home/oh/slam_ws/install/ros2_control_demo_example_3:/home/oh/slam_ws/install/ros2_control_demo_example_2:/home/oh/slam_ws/install/ros2_control_demo_example_14:/home/oh/slam_ws/install/ros2_control_demo_example_12:/home/oh/slam_ws/install/ros2_control_demo_example_11:/home/oh/slam_ws/install/ros2_control_demo_example_10:/home/oh/slam_ws/install/ros2_control_demo_example_1:/home/oh/slam_ws/install/odrive_ros2_control:/home/oh/slam_ws/install/odrive_demo_bringup:/home/oh/slam_ws/install/odrive_demo_description:/home/oh/slam_ws/install/ros2_control_demo_description:/home/oh/slam_ws/install/ros2_aruco_interfaces:/home/oh/slam_ws/install/realsense2_description:/home/oh/slam_ws/install/realsense2_camera:/home/oh/slam_ws/install/realsense2_camera_msgs:/home/oh/slam_ws/install/odrive_hardware_interface:/home/oh/slam_ws/install/my_slam_package:/home/oh/slam_ws/install/my_bot_description:/home/oh/slam_ws/install/my_action_interface:/home/oh/slam_ws/install/ros2_aruco:/home/oh/slam_ws/install/my_tf_package:/home/oh/slam_ws/install/my_tf2_package:/home/oh/slam_ws/install/my_docking:/home/oh/slam_ws/install/my_aruco_to_goal_pose_pkg:/home/oh/slam_ws/install/escape_from_cart:/opt/ros/humble /usr/bin/cmake --build /home/oh/slam_ws/src/build/ros2_control_demo_example_11 -- -j8 -l8
[7.184s] [ 50%] [32mBuilding CXX object CMakeFiles/ros2_control_demo_example_11.dir/hardware/carlikebot_system.cpp.o[0m
[11.766s] [100%] [32m[1mLinking CXX shared library libros2_control_demo_example_11.so[0m
[12.156s] [100%] Built target ros2_control_demo_example_11
[12.232s] Invoked command in '/home/oh/slam_ws/src/build/ros2_control_demo_example_11' returned '0': AMENT_PREFIX_PATH=/home/oh/slam_ws/src/install/ros2_control_demo_description:${AMENT_PREFIX_PATH} CMAKE_PREFIX_PATH=/home/oh/slam_ws/src/install/ros2_control_demo_description:/home/oh/slam_ws/install/usb_cam:/home/oh/slam_ws/install/teleop_twist_joy:/home/oh/slam_ws/install/ros2_control_demos:/home/oh/slam_ws/install/ros2_control_demo_example_9:/home/oh/slam_ws/install/ros2_control_demo_example_8:/home/oh/slam_ws/install/ros2_control_demo_example_7:/home/oh/slam_ws/install/ros2_control_demo_example_6:/home/oh/slam_ws/install/ros2_control_demo_example_5:/home/oh/slam_ws/install/ros2_control_demo_example_4:/home/oh/slam_ws/install/ros2_control_demo_example_3:/home/oh/slam_ws/install/ros2_control_demo_example_2:/home/oh/slam_ws/install/ros2_control_demo_example_14:/home/oh/slam_ws/install/ros2_control_demo_example_12:/home/oh/slam_ws/install/ros2_control_demo_example_11:/home/oh/slam_ws/install/ros2_control_demo_example_10:/home/oh/slam_ws/install/ros2_control_demo_example_1:/home/oh/slam_ws/install/odrive_ros2_control:/home/oh/slam_ws/install/odrive_demo_bringup:/home/oh/slam_ws/install/odrive_demo_description:/home/oh/slam_ws/install/ros2_control_demo_description:/home/oh/slam_ws/install/ros2_aruco_interfaces:/home/oh/slam_ws/install/realsense2_description:/home/oh/slam_ws/install/realsense2_camera:/home/oh/slam_ws/install/realsense2_camera_msgs:/home/oh/slam_ws/install/odrive_hardware_interface:/home/oh/slam_ws/install/my_slam_package:/home/oh/slam_ws/install/my_bot_description:/home/oh/slam_ws/install/my_action_interface:/home/oh/slam_ws/install/ros2_aruco:/home/oh/slam_ws/install/my_tf_package:/home/oh/slam_ws/install/my_tf2_package:/home/oh/slam_ws/install/my_docking:/home/oh/slam_ws/install/my_aruco_to_goal_pose_pkg:/home/oh/slam_ws/install/escape_from_cart:/opt/ros/humble /usr/bin/cmake --build /home/oh/slam_ws/src/build/ros2_control_demo_example_11 -- -j8 -l8
[12.544s] Invoking command in '/home/oh/slam_ws/src/build/ros2_control_demo_example_11': AMENT_PREFIX_PATH=/home/oh/slam_ws/src/install/ros2_control_demo_description:${AMENT_PREFIX_PATH} CMAKE_PREFIX_PATH=/home/oh/slam_ws/src/install/ros2_control_demo_description:/home/oh/slam_ws/install/usb_cam:/home/oh/slam_ws/install/teleop_twist_joy:/home/oh/slam_ws/install/ros2_control_demos:/home/oh/slam_ws/install/ros2_control_demo_example_9:/home/oh/slam_ws/install/ros2_control_demo_example_8:/home/oh/slam_ws/install/ros2_control_demo_example_7:/home/oh/slam_ws/install/ros2_control_demo_example_6:/home/oh/slam_ws/install/ros2_control_demo_example_5:/home/oh/slam_ws/install/ros2_control_demo_example_4:/home/oh/slam_ws/install/ros2_control_demo_example_3:/home/oh/slam_ws/install/ros2_control_demo_example_2:/home/oh/slam_ws/install/ros2_control_demo_example_14:/home/oh/slam_ws/install/ros2_control_demo_example_12:/home/oh/slam_ws/install/ros2_control_demo_example_11:/home/oh/slam_ws/install/ros2_control_demo_example_10:/home/oh/slam_ws/install/ros2_control_demo_example_1:/home/oh/slam_ws/install/odrive_ros2_control:/home/oh/slam_ws/install/odrive_demo_bringup:/home/oh/slam_ws/install/odrive_demo_description:/home/oh/slam_ws/install/ros2_control_demo_description:/home/oh/slam_ws/install/ros2_aruco_interfaces:/home/oh/slam_ws/install/realsense2_description:/home/oh/slam_ws/install/realsense2_camera:/home/oh/slam_ws/install/realsense2_camera_msgs:/home/oh/slam_ws/install/odrive_hardware_interface:/home/oh/slam_ws/install/my_slam_package:/home/oh/slam_ws/install/my_bot_description:/home/oh/slam_ws/install/my_action_interface:/home/oh/slam_ws/install/ros2_aruco:/home/oh/slam_ws/install/my_tf_package:/home/oh/slam_ws/install/my_tf2_package:/home/oh/slam_ws/install/my_docking:/home/oh/slam_ws/install/my_aruco_to_goal_pose_pkg:/home/oh/slam_ws/install/escape_from_cart:/opt/ros/humble /usr/bin/cmake --install /home/oh/slam_ws/src/build/ros2_control_demo_example_11
[14.780s] -- Install configuration: ""
[14.780s] -- Installing: /home/oh/slam_ws/src/install/ros2_control_demo_example_11/share/ros2_control_demo_example_11/ros2_control_demo_example_11.xml
[14.780s] -- Installing: /home/oh/slam_ws/src/install/ros2_control_demo_example_11/include/ros2_control_demo_example_11
[14.780s] -- Installing: /home/oh/slam_ws/src/install/ros2_control_demo_example_11/include/ros2_control_demo_example_11/ros2_control_demo_example_11
[14.780s] -- Installing: /home/oh/slam_ws/src/install/ros2_control_demo_example_11/include/ros2_control_demo_example_11/ros2_control_demo_example_11/carlikebot_system.hpp
[14.780s] -- Installing: /home/oh/slam_ws/src/install/ros2_control_demo_example_11/include/ros2_control_demo_example_11/ros2_control_demo_example_11/visibility_control.h
[14.780s] -- Installing: /home/oh/slam_ws/src/install/ros2_control_demo_example_11/share/ros2_control_demo_example_11/launch
[14.780s] -- Installing: /home/oh/slam_ws/src/install/ros2_control_demo_example_11/share/ros2_control_demo_example_11/launch/view_robot.launch.py
[14.780s] -- Installing: /home/oh/slam_ws/src/install/ros2_control_demo_example_11/share/ros2_control_demo_example_11/ros2_control
[14.780s] -- Installing: /home/oh/slam_ws/src/install/ros2_control_demo_example_11/share/ros2_control_demo_example_11/ros2_control/carlikebot.ros2_control.xacro
[14.780s] -- Installing: /home/oh/slam_ws/src/install/ros2_control_demo_example_11/share/ros2_control_demo_example_11/urdf
[14.780s] -- Installing: /home/oh/slam_ws/src/install/ros2_control_demo_example_11/share/ros2_control_demo_example_11/urdf/carlikebot.urdf.xacro
[14.781s] -- Up-to-date: /home/oh/slam_ws/src/install/ros2_control_demo_example_11/share/ros2_control_demo_example_11/launch
[14.781s] -- Installing: /home/oh/slam_ws/src/install/ros2_control_demo_example_11/share/ros2_control_demo_example_11/launch/carlikebot.launch.py
[14.781s] -- Installing: /home/oh/slam_ws/src/install/ros2_control_demo_example_11/share/ros2_control_demo_example_11/config
[14.781s] -- Installing: /home/oh/slam_ws/src/install/ros2_control_demo_example_11/share/ros2_control_demo_example_11/config/carlikebot_controllers.yaml
[14.781s] -- Installing: /home/oh/slam_ws/src/install/ros2_control_demo_example_11/lib/libros2_control_demo_example_11.so
[14.781s] -- Set runtime path of "/home/oh/slam_ws/src/install/ros2_control_demo_example_11/lib/libros2_control_demo_example_11.so" to ""
[14.781s] -- Installing: /home/oh/slam_ws/src/install/ros2_control_demo_example_11/share/ros2_control_demo_example_11/environment/library_path.sh
[14.781s] -- Installing: /home/oh/slam_ws/src/install/ros2_control_demo_example_11/share/ros2_control_demo_example_11/environment/library_path.dsv
[14.781s] -- Installing: /home/oh/slam_ws/src/install/ros2_control_demo_example_11/share/ament_index/resource_index/package_run_dependencies/ros2_control_demo_example_11
[14.781s] -- Installing: /home/oh/slam_ws/src/install/ros2_control_demo_example_11/share/ament_index/resource_index/parent_prefix_path/ros2_control_demo_example_11
[14.781s] -- Installing: /home/oh/slam_ws/src/install/ros2_control_demo_example_11/share/ros2_control_demo_example_11/environment/ament_prefix_path.sh
[14.781s] -- Installing: /home/oh/slam_ws/src/install/ros2_control_demo_example_11/share/ros2_control_demo_example_11/environment/ament_prefix_path.dsv
[14.781s] -- Installing: /home/oh/slam_ws/src/install/ros2_control_demo_example_11/share/ros2_control_demo_example_11/environment/path.sh
[14.782s] -- Installing: /home/oh/slam_ws/src/install/ros2_control_demo_example_11/share/ros2_control_demo_example_11/environment/path.dsv
[14.782s] -- Installing: /home/oh/slam_ws/src/install/ros2_control_demo_example_11/share/ros2_control_demo_example_11/local_setup.bash
[14.782s] -- Installing: /home/oh/slam_ws/src/install/ros2_control_demo_example_11/share/ros2_control_demo_example_11/local_setup.sh
[14.782s] -- Installing: /home/oh/slam_ws/src/install/ros2_control_demo_example_11/share/ros2_control_demo_example_11/local_setup.zsh
[14.782s] -- Installing: /home/oh/slam_ws/src/install/ros2_control_demo_example_11/share/ros2_control_demo_example_11/local_setup.dsv
[14.782s] -- Installing: /home/oh/slam_ws/src/install/ros2_control_demo_example_11/share/ros2_control_demo_example_11/package.dsv
[14.782s] -- Installing: /home/oh/slam_ws/src/install/ros2_control_demo_example_11/share/ament_index/resource_index/packages/ros2_control_demo_example_11
[14.782s] -- Installing: /home/oh/slam_ws/src/install/ros2_control_demo_example_11/share/ament_index/resource_index/hardware_interface__pluginlib__plugin/ros2_control_demo_example_11
[14.782s] -- Installing: /home/oh/slam_ws/src/install/ros2_control_demo_example_11/share/ros2_control_demo_example_11/cmake/export_ros2_control_demo_example_11Export.cmake
[14.782s] -- Installing: /home/oh/slam_ws/src/install/ros2_control_demo_example_11/share/ros2_control_demo_example_11/cmake/export_ros2_control_demo_example_11Export-noconfig.cmake
[14.782s] -- Installing: /home/oh/slam_ws/src/install/ros2_control_demo_example_11/share/ros2_control_demo_example_11/cmake/ament_cmake_export_targets-extras.cmake
[14.782s] -- Installing: /home/oh/slam_ws/src/install/ros2_control_demo_example_11/share/ros2_control_demo_example_11/cmake/ament_cmake_export_dependencies-extras.cmake
[14.782s] -- Installing: /home/oh/slam_ws/src/install/ros2_control_demo_example_11/share/ros2_control_demo_example_11/cmake/ros2_control_demo_example_11Config.cmake
[14.782s] -- Installing: /home/oh/slam_ws/src/install/ros2_control_demo_example_11/share/ros2_control_demo_example_11/cmake/ros2_control_demo_example_11Config-version.cmake
[14.783s] -- Installing: /home/oh/slam_ws/src/install/ros2_control_demo_example_11/share/ros2_control_demo_example_11/package.xml
[14.819s] Invoked command in '/home/oh/slam_ws/src/build/ros2_control_demo_example_11' returned '0': AMENT_PREFIX_PATH=/home/oh/slam_ws/src/install/ros2_control_demo_description:${AMENT_PREFIX_PATH} CMAKE_PREFIX_PATH=/home/oh/slam_ws/src/install/ros2_control_demo_description:/home/oh/slam_ws/install/usb_cam:/home/oh/slam_ws/install/teleop_twist_joy:/home/oh/slam_ws/install/ros2_control_demos:/home/oh/slam_ws/install/ros2_control_demo_example_9:/home/oh/slam_ws/install/ros2_control_demo_example_8:/home/oh/slam_ws/install/ros2_control_demo_example_7:/home/oh/slam_ws/install/ros2_control_demo_example_6:/home/oh/slam_ws/install/ros2_control_demo_example_5:/home/oh/slam_ws/install/ros2_control_demo_example_4:/home/oh/slam_ws/install/ros2_control_demo_example_3:/home/oh/slam_ws/install/ros2_control_demo_example_2:/home/oh/slam_ws/install/ros2_control_demo_example_14:/home/oh/slam_ws/install/ros2_control_demo_example_12:/home/oh/slam_ws/install/ros2_control_demo_example_11:/home/oh/slam_ws/install/ros2_control_demo_example_10:/home/oh/slam_ws/install/ros2_control_demo_example_1:/home/oh/slam_ws/install/odrive_ros2_control:/home/oh/slam_ws/install/odrive_demo_bringup:/home/oh/slam_ws/install/odrive_demo_description:/home/oh/slam_ws/install/ros2_control_demo_description:/home/oh/slam_ws/install/ros2_aruco_interfaces:/home/oh/slam_ws/install/realsense2_description:/home/oh/slam_ws/install/realsense2_camera:/home/oh/slam_ws/install/realsense2_camera_msgs:/home/oh/slam_ws/install/odrive_hardware_interface:/home/oh/slam_ws/install/my_slam_package:/home/oh/slam_ws/install/my_bot_description:/home/oh/slam_ws/install/my_action_interface:/home/oh/slam_ws/install/ros2_aruco:/home/oh/slam_ws/install/my_tf_package:/home/oh/slam_ws/install/my_tf2_package:/home/oh/slam_ws/install/my_docking:/home/oh/slam_ws/install/my_aruco_to_goal_pose_pkg:/home/oh/slam_ws/install/escape_from_cart:/opt/ros/humble /usr/bin/cmake --install /home/oh/slam_ws/src/build/ros2_control_demo_example_11
