[0.083s] Invoking command in '/home/oh/slam_ws/build/behaviortree_cpp': CMAKE_PREFIX_PATH=${CMAKE_PREFIX_PATH}:/home/oh/slam_ws/install/ros2_aruco:/home/oh/slam_ws/install/my_tf_package:/home/oh/slam_ws/install/my_tf2_package:/home/oh/slam_ws/install/my_docking:/home/oh/slam_ws/install/my_aruco_to_goal_pose_pkg:/home/oh/slam_ws/install/escape_from_cart:/opt/ros/humble /usr/bin/cmake /home/oh/slam_ws/src/BehaviorTree.CPP -DCMAKE_INSTALL_PREFIX=/home/oh/slam_ws/install/behaviortree_cpp
[0.783s] -- The C compiler identification is GNU 11.4.0
[0.783s] -- The CXX compiler identification is GNU 11.4.0
[0.783s] -- Detecting C compiler ABI info
[0.783s] -- Detecting C compiler ABI info - done
[0.784s] -- Check for working C compiler: /usr/bin/cc - skipped
[0.784s] -- Detecting C compile features
[0.784s] -- Detecting C compile features - done
[0.784s] -- Detecting CXX compiler ABI info
[0.822s] -- Detecting CXX compiler ABI info - done
[0.838s] -- Check for working CXX compiler: /usr/bin/c++ - skipped
[0.839s] -- Detecting CXX compile features
[0.840s] -- Detecting CXX compile features - done
[0.843s] -- Setting build type to 'Release' as none was specified.
[0.846s] -- Looking for pthread.h
[1.081s] -- Looking for pthread.h - found
[1.082s] -- Performing Test CMAKE_HAVE_LIBC_PTHREAD
[1.298s] -- Performing Test CMAKE_HAVE_LIBC_PTHREAD - Success
[1.300s] -- Found Threads: TRUE  
[1.842s] -- Found Python3: /usr/bin/python3 (found version "3.10.12") found components: Interpreter 
[2.203s] -- ------------------------------------------
[2.204s] -- BehaviourTree is being built using AMENT.
[2.204s] -- ------------------------------------------
[2.238s] -- Found ZeroMQ: /usr/lib/x86_64-linux-gnu/libzmq.so  
[2.249s] -- Found SQLite3: /usr/include (found version "3.37.2") 
[2.266s] -- Found ament_index_cpp: 1.4.0 (/opt/ros/humble/share/ament_index_cpp/cmake)
[2.291s] -- BTCPP_EXTRA_LIBRARIES: $<BUILD_INTERFACE:ament_index_cpp::ament_index_cpp>;$<BUILD_INTERFACE:/usr/lib/x86_64-linux-gnu/libzmq.so>;$<BUILD_INTERFACE:/usr/lib/x86_64-linux-gnu/libsqlite3.so>
[2.292s] -- BTCPP_LIB_DESTINATION:   lib 
[2.296s] -- BTCPP_INCLUDE_DESTINATION: include 
[2.296s] -- BTCPP_UNIT_TESTS:   ON 
[2.310s] -- Found ament_cmake_gtest: 1.3.8 (/opt/ros/humble/share/ament_cmake_gtest/cmake)
[2.331s] -- Found gtest sources under '/opt/ros/humble/src/gtest_vendor': C++ tests using 'Google Test' will be built
[2.599s] -- Configuring done
[2.780s] -- Generating done
[2.802s] -- Build files have been written to: /home/oh/slam_ws/build/behaviortree_cpp
[2.829s] Invoked command in '/home/oh/slam_ws/build/behaviortree_cpp' returned '0': CMAKE_PREFIX_PATH=${CMAKE_PREFIX_PATH}:/home/oh/slam_ws/install/ros2_aruco:/home/oh/slam_ws/install/my_tf_package:/home/oh/slam_ws/install/my_tf2_package:/home/oh/slam_ws/install/my_docking:/home/oh/slam_ws/install/my_aruco_to_goal_pose_pkg:/home/oh/slam_ws/install/escape_from_cart:/opt/ros/humble /usr/bin/cmake /home/oh/slam_ws/src/BehaviorTree.CPP -DCMAKE_INSTALL_PREFIX=/home/oh/slam_ws/install/behaviortree_cpp
[2.831s] Invoking command in '/home/oh/slam_ws/build/behaviortree_cpp': CMAKE_PREFIX_PATH=${CMAKE_PREFIX_PATH}:/home/oh/slam_ws/install/ros2_aruco:/home/oh/slam_ws/install/my_tf_package:/home/oh/slam_ws/install/my_tf2_package:/home/oh/slam_ws/install/my_docking:/home/oh/slam_ws/install/my_aruco_to_goal_pose_pkg:/home/oh/slam_ws/install/escape_from_cart:/opt/ros/humble /usr/bin/cmake --build /home/oh/slam_ws/build/behaviortree_cpp -- -j8 -l8
[2.990s] [  2%] [32mBuilding CXX object gtest/CMakeFiles/gtest.dir/src/gtest-all.cc.o[0m
[2.990s] [  2%] [32mBuilding CXX object gtest/CMakeFiles/gtest_main.dir/src/gtest_main.cc.o[0m
[2.995s] [  2%] [32mBuilding CXX object 3rdparty/lexy/src/CMakeFiles/lexy_file.dir/input/file.cpp.o[0m
[3.490s] [  3%] [32m[1mLinking CXX static library liblexy_file.a[0m
[3.593s] [  3%] Built target lexy_file
[3.664s] [  3%] [32mBuilding CXX object CMakeFiles/behaviortree_cpp.dir/src/action_node.cpp.o[0m
[3.664s] [  4%] [32mBuilding CXX object CMakeFiles/behaviortree_cpp.dir/src/basic_types.cpp.o[0m
[3.695s] [  4%] [32mBuilding CXX object CMakeFiles/behaviortree_cpp.dir/src/blackboard.cpp.o[0m
[3.695s] [  5%] [32mBuilding CXX object CMakeFiles/behaviortree_cpp.dir/src/behavior_tree.cpp.o[0m
[3.697s] [  6%] [32mBuilding CXX object CMakeFiles/behaviortree_cpp.dir/src/bt_factory.cpp.o[0m
[3.736s] [  7%] [32mBuilding CXX object CMakeFiles/behaviortree_cpp.dir/src/decorator_node.cpp.o[0m
[6.248s] [  8%] [32m[1mLinking CXX static library libgtest_main.a[0m
[6.537s] [  8%] Built target gtest_main
[6.614s] [  9%] [32mBuilding CXX object CMakeFiles/behaviortree_cpp.dir/src/condition_node.cpp.o[0m
[16.222s] [  9%] [32mBuilding CXX object CMakeFiles/behaviortree_cpp.dir/src/control_node.cpp.o[0m
[18.727s] [ 10%] [32mBuilding CXX object CMakeFiles/behaviortree_cpp.dir/src/shared_library.cpp.o[0m
[19.814s] [ 11%] [32mBuilding CXX object CMakeFiles/behaviortree_cpp.dir/src/tree_node.cpp.o[0m
[23.217s] [ 11%] [32mBuilding CXX object CMakeFiles/behaviortree_cpp.dir/src/script_parser.cpp.o[0m
[24.325s] [ 12%] [32mBuilding CXX object CMakeFiles/behaviortree_cpp.dir/src/json_export.cpp.o[0m
[26.454s] [ 13%] [32mBuilding CXX object CMakeFiles/behaviortree_cpp.dir/src/xml_parsing.cpp.o[0m
[31.718s] [ 14%] [32mBuilding CXX object CMakeFiles/behaviortree_cpp.dir/src/actions/test_node.cpp.o[0m
[34.138s] [ 14%] [32mBuilding CXX object CMakeFiles/behaviortree_cpp.dir/src/actions/sleep_node.cpp.o[0m
[35.430s] [ 15%] [32mBuilding CXX object CMakeFiles/behaviortree_cpp.dir/src/actions/updated_action.cpp.o[0m
[40.413s] [ 16%] [32mBuilding CXX object CMakeFiles/behaviortree_cpp.dir/src/decorators/delay_node.cpp.o[0m
[43.509s] [ 17%] [32mBuilding CXX object CMakeFiles/behaviortree_cpp.dir/src/decorators/inverter_node.cpp.o[0m
[46.924s] [ 17%] [32m[1mLinking CXX static library libgtest.a[0m
[47.052s] [ 17%] Built target gtest
[47.082s] [ 17%] [32mBuilding CXX object CMakeFiles/behaviortree_cpp.dir/src/decorators/repeat_node.cpp.o[0m
[49.243s] [ 18%] [32mBuilding CXX object CMakeFiles/behaviortree_cpp.dir/src/decorators/retry_node.cpp.o[0m
[49.450s] [ 19%] [32mBuilding CXX object CMakeFiles/behaviortree_cpp.dir/src/decorators/subtree_node.cpp.o[0m
[51.557s] [ 19%] [32mBuilding CXX object CMakeFiles/behaviortree_cpp.dir/src/decorators/timeout_node.cpp.o[0m
[53.342s] [ 20%] [32mBuilding CXX object CMakeFiles/behaviortree_cpp.dir/src/decorators/updated_decorator.cpp.o[0m
[53.404s] [ 21%] [32mBuilding CXX object CMakeFiles/behaviortree_cpp.dir/src/controls/if_then_else_node.cpp.o[0m
[56.632s] [ 22%] [32mBuilding CXX object CMakeFiles/behaviortree_cpp.dir/src/controls/fallback_node.cpp.o[0m
[57.283s] [ 22%] [32mBuilding CXX object CMakeFiles/behaviortree_cpp.dir/src/controls/parallel_node.cpp.o[0m
[58.820s] [ 23%] [32mBuilding CXX object CMakeFiles/behaviortree_cpp.dir/src/controls/parallel_all_node.cpp.o[0m
[60.879s] [ 24%] [32mBuilding CXX object CMakeFiles/behaviortree_cpp.dir/src/controls/reactive_sequence.cpp.o[0m
[62.893s] [ 25%] [32mBuilding CXX object CMakeFiles/behaviortree_cpp.dir/src/controls/reactive_fallback.cpp.o[0m
[63.077s] [ 25%] [32mBuilding CXX object CMakeFiles/behaviortree_cpp.dir/src/controls/sequence_node.cpp.o[0m
[64.371s] [ 26%] [32mBuilding CXX object CMakeFiles/behaviortree_cpp.dir/src/controls/sequence_with_memory_node.cpp.o[0m
[65.771s] [ 27%] [32mBuilding CXX object CMakeFiles/behaviortree_cpp.dir/src/controls/switch_node.cpp.o[0m
[68.845s] [ 27%] [32mBuilding CXX object CMakeFiles/behaviortree_cpp.dir/src/controls/while_do_else_node.cpp.o[0m
[69.224s] [ 28%] [32mBuilding CXX object CMakeFiles/behaviortree_cpp.dir/src/loggers/bt_cout_logger.cpp.o[0m
[69.792s] [ 29%] [32mBuilding CXX object CMakeFiles/behaviortree_cpp.dir/src/loggers/bt_file_logger_v2.cpp.o[0m
[79.294s] [ 30%] [32mBuilding CXX object CMakeFiles/behaviortree_cpp.dir/src/shared_library_UNIX.cpp.o[0m
[80.379s] [ 31%] [32mBuilding CXX object CMakeFiles/behaviortree_cpp.dir/src/loggers/bt_sqlite_logger.cpp.o[0m
[89.923s] [ 32%] [32mBuilding CXX object CMakeFiles/behaviortree_cpp.dir/3rdparty/minitrace/minitrace.cpp.o[0m
[89.924s] [ 33%] [32mBuilding CXX object CMakeFiles/behaviortree_cpp.dir/3rdparty/tinyxml2/tinyxml2.cpp.o[0m
[89.926s] [ 33%] [32mBuilding CXX object CMakeFiles/behaviortree_cpp.dir/src/loggers/groot2_publisher.cpp.o[0m
[89.926s] [ 33%] [32mBuilding CXX object CMakeFiles/behaviortree_cpp.dir/src/loggers/bt_observer.cpp.o[0m
[90.731s] [ 34%] [32mBuilding CXX object CMakeFiles/behaviortree_cpp.dir/src/loggers/bt_minitrace_logger.cpp.o[0m
[109.805s] [ 35%] [32m[1mLinking CXX shared library libbehaviortree_cpp.so[0m
[110.171s] [ 35%] Built target behaviortree_cpp
[110.234s] [ 37%] [32mBuilding CXX object tools/CMakeFiles/bt4_log_cat.dir/bt_log_cat.cpp.o[0m
[110.234s] [ 37%] [32mBuilding CXX object sample_nodes/CMakeFiles/crossdoor_nodes_dyn.dir/crossdoor_nodes.cpp.o[0m
[110.243s] [ 38%] [32mBuilding CXX object sample_nodes/CMakeFiles/bt_sample_nodes.dir/crossdoor_nodes.cpp.o[0m
[110.259s] [ 39%] [32mBuilding CXX object sample_nodes/CMakeFiles/dummy_nodes_dyn.dir/dummy_nodes.cpp.o[0m
[110.264s] [ 39%] [32mBuilding CXX object examples/CMakeFiles/t01_first_tree_dynamic.dir/t01_build_your_first_tree.cpp.o[0m
[110.272s] [ 40%] [32mBuilding CXX object sample_nodes/CMakeFiles/movebase_node_dyn.dir/movebase_node.cpp.o[0m
[110.283s] [ 40%] [32mBuilding CXX object tools/CMakeFiles/bt4_plugin_manifest.dir/bt_plugin_manifest.cpp.o[0m
[110.355s] [ 40%] [32mBuilding CXX object examples/CMakeFiles/test_plugin_action.dir/plugin_example/plugin_action.cpp.o[0m
[113.985s] [ 41%] [32m[1mLinking CXX executable bt4_log_cat[0m
[114.311s] [ 41%] Built target bt4_log_cat
[114.386s] [ 42%] [32mBuilding CXX object examples/CMakeFiles/test_plugin_executor.dir/plugin_example/plugin_executor.cpp.o[0m
[119.972s] [ 43%] [32m[1mLinking CXX executable t01_first_tree_dynamic[0m
[120.314s] [ 43%] Built target t01_first_tree_dynamic
[120.343s] [ 44%] [32mBuilding CXX object sample_nodes/CMakeFiles/bt_sample_nodes.dir/dummy_nodes.cpp.o[0m
[120.537s] [ 45%] [32m[1mLinking CXX executable bt4_plugin_manifest[0m
[120.786s] [ 45%] [32mBuilding CXX object sample_nodes/CMakeFiles/bt_sample_nodes.dir/movebase_node.cpp.o[0m
[120.838s] [ 45%] Built target bt4_plugin_manifest
[120.883s] [ 45%] [32m[1mLinking CXX shared library bin/libcrossdoor_nodes_dyn.so[0m
[121.137s] [ 45%] Built target crossdoor_nodes_dyn
[122.229s] [ 46%] [32m[1mLinking CXX shared library bin/libmovebase_node_dyn.so[0m
[122.495s] [ 46%] Built target movebase_node_dyn
[122.627s] [ 47%] [32m[1mLinking CXX shared library test_plugin_action.so[0m
[122.892s] [ 47%] Built target test_plugin_action
[123.346s] [ 48%] [32m[1mLinking CXX shared library bin/libdummy_nodes_dyn.so[0m
[123.579s] [ 48%] Built target dummy_nodes_dyn
[123.604s] [ 49%] [32m[1mLinking CXX executable test_plugin_executor[0m
[123.823s] [ 49%] Built target test_plugin_executor
[127.483s] [ 50%] [32m[1mLinking CXX static library lib/libbt_sample_nodes.a[0m
[127.555s] [ 50%] Built target bt_sample_nodes
[127.600s] [ 51%] [32mBuilding CXX object examples/CMakeFiles/t03_generic_ports.dir/t03_generic_ports.cpp.o[0m
[127.601s] [ 51%] [32mBuilding CXX object examples/CMakeFiles/t02_basic_ports.dir/t02_basic_ports.cpp.o[0m
[127.608s] [ 52%] [32mBuilding CXX object examples/CMakeFiles/t04_reactive_sequence.dir/t04_reactive_sequence.cpp.o[0m
[127.612s] [ 53%] [32mBuilding CXX object examples/CMakeFiles/t05_crossdoor.dir/t05_crossdoor.cpp.o[0m
[127.614s] [ 53%] [32mBuilding CXX object tests/CMakeFiles/behaviortree_cpp_test.dir/src/action_test_node.cpp.o[0m
[127.614s] [ 54%] [32mBuilding CXX object examples/CMakeFiles/t01_first_tree_static.dir/t01_build_your_first_tree.cpp.o[0m
[128.670s] [ 54%] [32mBuilding CXX object examples/CMakeFiles/t07_load_multiple_xml.dir/t07_load_multiple_xml.cpp.o[0m
[128.684s] [ 55%] [32mBuilding CXX object examples/CMakeFiles/t06_subtree_port_remapping.dir/t06_subtree_port_remapping.cpp.o[0m
[136.784s] [ 56%] [32mBuilding CXX object tests/CMakeFiles/behaviortree_cpp_test.dir/src/condition_test_node.cpp.o[0m
[137.200s] [ 56%] [32m[1mLinking CXX executable t05_crossdoor[0m
[137.523s] [ 56%] Built target t05_crossdoor
[137.601s] [ 57%] [32mBuilding CXX object examples/CMakeFiles/t08_additional_node_args.dir/t08_additional_node_args.cpp.o[0m
[139.160s] [ 58%] [32m[1mLinking CXX executable t01_first_tree_static[0m
[139.529s] [ 58%] Built target t01_first_tree_static
[139.600s] [ 58%] [32mBuilding CXX object examples/CMakeFiles/t09_scripting.dir/t09_scripting.cpp.o[0m
[139.841s] [ 59%] [32m[1mLinking CXX executable t07_load_multiple_xml[0m
[140.157s] [ 59%] Built target t07_load_multiple_xml
[140.234s] [ 60%] [32mBuilding CXX object examples/CMakeFiles/t10_observer.dir/t10_observer.cpp.o[0m
[140.819s] [ 61%] [32m[1mLinking CXX executable t04_reactive_sequence[0m
[141.005s] [ 61%] [32m[1mLinking CXX executable t03_generic_ports[0m
[141.145s] [ 61%] Built target t04_reactive_sequence
[141.223s] [ 61%] [32mBuilding CXX object examples/CMakeFiles/t11_groot_howto.dir/t11_groot_howto.cpp.o[0m
[141.334s] [ 61%] Built target t03_generic_ports
[141.429s] [ 62%] [32mBuilding CXX object examples/CMakeFiles/t12_default_ports.dir/t12_default_ports.cpp.o[0m
[141.432s] [ 63%] [32m[1mLinking CXX executable t06_subtree_port_remapping[0m
[141.784s] [ 63%] Built target t06_subtree_port_remapping
[141.858s] [ 64%] [32mBuilding CXX object examples/CMakeFiles/t13_access_by_ref.dir/t13_access_by_ref.cpp.o[0m
[141.956s] [ 65%] [32m[1mLinking CXX executable t02_basic_ports[0m
[142.302s] [ 65%] Built target t02_basic_ports
[142.372s] [ 66%] [32mBuilding CXX object examples/CMakeFiles/t14_subtree_model.dir/t14_subtree_model.cpp.o[0m
[144.443s] [ 67%] [32mBuilding CXX object tests/CMakeFiles/behaviortree_cpp_test.dir/gtest_any.cpp.o[0m
[148.123s] [ 68%] [32m[1mLinking CXX executable t08_additional_node_args[0m
[148.584s] [ 68%] Built target t08_additional_node_args
[148.652s] [ 69%] [32mBuilding CXX object tests/CMakeFiles/behaviortree_cpp_test.dir/gtest_blackboard.cpp.o[0m
[151.330s] [ 70%] [32m[1mLinking CXX executable t10_observer[0m
[151.665s] [ 70%] Built target t10_observer
[151.779s] [ 71%] [32m[1mLinking CXX executable t09_scripting[0m
[152.252s] [ 71%] Built target t09_scripting
[152.662s] [ 71%] [32m[1mLinking CXX executable t14_subtree_model[0m
[152.899s] [ 71%] Built target t14_subtree_model
[154.418s] [ 72%] [32m[1mLinking CXX executable t13_access_by_ref[0m
[154.632s] [ 72%] Built target t13_access_by_ref
[156.390s] [ 72%] [32m[1mLinking CXX executable t12_default_ports[0m
[156.641s] [ 72%] Built target t12_default_ports
[157.370s] [ 73%] [32m[1mLinking CXX executable t11_groot_howto[0m
[157.594s] [ 73%] Built target t11_groot_howto
[166.624s] [ 74%] [32mBuilding CXX object tests/CMakeFiles/behaviortree_cpp_test.dir/gtest_enums.cpp.o[0m
[166.627s] [ 75%] [32mBuilding CXX object tests/CMakeFiles/behaviortree_cpp_test.dir/gtest_decorator.cpp.o[0m
[166.627s] [ 75%] [32mBuilding CXX object tests/CMakeFiles/behaviortree_cpp_test.dir/gtest_factory.cpp.o[0m
[166.661s] [ 76%] [32mBuilding CXX object examples/CMakeFiles/t16_sqlite_log.dir/t16_sqlite_log.cpp.o[0m
[166.662s] [ 77%] [32mBuilding CXX object examples/CMakeFiles/t17_blackboard_backup.dir/t17_blackboard_backup.cpp.o[0m
[166.662s] [ 78%] [32mBuilding CXX object examples/CMakeFiles/t15_nodes_mocking.dir/t15_nodes_mocking.cpp.o[0m
[167.669s] [ 78%] [32mBuilding CXX object tests/CMakeFiles/behaviortree_cpp_test.dir/gtest_coroutines.cpp.o[0m
[170.339s] [ 79%] [32mBuilding CXX object tests/CMakeFiles/behaviortree_cpp_test.dir/gtest_fallback.cpp.o[0m
[178.602s] [ 80%] [32m[1mLinking CXX executable t15_nodes_mocking[0m
[179.027s] [ 80%] Built target t15_nodes_mocking
[179.116s] [ 80%] [32mBuilding CXX object examples/CMakeFiles/t18_waypoints.dir/t18_waypoints.cpp.o[0m
[180.952s] [ 81%] [32m[1mLinking CXX executable t17_blackboard_backup[0m
[181.270s] [ 81%] Built target t17_blackboard_backup
[181.343s] [ 82%] [32mBuilding CXX object examples/CMakeFiles/t19_global_blackboard.dir/t19_global_blackboard.cpp.o[0m
[184.715s] [ 83%] [32mBuilding CXX object tests/CMakeFiles/behaviortree_cpp_test.dir/gtest_parallel.cpp.o[0m
[186.144s] [ 83%] [32m[1mLinking CXX executable t16_sqlite_log[0m
[186.477s] [ 83%] Built target t16_sqlite_log
[186.550s] [ 84%] [32mBuilding CXX object examples/CMakeFiles/ex01_wrap_legacy.dir/ex01_wrap_legacy.cpp.o[0m
[186.577s] [ 85%] [32mBuilding CXX object tests/CMakeFiles/behaviortree_cpp_test.dir/gtest_preconditions.cpp.o[0m
[186.718s] [ 85%] [32mBuilding CXX object tests/CMakeFiles/behaviortree_cpp_test.dir/gtest_ports.cpp.o[0m
[189.183s] [ 86%] [32mBuilding CXX object tests/CMakeFiles/behaviortree_cpp_test.dir/gtest_postconditions.cpp.o[0m
[190.228s] [ 87%] [32mBuilding CXX object tests/CMakeFiles/behaviortree_cpp_test.dir/gtest_match.cpp.o[0m
[195.548s] [ 88%] [32m[1mLinking CXX executable t18_waypoints[0m
[195.608s] [ 89%] [32m[1mLinking CXX executable t19_global_blackboard[0m
[195.890s] [ 89%] Built target t18_waypoints
[195.935s] [ 89%] Built target t19_global_blackboard
[198.667s] [ 89%] [32m[1mLinking CXX executable ex01_wrap_legacy[0m
[198.898s] [ 89%] Built target ex01_wrap_legacy
[201.928s] [ 90%] [32mBuilding CXX object tests/CMakeFiles/behaviortree_cpp_test.dir/gtest_reactive_backchaining.cpp.o[0m
[202.743s] [ 90%] [32mBuilding CXX object tests/CMakeFiles/behaviortree_cpp_test.dir/gtest_reactive.cpp.o[0m
[203.608s] [ 91%] [32mBuilding CXX object tests/CMakeFiles/behaviortree_cpp_test.dir/gtest_sequence.cpp.o[0m
[203.829s] [ 91%] [32mBuilding CXX object tests/CMakeFiles/behaviortree_cpp_test.dir/gtest_skipping.cpp.o[0m
[204.863s] [ 92%] [32mBuilding CXX object tests/CMakeFiles/behaviortree_cpp_test.dir/gtest_substitution.cpp.o[0m
[205.900s] [ 93%] [32mBuilding CXX object tests/CMakeFiles/behaviortree_cpp_test.dir/gtest_json.cpp.o[0m
[217.233s] [ 94%] [32mBuilding CXX object tests/CMakeFiles/behaviortree_cpp_test.dir/gtest_subtree.cpp.o[0m
[218.765s] [ 95%] [32mBuilding CXX object tests/CMakeFiles/behaviortree_cpp_test.dir/gtest_switch.cpp.o[0m
[218.821s] [ 95%] [32mBuilding CXX object tests/CMakeFiles/behaviortree_cpp_test.dir/gtest_tree.cpp.o[0m
[219.864s] [ 96%] [32mBuilding CXX object tests/CMakeFiles/behaviortree_cpp_test.dir/gtest_updates.cpp.o[0m
[220.251s] [ 97%] [32mBuilding CXX object tests/CMakeFiles/behaviortree_cpp_test.dir/gtest_wakeup.cpp.o[0m
[221.368s] [ 98%] [32mBuilding CXX object tests/CMakeFiles/behaviortree_cpp_test.dir/script_parser_test.cpp.o[0m
[256.045s] [ 98%] [32m[1mLinking CXX executable behaviortree_cpp_test[0m
[256.563s] [ 98%] Built target behaviortree_cpp_test
[256.606s] [ 99%] [32mBuilding CXX object examples/CMakeFiles/ex02_runtime_ports.dir/ex02_runtime_ports.cpp.o[0m
[263.876s] [100%] [32m[1mLinking CXX executable ex02_runtime_ports[0m
[264.068s] [100%] Built target ex02_runtime_ports
