[0.099s] Invoking command in '/home/oh/slam_ws/build/ydlidar_ros2_driver': CMAKE_PREFIX_PATH=${CMAKE_PREFIX_PATH}:/home/oh/slam_ws/install/ros2_aruco:/home/oh/slam_ws/install/my_tf_package:/home/oh/slam_ws/install/my_tf2_package:/home/oh/slam_ws/install/my_docking:/home/oh/slam_ws/install/my_aruco_to_goal_pose_pkg:/home/oh/slam_ws/install/escape_from_cart:/opt/ros/humble /usr/bin/cmake /home/oh/slam_ws/src/ydlidar_ros2_driver -DCMAKE_INSTALL_PREFIX=/home/oh/slam_ws/install/ydlidar_ros2_driver
[0.495s] -- Found ament_cmake: 1.3.8 (/opt/ros/humble/share/ament_cmake/cmake)
[1.052s] -- Found rclcpp: 16.0.8 (/opt/ros/humble/share/rclcpp/cmake)
[1.291s] -- Found rosidl_generator_c: 3.1.5 (/opt/ros/humble/share/rosidl_generator_c/cmake)
[1.316s] -- Found rosidl_adapter: 3.1.5 (/opt/ros/humble/share/rosidl_adapter/cmake)
[1.373s] -- Found rosidl_generator_cpp: 3.1.5 (/opt/ros/humble/share/rosidl_generator_cpp/cmake)
[1.503s] -- Using all available rosidl_typesupport_c: rosidl_typesupport_fastrtps_c;rosidl_typesupport_introspection_c
[1.674s] -- Using all available rosidl_typesupport_cpp: rosidl_typesupport_fastrtps_cpp;rosidl_typesupport_introspection_cpp
[2.139s] -- Found rmw_implementation_cmake: 6.1.1 (/opt/ros/humble/share/rmw_implementation_cmake/cmake)
[2.149s] -- Found rmw_fastrtps_cpp: 6.2.6 (/opt/ros/humble/share/rmw_fastrtps_cpp/cmake)
[3.148s] -- Using RMW implementation 'rmw_fastrtps_cpp' as default
[4.045s] -- Found sensor_msgs: 4.2.3 (/opt/ros/humble/share/sensor_msgs/cmake)
[5.308s] -- Found visualization_msgs: 4.2.3 (/opt/ros/humble/share/visualization_msgs/cmake)
[6.542s] -- Found std_srvs: 4.2.3 (/opt/ros/humble/share/std_srvs/cmake)
[6.748s] -- Found laser_geometry: 2.4.0 (/opt/ros/humble/share/laser_geometry/cmake)
[6.901s] -- Found tf2_ros: 0.25.6 (/opt/ros/humble/share/tf2_ros/cmake)
[9.864s] -- Found ament_lint_auto: 0.12.10 (/opt/ros/humble/share/ament_lint_auto/cmake)
[10.703s] -- Added test 'copyright' to check source files copyright and LICENSE
[10.733s] -- Added test 'cppcheck' to perform static code analysis on C / C++ code
[10.734s] -- Configured cppcheck include dirs: /home/oh/slam_ws/src/ydlidar_ros2_driver/src
[10.747s] -- Configured cppcheck exclude dirs and/or files: 
[10.764s] -- Added test 'cpplint' to check C / C++ code against the Google style
[10.765s] -- Configured cpplint exclude dirs and/or files: 
[10.777s] -- Added test 'flake8' to check Python code syntax and style conventions
[10.788s] -- Added test 'lint_cmake' to check CMake code style
[10.797s] -- Added test 'pep257' to check Python code against some of the docstring style conventions in PEP 257
[10.834s] -- Added test 'uncrustify' to check C / C++ code style
[10.835s] -- Configured uncrustify additional arguments: 
[10.844s] -- Added test 'xmllint' to check XML markup files
[10.865s] -- Configuring done
[10.981s] -- Generating done
[11.000s] -- Build files have been written to: /home/oh/slam_ws/build/ydlidar_ros2_driver
