[0.062s] Invoking command in '/home/oh/slam_ws/build/ros2_control_demo_example_9': AMENT_PREFIX_PATH=/home/oh/slam_ws/install/ros2_control_demo_description:${AMENT_PREFIX_PATH} CMAKE_PREFIX_PATH=/home/oh/slam_ws/install/ros2_control_demo_description:/opt/ros/humble /usr/bin/cmake /home/oh/slam_ws/src/ros2_control_demos/example_9 -DCMAKE_INSTALL_PREFIX=/home/oh/slam_ws/install/ros2_control_demo_example_9
[0.205s] -- The CXX compiler identification is GNU 11.4.0
[0.241s] -- Detecting CXX compiler ABI info
[0.350s] -- Detecting CXX compiler ABI info - done
[0.361s] -- Check for working CXX compiler: /usr/bin/c++ - skipped
[0.361s] -- Detecting CXX compile features
[0.362s] -- Detecting CXX compile features - done
[0.365s] -- Found ament_cmake: 1.3.8 (/opt/ros/humble/share/ament_cmake/cmake)
[0.563s] -- Found Python3: /usr/bin/python3 (found version "3.10.12") found components: Interpreter 
[0.672s] -- Found hardware_interface: 2.40.0 (/opt/ros/humble/share/hardware_interface/cmake)
[0.731s] -- Found rosidl_generator_c: 3.1.5 (/opt/ros/humble/share/rosidl_generator_c/cmake)
[0.738s] -- Found rosidl_adapter: 3.1.5 (/opt/ros/humble/share/rosidl_adapter/cmake)
[0.751s] -- Found rosidl_generator_cpp: 3.1.5 (/opt/ros/humble/share/rosidl_generator_cpp/cmake)
[0.772s] -- Using all available rosidl_typesupport_c: rosidl_typesupport_fastrtps_c;rosidl_typesupport_introspection_c
[0.804s] -- Using all available rosidl_typesupport_cpp: rosidl_typesupport_fastrtps_cpp;rosidl_typesupport_introspection_cpp
[1.687s] -- Found rmw_implementation_cmake: 6.1.1 (/opt/ros/humble/share/rmw_implementation_cmake/cmake)
[1.690s] -- Found rmw_fastrtps_cpp: 6.2.6 (/opt/ros/humble/share/rmw_fastrtps_cpp/cmake)
[1.736s] -- Found TinyXML2 via Config file: TinyXML2_DIR-NOTFOUND
[1.793s] -- Found OpenSSL: /usr/lib/x86_64-linux-gnu/libcrypto.so (found version "3.0.2")  
[1.796s] -- Found TinyXML2 via Config file: TinyXML2_DIR-NOTFOUND
[1.818s] -- Found FastRTPS: /opt/ros/humble/include  
[1.833s] -- Found TinyXML2 via Config file: TinyXML2_DIR-NOTFOUND
[1.843s] -- Found TinyXML2 via Config file: TinyXML2_DIR-NOTFOUND
[1.857s] -- Using RMW implementation 'rmw_fastrtps_cpp' as default
[1.870s] -- Looking for C++ include pthread.h
[2.030s] -- Looking for C++ include pthread.h - found
[2.030s] -- Performing Test CMAKE_HAVE_LIBC_PTHREAD
[2.173s] -- Performing Test CMAKE_HAVE_LIBC_PTHREAD - Success
[2.175s] -- Found Threads: TRUE  
[2.458s] -- Found ament_cmake_pytest: 1.3.8 (/opt/ros/humble/share/ament_cmake_pytest/cmake)
[3.398s] -- Configuring done
[3.416s] -- Generating done
[3.419s] -- Build files have been written to: /home/oh/slam_ws/build/ros2_control_demo_example_9
[3.452s] Invoked command in '/home/oh/slam_ws/build/ros2_control_demo_example_9' returned '0': AMENT_PREFIX_PATH=/home/oh/slam_ws/install/ros2_control_demo_description:${AMENT_PREFIX_PATH} CMAKE_PREFIX_PATH=/home/oh/slam_ws/install/ros2_control_demo_description:/opt/ros/humble /usr/bin/cmake /home/oh/slam_ws/src/ros2_control_demos/example_9 -DCMAKE_INSTALL_PREFIX=/home/oh/slam_ws/install/ros2_control_demo_example_9
[3.461s] Invoking command in '/home/oh/slam_ws/build/ros2_control_demo_example_9': AMENT_PREFIX_PATH=/home/oh/slam_ws/install/ros2_control_demo_description:${AMENT_PREFIX_PATH} CMAKE_PREFIX_PATH=/home/oh/slam_ws/install/ros2_control_demo_description:/opt/ros/humble /usr/bin/cmake --build /home/oh/slam_ws/build/ros2_control_demo_example_9 -- -j8 -l8
[3.566s] [ 50%] [32mBuilding CXX object CMakeFiles/ros2_control_demo_example_9.dir/hardware/rrbot.cpp.o[0m
[8.327s] [100%] [32m[1mLinking CXX shared library libros2_control_demo_example_9.so[0m
[8.536s] [100%] Built target ros2_control_demo_example_9
[8.547s] Invoked command in '/home/oh/slam_ws/build/ros2_control_demo_example_9' returned '0': AMENT_PREFIX_PATH=/home/oh/slam_ws/install/ros2_control_demo_description:${AMENT_PREFIX_PATH} CMAKE_PREFIX_PATH=/home/oh/slam_ws/install/ros2_control_demo_description:/opt/ros/humble /usr/bin/cmake --build /home/oh/slam_ws/build/ros2_control_demo_example_9 -- -j8 -l8
[8.772s] Invoking command in '/home/oh/slam_ws/build/ros2_control_demo_example_9': AMENT_PREFIX_PATH=/home/oh/slam_ws/install/ros2_control_demo_description:${AMENT_PREFIX_PATH} CMAKE_PREFIX_PATH=/home/oh/slam_ws/install/ros2_control_demo_description:/opt/ros/humble /usr/bin/cmake --install /home/oh/slam_ws/build/ros2_control_demo_example_9
[8.793s] -- Install configuration: ""
[8.793s] -- Installing: /home/oh/slam_ws/install/ros2_control_demo_example_9/share/ros2_control_demo_example_9/ros2_control_demo_example_9.xml
[8.793s] -- Installing: /home/oh/slam_ws/install/ros2_control_demo_example_9/include/ros2_control_demo_example_9
[8.793s] -- Installing: /home/oh/slam_ws/install/ros2_control_demo_example_9/include/ros2_control_demo_example_9/ros2_control_demo_example_9
[8.793s] -- Installing: /home/oh/slam_ws/install/ros2_control_demo_example_9/include/ros2_control_demo_example_9/ros2_control_demo_example_9/rrbot.hpp
[8.794s] -- Installing: /home/oh/slam_ws/install/ros2_control_demo_example_9/include/ros2_control_demo_example_9/ros2_control_demo_example_9/visibility_control.h
[8.794s] -- Installing: /home/oh/slam_ws/install/ros2_control_demo_example_9/share/ros2_control_demo_example_9/launch
[8.794s] -- Installing: /home/oh/slam_ws/install/ros2_control_demo_example_9/share/ros2_control_demo_example_9/launch/view_robot.launch.py
[8.794s] -- Installing: /home/oh/slam_ws/install/ros2_control_demo_example_9/share/ros2_control_demo_example_9/ros2_control
[8.794s] -- Installing: /home/oh/slam_ws/install/ros2_control_demo_example_9/share/ros2_control_demo_example_9/ros2_control/rrbot.ros2_control.xacro
[8.794s] -- Installing: /home/oh/slam_ws/install/ros2_control_demo_example_9/share/ros2_control_demo_example_9/urdf
[8.794s] -- Installing: /home/oh/slam_ws/install/ros2_control_demo_example_9/share/ros2_control_demo_example_9/urdf/rrbot.urdf.xacro
[8.794s] -- Installing: /home/oh/slam_ws/install/ros2_control_demo_example_9/share/ros2_control_demo_example_9/gazebo
[8.794s] -- Installing: /home/oh/slam_ws/install/ros2_control_demo_example_9/share/ros2_control_demo_example_9/gazebo/rrbot.gazebo.xacro
[8.794s] -- Up-to-date: /home/oh/slam_ws/install/ros2_control_demo_example_9/share/ros2_control_demo_example_9/launch
[8.794s] -- Installing: /home/oh/slam_ws/install/ros2_control_demo_example_9/share/ros2_control_demo_example_9/launch/rrbot.launch.py
[8.794s] -- Installing: /home/oh/slam_ws/install/ros2_control_demo_example_9/share/ros2_control_demo_example_9/launch/rrbot_gazebo_classic.launch.py
[8.794s] -- Installing: /home/oh/slam_ws/install/ros2_control_demo_example_9/share/ros2_control_demo_example_9/launch/test_forward_position_controller.launch.py
[8.795s] -- Installing: /home/oh/slam_ws/install/ros2_control_demo_example_9/share/ros2_control_demo_example_9/config
[8.795s] -- Installing: /home/oh/slam_ws/install/ros2_control_demo_example_9/share/ros2_control_demo_example_9/config/rrbot_controllers.yaml
[8.795s] -- Installing: /home/oh/slam_ws/install/ros2_control_demo_example_9/share/ros2_control_demo_example_9/config/rrbot_forward_position_publisher.yaml
[8.795s] -- Installing: /home/oh/slam_ws/install/ros2_control_demo_example_9/lib/libros2_control_demo_example_9.so
[8.795s] -- Set runtime path of "/home/oh/slam_ws/install/ros2_control_demo_example_9/lib/libros2_control_demo_example_9.so" to ""
[8.795s] -- Installing: /home/oh/slam_ws/install/ros2_control_demo_example_9/share/ros2_control_demo_example_9/environment/library_path.sh
[8.795s] -- Installing: /home/oh/slam_ws/install/ros2_control_demo_example_9/share/ros2_control_demo_example_9/environment/library_path.dsv
[8.795s] -- Installing: /home/oh/slam_ws/install/ros2_control_demo_example_9/share/ament_index/resource_index/package_run_dependencies/ros2_control_demo_example_9
[8.795s] -- Installing: /home/oh/slam_ws/install/ros2_control_demo_example_9/share/ament_index/resource_index/parent_prefix_path/ros2_control_demo_example_9
[8.795s] -- Installing: /home/oh/slam_ws/install/ros2_control_demo_example_9/share/ros2_control_demo_example_9/environment/ament_prefix_path.sh
[8.795s] -- Installing: /home/oh/slam_ws/install/ros2_control_demo_example_9/share/ros2_control_demo_example_9/environment/ament_prefix_path.dsv
[8.795s] -- Installing: /home/oh/slam_ws/install/ros2_control_demo_example_9/share/ros2_control_demo_example_9/environment/path.sh
[8.795s] -- Installing: /home/oh/slam_ws/install/ros2_control_demo_example_9/share/ros2_control_demo_example_9/environment/path.dsv
[8.795s] -- Installing: /home/oh/slam_ws/install/ros2_control_demo_example_9/share/ros2_control_demo_example_9/local_setup.bash
[8.796s] -- Installing: /home/oh/slam_ws/install/ros2_control_demo_example_9/share/ros2_control_demo_example_9/local_setup.sh
[8.796s] -- Installing: /home/oh/slam_ws/install/ros2_control_demo_example_9/share/ros2_control_demo_example_9/local_setup.zsh
[8.796s] -- Installing: /home/oh/slam_ws/install/ros2_control_demo_example_9/share/ros2_control_demo_example_9/local_setup.dsv
[8.796s] -- Installing: /home/oh/slam_ws/install/ros2_control_demo_example_9/share/ros2_control_demo_example_9/package.dsv
[8.796s] -- Installing: /home/oh/slam_ws/install/ros2_control_demo_example_9/share/ament_index/resource_index/packages/ros2_control_demo_example_9
[8.796s] -- Installing: /home/oh/slam_ws/install/ros2_control_demo_example_9/share/ament_index/resource_index/hardware_interface__pluginlib__plugin/ros2_control_demo_example_9
[8.809s] -- Installing: /home/oh/slam_ws/install/ros2_control_demo_example_9/share/ros2_control_demo_example_9/cmake/export_ros2_control_demo_example_9Export.cmake
[8.809s] -- Installing: /home/oh/slam_ws/install/ros2_control_demo_example_9/share/ros2_control_demo_example_9/cmake/export_ros2_control_demo_example_9Export-noconfig.cmake
[8.809s] -- Installing: /home/oh/slam_ws/install/ros2_control_demo_example_9/share/ros2_control_demo_example_9/cmake/ament_cmake_export_targets-extras.cmake
[8.810s] -- Installing: /home/oh/slam_ws/install/ros2_control_demo_example_9/share/ros2_control_demo_example_9/cmake/ament_cmake_export_dependencies-extras.cmake
[8.810s] -- Installing: /home/oh/slam_ws/install/ros2_control_demo_example_9/share/ros2_control_demo_example_9/cmake/ros2_control_demo_example_9Config.cmake
[8.810s] -- Installing: /home/oh/slam_ws/install/ros2_control_demo_example_9/share/ros2_control_demo_example_9/cmake/ros2_control_demo_example_9Config-version.cmake
[8.810s] -- Installing: /home/oh/slam_ws/install/ros2_control_demo_example_9/share/ros2_control_demo_example_9/package.xml
[8.821s] Invoked command in '/home/oh/slam_ws/build/ros2_control_demo_example_9' returned '0': AMENT_PREFIX_PATH=/home/oh/slam_ws/install/ros2_control_demo_description:${AMENT_PREFIX_PATH} CMAKE_PREFIX_PATH=/home/oh/slam_ws/install/ros2_control_demo_description:/opt/ros/humble /usr/bin/cmake --install /home/oh/slam_ws/build/ros2_control_demo_example_9
