[0.907s] Invoking command in '/home/oh/slam_ws/src/my_aruco_to_goal_pose_pkg': PYTHONPATH=/home/oh/slam_ws/build/my_aruco_to_goal_pose_pkg/prefix_override:/home/oh/slam_ws/install/my_aruco_to_goal_pose_pkg/lib/python3.10/site-packages:${PYTHONPATH} /usr/bin/python3 -W ignore:setup.py install is deprecated setup.py egg_info --egg-base ../../build/my_aruco_to_goal_pose_pkg build --build-base /home/oh/slam_ws/build/my_aruco_to_goal_pose_pkg/build install --record /home/oh/slam_ws/build/my_aruco_to_goal_pose_pkg/install.log --single-version-externally-managed install_data
[1.107s] running egg_info
[1.108s] writing ../../build/my_aruco_to_goal_pose_pkg/my_aruco_to_goal_pose_pkg.egg-info/PKG-INFO
[1.108s] writing dependency_links to ../../build/my_aruco_to_goal_pose_pkg/my_aruco_to_goal_pose_pkg.egg-info/dependency_links.txt
[1.108s] writing entry points to ../../build/my_aruco_to_goal_pose_pkg/my_aruco_to_goal_pose_pkg.egg-info/entry_points.txt
[1.108s] writing requirements to ../../build/my_aruco_to_goal_pose_pkg/my_aruco_to_goal_pose_pkg.egg-info/requires.txt
[1.108s] writing top-level names to ../../build/my_aruco_to_goal_pose_pkg/my_aruco_to_goal_pose_pkg.egg-info/top_level.txt
[1.109s] reading manifest file '../../build/my_aruco_to_goal_pose_pkg/my_aruco_to_goal_pose_pkg.egg-info/SOURCES.txt'
[1.110s] writing manifest file '../../build/my_aruco_to_goal_pose_pkg/my_aruco_to_goal_pose_pkg.egg-info/SOURCES.txt'
[1.110s] running build
[1.110s] running build_py
[1.110s] copying my_aruco_to_goal_pose_pkg/aruco_sub_goal_pose_pub.py -> /home/oh/slam_ws/build/my_aruco_to_goal_pose_pkg/build/lib/my_aruco_to_goal_pose_pkg
[1.111s] running install
[1.111s] running install_lib
[1.112s] copying /home/oh/slam_ws/build/my_aruco_to_goal_pose_pkg/build/lib/my_aruco_to_goal_pose_pkg/aruco_sub_goal_pose_pub.py -> /home/oh/slam_ws/install/my_aruco_to_goal_pose_pkg/lib/python3.10/site-packages/my_aruco_to_goal_pose_pkg
[1.112s] byte-compiling /home/oh/slam_ws/install/my_aruco_to_goal_pose_pkg/lib/python3.10/site-packages/my_aruco_to_goal_pose_pkg/aruco_sub_goal_pose_pub.py to aruco_sub_goal_pose_pub.cpython-310.pyc
[1.113s] running install_data
[1.113s] running install_egg_info
[1.114s] removing '/home/oh/slam_ws/install/my_aruco_to_goal_pose_pkg/lib/python3.10/site-packages/my_aruco_to_goal_pose_pkg-0.0.0-py3.10.egg-info' (and everything under it)
[1.114s] Copying ../../build/my_aruco_to_goal_pose_pkg/my_aruco_to_goal_pose_pkg.egg-info to /home/oh/slam_ws/install/my_aruco_to_goal_pose_pkg/lib/python3.10/site-packages/my_aruco_to_goal_pose_pkg-0.0.0-py3.10.egg-info
[1.115s] running install_scripts
[1.130s] Installing aruco_sub_goal_pose_pub script to /home/oh/slam_ws/install/my_aruco_to_goal_pose_pkg/lib/my_aruco_to_goal_pose_pkg
[1.130s] writing list of installed files to '/home/oh/slam_ws/build/my_aruco_to_goal_pose_pkg/install.log'
[1.360s] Invoked command in '/home/oh/slam_ws/src/my_aruco_to_goal_pose_pkg' returned '0': PYTHONPATH=/home/oh/slam_ws/build/my_aruco_to_goal_pose_pkg/prefix_override:/home/oh/slam_ws/install/my_aruco_to_goal_pose_pkg/lib/python3.10/site-packages:${PYTHONPATH} /usr/bin/python3 -W ignore:setup.py install is deprecated setup.py egg_info --egg-base ../../build/my_aruco_to_goal_pose_pkg build --build-base /home/oh/slam_ws/build/my_aruco_to_goal_pose_pkg/build install --record /home/oh/slam_ws/build/my_aruco_to_goal_pose_pkg/install.log --single-version-externally-managed install_data
