[5.380s] Invoking command in '/home/oh/slam_ws/src/my_docking': PYTHONPATH=/home/oh/slam_ws/build/my_docking/prefix_override:/home/oh/slam_ws/install/my_docking/lib/python3.10/site-packages:${PYTHONPATH} /usr/bin/python3 -W ignore:setup.py install is deprecated setup.py egg_info --egg-base ../../build/my_docking build --build-base /home/oh/slam_ws/build/my_docking/build install --record /home/oh/slam_ws/build/my_docking/install.log --single-version-externally-managed install_data
[7.162s] running egg_info
[7.183s] writing ../../build/my_docking/my_docking.egg-info/PKG-INFO
[7.184s] writing dependency_links to ../../build/my_docking/my_docking.egg-info/dependency_links.txt
[7.184s] writing entry points to ../../build/my_docking/my_docking.egg-info/entry_points.txt
[7.185s] writing requirements to ../../build/my_docking/my_docking.egg-info/requires.txt
[7.185s] writing top-level names to ../../build/my_docking/my_docking.egg-info/top_level.txt
[7.192s] reading manifest file '../../build/my_docking/my_docking.egg-info/SOURCES.txt'
[7.206s] writing manifest file '../../build/my_docking/my_docking.egg-info/SOURCES.txt'
[7.206s] running build
[7.207s] running build_py
[7.210s] running install
[7.214s] running install_lib
[7.225s] byte-compiling /home/oh/slam_ws/install/my_docking/lib/python3.10/site-packages/my_docking/docking_server_trial.py to docking_server_trial.cpython-310.pyc
[7.228s]   File "/home/oh/slam_ws/install/my_docking/lib/python3.10/site-packages/my_docking/docking_server_trial.py", line 67
[7.228s]     if len(msg.poses) > 0 and :
[7.228s]                               ^
[7.229s] SyntaxError: invalid syntax
[7.229s] 
[7.229s] byte-compiling /home/oh/slam_ws/install/my_docking/lib/python3.10/site-packages/my_docking/dockingtwo_action_server.py to dockingtwo_action_server.cpython-310.pyc
[7.236s]   File "/home/oh/slam_ws/install/my_docking/lib/python3.10/site-packages/my_docking/dockingtwo_action_server.py", line 77
[7.237s]     feedback_msg.
[7.237s]                  ^
[7.237s] SyntaxError: invalid syntax
[7.237s] 
[7.237s] running install_data
[7.238s] running install_egg_info
[7.243s] removing '/home/oh/slam_ws/install/my_docking/lib/python3.10/site-packages/my_docking-0.0.0-py3.10.egg-info' (and everything under it)
[7.244s] Copying ../../build/my_docking/my_docking.egg-info to /home/oh/slam_ws/install/my_docking/lib/python3.10/site-packages/my_docking-0.0.0-py3.10.egg-info
[7.260s] running install_scripts
[7.409s] Installing docking script to /home/oh/slam_ws/install/my_docking/lib/my_docking
[7.411s] writing list of installed files to '/home/oh/slam_ws/build/my_docking/install.log'
[7.619s] Invoked command in '/home/oh/slam_ws/src/my_docking' returned '0': PYTHONPATH=/home/oh/slam_ws/build/my_docking/prefix_override:/home/oh/slam_ws/install/my_docking/lib/python3.10/site-packages:${PYTHONPATH} /usr/bin/python3 -W ignore:setup.py install is deprecated setup.py egg_info --egg-base ../../build/my_docking build --build-base /home/oh/slam_ws/build/my_docking/build install --record /home/oh/slam_ws/build/my_docking/install.log --single-version-externally-managed install_data
