[0.443s] Invoking command in '/home/oh/slam_ws/src/my_tf2_package': PYTHONPATH=/home/oh/slam_ws/build/my_tf2_package/prefix_override:/home/oh/slam_ws/install/my_tf2_package/lib/python3.10/site-packages:${PYTHONPATH} /usr/bin/python3 -W ignore:setup.py install is deprecated setup.py egg_info --egg-base ../../build/my_tf2_package build --build-base /home/oh/slam_ws/build/my_tf2_package/build install --record /home/oh/slam_ws/build/my_tf2_package/install.log --single-version-externally-managed install_data
[0.612s] running egg_info
[0.613s] writing ../../build/my_tf2_package/my_tf2_package.egg-info/PKG-INFO
[0.613s] writing dependency_links to ../../build/my_tf2_package/my_tf2_package.egg-info/dependency_links.txt
[0.613s] writing entry points to ../../build/my_tf2_package/my_tf2_package.egg-info/entry_points.txt
[0.613s] writing requirements to ../../build/my_tf2_package/my_tf2_package.egg-info/requires.txt
[0.613s] writing top-level names to ../../build/my_tf2_package/my_tf2_package.egg-info/top_level.txt
[0.614s] reading manifest file '../../build/my_tf2_package/my_tf2_package.egg-info/SOURCES.txt'
[0.614s] adding license file 'LICENSE'
[0.615s] writing manifest file '../../build/my_tf2_package/my_tf2_package.egg-info/SOURCES.txt'
[0.615s] running build
[0.615s] running build_py
[0.615s] copying my_tf2_package/my_static_cart_tf2_broadcaster.py -> /home/oh/slam_ws/build/my_tf2_package/build/lib/my_tf2_package
[0.615s] running install
[0.616s] running install_lib
[0.616s] copying /home/oh/slam_ws/build/my_tf2_package/build/lib/my_tf2_package/my_static_cart_tf2_broadcaster.py -> /home/oh/slam_ws/install/my_tf2_package/lib/python3.10/site-packages/my_tf2_package
[0.617s] byte-compiling /home/oh/slam_ws/install/my_tf2_package/lib/python3.10/site-packages/my_tf2_package/my_static_cart_tf2_broadcaster.py to my_static_cart_tf2_broadcaster.cpython-310.pyc
[0.617s] running install_data
[0.618s] running install_egg_info
[0.619s] removing '/home/oh/slam_ws/install/my_tf2_package/lib/python3.10/site-packages/my_tf2_package-0.0.0-py3.10.egg-info' (and everything under it)
[0.619s] Copying ../../build/my_tf2_package/my_tf2_package.egg-info to /home/oh/slam_ws/install/my_tf2_package/lib/python3.10/site-packages/my_tf2_package-0.0.0-py3.10.egg-info
[0.619s] running install_scripts
[0.633s] Installing my_static_cart_tf2_broadcaster script to /home/oh/slam_ws/install/my_tf2_package/lib/my_tf2_package
[0.633s] writing list of installed files to '/home/oh/slam_ws/build/my_tf2_package/install.log'
[0.651s] Invoked command in '/home/oh/slam_ws/src/my_tf2_package' returned '0': PYTHONPATH=/home/oh/slam_ws/build/my_tf2_package/prefix_override:/home/oh/slam_ws/install/my_tf2_package/lib/python3.10/site-packages:${PYTHONPATH} /usr/bin/python3 -W ignore:setup.py install is deprecated setup.py egg_info --egg-base ../../build/my_tf2_package build --build-base /home/oh/slam_ws/build/my_tf2_package/build install --record /home/oh/slam_ws/build/my_tf2_package/install.log --single-version-externally-managed install_data
