[0.018s] Invoking command in '/home/oh/slam_ws/build/my_action_interface': CMAKE_PREFIX_PATH=/opt/ros/humble /usr/bin/cmake /home/oh/slam_ws/src/my_action_interface -DAMENT_CMAKE_SYMLINK_INSTALL=1 -DCMAKE_INSTALL_PREFIX=/home/oh/slam_ws/install/my_action_interface
[0.143s] -- The C compiler identification is GNU 11.4.0
[0.266s] -- The CXX compiler identification is GNU 11.4.0
[0.281s] -- Detecting C compiler ABI info
[0.393s] -- Detecting C compiler ABI info - done
[0.408s] -- Check for working C compiler: /usr/bin/cc - skipped
[0.408s] -- Detecting C compile features
[0.409s] -- Detecting C compile features - done
[0.415s] -- Detecting CXX compiler ABI info
[0.545s] -- Detecting CXX compiler ABI info - done
[0.560s] -- Check for working CXX compiler: /usr/bin/c++ - skipped
[0.561s] -- Detecting CXX compile features
[0.561s] -- Detecting CXX compile features - done
[0.570s] -- Found ament_cmake: 1.3.8 (/opt/ros/humble/share/ament_cmake/cmake)
[0.836s] -- Found Python3: /usr/bin/python3 (found version "3.10.12") found components: Interpreter 
[0.950s] -- Override CMake install command with custom implementation using symlinks instead of copying resources
[1.008s] -- Found rosidl_default_generators: 1.2.0 (/opt/ros/humble/share/rosidl_default_generators/cmake)
[1.015s] -- Using all available rosidl_typesupport_c: rosidl_typesupport_fastrtps_c;rosidl_typesupport_introspection_c
[1.029s] -- Found rosidl_adapter: 3.1.5 (/opt/ros/humble/share/rosidl_adapter/cmake)
[1.115s] -- Using all available rosidl_typesupport_cpp: rosidl_typesupport_fastrtps_cpp;rosidl_typesupport_introspection_cpp
[1.819s] -- Found ament_cmake_ros: 0.10.0 (/opt/ros/humble/share/ament_cmake_ros/cmake)
[2.165s] -- Using all available rosidl_typesupport_c: rosidl_typesupport_fastrtps_c;rosidl_typesupport_introspection_c
[2.604s] -- Using all available rosidl_typesupport_cpp: rosidl_typesupport_fastrtps_cpp;rosidl_typesupport_introspection_cpp
[2.644s] -- Found PythonInterp: /usr/bin/python3 (found suitable version "3.10.12", minimum required is "3.6") 
[2.648s] -- Found python_cmake_module: 0.10.0 (/opt/ros/humble/share/python_cmake_module/cmake)
[2.697s] -- Found PythonLibs: /usr/lib/x86_64-linux-gnu/libpython3.10.so (found suitable version "3.10.12", minimum required is "3.5") 
[2.697s] -- Using PYTHON_EXECUTABLE: /usr/bin/python3
[2.697s] -- Using PYTHON_INCLUDE_DIRS: /usr/include/python3.10
[2.697s] -- Using PYTHON_LIBRARIES: /usr/lib/x86_64-linux-gnu/libpython3.10.so
[2.736s] -- Found PythonExtra: .so  
[2.811s] -- Found ament_lint_auto: 0.12.10 (/opt/ros/humble/share/ament_lint_auto/cmake)
[2.853s] -- Added test 'lint_cmake' to check CMake code style
[2.854s] -- Added test 'xmllint' to check XML markup files
[2.860s] -- Configuring done
[2.916s] -- Generating done
[2.920s] -- Build files have been written to: /home/oh/slam_ws/build/my_action_interface
[2.930s] Invoked command in '/home/oh/slam_ws/build/my_action_interface' returned '0': CMAKE_PREFIX_PATH=/opt/ros/humble /usr/bin/cmake /home/oh/slam_ws/src/my_action_interface -DAMENT_CMAKE_SYMLINK_INSTALL=1 -DCMAKE_INSTALL_PREFIX=/home/oh/slam_ws/install/my_action_interface
[2.934s] Invoking command in '/home/oh/slam_ws/build/my_action_interface': CMAKE_PREFIX_PATH=/opt/ros/humble /usr/bin/cmake --build /home/oh/slam_ws/build/my_action_interface -- -j8 -l8
[2.996s] [  2%] [34m[1mGenerating C code for ROS interfaces[0m
[3.010s] [  5%] [34m[1mGenerating C++ code for ROS interfaces[0m
[3.023s] [  5%] Built target ament_cmake_python_symlink_my_action_interface
[3.478s] running egg_info
[3.479s] creating my_action_interface.egg-info
[3.480s] writing my_action_interface.egg-info/PKG-INFO
[3.480s] writing dependency_links to my_action_interface.egg-info/dependency_links.txt
[3.480s] writing top-level names to my_action_interface.egg-info/top_level.txt
[3.481s] writing manifest file 'my_action_interface.egg-info/SOURCES.txt'
[3.485s] reading manifest file 'my_action_interface.egg-info/SOURCES.txt'
[3.486s] writing manifest file 'my_action_interface.egg-info/SOURCES.txt'
[3.529s] [  5%] Built target ament_cmake_python_build_my_action_interface_egg
[4.248s] [  5%] Built target my_action_interface__cpp
[4.252s] [ 10%] [32mBuilding C object CMakeFiles/my_action_interface__rosidl_generator_c.dir/rosidl_generator_c/my_action_interface/action/detail/open__functions.c.o[0m
[4.252s] [ 10%] [32mBuilding C object CMakeFiles/my_action_interface__rosidl_generator_c.dir/rosidl_generator_c/my_action_interface/action/detail/docking_two__functions.c.o[0m
[4.265s] [ 12%] [34m[1mGenerating C++ introspection for ROS interfaces[0m
[4.265s] [ 15%] [34m[1mGenerating C++ type support dispatch for ROS interfaces[0m
[4.267s] [ 17%] [34m[1mGenerating C++ type support for eProsima Fast-RTPS[0m
[4.619s] [ 20%] [32m[1mLinking C shared library libmy_action_interface__rosidl_generator_c.so[0m
[4.678s] [ 20%] Built target my_action_interface__rosidl_generator_c
[4.694s] [ 23%] [34m[1mGenerating C introspection for ROS interfaces[0m
[4.699s] [ 25%] [34m[1mGenerating C type support for eProsima Fast-RTPS[0m
[4.699s] [ 28%] [34m[1mGenerating C type support dispatch for ROS interfaces[0m
[5.011s] [ 33%] [32mBuilding CXX object CMakeFiles/my_action_interface__rosidl_typesupport_cpp.dir/rosidl_typesupport_cpp/my_action_interface/action/docking_two__type_support.cpp.o[0m
[5.011s] [ 33%] [32mBuilding CXX object CMakeFiles/my_action_interface__rosidl_typesupport_cpp.dir/rosidl_typesupport_cpp/my_action_interface/action/open__type_support.cpp.o[0m
[5.682s] [ 35%] [32mBuilding CXX object CMakeFiles/my_action_interface__rosidl_typesupport_introspection_cpp.dir/rosidl_typesupport_introspection_cpp/my_action_interface/action/detail/docking_two__type_support.cpp.o[0m
[5.682s] [ 38%] [32mBuilding CXX object CMakeFiles/my_action_interface__rosidl_typesupport_introspection_cpp.dir/rosidl_typesupport_introspection_cpp/my_action_interface/action/detail/open__type_support.cpp.o[0m
[5.933s] [ 41%] [32mBuilding CXX object CMakeFiles/my_action_interface__rosidl_typesupport_c.dir/rosidl_typesupport_c/my_action_interface/action/open__type_support.cpp.o[0m
[5.960s] [ 43%] [32mBuilding CXX object CMakeFiles/my_action_interface__rosidl_typesupport_c.dir/rosidl_typesupport_c/my_action_interface/action/docking_two__type_support.cpp.o[0m
[5.983s] [ 46%] [32mBuilding CXX object CMakeFiles/my_action_interface__rosidl_typesupport_fastrtps_cpp.dir/rosidl_typesupport_fastrtps_cpp/my_action_interface/action/detail/dds_fastrtps/open__type_support.cpp.o[0m
[6.090s] [ 48%] [32mBuilding CXX object CMakeFiles/my_action_interface__rosidl_typesupport_fastrtps_cpp.dir/rosidl_typesupport_fastrtps_cpp/my_action_interface/action/detail/dds_fastrtps/docking_two__type_support.cpp.o[0m
[6.091s] [ 51%] [32m[1mLinking CXX shared library libmy_action_interface__rosidl_typesupport_c.so[0m
[6.200s] [ 51%] Built target my_action_interface__rosidl_typesupport_c
[6.286s] [ 53%] [32m[1mLinking CXX shared library libmy_action_interface__rosidl_typesupport_cpp.so[0m
[6.393s] [ 53%] Built target my_action_interface__rosidl_typesupport_cpp
[6.445s] [ 56%] [32mBuilding C object CMakeFiles/my_action_interface__rosidl_typesupport_introspection_c.dir/rosidl_typesupport_introspection_c/my_action_interface/action/detail/open__type_support.c.o[0m
[6.446s] [ 58%] [32mBuilding C object CMakeFiles/my_action_interface__rosidl_typesupport_introspection_c.dir/rosidl_typesupport_introspection_c/my_action_interface/action/detail/docking_two__type_support.c.o[0m
[6.582s] [ 61%] [32m[1mLinking C shared library libmy_action_interface__rosidl_typesupport_introspection_c.so[0m
[6.642s] [ 61%] Built target my_action_interface__rosidl_typesupport_introspection_c
[6.697s] [ 64%] [32mBuilding CXX object CMakeFiles/my_action_interface__rosidl_typesupport_fastrtps_c.dir/rosidl_typesupport_fastrtps_c/my_action_interface/action/detail/open__type_support_c.cpp.o[0m
[6.703s] [ 66%] [32mBuilding CXX object CMakeFiles/my_action_interface__rosidl_typesupport_fastrtps_c.dir/rosidl_typesupport_fastrtps_c/my_action_interface/action/detail/docking_two__type_support_c.cpp.o[0m
[7.588s] [ 69%] [32m[1mLinking CXX shared library libmy_action_interface__rosidl_typesupport_introspection_cpp.so[0m
[7.631s] [ 71%] [32m[1mLinking CXX shared library libmy_action_interface__rosidl_typesupport_fastrtps_c.so[0m
[7.728s] [ 74%] [32m[1mLinking CXX shared library libmy_action_interface__rosidl_typesupport_fastrtps_cpp.so[0m
[7.728s] [ 74%] Built target my_action_interface__rosidl_typesupport_introspection_cpp
[7.776s] [ 74%] Built target my_action_interface__rosidl_typesupport_fastrtps_c
[7.869s] [ 74%] Built target my_action_interface__rosidl_typesupport_fastrtps_cpp
[7.900s] [ 74%] Built target my_action_interface
[7.930s] [ 76%] [34m[1mGenerating Python code for ROS interfaces[0m
[10.156s] [ 76%] Built target my_action_interface__py
[10.187s] [ 82%] [32mBuilding C object CMakeFiles/my_action_interface__rosidl_generator_py.dir/rosidl_generator_py/my_action_interface/action/_open_s.c.o[0m
[10.187s] [ 82%] [32mBuilding C object CMakeFiles/my_action_interface__rosidl_generator_py.dir/rosidl_generator_py/my_action_interface/action/_docking_two_s.c.o[0m
[10.464s] [ 84%] [32m[1mLinking C shared library rosidl_generator_py/my_action_interface/libmy_action_interface__rosidl_generator_py.so[0m
[10.533s] [ 84%] Built target my_action_interface__rosidl_generator_py
[10.563s] [ 92%] [32mBuilding C object CMakeFiles/my_action_interface__rosidl_typesupport_fastrtps_c__pyext.dir/rosidl_generator_py/my_action_interface/_my_action_interface_s.ep.rosidl_typesupport_fastrtps_c.c.o[0m
[10.563s] [ 92%] [32mBuilding C object CMakeFiles/my_action_interface__rosidl_typesupport_c__pyext.dir/rosidl_generator_py/my_action_interface/_my_action_interface_s.ep.rosidl_typesupport_c.c.o[0m
[10.563s] [ 92%] [32mBuilding C object CMakeFiles/my_action_interface__rosidl_typesupport_introspection_c__pyext.dir/rosidl_generator_py/my_action_interface/_my_action_interface_s.ep.rosidl_typesupport_introspection_c.c.o[0m
[10.811s] [100%] [32m[1mLinking C shared library rosidl_generator_py/my_action_interface/my_action_interface_s__rosidl_typesupport_fastrtps_c.cpython-310-x86_64-linux-gnu.so[0m
[10.811s] [100%] [32m[1mLinking C shared library rosidl_generator_py/my_action_interface/my_action_interface_s__rosidl_typesupport_c.cpython-310-x86_64-linux-gnu.so[0m
[10.811s] [100%] [32m[1mLinking C shared library rosidl_generator_py/my_action_interface/my_action_interface_s__rosidl_typesupport_introspection_c.cpython-310-x86_64-linux-gnu.so[0m
[10.874s] [100%] Built target my_action_interface__rosidl_typesupport_c__pyext
[10.874s] [100%] Built target my_action_interface__rosidl_typesupport_fastrtps_c__pyext
[10.874s] [100%] Built target my_action_interface__rosidl_typesupport_introspection_c__pyext
[10.892s] Invoked command in '/home/oh/slam_ws/build/my_action_interface' returned '0': CMAKE_PREFIX_PATH=/opt/ros/humble /usr/bin/cmake --build /home/oh/slam_ws/build/my_action_interface -- -j8 -l8
[11.019s] Invoking command in '/home/oh/slam_ws/build/my_action_interface': CMAKE_PREFIX_PATH=/opt/ros/humble /usr/bin/cmake --install /home/oh/slam_ws/build/my_action_interface
[11.030s] -- Install configuration: ""
[11.031s] -- Execute custom install script
[11.031s] -- Symlinking: /home/oh/slam_ws/install/my_action_interface/share/ament_index/resource_index/rosidl_interfaces/my_action_interface
[11.045s] -- Symlinking: /home/oh/slam_ws/install/my_action_interface/include/my_action_interface/my_action_interface/action/detail/docking_two__functions.h
[11.058s] -- Symlinking: /home/oh/slam_ws/install/my_action_interface/include/my_action_interface/my_action_interface/action/detail/docking_two__struct.h
[11.070s] -- Symlinking: /home/oh/slam_ws/install/my_action_interface/include/my_action_interface/my_action_interface/action/detail/docking_two__type_support.h
[11.083s] -- Symlinking: /home/oh/slam_ws/install/my_action_interface/include/my_action_interface/my_action_interface/action/detail/open__functions.h
[11.097s] -- Symlinking: /home/oh/slam_ws/install/my_action_interface/include/my_action_interface/my_action_interface/action/detail/open__struct.h
[11.110s] -- Symlinking: /home/oh/slam_ws/install/my_action_interface/include/my_action_interface/my_action_interface/action/detail/open__type_support.h
[11.123s] -- Symlinking: /home/oh/slam_ws/install/my_action_interface/include/my_action_interface/my_action_interface/action/docking_two.h
[11.135s] -- Symlinking: /home/oh/slam_ws/install/my_action_interface/include/my_action_interface/my_action_interface/action/open.h
[11.149s] -- Symlinking: /home/oh/slam_ws/install/my_action_interface/include/my_action_interface/my_action_interface/msg/rosidl_generator_c__visibility_control.h
[11.162s] -- Symlinking: /home/oh/slam_ws/install/my_action_interface/share/my_action_interface/environment/library_path.sh
[11.175s] -- Symlinking: /home/oh/slam_ws/install/my_action_interface/share/my_action_interface/environment/library_path.dsv
[11.189s] -- Symlinking: /home/oh/slam_ws/install/my_action_interface/include/my_action_interface/my_action_interface/action/detail/docking_two__rosidl_typesupport_fastrtps_c.h
[11.202s] -- Symlinking: /home/oh/slam_ws/install/my_action_interface/include/my_action_interface/my_action_interface/action/detail/open__rosidl_typesupport_fastrtps_c.h
[11.215s] -- Symlinking: /home/oh/slam_ws/install/my_action_interface/include/my_action_interface/my_action_interface/msg/rosidl_typesupport_fastrtps_c__visibility_control.h
[11.228s] -- Symlinking: /home/oh/slam_ws/install/my_action_interface/include/my_action_interface/my_action_interface/action/detail/docking_two__rosidl_typesupport_introspection_c.h
[11.242s] -- Symlinking: /home/oh/slam_ws/install/my_action_interface/include/my_action_interface/my_action_interface/action/detail/open__rosidl_typesupport_introspection_c.h
[11.254s] -- Symlinking: /home/oh/slam_ws/install/my_action_interface/include/my_action_interface/my_action_interface/msg/rosidl_typesupport_introspection_c__visibility_control.h
[11.268s] -- Symlinking: /home/oh/slam_ws/install/my_action_interface/include/my_action_interface/my_action_interface/action/detail/docking_two__builder.hpp
[11.282s] -- Symlinking: /home/oh/slam_ws/install/my_action_interface/include/my_action_interface/my_action_interface/action/detail/docking_two__struct.hpp
[11.295s] -- Symlinking: /home/oh/slam_ws/install/my_action_interface/include/my_action_interface/my_action_interface/action/detail/docking_two__traits.hpp
[11.307s] -- Symlinking: /home/oh/slam_ws/install/my_action_interface/include/my_action_interface/my_action_interface/action/detail/open__builder.hpp
[11.320s] -- Symlinking: /home/oh/slam_ws/install/my_action_interface/include/my_action_interface/my_action_interface/action/detail/open__struct.hpp
[11.332s] -- Symlinking: /home/oh/slam_ws/install/my_action_interface/include/my_action_interface/my_action_interface/action/detail/open__traits.hpp
[11.345s] -- Symlinking: /home/oh/slam_ws/install/my_action_interface/include/my_action_interface/my_action_interface/action/docking_two.hpp
[11.358s] -- Symlinking: /home/oh/slam_ws/install/my_action_interface/include/my_action_interface/my_action_interface/action/open.hpp
[11.372s] -- Symlinking: /home/oh/slam_ws/install/my_action_interface/include/my_action_interface/my_action_interface/action/detail/docking_two__rosidl_typesupport_fastrtps_cpp.hpp
[11.385s] -- Symlinking: /home/oh/slam_ws/install/my_action_interface/include/my_action_interface/my_action_interface/action/detail/open__rosidl_typesupport_fastrtps_cpp.hpp
[11.397s] -- Symlinking: /home/oh/slam_ws/install/my_action_interface/include/my_action_interface/my_action_interface/msg/rosidl_typesupport_fastrtps_cpp__visibility_control.h
[11.411s] -- Symlinking: /home/oh/slam_ws/install/my_action_interface/include/my_action_interface/my_action_interface/action/detail/docking_two__rosidl_typesupport_introspection_cpp.hpp
[11.423s] -- Symlinking: /home/oh/slam_ws/install/my_action_interface/include/my_action_interface/my_action_interface/action/detail/open__rosidl_typesupport_introspection_cpp.hpp
[11.436s] -- Symlinking: /home/oh/slam_ws/install/my_action_interface/share/my_action_interface/environment/pythonpath.sh
[11.449s] -- Symlinking: /home/oh/slam_ws/install/my_action_interface/share/my_action_interface/environment/pythonpath.dsv
[11.462s] -- Symlinking: /home/oh/slam_ws/install/my_action_interface/local/lib/python3.10/dist-packages/my_action_interface-0.0.0-py3.10.egg-info/PKG-INFO
[11.475s] -- Symlinking: /home/oh/slam_ws/install/my_action_interface/local/lib/python3.10/dist-packages/my_action_interface-0.0.0-py3.10.egg-info/SOURCES.txt
[11.489s] -- Symlinking: /home/oh/slam_ws/install/my_action_interface/local/lib/python3.10/dist-packages/my_action_interface-0.0.0-py3.10.egg-info/dependency_links.txt
[11.502s] -- Symlinking: /home/oh/slam_ws/install/my_action_interface/local/lib/python3.10/dist-packages/my_action_interface-0.0.0-py3.10.egg-info/top_level.txt
[11.516s] -- Symlinking: /home/oh/slam_ws/install/my_action_interface/local/lib/python3.10/dist-packages/my_action_interface/__init__.py
[11.529s] -- Symlinking: /home/oh/slam_ws/install/my_action_interface/local/lib/python3.10/dist-packages/my_action_interface/_my_action_interface_s.ep.rosidl_typesupport_c.c
[11.541s] -- Symlinking: /home/oh/slam_ws/install/my_action_interface/local/lib/python3.10/dist-packages/my_action_interface/_my_action_interface_s.ep.rosidl_typesupport_fastrtps_c.c
[11.554s] -- Symlinking: /home/oh/slam_ws/install/my_action_interface/local/lib/python3.10/dist-packages/my_action_interface/_my_action_interface_s.ep.rosidl_typesupport_introspection_c.c
[11.567s] -- Symlinking: /home/oh/slam_ws/install/my_action_interface/local/lib/python3.10/dist-packages/my_action_interface/action/__init__.py
[11.581s] -- Symlinking: /home/oh/slam_ws/install/my_action_interface/local/lib/python3.10/dist-packages/my_action_interface/action/_docking_two.py
[11.594s] -- Symlinking: /home/oh/slam_ws/install/my_action_interface/local/lib/python3.10/dist-packages/my_action_interface/action/_docking_two_s.c
[11.606s] -- Symlinking: /home/oh/slam_ws/install/my_action_interface/local/lib/python3.10/dist-packages/my_action_interface/action/_open.py
[11.619s] -- Symlinking: /home/oh/slam_ws/install/my_action_interface/local/lib/python3.10/dist-packages/my_action_interface/action/_open_s.c
[11.632s] -- Symlinking: /home/oh/slam_ws/install/my_action_interface/local/lib/python3.10/dist-packages/my_action_interface/libmy_action_interface__rosidl_generator_py.so
[11.644s] -- Symlinking: /home/oh/slam_ws/install/my_action_interface/local/lib/python3.10/dist-packages/my_action_interface/my_action_interface_s__rosidl_typesupport_c.cpython-310-x86_64-linux-gnu.so
[11.657s] -- Symlinking: /home/oh/slam_ws/install/my_action_interface/local/lib/python3.10/dist-packages/my_action_interface/my_action_interface_s__rosidl_typesupport_fastrtps_c.cpython-310-x86_64-linux-gnu.so
[11.670s] -- Symlinking: /home/oh/slam_ws/install/my_action_interface/local/lib/python3.10/dist-packages/my_action_interface/my_action_interface_s__rosidl_typesupport_introspection_c.cpython-310-x86_64-linux-gnu.so
[11.684s] -- Up-to-date symlink: /home/oh/slam_ws/install/my_action_interface/local/lib/python3.10/dist-packages/my_action_interface/my_action_interface_s__rosidl_typesupport_fastrtps_c.cpython-310-x86_64-linux-gnu.so
[11.684s] -- Up-to-date symlink: /home/oh/slam_ws/install/my_action_interface/local/lib/python3.10/dist-packages/my_action_interface/my_action_interface_s__rosidl_typesupport_introspection_c.cpython-310-x86_64-linux-gnu.so
[11.685s] -- Up-to-date symlink: /home/oh/slam_ws/install/my_action_interface/local/lib/python3.10/dist-packages/my_action_interface/my_action_interface_s__rosidl_typesupport_c.cpython-310-x86_64-linux-gnu.so
[11.686s] -- Symlinking: /home/oh/slam_ws/install/my_action_interface/share/my_action_interface/action/Open.idl
[11.699s] -- Symlinking: /home/oh/slam_ws/install/my_action_interface/share/my_action_interface/action/DockingTwo.idl
[11.712s] -- Symlinking: /home/oh/slam_ws/install/my_action_interface/share/my_action_interface/action/Open.action
[11.725s] -- Symlinking: /home/oh/slam_ws/install/my_action_interface/share/my_action_interface/action/DockingTwo.action
[11.738s] -- Symlinking: /home/oh/slam_ws/install/my_action_interface/share/ament_index/resource_index/package_run_dependencies/my_action_interface
[11.750s] -- Symlinking: /home/oh/slam_ws/install/my_action_interface/share/ament_index/resource_index/parent_prefix_path/my_action_interface
[11.763s] -- Symlinking: /home/oh/slam_ws/install/my_action_interface/share/my_action_interface/environment/ament_prefix_path.sh
[11.777s] -- Symlinking: /home/oh/slam_ws/install/my_action_interface/share/my_action_interface/environment/ament_prefix_path.dsv
[11.790s] -- Symlinking: /home/oh/slam_ws/install/my_action_interface/share/my_action_interface/environment/path.sh
[11.804s] -- Symlinking: /home/oh/slam_ws/install/my_action_interface/share/my_action_interface/environment/path.dsv
[11.817s] -- Symlinking: /home/oh/slam_ws/install/my_action_interface/share/my_action_interface/local_setup.bash
[11.829s] -- Symlinking: /home/oh/slam_ws/install/my_action_interface/share/my_action_interface/local_setup.sh
[11.842s] -- Symlinking: /home/oh/slam_ws/install/my_action_interface/share/my_action_interface/local_setup.zsh
[11.854s] -- Symlinking: /home/oh/slam_ws/install/my_action_interface/share/my_action_interface/local_setup.dsv
[11.867s] -- Symlinking: /home/oh/slam_ws/install/my_action_interface/share/my_action_interface/package.dsv
[11.881s] -- Symlinking: /home/oh/slam_ws/install/my_action_interface/share/ament_index/resource_index/packages/my_action_interface
[11.895s] -- Symlinking: /home/oh/slam_ws/install/my_action_interface/share/my_action_interface/cmake/rosidl_cmake-extras.cmake
[11.908s] -- Symlinking: /home/oh/slam_ws/install/my_action_interface/share/my_action_interface/cmake/ament_cmake_export_dependencies-extras.cmake
[11.921s] -- Symlinking: /home/oh/slam_ws/install/my_action_interface/share/my_action_interface/cmake/ament_cmake_export_include_directories-extras.cmake
[11.933s] -- Symlinking: /home/oh/slam_ws/install/my_action_interface/share/my_action_interface/cmake/ament_cmake_export_libraries-extras.cmake
[11.946s] -- Symlinking: /home/oh/slam_ws/install/my_action_interface/share/my_action_interface/cmake/ament_cmake_export_targets-extras.cmake
[11.960s] -- Symlinking: /home/oh/slam_ws/install/my_action_interface/share/my_action_interface/cmake/rosidl_cmake_export_typesupport_targets-extras.cmake
[11.973s] -- Symlinking: /home/oh/slam_ws/install/my_action_interface/share/my_action_interface/cmake/rosidl_cmake_export_typesupport_libraries-extras.cmake
[11.986s] -- Symlinking: /home/oh/slam_ws/install/my_action_interface/share/my_action_interface/cmake/my_action_interfaceConfig.cmake
[12.000s] -- Symlinking: /home/oh/slam_ws/install/my_action_interface/share/my_action_interface/cmake/my_action_interfaceConfig-version.cmake
[12.013s] -- Symlinking: /home/oh/slam_ws/install/my_action_interface/share/my_action_interface/package.xml
[12.026s] -- Installing: /home/oh/slam_ws/install/my_action_interface/lib/libmy_action_interface__rosidl_generator_c.so
[12.026s] -- Set runtime path of "/home/oh/slam_ws/install/my_action_interface/lib/libmy_action_interface__rosidl_generator_c.so" to ""
[12.027s] -- Installing: /home/oh/slam_ws/install/my_action_interface/lib/libmy_action_interface__rosidl_typesupport_fastrtps_c.so
[12.027s] -- Set runtime path of "/home/oh/slam_ws/install/my_action_interface/lib/libmy_action_interface__rosidl_typesupport_fastrtps_c.so" to ""
[12.027s] -- Installing: /home/oh/slam_ws/install/my_action_interface/lib/libmy_action_interface__rosidl_typesupport_introspection_c.so
[12.028s] -- Set runtime path of "/home/oh/slam_ws/install/my_action_interface/lib/libmy_action_interface__rosidl_typesupport_introspection_c.so" to ""
[12.028s] -- Installing: /home/oh/slam_ws/install/my_action_interface/lib/libmy_action_interface__rosidl_typesupport_c.so
[12.028s] -- Set runtime path of "/home/oh/slam_ws/install/my_action_interface/lib/libmy_action_interface__rosidl_typesupport_c.so" to ""
[12.029s] -- Installing: /home/oh/slam_ws/install/my_action_interface/lib/libmy_action_interface__rosidl_typesupport_fastrtps_cpp.so
[12.029s] -- Set runtime path of "/home/oh/slam_ws/install/my_action_interface/lib/libmy_action_interface__rosidl_typesupport_fastrtps_cpp.so" to ""
[12.029s] -- Installing: /home/oh/slam_ws/install/my_action_interface/lib/libmy_action_interface__rosidl_typesupport_introspection_cpp.so
[12.030s] -- Set runtime path of "/home/oh/slam_ws/install/my_action_interface/lib/libmy_action_interface__rosidl_typesupport_introspection_cpp.so" to ""
[12.030s] -- Installing: /home/oh/slam_ws/install/my_action_interface/lib/libmy_action_interface__rosidl_typesupport_cpp.so
[12.030s] -- Set runtime path of "/home/oh/slam_ws/install/my_action_interface/lib/libmy_action_interface__rosidl_typesupport_cpp.so" to ""
[12.110s] Listing '/home/oh/slam_ws/install/my_action_interface/local/lib/python3.10/dist-packages/my_action_interface'...
[12.110s] Compiling '/home/oh/slam_ws/install/my_action_interface/local/lib/python3.10/dist-packages/my_action_interface/__init__.py'...
[12.110s] Listing '/home/oh/slam_ws/install/my_action_interface/local/lib/python3.10/dist-packages/my_action_interface/action'...
[12.110s] Compiling '/home/oh/slam_ws/install/my_action_interface/local/lib/python3.10/dist-packages/my_action_interface/action/__init__.py'...
[12.110s] Compiling '/home/oh/slam_ws/install/my_action_interface/local/lib/python3.10/dist-packages/my_action_interface/action/_docking_two.py'...
[12.110s] Compiling '/home/oh/slam_ws/install/my_action_interface/local/lib/python3.10/dist-packages/my_action_interface/action/_open.py'...
[12.118s] -- Installing: /home/oh/slam_ws/install/my_action_interface/lib/libmy_action_interface__rosidl_generator_py.so
[12.118s] -- Set runtime path of "/home/oh/slam_ws/install/my_action_interface/lib/libmy_action_interface__rosidl_generator_py.so" to ""
[12.119s] -- Installing: /home/oh/slam_ws/install/my_action_interface/share/my_action_interface/cmake/export_my_action_interface__rosidl_generator_cExport.cmake
[12.119s] -- Installing: /home/oh/slam_ws/install/my_action_interface/share/my_action_interface/cmake/export_my_action_interface__rosidl_generator_cExport-noconfig.cmake
[12.119s] -- Installing: /home/oh/slam_ws/install/my_action_interface/share/my_action_interface/cmake/export_my_action_interface__rosidl_typesupport_fastrtps_cExport.cmake
[12.119s] -- Installing: /home/oh/slam_ws/install/my_action_interface/share/my_action_interface/cmake/export_my_action_interface__rosidl_typesupport_fastrtps_cExport-noconfig.cmake
[12.119s] -- Installing: /home/oh/slam_ws/install/my_action_interface/share/my_action_interface/cmake/my_action_interface__rosidl_typesupport_introspection_cExport.cmake
[12.119s] -- Installing: /home/oh/slam_ws/install/my_action_interface/share/my_action_interface/cmake/my_action_interface__rosidl_typesupport_introspection_cExport-noconfig.cmake
[12.119s] -- Installing: /home/oh/slam_ws/install/my_action_interface/share/my_action_interface/cmake/my_action_interface__rosidl_typesupport_cExport.cmake
[12.120s] -- Installing: /home/oh/slam_ws/install/my_action_interface/share/my_action_interface/cmake/my_action_interface__rosidl_typesupport_cExport-noconfig.cmake
[12.120s] -- Installing: /home/oh/slam_ws/install/my_action_interface/share/my_action_interface/cmake/export_my_action_interface__rosidl_generator_cppExport.cmake
[12.120s] -- Installing: /home/oh/slam_ws/install/my_action_interface/share/my_action_interface/cmake/export_my_action_interface__rosidl_typesupport_fastrtps_cppExport.cmake
[12.120s] -- Installing: /home/oh/slam_ws/install/my_action_interface/share/my_action_interface/cmake/export_my_action_interface__rosidl_typesupport_fastrtps_cppExport-noconfig.cmake
[12.120s] -- Installing: /home/oh/slam_ws/install/my_action_interface/share/my_action_interface/cmake/my_action_interface__rosidl_typesupport_introspection_cppExport.cmake
[12.120s] -- Installing: /home/oh/slam_ws/install/my_action_interface/share/my_action_interface/cmake/my_action_interface__rosidl_typesupport_introspection_cppExport-noconfig.cmake
[12.121s] -- Installing: /home/oh/slam_ws/install/my_action_interface/share/my_action_interface/cmake/my_action_interface__rosidl_typesupport_cppExport.cmake
[12.121s] -- Installing: /home/oh/slam_ws/install/my_action_interface/share/my_action_interface/cmake/my_action_interface__rosidl_typesupport_cppExport-noconfig.cmake
[12.121s] -- Installing: /home/oh/slam_ws/install/my_action_interface/share/my_action_interface/cmake/export_my_action_interface__rosidl_generator_pyExport.cmake
[12.121s] -- Installing: /home/oh/slam_ws/install/my_action_interface/share/my_action_interface/cmake/export_my_action_interface__rosidl_generator_pyExport-noconfig.cmake
[12.124s] Invoked command in '/home/oh/slam_ws/build/my_action_interface' returned '0': CMAKE_PREFIX_PATH=/opt/ros/humble /usr/bin/cmake --install /home/oh/slam_ws/build/my_action_interface
