[0.067s] Invoking command in '/home/oh/slam_ws/build/odrive_demo_bringup': AMENT_PREFIX_PATH=/home/oh/slam_ws/install/odrive_demo_description:/home/oh/slam_ws/install/ros2_control_demo_description:${AMENT_PREFIX_PATH} CMAKE_PREFIX_PATH=/home/oh/slam_ws/install/odrive_demo_description:/home/oh/slam_ws/install/ros2_control_demo_description:/opt/ros/humble /usr/bin/cmake /home/oh/slam_ws/src/odrive_ros2_control/odrive_demo_bringup -DCMAKE_INSTALL_PREFIX=/home/oh/slam_ws/install/odrive_demo_bringup
[0.570s] -- The C compiler identification is GNU 11.4.0
[0.570s] -- The CXX compiler identification is GNU 11.4.0
[0.570s] -- Detecting C compiler ABI info
[0.570s] -- Detecting C compiler ABI info - done
[0.570s] -- Check for working C compiler: /usr/bin/cc - skipped
[0.571s] -- Detecting C compile features
[0.571s] -- Detecting C compile features - done
[0.571s] -- Detecting CXX compiler ABI info
[0.571s] -- Detecting CXX compiler ABI info - done
[0.571s] -- Check for working CXX compiler: /usr/bin/c++ - skipped
[0.571s] -- Detecting CXX compile features
[0.571s] -- Detecting CXX compile features - done
[0.571s] -- Found ament_cmake_auto: 1.3.8 (/opt/ros/humble/share/ament_cmake_auto/cmake)
[0.740s] -- Found Python3: /usr/bin/python3 (found version "3.10.12") found components: Interpreter 
[0.943s] -- Configuring done
[0.943s] -- Generating done
[0.943s] -- Build files have been written to: /home/oh/slam_ws/build/odrive_demo_bringup
[0.957s] Invoked command in '/home/oh/slam_ws/build/odrive_demo_bringup' returned '0': AMENT_PREFIX_PATH=/home/oh/slam_ws/install/odrive_demo_description:/home/oh/slam_ws/install/ros2_control_demo_description:${AMENT_PREFIX_PATH} CMAKE_PREFIX_PATH=/home/oh/slam_ws/install/odrive_demo_description:/home/oh/slam_ws/install/ros2_control_demo_description:/opt/ros/humble /usr/bin/cmake /home/oh/slam_ws/src/odrive_ros2_control/odrive_demo_bringup -DCMAKE_INSTALL_PREFIX=/home/oh/slam_ws/install/odrive_demo_bringup
[0.957s] Invoking command in '/home/oh/slam_ws/build/odrive_demo_bringup': AMENT_PREFIX_PATH=/home/oh/slam_ws/install/odrive_demo_description:/home/oh/slam_ws/install/ros2_control_demo_description:${AMENT_PREFIX_PATH} CMAKE_PREFIX_PATH=/home/oh/slam_ws/install/odrive_demo_description:/home/oh/slam_ws/install/ros2_control_demo_description:/opt/ros/humble /usr/bin/cmake --build /home/oh/slam_ws/build/odrive_demo_bringup -- -j8 -l8
[0.999s] Invoked command in '/home/oh/slam_ws/build/odrive_demo_bringup' returned '0': AMENT_PREFIX_PATH=/home/oh/slam_ws/install/odrive_demo_description:/home/oh/slam_ws/install/ros2_control_demo_description:${AMENT_PREFIX_PATH} CMAKE_PREFIX_PATH=/home/oh/slam_ws/install/odrive_demo_description:/home/oh/slam_ws/install/ros2_control_demo_description:/opt/ros/humble /usr/bin/cmake --build /home/oh/slam_ws/build/odrive_demo_bringup -- -j8 -l8
[1.026s] Invoking command in '/home/oh/slam_ws/build/odrive_demo_bringup': AMENT_PREFIX_PATH=/home/oh/slam_ws/install/odrive_demo_description:/home/oh/slam_ws/install/ros2_control_demo_description:${AMENT_PREFIX_PATH} CMAKE_PREFIX_PATH=/home/oh/slam_ws/install/odrive_demo_description:/home/oh/slam_ws/install/ros2_control_demo_description:/opt/ros/humble /usr/bin/cmake --install /home/oh/slam_ws/build/odrive_demo_bringup
[1.265s] -- Install configuration: ""
[1.265s] -- Installing: /home/oh/slam_ws/install/odrive_demo_bringup/share/odrive_demo_bringup/config
[1.265s] -- Installing: /home/oh/slam_ws/install/odrive_demo_bringup/share/odrive_demo_bringup/config/diffbot_controllers.yaml
[1.266s] -- Installing: /home/oh/slam_ws/install/odrive_demo_bringup/share/odrive_demo_bringup/config/odrive_multi_interface_forward_controllers.yaml
[1.266s] -- Installing: /home/oh/slam_ws/install/odrive_demo_bringup/share/odrive_demo_bringup/launch
[1.266s] -- Installing: /home/oh/slam_ws/install/odrive_demo_bringup/share/odrive_demo_bringup/launch/odrive_diffbot.launch.py
[1.266s] -- Installing: /home/oh/slam_ws/install/odrive_demo_bringup/share/odrive_demo_bringup/launch/odrive_multi_interface.launch.py
[1.266s] -- Installing: /home/oh/slam_ws/install/odrive_demo_bringup/share/ament_index/resource_index/package_run_dependencies/odrive_demo_bringup
[1.266s] -- Installing: /home/oh/slam_ws/install/odrive_demo_bringup/share/ament_index/resource_index/parent_prefix_path/odrive_demo_bringup
[1.267s] -- Installing: /home/oh/slam_ws/install/odrive_demo_bringup/share/odrive_demo_bringup/environment/ament_prefix_path.sh
[1.267s] -- Installing: /home/oh/slam_ws/install/odrive_demo_bringup/share/odrive_demo_bringup/environment/ament_prefix_path.dsv
[1.267s] -- Installing: /home/oh/slam_ws/install/odrive_demo_bringup/share/odrive_demo_bringup/environment/path.sh
[1.267s] -- Installing: /home/oh/slam_ws/install/odrive_demo_bringup/share/odrive_demo_bringup/environment/path.dsv
[1.267s] -- Installing: /home/oh/slam_ws/install/odrive_demo_bringup/share/odrive_demo_bringup/local_setup.bash
[1.267s] -- Installing: /home/oh/slam_ws/install/odrive_demo_bringup/share/odrive_demo_bringup/local_setup.sh
[1.267s] -- Installing: /home/oh/slam_ws/install/odrive_demo_bringup/share/odrive_demo_bringup/local_setup.zsh
[1.267s] -- Installing: /home/oh/slam_ws/install/odrive_demo_bringup/share/odrive_demo_bringup/local_setup.dsv
[1.268s] -- Installing: /home/oh/slam_ws/install/odrive_demo_bringup/share/odrive_demo_bringup/package.dsv
[1.268s] -- Installing: /home/oh/slam_ws/install/odrive_demo_bringup/share/ament_index/resource_index/packages/odrive_demo_bringup
[1.268s] -- Installing: /home/oh/slam_ws/install/odrive_demo_bringup/share/odrive_demo_bringup/cmake/odrive_demo_bringupConfig.cmake
[1.268s] -- Installing: /home/oh/slam_ws/install/odrive_demo_bringup/share/odrive_demo_bringup/cmake/odrive_demo_bringupConfig-version.cmake
[1.268s] -- Installing: /home/oh/slam_ws/install/odrive_demo_bringup/share/odrive_demo_bringup/package.xml
[1.289s] Invoked command in '/home/oh/slam_ws/build/odrive_demo_bringup' returned '0': AMENT_PREFIX_PATH=/home/oh/slam_ws/install/odrive_demo_description:/home/oh/slam_ws/install/ros2_control_demo_description:${AMENT_PREFIX_PATH} CMAKE_PREFIX_PATH=/home/oh/slam_ws/install/odrive_demo_description:/home/oh/slam_ws/install/ros2_control_demo_description:/opt/ros/humble /usr/bin/cmake --install /home/oh/slam_ws/build/odrive_demo_bringup
