[0.035s] Invoking command in '/home/oh/slam_ws/build/ros2_control_demo_description': CMAKE_PREFIX_PATH=${CMAKE_PREFIX_PATH}:/home/oh/slam_ws/install/ros2_aruco:/home/oh/slam_ws/install/my_tf_package:/home/oh/slam_ws/install/my_tf2_package:/opt/ros/humble /usr/bin/cmake --build /home/oh/slam_ws/build/ros2_control_demo_description -- -j8 -l8
[0.276s] Invoked command in '/home/oh/slam_ws/build/ros2_control_demo_description' returned '0': CMAKE_PREFIX_PATH=${CMAKE_PREFIX_PATH}:/home/oh/slam_ws/install/ros2_aruco:/home/oh/slam_ws/install/my_tf_package:/home/oh/slam_ws/install/my_tf2_package:/opt/ros/humble /usr/bin/cmake --build /home/oh/slam_ws/build/ros2_control_demo_description -- -j8 -l8
[0.479s] Invoking command in '/home/oh/slam_ws/build/ros2_control_demo_description': CMAKE_PREFIX_PATH=${CMAKE_PREFIX_PATH}:/home/oh/slam_ws/install/ros2_aruco:/home/oh/slam_ws/install/my_tf_package:/home/oh/slam_ws/install/my_tf2_package:/opt/ros/humble /usr/bin/cmake --install /home/oh/slam_ws/build/ros2_control_demo_description
[0.489s] -- Install configuration: ""
[0.489s] -- Up-to-date: /home/oh/slam_ws/install/ros2_control_demo_description/share/ros2_control_demo_description/rrbot/urdf
[0.489s] -- Up-to-date: /home/oh/slam_ws/install/ros2_control_demo_description/share/ros2_control_demo_description/rrbot/urdf/rrbot.materials.xacro
[0.489s] -- Up-to-date: /home/oh/slam_ws/install/ros2_control_demo_description/share/ros2_control_demo_description/rrbot/urdf/rrbot_description.urdf.xacro
[0.489s] -- Up-to-date: /home/oh/slam_ws/install/ros2_control_demo_description/share/ros2_control_demo_description/rrbot/rviz
[0.489s] -- Up-to-date: /home/oh/slam_ws/install/ros2_control_demo_description/share/ros2_control_demo_description/rrbot/rviz/rrbot.rviz
[0.489s] -- Up-to-date: /home/oh/slam_ws/install/ros2_control_demo_description/share/ros2_control_demo_description/diffbot/urdf
[0.489s] -- Up-to-date: /home/oh/slam_ws/install/ros2_control_demo_description/share/ros2_control_demo_description/diffbot/urdf/diffbot_description.urdf.xacro
[0.489s] -- Up-to-date: /home/oh/slam_ws/install/ros2_control_demo_description/share/ros2_control_demo_description/diffbot/urdf/diffbot.materials.xacro
[0.490s] -- Up-to-date: /home/oh/slam_ws/install/ros2_control_demo_description/share/ros2_control_demo_description/diffbot/rviz
[0.490s] -- Up-to-date: /home/oh/slam_ws/install/ros2_control_demo_description/share/ros2_control_demo_description/diffbot/rviz/diffbot.rviz
[0.490s] -- Up-to-date: /home/oh/slam_ws/install/ros2_control_demo_description/share/ros2_control_demo_description/diffbot/rviz/diffbot_view.rviz
[0.490s] -- Up-to-date: /home/oh/slam_ws/install/ros2_control_demo_description/share/ros2_control_demo_description/carlikebot/urdf
[0.490s] -- Up-to-date: /home/oh/slam_ws/install/ros2_control_demo_description/share/ros2_control_demo_description/carlikebot/urdf/carlikebot.materials.xacro
[0.490s] -- Up-to-date: /home/oh/slam_ws/install/ros2_control_demo_description/share/ros2_control_demo_description/carlikebot/urdf/carlikebot_description.urdf.xacro
[0.490s] -- Up-to-date: /home/oh/slam_ws/install/ros2_control_demo_description/share/ros2_control_demo_description/carlikebot/rviz
[0.490s] -- Up-to-date: /home/oh/slam_ws/install/ros2_control_demo_description/share/ros2_control_demo_description/carlikebot/rviz/carlikebot.rviz
[0.491s] -- Up-to-date: /home/oh/slam_ws/install/ros2_control_demo_description/share/ros2_control_demo_description/carlikebot/rviz/carlikebot_view.rviz
[0.491s] -- Up-to-date: /home/oh/slam_ws/install/ros2_control_demo_description/share/ros2_control_demo_description/r6bot/meshes
[0.491s] -- Up-to-date: /home/oh/slam_ws/install/ros2_control_demo_description/share/ros2_control_demo_description/r6bot/meshes/collision
[0.491s] -- Up-to-date: /home/oh/slam_ws/install/ros2_control_demo_description/share/ros2_control_demo_description/r6bot/meshes/collision/link_1.stl
[0.491s] -- Up-to-date: /home/oh/slam_ws/install/ros2_control_demo_description/share/ros2_control_demo_description/r6bot/meshes/collision/link_6.stl
[0.492s] -- Up-to-date: /home/oh/slam_ws/install/ros2_control_demo_description/share/ros2_control_demo_description/r6bot/meshes/collision/link_3.stl
[0.493s] -- Up-to-date: /home/oh/slam_ws/install/ros2_control_demo_description/share/ros2_control_demo_description/r6bot/meshes/collision/link_2.stl
[0.493s] -- Up-to-date: /home/oh/slam_ws/install/ros2_control_demo_description/share/ros2_control_demo_description/r6bot/meshes/collision/link_0.stl
[0.494s] -- Up-to-date: /home/oh/slam_ws/install/ros2_control_demo_description/share/ros2_control_demo_description/r6bot/meshes/collision/link_4.stl
[0.494s] -- Up-to-date: /home/oh/slam_ws/install/ros2_control_demo_description/share/ros2_control_demo_description/r6bot/meshes/collision/link_5.stl
[0.494s] -- Up-to-date: /home/oh/slam_ws/install/ros2_control_demo_description/share/ros2_control_demo_description/r6bot/meshes/visual
[0.495s] -- Up-to-date: /home/oh/slam_ws/install/ros2_control_demo_description/share/ros2_control_demo_description/r6bot/meshes/visual/link_3.dae
[0.495s] -- Up-to-date: /home/oh/slam_ws/install/ros2_control_demo_description/share/ros2_control_demo_description/r6bot/meshes/visual/link_0.dae
[0.495s] -- Up-to-date: /home/oh/slam_ws/install/ros2_control_demo_description/share/ros2_control_demo_description/r6bot/meshes/visual/link_1.dae
[0.495s] -- Up-to-date: /home/oh/slam_ws/install/ros2_control_demo_description/share/ros2_control_demo_description/r6bot/meshes/visual/link_4.dae
[0.495s] -- Up-to-date: /home/oh/slam_ws/install/ros2_control_demo_description/share/ros2_control_demo_description/r6bot/meshes/visual/link_2.dae
[0.495s] -- Up-to-date: /home/oh/slam_ws/install/ros2_control_demo_description/share/ros2_control_demo_description/r6bot/meshes/visual/link_5.dae
[0.495s] -- Up-to-date: /home/oh/slam_ws/install/ros2_control_demo_description/share/ros2_control_demo_description/r6bot/meshes/visual/link_6.dae
[0.496s] -- Up-to-date: /home/oh/slam_ws/install/ros2_control_demo_description/share/ros2_control_demo_description/r6bot/srdf
[0.496s] -- Up-to-date: /home/oh/slam_ws/install/ros2_control_demo_description/share/ros2_control_demo_description/r6bot/srdf/r6bot.srdf
[0.496s] -- Up-to-date: /home/oh/slam_ws/install/ros2_control_demo_description/share/ros2_control_demo_description/r6bot/urdf
[0.496s] -- Up-to-date: /home/oh/slam_ws/install/ros2_control_demo_description/share/ros2_control_demo_description/r6bot/urdf/inc
[0.496s] -- Up-to-date: /home/oh/slam_ws/install/ros2_control_demo_description/share/ros2_control_demo_description/r6bot/urdf/inc/create_link.xacro
[0.496s] -- Up-to-date: /home/oh/slam_ws/install/ros2_control_demo_description/share/ros2_control_demo_description/r6bot/urdf/r6bot_description.urdf.xacro
[0.497s] -- Up-to-date: /home/oh/slam_ws/install/ros2_control_demo_description/share/ros2_control_demo_description/r6bot/rviz
[0.497s] -- Up-to-date: /home/oh/slam_ws/install/ros2_control_demo_description/share/ros2_control_demo_description/r6bot/rviz/view_robot.rviz
[0.497s] -- Up-to-date: /home/oh/slam_ws/install/ros2_control_demo_description/share/ament_index/resource_index/package_run_dependencies/ros2_control_demo_description
[0.497s] -- Up-to-date: /home/oh/slam_ws/install/ros2_control_demo_description/share/ament_index/resource_index/parent_prefix_path/ros2_control_demo_description
[0.497s] -- Up-to-date: /home/oh/slam_ws/install/ros2_control_demo_description/share/ros2_control_demo_description/environment/ament_prefix_path.sh
[0.498s] -- Up-to-date: /home/oh/slam_ws/install/ros2_control_demo_description/share/ros2_control_demo_description/environment/ament_prefix_path.dsv
[0.498s] -- Up-to-date: /home/oh/slam_ws/install/ros2_control_demo_description/share/ros2_control_demo_description/environment/path.sh
[0.498s] -- Up-to-date: /home/oh/slam_ws/install/ros2_control_demo_description/share/ros2_control_demo_description/environment/path.dsv
[0.498s] -- Up-to-date: /home/oh/slam_ws/install/ros2_control_demo_description/share/ros2_control_demo_description/local_setup.bash
[0.498s] -- Up-to-date: /home/oh/slam_ws/install/ros2_control_demo_description/share/ros2_control_demo_description/local_setup.sh
[0.498s] -- Up-to-date: /home/oh/slam_ws/install/ros2_control_demo_description/share/ros2_control_demo_description/local_setup.zsh
[0.498s] -- Up-to-date: /home/oh/slam_ws/install/ros2_control_demo_description/share/ros2_control_demo_description/local_setup.dsv
[0.498s] -- Installing: /home/oh/slam_ws/install/ros2_control_demo_description/share/ros2_control_demo_description/package.dsv
[0.498s] -- Up-to-date: /home/oh/slam_ws/install/ros2_control_demo_description/share/ament_index/resource_index/packages/ros2_control_demo_description
[0.498s] -- Up-to-date: /home/oh/slam_ws/install/ros2_control_demo_description/share/ros2_control_demo_description/cmake/ros2_control_demo_descriptionConfig.cmake
[0.498s] -- Up-to-date: /home/oh/slam_ws/install/ros2_control_demo_description/share/ros2_control_demo_description/cmake/ros2_control_demo_descriptionConfig-version.cmake
[0.498s] -- Up-to-date: /home/oh/slam_ws/install/ros2_control_demo_description/share/ros2_control_demo_description/package.xml
[0.507s] Invoked command in '/home/oh/slam_ws/build/ros2_control_demo_description' returned '0': CMAKE_PREFIX_PATH=${CMAKE_PREFIX_PATH}:/home/oh/slam_ws/install/ros2_aruco:/home/oh/slam_ws/install/my_tf_package:/home/oh/slam_ws/install/my_tf2_package:/opt/ros/humble /usr/bin/cmake --install /home/oh/slam_ws/build/ros2_control_demo_description
