[0.038s] Invoking command in '/home/oh/slam_ws/build/my_bot_description': CMAKE_PREFIX_PATH=${CMAKE_PREFIX_PATH}:/home/oh/nav2_ws/install/nav2_simple_commander:/opt/ros/humble /usr/bin/cmake --build /home/oh/slam_ws/build/my_bot_description -- -j8 -l8
[0.287s] Invoked command in '/home/oh/slam_ws/build/my_bot_description' returned '0': CMAKE_PREFIX_PATH=${CMAKE_PREFIX_PATH}:/home/oh/nav2_ws/install/nav2_simple_commander:/opt/ros/humble /usr/bin/cmake --build /home/oh/slam_ws/build/my_bot_description -- -j8 -l8
[0.511s] Invoking command in '/home/oh/slam_ws/build/my_bot_description': CMAKE_PREFIX_PATH=${CMAKE_PREFIX_PATH}:/home/oh/nav2_ws/install/nav2_simple_commander:/opt/ros/humble /usr/bin/cmake --install /home/oh/slam_ws/build/my_bot_description
[0.531s] -- Install configuration: ""
[0.532s] -- Up-to-date: /home/oh/slam_ws/install/my_bot_description/share/my_bot_description/urdf
[0.533s] -- Up-to-date: /home/oh/slam_ws/install/my_bot_description/share/my_bot_description/urdf/.vscode
[0.535s] -- Up-to-date: /home/oh/slam_ws/install/my_bot_description/share/my_bot_description/urdf/.vscode/settings.json
[0.536s] -- Up-to-date: /home/oh/slam_ws/install/my_bot_description/share/my_bot_description/urdf/.vscode/c_cpp_properties.json
[0.536s] -- Up-to-date: /home/oh/slam_ws/install/my_bot_description/share/my_bot_description/urdf/diffbot_description.urdf.xacro
[0.536s] -- Up-to-date: /home/oh/slam_ws/install/my_bot_description/share/my_bot_description/urdf/diffbot.materials.xacro
[0.536s] -- Up-to-date: /home/oh/slam_ws/install/my_bot_description/share/my_bot_description/rviz
[0.536s] -- Up-to-date: /home/oh/slam_ws/install/my_bot_description/share/my_bot_description/rviz/diffbot.rviz
[0.536s] -- Up-to-date: /home/oh/slam_ws/install/my_bot_description/share/my_bot_description/rviz/diffbot_view.rviz
[0.538s] -- Up-to-date: /home/oh/slam_ws/install/my_bot_description/share/ament_index/resource_index/package_run_dependencies/my_bot_description
[0.541s] -- Up-to-date: /home/oh/slam_ws/install/my_bot_description/share/ament_index/resource_index/parent_prefix_path/my_bot_description
[0.541s] -- Up-to-date: /home/oh/slam_ws/install/my_bot_description/share/my_bot_description/environment/ament_prefix_path.sh
[0.541s] -- Up-to-date: /home/oh/slam_ws/install/my_bot_description/share/my_bot_description/environment/ament_prefix_path.dsv
[0.543s] -- Up-to-date: /home/oh/slam_ws/install/my_bot_description/share/my_bot_description/environment/path.sh
[0.543s] -- Up-to-date: /home/oh/slam_ws/install/my_bot_description/share/my_bot_description/environment/path.dsv
[0.543s] -- Up-to-date: /home/oh/slam_ws/install/my_bot_description/share/my_bot_description/local_setup.bash
[0.543s] -- Up-to-date: /home/oh/slam_ws/install/my_bot_description/share/my_bot_description/local_setup.sh
[0.543s] -- Up-to-date: /home/oh/slam_ws/install/my_bot_description/share/my_bot_description/local_setup.zsh
[0.543s] -- Up-to-date: /home/oh/slam_ws/install/my_bot_description/share/my_bot_description/local_setup.dsv
[0.543s] -- Up-to-date: /home/oh/slam_ws/install/my_bot_description/share/my_bot_description/package.dsv
[0.545s] -- Up-to-date: /home/oh/slam_ws/install/my_bot_description/share/ament_index/resource_index/packages/my_bot_description
[0.545s] -- Up-to-date: /home/oh/slam_ws/install/my_bot_description/share/my_bot_description/cmake/my_bot_descriptionConfig.cmake
[0.545s] -- Up-to-date: /home/oh/slam_ws/install/my_bot_description/share/my_bot_description/cmake/my_bot_descriptionConfig-version.cmake
[0.545s] -- Up-to-date: /home/oh/slam_ws/install/my_bot_description/share/my_bot_description/package.xml
[0.554s] Invoked command in '/home/oh/slam_ws/build/my_bot_description' returned '0': CMAKE_PREFIX_PATH=${CMAKE_PREFIX_PATH}:/home/oh/nav2_ws/install/nav2_simple_commander:/opt/ros/humble /usr/bin/cmake --install /home/oh/slam_ws/build/my_bot_description
