[0.030s] Invoking command in '/home/oh/slam_ws/build/usb_cam': CMAKE_PREFIX_PATH=/opt/ros/humble /usr/bin/cmake /home/oh/slam_ws/src/usb_cam -DCMAKE_INSTALL_PREFIX=/home/oh/slam_ws/install/usb_cam
[0.103s] -- The C compiler identification is GNU 11.4.0
[0.177s] -- The CXX compiler identification is GNU 11.4.0
[0.196s] -- Detecting C compiler ABI info
[0.294s] -- Detecting C compiler ABI info - done
[0.304s] -- Check for working C compiler: /usr/bin/cc - skipped
[0.305s] -- Detecting C compile features
[0.305s] -- Detecting C compile features - done
[0.309s] -- Detecting CXX compiler ABI info
[0.430s] -- Detecting CXX compiler ABI info - done
[0.441s] -- Check for working CXX compiler: /usr/bin/c++ - skipped
[0.442s] -- Detecting CXX compile features
[0.443s] -- Detecting CXX compile features - done
[0.445s] -- Found ament_cmake_auto: 1.3.8 (/opt/ros/humble/share/ament_cmake_auto/cmake)
[0.631s] -- Found Python3: /usr/bin/python3 (found version "3.10.12") found components: Interpreter 
[0.906s] -- Found rosidl_generator_c: 3.1.5 (/opt/ros/humble/share/rosidl_generator_c/cmake)
[0.911s] -- Found rosidl_adapter: 3.1.5 (/opt/ros/humble/share/rosidl_adapter/cmake)
[0.923s] -- Found rosidl_generator_cpp: 3.1.5 (/opt/ros/humble/share/rosidl_generator_cpp/cmake)
[0.942s] -- Using all available rosidl_typesupport_c: rosidl_typesupport_fastrtps_c;rosidl_typesupport_introspection_c
[0.971s] -- Using all available rosidl_typesupport_cpp: rosidl_typesupport_fastrtps_cpp;rosidl_typesupport_introspection_cpp
[1.074s] -- Found rmw_implementation_cmake: 6.1.1 (/opt/ros/humble/share/rmw_implementation_cmake/cmake)
[1.077s] -- Found rmw_fastrtps_cpp: 6.2.6 (/opt/ros/humble/share/rmw_fastrtps_cpp/cmake)
[1.193s] -- Found OpenSSL: /usr/lib/x86_64-linux-gnu/libcrypto.so (found version "3.0.2")  
[1.230s] -- Found FastRTPS: /opt/ros/humble/include  
[1.292s] -- Using RMW implementation 'rmw_fastrtps_cpp' as default
[1.304s] -- Looking for pthread.h
[1.375s] -- Looking for pthread.h - found
[1.375s] -- Performing Test CMAKE_HAVE_LIBC_PTHREAD
[1.448s] -- Performing Test CMAKE_HAVE_LIBC_PTHREAD - Success
[1.449s] -- Found Threads: TRUE  
[2.206s] -- Found OpenCV: /usr (found version "4.5.4") 
[2.222s] -- Found PkgConfig: /usr/bin/pkg-config (found version "0.29.2") 
[2.223s] -- Checking for module 'libavcodec'
[2.259s] --   Found libavcodec, version 58.134.100
[2.392s] -- Checking for module 'libavutil'
[2.452s] --   Found libavutil, version 56.70.100
[2.623s] -- Checking for module 'libswscale'
[2.701s] --   Found libswscale, version 5.9.100
[2.929s] -- Found ament_lint_auto: 0.12.10 (/opt/ros/humble/share/ament_lint_auto/cmake)
[2.959s] -- Found gtest sources under '/opt/ros/humble/src/gtest_vendor': C++ tests using 'Google Test' will be built
[2.985s] -- Added test 'copyright' to check source files copyright and LICENSE
[2.990s] -- Added test 'cppcheck' to perform static code analysis on C / C++ code
[2.991s] -- Configured cppcheck include dirs: /home/oh/slam_ws/src/usb_cam/include
[2.991s] -- Configured cppcheck exclude dirs and/or files: 
[2.996s] -- Added test 'cpplint' to check C / C++ code against the Google style
[2.996s] -- Configured cpplint exclude dirs and/or files: 
[2.997s] -- Added test 'flake8' to check Python code syntax and style conventions
[2.999s] -- Added test 'lint_cmake' to check CMake code style
[3.000s] -- Added test 'pep257' to check Python code against some of the docstring style conventions in PEP 257
[3.005s] -- Added test 'uncrustify' to check C / C++ code style
[3.005s] -- Configured uncrustify additional arguments: 
[3.006s] -- Added test 'xmllint' to check XML markup files
[3.009s] -- Configuring done
[3.050s] -- Generating done
[3.053s] -- Build files have been written to: /home/oh/slam_ws/build/usb_cam
[3.082s] Invoked command in '/home/oh/slam_ws/build/usb_cam' returned '0': CMAKE_PREFIX_PATH=/opt/ros/humble /usr/bin/cmake /home/oh/slam_ws/src/usb_cam -DCMAKE_INSTALL_PREFIX=/home/oh/slam_ws/install/usb_cam
[3.083s] Invoking command in '/home/oh/slam_ws/build/usb_cam': CMAKE_PREFIX_PATH=/opt/ros/humble /usr/bin/cmake --build /home/oh/slam_ws/build/usb_cam -- -j8 -l8
[3.174s] [  7%] [32mBuilding CXX object gtest/CMakeFiles/gtest.dir/src/gtest-all.cc.o[0m
[3.200s] [ 14%] [32mBuilding CXX object gtest/CMakeFiles/gtest_main.dir/src/gtest_main.cc.o[0m
[3.237s] [ 28%] [32mBuilding CXX object CMakeFiles/usb_cam.dir/src/usb_cam.cpp.o[0m
[3.237s] [ 28%] [32mBuilding CXX object CMakeFiles/usb_cam_node_exe.dir/rclcpp_components/node_main_usb_cam_node_exe.cpp.o[0m
[4.502s] [ 35%] [32m[1mLinking CXX static library libgtest_main.a[0m
[4.585s] [ 35%] Built target gtest_main
[5.724s] [ 42%] [32m[1mLinking CXX shared library libusb_cam.so[0m
[5.900s] [ 42%] Built target usb_cam
[5.914s] [ 50%] [32mBuilding CXX object CMakeFiles/usb_cam_node.dir/src/ros2/usb_cam_node.cpp.o[0m
[7.655s] [ 57%] [32m[1mLinking CXX static library libgtest.a[0m
[7.658s] [ 64%] [32m[1mLinking CXX executable usb_cam_node_exe[0m
[7.796s] [ 64%] Built target gtest
[7.877s] [ 64%] Built target usb_cam_node_exe
[7.885s] [ 71%] [32mBuilding CXX object CMakeFiles/test_usb_cam_utils.dir/test/test_usb_cam_utils.cpp.o[0m
[7.901s] [ 78%] [32mBuilding CXX object CMakeFiles/test_pixel_formats.dir/test/test_pixel_formats.cpp.o[0m
[10.690s] [ 85%] [32m[1mLinking CXX executable test_usb_cam_utils[0m
[11.181s] [ 85%] Built target test_usb_cam_utils
[11.877s] [ 92%] [32m[1mLinking CXX executable test_pixel_formats[0m
[12.247s] [ 92%] Built target test_pixel_formats
[19.902s] [100%] [32m[1mLinking CXX shared library libusb_cam_node.so[0m
[20.732s] [100%] Built target usb_cam_node
[20.755s] Invoked command in '/home/oh/slam_ws/build/usb_cam' returned '0': CMAKE_PREFIX_PATH=/opt/ros/humble /usr/bin/cmake --build /home/oh/slam_ws/build/usb_cam -- -j8 -l8
[21.395s] Invoking command in '/home/oh/slam_ws/build/usb_cam': CMAKE_PREFIX_PATH=/opt/ros/humble /usr/bin/cmake --install /home/oh/slam_ws/build/usb_cam
[21.408s] -- Install configuration: ""
[21.408s] -- Installing: /home/oh/slam_ws/install/usb_cam/share/usb_cam/environment/library_path.sh
[21.409s] -- Installing: /home/oh/slam_ws/install/usb_cam/share/usb_cam/environment/library_path.dsv
[21.409s] -- Installing: /home/oh/slam_ws/install/usb_cam/lib/usb_cam/usb_cam_node_exe
[21.410s] -- Set runtime path of "/home/oh/slam_ws/install/usb_cam/lib/usb_cam/usb_cam_node_exe" to ""
[21.410s] -- Installing: /home/oh/slam_ws/install/usb_cam/lib/usb_cam/show_image.py
[21.411s] -- Installing: /home/oh/slam_ws/install/usb_cam/lib/libusb_cam.so
[21.412s] -- Installing: /home/oh/slam_ws/install/usb_cam/lib/libusb_cam_node.so
[21.416s] -- Set runtime path of "/home/oh/slam_ws/install/usb_cam/lib/libusb_cam_node.so" to ""
[21.416s] -- Installing: /home/oh/slam_ws/install/usb_cam/include
[21.416s] -- Installing: /home/oh/slam_ws/install/usb_cam/include/usb_cam
[21.416s] -- Installing: /home/oh/slam_ws/install/usb_cam/include/usb_cam/conversions.hpp
[21.417s] -- Installing: /home/oh/slam_ws/install/usb_cam/include/usb_cam/usb_cam.hpp
[21.417s] -- Installing: /home/oh/slam_ws/install/usb_cam/include/usb_cam/formats
[21.417s] -- Installing: /home/oh/slam_ws/install/usb_cam/include/usb_cam/formats/m420.hpp
[21.417s] -- Installing: /home/oh/slam_ws/install/usb_cam/include/usb_cam/formats/pixel_format_base.hpp
[21.417s] -- Installing: /home/oh/slam_ws/install/usb_cam/include/usb_cam/formats/av_pixel_format_helper.hpp
[21.418s] -- Installing: /home/oh/slam_ws/install/usb_cam/include/usb_cam/formats/utils.hpp
[21.418s] -- Installing: /home/oh/slam_ws/install/usb_cam/include/usb_cam/formats/yuyv.hpp
[21.418s] -- Installing: /home/oh/slam_ws/install/usb_cam/include/usb_cam/formats/rgb.hpp
[21.418s] -- Installing: /home/oh/slam_ws/install/usb_cam/include/usb_cam/formats/mono.hpp
[21.419s] -- Installing: /home/oh/slam_ws/install/usb_cam/include/usb_cam/formats/uyvy.hpp
[21.419s] -- Installing: /home/oh/slam_ws/install/usb_cam/include/usb_cam/formats/mjpeg.hpp
[21.419s] -- Installing: /home/oh/slam_ws/install/usb_cam/include/usb_cam/utils.hpp
[21.419s] -- Installing: /home/oh/slam_ws/install/usb_cam/include/usb_cam/constants.hpp
[21.419s] -- Installing: /home/oh/slam_ws/install/usb_cam/include/usb_cam/usb_cam_node.hpp
[21.421s] -- Up-to-date: /home/oh/slam_ws/install/usb_cam/lib/libusb_cam_node.so
[21.421s] -- Installing: /home/oh/slam_ws/install/usb_cam/share/usb_cam/launch
[21.422s] -- Installing: /home/oh/slam_ws/install/usb_cam/share/usb_cam/launch/camera_config.py
[21.422s] -- Installing: /home/oh/slam_ws/install/usb_cam/share/usb_cam/launch/camera.launch.py
[21.422s] -- Installing: /home/oh/slam_ws/install/usb_cam/share/usb_cam/launch/__init__.py
[21.423s] -- Installing: /home/oh/slam_ws/install/usb_cam/share/usb_cam/config
[21.423s] -- Installing: /home/oh/slam_ws/install/usb_cam/share/usb_cam/config/params_1.yaml
[21.423s] -- Installing: /home/oh/slam_ws/install/usb_cam/share/usb_cam/config/camera_info.yaml
[21.423s] -- Installing: /home/oh/slam_ws/install/usb_cam/share/usb_cam/config/params_2.yaml
[21.424s] -- Installing: /home/oh/slam_ws/install/usb_cam/share/ament_index/resource_index/package_run_dependencies/usb_cam
[21.424s] -- Installing: /home/oh/slam_ws/install/usb_cam/share/ament_index/resource_index/parent_prefix_path/usb_cam
[21.424s] -- Installing: /home/oh/slam_ws/install/usb_cam/share/usb_cam/environment/ament_prefix_path.sh
[21.425s] -- Installing: /home/oh/slam_ws/install/usb_cam/share/usb_cam/environment/ament_prefix_path.dsv
[21.425s] -- Installing: /home/oh/slam_ws/install/usb_cam/share/usb_cam/environment/path.sh
[21.428s] -- Installing: /home/oh/slam_ws/install/usb_cam/share/usb_cam/environment/path.dsv
[21.428s] -- Installing: /home/oh/slam_ws/install/usb_cam/share/usb_cam/local_setup.bash
[21.428s] -- Installing: /home/oh/slam_ws/install/usb_cam/share/usb_cam/local_setup.sh
[21.429s] -- Installing: /home/oh/slam_ws/install/usb_cam/share/usb_cam/local_setup.zsh
[21.429s] -- Installing: /home/oh/slam_ws/install/usb_cam/share/usb_cam/local_setup.dsv
[21.429s] -- Installing: /home/oh/slam_ws/install/usb_cam/share/usb_cam/package.dsv
[21.430s] -- Installing: /home/oh/slam_ws/install/usb_cam/share/ament_index/resource_index/packages/usb_cam
[21.430s] -- Installing: /home/oh/slam_ws/install/usb_cam/share/ament_index/resource_index/rclcpp_components/usb_cam
[21.430s] -- Installing: /home/oh/slam_ws/install/usb_cam/share/usb_cam/cmake/ament_cmake_export_libraries-extras.cmake
[21.430s] -- Installing: /home/oh/slam_ws/install/usb_cam/share/usb_cam/cmake/ament_cmake_export_dependencies-extras.cmake
[21.431s] -- Installing: /home/oh/slam_ws/install/usb_cam/share/usb_cam/cmake/ament_cmake_export_include_directories-extras.cmake
[21.431s] -- Installing: /home/oh/slam_ws/install/usb_cam/share/usb_cam/cmake/usb_camConfig.cmake
[21.431s] -- Installing: /home/oh/slam_ws/install/usb_cam/share/usb_cam/cmake/usb_camConfig-version.cmake
[21.433s] -- Installing: /home/oh/slam_ws/install/usb_cam/share/usb_cam/package.xml
[21.443s] Invoked command in '/home/oh/slam_ws/build/usb_cam' returned '0': CMAKE_PREFIX_PATH=/opt/ros/humble /usr/bin/cmake --install /home/oh/slam_ws/build/usb_cam
