[0.037s] Invoking command in '/home/oh/slam_ws/build/ros2_control_demo_example_3': AMENT_PREFIX_PATH=/home/oh/slam_ws/install/ros2_control_demo_description:${AMENT_PREFIX_PATH} CMAKE_PREFIX_PATH=/home/oh/slam_ws/install/ros2_control_demo_description:/opt/ros/humble /usr/bin/cmake /home/oh/slam_ws/src/ros2_control_demos/example_3 -DCMAKE_INSTALL_PREFIX=/home/oh/slam_ws/install/ros2_control_demo_example_3
[0.135s] -- The CXX compiler identification is GNU 11.4.0
[0.144s] -- Detecting CXX compiler ABI info
[0.248s] -- Detecting CXX compiler ABI info - done
[0.259s] -- Check for working CXX compiler: /usr/bin/c++ - skipped
[0.260s] -- Detecting CXX compile features
[0.261s] -- Detecting CXX compile features - done
[0.264s] -- Found ament_cmake: 1.3.8 (/opt/ros/humble/share/ament_cmake/cmake)
[0.444s] -- Found Python3: /usr/bin/python3 (found version "3.10.12") found components: Interpreter 
[0.555s] -- Found hardware_interface: 2.40.0 (/opt/ros/humble/share/hardware_interface/cmake)
[0.609s] -- Found rosidl_generator_c: 3.1.5 (/opt/ros/humble/share/rosidl_generator_c/cmake)
[0.617s] -- Found rosidl_adapter: 3.1.5 (/opt/ros/humble/share/rosidl_adapter/cmake)
[0.629s] -- Found rosidl_generator_cpp: 3.1.5 (/opt/ros/humble/share/rosidl_generator_cpp/cmake)
[0.649s] -- Using all available rosidl_typesupport_c: rosidl_typesupport_fastrtps_c;rosidl_typesupport_introspection_c
[0.676s] -- Using all available rosidl_typesupport_cpp: rosidl_typesupport_fastrtps_cpp;rosidl_typesupport_introspection_cpp
[1.378s] -- Found rmw_implementation_cmake: 6.1.1 (/opt/ros/humble/share/rmw_implementation_cmake/cmake)
[1.382s] -- Found rmw_fastrtps_cpp: 6.2.6 (/opt/ros/humble/share/rmw_fastrtps_cpp/cmake)
[1.434s] -- Found TinyXML2 via Config file: TinyXML2_DIR-NOTFOUND
[1.531s] -- Found OpenSSL: /usr/lib/x86_64-linux-gnu/libcrypto.so (found version "3.0.2")  
[1.535s] -- Found TinyXML2 via Config file: TinyXML2_DIR-NOTFOUND
[1.562s] -- Found FastRTPS: /opt/ros/humble/include  
[1.576s] -- Found TinyXML2 via Config file: TinyXML2_DIR-NOTFOUND
[1.599s] -- Found TinyXML2 via Config file: TinyXML2_DIR-NOTFOUND
[1.615s] -- Using RMW implementation 'rmw_fastrtps_cpp' as default
[1.627s] -- Looking for C++ include pthread.h
[1.783s] -- Looking for C++ include pthread.h - found
[1.783s] -- Performing Test CMAKE_HAVE_LIBC_PTHREAD
[1.916s] -- Performing Test CMAKE_HAVE_LIBC_PTHREAD - Success
[1.917s] -- Found Threads: TRUE  
[2.271s] -- Found ament_cmake_pytest: 1.3.8 (/opt/ros/humble/share/ament_cmake_pytest/cmake)
[3.335s] -- Configuring done
[3.363s] -- Generating done
[3.365s] -- Build files have been written to: /home/oh/slam_ws/build/ros2_control_demo_example_3
[3.379s] Invoked command in '/home/oh/slam_ws/build/ros2_control_demo_example_3' returned '0': AMENT_PREFIX_PATH=/home/oh/slam_ws/install/ros2_control_demo_description:${AMENT_PREFIX_PATH} CMAKE_PREFIX_PATH=/home/oh/slam_ws/install/ros2_control_demo_description:/opt/ros/humble /usr/bin/cmake /home/oh/slam_ws/src/ros2_control_demos/example_3 -DCMAKE_INSTALL_PREFIX=/home/oh/slam_ws/install/ros2_control_demo_example_3
[3.381s] Invoking command in '/home/oh/slam_ws/build/ros2_control_demo_example_3': AMENT_PREFIX_PATH=/home/oh/slam_ws/install/ros2_control_demo_description:${AMENT_PREFIX_PATH} CMAKE_PREFIX_PATH=/home/oh/slam_ws/install/ros2_control_demo_description:/opt/ros/humble /usr/bin/cmake --build /home/oh/slam_ws/build/ros2_control_demo_example_3 -- -j8 -l8
[3.604s] [ 50%] [32mBuilding CXX object CMakeFiles/ros2_control_demo_example_3.dir/hardware/rrbot_system_multi_interface.cpp.o[0m
[8.054s] [100%] [32m[1mLinking CXX shared library libros2_control_demo_example_3.so[0m
[8.286s] [100%] Built target ros2_control_demo_example_3
[8.298s] Invoked command in '/home/oh/slam_ws/build/ros2_control_demo_example_3' returned '0': AMENT_PREFIX_PATH=/home/oh/slam_ws/install/ros2_control_demo_description:${AMENT_PREFIX_PATH} CMAKE_PREFIX_PATH=/home/oh/slam_ws/install/ros2_control_demo_description:/opt/ros/humble /usr/bin/cmake --build /home/oh/slam_ws/build/ros2_control_demo_example_3 -- -j8 -l8
[8.332s] Invoking command in '/home/oh/slam_ws/build/ros2_control_demo_example_3': AMENT_PREFIX_PATH=/home/oh/slam_ws/install/ros2_control_demo_description:${AMENT_PREFIX_PATH} CMAKE_PREFIX_PATH=/home/oh/slam_ws/install/ros2_control_demo_description:/opt/ros/humble /usr/bin/cmake --install /home/oh/slam_ws/build/ros2_control_demo_example_3
[9.784s] -- Install configuration: ""
[9.784s] -- Installing: /home/oh/slam_ws/install/ros2_control_demo_example_3/share/ros2_control_demo_example_3/ros2_control_demo_example_3.xml
[9.784s] -- Installing: /home/oh/slam_ws/install/ros2_control_demo_example_3/include/ros2_control_demo_example_3
[9.784s] -- Installing: /home/oh/slam_ws/install/ros2_control_demo_example_3/include/ros2_control_demo_example_3/ros2_control_demo_example_3
[9.784s] -- Installing: /home/oh/slam_ws/install/ros2_control_demo_example_3/include/ros2_control_demo_example_3/ros2_control_demo_example_3/rrbot_system_multi_interface.hpp
[9.784s] -- Installing: /home/oh/slam_ws/install/ros2_control_demo_example_3/include/ros2_control_demo_example_3/ros2_control_demo_example_3/visibility_control.h
[9.784s] -- Installing: /home/oh/slam_ws/install/ros2_control_demo_example_3/share/ros2_control_demo_example_3/launch
[9.784s] -- Installing: /home/oh/slam_ws/install/ros2_control_demo_example_3/share/ros2_control_demo_example_3/launch/view_robot.launch.py
[9.784s] -- Installing: /home/oh/slam_ws/install/ros2_control_demo_example_3/share/ros2_control_demo_example_3/ros2_control
[9.784s] -- Installing: /home/oh/slam_ws/install/ros2_control_demo_example_3/share/ros2_control_demo_example_3/ros2_control/rrbot_system_multi_interface.ros2_control.xacro
[9.784s] -- Installing: /home/oh/slam_ws/install/ros2_control_demo_example_3/share/ros2_control_demo_example_3/urdf
[9.784s] -- Installing: /home/oh/slam_ws/install/ros2_control_demo_example_3/share/ros2_control_demo_example_3/urdf/rrbot_system_multi_interface.urdf.xacro
[9.785s] -- Up-to-date: /home/oh/slam_ws/install/ros2_control_demo_example_3/share/ros2_control_demo_example_3/launch
[9.785s] -- Installing: /home/oh/slam_ws/install/ros2_control_demo_example_3/share/ros2_control_demo_example_3/launch/test_forward_position_controller.launch.py
[9.785s] -- Installing: /home/oh/slam_ws/install/ros2_control_demo_example_3/share/ros2_control_demo_example_3/launch/rrbot_system_multi_interface.launch.py
[9.785s] -- Installing: /home/oh/slam_ws/install/ros2_control_demo_example_3/share/ros2_control_demo_example_3/config
[9.785s] -- Installing: /home/oh/slam_ws/install/ros2_control_demo_example_3/share/ros2_control_demo_example_3/config/rrbot_multi_interface_forward_controllers.yaml
[9.785s] -- Installing: /home/oh/slam_ws/install/ros2_control_demo_example_3/share/ros2_control_demo_example_3/config/rrbot_forward_position_publisher.yaml
[9.785s] -- Installing: /home/oh/slam_ws/install/ros2_control_demo_example_3/lib/libros2_control_demo_example_3.so
[9.785s] -- Set runtime path of "/home/oh/slam_ws/install/ros2_control_demo_example_3/lib/libros2_control_demo_example_3.so" to ""
[9.785s] -- Installing: /home/oh/slam_ws/install/ros2_control_demo_example_3/share/ros2_control_demo_example_3/environment/library_path.sh
[9.785s] -- Installing: /home/oh/slam_ws/install/ros2_control_demo_example_3/share/ros2_control_demo_example_3/environment/library_path.dsv
[9.785s] -- Installing: /home/oh/slam_ws/install/ros2_control_demo_example_3/share/ament_index/resource_index/package_run_dependencies/ros2_control_demo_example_3
[9.785s] -- Installing: /home/oh/slam_ws/install/ros2_control_demo_example_3/share/ament_index/resource_index/parent_prefix_path/ros2_control_demo_example_3
[9.785s] -- Installing: /home/oh/slam_ws/install/ros2_control_demo_example_3/share/ros2_control_demo_example_3/environment/ament_prefix_path.sh
[9.786s] -- Installing: /home/oh/slam_ws/install/ros2_control_demo_example_3/share/ros2_control_demo_example_3/environment/ament_prefix_path.dsv
[9.786s] -- Installing: /home/oh/slam_ws/install/ros2_control_demo_example_3/share/ros2_control_demo_example_3/environment/path.sh
[9.786s] -- Installing: /home/oh/slam_ws/install/ros2_control_demo_example_3/share/ros2_control_demo_example_3/environment/path.dsv
[9.786s] -- Installing: /home/oh/slam_ws/install/ros2_control_demo_example_3/share/ros2_control_demo_example_3/local_setup.bash
[9.786s] -- Installing: /home/oh/slam_ws/install/ros2_control_demo_example_3/share/ros2_control_demo_example_3/local_setup.sh
[9.786s] -- Installing: /home/oh/slam_ws/install/ros2_control_demo_example_3/share/ros2_control_demo_example_3/local_setup.zsh
[9.789s] -- Installing: /home/oh/slam_ws/install/ros2_control_demo_example_3/share/ros2_control_demo_example_3/local_setup.dsv
[9.790s] -- Installing: /home/oh/slam_ws/install/ros2_control_demo_example_3/share/ros2_control_demo_example_3/package.dsv
[9.790s] -- Installing: /home/oh/slam_ws/install/ros2_control_demo_example_3/share/ament_index/resource_index/packages/ros2_control_demo_example_3
[9.790s] -- Installing: /home/oh/slam_ws/install/ros2_control_demo_example_3/share/ament_index/resource_index/hardware_interface__pluginlib__plugin/ros2_control_demo_example_3
[9.790s] -- Installing: /home/oh/slam_ws/install/ros2_control_demo_example_3/share/ros2_control_demo_example_3/cmake/export_ros2_control_demo_example_3Export.cmake
[9.790s] -- Installing: /home/oh/slam_ws/install/ros2_control_demo_example_3/share/ros2_control_demo_example_3/cmake/export_ros2_control_demo_example_3Export-noconfig.cmake
[9.790s] -- Installing: /home/oh/slam_ws/install/ros2_control_demo_example_3/share/ros2_control_demo_example_3/cmake/ament_cmake_export_targets-extras.cmake
[9.790s] -- Installing: /home/oh/slam_ws/install/ros2_control_demo_example_3/share/ros2_control_demo_example_3/cmake/ament_cmake_export_dependencies-extras.cmake
[9.790s] -- Installing: /home/oh/slam_ws/install/ros2_control_demo_example_3/share/ros2_control_demo_example_3/cmake/ros2_control_demo_example_3Config.cmake
[9.790s] -- Installing: /home/oh/slam_ws/install/ros2_control_demo_example_3/share/ros2_control_demo_example_3/cmake/ros2_control_demo_example_3Config-version.cmake
[9.790s] -- Installing: /home/oh/slam_ws/install/ros2_control_demo_example_3/share/ros2_control_demo_example_3/package.xml
[9.808s] Invoked command in '/home/oh/slam_ws/build/ros2_control_demo_example_3' returned '0': AMENT_PREFIX_PATH=/home/oh/slam_ws/install/ros2_control_demo_description:${AMENT_PREFIX_PATH} CMAKE_PREFIX_PATH=/home/oh/slam_ws/install/ros2_control_demo_description:/opt/ros/humble /usr/bin/cmake --install /home/oh/slam_ws/build/ros2_control_demo_example_3
