[0.023s] Invoking command in '/home/oh/slam_ws/build/ros2_control_demo_example_2': AMENT_PREFIX_PATH=/home/oh/slam_ws/install/ros2_control_demo_description:${AMENT_PREFIX_PATH} CMAKE_PREFIX_PATH=/home/oh/slam_ws/install/ros2_control_demo_description:/opt/ros/humble /usr/bin/cmake --build /home/oh/slam_ws/build/ros2_control_demo_example_2 -- -j8 -l8
[0.066s] [100%] Built target ros2_control_demo_example_2
[0.087s] Invoked command in '/home/oh/slam_ws/build/ros2_control_demo_example_2' returned '0': AMENT_PREFIX_PATH=/home/oh/slam_ws/install/ros2_control_demo_description:${AMENT_PREFIX_PATH} CMAKE_PREFIX_PATH=/home/oh/slam_ws/install/ros2_control_demo_description:/opt/ros/humble /usr/bin/cmake --build /home/oh/slam_ws/build/ros2_control_demo_example_2 -- -j8 -l8
[0.120s] Invoking command in '/home/oh/slam_ws/build/ros2_control_demo_example_2': AMENT_PREFIX_PATH=/home/oh/slam_ws/install/ros2_control_demo_description:${AMENT_PREFIX_PATH} CMAKE_PREFIX_PATH=/home/oh/slam_ws/install/ros2_control_demo_description:/opt/ros/humble /usr/bin/cmake --install /home/oh/slam_ws/build/ros2_control_demo_example_2
[0.128s] -- Install configuration: ""
[0.129s] -- Up-to-date: /home/oh/slam_ws/install/ros2_control_demo_example_2/share/ros2_control_demo_example_2/ros2_control_demo_example_2.xml
[0.129s] -- Up-to-date: /home/oh/slam_ws/install/ros2_control_demo_example_2/include/ros2_control_demo_example_2
[0.129s] -- Up-to-date: /home/oh/slam_ws/install/ros2_control_demo_example_2/include/ros2_control_demo_example_2/ros2_control_demo_example_2
[0.129s] -- Up-to-date: /home/oh/slam_ws/install/ros2_control_demo_example_2/include/ros2_control_demo_example_2/ros2_control_demo_example_2/diffbot_system.hpp
[0.129s] -- Up-to-date: /home/oh/slam_ws/install/ros2_control_demo_example_2/include/ros2_control_demo_example_2/ros2_control_demo_example_2/visibility_control.h
[0.129s] -- Up-to-date: /home/oh/slam_ws/install/ros2_control_demo_example_2/share/ros2_control_demo_example_2/launch
[0.129s] -- Up-to-date: /home/oh/slam_ws/install/ros2_control_demo_example_2/share/ros2_control_demo_example_2/launch/view_robot.launch.py
[0.129s] -- Up-to-date: /home/oh/slam_ws/install/ros2_control_demo_example_2/share/ros2_control_demo_example_2/ros2_control
[0.129s] -- Up-to-date: /home/oh/slam_ws/install/ros2_control_demo_example_2/share/ros2_control_demo_example_2/ros2_control/diffbot.ros2_control.xacro
[0.129s] -- Up-to-date: /home/oh/slam_ws/install/ros2_control_demo_example_2/share/ros2_control_demo_example_2/urdf
[0.129s] -- Up-to-date: /home/oh/slam_ws/install/ros2_control_demo_example_2/share/ros2_control_demo_example_2/urdf/diffbot.urdf.xacro
[0.130s] -- Up-to-date: /home/oh/slam_ws/install/ros2_control_demo_example_2/share/ros2_control_demo_example_2/launch
[0.130s] -- Up-to-date: /home/oh/slam_ws/install/ros2_control_demo_example_2/share/ros2_control_demo_example_2/launch/diffbot.launch.py
[0.130s] -- Up-to-date: /home/oh/slam_ws/install/ros2_control_demo_example_2/share/ros2_control_demo_example_2/config
[0.130s] -- Up-to-date: /home/oh/slam_ws/install/ros2_control_demo_example_2/share/ros2_control_demo_example_2/config/diffbot_controllers.yaml
[0.130s] -- Up-to-date: /home/oh/slam_ws/install/ros2_control_demo_example_2/lib/libros2_control_demo_example_2.so
[0.130s] -- Up-to-date: /home/oh/slam_ws/install/ros2_control_demo_example_2/share/ros2_control_demo_example_2/environment/library_path.sh
[0.130s] -- Up-to-date: /home/oh/slam_ws/install/ros2_control_demo_example_2/share/ros2_control_demo_example_2/environment/library_path.dsv
[0.130s] -- Up-to-date: /home/oh/slam_ws/install/ros2_control_demo_example_2/share/ament_index/resource_index/package_run_dependencies/ros2_control_demo_example_2
[0.130s] -- Up-to-date: /home/oh/slam_ws/install/ros2_control_demo_example_2/share/ament_index/resource_index/parent_prefix_path/ros2_control_demo_example_2
[0.130s] -- Up-to-date: /home/oh/slam_ws/install/ros2_control_demo_example_2/share/ros2_control_demo_example_2/environment/ament_prefix_path.sh
[0.130s] -- Up-to-date: /home/oh/slam_ws/install/ros2_control_demo_example_2/share/ros2_control_demo_example_2/environment/ament_prefix_path.dsv
[0.130s] -- Up-to-date: /home/oh/slam_ws/install/ros2_control_demo_example_2/share/ros2_control_demo_example_2/environment/path.sh
[0.130s] -- Up-to-date: /home/oh/slam_ws/install/ros2_control_demo_example_2/share/ros2_control_demo_example_2/environment/path.dsv
[0.131s] -- Up-to-date: /home/oh/slam_ws/install/ros2_control_demo_example_2/share/ros2_control_demo_example_2/local_setup.bash
[0.131s] -- Up-to-date: /home/oh/slam_ws/install/ros2_control_demo_example_2/share/ros2_control_demo_example_2/local_setup.sh
[0.131s] -- Up-to-date: /home/oh/slam_ws/install/ros2_control_demo_example_2/share/ros2_control_demo_example_2/local_setup.zsh
[0.131s] -- Up-to-date: /home/oh/slam_ws/install/ros2_control_demo_example_2/share/ros2_control_demo_example_2/local_setup.dsv
[0.131s] -- Installing: /home/oh/slam_ws/install/ros2_control_demo_example_2/share/ros2_control_demo_example_2/package.dsv
[0.131s] -- Up-to-date: /home/oh/slam_ws/install/ros2_control_demo_example_2/share/ament_index/resource_index/packages/ros2_control_demo_example_2
[0.131s] -- Up-to-date: /home/oh/slam_ws/install/ros2_control_demo_example_2/share/ament_index/resource_index/hardware_interface__pluginlib__plugin/ros2_control_demo_example_2
[0.131s] -- Up-to-date: /home/oh/slam_ws/install/ros2_control_demo_example_2/share/ros2_control_demo_example_2/cmake/export_ros2_control_demo_example_2Export.cmake
[0.131s] -- Up-to-date: /home/oh/slam_ws/install/ros2_control_demo_example_2/share/ros2_control_demo_example_2/cmake/export_ros2_control_demo_example_2Export-noconfig.cmake
[0.131s] -- Up-to-date: /home/oh/slam_ws/install/ros2_control_demo_example_2/share/ros2_control_demo_example_2/cmake/ament_cmake_export_targets-extras.cmake
[0.131s] -- Up-to-date: /home/oh/slam_ws/install/ros2_control_demo_example_2/share/ros2_control_demo_example_2/cmake/ament_cmake_export_dependencies-extras.cmake
[0.131s] -- Up-to-date: /home/oh/slam_ws/install/ros2_control_demo_example_2/share/ros2_control_demo_example_2/cmake/ros2_control_demo_example_2Config.cmake
[0.131s] -- Up-to-date: /home/oh/slam_ws/install/ros2_control_demo_example_2/share/ros2_control_demo_example_2/cmake/ros2_control_demo_example_2Config-version.cmake
[0.131s] -- Up-to-date: /home/oh/slam_ws/install/ros2_control_demo_example_2/share/ros2_control_demo_example_2/package.xml
[0.133s] Invoked command in '/home/oh/slam_ws/build/ros2_control_demo_example_2' returned '0': AMENT_PREFIX_PATH=/home/oh/slam_ws/install/ros2_control_demo_description:${AMENT_PREFIX_PATH} CMAKE_PREFIX_PATH=/home/oh/slam_ws/install/ros2_control_demo_description:/opt/ros/humble /usr/bin/cmake --install /home/oh/slam_ws/build/ros2_control_demo_example_2
