[0.087s] Invoking command in '/home/oh/slam_ws/build/ros2_control_demo_example_14': CMAKE_PREFIX_PATH=${CMAKE_PREFIX_PATH}:/home/oh/slam_ws/install/ros2_aruco:/home/oh/slam_ws/install/my_tf_package:/home/oh/slam_ws/install/my_tf2_package:/home/oh/slam_ws/install/my_docking:/home/oh/slam_ws/install/my_aruco_to_goal_pose_pkg:/home/oh/slam_ws/install/escape_from_cart:/opt/ros/humble /usr/bin/cmake --build /home/oh/slam_ws/build/ros2_control_demo_example_14 -- -j8 -l8
[0.792s] [100%] Built target ros2_control_demo_example_14
[0.800s] Invoked command in '/home/oh/slam_ws/build/ros2_control_demo_example_14' returned '0': CMAKE_PREFIX_PATH=${CMAKE_PREFIX_PATH}:/home/oh/slam_ws/install/ros2_aruco:/home/oh/slam_ws/install/my_tf_package:/home/oh/slam_ws/install/my_tf2_package:/home/oh/slam_ws/install/my_docking:/home/oh/slam_ws/install/my_aruco_to_goal_pose_pkg:/home/oh/slam_ws/install/escape_from_cart:/opt/ros/humble /usr/bin/cmake --build /home/oh/slam_ws/build/ros2_control_demo_example_14 -- -j8 -l8
[0.922s] Invoking command in '/home/oh/slam_ws/build/ros2_control_demo_example_14': CMAKE_PREFIX_PATH=${CMAKE_PREFIX_PATH}:/home/oh/slam_ws/install/ros2_aruco:/home/oh/slam_ws/install/my_tf_package:/home/oh/slam_ws/install/my_tf2_package:/home/oh/slam_ws/install/my_docking:/home/oh/slam_ws/install/my_aruco_to_goal_pose_pkg:/home/oh/slam_ws/install/escape_from_cart:/opt/ros/humble /usr/bin/cmake --install /home/oh/slam_ws/build/ros2_control_demo_example_14
[0.952s] -- Install configuration: ""
[0.954s] -- Up-to-date: /home/oh/slam_ws/install/ros2_control_demo_example_14/share/ros2_control_demo_example_14/ros2_control_demo_example_14.xml
[0.959s] -- Up-to-date: /home/oh/slam_ws/install/ros2_control_demo_example_14/include/ros2_control_demo_example_14
[0.959s] -- Up-to-date: /home/oh/slam_ws/install/ros2_control_demo_example_14/include/ros2_control_demo_example_14/ros2_control_demo_example_14
[0.960s] -- Up-to-date: /home/oh/slam_ws/install/ros2_control_demo_example_14/include/ros2_control_demo_example_14/ros2_control_demo_example_14/rrbot_sensor_for_position_feedback.hpp
[0.960s] -- Up-to-date: /home/oh/slam_ws/install/ros2_control_demo_example_14/include/ros2_control_demo_example_14/ros2_control_demo_example_14/rrbot_actuator_without_feedback.hpp
[0.960s] -- Up-to-date: /home/oh/slam_ws/install/ros2_control_demo_example_14/include/ros2_control_demo_example_14/ros2_control_demo_example_14/visibility_control.h
[0.961s] -- Up-to-date: /home/oh/slam_ws/install/ros2_control_demo_example_14/share/ros2_control_demo_example_14/launch
[0.961s] -- Up-to-date: /home/oh/slam_ws/install/ros2_control_demo_example_14/share/ros2_control_demo_example_14/launch/view_robot.launch.py
[0.961s] -- Up-to-date: /home/oh/slam_ws/install/ros2_control_demo_example_14/share/ros2_control_demo_example_14/ros2_control
[0.962s] -- Up-to-date: /home/oh/slam_ws/install/ros2_control_demo_example_14/share/ros2_control_demo_example_14/ros2_control/rrbot_modular_actuators_without_feedback_sensors_for_position_feedback.ros2_control.xacro
[0.962s] -- Up-to-date: /home/oh/slam_ws/install/ros2_control_demo_example_14/share/ros2_control_demo_example_14/urdf
[0.962s] -- Up-to-date: /home/oh/slam_ws/install/ros2_control_demo_example_14/share/ros2_control_demo_example_14/urdf/rrbot_modular_actuators_without_feedback_sensors_for_position_feedback.urdf.xacro
[0.962s] -- Up-to-date: /home/oh/slam_ws/install/ros2_control_demo_example_14/share/ros2_control_demo_example_14/launch
[0.963s] -- Up-to-date: /home/oh/slam_ws/install/ros2_control_demo_example_14/share/ros2_control_demo_example_14/launch/rrbot_modular_actuators_without_feedback_sensors_for_position_feedback.launch.py
[0.963s] -- Up-to-date: /home/oh/slam_ws/install/ros2_control_demo_example_14/share/ros2_control_demo_example_14/config
[0.963s] -- Up-to-date: /home/oh/slam_ws/install/ros2_control_demo_example_14/share/ros2_control_demo_example_14/config/rrbot_modular_actuators_without_feedback_sensors_for_position_feedback.yaml
[0.963s] -- Up-to-date: /home/oh/slam_ws/install/ros2_control_demo_example_14/lib/libros2_control_demo_example_14.so
[0.963s] -- Up-to-date: /home/oh/slam_ws/install/ros2_control_demo_example_14/share/ros2_control_demo_example_14/environment/library_path.sh
[0.963s] -- Up-to-date: /home/oh/slam_ws/install/ros2_control_demo_example_14/share/ros2_control_demo_example_14/environment/library_path.dsv
[0.963s] -- Up-to-date: /home/oh/slam_ws/install/ros2_control_demo_example_14/share/ament_index/resource_index/package_run_dependencies/ros2_control_demo_example_14
[0.964s] -- Up-to-date: /home/oh/slam_ws/install/ros2_control_demo_example_14/share/ament_index/resource_index/parent_prefix_path/ros2_control_demo_example_14
[0.964s] -- Up-to-date: /home/oh/slam_ws/install/ros2_control_demo_example_14/share/ros2_control_demo_example_14/environment/ament_prefix_path.sh
[0.964s] -- Up-to-date: /home/oh/slam_ws/install/ros2_control_demo_example_14/share/ros2_control_demo_example_14/environment/ament_prefix_path.dsv
[0.964s] -- Up-to-date: /home/oh/slam_ws/install/ros2_control_demo_example_14/share/ros2_control_demo_example_14/environment/path.sh
[0.964s] -- Up-to-date: /home/oh/slam_ws/install/ros2_control_demo_example_14/share/ros2_control_demo_example_14/environment/path.dsv
[0.964s] -- Up-to-date: /home/oh/slam_ws/install/ros2_control_demo_example_14/share/ros2_control_demo_example_14/local_setup.bash
[0.964s] -- Up-to-date: /home/oh/slam_ws/install/ros2_control_demo_example_14/share/ros2_control_demo_example_14/local_setup.sh
[0.964s] -- Up-to-date: /home/oh/slam_ws/install/ros2_control_demo_example_14/share/ros2_control_demo_example_14/local_setup.zsh
[0.965s] -- Up-to-date: /home/oh/slam_ws/install/ros2_control_demo_example_14/share/ros2_control_demo_example_14/local_setup.dsv
[0.965s] -- Installing: /home/oh/slam_ws/install/ros2_control_demo_example_14/share/ros2_control_demo_example_14/package.dsv
[0.965s] -- Up-to-date: /home/oh/slam_ws/install/ros2_control_demo_example_14/share/ament_index/resource_index/packages/ros2_control_demo_example_14
[0.965s] -- Up-to-date: /home/oh/slam_ws/install/ros2_control_demo_example_14/share/ament_index/resource_index/hardware_interface__pluginlib__plugin/ros2_control_demo_example_14
[0.966s] -- Up-to-date: /home/oh/slam_ws/install/ros2_control_demo_example_14/share/ros2_control_demo_example_14/cmake/export_ros2_control_demo_example_14Export.cmake
[0.966s] -- Up-to-date: /home/oh/slam_ws/install/ros2_control_demo_example_14/share/ros2_control_demo_example_14/cmake/export_ros2_control_demo_example_14Export-noconfig.cmake
[0.966s] -- Up-to-date: /home/oh/slam_ws/install/ros2_control_demo_example_14/share/ros2_control_demo_example_14/cmake/ament_cmake_export_targets-extras.cmake
[0.966s] -- Up-to-date: /home/oh/slam_ws/install/ros2_control_demo_example_14/share/ros2_control_demo_example_14/cmake/ament_cmake_export_dependencies-extras.cmake
[0.966s] -- Up-to-date: /home/oh/slam_ws/install/ros2_control_demo_example_14/share/ros2_control_demo_example_14/cmake/ros2_control_demo_example_14Config.cmake
[0.967s] -- Up-to-date: /home/oh/slam_ws/install/ros2_control_demo_example_14/share/ros2_control_demo_example_14/cmake/ros2_control_demo_example_14Config-version.cmake
[0.967s] -- Up-to-date: /home/oh/slam_ws/install/ros2_control_demo_example_14/share/ros2_control_demo_example_14/package.xml
[0.994s] Invoked command in '/home/oh/slam_ws/build/ros2_control_demo_example_14' returned '0': CMAKE_PREFIX_PATH=${CMAKE_PREFIX_PATH}:/home/oh/slam_ws/install/ros2_aruco:/home/oh/slam_ws/install/my_tf_package:/home/oh/slam_ws/install/my_tf2_package:/home/oh/slam_ws/install/my_docking:/home/oh/slam_ws/install/my_aruco_to_goal_pose_pkg:/home/oh/slam_ws/install/escape_from_cart:/opt/ros/humble /usr/bin/cmake --install /home/oh/slam_ws/build/ros2_control_demo_example_14
