[0.036s] Invoking command in '/home/oh/slam_ws/build/realsense2_camera': CMAKE_PREFIX_PATH=/home/oh/slam_ws/install/realsense2_camera_msgs:/home/oh/slam_ws/install/usb_cam:/home/oh/slam_ws/install/teleop_twist_joy:/home/oh/slam_ws/install/ros2_control_demos:/home/oh/slam_ws/install/ros2_control_demo_example_9:/home/oh/slam_ws/install/ros2_control_demo_example_8:/home/oh/slam_ws/install/ros2_control_demo_example_7:/home/oh/slam_ws/install/ros2_control_demo_example_6:/home/oh/slam_ws/install/ros2_control_demo_example_5:/home/oh/slam_ws/install/ros2_control_demo_example_4:/home/oh/slam_ws/install/ros2_control_demo_example_3:/home/oh/slam_ws/install/ros2_control_demo_example_2:/home/oh/slam_ws/install/ros2_control_demo_example_14:/home/oh/slam_ws/install/ros2_control_demo_example_12:/home/oh/slam_ws/install/ros2_control_demo_example_11:/home/oh/slam_ws/install/ros2_control_demo_example_10:/home/oh/slam_ws/install/ros2_control_demo_example_1:/home/oh/slam_ws/install/odrive_ros2_control:/home/oh/slam_ws/install/odrive_demo_bringup:/home/oh/slam_ws/install/odrive_demo_description:/home/oh/slam_ws/install/ros2_control_demo_description:/home/oh/slam_ws/install/ros2_aruco_interfaces:/home/oh/slam_ws/install/realsense2_description:/home/oh/slam_ws/install/realsense2_camera:/home/oh/slam_ws/install/odrive_hardware_interface:/home/oh/slam_ws/install/my_slam_package:/home/oh/slam_ws/install/my_bot_description:/home/oh/slam_ws/install/ros2_aruco:/home/oh/slam_ws/install/my_tf_package:/home/oh/slam_ws/install/my_tf2_package:/opt/ros/humble LD_LIBRARY_PATH=/home/oh/slam_ws/install/realsense2_camera_msgs/lib:/home/oh/slam_ws/install/usb_cam/lib:/home/oh/slam_ws/install/teleop_twist_joy/lib:/home/oh/slam_ws/install/ros2_control_demo_example_9/lib:/home/oh/slam_ws/install/ros2_control_demo_example_8/lib:/home/oh/slam_ws/install/ros2_control_demo_example_7/lib:/home/oh/slam_ws/install/ros2_control_demo_example_6/lib:/home/oh/slam_ws/install/ros2_control_demo_example_5/lib:/home/oh/slam_ws/install/ros2_control_demo_example_4/lib:/home/oh/slam_ws/install/ros2_control_demo_example_3/lib:/home/oh/slam_ws/install/ros2_control_demo_example_2/lib:/home/oh/slam_ws/install/ros2_control_demo_example_14/lib:/home/oh/slam_ws/install/ros2_control_demo_example_12/lib:/home/oh/slam_ws/install/ros2_control_demo_example_11/lib:/home/oh/slam_ws/install/ros2_control_demo_example_10/lib:/home/oh/slam_ws/install/ros2_control_demo_example_1/lib:/home/oh/slam_ws/install/ros2_aruco_interfaces/lib:/home/oh/slam_ws/install/realsense2_camera/lib:/home/oh/slam_ws/install/odrive_hardware_interface/lib:/usr/lib/x86_64-linux-gnu/gazebo-11/plugins:/opt/ros/humble/opt/rviz_ogre_vendor/lib:/opt/ros/humble/lib/x86_64-linux-gnu:/opt/ros/humble/lib /usr/bin/cmake --build /home/oh/slam_ws/build/realsense2_camera -- -j8 -l8
[0.153s] [  9%] Built target realsense2_camera_node
[0.154s] [ 72%] Built target realsense2_camera
[0.157s] [ 81%] Built target gtest_main
[0.175s] [ 90%] Built target gtest
[0.202s] [100%] Built target gtest_template
[0.243s] Invoked command in '/home/oh/slam_ws/build/realsense2_camera' returned '0': CMAKE_PREFIX_PATH=/home/oh/slam_ws/install/realsense2_camera_msgs:/home/oh/slam_ws/install/usb_cam:/home/oh/slam_ws/install/teleop_twist_joy:/home/oh/slam_ws/install/ros2_control_demos:/home/oh/slam_ws/install/ros2_control_demo_example_9:/home/oh/slam_ws/install/ros2_control_demo_example_8:/home/oh/slam_ws/install/ros2_control_demo_example_7:/home/oh/slam_ws/install/ros2_control_demo_example_6:/home/oh/slam_ws/install/ros2_control_demo_example_5:/home/oh/slam_ws/install/ros2_control_demo_example_4:/home/oh/slam_ws/install/ros2_control_demo_example_3:/home/oh/slam_ws/install/ros2_control_demo_example_2:/home/oh/slam_ws/install/ros2_control_demo_example_14:/home/oh/slam_ws/install/ros2_control_demo_example_12:/home/oh/slam_ws/install/ros2_control_demo_example_11:/home/oh/slam_ws/install/ros2_control_demo_example_10:/home/oh/slam_ws/install/ros2_control_demo_example_1:/home/oh/slam_ws/install/odrive_ros2_control:/home/oh/slam_ws/install/odrive_demo_bringup:/home/oh/slam_ws/install/odrive_demo_description:/home/oh/slam_ws/install/ros2_control_demo_description:/home/oh/slam_ws/install/ros2_aruco_interfaces:/home/oh/slam_ws/install/realsense2_description:/home/oh/slam_ws/install/realsense2_camera:/home/oh/slam_ws/install/odrive_hardware_interface:/home/oh/slam_ws/install/my_slam_package:/home/oh/slam_ws/install/my_bot_description:/home/oh/slam_ws/install/ros2_aruco:/home/oh/slam_ws/install/my_tf_package:/home/oh/slam_ws/install/my_tf2_package:/opt/ros/humble LD_LIBRARY_PATH=/home/oh/slam_ws/install/realsense2_camera_msgs/lib:/home/oh/slam_ws/install/usb_cam/lib:/home/oh/slam_ws/install/teleop_twist_joy/lib:/home/oh/slam_ws/install/ros2_control_demo_example_9/lib:/home/oh/slam_ws/install/ros2_control_demo_example_8/lib:/home/oh/slam_ws/install/ros2_control_demo_example_7/lib:/home/oh/slam_ws/install/ros2_control_demo_example_6/lib:/home/oh/slam_ws/install/ros2_control_demo_example_5/lib:/home/oh/slam_ws/install/ros2_control_demo_example_4/lib:/home/oh/slam_ws/install/ros2_control_demo_example_3/lib:/home/oh/slam_ws/install/ros2_control_demo_example_2/lib:/home/oh/slam_ws/install/ros2_control_demo_example_14/lib:/home/oh/slam_ws/install/ros2_control_demo_example_12/lib:/home/oh/slam_ws/install/ros2_control_demo_example_11/lib:/home/oh/slam_ws/install/ros2_control_demo_example_10/lib:/home/oh/slam_ws/install/ros2_control_demo_example_1/lib:/home/oh/slam_ws/install/ros2_aruco_interfaces/lib:/home/oh/slam_ws/install/realsense2_camera/lib:/home/oh/slam_ws/install/odrive_hardware_interface/lib:/usr/lib/x86_64-linux-gnu/gazebo-11/plugins:/opt/ros/humble/opt/rviz_ogre_vendor/lib:/opt/ros/humble/lib/x86_64-linux-gnu:/opt/ros/humble/lib /usr/bin/cmake --build /home/oh/slam_ws/build/realsense2_camera -- -j8 -l8
[0.346s] Invoking command in '/home/oh/slam_ws/build/realsense2_camera': CMAKE_PREFIX_PATH=/home/oh/slam_ws/install/realsense2_camera_msgs:/home/oh/slam_ws/install/usb_cam:/home/oh/slam_ws/install/teleop_twist_joy:/home/oh/slam_ws/install/ros2_control_demos:/home/oh/slam_ws/install/ros2_control_demo_example_9:/home/oh/slam_ws/install/ros2_control_demo_example_8:/home/oh/slam_ws/install/ros2_control_demo_example_7:/home/oh/slam_ws/install/ros2_control_demo_example_6:/home/oh/slam_ws/install/ros2_control_demo_example_5:/home/oh/slam_ws/install/ros2_control_demo_example_4:/home/oh/slam_ws/install/ros2_control_demo_example_3:/home/oh/slam_ws/install/ros2_control_demo_example_2:/home/oh/slam_ws/install/ros2_control_demo_example_14:/home/oh/slam_ws/install/ros2_control_demo_example_12:/home/oh/slam_ws/install/ros2_control_demo_example_11:/home/oh/slam_ws/install/ros2_control_demo_example_10:/home/oh/slam_ws/install/ros2_control_demo_example_1:/home/oh/slam_ws/install/odrive_ros2_control:/home/oh/slam_ws/install/odrive_demo_bringup:/home/oh/slam_ws/install/odrive_demo_description:/home/oh/slam_ws/install/ros2_control_demo_description:/home/oh/slam_ws/install/ros2_aruco_interfaces:/home/oh/slam_ws/install/realsense2_description:/home/oh/slam_ws/install/realsense2_camera:/home/oh/slam_ws/install/odrive_hardware_interface:/home/oh/slam_ws/install/my_slam_package:/home/oh/slam_ws/install/my_bot_description:/home/oh/slam_ws/install/ros2_aruco:/home/oh/slam_ws/install/my_tf_package:/home/oh/slam_ws/install/my_tf2_package:/opt/ros/humble LD_LIBRARY_PATH=/home/oh/slam_ws/install/realsense2_camera_msgs/lib:/home/oh/slam_ws/install/usb_cam/lib:/home/oh/slam_ws/install/teleop_twist_joy/lib:/home/oh/slam_ws/install/ros2_control_demo_example_9/lib:/home/oh/slam_ws/install/ros2_control_demo_example_8/lib:/home/oh/slam_ws/install/ros2_control_demo_example_7/lib:/home/oh/slam_ws/install/ros2_control_demo_example_6/lib:/home/oh/slam_ws/install/ros2_control_demo_example_5/lib:/home/oh/slam_ws/install/ros2_control_demo_example_4/lib:/home/oh/slam_ws/install/ros2_control_demo_example_3/lib:/home/oh/slam_ws/install/ros2_control_demo_example_2/lib:/home/oh/slam_ws/install/ros2_control_demo_example_14/lib:/home/oh/slam_ws/install/ros2_control_demo_example_12/lib:/home/oh/slam_ws/install/ros2_control_demo_example_11/lib:/home/oh/slam_ws/install/ros2_control_demo_example_10/lib:/home/oh/slam_ws/install/ros2_control_demo_example_1/lib:/home/oh/slam_ws/install/ros2_aruco_interfaces/lib:/home/oh/slam_ws/install/realsense2_camera/lib:/home/oh/slam_ws/install/odrive_hardware_interface/lib:/usr/lib/x86_64-linux-gnu/gazebo-11/plugins:/opt/ros/humble/opt/rviz_ogre_vendor/lib:/opt/ros/humble/lib/x86_64-linux-gnu:/opt/ros/humble/lib /usr/bin/cmake --install /home/oh/slam_ws/build/realsense2_camera
[0.353s] -- Install configuration: "Release"
[0.353s] -- Up-to-date: /home/oh/slam_ws/install/realsense2_camera/lib/realsense2_camera/realsense2_camera_node
[0.353s] -- Up-to-date: /home/oh/slam_ws/install/realsense2_camera/lib/librealsense2_camera.so
[0.353s] -- Up-to-date: /home/oh/slam_ws/install/realsense2_camera/include
[0.354s] -- Up-to-date: /home/oh/slam_ws/install/realsense2_camera/include/gl_window.h
[0.354s] -- Up-to-date: /home/oh/slam_ws/install/realsense2_camera/include/ros_sensor.h
[0.354s] -- Up-to-date: /home/oh/slam_ws/install/realsense2_camera/include/dynamic_params.h
[0.354s] -- Up-to-date: /home/oh/slam_ws/install/realsense2_camera/include/ros_param_backend.h
[0.354s] -- Up-to-date: /home/oh/slam_ws/install/realsense2_camera/include/named_filter.h
[0.354s] -- Up-to-date: /home/oh/slam_ws/install/realsense2_camera/include/profile_manager.h
[0.354s] -- Up-to-date: /home/oh/slam_ws/install/realsense2_camera/include/ros_utils.h
[0.354s] -- Up-to-date: /home/oh/slam_ws/install/realsense2_camera/include/image_publisher.h
[0.354s] -- Up-to-date: /home/oh/slam_ws/install/realsense2_camera/include/realsense_node_factory.h
[0.354s] -- Up-to-date: /home/oh/slam_ws/install/realsense2_camera/include/base_realsense_node.h
[0.354s] -- Up-to-date: /home/oh/slam_ws/install/realsense2_camera/include/constants.h
[0.355s] -- Up-to-date: /home/oh/slam_ws/install/realsense2_camera/include/sensor_params.h
[0.355s] -- Up-to-date: /home/oh/slam_ws/install/realsense2_camera/share/realsense2_camera/launch
[0.355s] -- Up-to-date: /home/oh/slam_ws/install/realsense2_camera/share/realsense2_camera/launch/rs_intra_process_demo_launch.py
[0.355s] -- Up-to-date: /home/oh/slam_ws/install/realsense2_camera/share/realsense2_camera/launch/default.rviz
[0.355s] -- Up-to-date: /home/oh/slam_ws/install/realsense2_camera/share/realsense2_camera/launch/rs_multi_camera_launch.py
[0.355s] -- Up-to-date: /home/oh/slam_ws/install/realsense2_camera/share/realsense2_camera/launch/rs_launch.py
[0.355s] -- Up-to-date: /home/oh/slam_ws/install/realsense2_camera/share/realsense2_camera/examples
[0.355s] -- Up-to-date: /home/oh/slam_ws/install/realsense2_camera/share/realsense2_camera/examples/align_depth
[0.355s] -- Up-to-date: /home/oh/slam_ws/install/realsense2_camera/share/realsense2_camera/examples/align_depth/rs_align_depth_launch.py
[0.355s] -- Up-to-date: /home/oh/slam_ws/install/realsense2_camera/share/realsense2_camera/examples/align_depth/README.md
[0.356s] -- Up-to-date: /home/oh/slam_ws/install/realsense2_camera/share/realsense2_camera/examples/launch_from_rosbag
[0.356s] -- Up-to-date: /home/oh/slam_ws/install/realsense2_camera/share/realsense2_camera/examples/launch_from_rosbag/rs_launch_from_rosbag.py
[0.356s] -- Up-to-date: /home/oh/slam_ws/install/realsense2_camera/share/realsense2_camera/examples/launch_from_rosbag/README.md
[0.356s] -- Up-to-date: /home/oh/slam_ws/install/realsense2_camera/share/realsense2_camera/examples/pointcloud
[0.356s] -- Up-to-date: /home/oh/slam_ws/install/realsense2_camera/share/realsense2_camera/examples/pointcloud/rs_d455_pointcloud_launch.py
[0.356s] -- Up-to-date: /home/oh/slam_ws/install/realsense2_camera/share/realsense2_camera/examples/pointcloud/rs_pointcloud_launch.py
[0.356s] -- Up-to-date: /home/oh/slam_ws/install/realsense2_camera/share/realsense2_camera/examples/pointcloud/rviz
[0.356s] -- Up-to-date: /home/oh/slam_ws/install/realsense2_camera/share/realsense2_camera/examples/pointcloud/rviz/pointcloud.rviz
[0.356s] -- Up-to-date: /home/oh/slam_ws/install/realsense2_camera/share/realsense2_camera/examples/pointcloud/rviz/urdf_pointcloud.rviz
[0.357s] -- Up-to-date: /home/oh/slam_ws/install/realsense2_camera/share/realsense2_camera/examples/pointcloud/rs_d405_pointcloud_launch.py
[0.357s] -- Up-to-date: /home/oh/slam_ws/install/realsense2_camera/share/realsense2_camera/examples/pointcloud/README.md
[0.357s] -- Up-to-date: /home/oh/slam_ws/install/realsense2_camera/share/realsense2_camera/examples/launch_params_from_file
[0.357s] -- Up-to-date: /home/oh/slam_ws/install/realsense2_camera/share/realsense2_camera/examples/launch_params_from_file/rs_launch_get_params_from_yaml.py
[0.357s] -- Up-to-date: /home/oh/slam_ws/install/realsense2_camera/share/realsense2_camera/examples/launch_params_from_file/config
[0.357s] -- Up-to-date: /home/oh/slam_ws/install/realsense2_camera/share/realsense2_camera/examples/launch_params_from_file/config/config.yaml
[0.358s] -- Up-to-date: /home/oh/slam_ws/install/realsense2_camera/share/realsense2_camera/examples/launch_params_from_file/README.md
[0.358s] -- Up-to-date: /home/oh/slam_ws/install/realsense2_camera/share/realsense2_camera/examples/dual_camera
[0.358s] -- Up-to-date: /home/oh/slam_ws/install/realsense2_camera/share/realsense2_camera/examples/dual_camera/rviz
[0.358s] -- Up-to-date: /home/oh/slam_ws/install/realsense2_camera/share/realsense2_camera/examples/dual_camera/rviz/dual_camera_pointcloud.rviz
[0.358s] -- Up-to-date: /home/oh/slam_ws/install/realsense2_camera/share/realsense2_camera/examples/dual_camera/README.md
[0.358s] -- Up-to-date: /home/oh/slam_ws/install/realsense2_camera/share/realsense2_camera/examples/dual_camera/rs_dual_camera_launch.py
[0.358s] -- Up-to-date: /home/oh/slam_ws/install/realsense2_camera/share/realsense2_camera/environment/library_path.sh
[0.358s] -- Up-to-date: /home/oh/slam_ws/install/realsense2_camera/share/realsense2_camera/environment/library_path.dsv
[0.358s] -- Up-to-date: /home/oh/slam_ws/install/realsense2_camera/share/ament_index/resource_index/package_run_dependencies/realsense2_camera
[0.358s] -- Up-to-date: /home/oh/slam_ws/install/realsense2_camera/share/ament_index/resource_index/parent_prefix_path/realsense2_camera
[0.358s] -- Up-to-date: /home/oh/slam_ws/install/realsense2_camera/share/realsense2_camera/environment/ament_prefix_path.sh
[0.359s] -- Up-to-date: /home/oh/slam_ws/install/realsense2_camera/share/realsense2_camera/environment/ament_prefix_path.dsv
[0.359s] -- Up-to-date: /home/oh/slam_ws/install/realsense2_camera/share/realsense2_camera/environment/path.sh
[0.359s] -- Up-to-date: /home/oh/slam_ws/install/realsense2_camera/share/realsense2_camera/environment/path.dsv
[0.359s] -- Up-to-date: /home/oh/slam_ws/install/realsense2_camera/share/realsense2_camera/local_setup.bash
[0.359s] -- Up-to-date: /home/oh/slam_ws/install/realsense2_camera/share/realsense2_camera/local_setup.sh
[0.359s] -- Up-to-date: /home/oh/slam_ws/install/realsense2_camera/share/realsense2_camera/local_setup.zsh
[0.359s] -- Up-to-date: /home/oh/slam_ws/install/realsense2_camera/share/realsense2_camera/local_setup.dsv
[0.359s] -- Installing: /home/oh/slam_ws/install/realsense2_camera/share/realsense2_camera/package.dsv
[0.359s] -- Up-to-date: /home/oh/slam_ws/install/realsense2_camera/share/ament_index/resource_index/packages/realsense2_camera
[0.359s] -- Up-to-date: /home/oh/slam_ws/install/realsense2_camera/share/ament_index/resource_index/rclcpp_components/realsense2_camera
[0.359s] -- Up-to-date: /home/oh/slam_ws/install/realsense2_camera/share/realsense2_camera/cmake/ament_cmake_export_include_directories-extras.cmake
[0.359s] -- Up-to-date: /home/oh/slam_ws/install/realsense2_camera/share/realsense2_camera/cmake/ament_cmake_export_libraries-extras.cmake
[0.359s] -- Up-to-date: /home/oh/slam_ws/install/realsense2_camera/share/realsense2_camera/cmake/ament_cmake_export_dependencies-extras.cmake
[0.359s] -- Up-to-date: /home/oh/slam_ws/install/realsense2_camera/share/realsense2_camera/cmake/realsense2_cameraConfig.cmake
[0.359s] -- Up-to-date: /home/oh/slam_ws/install/realsense2_camera/share/realsense2_camera/cmake/realsense2_cameraConfig-version.cmake
[0.359s] -- Up-to-date: /home/oh/slam_ws/install/realsense2_camera/share/realsense2_camera/package.xml
[0.359s] Invoked command in '/home/oh/slam_ws/build/realsense2_camera' returned '0': CMAKE_PREFIX_PATH=/home/oh/slam_ws/install/realsense2_camera_msgs:/home/oh/slam_ws/install/usb_cam:/home/oh/slam_ws/install/teleop_twist_joy:/home/oh/slam_ws/install/ros2_control_demos:/home/oh/slam_ws/install/ros2_control_demo_example_9:/home/oh/slam_ws/install/ros2_control_demo_example_8:/home/oh/slam_ws/install/ros2_control_demo_example_7:/home/oh/slam_ws/install/ros2_control_demo_example_6:/home/oh/slam_ws/install/ros2_control_demo_example_5:/home/oh/slam_ws/install/ros2_control_demo_example_4:/home/oh/slam_ws/install/ros2_control_demo_example_3:/home/oh/slam_ws/install/ros2_control_demo_example_2:/home/oh/slam_ws/install/ros2_control_demo_example_14:/home/oh/slam_ws/install/ros2_control_demo_example_12:/home/oh/slam_ws/install/ros2_control_demo_example_11:/home/oh/slam_ws/install/ros2_control_demo_example_10:/home/oh/slam_ws/install/ros2_control_demo_example_1:/home/oh/slam_ws/install/odrive_ros2_control:/home/oh/slam_ws/install/odrive_demo_bringup:/home/oh/slam_ws/install/odrive_demo_description:/home/oh/slam_ws/install/ros2_control_demo_description:/home/oh/slam_ws/install/ros2_aruco_interfaces:/home/oh/slam_ws/install/realsense2_description:/home/oh/slam_ws/install/realsense2_camera:/home/oh/slam_ws/install/odrive_hardware_interface:/home/oh/slam_ws/install/my_slam_package:/home/oh/slam_ws/install/my_bot_description:/home/oh/slam_ws/install/ros2_aruco:/home/oh/slam_ws/install/my_tf_package:/home/oh/slam_ws/install/my_tf2_package:/opt/ros/humble LD_LIBRARY_PATH=/home/oh/slam_ws/install/realsense2_camera_msgs/lib:/home/oh/slam_ws/install/usb_cam/lib:/home/oh/slam_ws/install/teleop_twist_joy/lib:/home/oh/slam_ws/install/ros2_control_demo_example_9/lib:/home/oh/slam_ws/install/ros2_control_demo_example_8/lib:/home/oh/slam_ws/install/ros2_control_demo_example_7/lib:/home/oh/slam_ws/install/ros2_control_demo_example_6/lib:/home/oh/slam_ws/install/ros2_control_demo_example_5/lib:/home/oh/slam_ws/install/ros2_control_demo_example_4/lib:/home/oh/slam_ws/install/ros2_control_demo_example_3/lib:/home/oh/slam_ws/install/ros2_control_demo_example_2/lib:/home/oh/slam_ws/install/ros2_control_demo_example_14/lib:/home/oh/slam_ws/install/ros2_control_demo_example_12/lib:/home/oh/slam_ws/install/ros2_control_demo_example_11/lib:/home/oh/slam_ws/install/ros2_control_demo_example_10/lib:/home/oh/slam_ws/install/ros2_control_demo_example_1/lib:/home/oh/slam_ws/install/ros2_aruco_interfaces/lib:/home/oh/slam_ws/install/realsense2_camera/lib:/home/oh/slam_ws/install/odrive_hardware_interface/lib:/usr/lib/x86_64-linux-gnu/gazebo-11/plugins:/opt/ros/humble/opt/rviz_ogre_vendor/lib:/opt/ros/humble/lib/x86_64-linux-gnu:/opt/ros/humble/lib /usr/bin/cmake --install /home/oh/slam_ws/build/realsense2_camera
