[0.047s] Invoking command in '/home/oh/slam_ws/build/ros2_control_demo_example_10': CMAKE_PREFIX_PATH=/home/oh/slam_ws/install/ros2_control_demo_description:/home/oh/slam_ws/install/usb_cam:/home/oh/slam_ws/install/teleop_twist_joy:/home/oh/slam_ws/install/ros2_control_demos:/home/oh/slam_ws/install/ros2_control_demo_example_9:/home/oh/slam_ws/install/ros2_control_demo_example_8:/home/oh/slam_ws/install/ros2_control_demo_example_7:/home/oh/slam_ws/install/ros2_control_demo_example_6:/home/oh/slam_ws/install/ros2_control_demo_example_5:/home/oh/slam_ws/install/ros2_control_demo_example_4:/home/oh/slam_ws/install/ros2_control_demo_example_3:/home/oh/slam_ws/install/ros2_control_demo_example_2:/home/oh/slam_ws/install/ros2_control_demo_example_14:/home/oh/slam_ws/install/ros2_control_demo_example_12:/home/oh/slam_ws/install/ros2_control_demo_example_11:/home/oh/slam_ws/install/ros2_control_demo_example_10:/home/oh/slam_ws/install/ros2_control_demo_example_1:/home/oh/slam_ws/install/odrive_ros2_control:/home/oh/slam_ws/install/odrive_demo_bringup:/home/oh/slam_ws/install/odrive_demo_description:/home/oh/slam_ws/install/ros2_aruco_interfaces:/home/oh/slam_ws/install/realsense2_description:/home/oh/slam_ws/install/realsense2_camera:/home/oh/slam_ws/install/realsense2_camera_msgs:/home/oh/slam_ws/install/odrive_hardware_interface:/home/oh/slam_ws/install/my_slam_package:/home/oh/slam_ws/install/my_bot_description:/home/oh/slam_ws/install/ros2_aruco:/home/oh/slam_ws/install/my_tf_package:/home/oh/slam_ws/install/my_tf2_package:/opt/ros/humble /usr/bin/cmake --build /home/oh/slam_ws/build/ros2_control_demo_example_10 -- -j8 -l8
[0.114s] [100%] Built target ros2_control_demo_example_10
[0.136s] Invoked command in '/home/oh/slam_ws/build/ros2_control_demo_example_10' returned '0': CMAKE_PREFIX_PATH=/home/oh/slam_ws/install/ros2_control_demo_description:/home/oh/slam_ws/install/usb_cam:/home/oh/slam_ws/install/teleop_twist_joy:/home/oh/slam_ws/install/ros2_control_demos:/home/oh/slam_ws/install/ros2_control_demo_example_9:/home/oh/slam_ws/install/ros2_control_demo_example_8:/home/oh/slam_ws/install/ros2_control_demo_example_7:/home/oh/slam_ws/install/ros2_control_demo_example_6:/home/oh/slam_ws/install/ros2_control_demo_example_5:/home/oh/slam_ws/install/ros2_control_demo_example_4:/home/oh/slam_ws/install/ros2_control_demo_example_3:/home/oh/slam_ws/install/ros2_control_demo_example_2:/home/oh/slam_ws/install/ros2_control_demo_example_14:/home/oh/slam_ws/install/ros2_control_demo_example_12:/home/oh/slam_ws/install/ros2_control_demo_example_11:/home/oh/slam_ws/install/ros2_control_demo_example_10:/home/oh/slam_ws/install/ros2_control_demo_example_1:/home/oh/slam_ws/install/odrive_ros2_control:/home/oh/slam_ws/install/odrive_demo_bringup:/home/oh/slam_ws/install/odrive_demo_description:/home/oh/slam_ws/install/ros2_aruco_interfaces:/home/oh/slam_ws/install/realsense2_description:/home/oh/slam_ws/install/realsense2_camera:/home/oh/slam_ws/install/realsense2_camera_msgs:/home/oh/slam_ws/install/odrive_hardware_interface:/home/oh/slam_ws/install/my_slam_package:/home/oh/slam_ws/install/my_bot_description:/home/oh/slam_ws/install/ros2_aruco:/home/oh/slam_ws/install/my_tf_package:/home/oh/slam_ws/install/my_tf2_package:/opt/ros/humble /usr/bin/cmake --build /home/oh/slam_ws/build/ros2_control_demo_example_10 -- -j8 -l8
[0.193s] Invoking command in '/home/oh/slam_ws/build/ros2_control_demo_example_10': CMAKE_PREFIX_PATH=/home/oh/slam_ws/install/ros2_control_demo_description:/home/oh/slam_ws/install/usb_cam:/home/oh/slam_ws/install/teleop_twist_joy:/home/oh/slam_ws/install/ros2_control_demos:/home/oh/slam_ws/install/ros2_control_demo_example_9:/home/oh/slam_ws/install/ros2_control_demo_example_8:/home/oh/slam_ws/install/ros2_control_demo_example_7:/home/oh/slam_ws/install/ros2_control_demo_example_6:/home/oh/slam_ws/install/ros2_control_demo_example_5:/home/oh/slam_ws/install/ros2_control_demo_example_4:/home/oh/slam_ws/install/ros2_control_demo_example_3:/home/oh/slam_ws/install/ros2_control_demo_example_2:/home/oh/slam_ws/install/ros2_control_demo_example_14:/home/oh/slam_ws/install/ros2_control_demo_example_12:/home/oh/slam_ws/install/ros2_control_demo_example_11:/home/oh/slam_ws/install/ros2_control_demo_example_10:/home/oh/slam_ws/install/ros2_control_demo_example_1:/home/oh/slam_ws/install/odrive_ros2_control:/home/oh/slam_ws/install/odrive_demo_bringup:/home/oh/slam_ws/install/odrive_demo_description:/home/oh/slam_ws/install/ros2_aruco_interfaces:/home/oh/slam_ws/install/realsense2_description:/home/oh/slam_ws/install/realsense2_camera:/home/oh/slam_ws/install/realsense2_camera_msgs:/home/oh/slam_ws/install/odrive_hardware_interface:/home/oh/slam_ws/install/my_slam_package:/home/oh/slam_ws/install/my_bot_description:/home/oh/slam_ws/install/ros2_aruco:/home/oh/slam_ws/install/my_tf_package:/home/oh/slam_ws/install/my_tf2_package:/opt/ros/humble /usr/bin/cmake --install /home/oh/slam_ws/build/ros2_control_demo_example_10
[0.205s] -- Install configuration: ""
[0.205s] -- Up-to-date: /home/oh/slam_ws/install/ros2_control_demo_example_10/share/ros2_control_demo_example_10/ros2_control_demo_example_10.xml
[0.205s] -- Up-to-date: /home/oh/slam_ws/install/ros2_control_demo_example_10/share/ros2_control_demo_example_10/ros2_control_demo_example_10.xml
[0.206s] -- Up-to-date: /home/oh/slam_ws/install/ros2_control_demo_example_10/include/ros2_control_demo_example_10
[0.206s] -- Up-to-date: /home/oh/slam_ws/install/ros2_control_demo_example_10/include/ros2_control_demo_example_10/ros2_control_demo_example_10
[0.206s] -- Up-to-date: /home/oh/slam_ws/install/ros2_control_demo_example_10/include/ros2_control_demo_example_10/ros2_control_demo_example_10/rrbot.hpp
[0.206s] -- Up-to-date: /home/oh/slam_ws/install/ros2_control_demo_example_10/include/ros2_control_demo_example_10/ros2_control_demo_example_10/visibility_control.h
[0.206s] -- Up-to-date: /home/oh/slam_ws/install/ros2_control_demo_example_10/include/ros2_control_demo_example_10
[0.206s] -- Up-to-date: /home/oh/slam_ws/install/ros2_control_demo_example_10/include/ros2_control_demo_example_10/ros2_control_demo_example_10
[0.206s] -- Up-to-date: /home/oh/slam_ws/install/ros2_control_demo_example_10/include/ros2_control_demo_example_10/ros2_control_demo_example_10/gpio_controller.hpp
[0.206s] -- Up-to-date: /home/oh/slam_ws/install/ros2_control_demo_example_10/share/ros2_control_demo_example_10/launch
[0.206s] -- Up-to-date: /home/oh/slam_ws/install/ros2_control_demo_example_10/share/ros2_control_demo_example_10/launch/view_robot.launch.py
[0.206s] -- Up-to-date: /home/oh/slam_ws/install/ros2_control_demo_example_10/share/ros2_control_demo_example_10/ros2_control
[0.207s] -- Up-to-date: /home/oh/slam_ws/install/ros2_control_demo_example_10/share/ros2_control_demo_example_10/ros2_control/rrbot.ros2_control.xacro
[0.207s] -- Up-to-date: /home/oh/slam_ws/install/ros2_control_demo_example_10/share/ros2_control_demo_example_10/urdf
[0.207s] -- Up-to-date: /home/oh/slam_ws/install/ros2_control_demo_example_10/share/ros2_control_demo_example_10/urdf/rrbot.urdf.xacro
[0.207s] -- Up-to-date: /home/oh/slam_ws/install/ros2_control_demo_example_10/share/ros2_control_demo_example_10/launch
[0.207s] -- Up-to-date: /home/oh/slam_ws/install/ros2_control_demo_example_10/share/ros2_control_demo_example_10/launch/rrbot.launch.py
[0.207s] -- Up-to-date: /home/oh/slam_ws/install/ros2_control_demo_example_10/share/ros2_control_demo_example_10/launch/test_forward_position_controller.launch.py
[0.207s] -- Up-to-date: /home/oh/slam_ws/install/ros2_control_demo_example_10/share/ros2_control_demo_example_10/config
[0.207s] -- Up-to-date: /home/oh/slam_ws/install/ros2_control_demo_example_10/share/ros2_control_demo_example_10/config/rrbot_controllers.yaml
[0.207s] -- Up-to-date: /home/oh/slam_ws/install/ros2_control_demo_example_10/share/ros2_control_demo_example_10/config/rrbot_forward_position_publisher.yaml
[0.207s] -- Up-to-date: /home/oh/slam_ws/install/ros2_control_demo_example_10/lib/libros2_control_demo_example_10.so
[0.207s] -- Up-to-date: /home/oh/slam_ws/install/ros2_control_demo_example_10/share/ros2_control_demo_example_10/environment/library_path.sh
[0.207s] -- Up-to-date: /home/oh/slam_ws/install/ros2_control_demo_example_10/share/ros2_control_demo_example_10/environment/library_path.dsv
[0.207s] -- Up-to-date: /home/oh/slam_ws/install/ros2_control_demo_example_10/share/ament_index/resource_index/package_run_dependencies/ros2_control_demo_example_10
[0.207s] -- Up-to-date: /home/oh/slam_ws/install/ros2_control_demo_example_10/share/ament_index/resource_index/parent_prefix_path/ros2_control_demo_example_10
[0.208s] -- Up-to-date: /home/oh/slam_ws/install/ros2_control_demo_example_10/share/ros2_control_demo_example_10/environment/ament_prefix_path.sh
[0.208s] -- Up-to-date: /home/oh/slam_ws/install/ros2_control_demo_example_10/share/ros2_control_demo_example_10/environment/ament_prefix_path.dsv
[0.208s] -- Up-to-date: /home/oh/slam_ws/install/ros2_control_demo_example_10/share/ros2_control_demo_example_10/environment/path.sh
[0.208s] -- Up-to-date: /home/oh/slam_ws/install/ros2_control_demo_example_10/share/ros2_control_demo_example_10/environment/path.dsv
[0.208s] -- Up-to-date: /home/oh/slam_ws/install/ros2_control_demo_example_10/share/ros2_control_demo_example_10/local_setup.bash
[0.208s] -- Up-to-date: /home/oh/slam_ws/install/ros2_control_demo_example_10/share/ros2_control_demo_example_10/local_setup.sh
[0.208s] -- Up-to-date: /home/oh/slam_ws/install/ros2_control_demo_example_10/share/ros2_control_demo_example_10/local_setup.zsh
[0.208s] -- Up-to-date: /home/oh/slam_ws/install/ros2_control_demo_example_10/share/ros2_control_demo_example_10/local_setup.dsv
[0.208s] -- Installing: /home/oh/slam_ws/install/ros2_control_demo_example_10/share/ros2_control_demo_example_10/package.dsv
[0.208s] -- Up-to-date: /home/oh/slam_ws/install/ros2_control_demo_example_10/share/ament_index/resource_index/packages/ros2_control_demo_example_10
[0.208s] -- Up-to-date: /home/oh/slam_ws/install/ros2_control_demo_example_10/share/ament_index/resource_index/hardware_interface__pluginlib__plugin/ros2_control_demo_example_10
[0.208s] -- Up-to-date: /home/oh/slam_ws/install/ros2_control_demo_example_10/share/ament_index/resource_index/controller_interface__pluginlib__plugin/ros2_control_demo_example_10
[0.208s] -- Up-to-date: /home/oh/slam_ws/install/ros2_control_demo_example_10/share/ros2_control_demo_example_10/cmake/export_ros2_control_demo_example_10Export.cmake
[0.209s] -- Up-to-date: /home/oh/slam_ws/install/ros2_control_demo_example_10/share/ros2_control_demo_example_10/cmake/export_ros2_control_demo_example_10Export-noconfig.cmake
[0.209s] -- Up-to-date: /home/oh/slam_ws/install/ros2_control_demo_example_10/share/ros2_control_demo_example_10/cmake/ament_cmake_export_targets-extras.cmake
[0.209s] -- Up-to-date: /home/oh/slam_ws/install/ros2_control_demo_example_10/share/ros2_control_demo_example_10/cmake/ament_cmake_export_dependencies-extras.cmake
[0.209s] -- Up-to-date: /home/oh/slam_ws/install/ros2_control_demo_example_10/share/ros2_control_demo_example_10/cmake/ros2_control_demo_example_10Config.cmake
[0.209s] -- Up-to-date: /home/oh/slam_ws/install/ros2_control_demo_example_10/share/ros2_control_demo_example_10/cmake/ros2_control_demo_example_10Config-version.cmake
[0.209s] -- Up-to-date: /home/oh/slam_ws/install/ros2_control_demo_example_10/share/ros2_control_demo_example_10/package.xml
[0.227s] Invoked command in '/home/oh/slam_ws/build/ros2_control_demo_example_10' returned '0': CMAKE_PREFIX_PATH=/home/oh/slam_ws/install/ros2_control_demo_description:/home/oh/slam_ws/install/usb_cam:/home/oh/slam_ws/install/teleop_twist_joy:/home/oh/slam_ws/install/ros2_control_demos:/home/oh/slam_ws/install/ros2_control_demo_example_9:/home/oh/slam_ws/install/ros2_control_demo_example_8:/home/oh/slam_ws/install/ros2_control_demo_example_7:/home/oh/slam_ws/install/ros2_control_demo_example_6:/home/oh/slam_ws/install/ros2_control_demo_example_5:/home/oh/slam_ws/install/ros2_control_demo_example_4:/home/oh/slam_ws/install/ros2_control_demo_example_3:/home/oh/slam_ws/install/ros2_control_demo_example_2:/home/oh/slam_ws/install/ros2_control_demo_example_14:/home/oh/slam_ws/install/ros2_control_demo_example_12:/home/oh/slam_ws/install/ros2_control_demo_example_11:/home/oh/slam_ws/install/ros2_control_demo_example_10:/home/oh/slam_ws/install/ros2_control_demo_example_1:/home/oh/slam_ws/install/odrive_ros2_control:/home/oh/slam_ws/install/odrive_demo_bringup:/home/oh/slam_ws/install/odrive_demo_description:/home/oh/slam_ws/install/ros2_aruco_interfaces:/home/oh/slam_ws/install/realsense2_description:/home/oh/slam_ws/install/realsense2_camera:/home/oh/slam_ws/install/realsense2_camera_msgs:/home/oh/slam_ws/install/odrive_hardware_interface:/home/oh/slam_ws/install/my_slam_package:/home/oh/slam_ws/install/my_bot_description:/home/oh/slam_ws/install/ros2_aruco:/home/oh/slam_ws/install/my_tf_package:/home/oh/slam_ws/install/my_tf2_package:/opt/ros/humble /usr/bin/cmake --install /home/oh/slam_ws/build/ros2_control_demo_example_10
