[0.047s] Invoking command in '/home/oh/slam_ws/build/ros2_control_demo_example_4': AMENT_PREFIX_PATH=/home/oh/slam_ws/install/ros2_control_demo_description:${AMENT_PREFIX_PATH} CMAKE_PREFIX_PATH=/home/oh/slam_ws/install/ros2_control_demo_description:/home/oh/nav2_ws/install/nav2_system_tests:/home/oh/nav2_ws/install/nav2_bringup:/home/oh/nav2_ws/install/navigation2:/home/oh/nav2_ws/install/nav2_smoother:/home/oh/nav2_ws/install/nav2_graceful_controller:/home/oh/nav2_ws/install/nav2_dwb_controller:/home/oh/nav2_ws/install/nav2_controller:/home/oh/nav2_ws/install/dwb_plugins:/home/oh/nav2_ws/install/dwb_critics:/home/oh/nav2_ws/install/dwb_core:/home/oh/nav2_ws/install/nav_2d_utils:/home/oh/nav2_ws/install/dwb_msgs:/home/oh/nav2_ws/install/nav_2d_msgs:/home/oh/nav2_ws/install/nav2_waypoint_follower:/home/oh/nav2_ws/install/nav2_theta_star_planner:/home/oh/nav2_ws/install/nav2_straightline_planner:/home/oh/nav2_ws/install/nav2_smac_planner:/home/oh/nav2_ws/install/nav2_rotation_shim_controller:/home/oh/nav2_ws/install/nav2_regulated_pure_pursuit_controller:/home/oh/nav2_ws/install/nav2_planner:/home/oh/nav2_ws/install/nav2_navfn_planner:/home/oh/nav2_ws/install/nav2_mppi_controller:/home/oh/nav2_ws/install/nav2_constrained_smoother:/home/oh/nav2_ws/install/nav2_bt_navigator:/home/oh/nav2_ws/install/nav2_behaviors:/home/oh/nav2_ws/install/nav2_core:/home/oh/nav2_ws/install/nav2_collision_monitor:/home/oh/nav2_ws/install/costmap_queue:/home/oh/nav2_ws/install/nav2_costmap_2d:/home/oh/nav2_ws/install/nav2_voxel_grid:/home/oh/nav2_ws/install/nav2_velocity_smoother:/home/oh/nav2_ws/install/nav2_rviz_plugins:/home/oh/nav2_ws/install/nav2_map_server:/home/oh/nav2_ws/install/nav2_lifecycle_manager:/home/oh/nav2_ws/install/nav2_behavior_tree:/home/oh/nav2_ws/install/nav2_amcl:/home/oh/nav2_ws/install/nav2_util:/home/oh/nav2_ws/install/nav2_msgs:/home/oh/nav2_ws/install/nav2_common:/home/oh/nav2_ws/install/nav2_simple_commander:/opt/ros/humble /usr/bin/cmake --build /home/oh/slam_ws/build/ros2_control_demo_example_4 -- -j8 -l8
[0.104s] [35m[1mConsolidate compiler generated dependencies of target ros2_control_demo_example_4[0m
[0.127s] [100%] Built target ros2_control_demo_example_4
[0.140s] Invoked command in '/home/oh/slam_ws/build/ros2_control_demo_example_4' returned '0': AMENT_PREFIX_PATH=/home/oh/slam_ws/install/ros2_control_demo_description:${AMENT_PREFIX_PATH} CMAKE_PREFIX_PATH=/home/oh/slam_ws/install/ros2_control_demo_description:/home/oh/nav2_ws/install/nav2_system_tests:/home/oh/nav2_ws/install/nav2_bringup:/home/oh/nav2_ws/install/navigation2:/home/oh/nav2_ws/install/nav2_smoother:/home/oh/nav2_ws/install/nav2_graceful_controller:/home/oh/nav2_ws/install/nav2_dwb_controller:/home/oh/nav2_ws/install/nav2_controller:/home/oh/nav2_ws/install/dwb_plugins:/home/oh/nav2_ws/install/dwb_critics:/home/oh/nav2_ws/install/dwb_core:/home/oh/nav2_ws/install/nav_2d_utils:/home/oh/nav2_ws/install/dwb_msgs:/home/oh/nav2_ws/install/nav_2d_msgs:/home/oh/nav2_ws/install/nav2_waypoint_follower:/home/oh/nav2_ws/install/nav2_theta_star_planner:/home/oh/nav2_ws/install/nav2_straightline_planner:/home/oh/nav2_ws/install/nav2_smac_planner:/home/oh/nav2_ws/install/nav2_rotation_shim_controller:/home/oh/nav2_ws/install/nav2_regulated_pure_pursuit_controller:/home/oh/nav2_ws/install/nav2_planner:/home/oh/nav2_ws/install/nav2_navfn_planner:/home/oh/nav2_ws/install/nav2_mppi_controller:/home/oh/nav2_ws/install/nav2_constrained_smoother:/home/oh/nav2_ws/install/nav2_bt_navigator:/home/oh/nav2_ws/install/nav2_behaviors:/home/oh/nav2_ws/install/nav2_core:/home/oh/nav2_ws/install/nav2_collision_monitor:/home/oh/nav2_ws/install/costmap_queue:/home/oh/nav2_ws/install/nav2_costmap_2d:/home/oh/nav2_ws/install/nav2_voxel_grid:/home/oh/nav2_ws/install/nav2_velocity_smoother:/home/oh/nav2_ws/install/nav2_rviz_plugins:/home/oh/nav2_ws/install/nav2_map_server:/home/oh/nav2_ws/install/nav2_lifecycle_manager:/home/oh/nav2_ws/install/nav2_behavior_tree:/home/oh/nav2_ws/install/nav2_amcl:/home/oh/nav2_ws/install/nav2_util:/home/oh/nav2_ws/install/nav2_msgs:/home/oh/nav2_ws/install/nav2_common:/home/oh/nav2_ws/install/nav2_simple_commander:/opt/ros/humble /usr/bin/cmake --build /home/oh/slam_ws/build/ros2_control_demo_example_4 -- -j8 -l8
[0.202s] Invoking command in '/home/oh/slam_ws/build/ros2_control_demo_example_4': AMENT_PREFIX_PATH=/home/oh/slam_ws/install/ros2_control_demo_description:${AMENT_PREFIX_PATH} CMAKE_PREFIX_PATH=/home/oh/slam_ws/install/ros2_control_demo_description:/home/oh/nav2_ws/install/nav2_system_tests:/home/oh/nav2_ws/install/nav2_bringup:/home/oh/nav2_ws/install/navigation2:/home/oh/nav2_ws/install/nav2_smoother:/home/oh/nav2_ws/install/nav2_graceful_controller:/home/oh/nav2_ws/install/nav2_dwb_controller:/home/oh/nav2_ws/install/nav2_controller:/home/oh/nav2_ws/install/dwb_plugins:/home/oh/nav2_ws/install/dwb_critics:/home/oh/nav2_ws/install/dwb_core:/home/oh/nav2_ws/install/nav_2d_utils:/home/oh/nav2_ws/install/dwb_msgs:/home/oh/nav2_ws/install/nav_2d_msgs:/home/oh/nav2_ws/install/nav2_waypoint_follower:/home/oh/nav2_ws/install/nav2_theta_star_planner:/home/oh/nav2_ws/install/nav2_straightline_planner:/home/oh/nav2_ws/install/nav2_smac_planner:/home/oh/nav2_ws/install/nav2_rotation_shim_controller:/home/oh/nav2_ws/install/nav2_regulated_pure_pursuit_controller:/home/oh/nav2_ws/install/nav2_planner:/home/oh/nav2_ws/install/nav2_navfn_planner:/home/oh/nav2_ws/install/nav2_mppi_controller:/home/oh/nav2_ws/install/nav2_constrained_smoother:/home/oh/nav2_ws/install/nav2_bt_navigator:/home/oh/nav2_ws/install/nav2_behaviors:/home/oh/nav2_ws/install/nav2_core:/home/oh/nav2_ws/install/nav2_collision_monitor:/home/oh/nav2_ws/install/costmap_queue:/home/oh/nav2_ws/install/nav2_costmap_2d:/home/oh/nav2_ws/install/nav2_voxel_grid:/home/oh/nav2_ws/install/nav2_velocity_smoother:/home/oh/nav2_ws/install/nav2_rviz_plugins:/home/oh/nav2_ws/install/nav2_map_server:/home/oh/nav2_ws/install/nav2_lifecycle_manager:/home/oh/nav2_ws/install/nav2_behavior_tree:/home/oh/nav2_ws/install/nav2_amcl:/home/oh/nav2_ws/install/nav2_util:/home/oh/nav2_ws/install/nav2_msgs:/home/oh/nav2_ws/install/nav2_common:/home/oh/nav2_ws/install/nav2_simple_commander:/opt/ros/humble /usr/bin/cmake --install /home/oh/slam_ws/build/ros2_control_demo_example_4
[0.213s] -- Install configuration: ""
[0.213s] -- Up-to-date: /home/oh/slam_ws/install/ros2_control_demo_example_4/share/ros2_control_demo_example_4/ros2_control_demo_example_4.xml
[0.214s] -- Up-to-date: /home/oh/slam_ws/install/ros2_control_demo_example_4/include/ros2_control_demo_example_4
[0.214s] -- Up-to-date: /home/oh/slam_ws/install/ros2_control_demo_example_4/include/ros2_control_demo_example_4/ros2_control_demo_example_4
[0.216s] -- Up-to-date: /home/oh/slam_ws/install/ros2_control_demo_example_4/include/ros2_control_demo_example_4/ros2_control_demo_example_4/rrbot_system_with_sensor.hpp
[0.216s] -- Up-to-date: /home/oh/slam_ws/install/ros2_control_demo_example_4/include/ros2_control_demo_example_4/ros2_control_demo_example_4/visibility_control.h
[0.216s] -- Up-to-date: /home/oh/slam_ws/install/ros2_control_demo_example_4/share/ros2_control_demo_example_4/launch
[0.216s] -- Up-to-date: /home/oh/slam_ws/install/ros2_control_demo_example_4/share/ros2_control_demo_example_4/launch/view_robot.launch.py
[0.216s] -- Up-to-date: /home/oh/slam_ws/install/ros2_control_demo_example_4/share/ros2_control_demo_example_4/ros2_control
[0.217s] -- Up-to-date: /home/oh/slam_ws/install/ros2_control_demo_example_4/share/ros2_control_demo_example_4/ros2_control/rrbot_system_with_sensor.ros2_control.xacro
[0.217s] -- Up-to-date: /home/oh/slam_ws/install/ros2_control_demo_example_4/share/ros2_control_demo_example_4/urdf
[0.217s] -- Up-to-date: /home/oh/slam_ws/install/ros2_control_demo_example_4/share/ros2_control_demo_example_4/urdf/rrbot_system_with_sensor.urdf.xacro
[0.217s] -- Up-to-date: /home/oh/slam_ws/install/ros2_control_demo_example_4/share/ros2_control_demo_example_4/rviz
[0.217s] -- Up-to-date: /home/oh/slam_ws/install/ros2_control_demo_example_4/share/ros2_control_demo_example_4/rviz/rrbot.rviz
[0.217s] -- Up-to-date: /home/oh/slam_ws/install/ros2_control_demo_example_4/share/ros2_control_demo_example_4/launch
[0.217s] -- Up-to-date: /home/oh/slam_ws/install/ros2_control_demo_example_4/share/ros2_control_demo_example_4/launch/rrbot_system_with_sensor.launch.py
[0.217s] -- Up-to-date: /home/oh/slam_ws/install/ros2_control_demo_example_4/share/ros2_control_demo_example_4/launch/test_forward_position_controller.launch.py
[0.217s] -- Up-to-date: /home/oh/slam_ws/install/ros2_control_demo_example_4/share/ros2_control_demo_example_4/config
[0.218s] -- Up-to-date: /home/oh/slam_ws/install/ros2_control_demo_example_4/share/ros2_control_demo_example_4/config/rrbot_with_sensor_controllers.yaml
[0.218s] -- Up-to-date: /home/oh/slam_ws/install/ros2_control_demo_example_4/share/ros2_control_demo_example_4/config/rrbot_forward_position_publisher.yaml
[0.219s] -- Up-to-date: /home/oh/slam_ws/install/ros2_control_demo_example_4/lib/libros2_control_demo_example_4.so
[0.220s] -- Up-to-date: /home/oh/slam_ws/install/ros2_control_demo_example_4/share/ros2_control_demo_example_4/environment/library_path.sh
[0.220s] -- Up-to-date: /home/oh/slam_ws/install/ros2_control_demo_example_4/share/ros2_control_demo_example_4/environment/library_path.dsv
[0.220s] -- Up-to-date: /home/oh/slam_ws/install/ros2_control_demo_example_4/share/ament_index/resource_index/package_run_dependencies/ros2_control_demo_example_4
[0.220s] -- Up-to-date: /home/oh/slam_ws/install/ros2_control_demo_example_4/share/ament_index/resource_index/parent_prefix_path/ros2_control_demo_example_4
[0.220s] -- Up-to-date: /home/oh/slam_ws/install/ros2_control_demo_example_4/share/ros2_control_demo_example_4/environment/ament_prefix_path.sh
[0.221s] -- Up-to-date: /home/oh/slam_ws/install/ros2_control_demo_example_4/share/ros2_control_demo_example_4/environment/ament_prefix_path.dsv
[0.221s] -- Up-to-date: /home/oh/slam_ws/install/ros2_control_demo_example_4/share/ros2_control_demo_example_4/environment/path.sh
[0.221s] -- Up-to-date: /home/oh/slam_ws/install/ros2_control_demo_example_4/share/ros2_control_demo_example_4/environment/path.dsv
[0.221s] -- Up-to-date: /home/oh/slam_ws/install/ros2_control_demo_example_4/share/ros2_control_demo_example_4/local_setup.bash
[0.221s] -- Up-to-date: /home/oh/slam_ws/install/ros2_control_demo_example_4/share/ros2_control_demo_example_4/local_setup.sh
[0.221s] -- Up-to-date: /home/oh/slam_ws/install/ros2_control_demo_example_4/share/ros2_control_demo_example_4/local_setup.zsh
[0.221s] -- Up-to-date: /home/oh/slam_ws/install/ros2_control_demo_example_4/share/ros2_control_demo_example_4/local_setup.dsv
[0.221s] -- Installing: /home/oh/slam_ws/install/ros2_control_demo_example_4/share/ros2_control_demo_example_4/package.dsv
[0.221s] -- Up-to-date: /home/oh/slam_ws/install/ros2_control_demo_example_4/share/ament_index/resource_index/packages/ros2_control_demo_example_4
[0.222s] -- Up-to-date: /home/oh/slam_ws/install/ros2_control_demo_example_4/share/ament_index/resource_index/hardware_interface__pluginlib__plugin/ros2_control_demo_example_4
[0.222s] -- Up-to-date: /home/oh/slam_ws/install/ros2_control_demo_example_4/share/ros2_control_demo_example_4/cmake/export_ros2_control_demo_example_4Export.cmake
[0.222s] -- Up-to-date: /home/oh/slam_ws/install/ros2_control_demo_example_4/share/ros2_control_demo_example_4/cmake/export_ros2_control_demo_example_4Export-noconfig.cmake
[0.222s] -- Up-to-date: /home/oh/slam_ws/install/ros2_control_demo_example_4/share/ros2_control_demo_example_4/cmake/ament_cmake_export_targets-extras.cmake
[0.222s] -- Up-to-date: /home/oh/slam_ws/install/ros2_control_demo_example_4/share/ros2_control_demo_example_4/cmake/ament_cmake_export_dependencies-extras.cmake
[0.222s] -- Up-to-date: /home/oh/slam_ws/install/ros2_control_demo_example_4/share/ros2_control_demo_example_4/cmake/ros2_control_demo_example_4Config.cmake
[0.222s] -- Up-to-date: /home/oh/slam_ws/install/ros2_control_demo_example_4/share/ros2_control_demo_example_4/cmake/ros2_control_demo_example_4Config-version.cmake
[0.222s] -- Up-to-date: /home/oh/slam_ws/install/ros2_control_demo_example_4/share/ros2_control_demo_example_4/package.xml
[0.242s] Invoked command in '/home/oh/slam_ws/build/ros2_control_demo_example_4' returned '0': AMENT_PREFIX_PATH=/home/oh/slam_ws/install/ros2_control_demo_description:${AMENT_PREFIX_PATH} CMAKE_PREFIX_PATH=/home/oh/slam_ws/install/ros2_control_demo_description:/home/oh/nav2_ws/install/nav2_system_tests:/home/oh/nav2_ws/install/nav2_bringup:/home/oh/nav2_ws/install/navigation2:/home/oh/nav2_ws/install/nav2_smoother:/home/oh/nav2_ws/install/nav2_graceful_controller:/home/oh/nav2_ws/install/nav2_dwb_controller:/home/oh/nav2_ws/install/nav2_controller:/home/oh/nav2_ws/install/dwb_plugins:/home/oh/nav2_ws/install/dwb_critics:/home/oh/nav2_ws/install/dwb_core:/home/oh/nav2_ws/install/nav_2d_utils:/home/oh/nav2_ws/install/dwb_msgs:/home/oh/nav2_ws/install/nav_2d_msgs:/home/oh/nav2_ws/install/nav2_waypoint_follower:/home/oh/nav2_ws/install/nav2_theta_star_planner:/home/oh/nav2_ws/install/nav2_straightline_planner:/home/oh/nav2_ws/install/nav2_smac_planner:/home/oh/nav2_ws/install/nav2_rotation_shim_controller:/home/oh/nav2_ws/install/nav2_regulated_pure_pursuit_controller:/home/oh/nav2_ws/install/nav2_planner:/home/oh/nav2_ws/install/nav2_navfn_planner:/home/oh/nav2_ws/install/nav2_mppi_controller:/home/oh/nav2_ws/install/nav2_constrained_smoother:/home/oh/nav2_ws/install/nav2_bt_navigator:/home/oh/nav2_ws/install/nav2_behaviors:/home/oh/nav2_ws/install/nav2_core:/home/oh/nav2_ws/install/nav2_collision_monitor:/home/oh/nav2_ws/install/costmap_queue:/home/oh/nav2_ws/install/nav2_costmap_2d:/home/oh/nav2_ws/install/nav2_voxel_grid:/home/oh/nav2_ws/install/nav2_velocity_smoother:/home/oh/nav2_ws/install/nav2_rviz_plugins:/home/oh/nav2_ws/install/nav2_map_server:/home/oh/nav2_ws/install/nav2_lifecycle_manager:/home/oh/nav2_ws/install/nav2_behavior_tree:/home/oh/nav2_ws/install/nav2_amcl:/home/oh/nav2_ws/install/nav2_util:/home/oh/nav2_ws/install/nav2_msgs:/home/oh/nav2_ws/install/nav2_common:/home/oh/nav2_ws/install/nav2_simple_commander:/opt/ros/humble /usr/bin/cmake --install /home/oh/slam_ws/build/ros2_control_demo_example_4
