[0.030s] Invoking command in '/home/oh/slam_ws/build/ros2_control_demo_example_3': AMENT_PREFIX_PATH=/home/oh/slam_ws/install/ros2_control_demo_description:${AMENT_PREFIX_PATH} CMAKE_PREFIX_PATH=/home/oh/slam_ws/install/ros2_control_demo_description:/opt/ros/humble /usr/bin/cmake --build /home/oh/slam_ws/build/ros2_control_demo_example_3 -- -j8 -l8
[0.077s] [100%] Built target ros2_control_demo_example_3
[0.085s] Invoked command in '/home/oh/slam_ws/build/ros2_control_demo_example_3' returned '0': AMENT_PREFIX_PATH=/home/oh/slam_ws/install/ros2_control_demo_description:${AMENT_PREFIX_PATH} CMAKE_PREFIX_PATH=/home/oh/slam_ws/install/ros2_control_demo_description:/opt/ros/humble /usr/bin/cmake --build /home/oh/slam_ws/build/ros2_control_demo_example_3 -- -j8 -l8
[0.126s] Invoking command in '/home/oh/slam_ws/build/ros2_control_demo_example_3': AMENT_PREFIX_PATH=/home/oh/slam_ws/install/ros2_control_demo_description:${AMENT_PREFIX_PATH} CMAKE_PREFIX_PATH=/home/oh/slam_ws/install/ros2_control_demo_description:/opt/ros/humble /usr/bin/cmake --install /home/oh/slam_ws/build/ros2_control_demo_example_3
[0.138s] -- Install configuration: ""
[0.139s] -- Up-to-date: /home/oh/slam_ws/install/ros2_control_demo_example_3/share/ros2_control_demo_example_3/ros2_control_demo_example_3.xml
[0.139s] -- Up-to-date: /home/oh/slam_ws/install/ros2_control_demo_example_3/include/ros2_control_demo_example_3
[0.140s] -- Up-to-date: /home/oh/slam_ws/install/ros2_control_demo_example_3/include/ros2_control_demo_example_3/ros2_control_demo_example_3
[0.141s] -- Up-to-date: /home/oh/slam_ws/install/ros2_control_demo_example_3/include/ros2_control_demo_example_3/ros2_control_demo_example_3/rrbot_system_multi_interface.hpp
[0.141s] -- Up-to-date: /home/oh/slam_ws/install/ros2_control_demo_example_3/include/ros2_control_demo_example_3/ros2_control_demo_example_3/visibility_control.h
[0.142s] -- Up-to-date: /home/oh/slam_ws/install/ros2_control_demo_example_3/share/ros2_control_demo_example_3/launch
[0.142s] -- Up-to-date: /home/oh/slam_ws/install/ros2_control_demo_example_3/share/ros2_control_demo_example_3/launch/view_robot.launch.py
[0.142s] -- Up-to-date: /home/oh/slam_ws/install/ros2_control_demo_example_3/share/ros2_control_demo_example_3/ros2_control
[0.142s] -- Up-to-date: /home/oh/slam_ws/install/ros2_control_demo_example_3/share/ros2_control_demo_example_3/ros2_control/rrbot_system_multi_interface.ros2_control.xacro
[0.142s] -- Up-to-date: /home/oh/slam_ws/install/ros2_control_demo_example_3/share/ros2_control_demo_example_3/urdf
[0.142s] -- Up-to-date: /home/oh/slam_ws/install/ros2_control_demo_example_3/share/ros2_control_demo_example_3/urdf/rrbot_system_multi_interface.urdf.xacro
[0.142s] -- Up-to-date: /home/oh/slam_ws/install/ros2_control_demo_example_3/share/ros2_control_demo_example_3/launch
[0.143s] -- Up-to-date: /home/oh/slam_ws/install/ros2_control_demo_example_3/share/ros2_control_demo_example_3/launch/test_forward_position_controller.launch.py
[0.143s] -- Up-to-date: /home/oh/slam_ws/install/ros2_control_demo_example_3/share/ros2_control_demo_example_3/launch/rrbot_system_multi_interface.launch.py
[0.143s] -- Up-to-date: /home/oh/slam_ws/install/ros2_control_demo_example_3/share/ros2_control_demo_example_3/config
[0.143s] -- Up-to-date: /home/oh/slam_ws/install/ros2_control_demo_example_3/share/ros2_control_demo_example_3/config/rrbot_multi_interface_forward_controllers.yaml
[0.143s] -- Up-to-date: /home/oh/slam_ws/install/ros2_control_demo_example_3/share/ros2_control_demo_example_3/config/rrbot_forward_position_publisher.yaml
[0.143s] -- Up-to-date: /home/oh/slam_ws/install/ros2_control_demo_example_3/lib/libros2_control_demo_example_3.so
[0.143s] -- Up-to-date: /home/oh/slam_ws/install/ros2_control_demo_example_3/share/ros2_control_demo_example_3/environment/library_path.sh
[0.143s] -- Up-to-date: /home/oh/slam_ws/install/ros2_control_demo_example_3/share/ros2_control_demo_example_3/environment/library_path.dsv
[0.143s] -- Up-to-date: /home/oh/slam_ws/install/ros2_control_demo_example_3/share/ament_index/resource_index/package_run_dependencies/ros2_control_demo_example_3
[0.144s] -- Up-to-date: /home/oh/slam_ws/install/ros2_control_demo_example_3/share/ament_index/resource_index/parent_prefix_path/ros2_control_demo_example_3
[0.144s] -- Up-to-date: /home/oh/slam_ws/install/ros2_control_demo_example_3/share/ros2_control_demo_example_3/environment/ament_prefix_path.sh
[0.144s] -- Up-to-date: /home/oh/slam_ws/install/ros2_control_demo_example_3/share/ros2_control_demo_example_3/environment/ament_prefix_path.dsv
[0.144s] -- Up-to-date: /home/oh/slam_ws/install/ros2_control_demo_example_3/share/ros2_control_demo_example_3/environment/path.sh
[0.144s] -- Up-to-date: /home/oh/slam_ws/install/ros2_control_demo_example_3/share/ros2_control_demo_example_3/environment/path.dsv
[0.144s] -- Up-to-date: /home/oh/slam_ws/install/ros2_control_demo_example_3/share/ros2_control_demo_example_3/local_setup.bash
[0.144s] -- Up-to-date: /home/oh/slam_ws/install/ros2_control_demo_example_3/share/ros2_control_demo_example_3/local_setup.sh
[0.144s] -- Up-to-date: /home/oh/slam_ws/install/ros2_control_demo_example_3/share/ros2_control_demo_example_3/local_setup.zsh
[0.144s] -- Up-to-date: /home/oh/slam_ws/install/ros2_control_demo_example_3/share/ros2_control_demo_example_3/local_setup.dsv
[0.144s] -- Installing: /home/oh/slam_ws/install/ros2_control_demo_example_3/share/ros2_control_demo_example_3/package.dsv
[0.145s] -- Up-to-date: /home/oh/slam_ws/install/ros2_control_demo_example_3/share/ament_index/resource_index/packages/ros2_control_demo_example_3
[0.145s] -- Up-to-date: /home/oh/slam_ws/install/ros2_control_demo_example_3/share/ament_index/resource_index/hardware_interface__pluginlib__plugin/ros2_control_demo_example_3
[0.145s] -- Up-to-date: /home/oh/slam_ws/install/ros2_control_demo_example_3/share/ros2_control_demo_example_3/cmake/export_ros2_control_demo_example_3Export.cmake
[0.145s] -- Up-to-date: /home/oh/slam_ws/install/ros2_control_demo_example_3/share/ros2_control_demo_example_3/cmake/export_ros2_control_demo_example_3Export-noconfig.cmake
[0.145s] -- Up-to-date: /home/oh/slam_ws/install/ros2_control_demo_example_3/share/ros2_control_demo_example_3/cmake/ament_cmake_export_targets-extras.cmake
[0.145s] -- Up-to-date: /home/oh/slam_ws/install/ros2_control_demo_example_3/share/ros2_control_demo_example_3/cmake/ament_cmake_export_dependencies-extras.cmake
[0.145s] -- Up-to-date: /home/oh/slam_ws/install/ros2_control_demo_example_3/share/ros2_control_demo_example_3/cmake/ros2_control_demo_example_3Config.cmake
[0.145s] -- Up-to-date: /home/oh/slam_ws/install/ros2_control_demo_example_3/share/ros2_control_demo_example_3/cmake/ros2_control_demo_example_3Config-version.cmake
[0.145s] -- Up-to-date: /home/oh/slam_ws/install/ros2_control_demo_example_3/share/ros2_control_demo_example_3/package.xml
[0.158s] Invoked command in '/home/oh/slam_ws/build/ros2_control_demo_example_3' returned '0': AMENT_PREFIX_PATH=/home/oh/slam_ws/install/ros2_control_demo_description:${AMENT_PREFIX_PATH} CMAKE_PREFIX_PATH=/home/oh/slam_ws/install/ros2_control_demo_description:/opt/ros/humble /usr/bin/cmake --install /home/oh/slam_ws/build/ros2_control_demo_example_3
