[0.053s] Invoking command in '/home/oh/slam_ws/build/ros2_control_demo_example_6': AMENT_PREFIX_PATH=/home/oh/slam_ws/install/ros2_control_demo_description:${AMENT_PREFIX_PATH} CMAKE_PREFIX_PATH=/home/oh/slam_ws/install/ros2_control_demo_description:/opt/ros/humble /usr/bin/cmake --build /home/oh/slam_ws/build/ros2_control_demo_example_6 -- -j8 -l8
[0.103s] [100%] Built target ros2_control_demo_example_6
[0.125s] Invoked command in '/home/oh/slam_ws/build/ros2_control_demo_example_6' returned '0': AMENT_PREFIX_PATH=/home/oh/slam_ws/install/ros2_control_demo_description:${AMENT_PREFIX_PATH} CMAKE_PREFIX_PATH=/home/oh/slam_ws/install/ros2_control_demo_description:/opt/ros/humble /usr/bin/cmake --build /home/oh/slam_ws/build/ros2_control_demo_example_6 -- -j8 -l8
[0.334s] Invoking command in '/home/oh/slam_ws/build/ros2_control_demo_example_6': AMENT_PREFIX_PATH=/home/oh/slam_ws/install/ros2_control_demo_description:${AMENT_PREFIX_PATH} CMAKE_PREFIX_PATH=/home/oh/slam_ws/install/ros2_control_demo_description:/opt/ros/humble /usr/bin/cmake --install /home/oh/slam_ws/build/ros2_control_demo_example_6
[0.340s] -- Install configuration: ""
[0.340s] -- Up-to-date: /home/oh/slam_ws/install/ros2_control_demo_example_6/share/ros2_control_demo_example_6/ros2_control_demo_example_6.xml
[0.340s] -- Up-to-date: /home/oh/slam_ws/install/ros2_control_demo_example_6/include/ros2_control_demo_example_6
[0.340s] -- Up-to-date: /home/oh/slam_ws/install/ros2_control_demo_example_6/include/ros2_control_demo_example_6/ros2_control_demo_example_6
[0.340s] -- Up-to-date: /home/oh/slam_ws/install/ros2_control_demo_example_6/include/ros2_control_demo_example_6/ros2_control_demo_example_6/rrbot_actuator.hpp
[0.340s] -- Up-to-date: /home/oh/slam_ws/install/ros2_control_demo_example_6/include/ros2_control_demo_example_6/ros2_control_demo_example_6/visibility_control.h
[0.340s] -- Up-to-date: /home/oh/slam_ws/install/ros2_control_demo_example_6/share/ros2_control_demo_example_6/launch
[0.340s] -- Up-to-date: /home/oh/slam_ws/install/ros2_control_demo_example_6/share/ros2_control_demo_example_6/launch/view_robot.launch.py
[0.340s] -- Up-to-date: /home/oh/slam_ws/install/ros2_control_demo_example_6/share/ros2_control_demo_example_6/ros2_control
[0.340s] -- Up-to-date: /home/oh/slam_ws/install/ros2_control_demo_example_6/share/ros2_control_demo_example_6/ros2_control/rrbot_modular_actuators.ros2_control.xacro
[0.340s] -- Up-to-date: /home/oh/slam_ws/install/ros2_control_demo_example_6/share/ros2_control_demo_example_6/urdf
[0.340s] -- Up-to-date: /home/oh/slam_ws/install/ros2_control_demo_example_6/share/ros2_control_demo_example_6/urdf/rrbot_modular_actuators.urdf.xacro
[0.340s] -- Up-to-date: /home/oh/slam_ws/install/ros2_control_demo_example_6/share/ros2_control_demo_example_6/launch
[0.340s] -- Up-to-date: /home/oh/slam_ws/install/ros2_control_demo_example_6/share/ros2_control_demo_example_6/launch/test_forward_position_controller.launch.py
[0.340s] -- Up-to-date: /home/oh/slam_ws/install/ros2_control_demo_example_6/share/ros2_control_demo_example_6/launch/rrbot_modular_actuators.launch.py
[0.340s] -- Up-to-date: /home/oh/slam_ws/install/ros2_control_demo_example_6/share/ros2_control_demo_example_6/config
[0.341s] -- Up-to-date: /home/oh/slam_ws/install/ros2_control_demo_example_6/share/ros2_control_demo_example_6/config/rrbot_modular_actuators.yaml
[0.341s] -- Up-to-date: /home/oh/slam_ws/install/ros2_control_demo_example_6/share/ros2_control_demo_example_6/config/rrbot_forward_position_publisher.yaml
[0.341s] -- Up-to-date: /home/oh/slam_ws/install/ros2_control_demo_example_6/lib/libros2_control_demo_example_6.so
[0.341s] -- Up-to-date: /home/oh/slam_ws/install/ros2_control_demo_example_6/share/ros2_control_demo_example_6/environment/library_path.sh
[0.341s] -- Up-to-date: /home/oh/slam_ws/install/ros2_control_demo_example_6/share/ros2_control_demo_example_6/environment/library_path.dsv
[0.341s] -- Up-to-date: /home/oh/slam_ws/install/ros2_control_demo_example_6/share/ament_index/resource_index/package_run_dependencies/ros2_control_demo_example_6
[0.341s] -- Up-to-date: /home/oh/slam_ws/install/ros2_control_demo_example_6/share/ament_index/resource_index/parent_prefix_path/ros2_control_demo_example_6
[0.342s] -- Up-to-date: /home/oh/slam_ws/install/ros2_control_demo_example_6/share/ros2_control_demo_example_6/environment/ament_prefix_path.sh
[0.342s] -- Up-to-date: /home/oh/slam_ws/install/ros2_control_demo_example_6/share/ros2_control_demo_example_6/environment/ament_prefix_path.dsv
[0.342s] -- Up-to-date: /home/oh/slam_ws/install/ros2_control_demo_example_6/share/ros2_control_demo_example_6/environment/path.sh
[0.342s] -- Up-to-date: /home/oh/slam_ws/install/ros2_control_demo_example_6/share/ros2_control_demo_example_6/environment/path.dsv
[0.342s] -- Up-to-date: /home/oh/slam_ws/install/ros2_control_demo_example_6/share/ros2_control_demo_example_6/local_setup.bash
[0.342s] -- Up-to-date: /home/oh/slam_ws/install/ros2_control_demo_example_6/share/ros2_control_demo_example_6/local_setup.sh
[0.342s] -- Up-to-date: /home/oh/slam_ws/install/ros2_control_demo_example_6/share/ros2_control_demo_example_6/local_setup.zsh
[0.342s] -- Up-to-date: /home/oh/slam_ws/install/ros2_control_demo_example_6/share/ros2_control_demo_example_6/local_setup.dsv
[0.342s] -- Installing: /home/oh/slam_ws/install/ros2_control_demo_example_6/share/ros2_control_demo_example_6/package.dsv
[0.342s] -- Up-to-date: /home/oh/slam_ws/install/ros2_control_demo_example_6/share/ament_index/resource_index/packages/ros2_control_demo_example_6
[0.342s] -- Up-to-date: /home/oh/slam_ws/install/ros2_control_demo_example_6/share/ament_index/resource_index/hardware_interface__pluginlib__plugin/ros2_control_demo_example_6
[0.342s] -- Up-to-date: /home/oh/slam_ws/install/ros2_control_demo_example_6/share/ros2_control_demo_example_6/cmake/export_ros2_control_demo_example_6Export.cmake
[0.343s] -- Up-to-date: /home/oh/slam_ws/install/ros2_control_demo_example_6/share/ros2_control_demo_example_6/cmake/export_ros2_control_demo_example_6Export-noconfig.cmake
[0.343s] -- Up-to-date: /home/oh/slam_ws/install/ros2_control_demo_example_6/share/ros2_control_demo_example_6/cmake/ament_cmake_export_targets-extras.cmake
[0.343s] -- Up-to-date: /home/oh/slam_ws/install/ros2_control_demo_example_6/share/ros2_control_demo_example_6/cmake/ament_cmake_export_dependencies-extras.cmake
[0.343s] -- Up-to-date: /home/oh/slam_ws/install/ros2_control_demo_example_6/share/ros2_control_demo_example_6/cmake/ros2_control_demo_example_6Config.cmake
[0.343s] -- Up-to-date: /home/oh/slam_ws/install/ros2_control_demo_example_6/share/ros2_control_demo_example_6/cmake/ros2_control_demo_example_6Config-version.cmake
[0.343s] -- Up-to-date: /home/oh/slam_ws/install/ros2_control_demo_example_6/share/ros2_control_demo_example_6/package.xml
[0.352s] Invoked command in '/home/oh/slam_ws/build/ros2_control_demo_example_6' returned '0': AMENT_PREFIX_PATH=/home/oh/slam_ws/install/ros2_control_demo_description:${AMENT_PREFIX_PATH} CMAKE_PREFIX_PATH=/home/oh/slam_ws/install/ros2_control_demo_description:/opt/ros/humble /usr/bin/cmake --install /home/oh/slam_ws/build/ros2_control_demo_example_6
