[0.718s] Invoking command in '/home/oh/slam_ws/src/my_tf_package': PYTHONPATH=/home/oh/slam_ws/src/build/my_tf_package/prefix_override:/home/oh/slam_ws/src/install/my_tf_package/lib/python3.10/site-packages:${PYTHONPATH} /usr/bin/python3 -W ignore:setup.py install is deprecated setup.py egg_info --egg-base ../build/my_tf_package build --build-base /home/oh/slam_ws/src/build/my_tf_package/build install --record /home/oh/slam_ws/src/build/my_tf_package/install.log --single-version-externally-managed install_data
[1.134s] running egg_info
[1.134s] creating ../build/my_tf_package/my_tf_package.egg-info
[1.135s] writing ../build/my_tf_package/my_tf_package.egg-info/PKG-INFO
[1.135s] writing dependency_links to ../build/my_tf_package/my_tf_package.egg-info/dependency_links.txt
[1.135s] writing entry points to ../build/my_tf_package/my_tf_package.egg-info/entry_points.txt
[1.135s] writing requirements to ../build/my_tf_package/my_tf_package.egg-info/requires.txt
[1.135s] writing top-level names to ../build/my_tf_package/my_tf_package.egg-info/top_level.txt
[1.136s] writing manifest file '../build/my_tf_package/my_tf_package.egg-info/SOURCES.txt'
[1.138s] reading manifest file '../build/my_tf_package/my_tf_package.egg-info/SOURCES.txt'
[1.139s] writing manifest file '../build/my_tf_package/my_tf_package.egg-info/SOURCES.txt'
[1.139s] running build
[1.139s] running build_py
[1.139s] creating /home/oh/slam_ws/src/build/my_tf_package/build
[1.139s] creating /home/oh/slam_ws/src/build/my_tf_package/build/lib
[1.139s] creating /home/oh/slam_ws/src/build/my_tf_package/build/lib/my_tf_package
[1.139s] copying my_tf_package/my_tf2_broadcaster.py -> /home/oh/slam_ws/src/build/my_tf_package/build/lib/my_tf_package
[1.139s] copying my_tf_package/__init__.py -> /home/oh/slam_ws/src/build/my_tf_package/build/lib/my_tf_package
[1.139s] running install
[1.141s] running install_lib
[1.142s] creating /home/oh/slam_ws/src/install/my_tf_package/lib/python3.10/site-packages/my_tf_package
[1.142s] copying /home/oh/slam_ws/src/build/my_tf_package/build/lib/my_tf_package/my_tf2_broadcaster.py -> /home/oh/slam_ws/src/install/my_tf_package/lib/python3.10/site-packages/my_tf_package
[1.142s] copying /home/oh/slam_ws/src/build/my_tf_package/build/lib/my_tf_package/__init__.py -> /home/oh/slam_ws/src/install/my_tf_package/lib/python3.10/site-packages/my_tf_package
[1.143s] byte-compiling /home/oh/slam_ws/src/install/my_tf_package/lib/python3.10/site-packages/my_tf_package/my_tf2_broadcaster.py to my_tf2_broadcaster.cpython-310.pyc
[1.143s] byte-compiling /home/oh/slam_ws/src/install/my_tf_package/lib/python3.10/site-packages/my_tf_package/__init__.py to __init__.cpython-310.pyc
[1.143s] running install_data
[1.143s] creating /home/oh/slam_ws/src/install/my_tf_package/share/ament_index
[1.144s] creating /home/oh/slam_ws/src/install/my_tf_package/share/ament_index/resource_index
[1.144s] creating /home/oh/slam_ws/src/install/my_tf_package/share/ament_index/resource_index/packages
[1.144s] copying resource/my_tf_package -> /home/oh/slam_ws/src/install/my_tf_package/share/ament_index/resource_index/packages
[1.144s] copying package.xml -> /home/oh/slam_ws/src/install/my_tf_package/share/my_tf_package
[1.144s] running install_egg_info
[1.146s] Copying ../build/my_tf_package/my_tf_package.egg-info to /home/oh/slam_ws/src/install/my_tf_package/lib/python3.10/site-packages/my_tf_package-0.0.0-py3.10.egg-info
[1.147s] running install_scripts
[1.175s] Installing my_tf2_broadcaster script to /home/oh/slam_ws/src/install/my_tf_package/lib/my_tf_package
[1.187s] writing list of installed files to '/home/oh/slam_ws/src/build/my_tf_package/install.log'
[1.226s] Invoked command in '/home/oh/slam_ws/src/my_tf_package' returned '0': PYTHONPATH=/home/oh/slam_ws/src/build/my_tf_package/prefix_override:/home/oh/slam_ws/src/install/my_tf_package/lib/python3.10/site-packages:${PYTHONPATH} /usr/bin/python3 -W ignore:setup.py install is deprecated setup.py egg_info --egg-base ../build/my_tf_package build --build-base /home/oh/slam_ws/src/build/my_tf_package/build install --record /home/oh/slam_ws/src/build/my_tf_package/install.log --single-version-externally-managed install_data
