[0.000000] (-) TimerEvent: {}
[0.000421] (-) JobUnselected: {'identifier': 'behaviortree_cpp'}
[0.000471] (-) JobUnselected: {'identifier': 'cart_park_autonomy'}
[0.000500] (-) JobUnselected: {'identifier': 'escape_from_cart'}
[0.000525] (-) JobUnselected: {'identifier': 'my_action_interface'}
[0.000548] (-) JobUnselected: {'identifier': 'my_action_interface'}
[0.000572] (-) JobUnselected: {'identifier': 'my_aruco_to_goal_pose_pkg'}
[0.000597] (-) JobUnselected: {'identifier': 'my_aruco_to_goal_pose_pkg'}
[0.000621] (-) JobUnselected: {'identifier': 'my_bot_description'}
[0.000645] (-) JobUnselected: {'identifier': 'my_bot_description'}
[0.000668] (-) JobUnselected: {'identifier': 'my_docking'}
[0.000693] (-) JobUnselected: {'identifier': 'my_docking'}
[0.000731] (-) JobUnselected: {'identifier': 'my_docking_cpp'}
[0.000764] (-) JobUnselected: {'identifier': 'my_slam_package'}
[0.000789] (-) JobUnselected: {'identifier': 'my_slam_package'}
[0.000813] (-) JobUnselected: {'identifier': 'my_tf2_package'}
[0.000836] (-) JobUnselected: {'identifier': 'my_tf2_package'}
[0.000859] (-) JobUnselected: {'identifier': 'my_tf_package'}
[0.000883] (-) JobUnselected: {'identifier': 'odrive_demo_bringup'}
[0.000906] (-) JobUnselected: {'identifier': 'odrive_demo_description'}
[0.000930] (-) JobUnselected: {'identifier': 'odrive_hardware_interface'}
[0.000953] (-) JobUnselected: {'identifier': 'odrive_ros2_control'}
[0.000977] (-) JobUnselected: {'identifier': 'realsense2_camera'}
[0.001000] (-) JobUnselected: {'identifier': 'realsense2_camera_msgs'}
[0.001023] (-) JobUnselected: {'identifier': 'realsense2_description'}
[0.001046] (-) JobUnselected: {'identifier': 'ros2_aruco'}
[0.001071] (-) JobUnselected: {'identifier': 'ros2_aruco_interfaces'}
[0.001094] (-) JobUnselected: {'identifier': 'ros2_control_demo_description'}
[0.001118] (-) JobUnselected: {'identifier': 'ros2_control_demo_example_1'}
[0.001140] (-) JobUnselected: {'identifier': 'ros2_control_demo_example_10'}
[0.001164] (-) JobUnselected: {'identifier': 'ros2_control_demo_example_11'}
[0.001187] (-) JobUnselected: {'identifier': 'ros2_control_demo_example_12'}
[0.001211] (-) JobUnselected: {'identifier': 'ros2_control_demo_example_14'}
[0.001233] (-) JobUnselected: {'identifier': 'ros2_control_demo_example_2'}
[0.001257] (-) JobUnselected: {'identifier': 'ros2_control_demo_example_3'}
[0.001280] (-) JobUnselected: {'identifier': 'ros2_control_demo_example_4'}
[0.001303] (-) JobUnselected: {'identifier': 'ros2_control_demo_example_5'}
[0.001326] (-) JobUnselected: {'identifier': 'ros2_control_demo_example_6'}
[0.001349] (-) JobUnselected: {'identifier': 'ros2_control_demo_example_7'}
[0.001372] (-) JobUnselected: {'identifier': 'ros2_control_demo_example_8'}
[0.001395] (-) JobUnselected: {'identifier': 'ros2_control_demo_example_9'}
[0.001418] (-) JobUnselected: {'identifier': 'ros2_control_demos'}
[0.001441] (-) JobUnselected: {'identifier': 'tb3_autonomy'}
[0.001464] (-) JobUnselected: {'identifier': 'tb3_autonomy'}
[0.001487] (-) JobUnselected: {'identifier': 'teleop_twist_joy'}
[0.001510] (-) JobUnselected: {'identifier': 'usb_cam'}
[0.001534] (-) JobUnselected: {'identifier': 'ydlidar_ros2_driver'}
[0.001557] (-) JobUnselected: {'identifier': 'ydlidar_sdk'}
[0.001582] (-) EventReactorShutdown: {}
