[0.027s] Invoking command in '/home/oh/slam_ws/build/odrive_ros2_control': AMENT_PREFIX_PATH=/home/oh/slam_ws/install/odrive_demo_bringup:/home/oh/slam_ws/install/odrive_demo_description:/home/oh/slam_ws/install/ros2_control_demo_description:/home/oh/slam_ws/install/odrive_hardware_interface:${AMENT_PREFIX_PATH} CMAKE_PREFIX_PATH=/home/oh/slam_ws/install/odrive_demo_bringup:/home/oh/slam_ws/install/odrive_demo_description:/home/oh/slam_ws/install/ros2_control_demo_description:/home/oh/slam_ws/install/odrive_hardware_interface:/opt/ros/humble LD_LIBRARY_PATH=/home/oh/slam_ws/install/odrive_hardware_interface/lib:${LD_LIBRARY_PATH} /usr/bin/cmake /home/oh/slam_ws/src/odrive_ros2_control/odrive_ros2_control -DCMAKE_INSTALL_PREFIX=/home/oh/slam_ws/install/odrive_ros2_control
[1.573s] -- The C compiler identification is GNU 11.4.0
[1.573s] -- The CXX compiler identification is GNU 11.4.0
[1.573s] -- Detecting C compiler ABI info
[1.574s] -- Detecting C compiler ABI info - done
[1.574s] -- Check for working C compiler: /usr/bin/cc - skipped
[1.574s] -- Detecting C compile features
[1.574s] -- Detecting C compile features - done
[1.574s] -- Detecting CXX compiler ABI info
[1.574s] -- Detecting CXX compiler ABI info - done
[1.574s] -- Check for working CXX compiler: /usr/bin/c++ - skipped
[1.574s] -- Detecting CXX compile features
[1.574s] -- Detecting CXX compile features - done
[1.574s] -- Found ament_cmake_auto: 1.3.8 (/opt/ros/humble/share/ament_cmake_auto/cmake)
[1.574s] -- Found Python3: /usr/bin/python3 (found version "3.10.12") found components: Interpreter 
[1.574s] -- Configuring done
[1.574s] -- Generating done
[1.574s] -- Build files have been written to: /home/oh/slam_ws/build/odrive_ros2_control
[1.583s] Invoked command in '/home/oh/slam_ws/build/odrive_ros2_control' returned '0': AMENT_PREFIX_PATH=/home/oh/slam_ws/install/odrive_demo_bringup:/home/oh/slam_ws/install/odrive_demo_description:/home/oh/slam_ws/install/ros2_control_demo_description:/home/oh/slam_ws/install/odrive_hardware_interface:${AMENT_PREFIX_PATH} CMAKE_PREFIX_PATH=/home/oh/slam_ws/install/odrive_demo_bringup:/home/oh/slam_ws/install/odrive_demo_description:/home/oh/slam_ws/install/ros2_control_demo_description:/home/oh/slam_ws/install/odrive_hardware_interface:/opt/ros/humble LD_LIBRARY_PATH=/home/oh/slam_ws/install/odrive_hardware_interface/lib:${LD_LIBRARY_PATH} /usr/bin/cmake /home/oh/slam_ws/src/odrive_ros2_control/odrive_ros2_control -DCMAKE_INSTALL_PREFIX=/home/oh/slam_ws/install/odrive_ros2_control
[1.584s] Invoking command in '/home/oh/slam_ws/build/odrive_ros2_control': AMENT_PREFIX_PATH=/home/oh/slam_ws/install/odrive_demo_bringup:/home/oh/slam_ws/install/odrive_demo_description:/home/oh/slam_ws/install/ros2_control_demo_description:/home/oh/slam_ws/install/odrive_hardware_interface:${AMENT_PREFIX_PATH} CMAKE_PREFIX_PATH=/home/oh/slam_ws/install/odrive_demo_bringup:/home/oh/slam_ws/install/odrive_demo_description:/home/oh/slam_ws/install/ros2_control_demo_description:/home/oh/slam_ws/install/odrive_hardware_interface:/opt/ros/humble LD_LIBRARY_PATH=/home/oh/slam_ws/install/odrive_hardware_interface/lib:${LD_LIBRARY_PATH} /usr/bin/cmake --build /home/oh/slam_ws/build/odrive_ros2_control -- -j8 -l8
[1.793s] Invoked command in '/home/oh/slam_ws/build/odrive_ros2_control' returned '0': AMENT_PREFIX_PATH=/home/oh/slam_ws/install/odrive_demo_bringup:/home/oh/slam_ws/install/odrive_demo_description:/home/oh/slam_ws/install/ros2_control_demo_description:/home/oh/slam_ws/install/odrive_hardware_interface:${AMENT_PREFIX_PATH} CMAKE_PREFIX_PATH=/home/oh/slam_ws/install/odrive_demo_bringup:/home/oh/slam_ws/install/odrive_demo_description:/home/oh/slam_ws/install/ros2_control_demo_description:/home/oh/slam_ws/install/odrive_hardware_interface:/opt/ros/humble LD_LIBRARY_PATH=/home/oh/slam_ws/install/odrive_hardware_interface/lib:${LD_LIBRARY_PATH} /usr/bin/cmake --build /home/oh/slam_ws/build/odrive_ros2_control -- -j8 -l8
[1.905s] Invoking command in '/home/oh/slam_ws/build/odrive_ros2_control': AMENT_PREFIX_PATH=/home/oh/slam_ws/install/odrive_demo_bringup:/home/oh/slam_ws/install/odrive_demo_description:/home/oh/slam_ws/install/ros2_control_demo_description:/home/oh/slam_ws/install/odrive_hardware_interface:${AMENT_PREFIX_PATH} CMAKE_PREFIX_PATH=/home/oh/slam_ws/install/odrive_demo_bringup:/home/oh/slam_ws/install/odrive_demo_description:/home/oh/slam_ws/install/ros2_control_demo_description:/home/oh/slam_ws/install/odrive_hardware_interface:/opt/ros/humble LD_LIBRARY_PATH=/home/oh/slam_ws/install/odrive_hardware_interface/lib:${LD_LIBRARY_PATH} /usr/bin/cmake --install /home/oh/slam_ws/build/odrive_ros2_control
[1.959s] -- Install configuration: ""
[1.959s] -- Installing: /home/oh/slam_ws/install/odrive_ros2_control/share/ament_index/resource_index/package_run_dependencies/odrive_ros2_control
[1.959s] -- Installing: /home/oh/slam_ws/install/odrive_ros2_control/share/ament_index/resource_index/parent_prefix_path/odrive_ros2_control
[1.959s] -- Installing: /home/oh/slam_ws/install/odrive_ros2_control/share/odrive_ros2_control/environment/ament_prefix_path.sh
[1.959s] -- Installing: /home/oh/slam_ws/install/odrive_ros2_control/share/odrive_ros2_control/environment/ament_prefix_path.dsv
[1.959s] -- Installing: /home/oh/slam_ws/install/odrive_ros2_control/share/odrive_ros2_control/environment/path.sh
[1.959s] -- Installing: /home/oh/slam_ws/install/odrive_ros2_control/share/odrive_ros2_control/environment/path.dsv
[1.959s] -- Installing: /home/oh/slam_ws/install/odrive_ros2_control/share/odrive_ros2_control/local_setup.bash
[1.959s] -- Installing: /home/oh/slam_ws/install/odrive_ros2_control/share/odrive_ros2_control/local_setup.sh
[1.960s] -- Installing: /home/oh/slam_ws/install/odrive_ros2_control/share/odrive_ros2_control/local_setup.zsh
[1.960s] -- Installing: /home/oh/slam_ws/install/odrive_ros2_control/share/odrive_ros2_control/local_setup.dsv
[1.960s] -- Installing: /home/oh/slam_ws/install/odrive_ros2_control/share/odrive_ros2_control/package.dsv
[1.960s] -- Installing: /home/oh/slam_ws/install/odrive_ros2_control/share/ament_index/resource_index/packages/odrive_ros2_control
[1.960s] -- Installing: /home/oh/slam_ws/install/odrive_ros2_control/share/odrive_ros2_control/cmake/odrive_ros2_controlConfig.cmake
[1.960s] -- Installing: /home/oh/slam_ws/install/odrive_ros2_control/share/odrive_ros2_control/cmake/odrive_ros2_controlConfig-version.cmake
[1.960s] -- Installing: /home/oh/slam_ws/install/odrive_ros2_control/share/odrive_ros2_control/package.xml
[1.989s] Invoked command in '/home/oh/slam_ws/build/odrive_ros2_control' returned '0': AMENT_PREFIX_PATH=/home/oh/slam_ws/install/odrive_demo_bringup:/home/oh/slam_ws/install/odrive_demo_description:/home/oh/slam_ws/install/ros2_control_demo_description:/home/oh/slam_ws/install/odrive_hardware_interface:${AMENT_PREFIX_PATH} CMAKE_PREFIX_PATH=/home/oh/slam_ws/install/odrive_demo_bringup:/home/oh/slam_ws/install/odrive_demo_description:/home/oh/slam_ws/install/ros2_control_demo_description:/home/oh/slam_ws/install/odrive_hardware_interface:/opt/ros/humble LD_LIBRARY_PATH=/home/oh/slam_ws/install/odrive_hardware_interface/lib:${LD_LIBRARY_PATH} /usr/bin/cmake --install /home/oh/slam_ws/build/odrive_ros2_control
