[0.212s] DEBUG:colcon:Command line arguments: ['/usr/bin/colcon', 'build', '--packages-select', 'my_tf2_package']
[0.212s] DEBUG:colcon:Parsed command line arguments: Namespace(log_base=None, log_level=None, verb_name='build', build_base='build', install_base='install', merge_install=False, symlink_install=False, test_result_base=None, continue_on_error=False, executor='parallel', parallel_workers=8, event_handlers=None, ignore_user_meta=False, metas=['./colcon.meta'], base_paths=['.'], packages_ignore=None, packages_ignore_regex=None, paths=None, packages_up_to=None, packages_up_to_regex=None, packages_above=None, packages_above_and_dependencies=None, packages_above_depth=None, packages_select_by_dep=None, packages_skip_by_dep=None, packages_skip_up_to=None, packages_select_build_failed=False, packages_skip_build_finished=False, packages_select_test_failures=False, packages_skip_test_passed=False, packages_select=['my_tf2_package'], packages_skip=None, packages_select_regex=None, packages_skip_regex=None, packages_start=None, packages_end=None, allow_overriding=[], cmake_args=None, cmake_target=None, cmake_target_skip_unavailable=False, cmake_clean_cache=False, cmake_clean_first=False, cmake_force_configure=False, ament_cmake_args=None, catkin_cmake_args=None, catkin_skip_building_tests=False, verb_parser=<colcon_defaults.argument_parser.defaults.DefaultArgumentsDecorator object at 0x7fd583721a80>, verb_extension=<colcon_core.verb.build.BuildVerb object at 0x7fd5838a30a0>, main=<bound method BuildVerb.main of <colcon_core.verb.build.BuildVerb object at 0x7fd5838a30a0>>)
[0.554s] Level 1:colcon.colcon_core.package_discovery:discover_packages(colcon_meta) check parameters
[0.554s] Level 1:colcon.colcon_core.package_discovery:discover_packages(recursive) check parameters
[0.554s] Level 1:colcon.colcon_core.package_discovery:discover_packages(ignore) check parameters
[0.555s] Level 1:colcon.colcon_core.package_discovery:discover_packages(path) check parameters
[0.555s] Level 1:colcon.colcon_core.package_discovery:discover_packages(colcon_meta) discover
[0.555s] Level 1:colcon.colcon_core.package_discovery:discover_packages(recursive) discover
[0.555s] INFO:colcon.colcon_core.package_discovery:Crawling recursively for packages in '/home/oh/slam_ws/src'
[0.555s] Level 1:colcon.colcon_core.package_identification:_identify(.) by extensions ['ignore', 'ignore_ament_install']
[0.555s] Level 1:colcon.colcon_core.package_identification:_identify(.) by extension 'ignore'
[0.555s] Level 1:colcon.colcon_core.package_identification:_identify(.) by extension 'ignore_ament_install'
[0.555s] Level 1:colcon.colcon_core.package_identification:_identify(.) by extensions ['colcon_pkg']
[0.555s] Level 1:colcon.colcon_core.package_identification:_identify(.) by extension 'colcon_pkg'
[0.556s] Level 1:colcon.colcon_core.package_identification:_identify(.) by extensions ['colcon_meta']
[0.556s] Level 1:colcon.colcon_core.package_identification:_identify(.) by extension 'colcon_meta'
[0.556s] Level 1:colcon.colcon_core.package_identification:_identify(.) by extensions ['ros']
[0.556s] Level 1:colcon.colcon_core.package_identification:_identify(.) by extension 'ros'
[0.596s] Level 1:colcon.colcon_core.package_identification:_identify(.) by extensions ['cmake', 'python']
[0.596s] Level 1:colcon.colcon_core.package_identification:_identify(.) by extension 'cmake'
[0.596s] Level 1:colcon.colcon_core.package_identification:_identify(.) by extension 'python'
[0.596s] Level 1:colcon.colcon_core.package_identification:_identify(.) by extensions ['python_setup_py']
[0.596s] Level 1:colcon.colcon_core.package_identification:_identify(.) by extension 'python_setup_py'
[0.596s] Level 1:colcon.colcon_core.package_identification:_identify(BehaviorTree.CPP) by extensions ['ignore', 'ignore_ament_install']
[0.597s] Level 1:colcon.colcon_core.package_identification:_identify(BehaviorTree.CPP) by extension 'ignore'
[0.597s] Level 1:colcon.colcon_core.package_identification:_identify(BehaviorTree.CPP) by extension 'ignore_ament_install'
[0.597s] Level 1:colcon.colcon_core.package_identification:_identify(BehaviorTree.CPP) by extensions ['colcon_pkg']
[0.597s] Level 1:colcon.colcon_core.package_identification:_identify(BehaviorTree.CPP) by extension 'colcon_pkg'
[0.597s] Level 1:colcon.colcon_core.package_identification:_identify(BehaviorTree.CPP) by extensions ['colcon_meta']
[0.597s] Level 1:colcon.colcon_core.package_identification:_identify(BehaviorTree.CPP) by extension 'colcon_meta'
[0.597s] Level 1:colcon.colcon_core.package_identification:_identify(BehaviorTree.CPP) by extensions ['ros']
[0.597s] Level 1:colcon.colcon_core.package_identification:_identify(BehaviorTree.CPP) by extension 'ros'
[0.612s] DEBUG:colcon.colcon_core.package_identification:Package 'BehaviorTree.CPP' with type 'ros.ament_cmake' and name 'behaviortree_cpp'
[0.613s] Level 1:colcon.colcon_core.package_identification:_identify(YDLidar-SDK) by extensions ['ignore', 'ignore_ament_install']
[0.613s] Level 1:colcon.colcon_core.package_identification:_identify(YDLidar-SDK) by extension 'ignore'
[0.613s] Level 1:colcon.colcon_core.package_identification:_identify(YDLidar-SDK) by extension 'ignore_ament_install'
[0.613s] Level 1:colcon.colcon_core.package_identification:_identify(YDLidar-SDK) by extensions ['colcon_pkg']
[0.613s] Level 1:colcon.colcon_core.package_identification:_identify(YDLidar-SDK) by extension 'colcon_pkg'
[0.613s] Level 1:colcon.colcon_core.package_identification:_identify(YDLidar-SDK) by extensions ['colcon_meta']
[0.613s] Level 1:colcon.colcon_core.package_identification:_identify(YDLidar-SDK) by extension 'colcon_meta'
[0.613s] Level 1:colcon.colcon_core.package_identification:_identify(YDLidar-SDK) by extensions ['ros']
[0.614s] Level 1:colcon.colcon_core.package_identification:_identify(YDLidar-SDK) by extension 'ros'
[0.614s] Level 1:colcon.colcon_core.package_identification:_identify(YDLidar-SDK) by extensions ['cmake', 'python']
[0.614s] Level 1:colcon.colcon_core.package_identification:_identify(YDLidar-SDK) by extension 'cmake'
[0.656s] Level 1:colcon.colcon_core.package_identification:_identify(YDLidar-SDK) by extension 'python'
[0.656s] DEBUG:colcon.colcon_core.package_identification:Package 'YDLidar-SDK' with type 'cmake' and name 'ydlidar_sdk'
[0.657s] Level 1:colcon.colcon_core.package_identification:_identify(build) by extensions ['ignore', 'ignore_ament_install']
[0.657s] Level 1:colcon.colcon_core.package_identification:_identify(build) by extension 'ignore'
[0.657s] Level 1:colcon.colcon_core.package_identification:_identify(build) ignored
[0.657s] Level 1:colcon.colcon_core.package_identification:_identify(cart_park_autonomy) by extensions ['ignore', 'ignore_ament_install']
[0.657s] Level 1:colcon.colcon_core.package_identification:_identify(cart_park_autonomy) by extension 'ignore'
[0.657s] Level 1:colcon.colcon_core.package_identification:_identify(cart_park_autonomy) by extension 'ignore_ament_install'
[0.657s] Level 1:colcon.colcon_core.package_identification:_identify(cart_park_autonomy) by extensions ['colcon_pkg']
[0.657s] Level 1:colcon.colcon_core.package_identification:_identify(cart_park_autonomy) by extension 'colcon_pkg'
[0.657s] Level 1:colcon.colcon_core.package_identification:_identify(cart_park_autonomy) by extensions ['colcon_meta']
[0.658s] Level 1:colcon.colcon_core.package_identification:_identify(cart_park_autonomy) by extension 'colcon_meta'
[0.658s] Level 1:colcon.colcon_core.package_identification:_identify(cart_park_autonomy) by extensions ['ros']
[0.658s] Level 1:colcon.colcon_core.package_identification:_identify(cart_park_autonomy) by extension 'ros'
[0.659s] DEBUG:colcon.colcon_core.package_identification:Package 'cart_park_autonomy' with type 'ros.ament_cmake' and name 'cart_park_autonomy'
[0.659s] Level 1:colcon.colcon_core.package_identification:_identify(escape_from_cart) by extensions ['ignore', 'ignore_ament_install']
[0.659s] Level 1:colcon.colcon_core.package_identification:_identify(escape_from_cart) by extension 'ignore'
[0.659s] Level 1:colcon.colcon_core.package_identification:_identify(escape_from_cart) by extension 'ignore_ament_install'
[0.659s] Level 1:colcon.colcon_core.package_identification:_identify(escape_from_cart) by extensions ['colcon_pkg']
[0.660s] Level 1:colcon.colcon_core.package_identification:_identify(escape_from_cart) by extension 'colcon_pkg'
[0.660s] Level 1:colcon.colcon_core.package_identification:_identify(escape_from_cart) by extensions ['colcon_meta']
[0.660s] Level 1:colcon.colcon_core.package_identification:_identify(escape_from_cart) by extension 'colcon_meta'
[0.660s] Level 1:colcon.colcon_core.package_identification:_identify(escape_from_cart) by extensions ['ros']
[0.660s] Level 1:colcon.colcon_core.package_identification:_identify(escape_from_cart) by extension 'ros'
[0.661s] DEBUG:colcon.colcon_core.package_identification:Package 'escape_from_cart' with type 'ros.ament_python' and name 'escape_from_cart'
[0.661s] Level 1:colcon.colcon_core.package_identification:_identify(install) by extensions ['ignore', 'ignore_ament_install']
[0.661s] Level 1:colcon.colcon_core.package_identification:_identify(install) by extension 'ignore'
[0.661s] Level 1:colcon.colcon_core.package_identification:_identify(install) ignored
[0.661s] Level 1:colcon.colcon_core.package_identification:_identify(log) by extensions ['ignore', 'ignore_ament_install']
[0.661s] Level 1:colcon.colcon_core.package_identification:_identify(log) by extension 'ignore'
[0.661s] Level 1:colcon.colcon_core.package_identification:_identify(log) ignored
[0.662s] Level 1:colcon.colcon_core.package_identification:_identify(my_action_interface) by extensions ['ignore', 'ignore_ament_install']
[0.662s] Level 1:colcon.colcon_core.package_identification:_identify(my_action_interface) by extension 'ignore'
[0.662s] Level 1:colcon.colcon_core.package_identification:_identify(my_action_interface) by extension 'ignore_ament_install'
[0.662s] Level 1:colcon.colcon_core.package_identification:_identify(my_action_interface) by extensions ['colcon_pkg']
[0.662s] Level 1:colcon.colcon_core.package_identification:_identify(my_action_interface) by extension 'colcon_pkg'
[0.662s] Level 1:colcon.colcon_core.package_identification:_identify(my_action_interface) by extensions ['colcon_meta']
[0.662s] Level 1:colcon.colcon_core.package_identification:_identify(my_action_interface) by extension 'colcon_meta'
[0.662s] Level 1:colcon.colcon_core.package_identification:_identify(my_action_interface) by extensions ['ros']
[0.662s] Level 1:colcon.colcon_core.package_identification:_identify(my_action_interface) by extension 'ros'
[0.663s] DEBUG:colcon.colcon_core.package_identification:Package 'my_action_interface' with type 'ros.ament_cmake' and name 'my_action_interface'
[0.663s] Level 1:colcon.colcon_core.package_identification:_identify(my_aruco_to_goal_pose_pkg) by extensions ['ignore', 'ignore_ament_install']
[0.664s] Level 1:colcon.colcon_core.package_identification:_identify(my_aruco_to_goal_pose_pkg) by extension 'ignore'
[0.664s] Level 1:colcon.colcon_core.package_identification:_identify(my_aruco_to_goal_pose_pkg) by extension 'ignore_ament_install'
[0.664s] Level 1:colcon.colcon_core.package_identification:_identify(my_aruco_to_goal_pose_pkg) by extensions ['colcon_pkg']
[0.664s] Level 1:colcon.colcon_core.package_identification:_identify(my_aruco_to_goal_pose_pkg) by extension 'colcon_pkg'
[0.664s] Level 1:colcon.colcon_core.package_identification:_identify(my_aruco_to_goal_pose_pkg) by extensions ['colcon_meta']
[0.664s] Level 1:colcon.colcon_core.package_identification:_identify(my_aruco_to_goal_pose_pkg) by extension 'colcon_meta'
[0.664s] Level 1:colcon.colcon_core.package_identification:_identify(my_aruco_to_goal_pose_pkg) by extensions ['ros']
[0.664s] Level 1:colcon.colcon_core.package_identification:_identify(my_aruco_to_goal_pose_pkg) by extension 'ros'
[0.665s] DEBUG:colcon.colcon_core.package_identification:Package 'my_aruco_to_goal_pose_pkg' with type 'ros.ament_python' and name 'my_aruco_to_goal_pose_pkg'
[0.665s] Level 1:colcon.colcon_core.package_identification:_identify(my_bot_description) by extensions ['ignore', 'ignore_ament_install']
[0.665s] Level 1:colcon.colcon_core.package_identification:_identify(my_bot_description) by extension 'ignore'
[0.665s] Level 1:colcon.colcon_core.package_identification:_identify(my_bot_description) by extension 'ignore_ament_install'
[0.666s] Level 1:colcon.colcon_core.package_identification:_identify(my_bot_description) by extensions ['colcon_pkg']
[0.666s] Level 1:colcon.colcon_core.package_identification:_identify(my_bot_description) by extension 'colcon_pkg'
[0.666s] Level 1:colcon.colcon_core.package_identification:_identify(my_bot_description) by extensions ['colcon_meta']
[0.666s] Level 1:colcon.colcon_core.package_identification:_identify(my_bot_description) by extension 'colcon_meta'
[0.666s] Level 1:colcon.colcon_core.package_identification:_identify(my_bot_description) by extensions ['ros']
[0.666s] Level 1:colcon.colcon_core.package_identification:_identify(my_bot_description) by extension 'ros'
[0.667s] DEBUG:colcon.colcon_core.package_identification:Package 'my_bot_description' with type 'ros.ament_cmake' and name 'my_bot_description'
[0.667s] Level 1:colcon.colcon_core.package_identification:_identify(my_docking) by extensions ['ignore', 'ignore_ament_install']
[0.667s] Level 1:colcon.colcon_core.package_identification:_identify(my_docking) by extension 'ignore'
[0.667s] Level 1:colcon.colcon_core.package_identification:_identify(my_docking) by extension 'ignore_ament_install'
[0.667s] Level 1:colcon.colcon_core.package_identification:_identify(my_docking) by extensions ['colcon_pkg']
[0.667s] Level 1:colcon.colcon_core.package_identification:_identify(my_docking) by extension 'colcon_pkg'
[0.667s] Level 1:colcon.colcon_core.package_identification:_identify(my_docking) by extensions ['colcon_meta']
[0.667s] Level 1:colcon.colcon_core.package_identification:_identify(my_docking) by extension 'colcon_meta'
[0.668s] Level 1:colcon.colcon_core.package_identification:_identify(my_docking) by extensions ['ros']
[0.668s] Level 1:colcon.colcon_core.package_identification:_identify(my_docking) by extension 'ros'
[0.668s] DEBUG:colcon.colcon_core.package_identification:Package 'my_docking' with type 'ros.ament_python' and name 'my_docking'
[0.669s] Level 1:colcon.colcon_core.package_identification:_identify(my_slam_package) by extensions ['ignore', 'ignore_ament_install']
[0.669s] Level 1:colcon.colcon_core.package_identification:_identify(my_slam_package) by extension 'ignore'
[0.669s] Level 1:colcon.colcon_core.package_identification:_identify(my_slam_package) by extension 'ignore_ament_install'
[0.669s] Level 1:colcon.colcon_core.package_identification:_identify(my_slam_package) by extensions ['colcon_pkg']
[0.669s] Level 1:colcon.colcon_core.package_identification:_identify(my_slam_package) by extension 'colcon_pkg'
[0.669s] Level 1:colcon.colcon_core.package_identification:_identify(my_slam_package) by extensions ['colcon_meta']
[0.669s] Level 1:colcon.colcon_core.package_identification:_identify(my_slam_package) by extension 'colcon_meta'
[0.669s] Level 1:colcon.colcon_core.package_identification:_identify(my_slam_package) by extensions ['ros']
[0.669s] Level 1:colcon.colcon_core.package_identification:_identify(my_slam_package) by extension 'ros'
[0.670s] DEBUG:colcon.colcon_core.package_identification:Package 'my_slam_package' with type 'ros.ament_cmake' and name 'my_slam_package'
[0.670s] Level 1:colcon.colcon_core.package_identification:_identify(my_tf2_package) by extensions ['ignore', 'ignore_ament_install']
[0.670s] Level 1:colcon.colcon_core.package_identification:_identify(my_tf2_package) by extension 'ignore'
[0.670s] Level 1:colcon.colcon_core.package_identification:_identify(my_tf2_package) by extension 'ignore_ament_install'
[0.671s] Level 1:colcon.colcon_core.package_identification:_identify(my_tf2_package) by extensions ['colcon_pkg']
[0.671s] Level 1:colcon.colcon_core.package_identification:_identify(my_tf2_package) by extension 'colcon_pkg'
[0.671s] Level 1:colcon.colcon_core.package_identification:_identify(my_tf2_package) by extensions ['colcon_meta']
[0.671s] Level 1:colcon.colcon_core.package_identification:_identify(my_tf2_package) by extension 'colcon_meta'
[0.671s] Level 1:colcon.colcon_core.package_identification:_identify(my_tf2_package) by extensions ['ros']
[0.671s] Level 1:colcon.colcon_core.package_identification:_identify(my_tf2_package) by extension 'ros'
[0.672s] DEBUG:colcon.colcon_core.package_identification:Package 'my_tf2_package' with type 'ros.ament_python' and name 'my_tf2_package'
[0.672s] Level 1:colcon.colcon_core.package_identification:_identify(my_tf_package) by extensions ['ignore', 'ignore_ament_install']
[0.672s] Level 1:colcon.colcon_core.package_identification:_identify(my_tf_package) by extension 'ignore'
[0.672s] Level 1:colcon.colcon_core.package_identification:_identify(my_tf_package) by extension 'ignore_ament_install'
[0.672s] Level 1:colcon.colcon_core.package_identification:_identify(my_tf_package) by extensions ['colcon_pkg']
[0.672s] Level 1:colcon.colcon_core.package_identification:_identify(my_tf_package) by extension 'colcon_pkg'
[0.672s] Level 1:colcon.colcon_core.package_identification:_identify(my_tf_package) by extensions ['colcon_meta']
[0.672s] Level 1:colcon.colcon_core.package_identification:_identify(my_tf_package) by extension 'colcon_meta'
[0.673s] Level 1:colcon.colcon_core.package_identification:_identify(my_tf_package) by extensions ['ros']
[0.673s] Level 1:colcon.colcon_core.package_identification:_identify(my_tf_package) by extension 'ros'
[0.673s] DEBUG:colcon.colcon_core.package_identification:Package 'my_tf_package' with type 'ros.ament_python' and name 'my_tf_package'
[0.674s] Level 1:colcon.colcon_core.package_identification:_identify(odrive_ros2_control) by extensions ['ignore', 'ignore_ament_install']
[0.674s] Level 1:colcon.colcon_core.package_identification:_identify(odrive_ros2_control) by extension 'ignore'
[0.674s] Level 1:colcon.colcon_core.package_identification:_identify(odrive_ros2_control) by extension 'ignore_ament_install'
[0.674s] Level 1:colcon.colcon_core.package_identification:_identify(odrive_ros2_control) by extensions ['colcon_pkg']
[0.674s] Level 1:colcon.colcon_core.package_identification:_identify(odrive_ros2_control) by extension 'colcon_pkg'
[0.674s] Level 1:colcon.colcon_core.package_identification:_identify(odrive_ros2_control) by extensions ['colcon_meta']
[0.674s] Level 1:colcon.colcon_core.package_identification:_identify(odrive_ros2_control) by extension 'colcon_meta'
[0.674s] Level 1:colcon.colcon_core.package_identification:_identify(odrive_ros2_control) by extensions ['ros']
[0.674s] Level 1:colcon.colcon_core.package_identification:_identify(odrive_ros2_control) by extension 'ros'
[0.674s] Level 1:colcon.colcon_core.package_identification:_identify(odrive_ros2_control) by extensions ['cmake', 'python']
[0.674s] Level 1:colcon.colcon_core.package_identification:_identify(odrive_ros2_control) by extension 'cmake'
[0.674s] Level 1:colcon.colcon_core.package_identification:_identify(odrive_ros2_control) by extension 'python'
[0.674s] Level 1:colcon.colcon_core.package_identification:_identify(odrive_ros2_control) by extensions ['python_setup_py']
[0.675s] Level 1:colcon.colcon_core.package_identification:_identify(odrive_ros2_control) by extension 'python_setup_py'
[0.675s] Level 1:colcon.colcon_core.package_identification:_identify(odrive_ros2_control/odrive_demo_bringup) by extensions ['ignore', 'ignore_ament_install']
[0.675s] Level 1:colcon.colcon_core.package_identification:_identify(odrive_ros2_control/odrive_demo_bringup) by extension 'ignore'
[0.675s] Level 1:colcon.colcon_core.package_identification:_identify(odrive_ros2_control/odrive_demo_bringup) by extension 'ignore_ament_install'
[0.675s] Level 1:colcon.colcon_core.package_identification:_identify(odrive_ros2_control/odrive_demo_bringup) by extensions ['colcon_pkg']
[0.675s] Level 1:colcon.colcon_core.package_identification:_identify(odrive_ros2_control/odrive_demo_bringup) by extension 'colcon_pkg'
[0.675s] Level 1:colcon.colcon_core.package_identification:_identify(odrive_ros2_control/odrive_demo_bringup) by extensions ['colcon_meta']
[0.675s] Level 1:colcon.colcon_core.package_identification:_identify(odrive_ros2_control/odrive_demo_bringup) by extension 'colcon_meta'
[0.675s] Level 1:colcon.colcon_core.package_identification:_identify(odrive_ros2_control/odrive_demo_bringup) by extensions ['ros']
[0.675s] Level 1:colcon.colcon_core.package_identification:_identify(odrive_ros2_control/odrive_demo_bringup) by extension 'ros'
[0.676s] DEBUG:colcon.colcon_core.package_identification:Package 'odrive_ros2_control/odrive_demo_bringup' with type 'ros.ament_cmake' and name 'odrive_demo_bringup'
[0.676s] Level 1:colcon.colcon_core.package_identification:_identify(odrive_ros2_control/odrive_demo_description) by extensions ['ignore', 'ignore_ament_install']
[0.676s] Level 1:colcon.colcon_core.package_identification:_identify(odrive_ros2_control/odrive_demo_description) by extension 'ignore'
[0.676s] Level 1:colcon.colcon_core.package_identification:_identify(odrive_ros2_control/odrive_demo_description) by extension 'ignore_ament_install'
[0.676s] Level 1:colcon.colcon_core.package_identification:_identify(odrive_ros2_control/odrive_demo_description) by extensions ['colcon_pkg']
[0.676s] Level 1:colcon.colcon_core.package_identification:_identify(odrive_ros2_control/odrive_demo_description) by extension 'colcon_pkg'
[0.676s] Level 1:colcon.colcon_core.package_identification:_identify(odrive_ros2_control/odrive_demo_description) by extensions ['colcon_meta']
[0.677s] Level 1:colcon.colcon_core.package_identification:_identify(odrive_ros2_control/odrive_demo_description) by extension 'colcon_meta'
[0.677s] Level 1:colcon.colcon_core.package_identification:_identify(odrive_ros2_control/odrive_demo_description) by extensions ['ros']
[0.677s] Level 1:colcon.colcon_core.package_identification:_identify(odrive_ros2_control/odrive_demo_description) by extension 'ros'
[0.677s] DEBUG:colcon.colcon_core.package_identification:Package 'odrive_ros2_control/odrive_demo_description' with type 'ros.ament_cmake' and name 'odrive_demo_description'
[0.677s] Level 1:colcon.colcon_core.package_identification:_identify(odrive_ros2_control/odrive_hardware_interface) by extensions ['ignore', 'ignore_ament_install']
[0.678s] Level 1:colcon.colcon_core.package_identification:_identify(odrive_ros2_control/odrive_hardware_interface) by extension 'ignore'
[0.678s] Level 1:colcon.colcon_core.package_identification:_identify(odrive_ros2_control/odrive_hardware_interface) by extension 'ignore_ament_install'
[0.678s] Level 1:colcon.colcon_core.package_identification:_identify(odrive_ros2_control/odrive_hardware_interface) by extensions ['colcon_pkg']
[0.678s] Level 1:colcon.colcon_core.package_identification:_identify(odrive_ros2_control/odrive_hardware_interface) by extension 'colcon_pkg'
[0.678s] Level 1:colcon.colcon_core.package_identification:_identify(odrive_ros2_control/odrive_hardware_interface) by extensions ['colcon_meta']
[0.678s] Level 1:colcon.colcon_core.package_identification:_identify(odrive_ros2_control/odrive_hardware_interface) by extension 'colcon_meta'
[0.678s] Level 1:colcon.colcon_core.package_identification:_identify(odrive_ros2_control/odrive_hardware_interface) by extensions ['ros']
[0.678s] Level 1:colcon.colcon_core.package_identification:_identify(odrive_ros2_control/odrive_hardware_interface) by extension 'ros'
[0.679s] DEBUG:colcon.colcon_core.package_identification:Package 'odrive_ros2_control/odrive_hardware_interface' with type 'ros.ament_cmake' and name 'odrive_hardware_interface'
[0.679s] Level 1:colcon.colcon_core.package_identification:_identify(odrive_ros2_control/odrive_ros2_control) by extensions ['ignore', 'ignore_ament_install']
[0.679s] Level 1:colcon.colcon_core.package_identification:_identify(odrive_ros2_control/odrive_ros2_control) by extension 'ignore'
[0.679s] Level 1:colcon.colcon_core.package_identification:_identify(odrive_ros2_control/odrive_ros2_control) by extension 'ignore_ament_install'
[0.680s] Level 1:colcon.colcon_core.package_identification:_identify(odrive_ros2_control/odrive_ros2_control) by extensions ['colcon_pkg']
[0.680s] Level 1:colcon.colcon_core.package_identification:_identify(odrive_ros2_control/odrive_ros2_control) by extension 'colcon_pkg'
[0.680s] Level 1:colcon.colcon_core.package_identification:_identify(odrive_ros2_control/odrive_ros2_control) by extensions ['colcon_meta']
[0.680s] Level 1:colcon.colcon_core.package_identification:_identify(odrive_ros2_control/odrive_ros2_control) by extension 'colcon_meta'
[0.680s] Level 1:colcon.colcon_core.package_identification:_identify(odrive_ros2_control/odrive_ros2_control) by extensions ['ros']
[0.680s] Level 1:colcon.colcon_core.package_identification:_identify(odrive_ros2_control/odrive_ros2_control) by extension 'ros'
[0.680s] DEBUG:colcon.colcon_core.package_identification:Package 'odrive_ros2_control/odrive_ros2_control' with type 'ros.ament_cmake' and name 'odrive_ros2_control'
[0.681s] Level 1:colcon.colcon_core.package_identification:_identify(realsense-ros) by extensions ['ignore', 'ignore_ament_install']
[0.681s] Level 1:colcon.colcon_core.package_identification:_identify(realsense-ros) by extension 'ignore'
[0.681s] Level 1:colcon.colcon_core.package_identification:_identify(realsense-ros) by extension 'ignore_ament_install'
[0.681s] Level 1:colcon.colcon_core.package_identification:_identify(realsense-ros) by extensions ['colcon_pkg']
[0.681s] Level 1:colcon.colcon_core.package_identification:_identify(realsense-ros) by extension 'colcon_pkg'
[0.681s] Level 1:colcon.colcon_core.package_identification:_identify(realsense-ros) by extensions ['colcon_meta']
[0.681s] Level 1:colcon.colcon_core.package_identification:_identify(realsense-ros) by extension 'colcon_meta'
[0.681s] Level 1:colcon.colcon_core.package_identification:_identify(realsense-ros) by extensions ['ros']
[0.681s] Level 1:colcon.colcon_core.package_identification:_identify(realsense-ros) by extension 'ros'
[0.681s] Level 1:colcon.colcon_core.package_identification:_identify(realsense-ros) by extensions ['cmake', 'python']
[0.681s] Level 1:colcon.colcon_core.package_identification:_identify(realsense-ros) by extension 'cmake'
[0.681s] Level 1:colcon.colcon_core.package_identification:_identify(realsense-ros) by extension 'python'
[0.682s] Level 1:colcon.colcon_core.package_identification:_identify(realsense-ros) by extensions ['python_setup_py']
[0.682s] Level 1:colcon.colcon_core.package_identification:_identify(realsense-ros) by extension 'python_setup_py'
[0.682s] Level 1:colcon.colcon_core.package_identification:_identify(realsense-ros/realsense2_camera) by extensions ['ignore', 'ignore_ament_install']
[0.682s] Level 1:colcon.colcon_core.package_identification:_identify(realsense-ros/realsense2_camera) by extension 'ignore'
[0.682s] Level 1:colcon.colcon_core.package_identification:_identify(realsense-ros/realsense2_camera) by extension 'ignore_ament_install'
[0.682s] Level 1:colcon.colcon_core.package_identification:_identify(realsense-ros/realsense2_camera) by extensions ['colcon_pkg']
[0.682s] Level 1:colcon.colcon_core.package_identification:_identify(realsense-ros/realsense2_camera) by extension 'colcon_pkg'
[0.682s] Level 1:colcon.colcon_core.package_identification:_identify(realsense-ros/realsense2_camera) by extensions ['colcon_meta']
[0.682s] Level 1:colcon.colcon_core.package_identification:_identify(realsense-ros/realsense2_camera) by extension 'colcon_meta'
[0.682s] Level 1:colcon.colcon_core.package_identification:_identify(realsense-ros/realsense2_camera) by extensions ['ros']
[0.682s] Level 1:colcon.colcon_core.package_identification:_identify(realsense-ros/realsense2_camera) by extension 'ros'
[0.685s] DEBUG:colcon.colcon_core.package_identification:Package 'realsense-ros/realsense2_camera' with type 'ros.ament_cmake' and name 'realsense2_camera'
[0.686s] Level 1:colcon.colcon_core.package_identification:_identify(realsense-ros/realsense2_camera_msgs) by extensions ['ignore', 'ignore_ament_install']
[0.686s] Level 1:colcon.colcon_core.package_identification:_identify(realsense-ros/realsense2_camera_msgs) by extension 'ignore'
[0.686s] Level 1:colcon.colcon_core.package_identification:_identify(realsense-ros/realsense2_camera_msgs) by extension 'ignore_ament_install'
[0.686s] Level 1:colcon.colcon_core.package_identification:_identify(realsense-ros/realsense2_camera_msgs) by extensions ['colcon_pkg']
[0.686s] Level 1:colcon.colcon_core.package_identification:_identify(realsense-ros/realsense2_camera_msgs) by extension 'colcon_pkg'
[0.686s] Level 1:colcon.colcon_core.package_identification:_identify(realsense-ros/realsense2_camera_msgs) by extensions ['colcon_meta']
[0.686s] Level 1:colcon.colcon_core.package_identification:_identify(realsense-ros/realsense2_camera_msgs) by extension 'colcon_meta'
[0.686s] Level 1:colcon.colcon_core.package_identification:_identify(realsense-ros/realsense2_camera_msgs) by extensions ['ros']
[0.686s] Level 1:colcon.colcon_core.package_identification:_identify(realsense-ros/realsense2_camera_msgs) by extension 'ros'
[0.687s] DEBUG:colcon.colcon_core.package_identification:Package 'realsense-ros/realsense2_camera_msgs' with type 'ros.ament_cmake' and name 'realsense2_camera_msgs'
[0.687s] Level 1:colcon.colcon_core.package_identification:_identify(realsense-ros/realsense2_description) by extensions ['ignore', 'ignore_ament_install']
[0.688s] Level 1:colcon.colcon_core.package_identification:_identify(realsense-ros/realsense2_description) by extension 'ignore'
[0.688s] Level 1:colcon.colcon_core.package_identification:_identify(realsense-ros/realsense2_description) by extension 'ignore_ament_install'
[0.688s] Level 1:colcon.colcon_core.package_identification:_identify(realsense-ros/realsense2_description) by extensions ['colcon_pkg']
[0.688s] Level 1:colcon.colcon_core.package_identification:_identify(realsense-ros/realsense2_description) by extension 'colcon_pkg'
[0.688s] Level 1:colcon.colcon_core.package_identification:_identify(realsense-ros/realsense2_description) by extensions ['colcon_meta']
[0.688s] Level 1:colcon.colcon_core.package_identification:_identify(realsense-ros/realsense2_description) by extension 'colcon_meta'
[0.688s] Level 1:colcon.colcon_core.package_identification:_identify(realsense-ros/realsense2_description) by extensions ['ros']
[0.688s] Level 1:colcon.colcon_core.package_identification:_identify(realsense-ros/realsense2_description) by extension 'ros'
[0.689s] DEBUG:colcon.colcon_core.package_identification:Package 'realsense-ros/realsense2_description' with type 'ros.ament_cmake' and name 'realsense2_description'
[0.689s] Level 1:colcon.colcon_core.package_identification:_identify(realsense-ros/scripts) by extensions ['ignore', 'ignore_ament_install']
[0.689s] Level 1:colcon.colcon_core.package_identification:_identify(realsense-ros/scripts) by extension 'ignore'
[0.690s] Level 1:colcon.colcon_core.package_identification:_identify(realsense-ros/scripts) by extension 'ignore_ament_install'
[0.690s] Level 1:colcon.colcon_core.package_identification:_identify(realsense-ros/scripts) by extensions ['colcon_pkg']
[0.690s] Level 1:colcon.colcon_core.package_identification:_identify(realsense-ros/scripts) by extension 'colcon_pkg'
[0.690s] Level 1:colcon.colcon_core.package_identification:_identify(realsense-ros/scripts) by extensions ['colcon_meta']
[0.690s] Level 1:colcon.colcon_core.package_identification:_identify(realsense-ros/scripts) by extension 'colcon_meta'
[0.690s] Level 1:colcon.colcon_core.package_identification:_identify(realsense-ros/scripts) by extensions ['ros']
[0.690s] Level 1:colcon.colcon_core.package_identification:_identify(realsense-ros/scripts) by extension 'ros'
[0.690s] Level 1:colcon.colcon_core.package_identification:_identify(realsense-ros/scripts) by extensions ['cmake', 'python']
[0.690s] Level 1:colcon.colcon_core.package_identification:_identify(realsense-ros/scripts) by extension 'cmake'
[0.690s] Level 1:colcon.colcon_core.package_identification:_identify(realsense-ros/scripts) by extension 'python'
[0.690s] Level 1:colcon.colcon_core.package_identification:_identify(realsense-ros/scripts) by extensions ['python_setup_py']
[0.690s] Level 1:colcon.colcon_core.package_identification:_identify(realsense-ros/scripts) by extension 'python_setup_py'
[0.690s] Level 1:colcon.colcon_core.package_identification:_identify(ros2_aruco) by extensions ['ignore', 'ignore_ament_install']
[0.691s] Level 1:colcon.colcon_core.package_identification:_identify(ros2_aruco) by extension 'ignore'
[0.691s] Level 1:colcon.colcon_core.package_identification:_identify(ros2_aruco) by extension 'ignore_ament_install'
[0.691s] Level 1:colcon.colcon_core.package_identification:_identify(ros2_aruco) by extensions ['colcon_pkg']
[0.691s] Level 1:colcon.colcon_core.package_identification:_identify(ros2_aruco) by extension 'colcon_pkg'
[0.691s] Level 1:colcon.colcon_core.package_identification:_identify(ros2_aruco) by extensions ['colcon_meta']
[0.691s] Level 1:colcon.colcon_core.package_identification:_identify(ros2_aruco) by extension 'colcon_meta'
[0.691s] Level 1:colcon.colcon_core.package_identification:_identify(ros2_aruco) by extensions ['ros']
[0.691s] Level 1:colcon.colcon_core.package_identification:_identify(ros2_aruco) by extension 'ros'
[0.691s] Level 1:colcon.colcon_core.package_identification:_identify(ros2_aruco) by extensions ['cmake', 'python']
[0.691s] Level 1:colcon.colcon_core.package_identification:_identify(ros2_aruco) by extension 'cmake'
[0.691s] Level 1:colcon.colcon_core.package_identification:_identify(ros2_aruco) by extension 'python'
[0.691s] Level 1:colcon.colcon_core.package_identification:_identify(ros2_aruco) by extensions ['python_setup_py']
[0.691s] Level 1:colcon.colcon_core.package_identification:_identify(ros2_aruco) by extension 'python_setup_py'
[0.691s] Level 1:colcon.colcon_core.package_identification:_identify(ros2_aruco/ros2_aruco) by extensions ['ignore', 'ignore_ament_install']
[0.692s] Level 1:colcon.colcon_core.package_identification:_identify(ros2_aruco/ros2_aruco) by extension 'ignore'
[0.692s] Level 1:colcon.colcon_core.package_identification:_identify(ros2_aruco/ros2_aruco) by extension 'ignore_ament_install'
[0.692s] Level 1:colcon.colcon_core.package_identification:_identify(ros2_aruco/ros2_aruco) by extensions ['colcon_pkg']
[0.692s] Level 1:colcon.colcon_core.package_identification:_identify(ros2_aruco/ros2_aruco) by extension 'colcon_pkg'
[0.692s] Level 1:colcon.colcon_core.package_identification:_identify(ros2_aruco/ros2_aruco) by extensions ['colcon_meta']
[0.692s] Level 1:colcon.colcon_core.package_identification:_identify(ros2_aruco/ros2_aruco) by extension 'colcon_meta'
[0.692s] Level 1:colcon.colcon_core.package_identification:_identify(ros2_aruco/ros2_aruco) by extensions ['ros']
[0.692s] Level 1:colcon.colcon_core.package_identification:_identify(ros2_aruco/ros2_aruco) by extension 'ros'
[0.693s] DEBUG:colcon.colcon_core.package_identification:Package 'ros2_aruco/ros2_aruco' with type 'ros.ament_python' and name 'ros2_aruco'
[0.693s] Level 1:colcon.colcon_core.package_identification:_identify(ros2_aruco/ros2_aruco_interfaces) by extensions ['ignore', 'ignore_ament_install']
[0.693s] Level 1:colcon.colcon_core.package_identification:_identify(ros2_aruco/ros2_aruco_interfaces) by extension 'ignore'
[0.693s] Level 1:colcon.colcon_core.package_identification:_identify(ros2_aruco/ros2_aruco_interfaces) by extension 'ignore_ament_install'
[0.693s] Level 1:colcon.colcon_core.package_identification:_identify(ros2_aruco/ros2_aruco_interfaces) by extensions ['colcon_pkg']
[0.693s] Level 1:colcon.colcon_core.package_identification:_identify(ros2_aruco/ros2_aruco_interfaces) by extension 'colcon_pkg'
[0.693s] Level 1:colcon.colcon_core.package_identification:_identify(ros2_aruco/ros2_aruco_interfaces) by extensions ['colcon_meta']
[0.694s] Level 1:colcon.colcon_core.package_identification:_identify(ros2_aruco/ros2_aruco_interfaces) by extension 'colcon_meta'
[0.694s] Level 1:colcon.colcon_core.package_identification:_identify(ros2_aruco/ros2_aruco_interfaces) by extensions ['ros']
[0.694s] Level 1:colcon.colcon_core.package_identification:_identify(ros2_aruco/ros2_aruco_interfaces) by extension 'ros'
[0.695s] DEBUG:colcon.colcon_core.package_identification:Package 'ros2_aruco/ros2_aruco_interfaces' with type 'ros.ament_cmake' and name 'ros2_aruco_interfaces'
[0.695s] Level 1:colcon.colcon_core.package_identification:_identify(ros2_control_demos) by extensions ['ignore', 'ignore_ament_install']
[0.695s] Level 1:colcon.colcon_core.package_identification:_identify(ros2_control_demos) by extension 'ignore'
[0.695s] Level 1:colcon.colcon_core.package_identification:_identify(ros2_control_demos) by extension 'ignore_ament_install'
[0.695s] Level 1:colcon.colcon_core.package_identification:_identify(ros2_control_demos) by extensions ['colcon_pkg']
[0.695s] Level 1:colcon.colcon_core.package_identification:_identify(ros2_control_demos) by extension 'colcon_pkg'
[0.695s] Level 1:colcon.colcon_core.package_identification:_identify(ros2_control_demos) by extensions ['colcon_meta']
[0.696s] Level 1:colcon.colcon_core.package_identification:_identify(ros2_control_demos) by extension 'colcon_meta'
[0.696s] Level 1:colcon.colcon_core.package_identification:_identify(ros2_control_demos) by extensions ['ros']
[0.696s] Level 1:colcon.colcon_core.package_identification:_identify(ros2_control_demos) by extension 'ros'
[0.696s] Level 1:colcon.colcon_core.package_identification:_identify(ros2_control_demos) by extensions ['cmake', 'python']
[0.696s] Level 1:colcon.colcon_core.package_identification:_identify(ros2_control_demos) by extension 'cmake'
[0.696s] Level 1:colcon.colcon_core.package_identification:_identify(ros2_control_demos) by extension 'python'
[0.696s] Level 1:colcon.colcon_core.package_identification:_identify(ros2_control_demos) by extensions ['python_setup_py']
[0.696s] Level 1:colcon.colcon_core.package_identification:_identify(ros2_control_demos) by extension 'python_setup_py'
[0.696s] Level 1:colcon.colcon_core.package_identification:_identify(ros2_control_demos/Dockerfile) by extensions ['ignore', 'ignore_ament_install']
[0.696s] Level 1:colcon.colcon_core.package_identification:_identify(ros2_control_demos/Dockerfile) by extension 'ignore'
[0.696s] Level 1:colcon.colcon_core.package_identification:_identify(ros2_control_demos/Dockerfile) by extension 'ignore_ament_install'
[0.696s] Level 1:colcon.colcon_core.package_identification:_identify(ros2_control_demos/Dockerfile) by extensions ['colcon_pkg']
[0.697s] Level 1:colcon.colcon_core.package_identification:_identify(ros2_control_demos/Dockerfile) by extension 'colcon_pkg'
[0.697s] Level 1:colcon.colcon_core.package_identification:_identify(ros2_control_demos/Dockerfile) by extensions ['colcon_meta']
[0.697s] Level 1:colcon.colcon_core.package_identification:_identify(ros2_control_demos/Dockerfile) by extension 'colcon_meta'
[0.697s] Level 1:colcon.colcon_core.package_identification:_identify(ros2_control_demos/Dockerfile) by extensions ['ros']
[0.697s] Level 1:colcon.colcon_core.package_identification:_identify(ros2_control_demos/Dockerfile) by extension 'ros'
[0.697s] Level 1:colcon.colcon_core.package_identification:_identify(ros2_control_demos/Dockerfile) by extensions ['cmake', 'python']
[0.697s] Level 1:colcon.colcon_core.package_identification:_identify(ros2_control_demos/Dockerfile) by extension 'cmake'
[0.697s] Level 1:colcon.colcon_core.package_identification:_identify(ros2_control_demos/Dockerfile) by extension 'python'
[0.697s] Level 1:colcon.colcon_core.package_identification:_identify(ros2_control_demos/Dockerfile) by extensions ['python_setup_py']
[0.697s] Level 1:colcon.colcon_core.package_identification:_identify(ros2_control_demos/Dockerfile) by extension 'python_setup_py'
[0.697s] Level 1:colcon.colcon_core.package_identification:_identify(ros2_control_demos/doc) by extensions ['ignore', 'ignore_ament_install']
[0.697s] Level 1:colcon.colcon_core.package_identification:_identify(ros2_control_demos/doc) by extension 'ignore'
[0.697s] Level 1:colcon.colcon_core.package_identification:_identify(ros2_control_demos/doc) by extension 'ignore_ament_install'
[0.698s] Level 1:colcon.colcon_core.package_identification:_identify(ros2_control_demos/doc) by extensions ['colcon_pkg']
[0.698s] Level 1:colcon.colcon_core.package_identification:_identify(ros2_control_demos/doc) by extension 'colcon_pkg'
[0.698s] Level 1:colcon.colcon_core.package_identification:_identify(ros2_control_demos/doc) by extensions ['colcon_meta']
[0.698s] Level 1:colcon.colcon_core.package_identification:_identify(ros2_control_demos/doc) by extension 'colcon_meta'
[0.698s] Level 1:colcon.colcon_core.package_identification:_identify(ros2_control_demos/doc) by extensions ['ros']
[0.698s] Level 1:colcon.colcon_core.package_identification:_identify(ros2_control_demos/doc) by extension 'ros'
[0.698s] Level 1:colcon.colcon_core.package_identification:_identify(ros2_control_demos/doc) by extensions ['cmake', 'python']
[0.698s] Level 1:colcon.colcon_core.package_identification:_identify(ros2_control_demos/doc) by extension 'cmake'
[0.698s] Level 1:colcon.colcon_core.package_identification:_identify(ros2_control_demos/doc) by extension 'python'
[0.698s] Level 1:colcon.colcon_core.package_identification:_identify(ros2_control_demos/doc) by extensions ['python_setup_py']
[0.698s] Level 1:colcon.colcon_core.package_identification:_identify(ros2_control_demos/doc) by extension 'python_setup_py'
[0.698s] Level 1:colcon.colcon_core.package_identification:_identify(ros2_control_demos/example_1) by extensions ['ignore', 'ignore_ament_install']
[0.698s] Level 1:colcon.colcon_core.package_identification:_identify(ros2_control_demos/example_1) by extension 'ignore'
[0.698s] Level 1:colcon.colcon_core.package_identification:_identify(ros2_control_demos/example_1) by extension 'ignore_ament_install'
[0.699s] Level 1:colcon.colcon_core.package_identification:_identify(ros2_control_demos/example_1) by extensions ['colcon_pkg']
[0.699s] Level 1:colcon.colcon_core.package_identification:_identify(ros2_control_demos/example_1) by extension 'colcon_pkg'
[0.699s] Level 1:colcon.colcon_core.package_identification:_identify(ros2_control_demos/example_1) by extensions ['colcon_meta']
[0.699s] Level 1:colcon.colcon_core.package_identification:_identify(ros2_control_demos/example_1) by extension 'colcon_meta'
[0.699s] Level 1:colcon.colcon_core.package_identification:_identify(ros2_control_demos/example_1) by extensions ['ros']
[0.699s] Level 1:colcon.colcon_core.package_identification:_identify(ros2_control_demos/example_1) by extension 'ros'
[0.700s] DEBUG:colcon.colcon_core.package_identification:Package 'ros2_control_demos/example_1' with type 'ros.ament_cmake' and name 'ros2_control_demo_example_1'
[0.701s] Level 1:colcon.colcon_core.package_identification:_identify(ros2_control_demos/example_10) by extensions ['ignore', 'ignore_ament_install']
[0.701s] Level 1:colcon.colcon_core.package_identification:_identify(ros2_control_demos/example_10) by extension 'ignore'
[0.701s] Level 1:colcon.colcon_core.package_identification:_identify(ros2_control_demos/example_10) by extension 'ignore_ament_install'
[0.701s] Level 1:colcon.colcon_core.package_identification:_identify(ros2_control_demos/example_10) by extensions ['colcon_pkg']
[0.701s] Level 1:colcon.colcon_core.package_identification:_identify(ros2_control_demos/example_10) by extension 'colcon_pkg'
[0.701s] Level 1:colcon.colcon_core.package_identification:_identify(ros2_control_demos/example_10) by extensions ['colcon_meta']
[0.701s] Level 1:colcon.colcon_core.package_identification:_identify(ros2_control_demos/example_10) by extension 'colcon_meta'
[0.701s] Level 1:colcon.colcon_core.package_identification:_identify(ros2_control_demos/example_10) by extensions ['ros']
[0.701s] Level 1:colcon.colcon_core.package_identification:_identify(ros2_control_demos/example_10) by extension 'ros'
[0.703s] DEBUG:colcon.colcon_core.package_identification:Package 'ros2_control_demos/example_10' with type 'ros.ament_cmake' and name 'ros2_control_demo_example_10'
[0.703s] Level 1:colcon.colcon_core.package_identification:_identify(ros2_control_demos/example_11) by extensions ['ignore', 'ignore_ament_install']
[0.703s] Level 1:colcon.colcon_core.package_identification:_identify(ros2_control_demos/example_11) by extension 'ignore'
[0.703s] Level 1:colcon.colcon_core.package_identification:_identify(ros2_control_demos/example_11) by extension 'ignore_ament_install'
[0.703s] Level 1:colcon.colcon_core.package_identification:_identify(ros2_control_demos/example_11) by extensions ['colcon_pkg']
[0.703s] Level 1:colcon.colcon_core.package_identification:_identify(ros2_control_demos/example_11) by extension 'colcon_pkg'
[0.703s] Level 1:colcon.colcon_core.package_identification:_identify(ros2_control_demos/example_11) by extensions ['colcon_meta']
[0.703s] Level 1:colcon.colcon_core.package_identification:_identify(ros2_control_demos/example_11) by extension 'colcon_meta'
[0.704s] Level 1:colcon.colcon_core.package_identification:_identify(ros2_control_demos/example_11) by extensions ['ros']
[0.704s] Level 1:colcon.colcon_core.package_identification:_identify(ros2_control_demos/example_11) by extension 'ros'
[0.705s] DEBUG:colcon.colcon_core.package_identification:Package 'ros2_control_demos/example_11' with type 'ros.ament_cmake' and name 'ros2_control_demo_example_11'
[0.705s] Level 1:colcon.colcon_core.package_identification:_identify(ros2_control_demos/example_12) by extensions ['ignore', 'ignore_ament_install']
[0.705s] Level 1:colcon.colcon_core.package_identification:_identify(ros2_control_demos/example_12) by extension 'ignore'
[0.705s] Level 1:colcon.colcon_core.package_identification:_identify(ros2_control_demos/example_12) by extension 'ignore_ament_install'
[0.706s] Level 1:colcon.colcon_core.package_identification:_identify(ros2_control_demos/example_12) by extensions ['colcon_pkg']
[0.706s] Level 1:colcon.colcon_core.package_identification:_identify(ros2_control_demos/example_12) by extension 'colcon_pkg'
[0.706s] Level 1:colcon.colcon_core.package_identification:_identify(ros2_control_demos/example_12) by extensions ['colcon_meta']
[0.706s] Level 1:colcon.colcon_core.package_identification:_identify(ros2_control_demos/example_12) by extension 'colcon_meta'
[0.706s] Level 1:colcon.colcon_core.package_identification:_identify(ros2_control_demos/example_12) by extensions ['ros']
[0.706s] Level 1:colcon.colcon_core.package_identification:_identify(ros2_control_demos/example_12) by extension 'ros'
[0.708s] DEBUG:colcon.colcon_core.package_identification:Package 'ros2_control_demos/example_12' with type 'ros.ament_cmake' and name 'ros2_control_demo_example_12'
[0.708s] Level 1:colcon.colcon_core.package_identification:_identify(ros2_control_demos/example_14) by extensions ['ignore', 'ignore_ament_install']
[0.708s] Level 1:colcon.colcon_core.package_identification:_identify(ros2_control_demos/example_14) by extension 'ignore'
[0.708s] Level 1:colcon.colcon_core.package_identification:_identify(ros2_control_demos/example_14) by extension 'ignore_ament_install'
[0.708s] Level 1:colcon.colcon_core.package_identification:_identify(ros2_control_demos/example_14) by extensions ['colcon_pkg']
[0.708s] Level 1:colcon.colcon_core.package_identification:_identify(ros2_control_demos/example_14) by extension 'colcon_pkg'
[0.708s] Level 1:colcon.colcon_core.package_identification:_identify(ros2_control_demos/example_14) by extensions ['colcon_meta']
[0.708s] Level 1:colcon.colcon_core.package_identification:_identify(ros2_control_demos/example_14) by extension 'colcon_meta'
[0.708s] Level 1:colcon.colcon_core.package_identification:_identify(ros2_control_demos/example_14) by extensions ['ros']
[0.708s] Level 1:colcon.colcon_core.package_identification:_identify(ros2_control_demos/example_14) by extension 'ros'
[0.710s] DEBUG:colcon.colcon_core.package_identification:Package 'ros2_control_demos/example_14' with type 'ros.ament_cmake' and name 'ros2_control_demo_example_14'
[0.710s] Level 1:colcon.colcon_core.package_identification:_identify(ros2_control_demos/example_2) by extensions ['ignore', 'ignore_ament_install']
[0.710s] Level 1:colcon.colcon_core.package_identification:_identify(ros2_control_demos/example_2) by extension 'ignore'
[0.710s] Level 1:colcon.colcon_core.package_identification:_identify(ros2_control_demos/example_2) by extension 'ignore_ament_install'
[0.710s] Level 1:colcon.colcon_core.package_identification:_identify(ros2_control_demos/example_2) by extensions ['colcon_pkg']
[0.710s] Level 1:colcon.colcon_core.package_identification:_identify(ros2_control_demos/example_2) by extension 'colcon_pkg'
[0.710s] Level 1:colcon.colcon_core.package_identification:_identify(ros2_control_demos/example_2) by extensions ['colcon_meta']
[0.711s] Level 1:colcon.colcon_core.package_identification:_identify(ros2_control_demos/example_2) by extension 'colcon_meta'
[0.711s] Level 1:colcon.colcon_core.package_identification:_identify(ros2_control_demos/example_2) by extensions ['ros']
[0.711s] Level 1:colcon.colcon_core.package_identification:_identify(ros2_control_demos/example_2) by extension 'ros'
[0.712s] DEBUG:colcon.colcon_core.package_identification:Package 'ros2_control_demos/example_2' with type 'ros.ament_cmake' and name 'ros2_control_demo_example_2'
[0.712s] Level 1:colcon.colcon_core.package_identification:_identify(ros2_control_demos/example_3) by extensions ['ignore', 'ignore_ament_install']
[0.712s] Level 1:colcon.colcon_core.package_identification:_identify(ros2_control_demos/example_3) by extension 'ignore'
[0.713s] Level 1:colcon.colcon_core.package_identification:_identify(ros2_control_demos/example_3) by extension 'ignore_ament_install'
[0.713s] Level 1:colcon.colcon_core.package_identification:_identify(ros2_control_demos/example_3) by extensions ['colcon_pkg']
[0.713s] Level 1:colcon.colcon_core.package_identification:_identify(ros2_control_demos/example_3) by extension 'colcon_pkg'
[0.713s] Level 1:colcon.colcon_core.package_identification:_identify(ros2_control_demos/example_3) by extensions ['colcon_meta']
[0.713s] Level 1:colcon.colcon_core.package_identification:_identify(ros2_control_demos/example_3) by extension 'colcon_meta'
[0.713s] Level 1:colcon.colcon_core.package_identification:_identify(ros2_control_demos/example_3) by extensions ['ros']
[0.713s] Level 1:colcon.colcon_core.package_identification:_identify(ros2_control_demos/example_3) by extension 'ros'
[0.716s] DEBUG:colcon.colcon_core.package_identification:Package 'ros2_control_demos/example_3' with type 'ros.ament_cmake' and name 'ros2_control_demo_example_3'
[0.716s] Level 1:colcon.colcon_core.package_identification:_identify(ros2_control_demos/example_4) by extensions ['ignore', 'ignore_ament_install']
[0.716s] Level 1:colcon.colcon_core.package_identification:_identify(ros2_control_demos/example_4) by extension 'ignore'
[0.716s] Level 1:colcon.colcon_core.package_identification:_identify(ros2_control_demos/example_4) by extension 'ignore_ament_install'
[0.716s] Level 1:colcon.colcon_core.package_identification:_identify(ros2_control_demos/example_4) by extensions ['colcon_pkg']
[0.716s] Level 1:colcon.colcon_core.package_identification:_identify(ros2_control_demos/example_4) by extension 'colcon_pkg'
[0.716s] Level 1:colcon.colcon_core.package_identification:_identify(ros2_control_demos/example_4) by extensions ['colcon_meta']
[0.716s] Level 1:colcon.colcon_core.package_identification:_identify(ros2_control_demos/example_4) by extension 'colcon_meta'
[0.716s] Level 1:colcon.colcon_core.package_identification:_identify(ros2_control_demos/example_4) by extensions ['ros']
[0.717s] Level 1:colcon.colcon_core.package_identification:_identify(ros2_control_demos/example_4) by extension 'ros'
[0.718s] DEBUG:colcon.colcon_core.package_identification:Package 'ros2_control_demos/example_4' with type 'ros.ament_cmake' and name 'ros2_control_demo_example_4'
[0.718s] Level 1:colcon.colcon_core.package_identification:_identify(ros2_control_demos/example_5) by extensions ['ignore', 'ignore_ament_install']
[0.718s] Level 1:colcon.colcon_core.package_identification:_identify(ros2_control_demos/example_5) by extension 'ignore'
[0.719s] Level 1:colcon.colcon_core.package_identification:_identify(ros2_control_demos/example_5) by extension 'ignore_ament_install'
[0.719s] Level 1:colcon.colcon_core.package_identification:_identify(ros2_control_demos/example_5) by extensions ['colcon_pkg']
[0.719s] Level 1:colcon.colcon_core.package_identification:_identify(ros2_control_demos/example_5) by extension 'colcon_pkg'
[0.719s] Level 1:colcon.colcon_core.package_identification:_identify(ros2_control_demos/example_5) by extensions ['colcon_meta']
[0.719s] Level 1:colcon.colcon_core.package_identification:_identify(ros2_control_demos/example_5) by extension 'colcon_meta'
[0.719s] Level 1:colcon.colcon_core.package_identification:_identify(ros2_control_demos/example_5) by extensions ['ros']
[0.719s] Level 1:colcon.colcon_core.package_identification:_identify(ros2_control_demos/example_5) by extension 'ros'
[0.721s] DEBUG:colcon.colcon_core.package_identification:Package 'ros2_control_demos/example_5' with type 'ros.ament_cmake' and name 'ros2_control_demo_example_5'
[0.721s] Level 1:colcon.colcon_core.package_identification:_identify(ros2_control_demos/example_6) by extensions ['ignore', 'ignore_ament_install']
[0.721s] Level 1:colcon.colcon_core.package_identification:_identify(ros2_control_demos/example_6) by extension 'ignore'
[0.721s] Level 1:colcon.colcon_core.package_identification:_identify(ros2_control_demos/example_6) by extension 'ignore_ament_install'
[0.721s] Level 1:colcon.colcon_core.package_identification:_identify(ros2_control_demos/example_6) by extensions ['colcon_pkg']
[0.721s] Level 1:colcon.colcon_core.package_identification:_identify(ros2_control_demos/example_6) by extension 'colcon_pkg'
[0.721s] Level 1:colcon.colcon_core.package_identification:_identify(ros2_control_demos/example_6) by extensions ['colcon_meta']
[0.721s] Level 1:colcon.colcon_core.package_identification:_identify(ros2_control_demos/example_6) by extension 'colcon_meta'
[0.721s] Level 1:colcon.colcon_core.package_identification:_identify(ros2_control_demos/example_6) by extensions ['ros']
[0.721s] Level 1:colcon.colcon_core.package_identification:_identify(ros2_control_demos/example_6) by extension 'ros'
[0.723s] DEBUG:colcon.colcon_core.package_identification:Package 'ros2_control_demos/example_6' with type 'ros.ament_cmake' and name 'ros2_control_demo_example_6'
[0.723s] Level 1:colcon.colcon_core.package_identification:_identify(ros2_control_demos/example_7) by extensions ['ignore', 'ignore_ament_install']
[0.723s] Level 1:colcon.colcon_core.package_identification:_identify(ros2_control_demos/example_7) by extension 'ignore'
[0.724s] Level 1:colcon.colcon_core.package_identification:_identify(ros2_control_demos/example_7) by extension 'ignore_ament_install'
[0.724s] Level 1:colcon.colcon_core.package_identification:_identify(ros2_control_demos/example_7) by extensions ['colcon_pkg']
[0.724s] Level 1:colcon.colcon_core.package_identification:_identify(ros2_control_demos/example_7) by extension 'colcon_pkg'
[0.724s] Level 1:colcon.colcon_core.package_identification:_identify(ros2_control_demos/example_7) by extensions ['colcon_meta']
[0.724s] Level 1:colcon.colcon_core.package_identification:_identify(ros2_control_demos/example_7) by extension 'colcon_meta'
[0.724s] Level 1:colcon.colcon_core.package_identification:_identify(ros2_control_demos/example_7) by extensions ['ros']
[0.724s] Level 1:colcon.colcon_core.package_identification:_identify(ros2_control_demos/example_7) by extension 'ros'
[0.726s] DEBUG:colcon.colcon_core.package_identification:Package 'ros2_control_demos/example_7' with type 'ros.ament_cmake' and name 'ros2_control_demo_example_7'
[0.726s] Level 1:colcon.colcon_core.package_identification:_identify(ros2_control_demos/example_8) by extensions ['ignore', 'ignore_ament_install']
[0.727s] Level 1:colcon.colcon_core.package_identification:_identify(ros2_control_demos/example_8) by extension 'ignore'
[0.727s] Level 1:colcon.colcon_core.package_identification:_identify(ros2_control_demos/example_8) by extension 'ignore_ament_install'
[0.727s] Level 1:colcon.colcon_core.package_identification:_identify(ros2_control_demos/example_8) by extensions ['colcon_pkg']
[0.727s] Level 1:colcon.colcon_core.package_identification:_identify(ros2_control_demos/example_8) by extension 'colcon_pkg'
[0.727s] Level 1:colcon.colcon_core.package_identification:_identify(ros2_control_demos/example_8) by extensions ['colcon_meta']
[0.727s] Level 1:colcon.colcon_core.package_identification:_identify(ros2_control_demos/example_8) by extension 'colcon_meta'
[0.727s] Level 1:colcon.colcon_core.package_identification:_identify(ros2_control_demos/example_8) by extensions ['ros']
[0.727s] Level 1:colcon.colcon_core.package_identification:_identify(ros2_control_demos/example_8) by extension 'ros'
[0.729s] DEBUG:colcon.colcon_core.package_identification:Package 'ros2_control_demos/example_8' with type 'ros.ament_cmake' and name 'ros2_control_demo_example_8'
[0.729s] Level 1:colcon.colcon_core.package_identification:_identify(ros2_control_demos/example_9) by extensions ['ignore', 'ignore_ament_install']
[0.729s] Level 1:colcon.colcon_core.package_identification:_identify(ros2_control_demos/example_9) by extension 'ignore'
[0.729s] Level 1:colcon.colcon_core.package_identification:_identify(ros2_control_demos/example_9) by extension 'ignore_ament_install'
[0.729s] Level 1:colcon.colcon_core.package_identification:_identify(ros2_control_demos/example_9) by extensions ['colcon_pkg']
[0.729s] Level 1:colcon.colcon_core.package_identification:_identify(ros2_control_demos/example_9) by extension 'colcon_pkg'
[0.729s] Level 1:colcon.colcon_core.package_identification:_identify(ros2_control_demos/example_9) by extensions ['colcon_meta']
[0.729s] Level 1:colcon.colcon_core.package_identification:_identify(ros2_control_demos/example_9) by extension 'colcon_meta'
[0.729s] Level 1:colcon.colcon_core.package_identification:_identify(ros2_control_demos/example_9) by extensions ['ros']
[0.729s] Level 1:colcon.colcon_core.package_identification:_identify(ros2_control_demos/example_9) by extension 'ros'
[0.731s] DEBUG:colcon.colcon_core.package_identification:Package 'ros2_control_demos/example_9' with type 'ros.ament_cmake' and name 'ros2_control_demo_example_9'
[0.731s] Level 1:colcon.colcon_core.package_identification:_identify(ros2_control_demos/ros2_control_demo_description) by extensions ['ignore', 'ignore_ament_install']
[0.731s] Level 1:colcon.colcon_core.package_identification:_identify(ros2_control_demos/ros2_control_demo_description) by extension 'ignore'
[0.732s] Level 1:colcon.colcon_core.package_identification:_identify(ros2_control_demos/ros2_control_demo_description) by extension 'ignore_ament_install'
[0.732s] Level 1:colcon.colcon_core.package_identification:_identify(ros2_control_demos/ros2_control_demo_description) by extensions ['colcon_pkg']
[0.732s] Level 1:colcon.colcon_core.package_identification:_identify(ros2_control_demos/ros2_control_demo_description) by extension 'colcon_pkg'
[0.732s] Level 1:colcon.colcon_core.package_identification:_identify(ros2_control_demos/ros2_control_demo_description) by extensions ['colcon_meta']
[0.732s] Level 1:colcon.colcon_core.package_identification:_identify(ros2_control_demos/ros2_control_demo_description) by extension 'colcon_meta'
[0.732s] Level 1:colcon.colcon_core.package_identification:_identify(ros2_control_demos/ros2_control_demo_description) by extensions ['ros']
[0.732s] Level 1:colcon.colcon_core.package_identification:_identify(ros2_control_demos/ros2_control_demo_description) by extension 'ros'
[0.733s] DEBUG:colcon.colcon_core.package_identification:Package 'ros2_control_demos/ros2_control_demo_description' with type 'ros.ament_cmake' and name 'ros2_control_demo_description'
[0.733s] Level 1:colcon.colcon_core.package_identification:_identify(ros2_control_demos/ros2_control_demos) by extensions ['ignore', 'ignore_ament_install']
[0.733s] Level 1:colcon.colcon_core.package_identification:_identify(ros2_control_demos/ros2_control_demos) by extension 'ignore'
[0.733s] Level 1:colcon.colcon_core.package_identification:_identify(ros2_control_demos/ros2_control_demos) by extension 'ignore_ament_install'
[0.733s] Level 1:colcon.colcon_core.package_identification:_identify(ros2_control_demos/ros2_control_demos) by extensions ['colcon_pkg']
[0.733s] Level 1:colcon.colcon_core.package_identification:_identify(ros2_control_demos/ros2_control_demos) by extension 'colcon_pkg'
[0.733s] Level 1:colcon.colcon_core.package_identification:_identify(ros2_control_demos/ros2_control_demos) by extensions ['colcon_meta']
[0.733s] Level 1:colcon.colcon_core.package_identification:_identify(ros2_control_demos/ros2_control_demos) by extension 'colcon_meta'
[0.733s] Level 1:colcon.colcon_core.package_identification:_identify(ros2_control_demos/ros2_control_demos) by extensions ['ros']
[0.733s] Level 1:colcon.colcon_core.package_identification:_identify(ros2_control_demos/ros2_control_demos) by extension 'ros'
[0.734s] DEBUG:colcon.colcon_core.package_identification:Package 'ros2_control_demos/ros2_control_demos' with type 'ros.ament_cmake' and name 'ros2_control_demos'
[0.735s] Level 1:colcon.colcon_core.package_identification:_identify(tb3_autonomy) by extensions ['ignore', 'ignore_ament_install']
[0.735s] Level 1:colcon.colcon_core.package_identification:_identify(tb3_autonomy) by extension 'ignore'
[0.735s] Level 1:colcon.colcon_core.package_identification:_identify(tb3_autonomy) by extension 'ignore_ament_install'
[0.735s] Level 1:colcon.colcon_core.package_identification:_identify(tb3_autonomy) by extensions ['colcon_pkg']
[0.735s] Level 1:colcon.colcon_core.package_identification:_identify(tb3_autonomy) by extension 'colcon_pkg'
[0.735s] Level 1:colcon.colcon_core.package_identification:_identify(tb3_autonomy) by extensions ['colcon_meta']
[0.735s] Level 1:colcon.colcon_core.package_identification:_identify(tb3_autonomy) by extension 'colcon_meta'
[0.735s] Level 1:colcon.colcon_core.package_identification:_identify(tb3_autonomy) by extensions ['ros']
[0.735s] Level 1:colcon.colcon_core.package_identification:_identify(tb3_autonomy) by extension 'ros'
[0.736s] DEBUG:colcon.colcon_core.package_identification:Package 'tb3_autonomy' with type 'ros.ament_cmake' and name 'tb3_autonomy'
[0.736s] Level 1:colcon.colcon_core.package_identification:_identify(teleop_twist_joy) by extensions ['ignore', 'ignore_ament_install']
[0.736s] Level 1:colcon.colcon_core.package_identification:_identify(teleop_twist_joy) by extension 'ignore'
[0.737s] Level 1:colcon.colcon_core.package_identification:_identify(teleop_twist_joy) by extension 'ignore_ament_install'
[0.737s] Level 1:colcon.colcon_core.package_identification:_identify(teleop_twist_joy) by extensions ['colcon_pkg']
[0.737s] Level 1:colcon.colcon_core.package_identification:_identify(teleop_twist_joy) by extension 'colcon_pkg'
[0.737s] Level 1:colcon.colcon_core.package_identification:_identify(teleop_twist_joy) by extensions ['colcon_meta']
[0.737s] Level 1:colcon.colcon_core.package_identification:_identify(teleop_twist_joy) by extension 'colcon_meta'
[0.737s] Level 1:colcon.colcon_core.package_identification:_identify(teleop_twist_joy) by extensions ['ros']
[0.737s] Level 1:colcon.colcon_core.package_identification:_identify(teleop_twist_joy) by extension 'ros'
[0.738s] DEBUG:colcon.colcon_core.package_identification:Package 'teleop_twist_joy' with type 'ros.ament_cmake' and name 'teleop_twist_joy'
[0.738s] Level 1:colcon.colcon_core.package_identification:_identify(usb_cam) by extensions ['ignore', 'ignore_ament_install']
[0.739s] Level 1:colcon.colcon_core.package_identification:_identify(usb_cam) by extension 'ignore'
[0.739s] Level 1:colcon.colcon_core.package_identification:_identify(usb_cam) by extension 'ignore_ament_install'
[0.739s] Level 1:colcon.colcon_core.package_identification:_identify(usb_cam) by extensions ['colcon_pkg']
[0.739s] Level 1:colcon.colcon_core.package_identification:_identify(usb_cam) by extension 'colcon_pkg'
[0.739s] Level 1:colcon.colcon_core.package_identification:_identify(usb_cam) by extensions ['colcon_meta']
[0.739s] Level 1:colcon.colcon_core.package_identification:_identify(usb_cam) by extension 'colcon_meta'
[0.739s] Level 1:colcon.colcon_core.package_identification:_identify(usb_cam) by extensions ['ros']
[0.739s] Level 1:colcon.colcon_core.package_identification:_identify(usb_cam) by extension 'ros'
[0.748s] DEBUG:colcon.colcon_core.package_identification:Package 'usb_cam' with type 'ros.ament_cmake' and name 'usb_cam'
[0.748s] Level 1:colcon.colcon_core.package_identification:_identify(ydlidar_ros2_driver) by extensions ['ignore', 'ignore_ament_install']
[0.748s] Level 1:colcon.colcon_core.package_identification:_identify(ydlidar_ros2_driver) by extension 'ignore'
[0.748s] Level 1:colcon.colcon_core.package_identification:_identify(ydlidar_ros2_driver) by extension 'ignore_ament_install'
[0.748s] Level 1:colcon.colcon_core.package_identification:_identify(ydlidar_ros2_driver) by extensions ['colcon_pkg']
[0.748s] Level 1:colcon.colcon_core.package_identification:_identify(ydlidar_ros2_driver) by extension 'colcon_pkg'
[0.748s] Level 1:colcon.colcon_core.package_identification:_identify(ydlidar_ros2_driver) by extensions ['colcon_meta']
[0.748s] Level 1:colcon.colcon_core.package_identification:_identify(ydlidar_ros2_driver) by extension 'colcon_meta'
[0.748s] Level 1:colcon.colcon_core.package_identification:_identify(ydlidar_ros2_driver) by extensions ['ros']
[0.748s] Level 1:colcon.colcon_core.package_identification:_identify(ydlidar_ros2_driver) by extension 'ros'
[0.749s] DEBUG:colcon.colcon_core.package_identification:Package 'ydlidar_ros2_driver' with type 'ros.ament_cmake' and name 'ydlidar_ros2_driver'
[0.750s] Level 1:colcon.colcon_core.package_discovery:discover_packages(recursive) using defaults
[0.750s] Level 1:colcon.colcon_core.package_discovery:discover_packages(ignore) discover
[0.750s] Level 1:colcon.colcon_core.package_discovery:discover_packages(ignore) using defaults
[0.750s] Level 1:colcon.colcon_core.package_discovery:discover_packages(path) discover
[0.750s] Level 1:colcon.colcon_core.package_discovery:discover_packages(path) using defaults
[0.800s] INFO:colcon.colcon_core.package_selection:Skipping not selected package 'behaviortree_cpp' in 'BehaviorTree.CPP'
[0.800s] INFO:colcon.colcon_core.package_selection:Skipping not selected package 'cart_park_autonomy' in 'cart_park_autonomy'
[0.800s] INFO:colcon.colcon_core.package_selection:Skipping not selected package 'escape_from_cart' in 'escape_from_cart'
[0.800s] INFO:colcon.colcon_core.package_selection:Skipping not selected package 'my_action_interface' in 'my_action_interface'
[0.800s] INFO:colcon.colcon_core.package_selection:Skipping not selected package 'my_aruco_to_goal_pose_pkg' in 'my_aruco_to_goal_pose_pkg'
[0.800s] INFO:colcon.colcon_core.package_selection:Skipping not selected package 'my_bot_description' in 'my_bot_description'
[0.800s] INFO:colcon.colcon_core.package_selection:Skipping not selected package 'my_docking' in 'my_docking'
[0.800s] INFO:colcon.colcon_core.package_selection:Skipping not selected package 'my_slam_package' in 'my_slam_package'
[0.800s] INFO:colcon.colcon_core.package_selection:Skipping not selected package 'my_tf_package' in 'my_tf_package'
[0.800s] INFO:colcon.colcon_core.package_selection:Skipping not selected package 'odrive_hardware_interface' in 'odrive_ros2_control/odrive_hardware_interface'
[0.801s] INFO:colcon.colcon_core.package_selection:Skipping not selected package 'realsense2_camera_msgs' in 'realsense-ros/realsense2_camera_msgs'
[0.801s] INFO:colcon.colcon_core.package_selection:Skipping not selected package 'ros2_aruco' in 'ros2_aruco/ros2_aruco'
[0.801s] INFO:colcon.colcon_core.package_selection:Skipping not selected package 'ros2_aruco_interfaces' in 'ros2_aruco/ros2_aruco_interfaces'
[0.801s] INFO:colcon.colcon_core.package_selection:Skipping not selected package 'ros2_control_demo_description' in 'ros2_control_demos/ros2_control_demo_description'
[0.801s] INFO:colcon.colcon_core.package_selection:Skipping not selected package 'ros2_control_demo_example_14' in 'ros2_control_demos/example_14'
[0.801s] INFO:colcon.colcon_core.package_selection:Skipping not selected package 'tb3_autonomy' in 'tb3_autonomy'
[0.801s] INFO:colcon.colcon_core.package_selection:Skipping not selected package 'teleop_twist_joy' in 'teleop_twist_joy'
[0.801s] INFO:colcon.colcon_core.package_selection:Skipping not selected package 'usb_cam' in 'usb_cam'
[0.801s] INFO:colcon.colcon_core.package_selection:Skipping not selected package 'ydlidar_ros2_driver' in 'ydlidar_ros2_driver'
[0.801s] INFO:colcon.colcon_core.package_selection:Skipping not selected package 'ydlidar_sdk' in 'YDLidar-SDK'
[0.801s] INFO:colcon.colcon_core.package_selection:Skipping not selected package 'odrive_demo_description' in 'odrive_ros2_control/odrive_demo_description'
[0.801s] INFO:colcon.colcon_core.package_selection:Skipping not selected package 'realsense2_camera' in 'realsense-ros/realsense2_camera'
[0.801s] INFO:colcon.colcon_core.package_selection:Skipping not selected package 'realsense2_description' in 'realsense-ros/realsense2_description'
[0.801s] INFO:colcon.colcon_core.package_selection:Skipping not selected package 'ros2_control_demo_example_1' in 'ros2_control_demos/example_1'
[0.801s] INFO:colcon.colcon_core.package_selection:Skipping not selected package 'ros2_control_demo_example_10' in 'ros2_control_demos/example_10'
[0.801s] INFO:colcon.colcon_core.package_selection:Skipping not selected package 'ros2_control_demo_example_11' in 'ros2_control_demos/example_11'
[0.801s] INFO:colcon.colcon_core.package_selection:Skipping not selected package 'ros2_control_demo_example_12' in 'ros2_control_demos/example_12'
[0.801s] INFO:colcon.colcon_core.package_selection:Skipping not selected package 'ros2_control_demo_example_2' in 'ros2_control_demos/example_2'
[0.801s] INFO:colcon.colcon_core.package_selection:Skipping not selected package 'ros2_control_demo_example_3' in 'ros2_control_demos/example_3'
[0.801s] INFO:colcon.colcon_core.package_selection:Skipping not selected package 'ros2_control_demo_example_4' in 'ros2_control_demos/example_4'
[0.801s] INFO:colcon.colcon_core.package_selection:Skipping not selected package 'ros2_control_demo_example_5' in 'ros2_control_demos/example_5'
[0.801s] INFO:colcon.colcon_core.package_selection:Skipping not selected package 'ros2_control_demo_example_6' in 'ros2_control_demos/example_6'
[0.801s] INFO:colcon.colcon_core.package_selection:Skipping not selected package 'ros2_control_demo_example_7' in 'ros2_control_demos/example_7'
[0.801s] INFO:colcon.colcon_core.package_selection:Skipping not selected package 'ros2_control_demo_example_8' in 'ros2_control_demos/example_8'
[0.801s] INFO:colcon.colcon_core.package_selection:Skipping not selected package 'ros2_control_demo_example_9' in 'ros2_control_demos/example_9'
[0.801s] INFO:colcon.colcon_core.package_selection:Skipping not selected package 'odrive_demo_bringup' in 'odrive_ros2_control/odrive_demo_bringup'
[0.801s] INFO:colcon.colcon_core.package_selection:Skipping not selected package 'ros2_control_demos' in 'ros2_control_demos/ros2_control_demos'
[0.801s] INFO:colcon.colcon_core.package_selection:Skipping not selected package 'odrive_ros2_control' in 'odrive_ros2_control/odrive_ros2_control'
[0.802s] Level 1:colcon.colcon_core.package_discovery:discover_packages(prefix_path) check parameters
[0.802s] Level 1:colcon.colcon_core.package_discovery:discover_packages(prefix_path) discover
[0.808s] DEBUG:colcon.colcon_installed_package_information.package_discovery:Found 407 installed packages in /opt/ros/humble
[0.811s] Level 1:colcon.colcon_core.package_discovery:discover_packages(prefix_path) using defaults
[0.895s] Level 5:colcon.colcon_core.verb:set package 'my_tf2_package' build argument 'cmake_args' from command line to 'None'
[0.895s] Level 5:colcon.colcon_core.verb:set package 'my_tf2_package' build argument 'cmake_target' from command line to 'None'
[0.895s] Level 5:colcon.colcon_core.verb:set package 'my_tf2_package' build argument 'cmake_target_skip_unavailable' from command line to 'False'
[0.895s] Level 5:colcon.colcon_core.verb:set package 'my_tf2_package' build argument 'cmake_clean_cache' from command line to 'False'
[0.895s] Level 5:colcon.colcon_core.verb:set package 'my_tf2_package' build argument 'cmake_clean_first' from command line to 'False'
[0.895s] Level 5:colcon.colcon_core.verb:set package 'my_tf2_package' build argument 'cmake_force_configure' from command line to 'False'
[0.895s] Level 5:colcon.colcon_core.verb:set package 'my_tf2_package' build argument 'ament_cmake_args' from command line to 'None'
[0.895s] Level 5:colcon.colcon_core.verb:set package 'my_tf2_package' build argument 'catkin_cmake_args' from command line to 'None'
[0.895s] Level 5:colcon.colcon_core.verb:set package 'my_tf2_package' build argument 'catkin_skip_building_tests' from command line to 'False'
[0.895s] DEBUG:colcon.colcon_core.verb:Building package 'my_tf2_package' with the following arguments: {'ament_cmake_args': None, 'build_base': '/home/oh/slam_ws/src/build/my_tf2_package', 'catkin_cmake_args': None, 'catkin_skip_building_tests': False, 'cmake_args': None, 'cmake_clean_cache': False, 'cmake_clean_first': False, 'cmake_force_configure': False, 'cmake_target': None, 'cmake_target_skip_unavailable': False, 'install_base': '/home/oh/slam_ws/src/install/my_tf2_package', 'merge_install': False, 'path': '/home/oh/slam_ws/src/my_tf2_package', 'symlink_install': False, 'test_result_base': None}
[0.896s] INFO:colcon.colcon_core.executor:Executing jobs using 'parallel' executor
[0.897s] DEBUG:colcon.colcon_parallel_executor.executor.parallel:run_until_complete
[0.898s] INFO:colcon.colcon_ros.task.ament_python.build:Building ROS package in '/home/oh/slam_ws/src/my_tf2_package' with build type 'ament_python'
[0.898s] Level 1:colcon.colcon_core.shell:create_environment_hook('my_tf2_package', 'ament_prefix_path')
[0.904s] INFO:colcon.colcon_core.plugin_system:Skipping extension 'colcon_core.shell.bat': Not used on non-Windows systems
[0.904s] INFO:colcon.colcon_core.shell:Creating environment hook '/home/oh/slam_ws/src/install/my_tf2_package/share/my_tf2_package/hook/ament_prefix_path.ps1'
[0.905s] INFO:colcon.colcon_core.shell:Creating environment descriptor '/home/oh/slam_ws/src/install/my_tf2_package/share/my_tf2_package/hook/ament_prefix_path.dsv'
[0.907s] INFO:colcon.colcon_core.shell:Creating environment hook '/home/oh/slam_ws/src/install/my_tf2_package/share/my_tf2_package/hook/ament_prefix_path.sh'
[0.908s] INFO:colcon.colcon_core.shell:Skip shell extension 'powershell' for command environment: Not usable outside of PowerShell
[0.909s] DEBUG:colcon.colcon_core.shell:Skip shell extension 'dsv' for command environment
[1.395s] INFO:colcon.colcon_core.task.python.build:Building Python package in '/home/oh/slam_ws/src/my_tf2_package'
[1.395s] INFO:colcon.colcon_core.shell:Skip shell extension 'powershell' for command environment: Not usable outside of PowerShell
[1.395s] DEBUG:colcon.colcon_core.shell:Skip shell extension 'dsv' for command environment
[2.138s] DEBUG:colcon.colcon_core.event_handler.log_command:Invoking command in '/home/oh/slam_ws/src/my_tf2_package': PYTHONPATH=/home/oh/slam_ws/src/build/my_tf2_package/prefix_override:/home/oh/slam_ws/src/install/my_tf2_package/lib/python3.10/site-packages:${PYTHONPATH} /usr/bin/python3 -W ignore:setup.py install is deprecated setup.py egg_info --egg-base ../build/my_tf2_package build --build-base /home/oh/slam_ws/src/build/my_tf2_package/build install --record /home/oh/slam_ws/src/build/my_tf2_package/install.log --single-version-externally-managed install_data
[2.693s] DEBUG:colcon.colcon_core.event_handler.log_command:Invoked command in '/home/oh/slam_ws/src/my_tf2_package' returned '0': PYTHONPATH=/home/oh/slam_ws/src/build/my_tf2_package/prefix_override:/home/oh/slam_ws/src/install/my_tf2_package/lib/python3.10/site-packages:${PYTHONPATH} /usr/bin/python3 -W ignore:setup.py install is deprecated setup.py egg_info --egg-base ../build/my_tf2_package build --build-base /home/oh/slam_ws/src/build/my_tf2_package/build install --record /home/oh/slam_ws/src/build/my_tf2_package/install.log --single-version-externally-managed install_data
[2.699s] Level 1:colcon.colcon_core.environment:checking '/home/oh/slam_ws/src/install/my_tf2_package' for CMake module files
[2.700s] Level 1:colcon.colcon_core.environment:checking '/home/oh/slam_ws/src/install/my_tf2_package' for CMake config files
[2.701s] Level 1:colcon.colcon_core.environment:checking '/home/oh/slam_ws/src/install/my_tf2_package/lib'
[2.701s] Level 1:colcon.colcon_core.environment:checking '/home/oh/slam_ws/src/install/my_tf2_package/bin'
[2.702s] Level 1:colcon.colcon_core.environment:checking '/home/oh/slam_ws/src/install/my_tf2_package/lib/pkgconfig/my_tf2_package.pc'
[2.702s] Level 1:colcon.colcon_core.environment:checking '/home/oh/slam_ws/src/install/my_tf2_package/lib/python3.10/site-packages'
[2.702s] Level 1:colcon.colcon_core.shell:create_environment_hook('my_tf2_package', 'pythonpath')
[2.703s] INFO:colcon.colcon_core.shell:Creating environment hook '/home/oh/slam_ws/src/install/my_tf2_package/share/my_tf2_package/hook/pythonpath.ps1'
[2.703s] INFO:colcon.colcon_core.shell:Creating environment descriptor '/home/oh/slam_ws/src/install/my_tf2_package/share/my_tf2_package/hook/pythonpath.dsv'
[2.704s] INFO:colcon.colcon_core.shell:Creating environment hook '/home/oh/slam_ws/src/install/my_tf2_package/share/my_tf2_package/hook/pythonpath.sh'
[2.705s] Level 1:colcon.colcon_core.environment:checking '/home/oh/slam_ws/src/install/my_tf2_package/bin'
[2.705s] Level 1:colcon.colcon_core.environment:create_environment_scripts_only(my_tf2_package)
[2.706s] INFO:colcon.colcon_core.shell:Creating package script '/home/oh/slam_ws/src/install/my_tf2_package/share/my_tf2_package/package.ps1'
[2.708s] INFO:colcon.colcon_core.shell:Creating package descriptor '/home/oh/slam_ws/src/install/my_tf2_package/share/my_tf2_package/package.dsv'
[2.710s] INFO:colcon.colcon_core.shell:Creating package script '/home/oh/slam_ws/src/install/my_tf2_package/share/my_tf2_package/package.sh'
[2.712s] INFO:colcon.colcon_core.shell:Creating package script '/home/oh/slam_ws/src/install/my_tf2_package/share/my_tf2_package/package.bash'
[2.714s] INFO:colcon.colcon_core.shell:Creating package script '/home/oh/slam_ws/src/install/my_tf2_package/share/my_tf2_package/package.zsh'
[2.716s] Level 1:colcon.colcon_core.environment:create_file_with_runtime_dependencies(/home/oh/slam_ws/src/install/my_tf2_package/share/colcon-core/packages/my_tf2_package)
[2.716s] DEBUG:colcon.colcon_parallel_executor.executor.parallel:closing loop
[2.717s] DEBUG:colcon.colcon_parallel_executor.executor.parallel:loop closed
[2.717s] DEBUG:colcon.colcon_parallel_executor.executor.parallel:run_until_complete finished with '0'
[2.717s] DEBUG:colcon.colcon_core.event_reactor:joining thread
[2.727s] INFO:colcon.colcon_core.plugin_system:Skipping extension 'colcon_notification.desktop_notification.terminal_notifier': Not used on non-Darwin systems
[2.728s] INFO:colcon.colcon_core.plugin_system:Skipping extension 'colcon_notification.desktop_notification.win32': Not used on non-Windows systems
[2.728s] INFO:colcon.colcon_notification.desktop_notification:Sending desktop notification using 'notify2'
[2.772s] DEBUG:colcon.colcon_core.event_reactor:joined thread
[2.773s] INFO:colcon.colcon_core.shell:Creating prefix script '/home/oh/slam_ws/src/install/local_setup.ps1'
[2.776s] INFO:colcon.colcon_core.shell:Creating prefix util module '/home/oh/slam_ws/src/install/_local_setup_util_ps1.py'
[2.779s] INFO:colcon.colcon_core.shell:Creating prefix chain script '/home/oh/slam_ws/src/install/setup.ps1'
[2.781s] INFO:colcon.colcon_core.shell:Creating prefix script '/home/oh/slam_ws/src/install/local_setup.sh'
[2.783s] INFO:colcon.colcon_core.shell:Creating prefix util module '/home/oh/slam_ws/src/install/_local_setup_util_sh.py'
[2.784s] INFO:colcon.colcon_core.shell:Creating prefix chain script '/home/oh/slam_ws/src/install/setup.sh'
[2.786s] INFO:colcon.colcon_core.shell:Creating prefix script '/home/oh/slam_ws/src/install/local_setup.bash'
[2.787s] INFO:colcon.colcon_core.shell:Creating prefix chain script '/home/oh/slam_ws/src/install/setup.bash'
[2.789s] INFO:colcon.colcon_core.shell:Creating prefix script '/home/oh/slam_ws/src/install/local_setup.zsh'
[2.790s] INFO:colcon.colcon_core.shell:Creating prefix chain script '/home/oh/slam_ws/src/install/setup.zsh'
