[0.024s] Invoking command in '/home/oh/slam_ws/build/odrive_hardware_interface': CMAKE_PREFIX_PATH=/opt/ros/humble /usr/bin/cmake /home/oh/slam_ws/src/odrive_ros2_control/odrive_hardware_interface -DCMAKE_INSTALL_PREFIX=/home/oh/slam_ws/install/odrive_hardware_interface
[0.270s] -- The C compiler identification is GNU 11.4.0
[0.271s] -- The CXX compiler identification is GNU 11.4.0
[0.271s] -- Detecting C compiler ABI info
[0.295s] -- Detecting C compiler ABI info - done
[0.304s] -- Check for working C compiler: /usr/bin/cc - skipped
[0.305s] -- Detecting C compile features
[0.305s] -- Detecting C compile features - done
[0.307s] -- Detecting CXX compiler ABI info
[0.379s] -- Detecting CXX compiler ABI info - done
[0.394s] -- Check for working CXX compiler: /usr/bin/c++ - skipped
[0.394s] -- Detecting CXX compile features
[0.394s] -- Detecting CXX compile features - done
[0.394s] -- Found ament_cmake_auto: 1.3.8 (/opt/ros/humble/share/ament_cmake_auto/cmake)
[0.543s] -- Found Python3: /usr/bin/python3 (found version "3.10.12") found components: Interpreter 
[0.776s] -- Found rosidl_generator_c: 3.1.5 (/opt/ros/humble/share/rosidl_generator_c/cmake)
[0.783s] -- Found rosidl_adapter: 3.1.5 (/opt/ros/humble/share/rosidl_adapter/cmake)
[0.794s] -- Found rosidl_generator_cpp: 3.1.5 (/opt/ros/humble/share/rosidl_generator_cpp/cmake)
[0.813s] -- Using all available rosidl_typesupport_c: rosidl_typesupport_fastrtps_c;rosidl_typesupport_introspection_c
[0.840s] -- Using all available rosidl_typesupport_cpp: rosidl_typesupport_fastrtps_cpp;rosidl_typesupport_introspection_cpp
[1.682s] -- Found rmw_implementation_cmake: 6.1.1 (/opt/ros/humble/share/rmw_implementation_cmake/cmake)
[1.685s] -- Found rmw_fastrtps_cpp: 6.2.6 (/opt/ros/humble/share/rmw_fastrtps_cpp/cmake)
[1.735s] -- Found TinyXML2 via Config file: TinyXML2_DIR-NOTFOUND
[1.802s] -- Found OpenSSL: /usr/lib/x86_64-linux-gnu/libcrypto.so (found version "3.0.2")  
[1.805s] -- Found TinyXML2 via Config file: TinyXML2_DIR-NOTFOUND
[1.826s] -- Found FastRTPS: /opt/ros/humble/include  
[1.839s] -- Found TinyXML2 via Config file: TinyXML2_DIR-NOTFOUND
[1.849s] -- Found TinyXML2 via Config file: TinyXML2_DIR-NOTFOUND
[1.862s] -- Using RMW implementation 'rmw_fastrtps_cpp' as default
[1.874s] -- Looking for pthread.h
[1.939s] -- Looking for pthread.h - found
[1.939s] -- Performing Test CMAKE_HAVE_LIBC_PTHREAD
[2.003s] -- Performing Test CMAKE_HAVE_LIBC_PTHREAD - Success
[2.004s] -- Found Threads: TRUE  
[2.219s] -- Found PkgConfig: /usr/bin/pkg-config (found version "0.29.2") 
[2.219s] -- Checking for one of the modules 'libusb-1.0'
[2.398s] -- Found ament_lint_auto: 0.12.10 (/opt/ros/humble/share/ament_lint_auto/cmake)
[2.428s] -- Added test 'copyright' to check source files copyright and LICENSE
[2.430s] -- Added test 'cppcheck' to perform static code analysis on C / C++ code
[2.430s] -- Configured cppcheck include dirs: /home/oh/slam_ws/src/odrive_ros2_control/odrive_hardware_interface/include
[2.430s] -- Configured cppcheck exclude dirs and/or files: 
[2.432s] -- Added test 'cpplint' to check C / C++ code against the Google style
[2.432s] -- Configured cpplint exclude dirs and/or files: 
[2.433s] -- Added test 'lint_cmake' to check CMake code style
[2.434s] -- Added test 'uncrustify' to check C / C++ code style
[2.434s] -- Configured uncrustify additional arguments: 
[2.434s] -- Added test 'xmllint' to check XML markup files
[2.437s] -- Configuring done
[2.484s] -- Generating done
[2.487s] -- Build files have been written to: /home/oh/slam_ws/build/odrive_hardware_interface
[2.508s] Invoked command in '/home/oh/slam_ws/build/odrive_hardware_interface' returned '0': CMAKE_PREFIX_PATH=/opt/ros/humble /usr/bin/cmake /home/oh/slam_ws/src/odrive_ros2_control/odrive_hardware_interface -DCMAKE_INSTALL_PREFIX=/home/oh/slam_ws/install/odrive_hardware_interface
[2.509s] Invoking command in '/home/oh/slam_ws/build/odrive_hardware_interface': CMAKE_PREFIX_PATH=/opt/ros/humble /usr/bin/cmake --build /home/oh/slam_ws/build/odrive_hardware_interface -- -j8 -l8
[5.601s] [ 25%] [32mBuilding CXX object CMakeFiles/odrive_usb.dir/src/odrive_usb.cpp.o[0m
[5.601s] [ 50%] [32m[1mLinking CXX shared library libodrive_usb.so[0m
[5.601s] [ 50%] Built target odrive_usb
[5.602s] [ 75%] [32mBuilding CXX object CMakeFiles/odrive_hardware_interface.dir/src/odrive_hardware_interface.cpp.o[0m
[10.595s] [100%] [32m[1mLinking CXX shared library libodrive_hardware_interface.so[0m
[10.831s] [100%] Built target odrive_hardware_interface
[10.855s] Invoked command in '/home/oh/slam_ws/build/odrive_hardware_interface' returned '0': CMAKE_PREFIX_PATH=/opt/ros/humble /usr/bin/cmake --build /home/oh/slam_ws/build/odrive_hardware_interface -- -j8 -l8
[10.906s] Invoking command in '/home/oh/slam_ws/build/odrive_hardware_interface': CMAKE_PREFIX_PATH=/opt/ros/humble /usr/bin/cmake --install /home/oh/slam_ws/build/odrive_hardware_interface
[11.828s] -- Install configuration: ""
[11.828s] -- Installing: /home/oh/slam_ws/install/odrive_hardware_interface/share/odrive_hardware_interface/odrive_hardware_interface.xml
[11.828s] -- Installing: /home/oh/slam_ws/install/odrive_hardware_interface/include
[11.828s] -- Installing: /home/oh/slam_ws/install/odrive_hardware_interface/include/odrive_hardware_interface
[11.828s] -- Installing: /home/oh/slam_ws/install/odrive_hardware_interface/include/odrive_hardware_interface/visibility_control.hpp
[11.828s] -- Installing: /home/oh/slam_ws/install/odrive_hardware_interface/include/odrive_hardware_interface/odrive_endpoints.hpp
[11.828s] -- Installing: /home/oh/slam_ws/install/odrive_hardware_interface/include/odrive_hardware_interface/odrive_usb.hpp
[11.828s] -- Installing: /home/oh/slam_ws/install/odrive_hardware_interface/include/odrive_hardware_interface/odrive_hardware_interface.hpp
[11.828s] -- Installing: /home/oh/slam_ws/install/odrive_hardware_interface/share/odrive_hardware_interface/environment/library_path.sh
[11.829s] -- Installing: /home/oh/slam_ws/install/odrive_hardware_interface/share/odrive_hardware_interface/environment/library_path.dsv
[11.829s] -- Installing: /home/oh/slam_ws/install/odrive_hardware_interface/lib/libodrive_usb.so
[11.829s] -- Set runtime path of "/home/oh/slam_ws/install/odrive_hardware_interface/lib/libodrive_usb.so" to ""
[11.829s] -- Installing: /home/oh/slam_ws/install/odrive_hardware_interface/lib/libodrive_hardware_interface.so
[11.829s] -- Set runtime path of "/home/oh/slam_ws/install/odrive_hardware_interface/lib/libodrive_hardware_interface.so" to ""
[11.829s] -- Installing: /home/oh/slam_ws/install/odrive_hardware_interface/share/ament_index/resource_index/package_run_dependencies/odrive_hardware_interface
[11.829s] -- Installing: /home/oh/slam_ws/install/odrive_hardware_interface/share/ament_index/resource_index/parent_prefix_path/odrive_hardware_interface
[11.829s] -- Installing: /home/oh/slam_ws/install/odrive_hardware_interface/share/odrive_hardware_interface/environment/ament_prefix_path.sh
[11.829s] -- Installing: /home/oh/slam_ws/install/odrive_hardware_interface/share/odrive_hardware_interface/environment/ament_prefix_path.dsv
[11.829s] -- Installing: /home/oh/slam_ws/install/odrive_hardware_interface/share/odrive_hardware_interface/environment/path.sh
[11.829s] -- Installing: /home/oh/slam_ws/install/odrive_hardware_interface/share/odrive_hardware_interface/environment/path.dsv
[11.829s] -- Installing: /home/oh/slam_ws/install/odrive_hardware_interface/share/odrive_hardware_interface/local_setup.bash
[11.829s] -- Installing: /home/oh/slam_ws/install/odrive_hardware_interface/share/odrive_hardware_interface/local_setup.sh
[11.829s] -- Installing: /home/oh/slam_ws/install/odrive_hardware_interface/share/odrive_hardware_interface/local_setup.zsh
[11.830s] -- Installing: /home/oh/slam_ws/install/odrive_hardware_interface/share/odrive_hardware_interface/local_setup.dsv
[11.830s] -- Installing: /home/oh/slam_ws/install/odrive_hardware_interface/share/odrive_hardware_interface/package.dsv
[11.830s] -- Installing: /home/oh/slam_ws/install/odrive_hardware_interface/share/ament_index/resource_index/packages/odrive_hardware_interface
[11.830s] -- Installing: /home/oh/slam_ws/install/odrive_hardware_interface/share/ament_index/resource_index/hardware_interface__pluginlib__plugin/odrive_hardware_interface
[11.830s] -- Installing: /home/oh/slam_ws/install/odrive_hardware_interface/share/odrive_hardware_interface/cmake/ament_cmake_export_dependencies-extras.cmake
[11.830s] -- Installing: /home/oh/slam_ws/install/odrive_hardware_interface/share/odrive_hardware_interface/cmake/ament_cmake_export_include_directories-extras.cmake
[11.830s] -- Installing: /home/oh/slam_ws/install/odrive_hardware_interface/share/odrive_hardware_interface/cmake/ament_cmake_export_libraries-extras.cmake
[11.830s] -- Installing: /home/oh/slam_ws/install/odrive_hardware_interface/share/odrive_hardware_interface/cmake/odrive_hardware_interfaceConfig.cmake
[11.830s] -- Installing: /home/oh/slam_ws/install/odrive_hardware_interface/share/odrive_hardware_interface/cmake/odrive_hardware_interfaceConfig-version.cmake
[11.830s] -- Installing: /home/oh/slam_ws/install/odrive_hardware_interface/share/odrive_hardware_interface/package.xml
[11.851s] Invoked command in '/home/oh/slam_ws/build/odrive_hardware_interface' returned '0': CMAKE_PREFIX_PATH=/opt/ros/humble /usr/bin/cmake --install /home/oh/slam_ws/build/odrive_hardware_interface
