[0.012s] Invoking command in '/home/oh/slam_ws/build/ros2_control_demo_example_12': AMENT_PREFIX_PATH=/home/oh/slam_ws/install/ros2_control_demo_description:${AMENT_PREFIX_PATH} CMAKE_PREFIX_PATH=/home/oh/slam_ws/install/ros2_control_demo_description:/opt/ros/humble /usr/bin/cmake --build /home/oh/slam_ws/build/ros2_control_demo_example_12 -- -j8 -l8
[0.065s] [ 20%] Built target passthrough_controller_parameters
[0.075s] [ 60%] Built target ros2_control_demo_example_12
[0.094s] [100%] Built target passthrough_controller
[0.129s] Invoked command in '/home/oh/slam_ws/build/ros2_control_demo_example_12' returned '0': AMENT_PREFIX_PATH=/home/oh/slam_ws/install/ros2_control_demo_description:${AMENT_PREFIX_PATH} CMAKE_PREFIX_PATH=/home/oh/slam_ws/install/ros2_control_demo_description:/opt/ros/humble /usr/bin/cmake --build /home/oh/slam_ws/build/ros2_control_demo_example_12 -- -j8 -l8
[0.178s] Invoking command in '/home/oh/slam_ws/build/ros2_control_demo_example_12': AMENT_PREFIX_PATH=/home/oh/slam_ws/install/ros2_control_demo_description:${AMENT_PREFIX_PATH} CMAKE_PREFIX_PATH=/home/oh/slam_ws/install/ros2_control_demo_description:/opt/ros/humble /usr/bin/cmake --install /home/oh/slam_ws/build/ros2_control_demo_example_12
[0.186s] -- Install configuration: ""
[0.186s] -- Up-to-date: /home/oh/slam_ws/install/ros2_control_demo_example_12/share/ros2_control_demo_example_12/ros2_control_demo_example_12.xml
[0.186s] -- Up-to-date: /home/oh/slam_ws/install/ros2_control_demo_example_12/include/passthrough_controller_parameters
[0.186s] -- Up-to-date: /home/oh/slam_ws/install/ros2_control_demo_example_12/include/passthrough_controller_parameters/passthrough_controller_parameters.hpp
[0.186s] -- Up-to-date: /home/oh/slam_ws/install/ros2_control_demo_example_12/share/ros2_control_demo_example_12/passthrough_controller.xml
[0.187s] -- Up-to-date: /home/oh/slam_ws/install/ros2_control_demo_example_12/include/ros2_control_demo_example_12
[0.187s] -- Up-to-date: /home/oh/slam_ws/install/ros2_control_demo_example_12/include/ros2_control_demo_example_12/ros2_control_demo_example_12
[0.187s] -- Up-to-date: /home/oh/slam_ws/install/ros2_control_demo_example_12/include/ros2_control_demo_example_12/ros2_control_demo_example_12/rrbot.hpp
[0.187s] -- Up-to-date: /home/oh/slam_ws/install/ros2_control_demo_example_12/include/ros2_control_demo_example_12/ros2_control_demo_example_12/visibility_control.h
[0.187s] -- Up-to-date: /home/oh/slam_ws/install/ros2_control_demo_example_12/share/ros2_control_demo_example_12/launch
[0.187s] -- Up-to-date: /home/oh/slam_ws/install/ros2_control_demo_example_12/share/ros2_control_demo_example_12/launch/view_robot.launch.py
[0.187s] -- Up-to-date: /home/oh/slam_ws/install/ros2_control_demo_example_12/share/ros2_control_demo_example_12/ros2_control
[0.187s] -- Up-to-date: /home/oh/slam_ws/install/ros2_control_demo_example_12/share/ros2_control_demo_example_12/ros2_control/rrbot.ros2_control.xacro
[0.187s] -- Up-to-date: /home/oh/slam_ws/install/ros2_control_demo_example_12/share/ros2_control_demo_example_12/urdf
[0.187s] -- Up-to-date: /home/oh/slam_ws/install/ros2_control_demo_example_12/share/ros2_control_demo_example_12/urdf/rrbot.urdf.xacro
[0.187s] -- Up-to-date: /home/oh/slam_ws/install/ros2_control_demo_example_12/share/ros2_control_demo_example_12/gazebo
[0.187s] -- Up-to-date: /home/oh/slam_ws/install/ros2_control_demo_example_12/share/ros2_control_demo_example_12/gazebo/rrbot.gazebo.xacro
[0.188s] -- Up-to-date: /home/oh/slam_ws/install/ros2_control_demo_example_12/share/ros2_control_demo_example_12/launch
[0.188s] -- Up-to-date: /home/oh/slam_ws/install/ros2_control_demo_example_12/share/ros2_control_demo_example_12/launch/launch_chained_controllers.launch.py
[0.188s] -- Up-to-date: /home/oh/slam_ws/install/ros2_control_demo_example_12/share/ros2_control_demo_example_12/launch/rrbot.launch.py
[0.188s] -- Up-to-date: /home/oh/slam_ws/install/ros2_control_demo_example_12/share/ros2_control_demo_example_12/config
[0.188s] -- Up-to-date: /home/oh/slam_ws/install/ros2_control_demo_example_12/share/ros2_control_demo_example_12/config/rrbot_chained_controllers.yaml
[0.188s] -- Up-to-date: /home/oh/slam_ws/install/ros2_control_demo_example_12/lib/libros2_control_demo_example_12.so
[0.188s] -- Up-to-date: /home/oh/slam_ws/install/ros2_control_demo_example_12/include/passthrough_controller
[0.188s] -- Up-to-date: /home/oh/slam_ws/install/ros2_control_demo_example_12/include/passthrough_controller/passthrough_controller
[0.188s] -- Up-to-date: /home/oh/slam_ws/install/ros2_control_demo_example_12/include/passthrough_controller/passthrough_controller/visibility_control.h
[0.188s] -- Up-to-date: /home/oh/slam_ws/install/ros2_control_demo_example_12/include/passthrough_controller/passthrough_controller/passthrough_controller.hpp
[0.190s] -- Up-to-date: /home/oh/slam_ws/install/ros2_control_demo_example_12/lib/libpassthrough_controller.so
[0.190s] -- Up-to-date: /home/oh/slam_ws/install/ros2_control_demo_example_12/share/ros2_control_demo_example_12/environment/library_path.sh
[0.190s] -- Up-to-date: /home/oh/slam_ws/install/ros2_control_demo_example_12/share/ros2_control_demo_example_12/environment/library_path.dsv
[0.190s] -- Up-to-date: /home/oh/slam_ws/install/ros2_control_demo_example_12/share/ament_index/resource_index/package_run_dependencies/ros2_control_demo_example_12
[0.190s] -- Up-to-date: /home/oh/slam_ws/install/ros2_control_demo_example_12/share/ament_index/resource_index/parent_prefix_path/ros2_control_demo_example_12
[0.190s] -- Up-to-date: /home/oh/slam_ws/install/ros2_control_demo_example_12/share/ros2_control_demo_example_12/environment/ament_prefix_path.sh
[0.191s] -- Up-to-date: /home/oh/slam_ws/install/ros2_control_demo_example_12/share/ros2_control_demo_example_12/environment/ament_prefix_path.dsv
[0.191s] -- Up-to-date: /home/oh/slam_ws/install/ros2_control_demo_example_12/share/ros2_control_demo_example_12/environment/path.sh
[0.191s] -- Up-to-date: /home/oh/slam_ws/install/ros2_control_demo_example_12/share/ros2_control_demo_example_12/environment/path.dsv
[0.191s] -- Up-to-date: /home/oh/slam_ws/install/ros2_control_demo_example_12/share/ros2_control_demo_example_12/local_setup.bash
[0.191s] -- Up-to-date: /home/oh/slam_ws/install/ros2_control_demo_example_12/share/ros2_control_demo_example_12/local_setup.sh
[0.191s] -- Up-to-date: /home/oh/slam_ws/install/ros2_control_demo_example_12/share/ros2_control_demo_example_12/local_setup.zsh
[0.191s] -- Up-to-date: /home/oh/slam_ws/install/ros2_control_demo_example_12/share/ros2_control_demo_example_12/local_setup.dsv
[0.191s] -- Installing: /home/oh/slam_ws/install/ros2_control_demo_example_12/share/ros2_control_demo_example_12/package.dsv
[0.191s] -- Up-to-date: /home/oh/slam_ws/install/ros2_control_demo_example_12/share/ament_index/resource_index/packages/ros2_control_demo_example_12
[0.191s] -- Up-to-date: /home/oh/slam_ws/install/ros2_control_demo_example_12/share/ament_index/resource_index/hardware_interface__pluginlib__plugin/ros2_control_demo_example_12
[0.191s] -- Up-to-date: /home/oh/slam_ws/install/ros2_control_demo_example_12/share/ament_index/resource_index/controller_interface__pluginlib__plugin/ros2_control_demo_example_12
[0.192s] -- Up-to-date: /home/oh/slam_ws/install/ros2_control_demo_example_12/share/ros2_control_demo_example_12/cmake/export_passthrough_controllerExport.cmake
[0.192s] -- Up-to-date: /home/oh/slam_ws/install/ros2_control_demo_example_12/share/ros2_control_demo_example_12/cmake/export_passthrough_controllerExport-noconfig.cmake
[0.193s] -- Up-to-date: /home/oh/slam_ws/install/ros2_control_demo_example_12/share/ros2_control_demo_example_12/cmake/export_ros2_control_demo_example_12Export.cmake
[0.193s] -- Up-to-date: /home/oh/slam_ws/install/ros2_control_demo_example_12/share/ros2_control_demo_example_12/cmake/export_ros2_control_demo_example_12Export-noconfig.cmake
[0.193s] -- Up-to-date: /home/oh/slam_ws/install/ros2_control_demo_example_12/share/ros2_control_demo_example_12/cmake/ament_cmake_export_targets-extras.cmake
[0.193s] -- Up-to-date: /home/oh/slam_ws/install/ros2_control_demo_example_12/share/ros2_control_demo_example_12/cmake/ament_cmake_export_dependencies-extras.cmake
[0.193s] -- Up-to-date: /home/oh/slam_ws/install/ros2_control_demo_example_12/share/ros2_control_demo_example_12/cmake/ros2_control_demo_example_12Config.cmake
[0.193s] -- Up-to-date: /home/oh/slam_ws/install/ros2_control_demo_example_12/share/ros2_control_demo_example_12/cmake/ros2_control_demo_example_12Config-version.cmake
[0.193s] -- Up-to-date: /home/oh/slam_ws/install/ros2_control_demo_example_12/share/ros2_control_demo_example_12/package.xml
[0.197s] Invoked command in '/home/oh/slam_ws/build/ros2_control_demo_example_12' returned '0': AMENT_PREFIX_PATH=/home/oh/slam_ws/install/ros2_control_demo_description:${AMENT_PREFIX_PATH} CMAKE_PREFIX_PATH=/home/oh/slam_ws/install/ros2_control_demo_description:/opt/ros/humble /usr/bin/cmake --install /home/oh/slam_ws/build/ros2_control_demo_example_12
