[0.356s] Invoking command in '/home/oh/slam_ws/src/build/my_action_interface': CMAKE_PREFIX_PATH=${CMAKE_PREFIX_PATH}:/home/oh/slam_ws/install/ros2_aruco:/home/oh/slam_ws/install/my_tf_package:/home/oh/slam_ws/install/my_tf2_package:/home/oh/slam_ws/install/my_docking:/home/oh/slam_ws/install/my_aruco_to_goal_pose_pkg:/home/oh/slam_ws/install/escape_from_cart:/opt/ros/humble /usr/bin/cmake /home/oh/slam_ws/src/my_action_interface -DCMAKE_INSTALL_PREFIX=/home/oh/slam_ws/src/install/my_action_interface
[0.943s] -- The C compiler identification is GNU 11.4.0
[0.943s] -- The CXX compiler identification is GNU 11.4.0
[0.943s] -- Detecting C compiler ABI info
[0.943s] -- Detecting C compiler ABI info - done
[0.944s] -- Check for working C compiler: /usr/bin/cc - skipped
[0.944s] -- Detecting C compile features
[0.944s] -- Detecting C compile features - done
[0.944s] -- Detecting CXX compiler ABI info
[0.944s] -- Detecting CXX compiler ABI info - done
[0.944s] -- Check for working CXX compiler: /usr/bin/c++ - skipped
[0.944s] -- Detecting CXX compile features
[0.944s] -- Detecting CXX compile features - done
[0.946s] -- Found ament_cmake: 1.3.8 (/opt/ros/humble/share/ament_cmake/cmake)
[1.163s] -- Found Python3: /usr/bin/python3 (found version "3.10.12") found components: Interpreter 
[1.291s] -- Found rosidl_default_generators: 1.2.0 (/opt/ros/humble/share/rosidl_default_generators/cmake)
[1.304s] -- Using all available rosidl_typesupport_c: rosidl_typesupport_fastrtps_c;rosidl_typesupport_introspection_c
[1.321s] -- Found rosidl_adapter: 3.1.5 (/opt/ros/humble/share/rosidl_adapter/cmake)
[1.370s] -- Using all available rosidl_typesupport_cpp: rosidl_typesupport_fastrtps_cpp;rosidl_typesupport_introspection_cpp
[1.956s] -- Found ament_cmake_ros: 0.10.0 (/opt/ros/humble/share/ament_cmake_ros/cmake)
[2.345s] -- Using all available rosidl_typesupport_c: rosidl_typesupport_fastrtps_c;rosidl_typesupport_introspection_c
[3.154s] -- Using all available rosidl_typesupport_cpp: rosidl_typesupport_fastrtps_cpp;rosidl_typesupport_introspection_cpp
[3.258s] -- Found PythonInterp: /usr/bin/python3 (found suitable version "3.10.12", minimum required is "3.6") 
[3.263s] -- Found python_cmake_module: 0.10.0 (/opt/ros/humble/share/python_cmake_module/cmake)
[3.358s] -- Found PythonLibs: /usr/lib/x86_64-linux-gnu/libpython3.10.so (found suitable version "3.10.12", minimum required is "3.5") 
[3.358s] -- Using PYTHON_EXECUTABLE: /usr/bin/python3
[3.359s] -- Using PYTHON_INCLUDE_DIRS: /usr/include/python3.10
[3.359s] -- Using PYTHON_LIBRARIES: /usr/lib/x86_64-linux-gnu/libpython3.10.so
[3.426s] -- Found PythonExtra: .so  
[3.628s] -- Found ament_lint_auto: 0.12.10 (/opt/ros/humble/share/ament_lint_auto/cmake)
[3.760s] -- Added test 'lint_cmake' to check CMake code style
[3.763s] -- Added test 'xmllint' to check XML markup files
[3.774s] -- Configuring done
[3.887s] -- Generating done
[3.905s] -- Build files have been written to: /home/oh/slam_ws/src/build/my_action_interface
[3.925s] Invoked command in '/home/oh/slam_ws/src/build/my_action_interface' returned '0': CMAKE_PREFIX_PATH=${CMAKE_PREFIX_PATH}:/home/oh/slam_ws/install/ros2_aruco:/home/oh/slam_ws/install/my_tf_package:/home/oh/slam_ws/install/my_tf2_package:/home/oh/slam_ws/install/my_docking:/home/oh/slam_ws/install/my_aruco_to_goal_pose_pkg:/home/oh/slam_ws/install/escape_from_cart:/opt/ros/humble /usr/bin/cmake /home/oh/slam_ws/src/my_action_interface -DCMAKE_INSTALL_PREFIX=/home/oh/slam_ws/src/install/my_action_interface
[3.925s] Invoking command in '/home/oh/slam_ws/src/build/my_action_interface': CMAKE_PREFIX_PATH=${CMAKE_PREFIX_PATH}:/home/oh/slam_ws/install/ros2_aruco:/home/oh/slam_ws/install/my_tf_package:/home/oh/slam_ws/install/my_tf2_package:/home/oh/slam_ws/install/my_docking:/home/oh/slam_ws/install/my_aruco_to_goal_pose_pkg:/home/oh/slam_ws/install/escape_from_cart:/opt/ros/humble /usr/bin/cmake --build /home/oh/slam_ws/src/build/my_action_interface -- -j8 -l8
[4.261s] [  2%] [34m[1mGenerating C code for ROS interfaces[0m
[4.261s] [  4%] [34m[1mGenerating C++ code for ROS interfaces[0m
[4.286s] [  4%] Built target ament_cmake_python_copy_my_action_interface
[5.434s] running egg_info
[5.444s] creating my_action_interface.egg-info
[5.446s] writing my_action_interface.egg-info/PKG-INFO
[5.446s] writing dependency_links to my_action_interface.egg-info/dependency_links.txt
[5.447s] writing top-level names to my_action_interface.egg-info/top_level.txt
[5.448s] writing manifest file 'my_action_interface.egg-info/SOURCES.txt'
[5.452s] reading manifest file 'my_action_interface.egg-info/SOURCES.txt'
[5.453s] writing manifest file 'my_action_interface.egg-info/SOURCES.txt'
[5.610s] [  4%] Built target ament_cmake_python_build_my_action_interface_egg
[8.257s] [  4%] Built target my_action_interface__cpp
[8.343s] [  8%] [34m[1mGenerating C++ type support dispatch for ROS interfaces[0m
[8.344s] [  8%] [34m[1mGenerating C++ introspection for ROS interfaces[0m
[8.358s] [ 10%] [34m[1mGenerating C++ type support for eProsima Fast-RTPS[0m
[8.681s] [ 12%] [32mBuilding C object CMakeFiles/my_action_interface__rosidl_generator_c.dir/rosidl_generator_c/my_action_interface/action/detail/open__functions.c.o[0m
[8.701s] [ 14%] [32mBuilding C object CMakeFiles/my_action_interface__rosidl_generator_c.dir/rosidl_generator_c/my_action_interface/action/detail/docking_one__functions.c.o[0m
[8.759s] [ 17%] [32mBuilding C object CMakeFiles/my_action_interface__rosidl_generator_c.dir/rosidl_generator_c/my_action_interface/action/detail/docking_two__functions.c.o[0m
[9.469s] [ 19%] [32m[1mLinking C shared library libmy_action_interface__rosidl_generator_c.so[0m
[9.682s] [ 19%] Built target my_action_interface__rosidl_generator_c
[9.753s] [ 23%] [34m[1mGenerating C introspection for ROS interfaces[0m
[9.773s] [ 23%] [34m[1mGenerating C type support for eProsima Fast-RTPS[0m
[9.796s] [ 25%] [34m[1mGenerating C type support dispatch for ROS interfaces[0m
[11.055s] [ 27%] [32mBuilding CXX object CMakeFiles/my_action_interface__rosidl_typesupport_cpp.dir/rosidl_typesupport_cpp/my_action_interface/action/open__type_support.cpp.o[0m
[11.121s] [ 31%] [32mBuilding CXX object CMakeFiles/my_action_interface__rosidl_typesupport_cpp.dir/rosidl_typesupport_cpp/my_action_interface/action/docking_one__type_support.cpp.o[0m
[11.149s] [ 31%] [32mBuilding CXX object CMakeFiles/my_action_interface__rosidl_typesupport_cpp.dir/rosidl_typesupport_cpp/my_action_interface/action/docking_two__type_support.cpp.o[0m
[12.268s] [ 34%] [32mBuilding CXX object CMakeFiles/my_action_interface__rosidl_typesupport_c.dir/rosidl_typesupport_c/my_action_interface/action/open__type_support.cpp.o[0m
[12.370s] [ 36%] [32mBuilding CXX object CMakeFiles/my_action_interface__rosidl_typesupport_introspection_cpp.dir/rosidl_typesupport_introspection_cpp/my_action_interface/action/detail/open__type_support.cpp.o[0m
[12.613s] [ 38%] [32mBuilding CXX object CMakeFiles/my_action_interface__rosidl_typesupport_c.dir/rosidl_typesupport_c/my_action_interface/action/docking_one__type_support.cpp.o[0m
[12.928s] [ 40%] [32mBuilding CXX object CMakeFiles/my_action_interface__rosidl_typesupport_c.dir/rosidl_typesupport_c/my_action_interface/action/docking_two__type_support.cpp.o[0m
[13.162s] [ 42%] [32mBuilding C object CMakeFiles/my_action_interface__rosidl_typesupport_introspection_c.dir/rosidl_typesupport_introspection_c/my_action_interface/action/detail/open__type_support.c.o[0m
[13.208s] [ 44%] [32mBuilding CXX object CMakeFiles/my_action_interface__rosidl_typesupport_fastrtps_c.dir/rosidl_typesupport_fastrtps_c/my_action_interface/action/detail/open__type_support_c.cpp.o[0m
[13.272s] [ 46%] [32m[1mLinking CXX shared library libmy_action_interface__rosidl_typesupport_c.so[0m
[13.542s] [ 48%] [32mBuilding CXX object CMakeFiles/my_action_interface__rosidl_typesupport_fastrtps_cpp.dir/rosidl_typesupport_fastrtps_cpp/my_action_interface/action/detail/dds_fastrtps/open__type_support.cpp.o[0m
[13.550s] [ 51%] [32mBuilding C object CMakeFiles/my_action_interface__rosidl_typesupport_introspection_c.dir/rosidl_typesupport_introspection_c/my_action_interface/action/detail/docking_one__type_support.c.o[0m
[13.580s] [ 51%] Built target my_action_interface__rosidl_typesupport_c
[13.587s] [ 53%] [32mBuilding C object CMakeFiles/my_action_interface__rosidl_typesupport_introspection_c.dir/rosidl_typesupport_introspection_c/my_action_interface/action/detail/docking_two__type_support.c.o[0m
[13.682s] [ 55%] [32mBuilding CXX object CMakeFiles/my_action_interface__rosidl_typesupport_fastrtps_c.dir/rosidl_typesupport_fastrtps_c/my_action_interface/action/detail/docking_one__type_support_c.cpp.o[0m
[13.698s] [ 57%] [32mBuilding CXX object CMakeFiles/my_action_interface__rosidl_typesupport_fastrtps_c.dir/rosidl_typesupport_fastrtps_c/my_action_interface/action/detail/docking_two__type_support_c.cpp.o[0m
[13.745s] [ 59%] [32m[1mLinking CXX shared library libmy_action_interface__rosidl_typesupport_cpp.so[0m
[13.817s] [ 61%] [32mBuilding CXX object CMakeFiles/my_action_interface__rosidl_typesupport_introspection_cpp.dir/rosidl_typesupport_introspection_cpp/my_action_interface/action/detail/docking_one__type_support.cpp.o[0m
[13.972s] [ 63%] Built target my_action_interface__rosidl_typesupport_cpp
[13.980s] [ 63%] [32m[1mLinking C shared library libmy_action_interface__rosidl_typesupport_introspection_c.so[0m
[14.037s] [ 65%] [32mBuilding CXX object CMakeFiles/my_action_interface__rosidl_typesupport_introspection_cpp.dir/rosidl_typesupport_introspection_cpp/my_action_interface/action/detail/docking_two__type_support.cpp.o[0m
[14.291s] [ 65%] Built target my_action_interface__rosidl_typesupport_introspection_c
[14.349s] [ 68%] [32mBuilding CXX object CMakeFiles/my_action_interface__rosidl_typesupport_fastrtps_cpp.dir/rosidl_typesupport_fastrtps_cpp/my_action_interface/action/detail/dds_fastrtps/docking_one__type_support.cpp.o[0m
[15.393s] [ 70%] [32mBuilding CXX object CMakeFiles/my_action_interface__rosidl_typesupport_fastrtps_cpp.dir/rosidl_typesupport_fastrtps_cpp/my_action_interface/action/detail/dds_fastrtps/docking_two__type_support.cpp.o[0m
[15.842s] [ 72%] [32m[1mLinking CXX shared library libmy_action_interface__rosidl_typesupport_fastrtps_c.so[0m
[16.191s] [ 72%] Built target my_action_interface__rosidl_typesupport_fastrtps_c
[16.764s] [ 74%] [32m[1mLinking CXX shared library libmy_action_interface__rosidl_typesupport_introspection_cpp.so[0m
[17.135s] [ 74%] Built target my_action_interface__rosidl_typesupport_introspection_cpp
[17.394s] [ 76%] [32m[1mLinking CXX shared library libmy_action_interface__rosidl_typesupport_fastrtps_cpp.so[0m
[17.770s] [ 76%] Built target my_action_interface__rosidl_typesupport_fastrtps_cpp
[17.928s] [ 76%] Built target my_action_interface
[18.082s] [ 78%] [34m[1mGenerating Python code for ROS interfaces[0m
[24.297s] [ 78%] Built target my_action_interface__py
[24.433s] [ 80%] [32mBuilding C object CMakeFiles/my_action_interface__rosidl_generator_py.dir/rosidl_generator_py/my_action_interface/action/_open_s.c.o[0m
[24.850s] [ 82%] [32mBuilding C object CMakeFiles/my_action_interface__rosidl_generator_py.dir/rosidl_generator_py/my_action_interface/action/_docking_two_s.c.o[0m
[25.338s] [ 85%] [32mBuilding C object CMakeFiles/my_action_interface__rosidl_generator_py.dir/rosidl_generator_py/my_action_interface/action/_docking_one_s.c.o[0m
[25.805s] [ 87%] [32m[1mLinking C shared library rosidl_generator_py/my_action_interface/libmy_action_interface__rosidl_generator_py.so[0m
[25.971s] [ 87%] Built target my_action_interface__rosidl_generator_py
[26.080s] [ 89%] [32mBuilding C object CMakeFiles/my_action_interface__rosidl_typesupport_fastrtps_c__pyext.dir/rosidl_generator_py/my_action_interface/_my_action_interface_s.ep.rosidl_typesupport_fastrtps_c.c.o[0m
[26.584s] [ 91%] [32m[1mLinking C shared library rosidl_generator_py/my_action_interface/my_action_interface_s__rosidl_typesupport_fastrtps_c.cpython-310-x86_64-linux-gnu.so[0m
[26.754s] [ 91%] Built target my_action_interface__rosidl_typesupport_fastrtps_c__pyext
[26.863s] [ 93%] [32mBuilding C object CMakeFiles/my_action_interface__rosidl_typesupport_c__pyext.dir/rosidl_generator_py/my_action_interface/_my_action_interface_s.ep.rosidl_typesupport_c.c.o[0m
[27.430s] [ 95%] [32m[1mLinking C shared library rosidl_generator_py/my_action_interface/my_action_interface_s__rosidl_typesupport_c.cpython-310-x86_64-linux-gnu.so[0m
[27.620s] [ 95%] Built target my_action_interface__rosidl_typesupport_c__pyext
[27.739s] [ 97%] [32mBuilding C object CMakeFiles/my_action_interface__rosidl_typesupport_introspection_c__pyext.dir/rosidl_generator_py/my_action_interface/_my_action_interface_s.ep.rosidl_typesupport_introspection_c.c.o[0m
[28.089s] [100%] [32m[1mLinking C shared library rosidl_generator_py/my_action_interface/my_action_interface_s__rosidl_typesupport_introspection_c.cpython-310-x86_64-linux-gnu.so[0m
[28.269s] [100%] Built target my_action_interface__rosidl_typesupport_introspection_c__pyext
[28.345s] Invoked command in '/home/oh/slam_ws/src/build/my_action_interface' returned '0': CMAKE_PREFIX_PATH=${CMAKE_PREFIX_PATH}:/home/oh/slam_ws/install/ros2_aruco:/home/oh/slam_ws/install/my_tf_package:/home/oh/slam_ws/install/my_tf2_package:/home/oh/slam_ws/install/my_docking:/home/oh/slam_ws/install/my_aruco_to_goal_pose_pkg:/home/oh/slam_ws/install/escape_from_cart:/opt/ros/humble /usr/bin/cmake --build /home/oh/slam_ws/src/build/my_action_interface -- -j8 -l8
[29.650s] Invoking command in '/home/oh/slam_ws/src/build/my_action_interface': CMAKE_PREFIX_PATH=${CMAKE_PREFIX_PATH}:/home/oh/slam_ws/install/ros2_aruco:/home/oh/slam_ws/install/my_tf_package:/home/oh/slam_ws/install/my_tf2_package:/home/oh/slam_ws/install/my_docking:/home/oh/slam_ws/install/my_aruco_to_goal_pose_pkg:/home/oh/slam_ws/install/escape_from_cart:/opt/ros/humble /usr/bin/cmake --install /home/oh/slam_ws/src/build/my_action_interface
[31.081s] -- Install configuration: ""
[31.081s] -- Installing: /home/oh/slam_ws/src/install/my_action_interface/share/ament_index/resource_index/rosidl_interfaces/my_action_interface
[31.081s] -- Installing: /home/oh/slam_ws/src/install/my_action_interface/include/my_action_interface/my_action_interface
[31.081s] -- Installing: /home/oh/slam_ws/src/install/my_action_interface/include/my_action_interface/my_action_interface/msg
[31.081s] -- Installing: /home/oh/slam_ws/src/install/my_action_interface/include/my_action_interface/my_action_interface/msg/rosidl_generator_c__visibility_control.h
[31.082s] -- Installing: /home/oh/slam_ws/src/install/my_action_interface/include/my_action_interface/my_action_interface/action
[31.082s] -- Installing: /home/oh/slam_ws/src/install/my_action_interface/include/my_action_interface/my_action_interface/action/open.h
[31.082s] -- Installing: /home/oh/slam_ws/src/install/my_action_interface/include/my_action_interface/my_action_interface/action/docking_one.h
[31.082s] -- Installing: /home/oh/slam_ws/src/install/my_action_interface/include/my_action_interface/my_action_interface/action/detail
[31.082s] -- Installing: /home/oh/slam_ws/src/install/my_action_interface/include/my_action_interface/my_action_interface/action/detail/open__functions.c
[31.082s] -- Installing: /home/oh/slam_ws/src/install/my_action_interface/include/my_action_interface/my_action_interface/action/detail/open__type_support.h
[31.082s] -- Installing: /home/oh/slam_ws/src/install/my_action_interface/include/my_action_interface/my_action_interface/action/detail/open__struct.h
[31.082s] -- Installing: /home/oh/slam_ws/src/install/my_action_interface/include/my_action_interface/my_action_interface/action/detail/docking_two__functions.h
[31.082s] -- Installing: /home/oh/slam_ws/src/install/my_action_interface/include/my_action_interface/my_action_interface/action/detail/docking_one__functions.h
[31.082s] -- Installing: /home/oh/slam_ws/src/install/my_action_interface/include/my_action_interface/my_action_interface/action/detail/docking_two__type_support.h
[31.082s] -- Installing: /home/oh/slam_ws/src/install/my_action_interface/include/my_action_interface/my_action_interface/action/detail/docking_two__struct.h
[31.082s] -- Installing: /home/oh/slam_ws/src/install/my_action_interface/include/my_action_interface/my_action_interface/action/detail/open__functions.h
[31.082s] -- Installing: /home/oh/slam_ws/src/install/my_action_interface/include/my_action_interface/my_action_interface/action/detail/docking_one__functions.c
[31.082s] -- Installing: /home/oh/slam_ws/src/install/my_action_interface/include/my_action_interface/my_action_interface/action/detail/docking_one__type_support.h
[31.083s] -- Installing: /home/oh/slam_ws/src/install/my_action_interface/include/my_action_interface/my_action_interface/action/detail/docking_two__functions.c
[31.083s] -- Installing: /home/oh/slam_ws/src/install/my_action_interface/include/my_action_interface/my_action_interface/action/detail/docking_one__struct.h
[31.083s] -- Installing: /home/oh/slam_ws/src/install/my_action_interface/include/my_action_interface/my_action_interface/action/docking_two.h
[31.083s] -- Installing: /home/oh/slam_ws/src/install/my_action_interface/share/my_action_interface/environment/library_path.sh
[31.083s] -- Installing: /home/oh/slam_ws/src/install/my_action_interface/share/my_action_interface/environment/library_path.dsv
[31.083s] -- Installing: /home/oh/slam_ws/src/install/my_action_interface/lib/libmy_action_interface__rosidl_generator_c.so
[31.083s] -- Set runtime path of "/home/oh/slam_ws/src/install/my_action_interface/lib/libmy_action_interface__rosidl_generator_c.so" to ""
[31.083s] -- Up-to-date: /home/oh/slam_ws/src/install/my_action_interface/include/my_action_interface/my_action_interface
[31.083s] -- Up-to-date: /home/oh/slam_ws/src/install/my_action_interface/include/my_action_interface/my_action_interface/msg
[31.083s] -- Installing: /home/oh/slam_ws/src/install/my_action_interface/include/my_action_interface/my_action_interface/msg/rosidl_typesupport_fastrtps_c__visibility_control.h
[31.083s] -- Up-to-date: /home/oh/slam_ws/src/install/my_action_interface/include/my_action_interface/my_action_interface/action
[31.084s] -- Up-to-date: /home/oh/slam_ws/src/install/my_action_interface/include/my_action_interface/my_action_interface/action/detail
[31.084s] -- Installing: /home/oh/slam_ws/src/install/my_action_interface/include/my_action_interface/my_action_interface/action/detail/open__rosidl_typesupport_fastrtps_c.h
[31.084s] -- Installing: /home/oh/slam_ws/src/install/my_action_interface/include/my_action_interface/my_action_interface/action/detail/docking_two__rosidl_typesupport_fastrtps_c.h
[31.084s] -- Installing: /home/oh/slam_ws/src/install/my_action_interface/include/my_action_interface/my_action_interface/action/detail/docking_one__rosidl_typesupport_fastrtps_c.h
[31.084s] -- Installing: /home/oh/slam_ws/src/install/my_action_interface/lib/libmy_action_interface__rosidl_typesupport_fastrtps_c.so
[31.084s] -- Set runtime path of "/home/oh/slam_ws/src/install/my_action_interface/lib/libmy_action_interface__rosidl_typesupport_fastrtps_c.so" to ""
[31.084s] -- Up-to-date: /home/oh/slam_ws/src/install/my_action_interface/include/my_action_interface/my_action_interface
[31.084s] -- Up-to-date: /home/oh/slam_ws/src/install/my_action_interface/include/my_action_interface/my_action_interface/msg
[31.084s] -- Installing: /home/oh/slam_ws/src/install/my_action_interface/include/my_action_interface/my_action_interface/msg/rosidl_typesupport_introspection_c__visibility_control.h
[31.084s] -- Up-to-date: /home/oh/slam_ws/src/install/my_action_interface/include/my_action_interface/my_action_interface/action
[31.084s] -- Up-to-date: /home/oh/slam_ws/src/install/my_action_interface/include/my_action_interface/my_action_interface/action/detail
[31.084s] -- Installing: /home/oh/slam_ws/src/install/my_action_interface/include/my_action_interface/my_action_interface/action/detail/docking_one__type_support.c
[31.084s] -- Installing: /home/oh/slam_ws/src/install/my_action_interface/include/my_action_interface/my_action_interface/action/detail/docking_two__rosidl_typesupport_introspection_c.h
[31.085s] -- Installing: /home/oh/slam_ws/src/install/my_action_interface/include/my_action_interface/my_action_interface/action/detail/open__rosidl_typesupport_introspection_c.h
[31.085s] -- Installing: /home/oh/slam_ws/src/install/my_action_interface/include/my_action_interface/my_action_interface/action/detail/docking_two__type_support.c
[31.085s] -- Installing: /home/oh/slam_ws/src/install/my_action_interface/include/my_action_interface/my_action_interface/action/detail/docking_one__rosidl_typesupport_introspection_c.h
[31.085s] -- Installing: /home/oh/slam_ws/src/install/my_action_interface/include/my_action_interface/my_action_interface/action/detail/open__type_support.c
[31.085s] -- Installing: /home/oh/slam_ws/src/install/my_action_interface/lib/libmy_action_interface__rosidl_typesupport_introspection_c.so
[31.085s] -- Set runtime path of "/home/oh/slam_ws/src/install/my_action_interface/lib/libmy_action_interface__rosidl_typesupport_introspection_c.so" to ""
[31.085s] -- Installing: /home/oh/slam_ws/src/install/my_action_interface/lib/libmy_action_interface__rosidl_typesupport_c.so
[31.085s] -- Set runtime path of "/home/oh/slam_ws/src/install/my_action_interface/lib/libmy_action_interface__rosidl_typesupport_c.so" to ""
[31.085s] -- Up-to-date: /home/oh/slam_ws/src/install/my_action_interface/include/my_action_interface/my_action_interface
[31.085s] -- Up-to-date: /home/oh/slam_ws/src/install/my_action_interface/include/my_action_interface/my_action_interface/action
[31.085s] -- Installing: /home/oh/slam_ws/src/install/my_action_interface/include/my_action_interface/my_action_interface/action/docking_one.hpp
[31.085s] -- Up-to-date: /home/oh/slam_ws/src/install/my_action_interface/include/my_action_interface/my_action_interface/action/detail
[31.085s] -- Installing: /home/oh/slam_ws/src/install/my_action_interface/include/my_action_interface/my_action_interface/action/detail/docking_one__struct.hpp
[31.085s] -- Installing: /home/oh/slam_ws/src/install/my_action_interface/include/my_action_interface/my_action_interface/action/detail/docking_two__traits.hpp
[31.086s] -- Installing: /home/oh/slam_ws/src/install/my_action_interface/include/my_action_interface/my_action_interface/action/detail/docking_one__builder.hpp
[31.086s] -- Installing: /home/oh/slam_ws/src/install/my_action_interface/include/my_action_interface/my_action_interface/action/detail/docking_one__traits.hpp
[31.086s] -- Installing: /home/oh/slam_ws/src/install/my_action_interface/include/my_action_interface/my_action_interface/action/detail/open__builder.hpp
[31.086s] -- Installing: /home/oh/slam_ws/src/install/my_action_interface/include/my_action_interface/my_action_interface/action/detail/docking_two__struct.hpp
[31.086s] -- Installing: /home/oh/slam_ws/src/install/my_action_interface/include/my_action_interface/my_action_interface/action/detail/open__traits.hpp
[31.086s] -- Installing: /home/oh/slam_ws/src/install/my_action_interface/include/my_action_interface/my_action_interface/action/detail/docking_two__builder.hpp
[31.086s] -- Installing: /home/oh/slam_ws/src/install/my_action_interface/include/my_action_interface/my_action_interface/action/detail/open__struct.hpp
[31.086s] -- Installing: /home/oh/slam_ws/src/install/my_action_interface/include/my_action_interface/my_action_interface/action/docking_two.hpp
[31.086s] -- Installing: /home/oh/slam_ws/src/install/my_action_interface/include/my_action_interface/my_action_interface/action/open.hpp
[31.086s] -- Up-to-date: /home/oh/slam_ws/src/install/my_action_interface/include/my_action_interface/my_action_interface
[31.086s] -- Up-to-date: /home/oh/slam_ws/src/install/my_action_interface/include/my_action_interface/my_action_interface/msg
[31.086s] -- Installing: /home/oh/slam_ws/src/install/my_action_interface/include/my_action_interface/my_action_interface/msg/rosidl_typesupport_fastrtps_cpp__visibility_control.h
[31.086s] -- Up-to-date: /home/oh/slam_ws/src/install/my_action_interface/include/my_action_interface/my_action_interface/action
[31.086s] -- Up-to-date: /home/oh/slam_ws/src/install/my_action_interface/include/my_action_interface/my_action_interface/action/detail
[31.086s] -- Installing: /home/oh/slam_ws/src/install/my_action_interface/include/my_action_interface/my_action_interface/action/detail/docking_one__rosidl_typesupport_fastrtps_cpp.hpp
[31.087s] -- Installing: /home/oh/slam_ws/src/install/my_action_interface/include/my_action_interface/my_action_interface/action/detail/docking_two__rosidl_typesupport_fastrtps_cpp.hpp
[31.087s] -- Installing: /home/oh/slam_ws/src/install/my_action_interface/include/my_action_interface/my_action_interface/action/detail/open__rosidl_typesupport_fastrtps_cpp.hpp
[31.087s] -- Installing: /home/oh/slam_ws/src/install/my_action_interface/include/my_action_interface/my_action_interface/action/detail/dds_fastrtps
[31.087s] -- Installing: /home/oh/slam_ws/src/install/my_action_interface/lib/libmy_action_interface__rosidl_typesupport_fastrtps_cpp.so
[31.087s] -- Set runtime path of "/home/oh/slam_ws/src/install/my_action_interface/lib/libmy_action_interface__rosidl_typesupport_fastrtps_cpp.so" to ""
[31.087s] -- Up-to-date: /home/oh/slam_ws/src/install/my_action_interface/include/my_action_interface/my_action_interface
[31.087s] -- Up-to-date: /home/oh/slam_ws/src/install/my_action_interface/include/my_action_interface/my_action_interface/action
[31.087s] -- Up-to-date: /home/oh/slam_ws/src/install/my_action_interface/include/my_action_interface/my_action_interface/action/detail
[31.087s] -- Installing: /home/oh/slam_ws/src/install/my_action_interface/include/my_action_interface/my_action_interface/action/detail/docking_two__rosidl_typesupport_introspection_cpp.hpp
[31.087s] -- Installing: /home/oh/slam_ws/src/install/my_action_interface/include/my_action_interface/my_action_interface/action/detail/docking_one__rosidl_typesupport_introspection_cpp.hpp
[31.087s] -- Installing: /home/oh/slam_ws/src/install/my_action_interface/include/my_action_interface/my_action_interface/action/detail/docking_two__type_support.cpp
[31.087s] -- Installing: /home/oh/slam_ws/src/install/my_action_interface/include/my_action_interface/my_action_interface/action/detail/open__rosidl_typesupport_introspection_cpp.hpp
[31.087s] -- Installing: /home/oh/slam_ws/src/install/my_action_interface/include/my_action_interface/my_action_interface/action/detail/open__type_support.cpp
[31.087s] -- Installing: /home/oh/slam_ws/src/install/my_action_interface/include/my_action_interface/my_action_interface/action/detail/docking_one__type_support.cpp
[31.088s] -- Installing: /home/oh/slam_ws/src/install/my_action_interface/lib/libmy_action_interface__rosidl_typesupport_introspection_cpp.so
[31.088s] -- Set runtime path of "/home/oh/slam_ws/src/install/my_action_interface/lib/libmy_action_interface__rosidl_typesupport_introspection_cpp.so" to ""
[31.088s] -- Installing: /home/oh/slam_ws/src/install/my_action_interface/lib/libmy_action_interface__rosidl_typesupport_cpp.so
[31.088s] -- Set runtime path of "/home/oh/slam_ws/src/install/my_action_interface/lib/libmy_action_interface__rosidl_typesupport_cpp.so" to ""
[31.088s] -- Installing: /home/oh/slam_ws/src/install/my_action_interface/share/my_action_interface/environment/pythonpath.sh
[31.088s] -- Installing: /home/oh/slam_ws/src/install/my_action_interface/share/my_action_interface/environment/pythonpath.dsv
[31.088s] -- Installing: /home/oh/slam_ws/src/install/my_action_interface/local/lib/python3.10/dist-packages/my_action_interface-0.0.0-py3.10.egg-info
[31.108s] -- Installing: /home/oh/slam_ws/src/install/my_action_interface/local/lib/python3.10/dist-packages/my_action_interface-0.0.0-py3.10.egg-info/dependency_links.txt
[31.109s] -- Installing: /home/oh/slam_ws/src/install/my_action_interface/local/lib/python3.10/dist-packages/my_action_interface-0.0.0-py3.10.egg-info/SOURCES.txt
[31.109s] -- Installing: /home/oh/slam_ws/src/install/my_action_interface/local/lib/python3.10/dist-packages/my_action_interface-0.0.0-py3.10.egg-info/PKG-INFO
[31.109s] -- Installing: /home/oh/slam_ws/src/install/my_action_interface/local/lib/python3.10/dist-packages/my_action_interface-0.0.0-py3.10.egg-info/top_level.txt
[31.109s] -- Installing: /home/oh/slam_ws/src/install/my_action_interface/local/lib/python3.10/dist-packages/my_action_interface
[31.109s] -- Installing: /home/oh/slam_ws/src/install/my_action_interface/local/lib/python3.10/dist-packages/my_action_interface/my_action_interface_s__rosidl_typesupport_introspection_c.cpython-310-x86_64-linux-gnu.so
[31.109s] -- Installing: /home/oh/slam_ws/src/install/my_action_interface/local/lib/python3.10/dist-packages/my_action_interface/libmy_action_interface__rosidl_generator_py.so
[31.109s] -- Installing: /home/oh/slam_ws/src/install/my_action_interface/local/lib/python3.10/dist-packages/my_action_interface/action
[31.109s] -- Installing: /home/oh/slam_ws/src/install/my_action_interface/local/lib/python3.10/dist-packages/my_action_interface/action/_docking_two_s.c
[31.109s] -- Installing: /home/oh/slam_ws/src/install/my_action_interface/local/lib/python3.10/dist-packages/my_action_interface/action/_docking_one.py
[31.109s] -- Installing: /home/oh/slam_ws/src/install/my_action_interface/local/lib/python3.10/dist-packages/my_action_interface/action/_docking_one_s.c
[31.109s] -- Installing: /home/oh/slam_ws/src/install/my_action_interface/local/lib/python3.10/dist-packages/my_action_interface/action/_open_s.c
[31.109s] -- Installing: /home/oh/slam_ws/src/install/my_action_interface/local/lib/python3.10/dist-packages/my_action_interface/action/_open.py
[31.110s] -- Installing: /home/oh/slam_ws/src/install/my_action_interface/local/lib/python3.10/dist-packages/my_action_interface/action/__init__.py
[31.110s] -- Installing: /home/oh/slam_ws/src/install/my_action_interface/local/lib/python3.10/dist-packages/my_action_interface/action/_docking_two.py
[31.110s] -- Installing: /home/oh/slam_ws/src/install/my_action_interface/local/lib/python3.10/dist-packages/my_action_interface/_my_action_interface_s.ep.rosidl_typesupport_fastrtps_c.c
[31.110s] -- Installing: /home/oh/slam_ws/src/install/my_action_interface/local/lib/python3.10/dist-packages/my_action_interface/my_action_interface_s__rosidl_typesupport_fastrtps_c.cpython-310-x86_64-linux-gnu.so
[31.110s] -- Installing: /home/oh/slam_ws/src/install/my_action_interface/local/lib/python3.10/dist-packages/my_action_interface/my_action_interface_s__rosidl_typesupport_c.cpython-310-x86_64-linux-gnu.so
[31.110s] -- Installing: /home/oh/slam_ws/src/install/my_action_interface/local/lib/python3.10/dist-packages/my_action_interface/_my_action_interface_s.ep.rosidl_typesupport_introspection_c.c
[31.110s] -- Installing: /home/oh/slam_ws/src/install/my_action_interface/local/lib/python3.10/dist-packages/my_action_interface/_my_action_interface_s.ep.rosidl_typesupport_c.c
[31.110s] -- Installing: /home/oh/slam_ws/src/install/my_action_interface/local/lib/python3.10/dist-packages/my_action_interface/__init__.py
[31.110s] Listing '/home/oh/slam_ws/src/install/my_action_interface/local/lib/python3.10/dist-packages/my_action_interface'...
[31.110s] Compiling '/home/oh/slam_ws/src/install/my_action_interface/local/lib/python3.10/dist-packages/my_action_interface/__init__.py'...
[31.110s] Listing '/home/oh/slam_ws/src/install/my_action_interface/local/lib/python3.10/dist-packages/my_action_interface/action'...
[31.110s] Compiling '/home/oh/slam_ws/src/install/my_action_interface/local/lib/python3.10/dist-packages/my_action_interface/action/__init__.py'...
[31.110s] Compiling '/home/oh/slam_ws/src/install/my_action_interface/local/lib/python3.10/dist-packages/my_action_interface/action/_docking_one.py'...
[31.111s] Compiling '/home/oh/slam_ws/src/install/my_action_interface/local/lib/python3.10/dist-packages/my_action_interface/action/_docking_two.py'...
[31.111s] Compiling '/home/oh/slam_ws/src/install/my_action_interface/local/lib/python3.10/dist-packages/my_action_interface/action/_open.py'...
[31.111s] -- Installing: /home/oh/slam_ws/src/install/my_action_interface/local/lib/python3.10/dist-packages/my_action_interface/my_action_interface_s__rosidl_typesupport_fastrtps_c.cpython-310-x86_64-linux-gnu.so
[31.111s] -- Set runtime path of "/home/oh/slam_ws/src/install/my_action_interface/local/lib/python3.10/dist-packages/my_action_interface/my_action_interface_s__rosidl_typesupport_fastrtps_c.cpython-310-x86_64-linux-gnu.so" to ""
[31.111s] -- Installing: /home/oh/slam_ws/src/install/my_action_interface/local/lib/python3.10/dist-packages/my_action_interface/my_action_interface_s__rosidl_typesupport_introspection_c.cpython-310-x86_64-linux-gnu.so
[31.111s] -- Set runtime path of "/home/oh/slam_ws/src/install/my_action_interface/local/lib/python3.10/dist-packages/my_action_interface/my_action_interface_s__rosidl_typesupport_introspection_c.cpython-310-x86_64-linux-gnu.so" to ""
[31.112s] -- Installing: /home/oh/slam_ws/src/install/my_action_interface/local/lib/python3.10/dist-packages/my_action_interface/my_action_interface_s__rosidl_typesupport_c.cpython-310-x86_64-linux-gnu.so
[31.113s] -- Set runtime path of "/home/oh/slam_ws/src/install/my_action_interface/local/lib/python3.10/dist-packages/my_action_interface/my_action_interface_s__rosidl_typesupport_c.cpython-310-x86_64-linux-gnu.so" to ""
[31.113s] -- Installing: /home/oh/slam_ws/src/install/my_action_interface/lib/libmy_action_interface__rosidl_generator_py.so
[31.113s] -- Set runtime path of "/home/oh/slam_ws/src/install/my_action_interface/lib/libmy_action_interface__rosidl_generator_py.so" to ""
[31.113s] -- Installing: /home/oh/slam_ws/src/install/my_action_interface/share/my_action_interface/action/Open.idl
[31.113s] -- Installing: /home/oh/slam_ws/src/install/my_action_interface/share/my_action_interface/action/DockingOne.idl
[31.113s] -- Installing: /home/oh/slam_ws/src/install/my_action_interface/share/my_action_interface/action/DockingTwo.idl
[31.113s] -- Installing: /home/oh/slam_ws/src/install/my_action_interface/share/my_action_interface/action/Open.action
[31.113s] -- Installing: /home/oh/slam_ws/src/install/my_action_interface/share/my_action_interface/action/DockingOne.action
[31.114s] -- Installing: /home/oh/slam_ws/src/install/my_action_interface/share/my_action_interface/action/DockingTwo.action
[31.114s] -- Installing: /home/oh/slam_ws/src/install/my_action_interface/share/ament_index/resource_index/package_run_dependencies/my_action_interface
[31.114s] -- Installing: /home/oh/slam_ws/src/install/my_action_interface/share/ament_index/resource_index/parent_prefix_path/my_action_interface
[31.114s] -- Installing: /home/oh/slam_ws/src/install/my_action_interface/share/my_action_interface/environment/ament_prefix_path.sh
[31.114s] -- Installing: /home/oh/slam_ws/src/install/my_action_interface/share/my_action_interface/environment/ament_prefix_path.dsv
[31.114s] -- Installing: /home/oh/slam_ws/src/install/my_action_interface/share/my_action_interface/environment/path.sh
[31.114s] -- Installing: /home/oh/slam_ws/src/install/my_action_interface/share/my_action_interface/environment/path.dsv
[31.114s] -- Installing: /home/oh/slam_ws/src/install/my_action_interface/share/my_action_interface/local_setup.bash
[31.114s] -- Installing: /home/oh/slam_ws/src/install/my_action_interface/share/my_action_interface/local_setup.sh
[31.114s] -- Installing: /home/oh/slam_ws/src/install/my_action_interface/share/my_action_interface/local_setup.zsh
[31.114s] -- Installing: /home/oh/slam_ws/src/install/my_action_interface/share/my_action_interface/local_setup.dsv
[31.114s] -- Installing: /home/oh/slam_ws/src/install/my_action_interface/share/my_action_interface/package.dsv
[31.114s] -- Installing: /home/oh/slam_ws/src/install/my_action_interface/share/ament_index/resource_index/packages/my_action_interface
[31.114s] -- Installing: /home/oh/slam_ws/src/install/my_action_interface/share/my_action_interface/cmake/export_my_action_interface__rosidl_generator_cExport.cmake
[31.115s] -- Installing: /home/oh/slam_ws/src/install/my_action_interface/share/my_action_interface/cmake/export_my_action_interface__rosidl_generator_cExport-noconfig.cmake
[31.115s] -- Installing: /home/oh/slam_ws/src/install/my_action_interface/share/my_action_interface/cmake/export_my_action_interface__rosidl_typesupport_fastrtps_cExport.cmake
[31.115s] -- Installing: /home/oh/slam_ws/src/install/my_action_interface/share/my_action_interface/cmake/export_my_action_interface__rosidl_typesupport_fastrtps_cExport-noconfig.cmake
[31.115s] -- Installing: /home/oh/slam_ws/src/install/my_action_interface/share/my_action_interface/cmake/my_action_interface__rosidl_typesupport_introspection_cExport.cmake
[31.115s] -- Installing: /home/oh/slam_ws/src/install/my_action_interface/share/my_action_interface/cmake/my_action_interface__rosidl_typesupport_introspection_cExport-noconfig.cmake
[31.115s] -- Installing: /home/oh/slam_ws/src/install/my_action_interface/share/my_action_interface/cmake/my_action_interface__rosidl_typesupport_cExport.cmake
[31.115s] -- Installing: /home/oh/slam_ws/src/install/my_action_interface/share/my_action_interface/cmake/my_action_interface__rosidl_typesupport_cExport-noconfig.cmake
[31.115s] -- Installing: /home/oh/slam_ws/src/install/my_action_interface/share/my_action_interface/cmake/export_my_action_interface__rosidl_generator_cppExport.cmake
[31.115s] -- Installing: /home/oh/slam_ws/src/install/my_action_interface/share/my_action_interface/cmake/export_my_action_interface__rosidl_typesupport_fastrtps_cppExport.cmake
[31.115s] -- Installing: /home/oh/slam_ws/src/install/my_action_interface/share/my_action_interface/cmake/export_my_action_interface__rosidl_typesupport_fastrtps_cppExport-noconfig.cmake
[31.115s] -- Installing: /home/oh/slam_ws/src/install/my_action_interface/share/my_action_interface/cmake/my_action_interface__rosidl_typesupport_introspection_cppExport.cmake
[31.115s] -- Installing: /home/oh/slam_ws/src/install/my_action_interface/share/my_action_interface/cmake/my_action_interface__rosidl_typesupport_introspection_cppExport-noconfig.cmake
[31.115s] -- Installing: /home/oh/slam_ws/src/install/my_action_interface/share/my_action_interface/cmake/my_action_interface__rosidl_typesupport_cppExport.cmake
[31.116s] -- Installing: /home/oh/slam_ws/src/install/my_action_interface/share/my_action_interface/cmake/my_action_interface__rosidl_typesupport_cppExport-noconfig.cmake
[31.116s] -- Installing: /home/oh/slam_ws/src/install/my_action_interface/share/my_action_interface/cmake/export_my_action_interface__rosidl_generator_pyExport.cmake
[31.116s] -- Installing: /home/oh/slam_ws/src/install/my_action_interface/share/my_action_interface/cmake/export_my_action_interface__rosidl_generator_pyExport-noconfig.cmake
[31.116s] -- Installing: /home/oh/slam_ws/src/install/my_action_interface/share/my_action_interface/cmake/rosidl_cmake-extras.cmake
[31.116s] -- Installing: /home/oh/slam_ws/src/install/my_action_interface/share/my_action_interface/cmake/ament_cmake_export_dependencies-extras.cmake
[31.116s] -- Installing: /home/oh/slam_ws/src/install/my_action_interface/share/my_action_interface/cmake/ament_cmake_export_include_directories-extras.cmake
[31.116s] -- Installing: /home/oh/slam_ws/src/install/my_action_interface/share/my_action_interface/cmake/ament_cmake_export_libraries-extras.cmake
[31.116s] -- Installing: /home/oh/slam_ws/src/install/my_action_interface/share/my_action_interface/cmake/ament_cmake_export_targets-extras.cmake
[31.116s] -- Installing: /home/oh/slam_ws/src/install/my_action_interface/share/my_action_interface/cmake/rosidl_cmake_export_typesupport_targets-extras.cmake
[31.116s] -- Installing: /home/oh/slam_ws/src/install/my_action_interface/share/my_action_interface/cmake/rosidl_cmake_export_typesupport_libraries-extras.cmake
[31.116s] -- Installing: /home/oh/slam_ws/src/install/my_action_interface/share/my_action_interface/cmake/my_action_interfaceConfig.cmake
[31.116s] -- Installing: /home/oh/slam_ws/src/install/my_action_interface/share/my_action_interface/cmake/my_action_interfaceConfig-version.cmake
[31.116s] -- Installing: /home/oh/slam_ws/src/install/my_action_interface/share/my_action_interface/package.xml
[31.130s] Invoked command in '/home/oh/slam_ws/src/build/my_action_interface' returned '0': CMAKE_PREFIX_PATH=${CMAKE_PREFIX_PATH}:/home/oh/slam_ws/install/ros2_aruco:/home/oh/slam_ws/install/my_tf_package:/home/oh/slam_ws/install/my_tf2_package:/home/oh/slam_ws/install/my_docking:/home/oh/slam_ws/install/my_aruco_to_goal_pose_pkg:/home/oh/slam_ws/install/escape_from_cart:/opt/ros/humble /usr/bin/cmake --install /home/oh/slam_ws/src/build/my_action_interface
