[0.025s] Invoking command in '/home/oh/slam_ws/build/realsense2_description': AMENT_PREFIX_PATH=/home/oh/slam_ws/install/realsense2_camera_msgs:${AMENT_PREFIX_PATH} CMAKE_PREFIX_PATH=/home/oh/slam_ws/install/realsense2_camera_msgs:/opt/ros/humble LD_LIBRARY_PATH=/home/oh/slam_ws/install/realsense2_camera_msgs/lib:${LD_LIBRARY_PATH} PYTHONPATH=/home/oh/slam_ws/install/realsense2_camera_msgs/local/lib/python3.10/dist-packages:${PYTHONPATH} /usr/bin/cmake /home/oh/slam_ws/src/realsense-ros/realsense2_description -DCMAKE_INSTALL_PREFIX=/home/oh/slam_ws/install/realsense2_description
[1.628s] -- The C compiler identification is GNU 11.4.0
[1.628s] -- The CXX compiler identification is GNU 11.4.0
[1.629s] -- Detecting C compiler ABI info
[1.629s] -- Detecting C compiler ABI info - done
[1.629s] -- Check for working C compiler: /usr/bin/cc - skipped
[1.629s] -- Detecting C compile features
[1.629s] -- Detecting C compile features - done
[1.629s] -- Detecting CXX compiler ABI info
[1.629s] -- Detecting CXX compiler ABI info - done
[1.629s] -- Check for working CXX compiler: /usr/bin/c++ - skipped
[1.629s] -- Detecting CXX compile features
[1.629s] -- Detecting CXX compile features - done
[1.629s] -- Found ament_cmake: 1.3.8 (/opt/ros/humble/share/ament_cmake/cmake)
[1.629s] -- Found Python3: /usr/bin/python3 (found version "3.10.12") found components: Interpreter 
[1.629s] -- Configuring done
[1.630s] -- Generating done
[1.630s] -- Build files have been written to: /home/oh/slam_ws/build/realsense2_description
[1.634s] Invoked command in '/home/oh/slam_ws/build/realsense2_description' returned '0': AMENT_PREFIX_PATH=/home/oh/slam_ws/install/realsense2_camera_msgs:${AMENT_PREFIX_PATH} CMAKE_PREFIX_PATH=/home/oh/slam_ws/install/realsense2_camera_msgs:/opt/ros/humble LD_LIBRARY_PATH=/home/oh/slam_ws/install/realsense2_camera_msgs/lib:${LD_LIBRARY_PATH} PYTHONPATH=/home/oh/slam_ws/install/realsense2_camera_msgs/local/lib/python3.10/dist-packages:${PYTHONPATH} /usr/bin/cmake /home/oh/slam_ws/src/realsense-ros/realsense2_description -DCMAKE_INSTALL_PREFIX=/home/oh/slam_ws/install/realsense2_description
[1.634s] Invoking command in '/home/oh/slam_ws/build/realsense2_description': AMENT_PREFIX_PATH=/home/oh/slam_ws/install/realsense2_camera_msgs:${AMENT_PREFIX_PATH} CMAKE_PREFIX_PATH=/home/oh/slam_ws/install/realsense2_camera_msgs:/opt/ros/humble LD_LIBRARY_PATH=/home/oh/slam_ws/install/realsense2_camera_msgs/lib:${LD_LIBRARY_PATH} PYTHONPATH=/home/oh/slam_ws/install/realsense2_camera_msgs/local/lib/python3.10/dist-packages:${PYTHONPATH} /usr/bin/cmake --build /home/oh/slam_ws/build/realsense2_description -- -j8 -l8
[1.841s] Invoked command in '/home/oh/slam_ws/build/realsense2_description' returned '0': AMENT_PREFIX_PATH=/home/oh/slam_ws/install/realsense2_camera_msgs:${AMENT_PREFIX_PATH} CMAKE_PREFIX_PATH=/home/oh/slam_ws/install/realsense2_camera_msgs:/opt/ros/humble LD_LIBRARY_PATH=/home/oh/slam_ws/install/realsense2_camera_msgs/lib:${LD_LIBRARY_PATH} PYTHONPATH=/home/oh/slam_ws/install/realsense2_camera_msgs/local/lib/python3.10/dist-packages:${PYTHONPATH} /usr/bin/cmake --build /home/oh/slam_ws/build/realsense2_description -- -j8 -l8
[1.994s] Invoking command in '/home/oh/slam_ws/build/realsense2_description': AMENT_PREFIX_PATH=/home/oh/slam_ws/install/realsense2_camera_msgs:${AMENT_PREFIX_PATH} CMAKE_PREFIX_PATH=/home/oh/slam_ws/install/realsense2_camera_msgs:/opt/ros/humble LD_LIBRARY_PATH=/home/oh/slam_ws/install/realsense2_camera_msgs/lib:${LD_LIBRARY_PATH} PYTHONPATH=/home/oh/slam_ws/install/realsense2_camera_msgs/local/lib/python3.10/dist-packages:${PYTHONPATH} /usr/bin/cmake --install /home/oh/slam_ws/build/realsense2_description
[2.018s] -- Install configuration: ""
[2.018s] -- Installing: /home/oh/slam_ws/install/realsense2_description/share/realsense2_description/launch
[2.018s] -- Installing: /home/oh/slam_ws/install/realsense2_description/share/realsense2_description/launch/launch_utils.py
[2.018s] -- Installing: /home/oh/slam_ws/install/realsense2_description/share/realsense2_description/launch/view_model.launch.py
[2.018s] -- Installing: /home/oh/slam_ws/install/realsense2_description/share/realsense2_description/meshes
[2.018s] -- Installing: /home/oh/slam_ws/install/realsense2_description/share/realsense2_description/meshes/d415.stl
[2.026s] -- Installing: /home/oh/slam_ws/install/realsense2_description/share/realsense2_description/meshes/d405.stl
[2.026s] -- Installing: /home/oh/slam_ws/install/realsense2_description/share/realsense2_description/meshes/d455.stl
[2.027s] -- Installing: /home/oh/slam_ws/install/realsense2_description/share/realsense2_description/meshes/d435.dae
[2.078s] -- Installing: /home/oh/slam_ws/install/realsense2_description/share/realsense2_description/meshes/plug.stl
[2.078s] -- Installing: /home/oh/slam_ws/install/realsense2_description/share/realsense2_description/meshes/l515.dae
[2.078s] -- Installing: /home/oh/slam_ws/install/realsense2_description/share/realsense2_description/meshes/plug_collision.stl
[2.078s] -- Installing: /home/oh/slam_ws/install/realsense2_description/share/realsense2_description/rviz
[2.078s] -- Installing: /home/oh/slam_ws/install/realsense2_description/share/realsense2_description/rviz/urdf.rviz
[2.078s] -- Installing: /home/oh/slam_ws/install/realsense2_description/share/realsense2_description/urdf
[2.078s] -- Installing: /home/oh/slam_ws/install/realsense2_description/share/realsense2_description/urdf/test_r410_camera.urdf.xacro
[2.079s] -- Installing: /home/oh/slam_ws/install/realsense2_description/share/realsense2_description/urdf/_d435i.urdf.xacro
[2.079s] -- Installing: /home/oh/slam_ws/install/realsense2_description/share/realsense2_description/urdf/test_d405_camera.urdf.xacro
[2.079s] -- Installing: /home/oh/slam_ws/install/realsense2_description/share/realsense2_description/urdf/test_d435i_camera.urdf.xacro
[2.079s] -- Installing: /home/oh/slam_ws/install/realsense2_description/share/realsense2_description/urdf/_d415.urdf.xacro
[2.079s] -- Installing: /home/oh/slam_ws/install/realsense2_description/share/realsense2_description/urdf/_d435i_imu_modules.urdf.xacro
[2.079s] -- Installing: /home/oh/slam_ws/install/realsense2_description/share/realsense2_description/urdf/_r430.urdf.xacro
[2.079s] -- Installing: /home/oh/slam_ws/install/realsense2_description/share/realsense2_description/urdf/_usb_plug.urdf.xacro
[2.079s] -- Installing: /home/oh/slam_ws/install/realsense2_description/share/realsense2_description/urdf/_materials.urdf.xacro
[2.079s] -- Installing: /home/oh/slam_ws/install/realsense2_description/share/realsense2_description/urdf/test_d415_camera.urdf.xacro
[2.079s] -- Installing: /home/oh/slam_ws/install/realsense2_description/share/realsense2_description/urdf/test_d435_multiple_cameras.urdf.xacro
[2.079s] -- Installing: /home/oh/slam_ws/install/realsense2_description/share/realsense2_description/urdf/_d455.urdf.xacro
[2.079s] -- Installing: /home/oh/slam_ws/install/realsense2_description/share/realsense2_description/urdf/_d435.urdf.xacro
[2.079s] -- Installing: /home/oh/slam_ws/install/realsense2_description/share/realsense2_description/urdf/test_d435_camera.urdf.xacro
[2.079s] -- Installing: /home/oh/slam_ws/install/realsense2_description/share/realsense2_description/urdf/test_r430_camera.urdf.xacro
[2.080s] -- Installing: /home/oh/slam_ws/install/realsense2_description/share/realsense2_description/urdf/test_d455_camera.urdf.xacro
[2.080s] -- Installing: /home/oh/slam_ws/install/realsense2_description/share/realsense2_description/urdf/_d405.urdf.xacro
[2.080s] -- Installing: /home/oh/slam_ws/install/realsense2_description/share/realsense2_description/urdf/_r410.urdf.xacro
[2.080s] -- Installing: /home/oh/slam_ws/install/realsense2_description/share/ament_index/resource_index/package_run_dependencies/realsense2_description
[2.080s] -- Installing: /home/oh/slam_ws/install/realsense2_description/share/ament_index/resource_index/parent_prefix_path/realsense2_description
[2.080s] -- Installing: /home/oh/slam_ws/install/realsense2_description/share/realsense2_description/environment/ament_prefix_path.sh
[2.080s] -- Installing: /home/oh/slam_ws/install/realsense2_description/share/realsense2_description/environment/ament_prefix_path.dsv
[2.080s] -- Installing: /home/oh/slam_ws/install/realsense2_description/share/realsense2_description/environment/path.sh
[2.080s] -- Installing: /home/oh/slam_ws/install/realsense2_description/share/realsense2_description/environment/path.dsv
[2.080s] -- Installing: /home/oh/slam_ws/install/realsense2_description/share/realsense2_description/local_setup.bash
[2.080s] -- Installing: /home/oh/slam_ws/install/realsense2_description/share/realsense2_description/local_setup.sh
[2.080s] -- Installing: /home/oh/slam_ws/install/realsense2_description/share/realsense2_description/local_setup.zsh
[2.080s] -- Installing: /home/oh/slam_ws/install/realsense2_description/share/realsense2_description/local_setup.dsv
[2.080s] -- Installing: /home/oh/slam_ws/install/realsense2_description/share/realsense2_description/package.dsv
[2.081s] -- Installing: /home/oh/slam_ws/install/realsense2_description/share/ament_index/resource_index/packages/realsense2_description
[2.081s] -- Installing: /home/oh/slam_ws/install/realsense2_description/share/realsense2_description/cmake/realsense2_descriptionConfig.cmake
[2.081s] -- Installing: /home/oh/slam_ws/install/realsense2_description/share/realsense2_description/cmake/realsense2_descriptionConfig-version.cmake
[2.081s] -- Installing: /home/oh/slam_ws/install/realsense2_description/share/realsense2_description/package.xml
[2.090s] Invoked command in '/home/oh/slam_ws/build/realsense2_description' returned '0': AMENT_PREFIX_PATH=/home/oh/slam_ws/install/realsense2_camera_msgs:${AMENT_PREFIX_PATH} CMAKE_PREFIX_PATH=/home/oh/slam_ws/install/realsense2_camera_msgs:/opt/ros/humble LD_LIBRARY_PATH=/home/oh/slam_ws/install/realsense2_camera_msgs/lib:${LD_LIBRARY_PATH} PYTHONPATH=/home/oh/slam_ws/install/realsense2_camera_msgs/local/lib/python3.10/dist-packages:${PYTHONPATH} /usr/bin/cmake --install /home/oh/slam_ws/build/realsense2_description
