[0.030s] Invoking command in '/home/oh/slam_ws/build/ros2_control_demo_example_14': CMAKE_PREFIX_PATH=${CMAKE_PREFIX_PATH}:/home/oh/slam_ws/install/ros2_aruco:/home/oh/slam_ws/install/my_tf_package:/home/oh/slam_ws/install/my_tf2_package:/opt/ros/humble /usr/bin/cmake --build /home/oh/slam_ws/build/ros2_control_demo_example_14 -- -j8 -l8
[0.263s] [100%] Built target ros2_control_demo_example_14
[0.266s] Invoked command in '/home/oh/slam_ws/build/ros2_control_demo_example_14' returned '0': CMAKE_PREFIX_PATH=${CMAKE_PREFIX_PATH}:/home/oh/slam_ws/install/ros2_aruco:/home/oh/slam_ws/install/my_tf_package:/home/oh/slam_ws/install/my_tf2_package:/opt/ros/humble /usr/bin/cmake --build /home/oh/slam_ws/build/ros2_control_demo_example_14 -- -j8 -l8
[0.471s] Invoking command in '/home/oh/slam_ws/build/ros2_control_demo_example_14': CMAKE_PREFIX_PATH=${CMAKE_PREFIX_PATH}:/home/oh/slam_ws/install/ros2_aruco:/home/oh/slam_ws/install/my_tf_package:/home/oh/slam_ws/install/my_tf2_package:/opt/ros/humble /usr/bin/cmake --install /home/oh/slam_ws/build/ros2_control_demo_example_14
[0.492s] -- Install configuration: ""
[0.492s] -- Up-to-date: /home/oh/slam_ws/install/ros2_control_demo_example_14/share/ros2_control_demo_example_14/ros2_control_demo_example_14.xml
[0.492s] -- Up-to-date: /home/oh/slam_ws/install/ros2_control_demo_example_14/include/ros2_control_demo_example_14
[0.492s] -- Up-to-date: /home/oh/slam_ws/install/ros2_control_demo_example_14/include/ros2_control_demo_example_14/ros2_control_demo_example_14
[0.493s] -- Up-to-date: /home/oh/slam_ws/install/ros2_control_demo_example_14/include/ros2_control_demo_example_14/ros2_control_demo_example_14/rrbot_sensor_for_position_feedback.hpp
[0.493s] -- Up-to-date: /home/oh/slam_ws/install/ros2_control_demo_example_14/include/ros2_control_demo_example_14/ros2_control_demo_example_14/rrbot_actuator_without_feedback.hpp
[0.493s] -- Up-to-date: /home/oh/slam_ws/install/ros2_control_demo_example_14/include/ros2_control_demo_example_14/ros2_control_demo_example_14/visibility_control.h
[0.493s] -- Up-to-date: /home/oh/slam_ws/install/ros2_control_demo_example_14/share/ros2_control_demo_example_14/launch
[0.493s] -- Up-to-date: /home/oh/slam_ws/install/ros2_control_demo_example_14/share/ros2_control_demo_example_14/launch/view_robot.launch.py
[0.493s] -- Up-to-date: /home/oh/slam_ws/install/ros2_control_demo_example_14/share/ros2_control_demo_example_14/ros2_control
[0.494s] -- Up-to-date: /home/oh/slam_ws/install/ros2_control_demo_example_14/share/ros2_control_demo_example_14/ros2_control/rrbot_modular_actuators_without_feedback_sensors_for_position_feedback.ros2_control.xacro
[0.494s] -- Up-to-date: /home/oh/slam_ws/install/ros2_control_demo_example_14/share/ros2_control_demo_example_14/urdf
[0.494s] -- Up-to-date: /home/oh/slam_ws/install/ros2_control_demo_example_14/share/ros2_control_demo_example_14/urdf/rrbot_modular_actuators_without_feedback_sensors_for_position_feedback.urdf.xacro
[0.495s] -- Up-to-date: /home/oh/slam_ws/install/ros2_control_demo_example_14/share/ros2_control_demo_example_14/launch
[0.495s] -- Up-to-date: /home/oh/slam_ws/install/ros2_control_demo_example_14/share/ros2_control_demo_example_14/launch/rrbot_modular_actuators_without_feedback_sensors_for_position_feedback.launch.py
[0.495s] -- Up-to-date: /home/oh/slam_ws/install/ros2_control_demo_example_14/share/ros2_control_demo_example_14/config
[0.495s] -- Up-to-date: /home/oh/slam_ws/install/ros2_control_demo_example_14/share/ros2_control_demo_example_14/config/rrbot_modular_actuators_without_feedback_sensors_for_position_feedback.yaml
[0.495s] -- Up-to-date: /home/oh/slam_ws/install/ros2_control_demo_example_14/lib/libros2_control_demo_example_14.so
[0.498s] -- Up-to-date: /home/oh/slam_ws/install/ros2_control_demo_example_14/share/ros2_control_demo_example_14/environment/library_path.sh
[0.498s] -- Up-to-date: /home/oh/slam_ws/install/ros2_control_demo_example_14/share/ros2_control_demo_example_14/environment/library_path.dsv
[0.498s] -- Up-to-date: /home/oh/slam_ws/install/ros2_control_demo_example_14/share/ament_index/resource_index/package_run_dependencies/ros2_control_demo_example_14
[0.498s] -- Up-to-date: /home/oh/slam_ws/install/ros2_control_demo_example_14/share/ament_index/resource_index/parent_prefix_path/ros2_control_demo_example_14
[0.498s] -- Up-to-date: /home/oh/slam_ws/install/ros2_control_demo_example_14/share/ros2_control_demo_example_14/environment/ament_prefix_path.sh
[0.498s] -- Up-to-date: /home/oh/slam_ws/install/ros2_control_demo_example_14/share/ros2_control_demo_example_14/environment/ament_prefix_path.dsv
[0.499s] -- Up-to-date: /home/oh/slam_ws/install/ros2_control_demo_example_14/share/ros2_control_demo_example_14/environment/path.sh
[0.499s] -- Up-to-date: /home/oh/slam_ws/install/ros2_control_demo_example_14/share/ros2_control_demo_example_14/environment/path.dsv
[0.499s] -- Up-to-date: /home/oh/slam_ws/install/ros2_control_demo_example_14/share/ros2_control_demo_example_14/local_setup.bash
[0.499s] -- Up-to-date: /home/oh/slam_ws/install/ros2_control_demo_example_14/share/ros2_control_demo_example_14/local_setup.sh
[0.499s] -- Up-to-date: /home/oh/slam_ws/install/ros2_control_demo_example_14/share/ros2_control_demo_example_14/local_setup.zsh
[0.499s] -- Up-to-date: /home/oh/slam_ws/install/ros2_control_demo_example_14/share/ros2_control_demo_example_14/local_setup.dsv
[0.499s] -- Installing: /home/oh/slam_ws/install/ros2_control_demo_example_14/share/ros2_control_demo_example_14/package.dsv
[0.499s] -- Up-to-date: /home/oh/slam_ws/install/ros2_control_demo_example_14/share/ament_index/resource_index/packages/ros2_control_demo_example_14
[0.500s] -- Up-to-date: /home/oh/slam_ws/install/ros2_control_demo_example_14/share/ament_index/resource_index/hardware_interface__pluginlib__plugin/ros2_control_demo_example_14
[0.502s] -- Up-to-date: /home/oh/slam_ws/install/ros2_control_demo_example_14/share/ros2_control_demo_example_14/cmake/export_ros2_control_demo_example_14Export.cmake
[0.502s] -- Up-to-date: /home/oh/slam_ws/install/ros2_control_demo_example_14/share/ros2_control_demo_example_14/cmake/export_ros2_control_demo_example_14Export-noconfig.cmake
[0.502s] -- Up-to-date: /home/oh/slam_ws/install/ros2_control_demo_example_14/share/ros2_control_demo_example_14/cmake/ament_cmake_export_targets-extras.cmake
[0.503s] -- Up-to-date: /home/oh/slam_ws/install/ros2_control_demo_example_14/share/ros2_control_demo_example_14/cmake/ament_cmake_export_dependencies-extras.cmake
[0.503s] -- Up-to-date: /home/oh/slam_ws/install/ros2_control_demo_example_14/share/ros2_control_demo_example_14/cmake/ros2_control_demo_example_14Config.cmake
[0.504s] -- Up-to-date: /home/oh/slam_ws/install/ros2_control_demo_example_14/share/ros2_control_demo_example_14/cmake/ros2_control_demo_example_14Config-version.cmake
[0.504s] -- Up-to-date: /home/oh/slam_ws/install/ros2_control_demo_example_14/share/ros2_control_demo_example_14/package.xml
[0.515s] Invoked command in '/home/oh/slam_ws/build/ros2_control_demo_example_14' returned '0': CMAKE_PREFIX_PATH=${CMAKE_PREFIX_PATH}:/home/oh/slam_ws/install/ros2_aruco:/home/oh/slam_ws/install/my_tf_package:/home/oh/slam_ws/install/my_tf2_package:/opt/ros/humble /usr/bin/cmake --install /home/oh/slam_ws/build/ros2_control_demo_example_14
