[0.027s] Invoking command in '/home/oh/slam_ws/build/ros2_control_demo_description': CMAKE_PREFIX_PATH=/opt/ros/humble /usr/bin/cmake /home/oh/slam_ws/src/ros2_control_demos/ros2_control_demo_description -DCMAKE_INSTALL_PREFIX=/home/oh/slam_ws/install/ros2_control_demo_description
[0.274s] -- The C compiler identification is GNU 11.4.0
[0.274s] -- The CXX compiler identification is GNU 11.4.0
[0.275s] -- Detecting C compiler ABI info
[0.302s] -- Detecting C compiler ABI info - done
[0.312s] -- Check for working C compiler: /usr/bin/cc - skipped
[0.312s] -- Detecting C compile features
[0.313s] -- Detecting C compile features - done
[0.316s] -- Detecting CXX compiler ABI info
[0.392s] -- Detecting CXX compiler ABI info - done
[0.403s] -- Check for working CXX compiler: /usr/bin/c++ - skipped
[0.403s] -- Detecting CXX compile features
[0.404s] -- Detecting CXX compile features - done
[0.407s] -- Found ament_cmake: 1.3.8 (/opt/ros/humble/share/ament_cmake/cmake)
[0.549s] -- Found Python3: /usr/bin/python3 (found version "3.10.12") found components: Interpreter 
[0.746s] -- Configuring done
[0.749s] -- Generating done
[0.750s] -- Build files have been written to: /home/oh/slam_ws/build/ros2_control_demo_description
[0.754s] Invoked command in '/home/oh/slam_ws/build/ros2_control_demo_description' returned '0': CMAKE_PREFIX_PATH=/opt/ros/humble /usr/bin/cmake /home/oh/slam_ws/src/ros2_control_demos/ros2_control_demo_description -DCMAKE_INSTALL_PREFIX=/home/oh/slam_ws/install/ros2_control_demo_description
[0.755s] Invoking command in '/home/oh/slam_ws/build/ros2_control_demo_description': CMAKE_PREFIX_PATH=/opt/ros/humble /usr/bin/cmake --build /home/oh/slam_ws/build/ros2_control_demo_description -- -j8 -l8
[0.789s] Invoked command in '/home/oh/slam_ws/build/ros2_control_demo_description' returned '0': CMAKE_PREFIX_PATH=/opt/ros/humble /usr/bin/cmake --build /home/oh/slam_ws/build/ros2_control_demo_description -- -j8 -l8
[0.827s] Invoking command in '/home/oh/slam_ws/build/ros2_control_demo_description': CMAKE_PREFIX_PATH=/opt/ros/humble /usr/bin/cmake --install /home/oh/slam_ws/build/ros2_control_demo_description
[0.836s] -- Install configuration: ""
[0.836s] -- Installing: /home/oh/slam_ws/install/ros2_control_demo_description/share/ros2_control_demo_description/rrbot/urdf
[0.836s] -- Installing: /home/oh/slam_ws/install/ros2_control_demo_description/share/ros2_control_demo_description/rrbot/urdf/rrbot.materials.xacro
[0.836s] -- Installing: /home/oh/slam_ws/install/ros2_control_demo_description/share/ros2_control_demo_description/rrbot/urdf/rrbot_description.urdf.xacro
[0.836s] -- Installing: /home/oh/slam_ws/install/ros2_control_demo_description/share/ros2_control_demo_description/rrbot/rviz
[0.837s] -- Installing: /home/oh/slam_ws/install/ros2_control_demo_description/share/ros2_control_demo_description/rrbot/rviz/rrbot.rviz
[0.837s] -- Installing: /home/oh/slam_ws/install/ros2_control_demo_description/share/ros2_control_demo_description/diffbot/urdf
[0.837s] -- Installing: /home/oh/slam_ws/install/ros2_control_demo_description/share/ros2_control_demo_description/diffbot/urdf/diffbot_description.urdf.xacro
[0.837s] -- Installing: /home/oh/slam_ws/install/ros2_control_demo_description/share/ros2_control_demo_description/diffbot/urdf/diffbot.materials.xacro
[0.837s] -- Installing: /home/oh/slam_ws/install/ros2_control_demo_description/share/ros2_control_demo_description/diffbot/rviz
[0.837s] -- Installing: /home/oh/slam_ws/install/ros2_control_demo_description/share/ros2_control_demo_description/diffbot/rviz/diffbot.rviz
[0.837s] -- Installing: /home/oh/slam_ws/install/ros2_control_demo_description/share/ros2_control_demo_description/diffbot/rviz/diffbot_view.rviz
[0.837s] -- Installing: /home/oh/slam_ws/install/ros2_control_demo_description/share/ros2_control_demo_description/carlikebot/urdf
[0.838s] -- Installing: /home/oh/slam_ws/install/ros2_control_demo_description/share/ros2_control_demo_description/carlikebot/urdf/carlikebot.materials.xacro
[0.838s] -- Installing: /home/oh/slam_ws/install/ros2_control_demo_description/share/ros2_control_demo_description/carlikebot/urdf/carlikebot_description.urdf.xacro
[0.838s] -- Installing: /home/oh/slam_ws/install/ros2_control_demo_description/share/ros2_control_demo_description/carlikebot/rviz
[0.838s] -- Installing: /home/oh/slam_ws/install/ros2_control_demo_description/share/ros2_control_demo_description/carlikebot/rviz/carlikebot.rviz
[0.838s] -- Installing: /home/oh/slam_ws/install/ros2_control_demo_description/share/ros2_control_demo_description/carlikebot/rviz/carlikebot_view.rviz
[0.838s] -- Installing: /home/oh/slam_ws/install/ros2_control_demo_description/share/ros2_control_demo_description/r6bot/meshes
[0.839s] -- Installing: /home/oh/slam_ws/install/ros2_control_demo_description/share/ros2_control_demo_description/r6bot/meshes/collision
[0.839s] -- Installing: /home/oh/slam_ws/install/ros2_control_demo_description/share/ros2_control_demo_description/r6bot/meshes/collision/link_1.stl
[0.839s] -- Installing: /home/oh/slam_ws/install/ros2_control_demo_description/share/ros2_control_demo_description/r6bot/meshes/collision/link_6.stl
[0.840s] -- Installing: /home/oh/slam_ws/install/ros2_control_demo_description/share/ros2_control_demo_description/r6bot/meshes/collision/link_3.stl
[0.840s] -- Installing: /home/oh/slam_ws/install/ros2_control_demo_description/share/ros2_control_demo_description/r6bot/meshes/collision/link_2.stl
[0.841s] -- Installing: /home/oh/slam_ws/install/ros2_control_demo_description/share/ros2_control_demo_description/r6bot/meshes/collision/link_0.stl
[0.841s] -- Installing: /home/oh/slam_ws/install/ros2_control_demo_description/share/ros2_control_demo_description/r6bot/meshes/collision/link_4.stl
[0.841s] -- Installing: /home/oh/slam_ws/install/ros2_control_demo_description/share/ros2_control_demo_description/r6bot/meshes/collision/link_5.stl
[0.842s] -- Installing: /home/oh/slam_ws/install/ros2_control_demo_description/share/ros2_control_demo_description/r6bot/meshes/visual
[0.842s] -- Installing: /home/oh/slam_ws/install/ros2_control_demo_description/share/ros2_control_demo_description/r6bot/meshes/visual/link_3.dae
[0.842s] -- Installing: /home/oh/slam_ws/install/ros2_control_demo_description/share/ros2_control_demo_description/r6bot/meshes/visual/link_0.dae
[0.843s] -- Installing: /home/oh/slam_ws/install/ros2_control_demo_description/share/ros2_control_demo_description/r6bot/meshes/visual/link_1.dae
[0.843s] -- Installing: /home/oh/slam_ws/install/ros2_control_demo_description/share/ros2_control_demo_description/r6bot/meshes/visual/link_4.dae
[0.844s] -- Installing: /home/oh/slam_ws/install/ros2_control_demo_description/share/ros2_control_demo_description/r6bot/meshes/visual/link_2.dae
[0.844s] -- Installing: /home/oh/slam_ws/install/ros2_control_demo_description/share/ros2_control_demo_description/r6bot/meshes/visual/link_5.dae
[0.845s] -- Installing: /home/oh/slam_ws/install/ros2_control_demo_description/share/ros2_control_demo_description/r6bot/meshes/visual/link_6.dae
[0.845s] -- Installing: /home/oh/slam_ws/install/ros2_control_demo_description/share/ros2_control_demo_description/r6bot/srdf
[0.845s] -- Installing: /home/oh/slam_ws/install/ros2_control_demo_description/share/ros2_control_demo_description/r6bot/srdf/r6bot.srdf
[0.845s] -- Installing: /home/oh/slam_ws/install/ros2_control_demo_description/share/ros2_control_demo_description/r6bot/urdf
[0.845s] -- Installing: /home/oh/slam_ws/install/ros2_control_demo_description/share/ros2_control_demo_description/r6bot/urdf/inc
[0.845s] -- Installing: /home/oh/slam_ws/install/ros2_control_demo_description/share/ros2_control_demo_description/r6bot/urdf/inc/create_link.xacro
[0.846s] -- Installing: /home/oh/slam_ws/install/ros2_control_demo_description/share/ros2_control_demo_description/r6bot/urdf/r6bot_description.urdf.xacro
[0.846s] -- Installing: /home/oh/slam_ws/install/ros2_control_demo_description/share/ros2_control_demo_description/r6bot/rviz
[0.846s] -- Installing: /home/oh/slam_ws/install/ros2_control_demo_description/share/ros2_control_demo_description/r6bot/rviz/view_robot.rviz
[0.846s] -- Installing: /home/oh/slam_ws/install/ros2_control_demo_description/share/ament_index/resource_index/package_run_dependencies/ros2_control_demo_description
[0.846s] -- Installing: /home/oh/slam_ws/install/ros2_control_demo_description/share/ament_index/resource_index/parent_prefix_path/ros2_control_demo_description
[0.846s] -- Installing: /home/oh/slam_ws/install/ros2_control_demo_description/share/ros2_control_demo_description/environment/ament_prefix_path.sh
[0.846s] -- Installing: /home/oh/slam_ws/install/ros2_control_demo_description/share/ros2_control_demo_description/environment/ament_prefix_path.dsv
[0.846s] -- Installing: /home/oh/slam_ws/install/ros2_control_demo_description/share/ros2_control_demo_description/environment/path.sh
[0.846s] -- Installing: /home/oh/slam_ws/install/ros2_control_demo_description/share/ros2_control_demo_description/environment/path.dsv
[0.846s] -- Installing: /home/oh/slam_ws/install/ros2_control_demo_description/share/ros2_control_demo_description/local_setup.bash
[0.847s] -- Installing: /home/oh/slam_ws/install/ros2_control_demo_description/share/ros2_control_demo_description/local_setup.sh
[0.847s] -- Installing: /home/oh/slam_ws/install/ros2_control_demo_description/share/ros2_control_demo_description/local_setup.zsh
[0.847s] -- Installing: /home/oh/slam_ws/install/ros2_control_demo_description/share/ros2_control_demo_description/local_setup.dsv
[0.847s] -- Installing: /home/oh/slam_ws/install/ros2_control_demo_description/share/ros2_control_demo_description/package.dsv
[0.847s] -- Installing: /home/oh/slam_ws/install/ros2_control_demo_description/share/ament_index/resource_index/packages/ros2_control_demo_description
[0.847s] -- Installing: /home/oh/slam_ws/install/ros2_control_demo_description/share/ros2_control_demo_description/cmake/ros2_control_demo_descriptionConfig.cmake
[0.847s] -- Installing: /home/oh/slam_ws/install/ros2_control_demo_description/share/ros2_control_demo_description/cmake/ros2_control_demo_descriptionConfig-version.cmake
[0.848s] -- Installing: /home/oh/slam_ws/install/ros2_control_demo_description/share/ros2_control_demo_description/package.xml
[0.861s] Invoked command in '/home/oh/slam_ws/build/ros2_control_demo_description' returned '0': CMAKE_PREFIX_PATH=/opt/ros/humble /usr/bin/cmake --install /home/oh/slam_ws/build/ros2_control_demo_description
