[0.044s] Invoking command in '/home/oh/slam_ws/build/odrive_demo_description': AMENT_PREFIX_PATH=/home/oh/slam_ws/install/ros2_control_demo_description:${AMENT_PREFIX_PATH} CMAKE_PREFIX_PATH=/home/oh/slam_ws/install/ros2_control_demo_description:/opt/ros/humble /usr/bin/cmake --build /home/oh/slam_ws/build/odrive_demo_description -- -j8 -l8
[0.075s] Invoked command in '/home/oh/slam_ws/build/odrive_demo_description' returned '0': AMENT_PREFIX_PATH=/home/oh/slam_ws/install/ros2_control_demo_description:${AMENT_PREFIX_PATH} CMAKE_PREFIX_PATH=/home/oh/slam_ws/install/ros2_control_demo_description:/opt/ros/humble /usr/bin/cmake --build /home/oh/slam_ws/build/odrive_demo_description -- -j8 -l8
[0.099s] Invoking command in '/home/oh/slam_ws/build/odrive_demo_description': AMENT_PREFIX_PATH=/home/oh/slam_ws/install/ros2_control_demo_description:${AMENT_PREFIX_PATH} CMAKE_PREFIX_PATH=/home/oh/slam_ws/install/ros2_control_demo_description:/opt/ros/humble /usr/bin/cmake --install /home/oh/slam_ws/build/odrive_demo_description
[0.105s] -- Install configuration: ""
[0.105s] -- Up-to-date: /home/oh/slam_ws/install/odrive_demo_description/share/odrive_demo_description/urdf
[0.105s] -- Up-to-date: /home/oh/slam_ws/install/odrive_demo_description/share/odrive_demo_description/urdf/odrive_diffbot.urdf.xacro
[0.106s] -- Up-to-date: /home/oh/slam_ws/install/odrive_demo_description/share/odrive_demo_description/urdf/odrive.ros2_control.xacro
[0.106s] -- Up-to-date: /home/oh/slam_ws/install/odrive_demo_description/share/odrive_demo_description/urdf/odrive.urdf.xacro
[0.106s] -- Up-to-date: /home/oh/slam_ws/install/odrive_demo_description/share/ament_index/resource_index/package_run_dependencies/odrive_demo_description
[0.106s] -- Up-to-date: /home/oh/slam_ws/install/odrive_demo_description/share/ament_index/resource_index/parent_prefix_path/odrive_demo_description
[0.106s] -- Up-to-date: /home/oh/slam_ws/install/odrive_demo_description/share/odrive_demo_description/environment/ament_prefix_path.sh
[0.106s] -- Up-to-date: /home/oh/slam_ws/install/odrive_demo_description/share/odrive_demo_description/environment/ament_prefix_path.dsv
[0.106s] -- Up-to-date: /home/oh/slam_ws/install/odrive_demo_description/share/odrive_demo_description/environment/path.sh
[0.106s] -- Up-to-date: /home/oh/slam_ws/install/odrive_demo_description/share/odrive_demo_description/environment/path.dsv
[0.106s] -- Up-to-date: /home/oh/slam_ws/install/odrive_demo_description/share/odrive_demo_description/local_setup.bash
[0.106s] -- Up-to-date: /home/oh/slam_ws/install/odrive_demo_description/share/odrive_demo_description/local_setup.sh
[0.106s] -- Up-to-date: /home/oh/slam_ws/install/odrive_demo_description/share/odrive_demo_description/local_setup.zsh
[0.107s] -- Up-to-date: /home/oh/slam_ws/install/odrive_demo_description/share/odrive_demo_description/local_setup.dsv
[0.107s] -- Installing: /home/oh/slam_ws/install/odrive_demo_description/share/odrive_demo_description/package.dsv
[0.107s] -- Up-to-date: /home/oh/slam_ws/install/odrive_demo_description/share/ament_index/resource_index/packages/odrive_demo_description
[0.107s] -- Up-to-date: /home/oh/slam_ws/install/odrive_demo_description/share/odrive_demo_description/cmake/odrive_demo_descriptionConfig.cmake
[0.107s] -- Up-to-date: /home/oh/slam_ws/install/odrive_demo_description/share/odrive_demo_description/cmake/odrive_demo_descriptionConfig-version.cmake
[0.107s] -- Up-to-date: /home/oh/slam_ws/install/odrive_demo_description/share/odrive_demo_description/package.xml
[0.111s] Invoked command in '/home/oh/slam_ws/build/odrive_demo_description' returned '0': AMENT_PREFIX_PATH=/home/oh/slam_ws/install/ros2_control_demo_description:${AMENT_PREFIX_PATH} CMAKE_PREFIX_PATH=/home/oh/slam_ws/install/ros2_control_demo_description:/opt/ros/humble /usr/bin/cmake --install /home/oh/slam_ws/build/odrive_demo_description
