[0.200s] DEBUG:colcon:Command line arguments: ['/usr/bin/colcon', 'build', '--symlink-install', '--packages-select', 'cart_park_autonomy']
[0.200s] DEBUG:colcon:Parsed command line arguments: Namespace(log_base=None, log_level=None, verb_name='build', build_base='build', install_base='install', merge_install=False, symlink_install=True, test_result_base=None, continue_on_error=False, executor='parallel', parallel_workers=8, event_handlers=None, ignore_user_meta=False, metas=['./colcon.meta'], base_paths=['.'], packages_ignore=None, packages_ignore_regex=None, paths=None, packages_up_to=None, packages_up_to_regex=None, packages_above=None, packages_above_and_dependencies=None, packages_above_depth=None, packages_select_by_dep=None, packages_skip_by_dep=None, packages_skip_up_to=None, packages_select_build_failed=False, packages_skip_build_finished=False, packages_select_test_failures=False, packages_skip_test_passed=False, packages_select=['cart_park_autonomy'], packages_skip=None, packages_select_regex=None, packages_skip_regex=None, packages_start=None, packages_end=None, allow_overriding=[], cmake_args=None, cmake_target=None, cmake_target_skip_unavailable=False, cmake_clean_cache=False, cmake_clean_first=False, cmake_force_configure=False, ament_cmake_args=None, catkin_cmake_args=None, catkin_skip_building_tests=False, verb_parser=<colcon_defaults.argument_parser.defaults.DefaultArgumentsDecorator object at 0x7f331c112680>, verb_extension=<colcon_core.verb.build.BuildVerb object at 0x7f331c28fca0>, main=<bound method BuildVerb.main of <colcon_core.verb.build.BuildVerb object at 0x7f331c28fca0>>)
[0.550s] Level 1:colcon.colcon_core.package_discovery:discover_packages(colcon_meta) check parameters
[0.550s] Level 1:colcon.colcon_core.package_discovery:discover_packages(recursive) check parameters
[0.550s] Level 1:colcon.colcon_core.package_discovery:discover_packages(ignore) check parameters
[0.550s] Level 1:colcon.colcon_core.package_discovery:discover_packages(path) check parameters
[0.550s] Level 1:colcon.colcon_core.package_discovery:discover_packages(colcon_meta) discover
[0.550s] Level 1:colcon.colcon_core.package_discovery:discover_packages(recursive) discover
[0.551s] INFO:colcon.colcon_core.package_discovery:Crawling recursively for packages in '/home/oh/slam_ws/src'
[0.551s] Level 1:colcon.colcon_core.package_identification:_identify(.) by extensions ['ignore', 'ignore_ament_install']
[0.551s] Level 1:colcon.colcon_core.package_identification:_identify(.) by extension 'ignore'
[0.551s] Level 1:colcon.colcon_core.package_identification:_identify(.) by extension 'ignore_ament_install'
[0.551s] Level 1:colcon.colcon_core.package_identification:_identify(.) by extensions ['colcon_pkg']
[0.551s] Level 1:colcon.colcon_core.package_identification:_identify(.) by extension 'colcon_pkg'
[0.551s] Level 1:colcon.colcon_core.package_identification:_identify(.) by extensions ['colcon_meta']
[0.551s] Level 1:colcon.colcon_core.package_identification:_identify(.) by extension 'colcon_meta'
[0.551s] Level 1:colcon.colcon_core.package_identification:_identify(.) by extensions ['ros']
[0.551s] Level 1:colcon.colcon_core.package_identification:_identify(.) by extension 'ros'
[0.589s] Level 1:colcon.colcon_core.package_identification:_identify(.) by extensions ['cmake', 'python']
[0.590s] Level 1:colcon.colcon_core.package_identification:_identify(.) by extension 'cmake'
[0.590s] Level 1:colcon.colcon_core.package_identification:_identify(.) by extension 'python'
[0.590s] Level 1:colcon.colcon_core.package_identification:_identify(.) by extensions ['python_setup_py']
[0.590s] Level 1:colcon.colcon_core.package_identification:_identify(.) by extension 'python_setup_py'
[0.590s] Level 1:colcon.colcon_core.package_identification:_identify(BehaviorTree.CPP) by extensions ['ignore', 'ignore_ament_install']
[0.590s] Level 1:colcon.colcon_core.package_identification:_identify(BehaviorTree.CPP) by extension 'ignore'
[0.591s] Level 1:colcon.colcon_core.package_identification:_identify(BehaviorTree.CPP) by extension 'ignore_ament_install'
[0.591s] Level 1:colcon.colcon_core.package_identification:_identify(BehaviorTree.CPP) by extensions ['colcon_pkg']
[0.591s] Level 1:colcon.colcon_core.package_identification:_identify(BehaviorTree.CPP) by extension 'colcon_pkg'
[0.591s] Level 1:colcon.colcon_core.package_identification:_identify(BehaviorTree.CPP) by extensions ['colcon_meta']
[0.591s] Level 1:colcon.colcon_core.package_identification:_identify(BehaviorTree.CPP) by extension 'colcon_meta'
[0.591s] Level 1:colcon.colcon_core.package_identification:_identify(BehaviorTree.CPP) by extensions ['ros']
[0.591s] Level 1:colcon.colcon_core.package_identification:_identify(BehaviorTree.CPP) by extension 'ros'
[0.606s] DEBUG:colcon.colcon_core.package_identification:Package 'BehaviorTree.CPP' with type 'ros.ament_cmake' and name 'behaviortree_cpp'
[0.606s] Level 1:colcon.colcon_core.package_identification:_identify(build) by extensions ['ignore', 'ignore_ament_install']
[0.607s] Level 1:colcon.colcon_core.package_identification:_identify(build) by extension 'ignore'
[0.607s] Level 1:colcon.colcon_core.package_identification:_identify(build) ignored
[0.607s] Level 1:colcon.colcon_core.package_identification:_identify(cart_park_autonomy) by extensions ['ignore', 'ignore_ament_install']
[0.607s] Level 1:colcon.colcon_core.package_identification:_identify(cart_park_autonomy) by extension 'ignore'
[0.607s] Level 1:colcon.colcon_core.package_identification:_identify(cart_park_autonomy) by extension 'ignore_ament_install'
[0.607s] Level 1:colcon.colcon_core.package_identification:_identify(cart_park_autonomy) by extensions ['colcon_pkg']
[0.607s] Level 1:colcon.colcon_core.package_identification:_identify(cart_park_autonomy) by extension 'colcon_pkg'
[0.608s] Level 1:colcon.colcon_core.package_identification:_identify(cart_park_autonomy) by extensions ['colcon_meta']
[0.608s] Level 1:colcon.colcon_core.package_identification:_identify(cart_park_autonomy) by extension 'colcon_meta'
[0.608s] Level 1:colcon.colcon_core.package_identification:_identify(cart_park_autonomy) by extensions ['ros']
[0.608s] Level 1:colcon.colcon_core.package_identification:_identify(cart_park_autonomy) by extension 'ros'
[0.609s] DEBUG:colcon.colcon_core.package_identification:Package 'cart_park_autonomy' with type 'ros.ament_cmake' and name 'cart_park_autonomy'
[0.609s] Level 1:colcon.colcon_core.package_identification:_identify(install) by extensions ['ignore', 'ignore_ament_install']
[0.610s] Level 1:colcon.colcon_core.package_identification:_identify(install) by extension 'ignore'
[0.610s] Level 1:colcon.colcon_core.package_identification:_identify(install) ignored
[0.610s] Level 1:colcon.colcon_core.package_identification:_identify(log) by extensions ['ignore', 'ignore_ament_install']
[0.610s] Level 1:colcon.colcon_core.package_identification:_identify(log) by extension 'ignore'
[0.610s] Level 1:colcon.colcon_core.package_identification:_identify(log) ignored
[0.610s] Level 1:colcon.colcon_core.package_identification:_identify(my_action_interface) by extensions ['ignore', 'ignore_ament_install']
[0.610s] Level 1:colcon.colcon_core.package_identification:_identify(my_action_interface) by extension 'ignore'
[0.610s] Level 1:colcon.colcon_core.package_identification:_identify(my_action_interface) by extension 'ignore_ament_install'
[0.610s] Level 1:colcon.colcon_core.package_identification:_identify(my_action_interface) by extensions ['colcon_pkg']
[0.611s] Level 1:colcon.colcon_core.package_identification:_identify(my_action_interface) by extension 'colcon_pkg'
[0.611s] Level 1:colcon.colcon_core.package_identification:_identify(my_action_interface) by extensions ['colcon_meta']
[0.611s] Level 1:colcon.colcon_core.package_identification:_identify(my_action_interface) by extension 'colcon_meta'
[0.611s] Level 1:colcon.colcon_core.package_identification:_identify(my_action_interface) by extensions ['ros']
[0.611s] Level 1:colcon.colcon_core.package_identification:_identify(my_action_interface) by extension 'ros'
[0.612s] DEBUG:colcon.colcon_core.package_identification:Package 'my_action_interface' with type 'ros.ament_cmake' and name 'my_action_interface'
[0.612s] Level 1:colcon.colcon_core.package_identification:_identify(my_aruco_to_goal_pose_pkg) by extensions ['ignore', 'ignore_ament_install']
[0.613s] Level 1:colcon.colcon_core.package_identification:_identify(my_aruco_to_goal_pose_pkg) by extension 'ignore'
[0.613s] Level 1:colcon.colcon_core.package_identification:_identify(my_aruco_to_goal_pose_pkg) by extension 'ignore_ament_install'
[0.613s] Level 1:colcon.colcon_core.package_identification:_identify(my_aruco_to_goal_pose_pkg) by extensions ['colcon_pkg']
[0.613s] Level 1:colcon.colcon_core.package_identification:_identify(my_aruco_to_goal_pose_pkg) by extension 'colcon_pkg'
[0.613s] Level 1:colcon.colcon_core.package_identification:_identify(my_aruco_to_goal_pose_pkg) by extensions ['colcon_meta']
[0.613s] Level 1:colcon.colcon_core.package_identification:_identify(my_aruco_to_goal_pose_pkg) by extension 'colcon_meta'
[0.613s] Level 1:colcon.colcon_core.package_identification:_identify(my_aruco_to_goal_pose_pkg) by extensions ['ros']
[0.613s] Level 1:colcon.colcon_core.package_identification:_identify(my_aruco_to_goal_pose_pkg) by extension 'ros'
[0.614s] DEBUG:colcon.colcon_core.package_identification:Package 'my_aruco_to_goal_pose_pkg' with type 'ros.ament_python' and name 'my_aruco_to_goal_pose_pkg'
[0.614s] Level 1:colcon.colcon_core.package_identification:_identify(my_bot_description) by extensions ['ignore', 'ignore_ament_install']
[0.615s] Level 1:colcon.colcon_core.package_identification:_identify(my_bot_description) by extension 'ignore'
[0.615s] Level 1:colcon.colcon_core.package_identification:_identify(my_bot_description) by extension 'ignore_ament_install'
[0.615s] Level 1:colcon.colcon_core.package_identification:_identify(my_bot_description) by extensions ['colcon_pkg']
[0.615s] Level 1:colcon.colcon_core.package_identification:_identify(my_bot_description) by extension 'colcon_pkg'
[0.615s] Level 1:colcon.colcon_core.package_identification:_identify(my_bot_description) by extensions ['colcon_meta']
[0.615s] Level 1:colcon.colcon_core.package_identification:_identify(my_bot_description) by extension 'colcon_meta'
[0.615s] Level 1:colcon.colcon_core.package_identification:_identify(my_bot_description) by extensions ['ros']
[0.615s] Level 1:colcon.colcon_core.package_identification:_identify(my_bot_description) by extension 'ros'
[0.616s] DEBUG:colcon.colcon_core.package_identification:Package 'my_bot_description' with type 'ros.ament_cmake' and name 'my_bot_description'
[0.616s] Level 1:colcon.colcon_core.package_identification:_identify(my_docking) by extensions ['ignore', 'ignore_ament_install']
[0.616s] Level 1:colcon.colcon_core.package_identification:_identify(my_docking) by extension 'ignore'
[0.616s] Level 1:colcon.colcon_core.package_identification:_identify(my_docking) by extension 'ignore_ament_install'
[0.616s] Level 1:colcon.colcon_core.package_identification:_identify(my_docking) by extensions ['colcon_pkg']
[0.617s] Level 1:colcon.colcon_core.package_identification:_identify(my_docking) by extension 'colcon_pkg'
[0.617s] Level 1:colcon.colcon_core.package_identification:_identify(my_docking) by extensions ['colcon_meta']
[0.617s] Level 1:colcon.colcon_core.package_identification:_identify(my_docking) by extension 'colcon_meta'
[0.617s] Level 1:colcon.colcon_core.package_identification:_identify(my_docking) by extensions ['ros']
[0.617s] Level 1:colcon.colcon_core.package_identification:_identify(my_docking) by extension 'ros'
[0.618s] DEBUG:colcon.colcon_core.package_identification:Package 'my_docking' with type 'ros.ament_python' and name 'my_docking'
[0.618s] Level 1:colcon.colcon_core.package_identification:_identify(my_slam_package) by extensions ['ignore', 'ignore_ament_install']
[0.618s] Level 1:colcon.colcon_core.package_identification:_identify(my_slam_package) by extension 'ignore'
[0.618s] Level 1:colcon.colcon_core.package_identification:_identify(my_slam_package) by extension 'ignore_ament_install'
[0.618s] Level 1:colcon.colcon_core.package_identification:_identify(my_slam_package) by extensions ['colcon_pkg']
[0.618s] Level 1:colcon.colcon_core.package_identification:_identify(my_slam_package) by extension 'colcon_pkg'
[0.618s] Level 1:colcon.colcon_core.package_identification:_identify(my_slam_package) by extensions ['colcon_meta']
[0.618s] Level 1:colcon.colcon_core.package_identification:_identify(my_slam_package) by extension 'colcon_meta'
[0.618s] Level 1:colcon.colcon_core.package_identification:_identify(my_slam_package) by extensions ['ros']
[0.618s] Level 1:colcon.colcon_core.package_identification:_identify(my_slam_package) by extension 'ros'
[0.619s] DEBUG:colcon.colcon_core.package_identification:Package 'my_slam_package' with type 'ros.ament_cmake' and name 'my_slam_package'
[0.619s] Level 1:colcon.colcon_core.package_identification:_identify(my_tf2_package) by extensions ['ignore', 'ignore_ament_install']
[0.620s] Level 1:colcon.colcon_core.package_identification:_identify(my_tf2_package) by extension 'ignore'
[0.620s] Level 1:colcon.colcon_core.package_identification:_identify(my_tf2_package) by extension 'ignore_ament_install'
[0.620s] Level 1:colcon.colcon_core.package_identification:_identify(my_tf2_package) by extensions ['colcon_pkg']
[0.620s] Level 1:colcon.colcon_core.package_identification:_identify(my_tf2_package) by extension 'colcon_pkg'
[0.620s] Level 1:colcon.colcon_core.package_identification:_identify(my_tf2_package) by extensions ['colcon_meta']
[0.620s] Level 1:colcon.colcon_core.package_identification:_identify(my_tf2_package) by extension 'colcon_meta'
[0.620s] Level 1:colcon.colcon_core.package_identification:_identify(my_tf2_package) by extensions ['ros']
[0.620s] Level 1:colcon.colcon_core.package_identification:_identify(my_tf2_package) by extension 'ros'
[0.621s] DEBUG:colcon.colcon_core.package_identification:Package 'my_tf2_package' with type 'ros.ament_python' and name 'my_tf2_package'
[0.621s] Level 1:colcon.colcon_core.package_identification:_identify(my_tf_package) by extensions ['ignore', 'ignore_ament_install']
[0.621s] Level 1:colcon.colcon_core.package_identification:_identify(my_tf_package) by extension 'ignore'
[0.621s] Level 1:colcon.colcon_core.package_identification:_identify(my_tf_package) by extension 'ignore_ament_install'
[0.621s] Level 1:colcon.colcon_core.package_identification:_identify(my_tf_package) by extensions ['colcon_pkg']
[0.622s] Level 1:colcon.colcon_core.package_identification:_identify(my_tf_package) by extension 'colcon_pkg'
[0.622s] Level 1:colcon.colcon_core.package_identification:_identify(my_tf_package) by extensions ['colcon_meta']
[0.622s] Level 1:colcon.colcon_core.package_identification:_identify(my_tf_package) by extension 'colcon_meta'
[0.622s] Level 1:colcon.colcon_core.package_identification:_identify(my_tf_package) by extensions ['ros']
[0.622s] Level 1:colcon.colcon_core.package_identification:_identify(my_tf_package) by extension 'ros'
[0.623s] DEBUG:colcon.colcon_core.package_identification:Package 'my_tf_package' with type 'ros.ament_python' and name 'my_tf_package'
[0.623s] Level 1:colcon.colcon_core.package_identification:_identify(odrive_ros2_control) by extensions ['ignore', 'ignore_ament_install']
[0.623s] Level 1:colcon.colcon_core.package_identification:_identify(odrive_ros2_control) by extension 'ignore'
[0.623s] Level 1:colcon.colcon_core.package_identification:_identify(odrive_ros2_control) by extension 'ignore_ament_install'
[0.623s] Level 1:colcon.colcon_core.package_identification:_identify(odrive_ros2_control) by extensions ['colcon_pkg']
[0.623s] Level 1:colcon.colcon_core.package_identification:_identify(odrive_ros2_control) by extension 'colcon_pkg'
[0.623s] Level 1:colcon.colcon_core.package_identification:_identify(odrive_ros2_control) by extensions ['colcon_meta']
[0.623s] Level 1:colcon.colcon_core.package_identification:_identify(odrive_ros2_control) by extension 'colcon_meta'
[0.623s] Level 1:colcon.colcon_core.package_identification:_identify(odrive_ros2_control) by extensions ['ros']
[0.623s] Level 1:colcon.colcon_core.package_identification:_identify(odrive_ros2_control) by extension 'ros'
[0.624s] Level 1:colcon.colcon_core.package_identification:_identify(odrive_ros2_control) by extensions ['cmake', 'python']
[0.624s] Level 1:colcon.colcon_core.package_identification:_identify(odrive_ros2_control) by extension 'cmake'
[0.624s] Level 1:colcon.colcon_core.package_identification:_identify(odrive_ros2_control) by extension 'python'
[0.624s] Level 1:colcon.colcon_core.package_identification:_identify(odrive_ros2_control) by extensions ['python_setup_py']
[0.624s] Level 1:colcon.colcon_core.package_identification:_identify(odrive_ros2_control) by extension 'python_setup_py'
[0.624s] Level 1:colcon.colcon_core.package_identification:_identify(odrive_ros2_control/odrive_demo_bringup) by extensions ['ignore', 'ignore_ament_install']
[0.624s] Level 1:colcon.colcon_core.package_identification:_identify(odrive_ros2_control/odrive_demo_bringup) by extension 'ignore'
[0.624s] Level 1:colcon.colcon_core.package_identification:_identify(odrive_ros2_control/odrive_demo_bringup) by extension 'ignore_ament_install'
[0.624s] Level 1:colcon.colcon_core.package_identification:_identify(odrive_ros2_control/odrive_demo_bringup) by extensions ['colcon_pkg']
[0.624s] Level 1:colcon.colcon_core.package_identification:_identify(odrive_ros2_control/odrive_demo_bringup) by extension 'colcon_pkg'
[0.624s] Level 1:colcon.colcon_core.package_identification:_identify(odrive_ros2_control/odrive_demo_bringup) by extensions ['colcon_meta']
[0.624s] Level 1:colcon.colcon_core.package_identification:_identify(odrive_ros2_control/odrive_demo_bringup) by extension 'colcon_meta'
[0.625s] Level 1:colcon.colcon_core.package_identification:_identify(odrive_ros2_control/odrive_demo_bringup) by extensions ['ros']
[0.625s] Level 1:colcon.colcon_core.package_identification:_identify(odrive_ros2_control/odrive_demo_bringup) by extension 'ros'
[0.625s] DEBUG:colcon.colcon_core.package_identification:Package 'odrive_ros2_control/odrive_demo_bringup' with type 'ros.ament_cmake' and name 'odrive_demo_bringup'
[0.626s] Level 1:colcon.colcon_core.package_identification:_identify(odrive_ros2_control/odrive_demo_description) by extensions ['ignore', 'ignore_ament_install']
[0.626s] Level 1:colcon.colcon_core.package_identification:_identify(odrive_ros2_control/odrive_demo_description) by extension 'ignore'
[0.626s] Level 1:colcon.colcon_core.package_identification:_identify(odrive_ros2_control/odrive_demo_description) by extension 'ignore_ament_install'
[0.626s] Level 1:colcon.colcon_core.package_identification:_identify(odrive_ros2_control/odrive_demo_description) by extensions ['colcon_pkg']
[0.626s] Level 1:colcon.colcon_core.package_identification:_identify(odrive_ros2_control/odrive_demo_description) by extension 'colcon_pkg'
[0.626s] Level 1:colcon.colcon_core.package_identification:_identify(odrive_ros2_control/odrive_demo_description) by extensions ['colcon_meta']
[0.626s] Level 1:colcon.colcon_core.package_identification:_identify(odrive_ros2_control/odrive_demo_description) by extension 'colcon_meta'
[0.626s] Level 1:colcon.colcon_core.package_identification:_identify(odrive_ros2_control/odrive_demo_description) by extensions ['ros']
[0.626s] Level 1:colcon.colcon_core.package_identification:_identify(odrive_ros2_control/odrive_demo_description) by extension 'ros'
[0.627s] DEBUG:colcon.colcon_core.package_identification:Package 'odrive_ros2_control/odrive_demo_description' with type 'ros.ament_cmake' and name 'odrive_demo_description'
[0.627s] Level 1:colcon.colcon_core.package_identification:_identify(odrive_ros2_control/odrive_hardware_interface) by extensions ['ignore', 'ignore_ament_install']
[0.628s] Level 1:colcon.colcon_core.package_identification:_identify(odrive_ros2_control/odrive_hardware_interface) by extension 'ignore'
[0.628s] Level 1:colcon.colcon_core.package_identification:_identify(odrive_ros2_control/odrive_hardware_interface) by extension 'ignore_ament_install'
[0.628s] Level 1:colcon.colcon_core.package_identification:_identify(odrive_ros2_control/odrive_hardware_interface) by extensions ['colcon_pkg']
[0.628s] Level 1:colcon.colcon_core.package_identification:_identify(odrive_ros2_control/odrive_hardware_interface) by extension 'colcon_pkg'
[0.628s] Level 1:colcon.colcon_core.package_identification:_identify(odrive_ros2_control/odrive_hardware_interface) by extensions ['colcon_meta']
[0.628s] Level 1:colcon.colcon_core.package_identification:_identify(odrive_ros2_control/odrive_hardware_interface) by extension 'colcon_meta'
[0.628s] Level 1:colcon.colcon_core.package_identification:_identify(odrive_ros2_control/odrive_hardware_interface) by extensions ['ros']
[0.628s] Level 1:colcon.colcon_core.package_identification:_identify(odrive_ros2_control/odrive_hardware_interface) by extension 'ros'
[0.629s] DEBUG:colcon.colcon_core.package_identification:Package 'odrive_ros2_control/odrive_hardware_interface' with type 'ros.ament_cmake' and name 'odrive_hardware_interface'
[0.630s] Level 1:colcon.colcon_core.package_identification:_identify(odrive_ros2_control/odrive_ros2_control) by extensions ['ignore', 'ignore_ament_install']
[0.630s] Level 1:colcon.colcon_core.package_identification:_identify(odrive_ros2_control/odrive_ros2_control) by extension 'ignore'
[0.630s] Level 1:colcon.colcon_core.package_identification:_identify(odrive_ros2_control/odrive_ros2_control) by extension 'ignore_ament_install'
[0.630s] Level 1:colcon.colcon_core.package_identification:_identify(odrive_ros2_control/odrive_ros2_control) by extensions ['colcon_pkg']
[0.630s] Level 1:colcon.colcon_core.package_identification:_identify(odrive_ros2_control/odrive_ros2_control) by extension 'colcon_pkg'
[0.630s] Level 1:colcon.colcon_core.package_identification:_identify(odrive_ros2_control/odrive_ros2_control) by extensions ['colcon_meta']
[0.630s] Level 1:colcon.colcon_core.package_identification:_identify(odrive_ros2_control/odrive_ros2_control) by extension 'colcon_meta'
[0.630s] Level 1:colcon.colcon_core.package_identification:_identify(odrive_ros2_control/odrive_ros2_control) by extensions ['ros']
[0.630s] Level 1:colcon.colcon_core.package_identification:_identify(odrive_ros2_control/odrive_ros2_control) by extension 'ros'
[0.631s] DEBUG:colcon.colcon_core.package_identification:Package 'odrive_ros2_control/odrive_ros2_control' with type 'ros.ament_cmake' and name 'odrive_ros2_control'
[0.631s] Level 1:colcon.colcon_core.package_identification:_identify(realsense-ros) by extensions ['ignore', 'ignore_ament_install']
[0.631s] Level 1:colcon.colcon_core.package_identification:_identify(realsense-ros) by extension 'ignore'
[0.632s] Level 1:colcon.colcon_core.package_identification:_identify(realsense-ros) by extension 'ignore_ament_install'
[0.632s] Level 1:colcon.colcon_core.package_identification:_identify(realsense-ros) by extensions ['colcon_pkg']
[0.632s] Level 1:colcon.colcon_core.package_identification:_identify(realsense-ros) by extension 'colcon_pkg'
[0.632s] Level 1:colcon.colcon_core.package_identification:_identify(realsense-ros) by extensions ['colcon_meta']
[0.632s] Level 1:colcon.colcon_core.package_identification:_identify(realsense-ros) by extension 'colcon_meta'
[0.632s] Level 1:colcon.colcon_core.package_identification:_identify(realsense-ros) by extensions ['ros']
[0.632s] Level 1:colcon.colcon_core.package_identification:_identify(realsense-ros) by extension 'ros'
[0.632s] Level 1:colcon.colcon_core.package_identification:_identify(realsense-ros) by extensions ['cmake', 'python']
[0.632s] Level 1:colcon.colcon_core.package_identification:_identify(realsense-ros) by extension 'cmake'
[0.632s] Level 1:colcon.colcon_core.package_identification:_identify(realsense-ros) by extension 'python'
[0.632s] Level 1:colcon.colcon_core.package_identification:_identify(realsense-ros) by extensions ['python_setup_py']
[0.632s] Level 1:colcon.colcon_core.package_identification:_identify(realsense-ros) by extension 'python_setup_py'
[0.632s] Level 1:colcon.colcon_core.package_identification:_identify(realsense-ros/realsense2_camera) by extensions ['ignore', 'ignore_ament_install']
[0.633s] Level 1:colcon.colcon_core.package_identification:_identify(realsense-ros/realsense2_camera) by extension 'ignore'
[0.633s] Level 1:colcon.colcon_core.package_identification:_identify(realsense-ros/realsense2_camera) by extension 'ignore_ament_install'
[0.633s] Level 1:colcon.colcon_core.package_identification:_identify(realsense-ros/realsense2_camera) by extensions ['colcon_pkg']
[0.633s] Level 1:colcon.colcon_core.package_identification:_identify(realsense-ros/realsense2_camera) by extension 'colcon_pkg'
[0.633s] Level 1:colcon.colcon_core.package_identification:_identify(realsense-ros/realsense2_camera) by extensions ['colcon_meta']
[0.633s] Level 1:colcon.colcon_core.package_identification:_identify(realsense-ros/realsense2_camera) by extension 'colcon_meta'
[0.633s] Level 1:colcon.colcon_core.package_identification:_identify(realsense-ros/realsense2_camera) by extensions ['ros']
[0.633s] Level 1:colcon.colcon_core.package_identification:_identify(realsense-ros/realsense2_camera) by extension 'ros'
[0.636s] DEBUG:colcon.colcon_core.package_identification:Package 'realsense-ros/realsense2_camera' with type 'ros.ament_cmake' and name 'realsense2_camera'
[0.636s] Level 1:colcon.colcon_core.package_identification:_identify(realsense-ros/realsense2_camera_msgs) by extensions ['ignore', 'ignore_ament_install']
[0.636s] Level 1:colcon.colcon_core.package_identification:_identify(realsense-ros/realsense2_camera_msgs) by extension 'ignore'
[0.637s] Level 1:colcon.colcon_core.package_identification:_identify(realsense-ros/realsense2_camera_msgs) by extension 'ignore_ament_install'
[0.637s] Level 1:colcon.colcon_core.package_identification:_identify(realsense-ros/realsense2_camera_msgs) by extensions ['colcon_pkg']
[0.637s] Level 1:colcon.colcon_core.package_identification:_identify(realsense-ros/realsense2_camera_msgs) by extension 'colcon_pkg'
[0.637s] Level 1:colcon.colcon_core.package_identification:_identify(realsense-ros/realsense2_camera_msgs) by extensions ['colcon_meta']
[0.637s] Level 1:colcon.colcon_core.package_identification:_identify(realsense-ros/realsense2_camera_msgs) by extension 'colcon_meta'
[0.637s] Level 1:colcon.colcon_core.package_identification:_identify(realsense-ros/realsense2_camera_msgs) by extensions ['ros']
[0.637s] Level 1:colcon.colcon_core.package_identification:_identify(realsense-ros/realsense2_camera_msgs) by extension 'ros'
[0.638s] DEBUG:colcon.colcon_core.package_identification:Package 'realsense-ros/realsense2_camera_msgs' with type 'ros.ament_cmake' and name 'realsense2_camera_msgs'
[0.638s] Level 1:colcon.colcon_core.package_identification:_identify(realsense-ros/realsense2_description) by extensions ['ignore', 'ignore_ament_install']
[0.638s] Level 1:colcon.colcon_core.package_identification:_identify(realsense-ros/realsense2_description) by extension 'ignore'
[0.639s] Level 1:colcon.colcon_core.package_identification:_identify(realsense-ros/realsense2_description) by extension 'ignore_ament_install'
[0.639s] Level 1:colcon.colcon_core.package_identification:_identify(realsense-ros/realsense2_description) by extensions ['colcon_pkg']
[0.639s] Level 1:colcon.colcon_core.package_identification:_identify(realsense-ros/realsense2_description) by extension 'colcon_pkg'
[0.639s] Level 1:colcon.colcon_core.package_identification:_identify(realsense-ros/realsense2_description) by extensions ['colcon_meta']
[0.639s] Level 1:colcon.colcon_core.package_identification:_identify(realsense-ros/realsense2_description) by extension 'colcon_meta'
[0.639s] Level 1:colcon.colcon_core.package_identification:_identify(realsense-ros/realsense2_description) by extensions ['ros']
[0.639s] Level 1:colcon.colcon_core.package_identification:_identify(realsense-ros/realsense2_description) by extension 'ros'
[0.640s] DEBUG:colcon.colcon_core.package_identification:Package 'realsense-ros/realsense2_description' with type 'ros.ament_cmake' and name 'realsense2_description'
[0.640s] Level 1:colcon.colcon_core.package_identification:_identify(realsense-ros/scripts) by extensions ['ignore', 'ignore_ament_install']
[0.641s] Level 1:colcon.colcon_core.package_identification:_identify(realsense-ros/scripts) by extension 'ignore'
[0.641s] Level 1:colcon.colcon_core.package_identification:_identify(realsense-ros/scripts) by extension 'ignore_ament_install'
[0.641s] Level 1:colcon.colcon_core.package_identification:_identify(realsense-ros/scripts) by extensions ['colcon_pkg']
[0.641s] Level 1:colcon.colcon_core.package_identification:_identify(realsense-ros/scripts) by extension 'colcon_pkg'
[0.641s] Level 1:colcon.colcon_core.package_identification:_identify(realsense-ros/scripts) by extensions ['colcon_meta']
[0.641s] Level 1:colcon.colcon_core.package_identification:_identify(realsense-ros/scripts) by extension 'colcon_meta'
[0.641s] Level 1:colcon.colcon_core.package_identification:_identify(realsense-ros/scripts) by extensions ['ros']
[0.641s] Level 1:colcon.colcon_core.package_identification:_identify(realsense-ros/scripts) by extension 'ros'
[0.641s] Level 1:colcon.colcon_core.package_identification:_identify(realsense-ros/scripts) by extensions ['cmake', 'python']
[0.641s] Level 1:colcon.colcon_core.package_identification:_identify(realsense-ros/scripts) by extension 'cmake'
[0.641s] Level 1:colcon.colcon_core.package_identification:_identify(realsense-ros/scripts) by extension 'python'
[0.641s] Level 1:colcon.colcon_core.package_identification:_identify(realsense-ros/scripts) by extensions ['python_setup_py']
[0.641s] Level 1:colcon.colcon_core.package_identification:_identify(realsense-ros/scripts) by extension 'python_setup_py'
[0.642s] Level 1:colcon.colcon_core.package_identification:_identify(ros2_aruco) by extensions ['ignore', 'ignore_ament_install']
[0.642s] Level 1:colcon.colcon_core.package_identification:_identify(ros2_aruco) by extension 'ignore'
[0.642s] Level 1:colcon.colcon_core.package_identification:_identify(ros2_aruco) by extension 'ignore_ament_install'
[0.642s] Level 1:colcon.colcon_core.package_identification:_identify(ros2_aruco) by extensions ['colcon_pkg']
[0.642s] Level 1:colcon.colcon_core.package_identification:_identify(ros2_aruco) by extension 'colcon_pkg'
[0.642s] Level 1:colcon.colcon_core.package_identification:_identify(ros2_aruco) by extensions ['colcon_meta']
[0.642s] Level 1:colcon.colcon_core.package_identification:_identify(ros2_aruco) by extension 'colcon_meta'
[0.642s] Level 1:colcon.colcon_core.package_identification:_identify(ros2_aruco) by extensions ['ros']
[0.642s] Level 1:colcon.colcon_core.package_identification:_identify(ros2_aruco) by extension 'ros'
[0.642s] Level 1:colcon.colcon_core.package_identification:_identify(ros2_aruco) by extensions ['cmake', 'python']
[0.642s] Level 1:colcon.colcon_core.package_identification:_identify(ros2_aruco) by extension 'cmake'
[0.642s] Level 1:colcon.colcon_core.package_identification:_identify(ros2_aruco) by extension 'python'
[0.642s] Level 1:colcon.colcon_core.package_identification:_identify(ros2_aruco) by extensions ['python_setup_py']
[0.642s] Level 1:colcon.colcon_core.package_identification:_identify(ros2_aruco) by extension 'python_setup_py'
[0.643s] Level 1:colcon.colcon_core.package_identification:_identify(ros2_aruco/ros2_aruco) by extensions ['ignore', 'ignore_ament_install']
[0.643s] Level 1:colcon.colcon_core.package_identification:_identify(ros2_aruco/ros2_aruco) by extension 'ignore'
[0.643s] Level 1:colcon.colcon_core.package_identification:_identify(ros2_aruco/ros2_aruco) by extension 'ignore_ament_install'
[0.643s] Level 1:colcon.colcon_core.package_identification:_identify(ros2_aruco/ros2_aruco) by extensions ['colcon_pkg']
[0.643s] Level 1:colcon.colcon_core.package_identification:_identify(ros2_aruco/ros2_aruco) by extension 'colcon_pkg'
[0.643s] Level 1:colcon.colcon_core.package_identification:_identify(ros2_aruco/ros2_aruco) by extensions ['colcon_meta']
[0.643s] Level 1:colcon.colcon_core.package_identification:_identify(ros2_aruco/ros2_aruco) by extension 'colcon_meta'
[0.643s] Level 1:colcon.colcon_core.package_identification:_identify(ros2_aruco/ros2_aruco) by extensions ['ros']
[0.643s] Level 1:colcon.colcon_core.package_identification:_identify(ros2_aruco/ros2_aruco) by extension 'ros'
[0.644s] DEBUG:colcon.colcon_core.package_identification:Package 'ros2_aruco/ros2_aruco' with type 'ros.ament_python' and name 'ros2_aruco'
[0.644s] Level 1:colcon.colcon_core.package_identification:_identify(ros2_aruco/ros2_aruco_interfaces) by extensions ['ignore', 'ignore_ament_install']
[0.644s] Level 1:colcon.colcon_core.package_identification:_identify(ros2_aruco/ros2_aruco_interfaces) by extension 'ignore'
[0.645s] Level 1:colcon.colcon_core.package_identification:_identify(ros2_aruco/ros2_aruco_interfaces) by extension 'ignore_ament_install'
[0.645s] Level 1:colcon.colcon_core.package_identification:_identify(ros2_aruco/ros2_aruco_interfaces) by extensions ['colcon_pkg']
[0.645s] Level 1:colcon.colcon_core.package_identification:_identify(ros2_aruco/ros2_aruco_interfaces) by extension 'colcon_pkg'
[0.645s] Level 1:colcon.colcon_core.package_identification:_identify(ros2_aruco/ros2_aruco_interfaces) by extensions ['colcon_meta']
[0.645s] Level 1:colcon.colcon_core.package_identification:_identify(ros2_aruco/ros2_aruco_interfaces) by extension 'colcon_meta'
[0.645s] Level 1:colcon.colcon_core.package_identification:_identify(ros2_aruco/ros2_aruco_interfaces) by extensions ['ros']
[0.645s] Level 1:colcon.colcon_core.package_identification:_identify(ros2_aruco/ros2_aruco_interfaces) by extension 'ros'
[0.646s] DEBUG:colcon.colcon_core.package_identification:Package 'ros2_aruco/ros2_aruco_interfaces' with type 'ros.ament_cmake' and name 'ros2_aruco_interfaces'
[0.646s] Level 1:colcon.colcon_core.package_identification:_identify(ros2_control_demos) by extensions ['ignore', 'ignore_ament_install']
[0.647s] Level 1:colcon.colcon_core.package_identification:_identify(ros2_control_demos) by extension 'ignore'
[0.647s] Level 1:colcon.colcon_core.package_identification:_identify(ros2_control_demos) by extension 'ignore_ament_install'
[0.647s] Level 1:colcon.colcon_core.package_identification:_identify(ros2_control_demos) by extensions ['colcon_pkg']
[0.647s] Level 1:colcon.colcon_core.package_identification:_identify(ros2_control_demos) by extension 'colcon_pkg'
[0.647s] Level 1:colcon.colcon_core.package_identification:_identify(ros2_control_demos) by extensions ['colcon_meta']
[0.647s] Level 1:colcon.colcon_core.package_identification:_identify(ros2_control_demos) by extension 'colcon_meta'
[0.647s] Level 1:colcon.colcon_core.package_identification:_identify(ros2_control_demos) by extensions ['ros']
[0.647s] Level 1:colcon.colcon_core.package_identification:_identify(ros2_control_demos) by extension 'ros'
[0.647s] Level 1:colcon.colcon_core.package_identification:_identify(ros2_control_demos) by extensions ['cmake', 'python']
[0.647s] Level 1:colcon.colcon_core.package_identification:_identify(ros2_control_demos) by extension 'cmake'
[0.647s] Level 1:colcon.colcon_core.package_identification:_identify(ros2_control_demos) by extension 'python'
[0.647s] Level 1:colcon.colcon_core.package_identification:_identify(ros2_control_demos) by extensions ['python_setup_py']
[0.647s] Level 1:colcon.colcon_core.package_identification:_identify(ros2_control_demos) by extension 'python_setup_py'
[0.648s] Level 1:colcon.colcon_core.package_identification:_identify(ros2_control_demos/Dockerfile) by extensions ['ignore', 'ignore_ament_install']
[0.648s] Level 1:colcon.colcon_core.package_identification:_identify(ros2_control_demos/Dockerfile) by extension 'ignore'
[0.648s] Level 1:colcon.colcon_core.package_identification:_identify(ros2_control_demos/Dockerfile) by extension 'ignore_ament_install'
[0.648s] Level 1:colcon.colcon_core.package_identification:_identify(ros2_control_demos/Dockerfile) by extensions ['colcon_pkg']
[0.648s] Level 1:colcon.colcon_core.package_identification:_identify(ros2_control_demos/Dockerfile) by extension 'colcon_pkg'
[0.648s] Level 1:colcon.colcon_core.package_identification:_identify(ros2_control_demos/Dockerfile) by extensions ['colcon_meta']
[0.648s] Level 1:colcon.colcon_core.package_identification:_identify(ros2_control_demos/Dockerfile) by extension 'colcon_meta'
[0.648s] Level 1:colcon.colcon_core.package_identification:_identify(ros2_control_demos/Dockerfile) by extensions ['ros']
[0.648s] Level 1:colcon.colcon_core.package_identification:_identify(ros2_control_demos/Dockerfile) by extension 'ros'
[0.648s] Level 1:colcon.colcon_core.package_identification:_identify(ros2_control_demos/Dockerfile) by extensions ['cmake', 'python']
[0.648s] Level 1:colcon.colcon_core.package_identification:_identify(ros2_control_demos/Dockerfile) by extension 'cmake'
[0.648s] Level 1:colcon.colcon_core.package_identification:_identify(ros2_control_demos/Dockerfile) by extension 'python'
[0.648s] Level 1:colcon.colcon_core.package_identification:_identify(ros2_control_demos/Dockerfile) by extensions ['python_setup_py']
[0.649s] Level 1:colcon.colcon_core.package_identification:_identify(ros2_control_demos/Dockerfile) by extension 'python_setup_py'
[0.649s] Level 1:colcon.colcon_core.package_identification:_identify(ros2_control_demos/doc) by extensions ['ignore', 'ignore_ament_install']
[0.649s] Level 1:colcon.colcon_core.package_identification:_identify(ros2_control_demos/doc) by extension 'ignore'
[0.649s] Level 1:colcon.colcon_core.package_identification:_identify(ros2_control_demos/doc) by extension 'ignore_ament_install'
[0.649s] Level 1:colcon.colcon_core.package_identification:_identify(ros2_control_demos/doc) by extensions ['colcon_pkg']
[0.649s] Level 1:colcon.colcon_core.package_identification:_identify(ros2_control_demos/doc) by extension 'colcon_pkg'
[0.649s] Level 1:colcon.colcon_core.package_identification:_identify(ros2_control_demos/doc) by extensions ['colcon_meta']
[0.649s] Level 1:colcon.colcon_core.package_identification:_identify(ros2_control_demos/doc) by extension 'colcon_meta'
[0.649s] Level 1:colcon.colcon_core.package_identification:_identify(ros2_control_demos/doc) by extensions ['ros']
[0.649s] Level 1:colcon.colcon_core.package_identification:_identify(ros2_control_demos/doc) by extension 'ros'
[0.649s] Level 1:colcon.colcon_core.package_identification:_identify(ros2_control_demos/doc) by extensions ['cmake', 'python']
[0.649s] Level 1:colcon.colcon_core.package_identification:_identify(ros2_control_demos/doc) by extension 'cmake'
[0.650s] Level 1:colcon.colcon_core.package_identification:_identify(ros2_control_demos/doc) by extension 'python'
[0.650s] Level 1:colcon.colcon_core.package_identification:_identify(ros2_control_demos/doc) by extensions ['python_setup_py']
[0.650s] Level 1:colcon.colcon_core.package_identification:_identify(ros2_control_demos/doc) by extension 'python_setup_py'
[0.650s] Level 1:colcon.colcon_core.package_identification:_identify(ros2_control_demos/example_1) by extensions ['ignore', 'ignore_ament_install']
[0.650s] Level 1:colcon.colcon_core.package_identification:_identify(ros2_control_demos/example_1) by extension 'ignore'
[0.650s] Level 1:colcon.colcon_core.package_identification:_identify(ros2_control_demos/example_1) by extension 'ignore_ament_install'
[0.650s] Level 1:colcon.colcon_core.package_identification:_identify(ros2_control_demos/example_1) by extensions ['colcon_pkg']
[0.650s] Level 1:colcon.colcon_core.package_identification:_identify(ros2_control_demos/example_1) by extension 'colcon_pkg'
[0.650s] Level 1:colcon.colcon_core.package_identification:_identify(ros2_control_demos/example_1) by extensions ['colcon_meta']
[0.650s] Level 1:colcon.colcon_core.package_identification:_identify(ros2_control_demos/example_1) by extension 'colcon_meta'
[0.650s] Level 1:colcon.colcon_core.package_identification:_identify(ros2_control_demos/example_1) by extensions ['ros']
[0.650s] Level 1:colcon.colcon_core.package_identification:_identify(ros2_control_demos/example_1) by extension 'ros'
[0.652s] DEBUG:colcon.colcon_core.package_identification:Package 'ros2_control_demos/example_1' with type 'ros.ament_cmake' and name 'ros2_control_demo_example_1'
[0.652s] Level 1:colcon.colcon_core.package_identification:_identify(ros2_control_demos/example_10) by extensions ['ignore', 'ignore_ament_install']
[0.652s] Level 1:colcon.colcon_core.package_identification:_identify(ros2_control_demos/example_10) by extension 'ignore'
[0.653s] Level 1:colcon.colcon_core.package_identification:_identify(ros2_control_demos/example_10) by extension 'ignore_ament_install'
[0.653s] Level 1:colcon.colcon_core.package_identification:_identify(ros2_control_demos/example_10) by extensions ['colcon_pkg']
[0.653s] Level 1:colcon.colcon_core.package_identification:_identify(ros2_control_demos/example_10) by extension 'colcon_pkg'
[0.653s] Level 1:colcon.colcon_core.package_identification:_identify(ros2_control_demos/example_10) by extensions ['colcon_meta']
[0.653s] Level 1:colcon.colcon_core.package_identification:_identify(ros2_control_demos/example_10) by extension 'colcon_meta'
[0.653s] Level 1:colcon.colcon_core.package_identification:_identify(ros2_control_demos/example_10) by extensions ['ros']
[0.653s] Level 1:colcon.colcon_core.package_identification:_identify(ros2_control_demos/example_10) by extension 'ros'
[0.655s] DEBUG:colcon.colcon_core.package_identification:Package 'ros2_control_demos/example_10' with type 'ros.ament_cmake' and name 'ros2_control_demo_example_10'
[0.655s] Level 1:colcon.colcon_core.package_identification:_identify(ros2_control_demos/example_11) by extensions ['ignore', 'ignore_ament_install']
[0.655s] Level 1:colcon.colcon_core.package_identification:_identify(ros2_control_demos/example_11) by extension 'ignore'
[0.655s] Level 1:colcon.colcon_core.package_identification:_identify(ros2_control_demos/example_11) by extension 'ignore_ament_install'
[0.655s] Level 1:colcon.colcon_core.package_identification:_identify(ros2_control_demos/example_11) by extensions ['colcon_pkg']
[0.656s] Level 1:colcon.colcon_core.package_identification:_identify(ros2_control_demos/example_11) by extension 'colcon_pkg'
[0.656s] Level 1:colcon.colcon_core.package_identification:_identify(ros2_control_demos/example_11) by extensions ['colcon_meta']
[0.656s] Level 1:colcon.colcon_core.package_identification:_identify(ros2_control_demos/example_11) by extension 'colcon_meta'
[0.656s] Level 1:colcon.colcon_core.package_identification:_identify(ros2_control_demos/example_11) by extensions ['ros']
[0.656s] Level 1:colcon.colcon_core.package_identification:_identify(ros2_control_demos/example_11) by extension 'ros'
[0.657s] DEBUG:colcon.colcon_core.package_identification:Package 'ros2_control_demos/example_11' with type 'ros.ament_cmake' and name 'ros2_control_demo_example_11'
[0.658s] Level 1:colcon.colcon_core.package_identification:_identify(ros2_control_demos/example_12) by extensions ['ignore', 'ignore_ament_install']
[0.658s] Level 1:colcon.colcon_core.package_identification:_identify(ros2_control_demos/example_12) by extension 'ignore'
[0.658s] Level 1:colcon.colcon_core.package_identification:_identify(ros2_control_demos/example_12) by extension 'ignore_ament_install'
[0.658s] Level 1:colcon.colcon_core.package_identification:_identify(ros2_control_demos/example_12) by extensions ['colcon_pkg']
[0.658s] Level 1:colcon.colcon_core.package_identification:_identify(ros2_control_demos/example_12) by extension 'colcon_pkg'
[0.658s] Level 1:colcon.colcon_core.package_identification:_identify(ros2_control_demos/example_12) by extensions ['colcon_meta']
[0.658s] Level 1:colcon.colcon_core.package_identification:_identify(ros2_control_demos/example_12) by extension 'colcon_meta'
[0.658s] Level 1:colcon.colcon_core.package_identification:_identify(ros2_control_demos/example_12) by extensions ['ros']
[0.658s] Level 1:colcon.colcon_core.package_identification:_identify(ros2_control_demos/example_12) by extension 'ros'
[0.660s] DEBUG:colcon.colcon_core.package_identification:Package 'ros2_control_demos/example_12' with type 'ros.ament_cmake' and name 'ros2_control_demo_example_12'
[0.660s] Level 1:colcon.colcon_core.package_identification:_identify(ros2_control_demos/example_14) by extensions ['ignore', 'ignore_ament_install']
[0.660s] Level 1:colcon.colcon_core.package_identification:_identify(ros2_control_demos/example_14) by extension 'ignore'
[0.660s] Level 1:colcon.colcon_core.package_identification:_identify(ros2_control_demos/example_14) by extension 'ignore_ament_install'
[0.660s] Level 1:colcon.colcon_core.package_identification:_identify(ros2_control_demos/example_14) by extensions ['colcon_pkg']
[0.660s] Level 1:colcon.colcon_core.package_identification:_identify(ros2_control_demos/example_14) by extension 'colcon_pkg'
[0.661s] Level 1:colcon.colcon_core.package_identification:_identify(ros2_control_demos/example_14) by extensions ['colcon_meta']
[0.661s] Level 1:colcon.colcon_core.package_identification:_identify(ros2_control_demos/example_14) by extension 'colcon_meta'
[0.661s] Level 1:colcon.colcon_core.package_identification:_identify(ros2_control_demos/example_14) by extensions ['ros']
[0.661s] Level 1:colcon.colcon_core.package_identification:_identify(ros2_control_demos/example_14) by extension 'ros'
[0.663s] DEBUG:colcon.colcon_core.package_identification:Package 'ros2_control_demos/example_14' with type 'ros.ament_cmake' and name 'ros2_control_demo_example_14'
[0.663s] Level 1:colcon.colcon_core.package_identification:_identify(ros2_control_demos/example_2) by extensions ['ignore', 'ignore_ament_install']
[0.663s] Level 1:colcon.colcon_core.package_identification:_identify(ros2_control_demos/example_2) by extension 'ignore'
[0.663s] Level 1:colcon.colcon_core.package_identification:_identify(ros2_control_demos/example_2) by extension 'ignore_ament_install'
[0.663s] Level 1:colcon.colcon_core.package_identification:_identify(ros2_control_demos/example_2) by extensions ['colcon_pkg']
[0.663s] Level 1:colcon.colcon_core.package_identification:_identify(ros2_control_demos/example_2) by extension 'colcon_pkg'
[0.663s] Level 1:colcon.colcon_core.package_identification:_identify(ros2_control_demos/example_2) by extensions ['colcon_meta']
[0.663s] Level 1:colcon.colcon_core.package_identification:_identify(ros2_control_demos/example_2) by extension 'colcon_meta'
[0.663s] Level 1:colcon.colcon_core.package_identification:_identify(ros2_control_demos/example_2) by extensions ['ros']
[0.663s] Level 1:colcon.colcon_core.package_identification:_identify(ros2_control_demos/example_2) by extension 'ros'
[0.665s] DEBUG:colcon.colcon_core.package_identification:Package 'ros2_control_demos/example_2' with type 'ros.ament_cmake' and name 'ros2_control_demo_example_2'
[0.665s] Level 1:colcon.colcon_core.package_identification:_identify(ros2_control_demos/example_3) by extensions ['ignore', 'ignore_ament_install']
[0.665s] Level 1:colcon.colcon_core.package_identification:_identify(ros2_control_demos/example_3) by extension 'ignore'
[0.665s] Level 1:colcon.colcon_core.package_identification:_identify(ros2_control_demos/example_3) by extension 'ignore_ament_install'
[0.665s] Level 1:colcon.colcon_core.package_identification:_identify(ros2_control_demos/example_3) by extensions ['colcon_pkg']
[0.665s] Level 1:colcon.colcon_core.package_identification:_identify(ros2_control_demos/example_3) by extension 'colcon_pkg'
[0.665s] Level 1:colcon.colcon_core.package_identification:_identify(ros2_control_demos/example_3) by extensions ['colcon_meta']
[0.666s] Level 1:colcon.colcon_core.package_identification:_identify(ros2_control_demos/example_3) by extension 'colcon_meta'
[0.666s] Level 1:colcon.colcon_core.package_identification:_identify(ros2_control_demos/example_3) by extensions ['ros']
[0.666s] Level 1:colcon.colcon_core.package_identification:_identify(ros2_control_demos/example_3) by extension 'ros'
[0.667s] DEBUG:colcon.colcon_core.package_identification:Package 'ros2_control_demos/example_3' with type 'ros.ament_cmake' and name 'ros2_control_demo_example_3'
[0.667s] Level 1:colcon.colcon_core.package_identification:_identify(ros2_control_demos/example_4) by extensions ['ignore', 'ignore_ament_install']
[0.668s] Level 1:colcon.colcon_core.package_identification:_identify(ros2_control_demos/example_4) by extension 'ignore'
[0.668s] Level 1:colcon.colcon_core.package_identification:_identify(ros2_control_demos/example_4) by extension 'ignore_ament_install'
[0.668s] Level 1:colcon.colcon_core.package_identification:_identify(ros2_control_demos/example_4) by extensions ['colcon_pkg']
[0.668s] Level 1:colcon.colcon_core.package_identification:_identify(ros2_control_demos/example_4) by extension 'colcon_pkg'
[0.668s] Level 1:colcon.colcon_core.package_identification:_identify(ros2_control_demos/example_4) by extensions ['colcon_meta']
[0.668s] Level 1:colcon.colcon_core.package_identification:_identify(ros2_control_demos/example_4) by extension 'colcon_meta'
[0.668s] Level 1:colcon.colcon_core.package_identification:_identify(ros2_control_demos/example_4) by extensions ['ros']
[0.668s] Level 1:colcon.colcon_core.package_identification:_identify(ros2_control_demos/example_4) by extension 'ros'
[0.671s] DEBUG:colcon.colcon_core.package_identification:Package 'ros2_control_demos/example_4' with type 'ros.ament_cmake' and name 'ros2_control_demo_example_4'
[0.671s] Level 1:colcon.colcon_core.package_identification:_identify(ros2_control_demos/example_5) by extensions ['ignore', 'ignore_ament_install']
[0.671s] Level 1:colcon.colcon_core.package_identification:_identify(ros2_control_demos/example_5) by extension 'ignore'
[0.671s] Level 1:colcon.colcon_core.package_identification:_identify(ros2_control_demos/example_5) by extension 'ignore_ament_install'
[0.671s] Level 1:colcon.colcon_core.package_identification:_identify(ros2_control_demos/example_5) by extensions ['colcon_pkg']
[0.672s] Level 1:colcon.colcon_core.package_identification:_identify(ros2_control_demos/example_5) by extension 'colcon_pkg'
[0.672s] Level 1:colcon.colcon_core.package_identification:_identify(ros2_control_demos/example_5) by extensions ['colcon_meta']
[0.672s] Level 1:colcon.colcon_core.package_identification:_identify(ros2_control_demos/example_5) by extension 'colcon_meta'
[0.672s] Level 1:colcon.colcon_core.package_identification:_identify(ros2_control_demos/example_5) by extensions ['ros']
[0.672s] Level 1:colcon.colcon_core.package_identification:_identify(ros2_control_demos/example_5) by extension 'ros'
[0.673s] DEBUG:colcon.colcon_core.package_identification:Package 'ros2_control_demos/example_5' with type 'ros.ament_cmake' and name 'ros2_control_demo_example_5'
[0.673s] Level 1:colcon.colcon_core.package_identification:_identify(ros2_control_demos/example_6) by extensions ['ignore', 'ignore_ament_install']
[0.674s] Level 1:colcon.colcon_core.package_identification:_identify(ros2_control_demos/example_6) by extension 'ignore'
[0.674s] Level 1:colcon.colcon_core.package_identification:_identify(ros2_control_demos/example_6) by extension 'ignore_ament_install'
[0.674s] Level 1:colcon.colcon_core.package_identification:_identify(ros2_control_demos/example_6) by extensions ['colcon_pkg']
[0.674s] Level 1:colcon.colcon_core.package_identification:_identify(ros2_control_demos/example_6) by extension 'colcon_pkg'
[0.674s] Level 1:colcon.colcon_core.package_identification:_identify(ros2_control_demos/example_6) by extensions ['colcon_meta']
[0.674s] Level 1:colcon.colcon_core.package_identification:_identify(ros2_control_demos/example_6) by extension 'colcon_meta'
[0.674s] Level 1:colcon.colcon_core.package_identification:_identify(ros2_control_demos/example_6) by extensions ['ros']
[0.674s] Level 1:colcon.colcon_core.package_identification:_identify(ros2_control_demos/example_6) by extension 'ros'
[0.676s] DEBUG:colcon.colcon_core.package_identification:Package 'ros2_control_demos/example_6' with type 'ros.ament_cmake' and name 'ros2_control_demo_example_6'
[0.676s] Level 1:colcon.colcon_core.package_identification:_identify(ros2_control_demos/example_7) by extensions ['ignore', 'ignore_ament_install']
[0.676s] Level 1:colcon.colcon_core.package_identification:_identify(ros2_control_demos/example_7) by extension 'ignore'
[0.676s] Level 1:colcon.colcon_core.package_identification:_identify(ros2_control_demos/example_7) by extension 'ignore_ament_install'
[0.676s] Level 1:colcon.colcon_core.package_identification:_identify(ros2_control_demos/example_7) by extensions ['colcon_pkg']
[0.676s] Level 1:colcon.colcon_core.package_identification:_identify(ros2_control_demos/example_7) by extension 'colcon_pkg'
[0.676s] Level 1:colcon.colcon_core.package_identification:_identify(ros2_control_demos/example_7) by extensions ['colcon_meta']
[0.676s] Level 1:colcon.colcon_core.package_identification:_identify(ros2_control_demos/example_7) by extension 'colcon_meta'
[0.676s] Level 1:colcon.colcon_core.package_identification:_identify(ros2_control_demos/example_7) by extensions ['ros']
[0.676s] Level 1:colcon.colcon_core.package_identification:_identify(ros2_control_demos/example_7) by extension 'ros'
[0.679s] DEBUG:colcon.colcon_core.package_identification:Package 'ros2_control_demos/example_7' with type 'ros.ament_cmake' and name 'ros2_control_demo_example_7'
[0.679s] Level 1:colcon.colcon_core.package_identification:_identify(ros2_control_demos/example_8) by extensions ['ignore', 'ignore_ament_install']
[0.679s] Level 1:colcon.colcon_core.package_identification:_identify(ros2_control_demos/example_8) by extension 'ignore'
[0.679s] Level 1:colcon.colcon_core.package_identification:_identify(ros2_control_demos/example_8) by extension 'ignore_ament_install'
[0.679s] Level 1:colcon.colcon_core.package_identification:_identify(ros2_control_demos/example_8) by extensions ['colcon_pkg']
[0.680s] Level 1:colcon.colcon_core.package_identification:_identify(ros2_control_demos/example_8) by extension 'colcon_pkg'
[0.680s] Level 1:colcon.colcon_core.package_identification:_identify(ros2_control_demos/example_8) by extensions ['colcon_meta']
[0.680s] Level 1:colcon.colcon_core.package_identification:_identify(ros2_control_demos/example_8) by extension 'colcon_meta'
[0.680s] Level 1:colcon.colcon_core.package_identification:_identify(ros2_control_demos/example_8) by extensions ['ros']
[0.680s] Level 1:colcon.colcon_core.package_identification:_identify(ros2_control_demos/example_8) by extension 'ros'
[0.682s] DEBUG:colcon.colcon_core.package_identification:Package 'ros2_control_demos/example_8' with type 'ros.ament_cmake' and name 'ros2_control_demo_example_8'
[0.682s] Level 1:colcon.colcon_core.package_identification:_identify(ros2_control_demos/example_9) by extensions ['ignore', 'ignore_ament_install']
[0.682s] Level 1:colcon.colcon_core.package_identification:_identify(ros2_control_demos/example_9) by extension 'ignore'
[0.682s] Level 1:colcon.colcon_core.package_identification:_identify(ros2_control_demos/example_9) by extension 'ignore_ament_install'
[0.682s] Level 1:colcon.colcon_core.package_identification:_identify(ros2_control_demos/example_9) by extensions ['colcon_pkg']
[0.682s] Level 1:colcon.colcon_core.package_identification:_identify(ros2_control_demos/example_9) by extension 'colcon_pkg'
[0.682s] Level 1:colcon.colcon_core.package_identification:_identify(ros2_control_demos/example_9) by extensions ['colcon_meta']
[0.682s] Level 1:colcon.colcon_core.package_identification:_identify(ros2_control_demos/example_9) by extension 'colcon_meta'
[0.682s] Level 1:colcon.colcon_core.package_identification:_identify(ros2_control_demos/example_9) by extensions ['ros']
[0.682s] Level 1:colcon.colcon_core.package_identification:_identify(ros2_control_demos/example_9) by extension 'ros'
[0.684s] DEBUG:colcon.colcon_core.package_identification:Package 'ros2_control_demos/example_9' with type 'ros.ament_cmake' and name 'ros2_control_demo_example_9'
[0.684s] Level 1:colcon.colcon_core.package_identification:_identify(ros2_control_demos/ros2_control_demo_description) by extensions ['ignore', 'ignore_ament_install']
[0.684s] Level 1:colcon.colcon_core.package_identification:_identify(ros2_control_demos/ros2_control_demo_description) by extension 'ignore'
[0.684s] Level 1:colcon.colcon_core.package_identification:_identify(ros2_control_demos/ros2_control_demo_description) by extension 'ignore_ament_install'
[0.684s] Level 1:colcon.colcon_core.package_identification:_identify(ros2_control_demos/ros2_control_demo_description) by extensions ['colcon_pkg']
[0.685s] Level 1:colcon.colcon_core.package_identification:_identify(ros2_control_demos/ros2_control_demo_description) by extension 'colcon_pkg'
[0.685s] Level 1:colcon.colcon_core.package_identification:_identify(ros2_control_demos/ros2_control_demo_description) by extensions ['colcon_meta']
[0.685s] Level 1:colcon.colcon_core.package_identification:_identify(ros2_control_demos/ros2_control_demo_description) by extension 'colcon_meta'
[0.685s] Level 1:colcon.colcon_core.package_identification:_identify(ros2_control_demos/ros2_control_demo_description) by extensions ['ros']
[0.685s] Level 1:colcon.colcon_core.package_identification:_identify(ros2_control_demos/ros2_control_demo_description) by extension 'ros'
[0.685s] DEBUG:colcon.colcon_core.package_identification:Package 'ros2_control_demos/ros2_control_demo_description' with type 'ros.ament_cmake' and name 'ros2_control_demo_description'
[0.686s] Level 1:colcon.colcon_core.package_identification:_identify(ros2_control_demos/ros2_control_demos) by extensions ['ignore', 'ignore_ament_install']
[0.686s] Level 1:colcon.colcon_core.package_identification:_identify(ros2_control_demos/ros2_control_demos) by extension 'ignore'
[0.686s] Level 1:colcon.colcon_core.package_identification:_identify(ros2_control_demos/ros2_control_demos) by extension 'ignore_ament_install'
[0.686s] Level 1:colcon.colcon_core.package_identification:_identify(ros2_control_demos/ros2_control_demos) by extensions ['colcon_pkg']
[0.686s] Level 1:colcon.colcon_core.package_identification:_identify(ros2_control_demos/ros2_control_demos) by extension 'colcon_pkg'
[0.686s] Level 1:colcon.colcon_core.package_identification:_identify(ros2_control_demos/ros2_control_demos) by extensions ['colcon_meta']
[0.686s] Level 1:colcon.colcon_core.package_identification:_identify(ros2_control_demos/ros2_control_demos) by extension 'colcon_meta'
[0.686s] Level 1:colcon.colcon_core.package_identification:_identify(ros2_control_demos/ros2_control_demos) by extensions ['ros']
[0.686s] Level 1:colcon.colcon_core.package_identification:_identify(ros2_control_demos/ros2_control_demos) by extension 'ros'
[0.687s] DEBUG:colcon.colcon_core.package_identification:Package 'ros2_control_demos/ros2_control_demos' with type 'ros.ament_cmake' and name 'ros2_control_demos'
[0.688s] Level 1:colcon.colcon_core.package_identification:_identify(tb3_autonomy) by extensions ['ignore', 'ignore_ament_install']
[0.688s] Level 1:colcon.colcon_core.package_identification:_identify(tb3_autonomy) by extension 'ignore'
[0.688s] Level 1:colcon.colcon_core.package_identification:_identify(tb3_autonomy) by extension 'ignore_ament_install'
[0.688s] Level 1:colcon.colcon_core.package_identification:_identify(tb3_autonomy) by extensions ['colcon_pkg']
[0.688s] Level 1:colcon.colcon_core.package_identification:_identify(tb3_autonomy) by extension 'colcon_pkg'
[0.688s] Level 1:colcon.colcon_core.package_identification:_identify(tb3_autonomy) by extensions ['colcon_meta']
[0.688s] Level 1:colcon.colcon_core.package_identification:_identify(tb3_autonomy) by extension 'colcon_meta'
[0.688s] Level 1:colcon.colcon_core.package_identification:_identify(tb3_autonomy) by extensions ['ros']
[0.688s] Level 1:colcon.colcon_core.package_identification:_identify(tb3_autonomy) by extension 'ros'
[0.689s] DEBUG:colcon.colcon_core.package_identification:Package 'tb3_autonomy' with type 'ros.ament_cmake' and name 'tb3_autonomy'
[0.689s] Level 1:colcon.colcon_core.package_identification:_identify(teleop_twist_joy) by extensions ['ignore', 'ignore_ament_install']
[0.690s] Level 1:colcon.colcon_core.package_identification:_identify(teleop_twist_joy) by extension 'ignore'
[0.690s] Level 1:colcon.colcon_core.package_identification:_identify(teleop_twist_joy) by extension 'ignore_ament_install'
[0.690s] Level 1:colcon.colcon_core.package_identification:_identify(teleop_twist_joy) by extensions ['colcon_pkg']
[0.690s] Level 1:colcon.colcon_core.package_identification:_identify(teleop_twist_joy) by extension 'colcon_pkg'
[0.690s] Level 1:colcon.colcon_core.package_identification:_identify(teleop_twist_joy) by extensions ['colcon_meta']
[0.690s] Level 1:colcon.colcon_core.package_identification:_identify(teleop_twist_joy) by extension 'colcon_meta'
[0.690s] Level 1:colcon.colcon_core.package_identification:_identify(teleop_twist_joy) by extensions ['ros']
[0.690s] Level 1:colcon.colcon_core.package_identification:_identify(teleop_twist_joy) by extension 'ros'
[0.691s] DEBUG:colcon.colcon_core.package_identification:Package 'teleop_twist_joy' with type 'ros.ament_cmake' and name 'teleop_twist_joy'
[0.692s] Level 1:colcon.colcon_core.package_identification:_identify(usb_cam) by extensions ['ignore', 'ignore_ament_install']
[0.692s] Level 1:colcon.colcon_core.package_identification:_identify(usb_cam) by extension 'ignore'
[0.692s] Level 1:colcon.colcon_core.package_identification:_identify(usb_cam) by extension 'ignore_ament_install'
[0.692s] Level 1:colcon.colcon_core.package_identification:_identify(usb_cam) by extensions ['colcon_pkg']
[0.692s] Level 1:colcon.colcon_core.package_identification:_identify(usb_cam) by extension 'colcon_pkg'
[0.692s] Level 1:colcon.colcon_core.package_identification:_identify(usb_cam) by extensions ['colcon_meta']
[0.692s] Level 1:colcon.colcon_core.package_identification:_identify(usb_cam) by extension 'colcon_meta'
[0.692s] Level 1:colcon.colcon_core.package_identification:_identify(usb_cam) by extensions ['ros']
[0.692s] Level 1:colcon.colcon_core.package_identification:_identify(usb_cam) by extension 'ros'
[0.701s] DEBUG:colcon.colcon_core.package_identification:Package 'usb_cam' with type 'ros.ament_cmake' and name 'usb_cam'
[0.701s] Level 1:colcon.colcon_core.package_discovery:discover_packages(recursive) using defaults
[0.701s] Level 1:colcon.colcon_core.package_discovery:discover_packages(ignore) discover
[0.701s] Level 1:colcon.colcon_core.package_discovery:discover_packages(ignore) using defaults
[0.701s] Level 1:colcon.colcon_core.package_discovery:discover_packages(path) discover
[0.701s] Level 1:colcon.colcon_core.package_discovery:discover_packages(path) using defaults
[0.754s] INFO:colcon.colcon_core.package_selection:Skipping not selected package 'behaviortree_cpp' in 'BehaviorTree.CPP'
[0.754s] INFO:colcon.colcon_core.package_selection:Skipping not selected package 'my_action_interface' in 'my_action_interface'
[0.755s] INFO:colcon.colcon_core.package_selection:Skipping not selected package 'my_aruco_to_goal_pose_pkg' in 'my_aruco_to_goal_pose_pkg'
[0.755s] INFO:colcon.colcon_core.package_selection:Skipping not selected package 'my_bot_description' in 'my_bot_description'
[0.755s] INFO:colcon.colcon_core.package_selection:Skipping not selected package 'my_docking' in 'my_docking'
[0.755s] INFO:colcon.colcon_core.package_selection:Skipping not selected package 'my_slam_package' in 'my_slam_package'
[0.755s] INFO:colcon.colcon_core.package_selection:Skipping not selected package 'my_tf2_package' in 'my_tf2_package'
[0.755s] INFO:colcon.colcon_core.package_selection:Skipping not selected package 'my_tf_package' in 'my_tf_package'
[0.755s] INFO:colcon.colcon_core.package_selection:Skipping not selected package 'odrive_hardware_interface' in 'odrive_ros2_control/odrive_hardware_interface'
[0.755s] INFO:colcon.colcon_core.package_selection:Skipping not selected package 'realsense2_camera_msgs' in 'realsense-ros/realsense2_camera_msgs'
[0.755s] INFO:colcon.colcon_core.package_selection:Skipping not selected package 'ros2_aruco' in 'ros2_aruco/ros2_aruco'
[0.755s] INFO:colcon.colcon_core.package_selection:Skipping not selected package 'ros2_aruco_interfaces' in 'ros2_aruco/ros2_aruco_interfaces'
[0.755s] INFO:colcon.colcon_core.package_selection:Skipping not selected package 'ros2_control_demo_description' in 'ros2_control_demos/ros2_control_demo_description'
[0.755s] INFO:colcon.colcon_core.package_selection:Skipping not selected package 'ros2_control_demo_example_14' in 'ros2_control_demos/example_14'
[0.755s] INFO:colcon.colcon_core.package_selection:Skipping not selected package 'tb3_autonomy' in 'tb3_autonomy'
[0.755s] INFO:colcon.colcon_core.package_selection:Skipping not selected package 'teleop_twist_joy' in 'teleop_twist_joy'
[0.755s] INFO:colcon.colcon_core.package_selection:Skipping not selected package 'usb_cam' in 'usb_cam'
[0.755s] INFO:colcon.colcon_core.package_selection:Skipping not selected package 'odrive_demo_description' in 'odrive_ros2_control/odrive_demo_description'
[0.755s] INFO:colcon.colcon_core.package_selection:Skipping not selected package 'realsense2_camera' in 'realsense-ros/realsense2_camera'
[0.755s] INFO:colcon.colcon_core.package_selection:Skipping not selected package 'realsense2_description' in 'realsense-ros/realsense2_description'
[0.755s] INFO:colcon.colcon_core.package_selection:Skipping not selected package 'ros2_control_demo_example_1' in 'ros2_control_demos/example_1'
[0.755s] INFO:colcon.colcon_core.package_selection:Skipping not selected package 'ros2_control_demo_example_10' in 'ros2_control_demos/example_10'
[0.755s] INFO:colcon.colcon_core.package_selection:Skipping not selected package 'ros2_control_demo_example_11' in 'ros2_control_demos/example_11'
[0.755s] INFO:colcon.colcon_core.package_selection:Skipping not selected package 'ros2_control_demo_example_12' in 'ros2_control_demos/example_12'
[0.755s] INFO:colcon.colcon_core.package_selection:Skipping not selected package 'ros2_control_demo_example_2' in 'ros2_control_demos/example_2'
[0.755s] INFO:colcon.colcon_core.package_selection:Skipping not selected package 'ros2_control_demo_example_3' in 'ros2_control_demos/example_3'
[0.755s] INFO:colcon.colcon_core.package_selection:Skipping not selected package 'ros2_control_demo_example_4' in 'ros2_control_demos/example_4'
[0.755s] INFO:colcon.colcon_core.package_selection:Skipping not selected package 'ros2_control_demo_example_5' in 'ros2_control_demos/example_5'
[0.755s] INFO:colcon.colcon_core.package_selection:Skipping not selected package 'ros2_control_demo_example_6' in 'ros2_control_demos/example_6'
[0.755s] INFO:colcon.colcon_core.package_selection:Skipping not selected package 'ros2_control_demo_example_7' in 'ros2_control_demos/example_7'
[0.756s] INFO:colcon.colcon_core.package_selection:Skipping not selected package 'ros2_control_demo_example_8' in 'ros2_control_demos/example_8'
[0.756s] INFO:colcon.colcon_core.package_selection:Skipping not selected package 'ros2_control_demo_example_9' in 'ros2_control_demos/example_9'
[0.756s] INFO:colcon.colcon_core.package_selection:Skipping not selected package 'odrive_demo_bringup' in 'odrive_ros2_control/odrive_demo_bringup'
[0.756s] INFO:colcon.colcon_core.package_selection:Skipping not selected package 'ros2_control_demos' in 'ros2_control_demos/ros2_control_demos'
[0.756s] INFO:colcon.colcon_core.package_selection:Skipping not selected package 'odrive_ros2_control' in 'odrive_ros2_control/odrive_ros2_control'
[0.756s] Level 1:colcon.colcon_core.package_discovery:discover_packages(prefix_path) check parameters
[0.756s] Level 1:colcon.colcon_core.package_discovery:discover_packages(prefix_path) discover
[0.762s] DEBUG:colcon.colcon_installed_package_information.package_discovery:Found 34 installed packages in /home/oh/slam_ws/install
[0.765s] DEBUG:colcon.colcon_installed_package_information.package_discovery:Found 407 installed packages in /opt/ros/humble
[0.769s] Level 1:colcon.colcon_core.package_discovery:discover_packages(prefix_path) using defaults
[0.868s] Level 5:colcon.colcon_core.verb:set package 'cart_park_autonomy' build argument 'cmake_args' from command line to 'None'
[0.868s] Level 5:colcon.colcon_core.verb:set package 'cart_park_autonomy' build argument 'cmake_target' from command line to 'None'
[0.868s] Level 5:colcon.colcon_core.verb:set package 'cart_park_autonomy' build argument 'cmake_target_skip_unavailable' from command line to 'False'
[0.868s] Level 5:colcon.colcon_core.verb:set package 'cart_park_autonomy' build argument 'cmake_clean_cache' from command line to 'False'
[0.868s] Level 5:colcon.colcon_core.verb:set package 'cart_park_autonomy' build argument 'cmake_clean_first' from command line to 'False'
[0.868s] Level 5:colcon.colcon_core.verb:set package 'cart_park_autonomy' build argument 'cmake_force_configure' from command line to 'False'
[0.868s] Level 5:colcon.colcon_core.verb:set package 'cart_park_autonomy' build argument 'ament_cmake_args' from command line to 'None'
[0.868s] Level 5:colcon.colcon_core.verb:set package 'cart_park_autonomy' build argument 'catkin_cmake_args' from command line to 'None'
[0.869s] Level 5:colcon.colcon_core.verb:set package 'cart_park_autonomy' build argument 'catkin_skip_building_tests' from command line to 'False'
[0.869s] DEBUG:colcon.colcon_core.verb:Building package 'cart_park_autonomy' with the following arguments: {'ament_cmake_args': None, 'build_base': '/home/oh/slam_ws/src/build/cart_park_autonomy', 'catkin_cmake_args': None, 'catkin_skip_building_tests': False, 'cmake_args': None, 'cmake_clean_cache': False, 'cmake_clean_first': False, 'cmake_force_configure': False, 'cmake_target': None, 'cmake_target_skip_unavailable': False, 'install_base': '/home/oh/slam_ws/src/install/cart_park_autonomy', 'merge_install': False, 'path': '/home/oh/slam_ws/src/cart_park_autonomy', 'symlink_install': True, 'test_result_base': None}
[0.869s] INFO:colcon.colcon_core.executor:Executing jobs using 'parallel' executor
[0.871s] DEBUG:colcon.colcon_parallel_executor.executor.parallel:run_until_complete
[0.871s] INFO:colcon.colcon_ros.task.ament_cmake.build:Building ROS package in '/home/oh/slam_ws/src/cart_park_autonomy' with build type 'ament_cmake'
[0.871s] INFO:colcon.colcon_cmake.task.cmake.build:Building CMake package in '/home/oh/slam_ws/src/cart_park_autonomy'
[0.876s] INFO:colcon.colcon_core.plugin_system:Skipping extension 'colcon_core.shell.bat': Not used on non-Windows systems
[0.876s] INFO:colcon.colcon_core.shell:Skip shell extension 'powershell' for command environment: Not usable outside of PowerShell
[0.876s] DEBUG:colcon.colcon_core.shell:Skip shell extension 'dsv' for command environment
[0.896s] DEBUG:colcon.colcon_core.event_handler.log_command:Invoking command in '/home/oh/slam_ws/src/build/cart_park_autonomy': CMAKE_PREFIX_PATH=${CMAKE_PREFIX_PATH}:/home/oh/slam_ws/install/ros2_aruco:/home/oh/slam_ws/install/my_tf_package:/home/oh/slam_ws/install/my_tf2_package:/home/oh/slam_ws/install/my_docking:/home/oh/slam_ws/install/my_aruco_to_goal_pose_pkg:/opt/ros/humble /usr/bin/cmake /home/oh/slam_ws/src/cart_park_autonomy -DAMENT_CMAKE_SYMLINK_INSTALL=1 -DCMAKE_INSTALL_PREFIX=/home/oh/slam_ws/src/install/cart_park_autonomy
[5.153s] DEBUG:colcon.colcon_core.event_handler.log_command:Invoked command in '/home/oh/slam_ws/src/build/cart_park_autonomy' returned '0': CMAKE_PREFIX_PATH=${CMAKE_PREFIX_PATH}:/home/oh/slam_ws/install/ros2_aruco:/home/oh/slam_ws/install/my_tf_package:/home/oh/slam_ws/install/my_tf2_package:/home/oh/slam_ws/install/my_docking:/home/oh/slam_ws/install/my_aruco_to_goal_pose_pkg:/opt/ros/humble /usr/bin/cmake /home/oh/slam_ws/src/cart_park_autonomy -DAMENT_CMAKE_SYMLINK_INSTALL=1 -DCMAKE_INSTALL_PREFIX=/home/oh/slam_ws/src/install/cart_park_autonomy
[5.156s] DEBUG:colcon.colcon_core.event_handler.log_command:Invoking command in '/home/oh/slam_ws/src/build/cart_park_autonomy': CMAKE_PREFIX_PATH=${CMAKE_PREFIX_PATH}:/home/oh/slam_ws/install/ros2_aruco:/home/oh/slam_ws/install/my_tf_package:/home/oh/slam_ws/install/my_tf2_package:/home/oh/slam_ws/install/my_docking:/home/oh/slam_ws/install/my_aruco_to_goal_pose_pkg:/opt/ros/humble /usr/bin/cmake --build /home/oh/slam_ws/src/build/cart_park_autonomy -- -j8 -l8
[17.419s] DEBUG:colcon.colcon_core.event_handler.log_command:Invoked command in '/home/oh/slam_ws/src/build/cart_park_autonomy' returned '0': CMAKE_PREFIX_PATH=${CMAKE_PREFIX_PATH}:/home/oh/slam_ws/install/ros2_aruco:/home/oh/slam_ws/install/my_tf_package:/home/oh/slam_ws/install/my_tf2_package:/home/oh/slam_ws/install/my_docking:/home/oh/slam_ws/install/my_aruco_to_goal_pose_pkg:/opt/ros/humble /usr/bin/cmake --build /home/oh/slam_ws/src/build/cart_park_autonomy -- -j8 -l8
[17.514s] DEBUG:colcon.colcon_core.event_handler.log_command:Invoking command in '/home/oh/slam_ws/src/build/cart_park_autonomy': CMAKE_PREFIX_PATH=${CMAKE_PREFIX_PATH}:/home/oh/slam_ws/install/ros2_aruco:/home/oh/slam_ws/install/my_tf_package:/home/oh/slam_ws/install/my_tf2_package:/home/oh/slam_ws/install/my_docking:/home/oh/slam_ws/install/my_aruco_to_goal_pose_pkg:/opt/ros/humble /usr/bin/cmake --install /home/oh/slam_ws/src/build/cart_park_autonomy
[17.850s] Level 1:colcon.colcon_core.environment:create_environment_scripts_only(cart_park_autonomy)
[17.851s] DEBUG:colcon.colcon_core.event_handler.log_command:Invoked command in '/home/oh/slam_ws/src/build/cart_park_autonomy' returned '0': CMAKE_PREFIX_PATH=${CMAKE_PREFIX_PATH}:/home/oh/slam_ws/install/ros2_aruco:/home/oh/slam_ws/install/my_tf_package:/home/oh/slam_ws/install/my_tf2_package:/home/oh/slam_ws/install/my_docking:/home/oh/slam_ws/install/my_aruco_to_goal_pose_pkg:/opt/ros/humble /usr/bin/cmake --install /home/oh/slam_ws/src/build/cart_park_autonomy
[17.855s] Level 1:colcon.colcon_core.environment:checking '/home/oh/slam_ws/src/install/cart_park_autonomy' for CMake module files
[17.856s] Level 1:colcon.colcon_core.environment:checking '/home/oh/slam_ws/src/install/cart_park_autonomy' for CMake config files
[17.857s] Level 1:colcon.colcon_core.shell:create_environment_hook('cart_park_autonomy', 'cmake_prefix_path')
[17.857s] INFO:colcon.colcon_core.shell:Creating environment hook '/home/oh/slam_ws/src/install/cart_park_autonomy/share/cart_park_autonomy/hook/cmake_prefix_path.ps1'
[17.858s] INFO:colcon.colcon_core.shell:Creating environment descriptor '/home/oh/slam_ws/src/install/cart_park_autonomy/share/cart_park_autonomy/hook/cmake_prefix_path.dsv'
[17.859s] INFO:colcon.colcon_core.shell:Creating environment hook '/home/oh/slam_ws/src/install/cart_park_autonomy/share/cart_park_autonomy/hook/cmake_prefix_path.sh'
[17.860s] Level 1:colcon.colcon_core.environment:checking '/home/oh/slam_ws/src/install/cart_park_autonomy/lib'
[17.861s] Level 1:colcon.colcon_core.environment:checking '/home/oh/slam_ws/src/install/cart_park_autonomy/bin'
[17.861s] Level 1:colcon.colcon_core.environment:checking '/home/oh/slam_ws/src/install/cart_park_autonomy/lib/pkgconfig/cart_park_autonomy.pc'
[17.861s] Level 1:colcon.colcon_core.environment:checking '/home/oh/slam_ws/src/install/cart_park_autonomy/lib/python3.10/site-packages'
[17.862s] Level 1:colcon.colcon_core.environment:checking '/home/oh/slam_ws/src/install/cart_park_autonomy/bin'
[17.862s] INFO:colcon.colcon_core.shell:Creating package script '/home/oh/slam_ws/src/install/cart_park_autonomy/share/cart_park_autonomy/package.ps1'
[17.864s] INFO:colcon.colcon_core.shell:Creating package descriptor '/home/oh/slam_ws/src/install/cart_park_autonomy/share/cart_park_autonomy/package.dsv'
[17.864s] INFO:colcon.colcon_core.shell:Creating package script '/home/oh/slam_ws/src/install/cart_park_autonomy/share/cart_park_autonomy/package.sh'
[17.866s] INFO:colcon.colcon_core.shell:Creating package script '/home/oh/slam_ws/src/install/cart_park_autonomy/share/cart_park_autonomy/package.bash'
[17.867s] INFO:colcon.colcon_core.shell:Creating package script '/home/oh/slam_ws/src/install/cart_park_autonomy/share/cart_park_autonomy/package.zsh'
[17.868s] Level 1:colcon.colcon_core.environment:create_file_with_runtime_dependencies(/home/oh/slam_ws/src/install/cart_park_autonomy/share/colcon-core/packages/cart_park_autonomy)
[17.945s] Level 1:colcon.colcon_core.environment:create_environment_scripts_only(cart_park_autonomy)
[17.946s] Level 1:colcon.colcon_core.environment:checking '/home/oh/slam_ws/src/install/cart_park_autonomy' for CMake module files
[17.947s] Level 1:colcon.colcon_core.environment:checking '/home/oh/slam_ws/src/install/cart_park_autonomy' for CMake config files
[17.947s] Level 1:colcon.colcon_core.shell:create_environment_hook('cart_park_autonomy', 'cmake_prefix_path')
[17.948s] INFO:colcon.colcon_core.shell:Creating environment hook '/home/oh/slam_ws/src/install/cart_park_autonomy/share/cart_park_autonomy/hook/cmake_prefix_path.ps1'
[17.948s] INFO:colcon.colcon_core.shell:Creating environment descriptor '/home/oh/slam_ws/src/install/cart_park_autonomy/share/cart_park_autonomy/hook/cmake_prefix_path.dsv'
[17.949s] INFO:colcon.colcon_core.shell:Creating environment hook '/home/oh/slam_ws/src/install/cart_park_autonomy/share/cart_park_autonomy/hook/cmake_prefix_path.sh'
[17.950s] Level 1:colcon.colcon_core.environment:checking '/home/oh/slam_ws/src/install/cart_park_autonomy/lib'
[17.950s] Level 1:colcon.colcon_core.environment:checking '/home/oh/slam_ws/src/install/cart_park_autonomy/bin'
[17.950s] Level 1:colcon.colcon_core.environment:checking '/home/oh/slam_ws/src/install/cart_park_autonomy/lib/pkgconfig/cart_park_autonomy.pc'
[17.950s] Level 1:colcon.colcon_core.environment:checking '/home/oh/slam_ws/src/install/cart_park_autonomy/lib/python3.10/site-packages'
[17.951s] Level 1:colcon.colcon_core.environment:checking '/home/oh/slam_ws/src/install/cart_park_autonomy/bin'
[17.951s] INFO:colcon.colcon_core.shell:Creating package script '/home/oh/slam_ws/src/install/cart_park_autonomy/share/cart_park_autonomy/package.ps1'
[17.952s] INFO:colcon.colcon_core.shell:Creating package descriptor '/home/oh/slam_ws/src/install/cart_park_autonomy/share/cart_park_autonomy/package.dsv'
[17.953s] INFO:colcon.colcon_core.shell:Creating package script '/home/oh/slam_ws/src/install/cart_park_autonomy/share/cart_park_autonomy/package.sh'
[17.953s] INFO:colcon.colcon_core.shell:Creating package script '/home/oh/slam_ws/src/install/cart_park_autonomy/share/cart_park_autonomy/package.bash'
[17.954s] INFO:colcon.colcon_core.shell:Creating package script '/home/oh/slam_ws/src/install/cart_park_autonomy/share/cart_park_autonomy/package.zsh'
[17.955s] Level 1:colcon.colcon_core.environment:create_file_with_runtime_dependencies(/home/oh/slam_ws/src/install/cart_park_autonomy/share/colcon-core/packages/cart_park_autonomy)
[17.955s] DEBUG:colcon.colcon_parallel_executor.executor.parallel:closing loop
[17.956s] DEBUG:colcon.colcon_parallel_executor.executor.parallel:loop closed
[17.956s] DEBUG:colcon.colcon_parallel_executor.executor.parallel:run_until_complete finished with '0'
[17.956s] DEBUG:colcon.colcon_core.event_reactor:joining thread
[17.966s] INFO:colcon.colcon_core.plugin_system:Skipping extension 'colcon_notification.desktop_notification.terminal_notifier': Not used on non-Darwin systems
[17.967s] INFO:colcon.colcon_core.plugin_system:Skipping extension 'colcon_notification.desktop_notification.win32': Not used on non-Windows systems
[17.967s] INFO:colcon.colcon_notification.desktop_notification:Sending desktop notification using 'notify2'
[17.994s] DEBUG:colcon.colcon_core.event_reactor:joined thread
[17.995s] INFO:colcon.colcon_core.shell:Creating prefix script '/home/oh/slam_ws/src/install/local_setup.ps1'
[17.997s] INFO:colcon.colcon_core.shell:Creating prefix util module '/home/oh/slam_ws/src/install/_local_setup_util_ps1.py'
[17.999s] INFO:colcon.colcon_core.shell:Creating prefix chain script '/home/oh/slam_ws/src/install/setup.ps1'
[18.003s] INFO:colcon.colcon_core.shell:Creating prefix script '/home/oh/slam_ws/src/install/local_setup.sh'
[18.004s] INFO:colcon.colcon_core.shell:Creating prefix util module '/home/oh/slam_ws/src/install/_local_setup_util_sh.py'
[18.004s] INFO:colcon.colcon_core.shell:Creating prefix chain script '/home/oh/slam_ws/src/install/setup.sh'
[18.008s] INFO:colcon.colcon_core.shell:Creating prefix script '/home/oh/slam_ws/src/install/local_setup.bash'
[18.009s] INFO:colcon.colcon_core.shell:Creating prefix chain script '/home/oh/slam_ws/src/install/setup.bash'
[18.012s] INFO:colcon.colcon_core.shell:Creating prefix script '/home/oh/slam_ws/src/install/local_setup.zsh'
[18.013s] INFO:colcon.colcon_core.shell:Creating prefix chain script '/home/oh/slam_ws/src/install/setup.zsh'
