[0.020s] Invoking command in '/home/oh/slam_ws/build/my_slam_package': CMAKE_PREFIX_PATH=/opt/ros/humble /usr/bin/cmake /home/oh/slam_ws/src/my_slam_package -DCMAKE_INSTALL_PREFIX=/home/oh/slam_ws/install/my_slam_package
[0.266s] -- The C compiler identification is GNU 11.4.0
[0.266s] -- The CXX compiler identification is GNU 11.4.0
[0.266s] -- Detecting C compiler ABI info
[0.286s] -- Detecting C compiler ABI info - done
[0.293s] -- Check for working C compiler: /usr/bin/cc - skipped
[0.293s] -- Detecting C compile features
[0.294s] -- Detecting C compile features - done
[0.296s] -- Detecting CXX compiler ABI info
[0.362s] -- Detecting CXX compiler ABI info - done
[0.375s] -- Check for working CXX compiler: /usr/bin/c++ - skipped
[0.375s] -- Detecting CXX compile features
[0.375s] -- Detecting CXX compile features - done
[0.376s] -- Found ament_cmake: 1.3.8 (/opt/ros/humble/share/ament_cmake/cmake)
[0.537s] -- Found Python3: /usr/bin/python3 (found version "3.10.12") found components: Interpreter 
[0.640s] -- Found ament_lint_auto: 0.12.10 (/opt/ros/humble/share/ament_lint_auto/cmake)
[0.760s] -- Added test 'flake8' to check Python code syntax and style conventions
[0.761s] -- Added test 'lint_cmake' to check CMake code style
[0.761s] -- Added test 'pep257' to check Python code against some of the docstring style conventions in PEP 257
[0.764s] -- Added test 'xmllint' to check XML markup files
[0.764s] -- Configuring done
[0.766s] -- Generating done
[0.767s] -- Build files have been written to: /home/oh/slam_ws/build/my_slam_package
[0.772s] Invoked command in '/home/oh/slam_ws/build/my_slam_package' returned '0': CMAKE_PREFIX_PATH=/opt/ros/humble /usr/bin/cmake /home/oh/slam_ws/src/my_slam_package -DCMAKE_INSTALL_PREFIX=/home/oh/slam_ws/install/my_slam_package
[0.773s] Invoking command in '/home/oh/slam_ws/build/my_slam_package': CMAKE_PREFIX_PATH=/opt/ros/humble /usr/bin/cmake --build /home/oh/slam_ws/build/my_slam_package -- -j8 -l8
[0.815s] Invoked command in '/home/oh/slam_ws/build/my_slam_package' returned '0': CMAKE_PREFIX_PATH=/opt/ros/humble /usr/bin/cmake --build /home/oh/slam_ws/build/my_slam_package -- -j8 -l8
[0.853s] Invoking command in '/home/oh/slam_ws/build/my_slam_package': CMAKE_PREFIX_PATH=/opt/ros/humble /usr/bin/cmake --install /home/oh/slam_ws/build/my_slam_package
[0.862s] -- Install configuration: ""
[0.863s] -- Installing: /home/oh/slam_ws/install/my_slam_package/share/my_slam_package/launch
[0.864s] -- Installing: /home/oh/slam_ws/install/my_slam_package/share/my_slam_package/launch/my_robot.launch.py
[0.864s] -- Installing: /home/oh/slam_ws/install/my_slam_package/share/my_slam_package/launch/localization_without_grid.py
[0.864s] -- Installing: /home/oh/slam_ws/install/my_slam_package/share/my_slam_package/urdf
[0.864s] -- Installing: /home/oh/slam_ws/install/my_slam_package/share/my_slam_package/urdf/my_robot.urdf
[0.864s] -- Installing: /home/oh/slam_ws/install/my_slam_package/share/my_slam_package/lua
[0.864s] -- Installing: /home/oh/slam_ws/install/my_slam_package/share/my_slam_package/lua/my_robot.lua
[0.865s] -- Installing: /home/oh/slam_ws/install/my_slam_package/share/ament_index/resource_index/package_run_dependencies/my_slam_package
[0.865s] -- Installing: /home/oh/slam_ws/install/my_slam_package/share/ament_index/resource_index/parent_prefix_path/my_slam_package
[0.865s] -- Installing: /home/oh/slam_ws/install/my_slam_package/share/my_slam_package/environment/ament_prefix_path.sh
[0.865s] -- Installing: /home/oh/slam_ws/install/my_slam_package/share/my_slam_package/environment/ament_prefix_path.dsv
[0.865s] -- Installing: /home/oh/slam_ws/install/my_slam_package/share/my_slam_package/environment/path.sh
[0.865s] -- Installing: /home/oh/slam_ws/install/my_slam_package/share/my_slam_package/environment/path.dsv
[0.865s] -- Installing: /home/oh/slam_ws/install/my_slam_package/share/my_slam_package/local_setup.bash
[0.865s] -- Installing: /home/oh/slam_ws/install/my_slam_package/share/my_slam_package/local_setup.sh
[0.865s] -- Installing: /home/oh/slam_ws/install/my_slam_package/share/my_slam_package/local_setup.zsh
[0.865s] -- Installing: /home/oh/slam_ws/install/my_slam_package/share/my_slam_package/local_setup.dsv
[0.866s] -- Installing: /home/oh/slam_ws/install/my_slam_package/share/my_slam_package/package.dsv
[0.866s] -- Installing: /home/oh/slam_ws/install/my_slam_package/share/ament_index/resource_index/packages/my_slam_package
[0.866s] -- Installing: /home/oh/slam_ws/install/my_slam_package/share/my_slam_package/cmake/my_slam_packageConfig.cmake
[0.866s] -- Installing: /home/oh/slam_ws/install/my_slam_package/share/my_slam_package/cmake/my_slam_packageConfig-version.cmake
[0.866s] -- Installing: /home/oh/slam_ws/install/my_slam_package/share/my_slam_package/package.xml
[0.873s] Invoked command in '/home/oh/slam_ws/build/my_slam_package' returned '0': CMAKE_PREFIX_PATH=/opt/ros/humble /usr/bin/cmake --install /home/oh/slam_ws/build/my_slam_package
