[0.000000] (-) TimerEvent: {}
[0.000181] (-) JobUnselected: {'identifier': 'behaviortree_cpp'}
[0.000200] (-) JobUnselected: {'identifier': 'cart_park_autonomy'}
[0.000212] (-) JobUnselected: {'identifier': 'escape_from_cart'}
[0.000222] (-) JobUnselected: {'identifier': 'my_action_interface'}
[0.000232] (-) JobUnselected: {'identifier': 'my_aruco_to_goal_pose_pkg'}
[0.000242] (-) JobUnselected: {'identifier': 'my_bot_description'}
[0.000251] (-) JobUnselected: {'identifier': 'my_docking'}
[0.000261] (-) JobUnselected: {'identifier': 'my_slam_package'}
[0.000271] (-) JobUnselected: {'identifier': 'my_tf2_package'}
[0.000280] (-) JobUnselected: {'identifier': 'my_tf_package'}
[0.000289] (-) JobUnselected: {'identifier': 'odrive_demo_bringup'}
[0.000299] (-) JobUnselected: {'identifier': 'odrive_demo_description'}
[0.000308] (-) JobUnselected: {'identifier': 'odrive_hardware_interface'}
[0.000317] (-) JobUnselected: {'identifier': 'odrive_ros2_control'}
[0.000326] (-) JobUnselected: {'identifier': 'realsense2_camera'}
[0.000336] (-) JobUnselected: {'identifier': 'realsense2_camera_msgs'}
[0.000345] (-) JobUnselected: {'identifier': 'realsense2_description'}
[0.000354] (-) JobUnselected: {'identifier': 'ros2_aruco'}
[0.000364] (-) JobUnselected: {'identifier': 'ros2_aruco_interfaces'}
[0.000374] (-) JobUnselected: {'identifier': 'ros2_control_demo_description'}
[0.000383] (-) JobUnselected: {'identifier': 'ros2_control_demo_example_1'}
[0.000392] (-) JobUnselected: {'identifier': 'ros2_control_demo_example_10'}
[0.000402] (-) JobUnselected: {'identifier': 'ros2_control_demo_example_11'}
[0.000411] (-) JobUnselected: {'identifier': 'ros2_control_demo_example_12'}
[0.000420] (-) JobUnselected: {'identifier': 'ros2_control_demo_example_14'}
[0.000430] (-) JobUnselected: {'identifier': 'ros2_control_demo_example_2'}
[0.000439] (-) JobUnselected: {'identifier': 'ros2_control_demo_example_3'}
[0.000448] (-) JobUnselected: {'identifier': 'ros2_control_demo_example_4'}
[0.000457] (-) JobUnselected: {'identifier': 'ros2_control_demo_example_5'}
[0.000467] (-) JobUnselected: {'identifier': 'ros2_control_demo_example_6'}
[0.000476] (-) JobUnselected: {'identifier': 'ros2_control_demo_example_7'}
[0.000485] (-) JobUnselected: {'identifier': 'ros2_control_demo_example_8'}
[0.000495] (-) JobUnselected: {'identifier': 'ros2_control_demo_example_9'}
[0.000504] (-) JobUnselected: {'identifier': 'ros2_control_demos'}
[0.000513] (-) JobUnselected: {'identifier': 'tb3_autonomy'}
[0.000523] (-) JobUnselected: {'identifier': 'teleop_twist_joy'}
[0.000532] (-) JobUnselected: {'identifier': 'usb_cam'}
[0.000543] (-) EventReactorShutdown: {}
