[0.026s] Invoking command in '/home/oh/slam_ws/build/my_slam_package': CMAKE_PREFIX_PATH=/opt/ros/humble /usr/bin/cmake --build /home/oh/slam_ws/build/my_slam_package -- -j8 -l8
[0.411s] Invoked command in '/home/oh/slam_ws/build/my_slam_package' returned '0': CMAKE_PREFIX_PATH=/opt/ros/humble /usr/bin/cmake --build /home/oh/slam_ws/build/my_slam_package -- -j8 -l8
[0.437s] Invoking command in '/home/oh/slam_ws/build/my_slam_package': CMAKE_PREFIX_PATH=/opt/ros/humble /usr/bin/cmake --install /home/oh/slam_ws/build/my_slam_package
[0.444s] -- Install configuration: ""
[0.445s] -- Up-to-date: /home/oh/slam_ws/install/my_slam_package/share/my_slam_package/launch
[0.445s] -- Up-to-date: /home/oh/slam_ws/install/my_slam_package/share/my_slam_package/launch/my_robot.launch.py
[0.445s] -- Up-to-date: /home/oh/slam_ws/install/my_slam_package/share/my_slam_package/launch/localization_without_grid.py
[0.445s] -- Up-to-date: /home/oh/slam_ws/install/my_slam_package/share/my_slam_package/urdf
[0.445s] -- Up-to-date: /home/oh/slam_ws/install/my_slam_package/share/my_slam_package/urdf/my_robot.urdf
[0.445s] -- Up-to-date: /home/oh/slam_ws/install/my_slam_package/share/my_slam_package/lua
[0.445s] -- Up-to-date: /home/oh/slam_ws/install/my_slam_package/share/my_slam_package/lua/my_robot.lua
[0.445s] -- Up-to-date: /home/oh/slam_ws/install/my_slam_package/share/ament_index/resource_index/package_run_dependencies/my_slam_package
[0.445s] -- Up-to-date: /home/oh/slam_ws/install/my_slam_package/share/ament_index/resource_index/parent_prefix_path/my_slam_package
[0.445s] -- Up-to-date: /home/oh/slam_ws/install/my_slam_package/share/my_slam_package/environment/ament_prefix_path.sh
[0.446s] -- Up-to-date: /home/oh/slam_ws/install/my_slam_package/share/my_slam_package/environment/ament_prefix_path.dsv
[0.446s] -- Up-to-date: /home/oh/slam_ws/install/my_slam_package/share/my_slam_package/environment/path.sh
[0.446s] -- Up-to-date: /home/oh/slam_ws/install/my_slam_package/share/my_slam_package/environment/path.dsv
[0.446s] -- Up-to-date: /home/oh/slam_ws/install/my_slam_package/share/my_slam_package/local_setup.bash
[0.446s] -- Up-to-date: /home/oh/slam_ws/install/my_slam_package/share/my_slam_package/local_setup.sh
[0.446s] -- Up-to-date: /home/oh/slam_ws/install/my_slam_package/share/my_slam_package/local_setup.zsh
[0.446s] -- Up-to-date: /home/oh/slam_ws/install/my_slam_package/share/my_slam_package/local_setup.dsv
[0.446s] -- Installing: /home/oh/slam_ws/install/my_slam_package/share/my_slam_package/package.dsv
[0.446s] -- Up-to-date: /home/oh/slam_ws/install/my_slam_package/share/ament_index/resource_index/packages/my_slam_package
[0.446s] -- Up-to-date: /home/oh/slam_ws/install/my_slam_package/share/my_slam_package/cmake/my_slam_packageConfig.cmake
[0.446s] -- Up-to-date: /home/oh/slam_ws/install/my_slam_package/share/my_slam_package/cmake/my_slam_packageConfig-version.cmake
[0.446s] -- Up-to-date: /home/oh/slam_ws/install/my_slam_package/share/my_slam_package/package.xml
[0.463s] Invoked command in '/home/oh/slam_ws/build/my_slam_package' returned '0': CMAKE_PREFIX_PATH=/opt/ros/humble /usr/bin/cmake --install /home/oh/slam_ws/build/my_slam_package
