[0.032s] Invoking command in '/home/oh/slam_ws/src/build/odrive_hardware_interface': CMAKE_PREFIX_PATH=${CMAKE_PREFIX_PATH}:/home/oh/slam_ws/install/ros2_aruco:/home/oh/slam_ws/install/my_tf_package:/home/oh/slam_ws/install/my_tf2_package:/home/oh/slam_ws/install/my_docking:/home/oh/slam_ws/install/my_aruco_to_goal_pose_pkg:/home/oh/slam_ws/install/escape_from_cart:/opt/ros/humble /usr/bin/cmake /home/oh/slam_ws/src/odrive_ros2_control/odrive_hardware_interface -DCMAKE_INSTALL_PREFIX=/home/oh/slam_ws/src/install/odrive_hardware_interface
[0.364s] -- The C compiler identification is GNU 11.4.0
[0.364s] -- The CXX compiler identification is GNU 11.4.0
[0.365s] -- Detecting C compiler ABI info
[0.365s] -- Detecting C compiler ABI info - done
[0.365s] -- Check for working C compiler: /usr/bin/cc - skipped
[0.365s] -- Detecting C compile features
[0.365s] -- Detecting C compile features - done
[0.365s] -- Detecting CXX compiler ABI info
[0.423s] -- Detecting CXX compiler ABI info - done
[0.438s] -- Check for working CXX compiler: /usr/bin/c++ - skipped
[0.439s] -- Detecting CXX compile features
[0.439s] -- Detecting CXX compile features - done
[0.447s] -- Found ament_cmake_auto: 1.3.8 (/opt/ros/humble/share/ament_cmake_auto/cmake)
[0.687s] -- Found Python3: /usr/bin/python3 (found version "3.10.12") found components: Interpreter 
[1.036s] -- Found rosidl_generator_c: 3.1.5 (/opt/ros/humble/share/rosidl_generator_c/cmake)
[1.049s] -- Found rosidl_adapter: 3.1.5 (/opt/ros/humble/share/rosidl_adapter/cmake)
[1.065s] -- Found rosidl_generator_cpp: 3.1.5 (/opt/ros/humble/share/rosidl_generator_cpp/cmake)
[1.091s] -- Using all available rosidl_typesupport_c: rosidl_typesupport_fastrtps_c;rosidl_typesupport_introspection_c
[1.124s] -- Using all available rosidl_typesupport_cpp: rosidl_typesupport_fastrtps_cpp;rosidl_typesupport_introspection_cpp
[2.095s] -- Found rmw_implementation_cmake: 6.1.1 (/opt/ros/humble/share/rmw_implementation_cmake/cmake)
[2.104s] -- Found rmw_fastrtps_cpp: 6.2.6 (/opt/ros/humble/share/rmw_fastrtps_cpp/cmake)
[2.203s] -- Found TinyXML2 via Config file: TinyXML2_DIR-NOTFOUND
[2.614s] -- Found OpenSSL: /usr/lib/x86_64-linux-gnu/libcrypto.so (found version "3.0.2")  
[2.618s] -- Found TinyXML2 via Config file: TinyXML2_DIR-NOTFOUND
[2.684s] -- Found FastRTPS: /opt/ros/humble/include  
[2.727s] -- Found TinyXML2 via Config file: TinyXML2_DIR-NOTFOUND
[2.750s] -- Found TinyXML2 via Config file: TinyXML2_DIR-NOTFOUND
[2.792s] -- Using RMW implementation 'rmw_fastrtps_cpp' as default
[2.842s] -- Looking for pthread.h
[3.274s] -- Looking for pthread.h - found
[3.280s] -- Performing Test CMAKE_HAVE_LIBC_PTHREAD
[3.696s] -- Performing Test CMAKE_HAVE_LIBC_PTHREAD - Success
[3.697s] -- Found Threads: TRUE  
[4.419s] -- Found PkgConfig: /usr/bin/pkg-config (found version "0.29.2") 
[4.420s] -- Checking for one of the modules 'libusb-1.0'
[5.411s] -- Found ament_lint_auto: 0.12.10 (/opt/ros/humble/share/ament_lint_auto/cmake)
[5.631s] -- Added test 'copyright' to check source files copyright and LICENSE
[5.633s] -- Added test 'cppcheck' to perform static code analysis on C / C++ code
[5.634s] -- Configured cppcheck include dirs: /home/oh/slam_ws/src/odrive_ros2_control/odrive_hardware_interface/include
[5.634s] -- Configured cppcheck exclude dirs and/or files: 
[5.645s] -- Added test 'cpplint' to check C / C++ code against the Google style
[5.646s] -- Configured cpplint exclude dirs and/or files: 
[5.648s] -- Added test 'lint_cmake' to check CMake code style
[5.655s] -- Added test 'uncrustify' to check C / C++ code style
[5.659s] -- Configured uncrustify additional arguments: 
[5.661s] -- Added test 'xmllint' to check XML markup files
[5.672s] -- Configuring done
[5.826s] -- Generating done
[5.829s] -- Build files have been written to: /home/oh/slam_ws/src/build/odrive_hardware_interface
[5.893s] Invoked command in '/home/oh/slam_ws/src/build/odrive_hardware_interface' returned '0': CMAKE_PREFIX_PATH=${CMAKE_PREFIX_PATH}:/home/oh/slam_ws/install/ros2_aruco:/home/oh/slam_ws/install/my_tf_package:/home/oh/slam_ws/install/my_tf2_package:/home/oh/slam_ws/install/my_docking:/home/oh/slam_ws/install/my_aruco_to_goal_pose_pkg:/home/oh/slam_ws/install/escape_from_cart:/opt/ros/humble /usr/bin/cmake /home/oh/slam_ws/src/odrive_ros2_control/odrive_hardware_interface -DCMAKE_INSTALL_PREFIX=/home/oh/slam_ws/src/install/odrive_hardware_interface
[5.893s] Invoking command in '/home/oh/slam_ws/src/build/odrive_hardware_interface': CMAKE_PREFIX_PATH=${CMAKE_PREFIX_PATH}:/home/oh/slam_ws/install/ros2_aruco:/home/oh/slam_ws/install/my_tf_package:/home/oh/slam_ws/install/my_tf2_package:/home/oh/slam_ws/install/my_docking:/home/oh/slam_ws/install/my_aruco_to_goal_pose_pkg:/home/oh/slam_ws/install/escape_from_cart:/opt/ros/humble /usr/bin/cmake --build /home/oh/slam_ws/src/build/odrive_hardware_interface -- -j8 -l8
[17.789s] [ 25%] [32mBuilding CXX object CMakeFiles/odrive_usb.dir/src/odrive_usb.cpp.o[0m
[17.789s] [ 50%] [32m[1mLinking CXX shared library libodrive_usb.so[0m
[17.789s] [ 50%] Built target odrive_usb
[17.789s] [ 75%] [32mBuilding CXX object CMakeFiles/odrive_hardware_interface.dir/src/odrive_hardware_interface.cpp.o[0m
[23.127s] [100%] [32m[1mLinking CXX shared library libodrive_hardware_interface.so[0m
[23.738s] [100%] Built target odrive_hardware_interface
[23.806s] Invoked command in '/home/oh/slam_ws/src/build/odrive_hardware_interface' returned '0': CMAKE_PREFIX_PATH=${CMAKE_PREFIX_PATH}:/home/oh/slam_ws/install/ros2_aruco:/home/oh/slam_ws/install/my_tf_package:/home/oh/slam_ws/install/my_tf2_package:/home/oh/slam_ws/install/my_docking:/home/oh/slam_ws/install/my_aruco_to_goal_pose_pkg:/home/oh/slam_ws/install/escape_from_cart:/opt/ros/humble /usr/bin/cmake --build /home/oh/slam_ws/src/build/odrive_hardware_interface -- -j8 -l8
[24.142s] Invoking command in '/home/oh/slam_ws/src/build/odrive_hardware_interface': CMAKE_PREFIX_PATH=${CMAKE_PREFIX_PATH}:/home/oh/slam_ws/install/ros2_aruco:/home/oh/slam_ws/install/my_tf_package:/home/oh/slam_ws/install/my_tf2_package:/home/oh/slam_ws/install/my_docking:/home/oh/slam_ws/install/my_aruco_to_goal_pose_pkg:/home/oh/slam_ws/install/escape_from_cart:/opt/ros/humble /usr/bin/cmake --install /home/oh/slam_ws/src/build/odrive_hardware_interface
[24.173s] -- Install configuration: ""
[24.173s] -- Installing: /home/oh/slam_ws/src/install/odrive_hardware_interface/share/odrive_hardware_interface/odrive_hardware_interface.xml
[24.173s] -- Installing: /home/oh/slam_ws/src/install/odrive_hardware_interface/include
[24.173s] -- Installing: /home/oh/slam_ws/src/install/odrive_hardware_interface/include/odrive_hardware_interface
[24.173s] -- Installing: /home/oh/slam_ws/src/install/odrive_hardware_interface/include/odrive_hardware_interface/visibility_control.hpp
[24.173s] -- Installing: /home/oh/slam_ws/src/install/odrive_hardware_interface/include/odrive_hardware_interface/odrive_endpoints.hpp
[24.177s] -- Installing: /home/oh/slam_ws/src/install/odrive_hardware_interface/include/odrive_hardware_interface/odrive_usb.hpp
[24.182s] -- Installing: /home/oh/slam_ws/src/install/odrive_hardware_interface/include/odrive_hardware_interface/odrive_hardware_interface.hpp
[24.184s] -- Installing: /home/oh/slam_ws/src/install/odrive_hardware_interface/share/odrive_hardware_interface/environment/library_path.sh
[24.186s] -- Installing: /home/oh/slam_ws/src/install/odrive_hardware_interface/share/odrive_hardware_interface/environment/library_path.dsv
[24.188s] -- Installing: /home/oh/slam_ws/src/install/odrive_hardware_interface/lib/libodrive_usb.so
[24.190s] -- Set runtime path of "/home/oh/slam_ws/src/install/odrive_hardware_interface/lib/libodrive_usb.so" to ""
[24.191s] -- Installing: /home/oh/slam_ws/src/install/odrive_hardware_interface/lib/libodrive_hardware_interface.so
[24.198s] -- Set runtime path of "/home/oh/slam_ws/src/install/odrive_hardware_interface/lib/libodrive_hardware_interface.so" to ""
[24.198s] -- Installing: /home/oh/slam_ws/src/install/odrive_hardware_interface/share/ament_index/resource_index/package_run_dependencies/odrive_hardware_interface
[24.199s] -- Installing: /home/oh/slam_ws/src/install/odrive_hardware_interface/share/ament_index/resource_index/parent_prefix_path/odrive_hardware_interface
[24.199s] -- Installing: /home/oh/slam_ws/src/install/odrive_hardware_interface/share/odrive_hardware_interface/environment/ament_prefix_path.sh
[24.199s] -- Installing: /home/oh/slam_ws/src/install/odrive_hardware_interface/share/odrive_hardware_interface/environment/ament_prefix_path.dsv
[24.199s] -- Installing: /home/oh/slam_ws/src/install/odrive_hardware_interface/share/odrive_hardware_interface/environment/path.sh
[24.200s] -- Installing: /home/oh/slam_ws/src/install/odrive_hardware_interface/share/odrive_hardware_interface/environment/path.dsv
[24.204s] -- Installing: /home/oh/slam_ws/src/install/odrive_hardware_interface/share/odrive_hardware_interface/local_setup.bash
[24.205s] -- Installing: /home/oh/slam_ws/src/install/odrive_hardware_interface/share/odrive_hardware_interface/local_setup.sh
[24.205s] -- Installing: /home/oh/slam_ws/src/install/odrive_hardware_interface/share/odrive_hardware_interface/local_setup.zsh
[24.205s] -- Installing: /home/oh/slam_ws/src/install/odrive_hardware_interface/share/odrive_hardware_interface/local_setup.dsv
[24.206s] -- Installing: /home/oh/slam_ws/src/install/odrive_hardware_interface/share/odrive_hardware_interface/package.dsv
[24.206s] -- Installing: /home/oh/slam_ws/src/install/odrive_hardware_interface/share/ament_index/resource_index/packages/odrive_hardware_interface
[24.206s] -- Installing: /home/oh/slam_ws/src/install/odrive_hardware_interface/share/ament_index/resource_index/hardware_interface__pluginlib__plugin/odrive_hardware_interface
[24.207s] -- Installing: /home/oh/slam_ws/src/install/odrive_hardware_interface/share/odrive_hardware_interface/cmake/ament_cmake_export_dependencies-extras.cmake
[24.207s] -- Installing: /home/oh/slam_ws/src/install/odrive_hardware_interface/share/odrive_hardware_interface/cmake/ament_cmake_export_include_directories-extras.cmake
[24.207s] -- Installing: /home/oh/slam_ws/src/install/odrive_hardware_interface/share/odrive_hardware_interface/cmake/ament_cmake_export_libraries-extras.cmake
[24.207s] -- Installing: /home/oh/slam_ws/src/install/odrive_hardware_interface/share/odrive_hardware_interface/cmake/odrive_hardware_interfaceConfig.cmake
[24.208s] -- Installing: /home/oh/slam_ws/src/install/odrive_hardware_interface/share/odrive_hardware_interface/cmake/odrive_hardware_interfaceConfig-version.cmake
[24.222s] -- Installing: /home/oh/slam_ws/src/install/odrive_hardware_interface/share/odrive_hardware_interface/package.xml
[24.231s] Invoked command in '/home/oh/slam_ws/src/build/odrive_hardware_interface' returned '0': CMAKE_PREFIX_PATH=${CMAKE_PREFIX_PATH}:/home/oh/slam_ws/install/ros2_aruco:/home/oh/slam_ws/install/my_tf_package:/home/oh/slam_ws/install/my_tf2_package:/home/oh/slam_ws/install/my_docking:/home/oh/slam_ws/install/my_aruco_to_goal_pose_pkg:/home/oh/slam_ws/install/escape_from_cart:/opt/ros/humble /usr/bin/cmake --install /home/oh/slam_ws/src/build/odrive_hardware_interface
