[0.036s] Invoking command in '/home/oh/slam_ws/src/build/usb_cam': CMAKE_PREFIX_PATH=${CMAKE_PREFIX_PATH}:/home/oh/slam_ws/install/ros2_aruco:/home/oh/slam_ws/install/my_tf_package:/home/oh/slam_ws/install/my_tf2_package:/home/oh/slam_ws/install/my_docking:/home/oh/slam_ws/install/my_aruco_to_goal_pose_pkg:/home/oh/slam_ws/install/escape_from_cart:/opt/ros/humble /usr/bin/cmake /home/oh/slam_ws/src/usb_cam -DCMAKE_INSTALL_PREFIX=/home/oh/slam_ws/src/install/usb_cam
[0.452s] -- The C compiler identification is GNU 11.4.0
[0.452s] -- The CXX compiler identification is GNU 11.4.0
[0.452s] -- Detecting C compiler ABI info
[0.452s] -- Detecting C compiler ABI info - done
[0.452s] -- Check for working C compiler: /usr/bin/cc - skipped
[0.453s] -- Detecting C compile features
[0.453s] -- Detecting C compile features - done
[0.453s] -- Detecting CXX compiler ABI info
[0.588s] -- Detecting CXX compiler ABI info - done
[0.598s] -- Check for working CXX compiler: /usr/bin/c++ - skipped
[0.599s] -- Detecting CXX compile features
[0.599s] -- Detecting CXX compile features - done
[0.605s] -- Found ament_cmake_auto: 1.3.8 (/opt/ros/humble/share/ament_cmake_auto/cmake)
[0.851s] -- Found Python3: /usr/bin/python3 (found version "3.10.12") found components: Interpreter 
[1.260s] -- Found rosidl_generator_c: 3.1.5 (/opt/ros/humble/share/rosidl_generator_c/cmake)
[1.273s] -- Found rosidl_adapter: 3.1.5 (/opt/ros/humble/share/rosidl_adapter/cmake)
[1.293s] -- Found rosidl_generator_cpp: 3.1.5 (/opt/ros/humble/share/rosidl_generator_cpp/cmake)
[1.322s] -- Using all available rosidl_typesupport_c: rosidl_typesupport_fastrtps_c;rosidl_typesupport_introspection_c
[1.361s] -- Using all available rosidl_typesupport_cpp: rosidl_typesupport_fastrtps_cpp;rosidl_typesupport_introspection_cpp
[1.493s] -- Found rmw_implementation_cmake: 6.1.1 (/opt/ros/humble/share/rmw_implementation_cmake/cmake)
[1.501s] -- Found rmw_fastrtps_cpp: 6.2.6 (/opt/ros/humble/share/rmw_fastrtps_cpp/cmake)
[1.676s] -- Found OpenSSL: /usr/lib/x86_64-linux-gnu/libcrypto.so (found version "3.0.2")  
[1.720s] -- Found FastRTPS: /opt/ros/humble/include  
[1.794s] -- Using RMW implementation 'rmw_fastrtps_cpp' as default
[1.817s] -- Looking for pthread.h
[1.953s] -- Looking for pthread.h - found
[1.956s] -- Performing Test CMAKE_HAVE_LIBC_PTHREAD
[2.068s] -- Performing Test CMAKE_HAVE_LIBC_PTHREAD - Success
[2.070s] -- Found Threads: TRUE  
[2.997s] -- Found OpenCV: /usr (found version "4.5.4") 
[3.009s] -- Found PkgConfig: /usr/bin/pkg-config (found version "0.29.2") 
[3.010s] -- Checking for module 'libavcodec'
[3.057s] --   Found libavcodec, version 58.134.100
[3.276s] -- Checking for module 'libavutil'
[3.308s] --   Found libavutil, version 56.70.100
[3.470s] -- Checking for module 'libswscale'
[3.520s] --   Found libswscale, version 5.9.100
[3.686s] -- Found ament_lint_auto: 0.12.10 (/opt/ros/humble/share/ament_lint_auto/cmake)
[3.808s] -- Found gtest sources under '/opt/ros/humble/src/gtest_vendor': C++ tests using 'Google Test' will be built
[3.833s] -- Added test 'copyright' to check source files copyright and LICENSE
[3.856s] -- Added test 'cppcheck' to perform static code analysis on C / C++ code
[3.857s] -- Configured cppcheck include dirs: /home/oh/slam_ws/src/usb_cam/include
[3.857s] -- Configured cppcheck exclude dirs and/or files: 
[3.864s] -- Added test 'cpplint' to check C / C++ code against the Google style
[3.864s] -- Configured cpplint exclude dirs and/or files: 
[3.869s] -- Added test 'flake8' to check Python code syntax and style conventions
[3.876s] -- Added test 'lint_cmake' to check CMake code style
[3.878s] -- Added test 'pep257' to check Python code against some of the docstring style conventions in PEP 257
[3.892s] -- Added test 'uncrustify' to check C / C++ code style
[3.893s] -- Configured uncrustify additional arguments: 
[3.895s] -- Added test 'xmllint' to check XML markup files
[3.939s] -- Configuring done
[4.008s] -- Generating done
[4.010s] -- Build files have been written to: /home/oh/slam_ws/src/build/usb_cam
[4.038s] Invoked command in '/home/oh/slam_ws/src/build/usb_cam' returned '0': CMAKE_PREFIX_PATH=${CMAKE_PREFIX_PATH}:/home/oh/slam_ws/install/ros2_aruco:/home/oh/slam_ws/install/my_tf_package:/home/oh/slam_ws/install/my_tf2_package:/home/oh/slam_ws/install/my_docking:/home/oh/slam_ws/install/my_aruco_to_goal_pose_pkg:/home/oh/slam_ws/install/escape_from_cart:/opt/ros/humble /usr/bin/cmake /home/oh/slam_ws/src/usb_cam -DCMAKE_INSTALL_PREFIX=/home/oh/slam_ws/src/install/usb_cam
[4.039s] Invoking command in '/home/oh/slam_ws/src/build/usb_cam': CMAKE_PREFIX_PATH=${CMAKE_PREFIX_PATH}:/home/oh/slam_ws/install/ros2_aruco:/home/oh/slam_ws/install/my_tf_package:/home/oh/slam_ws/install/my_tf2_package:/home/oh/slam_ws/install/my_docking:/home/oh/slam_ws/install/my_aruco_to_goal_pose_pkg:/home/oh/slam_ws/install/escape_from_cart:/opt/ros/humble /usr/bin/cmake --build /home/oh/slam_ws/src/build/usb_cam -- -j8 -l8
[4.682s] [  7%] [32mBuilding CXX object CMakeFiles/usb_cam.dir/src/usb_cam.cpp.o[0m
[7.589s] [ 14%] [32m[1mLinking CXX shared library libusb_cam.so[0m
[8.127s] [ 14%] Built target usb_cam
[8.217s] [ 21%] [32mBuilding CXX object gtest/CMakeFiles/gtest.dir/src/gtest-all.cc.o[0m
[12.532s] [ 28%] [32m[1mLinking CXX static library libgtest.a[0m
[12.684s] [ 28%] Built target gtest
[12.734s] [ 35%] [32mBuilding CXX object CMakeFiles/usb_cam_node.dir/src/ros2/usb_cam_node.cpp.o[0m
[22.581s] [ 42%] [32m[1mLinking CXX shared library libusb_cam_node.so[0m
[23.196s] [ 42%] Built target usb_cam_node
[23.227s] [ 50%] [32mBuilding CXX object gtest/CMakeFiles/gtest_main.dir/src/gtest_main.cc.o[0m
[24.418s] [ 57%] [32m[1mLinking CXX static library libgtest_main.a[0m
[24.448s] [ 57%] Built target gtest_main
[24.468s] [ 64%] [32mBuilding CXX object CMakeFiles/usb_cam_node_exe.dir/rclcpp_components/node_main_usb_cam_node_exe.cpp.o[0m
[27.933s] [ 71%] [32m[1mLinking CXX executable usb_cam_node_exe[0m
[28.079s] [ 71%] Built target usb_cam_node_exe
[28.107s] [ 78%] [32mBuilding CXX object CMakeFiles/test_pixel_formats.dir/test/test_pixel_formats.cpp.o[0m
[29.454s] [ 85%] [32m[1mLinking CXX executable test_pixel_formats[0m
[29.583s] [ 85%] Built target test_pixel_formats
[29.601s] [ 92%] [32mBuilding CXX object CMakeFiles/test_usb_cam_utils.dir/test/test_usb_cam_utils.cpp.o[0m
[30.610s] [100%] [32m[1mLinking CXX executable test_usb_cam_utils[0m
[30.744s] [100%] Built target test_usb_cam_utils
[30.753s] Invoked command in '/home/oh/slam_ws/src/build/usb_cam' returned '0': CMAKE_PREFIX_PATH=${CMAKE_PREFIX_PATH}:/home/oh/slam_ws/install/ros2_aruco:/home/oh/slam_ws/install/my_tf_package:/home/oh/slam_ws/install/my_tf2_package:/home/oh/slam_ws/install/my_docking:/home/oh/slam_ws/install/my_aruco_to_goal_pose_pkg:/home/oh/slam_ws/install/escape_from_cart:/opt/ros/humble /usr/bin/cmake --build /home/oh/slam_ws/src/build/usb_cam -- -j8 -l8
[30.798s] Invoking command in '/home/oh/slam_ws/src/build/usb_cam': CMAKE_PREFIX_PATH=${CMAKE_PREFIX_PATH}:/home/oh/slam_ws/install/ros2_aruco:/home/oh/slam_ws/install/my_tf_package:/home/oh/slam_ws/install/my_tf2_package:/home/oh/slam_ws/install/my_docking:/home/oh/slam_ws/install/my_aruco_to_goal_pose_pkg:/home/oh/slam_ws/install/escape_from_cart:/opt/ros/humble /usr/bin/cmake --install /home/oh/slam_ws/src/build/usb_cam
[30.806s] -- Install configuration: ""
[30.806s] -- Installing: /home/oh/slam_ws/src/install/usb_cam/share/usb_cam/environment/library_path.sh
[30.806s] -- Installing: /home/oh/slam_ws/src/install/usb_cam/share/usb_cam/environment/library_path.dsv
[30.806s] -- Installing: /home/oh/slam_ws/src/install/usb_cam/lib/usb_cam/usb_cam_node_exe
[30.807s] -- Set runtime path of "/home/oh/slam_ws/src/install/usb_cam/lib/usb_cam/usb_cam_node_exe" to ""
[30.807s] -- Installing: /home/oh/slam_ws/src/install/usb_cam/lib/usb_cam/show_image.py
[30.807s] -- Installing: /home/oh/slam_ws/src/install/usb_cam/lib/libusb_cam.so
[30.808s] -- Installing: /home/oh/slam_ws/src/install/usb_cam/lib/libusb_cam_node.so
[30.811s] -- Set runtime path of "/home/oh/slam_ws/src/install/usb_cam/lib/libusb_cam_node.so" to ""
[30.811s] -- Installing: /home/oh/slam_ws/src/install/usb_cam/include
[30.811s] -- Installing: /home/oh/slam_ws/src/install/usb_cam/include/usb_cam
[30.811s] -- Installing: /home/oh/slam_ws/src/install/usb_cam/include/usb_cam/conversions.hpp
[30.811s] -- Installing: /home/oh/slam_ws/src/install/usb_cam/include/usb_cam/usb_cam.hpp
[30.811s] -- Installing: /home/oh/slam_ws/src/install/usb_cam/include/usb_cam/formats
[30.812s] -- Installing: /home/oh/slam_ws/src/install/usb_cam/include/usb_cam/formats/m420.hpp
[30.812s] -- Installing: /home/oh/slam_ws/src/install/usb_cam/include/usb_cam/formats/pixel_format_base.hpp
[30.812s] -- Installing: /home/oh/slam_ws/src/install/usb_cam/include/usb_cam/formats/av_pixel_format_helper.hpp
[30.812s] -- Installing: /home/oh/slam_ws/src/install/usb_cam/include/usb_cam/formats/utils.hpp
[30.812s] -- Installing: /home/oh/slam_ws/src/install/usb_cam/include/usb_cam/formats/yuyv.hpp
[30.812s] -- Installing: /home/oh/slam_ws/src/install/usb_cam/include/usb_cam/formats/rgb.hpp
[30.812s] -- Installing: /home/oh/slam_ws/src/install/usb_cam/include/usb_cam/formats/mono.hpp
[30.812s] -- Installing: /home/oh/slam_ws/src/install/usb_cam/include/usb_cam/formats/uyvy.hpp
[30.812s] -- Installing: /home/oh/slam_ws/src/install/usb_cam/include/usb_cam/formats/mjpeg.hpp
[30.812s] -- Installing: /home/oh/slam_ws/src/install/usb_cam/include/usb_cam/utils.hpp
[30.813s] -- Installing: /home/oh/slam_ws/src/install/usb_cam/include/usb_cam/constants.hpp
[30.813s] -- Installing: /home/oh/slam_ws/src/install/usb_cam/include/usb_cam/usb_cam_node.hpp
[30.813s] -- Up-to-date: /home/oh/slam_ws/src/install/usb_cam/lib/libusb_cam_node.so
[30.813s] -- Installing: /home/oh/slam_ws/src/install/usb_cam/share/usb_cam/launch
[30.813s] -- Installing: /home/oh/slam_ws/src/install/usb_cam/share/usb_cam/launch/camera_config.py
[30.813s] -- Installing: /home/oh/slam_ws/src/install/usb_cam/share/usb_cam/launch/camera.launch.py
[30.813s] -- Installing: /home/oh/slam_ws/src/install/usb_cam/share/usb_cam/launch/__init__.py
[30.813s] -- Installing: /home/oh/slam_ws/src/install/usb_cam/share/usb_cam/config
[30.813s] -- Installing: /home/oh/slam_ws/src/install/usb_cam/share/usb_cam/config/params_1.yaml
[30.813s] -- Installing: /home/oh/slam_ws/src/install/usb_cam/share/usb_cam/config/camera_info.yaml
[30.814s] -- Installing: /home/oh/slam_ws/src/install/usb_cam/share/usb_cam/config/params_2.yaml
[30.814s] -- Installing: /home/oh/slam_ws/src/install/usb_cam/share/ament_index/resource_index/package_run_dependencies/usb_cam
[30.814s] -- Installing: /home/oh/slam_ws/src/install/usb_cam/share/ament_index/resource_index/parent_prefix_path/usb_cam
[30.814s] -- Installing: /home/oh/slam_ws/src/install/usb_cam/share/usb_cam/environment/ament_prefix_path.sh
[30.814s] -- Installing: /home/oh/slam_ws/src/install/usb_cam/share/usb_cam/environment/ament_prefix_path.dsv
[30.814s] -- Installing: /home/oh/slam_ws/src/install/usb_cam/share/usb_cam/environment/path.sh
[30.814s] -- Installing: /home/oh/slam_ws/src/install/usb_cam/share/usb_cam/environment/path.dsv
[30.814s] -- Installing: /home/oh/slam_ws/src/install/usb_cam/share/usb_cam/local_setup.bash
[30.814s] -- Installing: /home/oh/slam_ws/src/install/usb_cam/share/usb_cam/local_setup.sh
[30.814s] -- Installing: /home/oh/slam_ws/src/install/usb_cam/share/usb_cam/local_setup.zsh
[30.814s] -- Installing: /home/oh/slam_ws/src/install/usb_cam/share/usb_cam/local_setup.dsv
[30.814s] -- Installing: /home/oh/slam_ws/src/install/usb_cam/share/usb_cam/package.dsv
[30.814s] -- Installing: /home/oh/slam_ws/src/install/usb_cam/share/ament_index/resource_index/packages/usb_cam
[30.815s] -- Installing: /home/oh/slam_ws/src/install/usb_cam/share/ament_index/resource_index/rclcpp_components/usb_cam
[30.815s] -- Installing: /home/oh/slam_ws/src/install/usb_cam/share/usb_cam/cmake/ament_cmake_export_libraries-extras.cmake
[30.816s] -- Installing: /home/oh/slam_ws/src/install/usb_cam/share/usb_cam/cmake/ament_cmake_export_dependencies-extras.cmake
[30.816s] -- Installing: /home/oh/slam_ws/src/install/usb_cam/share/usb_cam/cmake/ament_cmake_export_include_directories-extras.cmake
[30.816s] -- Installing: /home/oh/slam_ws/src/install/usb_cam/share/usb_cam/cmake/usb_camConfig.cmake
[30.816s] -- Installing: /home/oh/slam_ws/src/install/usb_cam/share/usb_cam/cmake/usb_camConfig-version.cmake
[30.817s] -- Installing: /home/oh/slam_ws/src/install/usb_cam/share/usb_cam/package.xml
[30.817s] Invoked command in '/home/oh/slam_ws/src/build/usb_cam' returned '0': CMAKE_PREFIX_PATH=${CMAKE_PREFIX_PATH}:/home/oh/slam_ws/install/ros2_aruco:/home/oh/slam_ws/install/my_tf_package:/home/oh/slam_ws/install/my_tf2_package:/home/oh/slam_ws/install/my_docking:/home/oh/slam_ws/install/my_aruco_to_goal_pose_pkg:/home/oh/slam_ws/install/escape_from_cart:/opt/ros/humble /usr/bin/cmake --install /home/oh/slam_ws/src/build/usb_cam
