[0.806s] Invoking command in '/home/oh/slam_ws/src/my_tf_package': PYTHONPATH=/home/oh/slam_ws/build/my_tf_package/prefix_override:/home/oh/slam_ws/install/my_tf_package/lib/python3.10/site-packages:${PYTHONPATH} /usr/bin/python3 -W ignore:setup.py install is deprecated setup.py egg_info --egg-base ../../build/my_tf_package build --build-base /home/oh/slam_ws/build/my_tf_package/build install --record /home/oh/slam_ws/build/my_tf_package/install.log --single-version-externally-managed install_data
[1.068s] running egg_info
[1.069s] writing ../../build/my_tf_package/my_tf_package.egg-info/PKG-INFO
[1.069s] writing dependency_links to ../../build/my_tf_package/my_tf_package.egg-info/dependency_links.txt
[1.069s] writing entry points to ../../build/my_tf_package/my_tf_package.egg-info/entry_points.txt
[1.069s] writing requirements to ../../build/my_tf_package/my_tf_package.egg-info/requires.txt
[1.069s] writing top-level names to ../../build/my_tf_package/my_tf_package.egg-info/top_level.txt
[1.072s] reading manifest file '../../build/my_tf_package/my_tf_package.egg-info/SOURCES.txt'
[1.075s] writing manifest file '../../build/my_tf_package/my_tf_package.egg-info/SOURCES.txt'
[1.076s] running build
[1.076s] running build_py
[1.076s] running install
[1.076s] running install_lib
[1.077s] running install_data
[1.077s] running install_egg_info
[1.079s] removing '/home/oh/slam_ws/install/my_tf_package/lib/python3.10/site-packages/my_tf_package-0.0.0-py3.10.egg-info' (and everything under it)
[1.079s] Copying ../../build/my_tf_package/my_tf_package.egg-info to /home/oh/slam_ws/install/my_tf_package/lib/python3.10/site-packages/my_tf_package-0.0.0-py3.10.egg-info
[1.079s] running install_scripts
[1.103s] Installing my_tf2_broadcaster script to /home/oh/slam_ws/install/my_tf_package/lib/my_tf_package
[1.104s] writing list of installed files to '/home/oh/slam_ws/build/my_tf_package/install.log'
[1.141s] Invoked command in '/home/oh/slam_ws/src/my_tf_package' returned '0': PYTHONPATH=/home/oh/slam_ws/build/my_tf_package/prefix_override:/home/oh/slam_ws/install/my_tf_package/lib/python3.10/site-packages:${PYTHONPATH} /usr/bin/python3 -W ignore:setup.py install is deprecated setup.py egg_info --egg-base ../../build/my_tf_package build --build-base /home/oh/slam_ws/build/my_tf_package/build install --record /home/oh/slam_ws/build/my_tf_package/install.log --single-version-externally-managed install_data
