[0.043s] Invoking command in '/home/oh/slam_ws/src/build/realsense2_camera': AMENT_PREFIX_PATH=/home/oh/slam_ws/src/install/realsense2_camera_msgs:${AMENT_PREFIX_PATH} CMAKE_PREFIX_PATH=/home/oh/slam_ws/src/install/realsense2_camera_msgs:/home/oh/slam_ws/install/usb_cam:/home/oh/slam_ws/install/teleop_twist_joy:/home/oh/slam_ws/install/ros2_control_demos:/home/oh/slam_ws/install/ros2_control_demo_example_9:/home/oh/slam_ws/install/ros2_control_demo_example_8:/home/oh/slam_ws/install/ros2_control_demo_example_7:/home/oh/slam_ws/install/ros2_control_demo_example_6:/home/oh/slam_ws/install/ros2_control_demo_example_5:/home/oh/slam_ws/install/ros2_control_demo_example_4:/home/oh/slam_ws/install/ros2_control_demo_example_3:/home/oh/slam_ws/install/ros2_control_demo_example_2:/home/oh/slam_ws/install/ros2_control_demo_example_14:/home/oh/slam_ws/install/ros2_control_demo_example_12:/home/oh/slam_ws/install/ros2_control_demo_example_11:/home/oh/slam_ws/install/ros2_control_demo_example_10:/home/oh/slam_ws/install/ros2_control_demo_example_1:/home/oh/slam_ws/install/odrive_ros2_control:/home/oh/slam_ws/install/odrive_demo_bringup:/home/oh/slam_ws/install/odrive_demo_description:/home/oh/slam_ws/install/ros2_control_demo_description:/home/oh/slam_ws/install/ros2_aruco_interfaces:/home/oh/slam_ws/install/realsense2_description:/home/oh/slam_ws/install/realsense2_camera:/home/oh/slam_ws/install/realsense2_camera_msgs:/home/oh/slam_ws/install/odrive_hardware_interface:/home/oh/slam_ws/install/my_slam_package:/home/oh/slam_ws/install/my_bot_description:/home/oh/slam_ws/install/my_action_interface:/home/oh/slam_ws/install/ros2_aruco:/home/oh/slam_ws/install/my_tf_package:/home/oh/slam_ws/install/my_tf2_package:/home/oh/slam_ws/install/my_docking:/home/oh/slam_ws/install/my_aruco_to_goal_pose_pkg:/home/oh/slam_ws/install/escape_from_cart:/opt/ros/humble LD_LIBRARY_PATH=/home/oh/slam_ws/src/install/realsense2_camera_msgs/lib:${LD_LIBRARY_PATH} PYTHONPATH=/home/oh/slam_ws/src/install/realsense2_camera_msgs/local/lib/python3.10/dist-packages:${PYTHONPATH} /usr/bin/cmake /home/oh/slam_ws/src/realsense-ros/realsense2_camera -DCMAKE_INSTALL_PREFIX=/home/oh/slam_ws/src/install/realsense2_camera
[0.150s] -- The C compiler identification is GNU 11.4.0
[0.256s] -- The CXX compiler identification is GNU 11.4.0
[0.268s] -- Detecting C compiler ABI info
[0.390s] -- Detecting C compiler ABI info - done
[0.402s] -- Check for working C compiler: /usr/bin/cc - skipped
[0.402s] -- Detecting C compile features
[0.403s] -- Detecting C compile features - done
[0.407s] -- Detecting CXX compiler ABI info
[0.580s] -- Detecting CXX compiler ABI info - done
[0.592s] -- Check for working CXX compiler: /usr/bin/c++ - skipped
[0.592s] -- Detecting CXX compile features
[0.593s] -- Detecting CXX compile features - done
[0.594s] -- Create Release Build.
[0.600s] -- Found ament_cmake: 1.3.8 (/opt/ros/humble/share/ament_cmake/cmake)
[0.981s] -- Found Python3: /usr/bin/python3 (found version "3.10.12") found components: Interpreter 
[1.174s] -- Found builtin_interfaces: 1.2.1 (/opt/ros/humble/share/builtin_interfaces/cmake)
[1.277s] -- Found rosidl_generator_c: 3.1.5 (/opt/ros/humble/share/rosidl_generator_c/cmake)
[1.293s] -- Found rosidl_adapter: 3.1.5 (/opt/ros/humble/share/rosidl_adapter/cmake)
[1.313s] -- Found rosidl_generator_cpp: 3.1.5 (/opt/ros/humble/share/rosidl_generator_cpp/cmake)
[1.344s] -- Using all available rosidl_typesupport_c: rosidl_typesupport_fastrtps_c;rosidl_typesupport_introspection_c
[1.387s] -- Using all available rosidl_typesupport_cpp: rosidl_typesupport_fastrtps_cpp;rosidl_typesupport_introspection_cpp
[1.431s] -- Found cv_bridge: 3.2.1 (/opt/ros/humble/share/cv_bridge/cmake)
[1.824s] -- Found image_transport: 3.1.8 (/opt/ros/humble/share/image_transport/cmake)
[1.968s] -- Found rmw_implementation_cmake: 6.1.1 (/opt/ros/humble/share/rmw_implementation_cmake/cmake)
[1.976s] -- Found rmw_fastrtps_cpp: 6.2.6 (/opt/ros/humble/share/rmw_fastrtps_cpp/cmake)
[2.154s] -- Found OpenSSL: /usr/lib/x86_64-linux-gnu/libcrypto.so (found version "3.0.2")  
[2.202s] -- Found FastRTPS: /opt/ros/humble/include  
[2.283s] -- Using RMW implementation 'rmw_fastrtps_cpp' as default
[2.308s] -- Looking for pthread.h
[2.444s] -- Looking for pthread.h - found
[2.449s] -- Performing Test CMAKE_HAVE_LIBC_PTHREAD
[2.578s] -- Performing Test CMAKE_HAVE_LIBC_PTHREAD - Success
[2.578s] -- Found Threads: TRUE  
[2.847s] -- Found rclcpp_components: 16.0.8 (/opt/ros/humble/share/rclcpp_components/cmake)
[2.940s] -- Found realsense2_camera_msgs: 4.54.1 (/home/oh/slam_ws/src/install/realsense2_camera_msgs/share/realsense2_camera_msgs/cmake)
[3.044s] -- Found nav_msgs: 4.2.3 (/opt/ros/humble/share/nav_msgs/cmake)
[3.128s] -- Found tf2_ros: 0.25.6 (/opt/ros/humble/share/tf2_ros/cmake)
[3.383s] -- Found diagnostic_updater: 3.1.2 (/opt/ros/humble/share/diagnostic_updater/cmake)
[3.462s] -- Build for ROS2 Humble
[3.478s] -- Found ament_cmake_gtest: 1.3.8 (/opt/ros/humble/share/ament_cmake_gtest/cmake)
[3.483s] -- Found gtest sources under '/opt/ros/humble/src/gtest_vendor': C++ tests using 'Google Test' will be built
[3.493s] -- Found ament_cmake_pytest: 1.3.8 (/opt/ros/humble/share/ament_cmake_pytest/cmake)
[7.432s] -- rs_device_info:
[7.432s] -- No device detected. Is it plugged in?
[7.432s] 
[7.528s] -- Configuring done
[7.562s] -- Generating done
[7.565s] -- Build files have been written to: /home/oh/slam_ws/src/build/realsense2_camera
[7.583s] Invoked command in '/home/oh/slam_ws/src/build/realsense2_camera' returned '0': AMENT_PREFIX_PATH=/home/oh/slam_ws/src/install/realsense2_camera_msgs:${AMENT_PREFIX_PATH} CMAKE_PREFIX_PATH=/home/oh/slam_ws/src/install/realsense2_camera_msgs:/home/oh/slam_ws/install/usb_cam:/home/oh/slam_ws/install/teleop_twist_joy:/home/oh/slam_ws/install/ros2_control_demos:/home/oh/slam_ws/install/ros2_control_demo_example_9:/home/oh/slam_ws/install/ros2_control_demo_example_8:/home/oh/slam_ws/install/ros2_control_demo_example_7:/home/oh/slam_ws/install/ros2_control_demo_example_6:/home/oh/slam_ws/install/ros2_control_demo_example_5:/home/oh/slam_ws/install/ros2_control_demo_example_4:/home/oh/slam_ws/install/ros2_control_demo_example_3:/home/oh/slam_ws/install/ros2_control_demo_example_2:/home/oh/slam_ws/install/ros2_control_demo_example_14:/home/oh/slam_ws/install/ros2_control_demo_example_12:/home/oh/slam_ws/install/ros2_control_demo_example_11:/home/oh/slam_ws/install/ros2_control_demo_example_10:/home/oh/slam_ws/install/ros2_control_demo_example_1:/home/oh/slam_ws/install/odrive_ros2_control:/home/oh/slam_ws/install/odrive_demo_bringup:/home/oh/slam_ws/install/odrive_demo_description:/home/oh/slam_ws/install/ros2_control_demo_description:/home/oh/slam_ws/install/ros2_aruco_interfaces:/home/oh/slam_ws/install/realsense2_description:/home/oh/slam_ws/install/realsense2_camera:/home/oh/slam_ws/install/realsense2_camera_msgs:/home/oh/slam_ws/install/odrive_hardware_interface:/home/oh/slam_ws/install/my_slam_package:/home/oh/slam_ws/install/my_bot_description:/home/oh/slam_ws/install/my_action_interface:/home/oh/slam_ws/install/ros2_aruco:/home/oh/slam_ws/install/my_tf_package:/home/oh/slam_ws/install/my_tf2_package:/home/oh/slam_ws/install/my_docking:/home/oh/slam_ws/install/my_aruco_to_goal_pose_pkg:/home/oh/slam_ws/install/escape_from_cart:/opt/ros/humble LD_LIBRARY_PATH=/home/oh/slam_ws/src/install/realsense2_camera_msgs/lib:${LD_LIBRARY_PATH} PYTHONPATH=/home/oh/slam_ws/src/install/realsense2_camera_msgs/local/lib/python3.10/dist-packages:${PYTHONPATH} /usr/bin/cmake /home/oh/slam_ws/src/realsense-ros/realsense2_camera -DCMAKE_INSTALL_PREFIX=/home/oh/slam_ws/src/install/realsense2_camera
[7.585s] Invoking command in '/home/oh/slam_ws/src/build/realsense2_camera': AMENT_PREFIX_PATH=/home/oh/slam_ws/src/install/realsense2_camera_msgs:${AMENT_PREFIX_PATH} CMAKE_PREFIX_PATH=/home/oh/slam_ws/src/install/realsense2_camera_msgs:/home/oh/slam_ws/install/usb_cam:/home/oh/slam_ws/install/teleop_twist_joy:/home/oh/slam_ws/install/ros2_control_demos:/home/oh/slam_ws/install/ros2_control_demo_example_9:/home/oh/slam_ws/install/ros2_control_demo_example_8:/home/oh/slam_ws/install/ros2_control_demo_example_7:/home/oh/slam_ws/install/ros2_control_demo_example_6:/home/oh/slam_ws/install/ros2_control_demo_example_5:/home/oh/slam_ws/install/ros2_control_demo_example_4:/home/oh/slam_ws/install/ros2_control_demo_example_3:/home/oh/slam_ws/install/ros2_control_demo_example_2:/home/oh/slam_ws/install/ros2_control_demo_example_14:/home/oh/slam_ws/install/ros2_control_demo_example_12:/home/oh/slam_ws/install/ros2_control_demo_example_11:/home/oh/slam_ws/install/ros2_control_demo_example_10:/home/oh/slam_ws/install/ros2_control_demo_example_1:/home/oh/slam_ws/install/odrive_ros2_control:/home/oh/slam_ws/install/odrive_demo_bringup:/home/oh/slam_ws/install/odrive_demo_description:/home/oh/slam_ws/install/ros2_control_demo_description:/home/oh/slam_ws/install/ros2_aruco_interfaces:/home/oh/slam_ws/install/realsense2_description:/home/oh/slam_ws/install/realsense2_camera:/home/oh/slam_ws/install/realsense2_camera_msgs:/home/oh/slam_ws/install/odrive_hardware_interface:/home/oh/slam_ws/install/my_slam_package:/home/oh/slam_ws/install/my_bot_description:/home/oh/slam_ws/install/my_action_interface:/home/oh/slam_ws/install/ros2_aruco:/home/oh/slam_ws/install/my_tf_package:/home/oh/slam_ws/install/my_tf2_package:/home/oh/slam_ws/install/my_docking:/home/oh/slam_ws/install/my_aruco_to_goal_pose_pkg:/home/oh/slam_ws/install/escape_from_cart:/opt/ros/humble LD_LIBRARY_PATH=/home/oh/slam_ws/src/install/realsense2_camera_msgs/lib:${LD_LIBRARY_PATH} PYTHONPATH=/home/oh/slam_ws/src/install/realsense2_camera_msgs/local/lib/python3.10/dist-packages:${PYTHONPATH} /usr/bin/cmake --build /home/oh/slam_ws/src/build/realsense2_camera -- -j8 -l8
[7.657s] [  4%] [32mBuilding CXX object CMakeFiles/realsense2_camera.dir/src/realsense_node_factory.cpp.o[0m
[16.289s] [  9%] [32mBuilding CXX object CMakeFiles/realsense2_camera.dir/src/ros_sensor.cpp.o[0m
[21.489s] [ 13%] [32mBuilding CXX object CMakeFiles/realsense2_camera.dir/src/ros_utils.cpp.o[0m
[23.994s] [ 18%] [32mBuilding CXX object CMakeFiles/realsense2_camera.dir/src/dynamic_params.cpp.o[0m
[25.006s] [ 22%] [32mBuilding CXX object CMakeFiles/realsense2_camera.dir/src/sensor_params.cpp.o[0m
[26.018s] [ 27%] [32mBuilding CXX object CMakeFiles/realsense2_camera.dir/src/rs_node_setup.cpp.o[0m
[27.069s] [ 31%] [32mBuilding CXX object CMakeFiles/realsense2_camera.dir/src/parameters.cpp.o[0m
[28.125s] [ 36%] [32mBuilding CXX object CMakeFiles/realsense2_camera.dir/src/base_realsense_node.cpp.o[0m
[34.429s] [ 40%] [32mBuilding CXX object CMakeFiles/realsense2_camera.dir/src/profile_manager.cpp.o[0m
[35.443s] [ 45%] [32mBuilding CXX object CMakeFiles/realsense2_camera.dir/src/named_filter.cpp.o[0m
[35.861s] [ 50%] [32mBuilding CXX object CMakeFiles/realsense2_camera.dir/src/image_publisher.cpp.o[0m
[43.012s] [ 54%] [32mBuilding CXX object CMakeFiles/realsense2_camera.dir/src/tfs.cpp.o[0m
[51.130s] [ 59%] [32mBuilding CXX object CMakeFiles/realsense2_camera.dir/src/ros_param_backend.cpp.o[0m
[53.616s] [ 63%] [32m[1mLinking CXX shared library librealsense2_camera.so[0m
[54.041s] [ 63%] Built target realsense2_camera
[54.074s] [ 68%] [32mBuilding CXX object gtest/CMakeFiles/gtest_main.dir/src/gtest_main.cc.o[0m
[54.084s] [ 72%] [32mBuilding CXX object CMakeFiles/realsense2_camera_node.dir/rclcpp_components/node_main_realsense2_camera_node.cpp.o[0m
[54.089s] [ 77%] [32mBuilding CXX object gtest/CMakeFiles/gtest.dir/src/gtest-all.cc.o[0m
[55.285s] [ 81%] [32m[1mLinking CXX static library libgtest_main.a[0m
[55.502s] [ 81%] Built target gtest_main
[60.219s] [ 86%] [32m[1mLinking CXX executable realsense2_camera_node[0m
[60.456s] [ 86%] Built target realsense2_camera_node
[63.617s] [ 90%] [32m[1mLinking CXX static library libgtest.a[0m
[63.648s] [ 90%] Built target gtest
[63.666s] [ 95%] [32mBuilding CXX object CMakeFiles/gtest_template.dir/test/gtest_template.cpp.o[0m
[64.296s] [100%] [32m[1mLinking CXX executable gtest_template[0m
[64.371s] [100%] Built target gtest_template
[64.379s] Invoked command in '/home/oh/slam_ws/src/build/realsense2_camera' returned '0': AMENT_PREFIX_PATH=/home/oh/slam_ws/src/install/realsense2_camera_msgs:${AMENT_PREFIX_PATH} CMAKE_PREFIX_PATH=/home/oh/slam_ws/src/install/realsense2_camera_msgs:/home/oh/slam_ws/install/usb_cam:/home/oh/slam_ws/install/teleop_twist_joy:/home/oh/slam_ws/install/ros2_control_demos:/home/oh/slam_ws/install/ros2_control_demo_example_9:/home/oh/slam_ws/install/ros2_control_demo_example_8:/home/oh/slam_ws/install/ros2_control_demo_example_7:/home/oh/slam_ws/install/ros2_control_demo_example_6:/home/oh/slam_ws/install/ros2_control_demo_example_5:/home/oh/slam_ws/install/ros2_control_demo_example_4:/home/oh/slam_ws/install/ros2_control_demo_example_3:/home/oh/slam_ws/install/ros2_control_demo_example_2:/home/oh/slam_ws/install/ros2_control_demo_example_14:/home/oh/slam_ws/install/ros2_control_demo_example_12:/home/oh/slam_ws/install/ros2_control_demo_example_11:/home/oh/slam_ws/install/ros2_control_demo_example_10:/home/oh/slam_ws/install/ros2_control_demo_example_1:/home/oh/slam_ws/install/odrive_ros2_control:/home/oh/slam_ws/install/odrive_demo_bringup:/home/oh/slam_ws/install/odrive_demo_description:/home/oh/slam_ws/install/ros2_control_demo_description:/home/oh/slam_ws/install/ros2_aruco_interfaces:/home/oh/slam_ws/install/realsense2_description:/home/oh/slam_ws/install/realsense2_camera:/home/oh/slam_ws/install/realsense2_camera_msgs:/home/oh/slam_ws/install/odrive_hardware_interface:/home/oh/slam_ws/install/my_slam_package:/home/oh/slam_ws/install/my_bot_description:/home/oh/slam_ws/install/my_action_interface:/home/oh/slam_ws/install/ros2_aruco:/home/oh/slam_ws/install/my_tf_package:/home/oh/slam_ws/install/my_tf2_package:/home/oh/slam_ws/install/my_docking:/home/oh/slam_ws/install/my_aruco_to_goal_pose_pkg:/home/oh/slam_ws/install/escape_from_cart:/opt/ros/humble LD_LIBRARY_PATH=/home/oh/slam_ws/src/install/realsense2_camera_msgs/lib:${LD_LIBRARY_PATH} PYTHONPATH=/home/oh/slam_ws/src/install/realsense2_camera_msgs/local/lib/python3.10/dist-packages:${PYTHONPATH} /usr/bin/cmake --build /home/oh/slam_ws/src/build/realsense2_camera -- -j8 -l8
[64.447s] Invoking command in '/home/oh/slam_ws/src/build/realsense2_camera': AMENT_PREFIX_PATH=/home/oh/slam_ws/src/install/realsense2_camera_msgs:${AMENT_PREFIX_PATH} CMAKE_PREFIX_PATH=/home/oh/slam_ws/src/install/realsense2_camera_msgs:/home/oh/slam_ws/install/usb_cam:/home/oh/slam_ws/install/teleop_twist_joy:/home/oh/slam_ws/install/ros2_control_demos:/home/oh/slam_ws/install/ros2_control_demo_example_9:/home/oh/slam_ws/install/ros2_control_demo_example_8:/home/oh/slam_ws/install/ros2_control_demo_example_7:/home/oh/slam_ws/install/ros2_control_demo_example_6:/home/oh/slam_ws/install/ros2_control_demo_example_5:/home/oh/slam_ws/install/ros2_control_demo_example_4:/home/oh/slam_ws/install/ros2_control_demo_example_3:/home/oh/slam_ws/install/ros2_control_demo_example_2:/home/oh/slam_ws/install/ros2_control_demo_example_14:/home/oh/slam_ws/install/ros2_control_demo_example_12:/home/oh/slam_ws/install/ros2_control_demo_example_11:/home/oh/slam_ws/install/ros2_control_demo_example_10:/home/oh/slam_ws/install/ros2_control_demo_example_1:/home/oh/slam_ws/install/odrive_ros2_control:/home/oh/slam_ws/install/odrive_demo_bringup:/home/oh/slam_ws/install/odrive_demo_description:/home/oh/slam_ws/install/ros2_control_demo_description:/home/oh/slam_ws/install/ros2_aruco_interfaces:/home/oh/slam_ws/install/realsense2_description:/home/oh/slam_ws/install/realsense2_camera:/home/oh/slam_ws/install/realsense2_camera_msgs:/home/oh/slam_ws/install/odrive_hardware_interface:/home/oh/slam_ws/install/my_slam_package:/home/oh/slam_ws/install/my_bot_description:/home/oh/slam_ws/install/my_action_interface:/home/oh/slam_ws/install/ros2_aruco:/home/oh/slam_ws/install/my_tf_package:/home/oh/slam_ws/install/my_tf2_package:/home/oh/slam_ws/install/my_docking:/home/oh/slam_ws/install/my_aruco_to_goal_pose_pkg:/home/oh/slam_ws/install/escape_from_cart:/opt/ros/humble LD_LIBRARY_PATH=/home/oh/slam_ws/src/install/realsense2_camera_msgs/lib:${LD_LIBRARY_PATH} PYTHONPATH=/home/oh/slam_ws/src/install/realsense2_camera_msgs/local/lib/python3.10/dist-packages:${PYTHONPATH} /usr/bin/cmake --install /home/oh/slam_ws/src/build/realsense2_camera
[64.453s] -- Install configuration: "Release"
[64.453s] -- Installing: /home/oh/slam_ws/src/install/realsense2_camera/lib/realsense2_camera/realsense2_camera_node
[64.453s] -- Set runtime path of "/home/oh/slam_ws/src/install/realsense2_camera/lib/realsense2_camera/realsense2_camera_node" to ""
[64.453s] -- Installing: /home/oh/slam_ws/src/install/realsense2_camera/lib/librealsense2_camera.so
[64.456s] -- Set runtime path of "/home/oh/slam_ws/src/install/realsense2_camera/lib/librealsense2_camera.so" to ""
[64.456s] -- Installing: /home/oh/slam_ws/src/install/realsense2_camera/include
[64.456s] -- Installing: /home/oh/slam_ws/src/install/realsense2_camera/include/gl_window.h
[64.456s] -- Installing: /home/oh/slam_ws/src/install/realsense2_camera/include/ros_sensor.h
[64.456s] -- Installing: /home/oh/slam_ws/src/install/realsense2_camera/include/dynamic_params.h
[64.456s] -- Installing: /home/oh/slam_ws/src/install/realsense2_camera/include/ros_param_backend.h
[64.456s] -- Installing: /home/oh/slam_ws/src/install/realsense2_camera/include/named_filter.h
[64.456s] -- Installing: /home/oh/slam_ws/src/install/realsense2_camera/include/profile_manager.h
[64.456s] -- Installing: /home/oh/slam_ws/src/install/realsense2_camera/include/ros_utils.h
[64.456s] -- Installing: /home/oh/slam_ws/src/install/realsense2_camera/include/image_publisher.h
[64.456s] -- Installing: /home/oh/slam_ws/src/install/realsense2_camera/include/realsense_node_factory.h
[64.456s] -- Installing: /home/oh/slam_ws/src/install/realsense2_camera/include/base_realsense_node.h
[64.456s] -- Installing: /home/oh/slam_ws/src/install/realsense2_camera/include/constants.h
[64.456s] -- Installing: /home/oh/slam_ws/src/install/realsense2_camera/include/sensor_params.h
[64.457s] -- Installing: /home/oh/slam_ws/src/install/realsense2_camera/share/realsense2_camera/launch
[64.457s] -- Installing: /home/oh/slam_ws/src/install/realsense2_camera/share/realsense2_camera/launch/rs_intra_process_demo_launch.py
[64.457s] -- Installing: /home/oh/slam_ws/src/install/realsense2_camera/share/realsense2_camera/launch/default.rviz
[64.457s] -- Installing: /home/oh/slam_ws/src/install/realsense2_camera/share/realsense2_camera/launch/rs_multi_camera_launch.py
[64.457s] -- Installing: /home/oh/slam_ws/src/install/realsense2_camera/share/realsense2_camera/launch/rs_launch.py
[64.457s] -- Installing: /home/oh/slam_ws/src/install/realsense2_camera/share/realsense2_camera/examples
[64.457s] -- Installing: /home/oh/slam_ws/src/install/realsense2_camera/share/realsense2_camera/examples/align_depth
[64.457s] -- Installing: /home/oh/slam_ws/src/install/realsense2_camera/share/realsense2_camera/examples/align_depth/rs_align_depth_launch.py
[64.457s] -- Installing: /home/oh/slam_ws/src/install/realsense2_camera/share/realsense2_camera/examples/align_depth/README.md
[64.457s] -- Installing: /home/oh/slam_ws/src/install/realsense2_camera/share/realsense2_camera/examples/launch_from_rosbag
[64.457s] -- Installing: /home/oh/slam_ws/src/install/realsense2_camera/share/realsense2_camera/examples/launch_from_rosbag/rs_launch_from_rosbag.py
[64.457s] -- Installing: /home/oh/slam_ws/src/install/realsense2_camera/share/realsense2_camera/examples/launch_from_rosbag/README.md
[64.458s] -- Installing: /home/oh/slam_ws/src/install/realsense2_camera/share/realsense2_camera/examples/pointcloud
[64.458s] -- Installing: /home/oh/slam_ws/src/install/realsense2_camera/share/realsense2_camera/examples/pointcloud/rs_d455_pointcloud_launch.py
[64.458s] -- Installing: /home/oh/slam_ws/src/install/realsense2_camera/share/realsense2_camera/examples/pointcloud/rs_pointcloud_launch.py
[64.458s] -- Installing: /home/oh/slam_ws/src/install/realsense2_camera/share/realsense2_camera/examples/pointcloud/rviz
[64.458s] -- Installing: /home/oh/slam_ws/src/install/realsense2_camera/share/realsense2_camera/examples/pointcloud/rviz/pointcloud.rviz
[64.458s] -- Installing: /home/oh/slam_ws/src/install/realsense2_camera/share/realsense2_camera/examples/pointcloud/rviz/urdf_pointcloud.rviz
[64.458s] -- Installing: /home/oh/slam_ws/src/install/realsense2_camera/share/realsense2_camera/examples/pointcloud/rs_d405_pointcloud_launch.py
[64.458s] -- Installing: /home/oh/slam_ws/src/install/realsense2_camera/share/realsense2_camera/examples/pointcloud/README.md
[64.458s] -- Installing: /home/oh/slam_ws/src/install/realsense2_camera/share/realsense2_camera/examples/launch_params_from_file
[64.458s] -- Installing: /home/oh/slam_ws/src/install/realsense2_camera/share/realsense2_camera/examples/launch_params_from_file/rs_launch_get_params_from_yaml.py
[64.458s] -- Installing: /home/oh/slam_ws/src/install/realsense2_camera/share/realsense2_camera/examples/launch_params_from_file/config
[64.458s] -- Installing: /home/oh/slam_ws/src/install/realsense2_camera/share/realsense2_camera/examples/launch_params_from_file/config/config.yaml
[64.458s] -- Installing: /home/oh/slam_ws/src/install/realsense2_camera/share/realsense2_camera/examples/launch_params_from_file/README.md
[64.458s] -- Installing: /home/oh/slam_ws/src/install/realsense2_camera/share/realsense2_camera/examples/dual_camera
[64.458s] -- Installing: /home/oh/slam_ws/src/install/realsense2_camera/share/realsense2_camera/examples/dual_camera/rviz
[64.459s] -- Installing: /home/oh/slam_ws/src/install/realsense2_camera/share/realsense2_camera/examples/dual_camera/rviz/dual_camera_pointcloud.rviz
[64.459s] -- Installing: /home/oh/slam_ws/src/install/realsense2_camera/share/realsense2_camera/examples/dual_camera/README.md
[64.459s] -- Installing: /home/oh/slam_ws/src/install/realsense2_camera/share/realsense2_camera/examples/dual_camera/rs_dual_camera_launch.py
[64.459s] -- Installing: /home/oh/slam_ws/src/install/realsense2_camera/share/realsense2_camera/environment/library_path.sh
[64.459s] -- Installing: /home/oh/slam_ws/src/install/realsense2_camera/share/realsense2_camera/environment/library_path.dsv
[64.459s] -- Installing: /home/oh/slam_ws/src/install/realsense2_camera/share/ament_index/resource_index/package_run_dependencies/realsense2_camera
[64.459s] -- Installing: /home/oh/slam_ws/src/install/realsense2_camera/share/ament_index/resource_index/parent_prefix_path/realsense2_camera
[64.459s] -- Installing: /home/oh/slam_ws/src/install/realsense2_camera/share/realsense2_camera/environment/ament_prefix_path.sh
[64.459s] -- Installing: /home/oh/slam_ws/src/install/realsense2_camera/share/realsense2_camera/environment/ament_prefix_path.dsv
[64.460s] -- Installing: /home/oh/slam_ws/src/install/realsense2_camera/share/realsense2_camera/environment/path.sh
[64.460s] -- Installing: /home/oh/slam_ws/src/install/realsense2_camera/share/realsense2_camera/environment/path.dsv
[64.460s] -- Installing: /home/oh/slam_ws/src/install/realsense2_camera/share/realsense2_camera/local_setup.bash
[64.460s] -- Installing: /home/oh/slam_ws/src/install/realsense2_camera/share/realsense2_camera/local_setup.sh
[64.460s] -- Installing: /home/oh/slam_ws/src/install/realsense2_camera/share/realsense2_camera/local_setup.zsh
[64.460s] -- Installing: /home/oh/slam_ws/src/install/realsense2_camera/share/realsense2_camera/local_setup.dsv
[64.460s] -- Installing: /home/oh/slam_ws/src/install/realsense2_camera/share/realsense2_camera/package.dsv
[64.460s] -- Installing: /home/oh/slam_ws/src/install/realsense2_camera/share/ament_index/resource_index/packages/realsense2_camera
[64.460s] -- Installing: /home/oh/slam_ws/src/install/realsense2_camera/share/ament_index/resource_index/rclcpp_components/realsense2_camera
[64.461s] -- Installing: /home/oh/slam_ws/src/install/realsense2_camera/share/realsense2_camera/cmake/ament_cmake_export_include_directories-extras.cmake
[64.461s] -- Installing: /home/oh/slam_ws/src/install/realsense2_camera/share/realsense2_camera/cmake/ament_cmake_export_libraries-extras.cmake
[64.461s] -- Installing: /home/oh/slam_ws/src/install/realsense2_camera/share/realsense2_camera/cmake/ament_cmake_export_dependencies-extras.cmake
[64.461s] -- Installing: /home/oh/slam_ws/src/install/realsense2_camera/share/realsense2_camera/cmake/realsense2_cameraConfig.cmake
[64.461s] -- Installing: /home/oh/slam_ws/src/install/realsense2_camera/share/realsense2_camera/cmake/realsense2_cameraConfig-version.cmake
[64.461s] -- Installing: /home/oh/slam_ws/src/install/realsense2_camera/share/realsense2_camera/package.xml
[64.463s] Invoked command in '/home/oh/slam_ws/src/build/realsense2_camera' returned '0': AMENT_PREFIX_PATH=/home/oh/slam_ws/src/install/realsense2_camera_msgs:${AMENT_PREFIX_PATH} CMAKE_PREFIX_PATH=/home/oh/slam_ws/src/install/realsense2_camera_msgs:/home/oh/slam_ws/install/usb_cam:/home/oh/slam_ws/install/teleop_twist_joy:/home/oh/slam_ws/install/ros2_control_demos:/home/oh/slam_ws/install/ros2_control_demo_example_9:/home/oh/slam_ws/install/ros2_control_demo_example_8:/home/oh/slam_ws/install/ros2_control_demo_example_7:/home/oh/slam_ws/install/ros2_control_demo_example_6:/home/oh/slam_ws/install/ros2_control_demo_example_5:/home/oh/slam_ws/install/ros2_control_demo_example_4:/home/oh/slam_ws/install/ros2_control_demo_example_3:/home/oh/slam_ws/install/ros2_control_demo_example_2:/home/oh/slam_ws/install/ros2_control_demo_example_14:/home/oh/slam_ws/install/ros2_control_demo_example_12:/home/oh/slam_ws/install/ros2_control_demo_example_11:/home/oh/slam_ws/install/ros2_control_demo_example_10:/home/oh/slam_ws/install/ros2_control_demo_example_1:/home/oh/slam_ws/install/odrive_ros2_control:/home/oh/slam_ws/install/odrive_demo_bringup:/home/oh/slam_ws/install/odrive_demo_description:/home/oh/slam_ws/install/ros2_control_demo_description:/home/oh/slam_ws/install/ros2_aruco_interfaces:/home/oh/slam_ws/install/realsense2_description:/home/oh/slam_ws/install/realsense2_camera:/home/oh/slam_ws/install/realsense2_camera_msgs:/home/oh/slam_ws/install/odrive_hardware_interface:/home/oh/slam_ws/install/my_slam_package:/home/oh/slam_ws/install/my_bot_description:/home/oh/slam_ws/install/my_action_interface:/home/oh/slam_ws/install/ros2_aruco:/home/oh/slam_ws/install/my_tf_package:/home/oh/slam_ws/install/my_tf2_package:/home/oh/slam_ws/install/my_docking:/home/oh/slam_ws/install/my_aruco_to_goal_pose_pkg:/home/oh/slam_ws/install/escape_from_cart:/opt/ros/humble LD_LIBRARY_PATH=/home/oh/slam_ws/src/install/realsense2_camera_msgs/lib:${LD_LIBRARY_PATH} PYTHONPATH=/home/oh/slam_ws/src/install/realsense2_camera_msgs/local/lib/python3.10/dist-packages:${PYTHONPATH} /usr/bin/cmake --install /home/oh/slam_ws/src/build/realsense2_camera
