[0.006s] Invoking command in '/home/oh/slam_ws/build/ros2_control_demo_example_12': AMENT_PREFIX_PATH=/home/oh/slam_ws/install/ros2_control_demo_description:${AMENT_PREFIX_PATH} CMAKE_PREFIX_PATH=/home/oh/slam_ws/install/ros2_control_demo_description:/opt/ros/humble /usr/bin/cmake /home/oh/slam_ws/src/ros2_control_demos/example_12 -DCMAKE_INSTALL_PREFIX=/home/oh/slam_ws/install/ros2_control_demo_example_12
[0.098s] -- The CXX compiler identification is GNU 11.4.0
[0.107s] -- Detecting CXX compiler ABI info
[0.218s] -- Detecting CXX compiler ABI info - done
[0.243s] -- Check for working CXX compiler: /usr/bin/c++ - skipped
[0.243s] -- Detecting CXX compile features
[0.243s] -- Detecting CXX compile features - done
[0.246s] -- Found ament_cmake: 1.3.8 (/opt/ros/humble/share/ament_cmake/cmake)
[0.503s] -- Found Python3: /usr/bin/python3 (found version "3.10.12") found components: Interpreter 
[0.647s] -- Found hardware_interface: 2.40.0 (/opt/ros/humble/share/hardware_interface/cmake)
[0.720s] -- Found rosidl_generator_c: 3.1.5 (/opt/ros/humble/share/rosidl_generator_c/cmake)
[0.732s] -- Found rosidl_adapter: 3.1.5 (/opt/ros/humble/share/rosidl_adapter/cmake)
[0.754s] -- Found rosidl_generator_cpp: 3.1.5 (/opt/ros/humble/share/rosidl_generator_cpp/cmake)
[0.780s] -- Using all available rosidl_typesupport_c: rosidl_typesupport_fastrtps_c;rosidl_typesupport_introspection_c
[0.808s] -- Using all available rosidl_typesupport_cpp: rosidl_typesupport_fastrtps_cpp;rosidl_typesupport_introspection_cpp
[2.374s] -- Found rmw_implementation_cmake: 6.1.1 (/opt/ros/humble/share/rmw_implementation_cmake/cmake)
[2.384s] -- Found rmw_fastrtps_cpp: 6.2.6 (/opt/ros/humble/share/rmw_fastrtps_cpp/cmake)
[2.512s] -- Found TinyXML2 via Config file: TinyXML2_DIR-NOTFOUND
[2.996s] -- Found OpenSSL: /usr/lib/x86_64-linux-gnu/libcrypto.so (found version "3.0.2")  
[3.000s] -- Found TinyXML2 via Config file: TinyXML2_DIR-NOTFOUND
[3.029s] -- Found FastRTPS: /opt/ros/humble/include  
[3.047s] -- Found TinyXML2 via Config file: TinyXML2_DIR-NOTFOUND
[3.057s] -- Found TinyXML2 via Config file: TinyXML2_DIR-NOTFOUND
[3.077s] -- Using RMW implementation 'rmw_fastrtps_cpp' as default
[3.093s] -- Looking for C++ include pthread.h
[3.336s] -- Looking for C++ include pthread.h - found
[3.340s] -- Performing Test CMAKE_HAVE_LIBC_PTHREAD
[3.637s] -- Performing Test CMAKE_HAVE_LIBC_PTHREAD - Success
[3.638s] -- Found Threads: TRUE  
[4.188s] -- Found generate_parameter_library: 0.3.8 (/opt/ros/humble/share/generate_parameter_library/cmake)
[4.191s] -- Found parameter_traits: 0.3.8 (/opt/ros/humble/share/parameter_traits/cmake)
[4.289s] -- Found controller_interface: 2.40.0 (/opt/ros/humble/share/controller_interface/cmake)
[4.590s] -- Found realtime_tools: 2.5.0 (/opt/ros/humble/share/realtime_tools/cmake)
[5.259s] -- Found ament_cmake_pytest: 1.3.8 (/opt/ros/humble/share/ament_cmake_pytest/cmake)
[6.440s] -- Configuring done
[6.506s] -- Generating done
[6.508s] -- Build files have been written to: /home/oh/slam_ws/build/ros2_control_demo_example_12
[6.532s] Invoked command in '/home/oh/slam_ws/build/ros2_control_demo_example_12' returned '0': AMENT_PREFIX_PATH=/home/oh/slam_ws/install/ros2_control_demo_description:${AMENT_PREFIX_PATH} CMAKE_PREFIX_PATH=/home/oh/slam_ws/install/ros2_control_demo_description:/opt/ros/humble /usr/bin/cmake /home/oh/slam_ws/src/ros2_control_demos/example_12 -DCMAKE_INSTALL_PREFIX=/home/oh/slam_ws/install/ros2_control_demo_example_12
[6.532s] Invoking command in '/home/oh/slam_ws/build/ros2_control_demo_example_12': AMENT_PREFIX_PATH=/home/oh/slam_ws/install/ros2_control_demo_description:${AMENT_PREFIX_PATH} CMAKE_PREFIX_PATH=/home/oh/slam_ws/install/ros2_control_demo_description:/opt/ros/humble /usr/bin/cmake --build /home/oh/slam_ws/build/ros2_control_demo_example_12 -- -j8 -l8
[8.214s] [ 20%] [32mBuilding CXX object CMakeFiles/ros2_control_demo_example_12.dir/hardware/rrbot.cpp.o[0m
[8.215s] [ 40%] [34m[1mRunning `/opt/ros/humble/bin/generate_parameter_library_cpp /home/oh/slam_ws/build/ros2_control_demo_example_12/passthrough_controller_parameters/include//passthrough_controller_parameters.hpp /home/oh/slam_ws/src/ros2_control_demos/example_12/controllers/src/passthrough_controller_parameters.yaml `[0m
[8.224s] [ 40%] Built target passthrough_controller_parameters
[8.224s] [ 60%] [32mBuilding CXX object CMakeFiles/passthrough_controller.dir/controllers/src/passthrough_controller.cpp.o[0m
[11.675s] [ 80%] [32m[1mLinking CXX shared library libros2_control_demo_example_12.so[0m
[11.874s] [ 80%] Built target ros2_control_demo_example_12
[18.921s] [100%] [32m[1mLinking CXX shared library libpassthrough_controller.so[0m
[19.664s] [100%] Built target passthrough_controller
[19.681s] Invoked command in '/home/oh/slam_ws/build/ros2_control_demo_example_12' returned '0': AMENT_PREFIX_PATH=/home/oh/slam_ws/install/ros2_control_demo_description:${AMENT_PREFIX_PATH} CMAKE_PREFIX_PATH=/home/oh/slam_ws/install/ros2_control_demo_description:/opt/ros/humble /usr/bin/cmake --build /home/oh/slam_ws/build/ros2_control_demo_example_12 -- -j8 -l8
[19.728s] Invoking command in '/home/oh/slam_ws/build/ros2_control_demo_example_12': AMENT_PREFIX_PATH=/home/oh/slam_ws/install/ros2_control_demo_description:${AMENT_PREFIX_PATH} CMAKE_PREFIX_PATH=/home/oh/slam_ws/install/ros2_control_demo_description:/opt/ros/humble /usr/bin/cmake --install /home/oh/slam_ws/build/ros2_control_demo_example_12
[19.738s] -- Install configuration: ""
[19.739s] -- Installing: /home/oh/slam_ws/install/ros2_control_demo_example_12/share/ros2_control_demo_example_12/ros2_control_demo_example_12.xml
[19.739s] -- Installing: /home/oh/slam_ws/install/ros2_control_demo_example_12/include/passthrough_controller_parameters
[19.739s] -- Installing: /home/oh/slam_ws/install/ros2_control_demo_example_12/include/passthrough_controller_parameters/passthrough_controller_parameters.hpp
[19.739s] -- Installing: /home/oh/slam_ws/install/ros2_control_demo_example_12/share/ros2_control_demo_example_12/passthrough_controller.xml
[19.739s] -- Installing: /home/oh/slam_ws/install/ros2_control_demo_example_12/include/ros2_control_demo_example_12
[19.739s] -- Installing: /home/oh/slam_ws/install/ros2_control_demo_example_12/include/ros2_control_demo_example_12/ros2_control_demo_example_12
[19.739s] -- Installing: /home/oh/slam_ws/install/ros2_control_demo_example_12/include/ros2_control_demo_example_12/ros2_control_demo_example_12/rrbot.hpp
[19.739s] -- Installing: /home/oh/slam_ws/install/ros2_control_demo_example_12/include/ros2_control_demo_example_12/ros2_control_demo_example_12/visibility_control.h
[19.739s] -- Installing: /home/oh/slam_ws/install/ros2_control_demo_example_12/share/ros2_control_demo_example_12/launch
[19.739s] -- Installing: /home/oh/slam_ws/install/ros2_control_demo_example_12/share/ros2_control_demo_example_12/launch/view_robot.launch.py
[19.739s] -- Installing: /home/oh/slam_ws/install/ros2_control_demo_example_12/share/ros2_control_demo_example_12/ros2_control
[19.739s] -- Installing: /home/oh/slam_ws/install/ros2_control_demo_example_12/share/ros2_control_demo_example_12/ros2_control/rrbot.ros2_control.xacro
[19.740s] -- Installing: /home/oh/slam_ws/install/ros2_control_demo_example_12/share/ros2_control_demo_example_12/urdf
[19.740s] -- Installing: /home/oh/slam_ws/install/ros2_control_demo_example_12/share/ros2_control_demo_example_12/urdf/rrbot.urdf.xacro
[19.740s] -- Installing: /home/oh/slam_ws/install/ros2_control_demo_example_12/share/ros2_control_demo_example_12/gazebo
[19.740s] -- Installing: /home/oh/slam_ws/install/ros2_control_demo_example_12/share/ros2_control_demo_example_12/gazebo/rrbot.gazebo.xacro
[19.748s] -- Up-to-date: /home/oh/slam_ws/install/ros2_control_demo_example_12/share/ros2_control_demo_example_12/launch
[19.748s] -- Installing: /home/oh/slam_ws/install/ros2_control_demo_example_12/share/ros2_control_demo_example_12/launch/launch_chained_controllers.launch.py
[19.748s] -- Installing: /home/oh/slam_ws/install/ros2_control_demo_example_12/share/ros2_control_demo_example_12/launch/rrbot.launch.py
[19.748s] -- Installing: /home/oh/slam_ws/install/ros2_control_demo_example_12/share/ros2_control_demo_example_12/config
[19.748s] -- Installing: /home/oh/slam_ws/install/ros2_control_demo_example_12/share/ros2_control_demo_example_12/config/rrbot_chained_controllers.yaml
[19.749s] -- Installing: /home/oh/slam_ws/install/ros2_control_demo_example_12/lib/libros2_control_demo_example_12.so
[19.749s] -- Set runtime path of "/home/oh/slam_ws/install/ros2_control_demo_example_12/lib/libros2_control_demo_example_12.so" to ""
[19.749s] -- Installing: /home/oh/slam_ws/install/ros2_control_demo_example_12/include/passthrough_controller
[19.749s] -- Installing: /home/oh/slam_ws/install/ros2_control_demo_example_12/include/passthrough_controller/passthrough_controller
[19.749s] -- Installing: /home/oh/slam_ws/install/ros2_control_demo_example_12/include/passthrough_controller/passthrough_controller/visibility_control.h
[19.749s] -- Installing: /home/oh/slam_ws/install/ros2_control_demo_example_12/include/passthrough_controller/passthrough_controller/passthrough_controller.hpp
[19.749s] -- Installing: /home/oh/slam_ws/install/ros2_control_demo_example_12/lib/libpassthrough_controller.so
[19.750s] -- Set runtime path of "/home/oh/slam_ws/install/ros2_control_demo_example_12/lib/libpassthrough_controller.so" to ""
[19.750s] -- Installing: /home/oh/slam_ws/install/ros2_control_demo_example_12/share/ros2_control_demo_example_12/environment/library_path.sh
[19.750s] -- Installing: /home/oh/slam_ws/install/ros2_control_demo_example_12/share/ros2_control_demo_example_12/environment/library_path.dsv
[19.750s] -- Installing: /home/oh/slam_ws/install/ros2_control_demo_example_12/share/ament_index/resource_index/package_run_dependencies/ros2_control_demo_example_12
[19.750s] -- Installing: /home/oh/slam_ws/install/ros2_control_demo_example_12/share/ament_index/resource_index/parent_prefix_path/ros2_control_demo_example_12
[19.750s] -- Installing: /home/oh/slam_ws/install/ros2_control_demo_example_12/share/ros2_control_demo_example_12/environment/ament_prefix_path.sh
[19.750s] -- Installing: /home/oh/slam_ws/install/ros2_control_demo_example_12/share/ros2_control_demo_example_12/environment/ament_prefix_path.dsv
[19.750s] -- Installing: /home/oh/slam_ws/install/ros2_control_demo_example_12/share/ros2_control_demo_example_12/environment/path.sh
[19.751s] -- Installing: /home/oh/slam_ws/install/ros2_control_demo_example_12/share/ros2_control_demo_example_12/environment/path.dsv
[19.751s] -- Installing: /home/oh/slam_ws/install/ros2_control_demo_example_12/share/ros2_control_demo_example_12/local_setup.bash
[19.751s] -- Installing: /home/oh/slam_ws/install/ros2_control_demo_example_12/share/ros2_control_demo_example_12/local_setup.sh
[19.751s] -- Installing: /home/oh/slam_ws/install/ros2_control_demo_example_12/share/ros2_control_demo_example_12/local_setup.zsh
[19.751s] -- Installing: /home/oh/slam_ws/install/ros2_control_demo_example_12/share/ros2_control_demo_example_12/local_setup.dsv
[19.751s] -- Installing: /home/oh/slam_ws/install/ros2_control_demo_example_12/share/ros2_control_demo_example_12/package.dsv
[19.751s] -- Installing: /home/oh/slam_ws/install/ros2_control_demo_example_12/share/ament_index/resource_index/packages/ros2_control_demo_example_12
[19.751s] -- Installing: /home/oh/slam_ws/install/ros2_control_demo_example_12/share/ament_index/resource_index/hardware_interface__pluginlib__plugin/ros2_control_demo_example_12
[19.751s] -- Installing: /home/oh/slam_ws/install/ros2_control_demo_example_12/share/ament_index/resource_index/controller_interface__pluginlib__plugin/ros2_control_demo_example_12
[19.751s] -- Installing: /home/oh/slam_ws/install/ros2_control_demo_example_12/share/ros2_control_demo_example_12/cmake/export_passthrough_controllerExport.cmake
[19.751s] -- Installing: /home/oh/slam_ws/install/ros2_control_demo_example_12/share/ros2_control_demo_example_12/cmake/export_passthrough_controllerExport-noconfig.cmake
[19.751s] -- Installing: /home/oh/slam_ws/install/ros2_control_demo_example_12/share/ros2_control_demo_example_12/cmake/export_ros2_control_demo_example_12Export.cmake
[19.751s] -- Installing: /home/oh/slam_ws/install/ros2_control_demo_example_12/share/ros2_control_demo_example_12/cmake/export_ros2_control_demo_example_12Export-noconfig.cmake
[19.752s] -- Installing: /home/oh/slam_ws/install/ros2_control_demo_example_12/share/ros2_control_demo_example_12/cmake/ament_cmake_export_targets-extras.cmake
[19.752s] -- Installing: /home/oh/slam_ws/install/ros2_control_demo_example_12/share/ros2_control_demo_example_12/cmake/ament_cmake_export_dependencies-extras.cmake
[19.752s] -- Installing: /home/oh/slam_ws/install/ros2_control_demo_example_12/share/ros2_control_demo_example_12/cmake/ros2_control_demo_example_12Config.cmake
[19.752s] -- Installing: /home/oh/slam_ws/install/ros2_control_demo_example_12/share/ros2_control_demo_example_12/cmake/ros2_control_demo_example_12Config-version.cmake
[19.752s] -- Installing: /home/oh/slam_ws/install/ros2_control_demo_example_12/share/ros2_control_demo_example_12/package.xml
[19.753s] Invoked command in '/home/oh/slam_ws/build/ros2_control_demo_example_12' returned '0': AMENT_PREFIX_PATH=/home/oh/slam_ws/install/ros2_control_demo_description:${AMENT_PREFIX_PATH} CMAKE_PREFIX_PATH=/home/oh/slam_ws/install/ros2_control_demo_description:/opt/ros/humble /usr/bin/cmake --install /home/oh/slam_ws/build/ros2_control_demo_example_12
