[1.075s] Invoking command in '/home/oh/slam_ws/src/my_aruco_to_goal_pose_pkg': PYTHONPATH=/home/oh/slam_ws/src/build/my_aruco_to_goal_pose_pkg/prefix_override:/home/oh/slam_ws/src/install/my_aruco_to_goal_pose_pkg/lib/python3.10/site-packages:${PYTHONPATH} /usr/bin/python3 -W ignore:setup.py install is deprecated setup.py egg_info --egg-base ../build/my_aruco_to_goal_pose_pkg build --build-base /home/oh/slam_ws/src/build/my_aruco_to_goal_pose_pkg/build install --record /home/oh/slam_ws/src/build/my_aruco_to_goal_pose_pkg/install.log --single-version-externally-managed install_data
[2.823s] running egg_info
[2.823s] creating ../build/my_aruco_to_goal_pose_pkg/my_aruco_to_goal_pose_pkg.egg-info
[2.823s] writing ../build/my_aruco_to_goal_pose_pkg/my_aruco_to_goal_pose_pkg.egg-info/PKG-INFO
[2.823s] writing dependency_links to ../build/my_aruco_to_goal_pose_pkg/my_aruco_to_goal_pose_pkg.egg-info/dependency_links.txt
[2.823s] writing entry points to ../build/my_aruco_to_goal_pose_pkg/my_aruco_to_goal_pose_pkg.egg-info/entry_points.txt
[2.823s] writing requirements to ../build/my_aruco_to_goal_pose_pkg/my_aruco_to_goal_pose_pkg.egg-info/requires.txt
[2.823s] writing top-level names to ../build/my_aruco_to_goal_pose_pkg/my_aruco_to_goal_pose_pkg.egg-info/top_level.txt
[2.823s] writing manifest file '../build/my_aruco_to_goal_pose_pkg/my_aruco_to_goal_pose_pkg.egg-info/SOURCES.txt'
[2.823s] reading manifest file '../build/my_aruco_to_goal_pose_pkg/my_aruco_to_goal_pose_pkg.egg-info/SOURCES.txt'
[2.824s] writing manifest file '../build/my_aruco_to_goal_pose_pkg/my_aruco_to_goal_pose_pkg.egg-info/SOURCES.txt'
[2.824s] running build
[2.824s] running build_py
[2.824s] creating /home/oh/slam_ws/src/build/my_aruco_to_goal_pose_pkg/build
[2.824s] creating /home/oh/slam_ws/src/build/my_aruco_to_goal_pose_pkg/build/lib
[2.824s] creating /home/oh/slam_ws/src/build/my_aruco_to_goal_pose_pkg/build/lib/my_aruco_to_goal_pose_pkg
[2.824s] copying my_aruco_to_goal_pose_pkg/aruco_sub_goal_pose_pub.py -> /home/oh/slam_ws/src/build/my_aruco_to_goal_pose_pkg/build/lib/my_aruco_to_goal_pose_pkg
[2.824s] copying my_aruco_to_goal_pose_pkg/__init__.py -> /home/oh/slam_ws/src/build/my_aruco_to_goal_pose_pkg/build/lib/my_aruco_to_goal_pose_pkg
[2.824s] running install
[2.824s] running install_lib
[2.824s] creating /home/oh/slam_ws/src/install/my_aruco_to_goal_pose_pkg/lib/python3.10/site-packages/my_aruco_to_goal_pose_pkg
[2.824s] copying /home/oh/slam_ws/src/build/my_aruco_to_goal_pose_pkg/build/lib/my_aruco_to_goal_pose_pkg/aruco_sub_goal_pose_pub.py -> /home/oh/slam_ws/src/install/my_aruco_to_goal_pose_pkg/lib/python3.10/site-packages/my_aruco_to_goal_pose_pkg
[2.824s] copying /home/oh/slam_ws/src/build/my_aruco_to_goal_pose_pkg/build/lib/my_aruco_to_goal_pose_pkg/__init__.py -> /home/oh/slam_ws/src/install/my_aruco_to_goal_pose_pkg/lib/python3.10/site-packages/my_aruco_to_goal_pose_pkg
[2.825s] byte-compiling /home/oh/slam_ws/src/install/my_aruco_to_goal_pose_pkg/lib/python3.10/site-packages/my_aruco_to_goal_pose_pkg/aruco_sub_goal_pose_pub.py to aruco_sub_goal_pose_pub.cpython-310.pyc
[2.825s] byte-compiling /home/oh/slam_ws/src/install/my_aruco_to_goal_pose_pkg/lib/python3.10/site-packages/my_aruco_to_goal_pose_pkg/__init__.py to __init__.cpython-310.pyc
[2.825s] running install_data
[2.825s] creating /home/oh/slam_ws/src/install/my_aruco_to_goal_pose_pkg/share/ament_index
[2.825s] creating /home/oh/slam_ws/src/install/my_aruco_to_goal_pose_pkg/share/ament_index/resource_index
[2.825s] creating /home/oh/slam_ws/src/install/my_aruco_to_goal_pose_pkg/share/ament_index/resource_index/packages
[2.825s] copying resource/my_aruco_to_goal_pose_pkg -> /home/oh/slam_ws/src/install/my_aruco_to_goal_pose_pkg/share/ament_index/resource_index/packages
[2.825s] copying package.xml -> /home/oh/slam_ws/src/install/my_aruco_to_goal_pose_pkg/share/my_aruco_to_goal_pose_pkg
[2.825s] running install_egg_info
[2.825s] Copying ../build/my_aruco_to_goal_pose_pkg/my_aruco_to_goal_pose_pkg.egg-info to /home/oh/slam_ws/src/install/my_aruco_to_goal_pose_pkg/lib/python3.10/site-packages/my_aruco_to_goal_pose_pkg-0.0.0-py3.10.egg-info
[2.825s] running install_scripts
[2.825s] Installing aruco_sub_goal_pose_pub script to /home/oh/slam_ws/src/install/my_aruco_to_goal_pose_pkg/lib/my_aruco_to_goal_pose_pkg
[2.825s] writing list of installed files to '/home/oh/slam_ws/src/build/my_aruco_to_goal_pose_pkg/install.log'
[2.881s] Invoked command in '/home/oh/slam_ws/src/my_aruco_to_goal_pose_pkg' returned '0': PYTHONPATH=/home/oh/slam_ws/src/build/my_aruco_to_goal_pose_pkg/prefix_override:/home/oh/slam_ws/src/install/my_aruco_to_goal_pose_pkg/lib/python3.10/site-packages:${PYTHONPATH} /usr/bin/python3 -W ignore:setup.py install is deprecated setup.py egg_info --egg-base ../build/my_aruco_to_goal_pose_pkg build --build-base /home/oh/slam_ws/src/build/my_aruco_to_goal_pose_pkg/build install --record /home/oh/slam_ws/src/build/my_aruco_to_goal_pose_pkg/install.log --single-version-externally-managed install_data
