[0.028s] Invoking command in '/home/oh/slam_ws/build/ros2_control_demo_example_6': AMENT_PREFIX_PATH=/home/oh/slam_ws/install/ros2_control_demo_description:${AMENT_PREFIX_PATH} CMAKE_PREFIX_PATH=/home/oh/slam_ws/install/ros2_control_demo_description:/opt/ros/humble /usr/bin/cmake /home/oh/slam_ws/src/ros2_control_demos/example_6 -DCMAKE_INSTALL_PREFIX=/home/oh/slam_ws/install/ros2_control_demo_example_6
[1.850s] -- The CXX compiler identification is GNU 11.4.0
[1.852s] -- Detecting CXX compiler ABI info
[1.852s] -- Detecting CXX compiler ABI info - done
[1.852s] -- Check for working CXX compiler: /usr/bin/c++ - skipped
[1.852s] -- Detecting CXX compile features
[1.852s] -- Detecting CXX compile features - done
[1.852s] -- Found ament_cmake: 1.3.8 (/opt/ros/humble/share/ament_cmake/cmake)
[1.853s] -- Found Python3: /usr/bin/python3 (found version "3.10.12") found components: Interpreter 
[1.853s] -- Found hardware_interface: 2.40.0 (/opt/ros/humble/share/hardware_interface/cmake)
[1.853s] -- Found rosidl_generator_c: 3.1.5 (/opt/ros/humble/share/rosidl_generator_c/cmake)
[1.853s] -- Found rosidl_adapter: 3.1.5 (/opt/ros/humble/share/rosidl_adapter/cmake)
[1.853s] -- Found rosidl_generator_cpp: 3.1.5 (/opt/ros/humble/share/rosidl_generator_cpp/cmake)
[1.853s] -- Using all available rosidl_typesupport_c: rosidl_typesupport_fastrtps_c;rosidl_typesupport_introspection_c
[1.853s] -- Using all available rosidl_typesupport_cpp: rosidl_typesupport_fastrtps_cpp;rosidl_typesupport_introspection_cpp
[1.943s] -- Found rmw_implementation_cmake: 6.1.1 (/opt/ros/humble/share/rmw_implementation_cmake/cmake)
[1.954s] -- Found rmw_fastrtps_cpp: 6.2.6 (/opt/ros/humble/share/rmw_fastrtps_cpp/cmake)
[2.001s] -- Found TinyXML2 via Config file: TinyXML2_DIR-NOTFOUND
[2.081s] -- Found OpenSSL: /usr/lib/x86_64-linux-gnu/libcrypto.so (found version "3.0.2")  
[2.084s] -- Found TinyXML2 via Config file: TinyXML2_DIR-NOTFOUND
[2.107s] -- Found FastRTPS: /opt/ros/humble/include  
[2.122s] -- Found TinyXML2 via Config file: TinyXML2_DIR-NOTFOUND
[2.132s] -- Found TinyXML2 via Config file: TinyXML2_DIR-NOTFOUND
[2.147s] -- Using RMW implementation 'rmw_fastrtps_cpp' as default
[2.159s] -- Looking for C++ include pthread.h
[2.281s] -- Looking for C++ include pthread.h - found
[2.282s] -- Performing Test CMAKE_HAVE_LIBC_PTHREAD
[2.373s] -- Performing Test CMAKE_HAVE_LIBC_PTHREAD - Success
[2.373s] -- Found Threads: TRUE  
[2.680s] -- Found ament_cmake_pytest: 1.3.8 (/opt/ros/humble/share/ament_cmake_pytest/cmake)
[3.647s] -- Configuring done
[3.675s] -- Generating done
[3.677s] -- Build files have been written to: /home/oh/slam_ws/build/ros2_control_demo_example_6
[3.694s] Invoked command in '/home/oh/slam_ws/build/ros2_control_demo_example_6' returned '0': AMENT_PREFIX_PATH=/home/oh/slam_ws/install/ros2_control_demo_description:${AMENT_PREFIX_PATH} CMAKE_PREFIX_PATH=/home/oh/slam_ws/install/ros2_control_demo_description:/opt/ros/humble /usr/bin/cmake /home/oh/slam_ws/src/ros2_control_demos/example_6 -DCMAKE_INSTALL_PREFIX=/home/oh/slam_ws/install/ros2_control_demo_example_6
[3.694s] Invoking command in '/home/oh/slam_ws/build/ros2_control_demo_example_6': AMENT_PREFIX_PATH=/home/oh/slam_ws/install/ros2_control_demo_description:${AMENT_PREFIX_PATH} CMAKE_PREFIX_PATH=/home/oh/slam_ws/install/ros2_control_demo_description:/opt/ros/humble /usr/bin/cmake --build /home/oh/slam_ws/build/ros2_control_demo_example_6 -- -j8 -l8
[7.043s] [ 50%] [32mBuilding CXX object CMakeFiles/ros2_control_demo_example_6.dir/hardware/rrbot_actuator.cpp.o[0m
[9.449s] [100%] [32m[1mLinking CXX shared library libros2_control_demo_example_6.so[0m
[9.664s] [100%] Built target ros2_control_demo_example_6
[9.680s] Invoked command in '/home/oh/slam_ws/build/ros2_control_demo_example_6' returned '0': AMENT_PREFIX_PATH=/home/oh/slam_ws/install/ros2_control_demo_description:${AMENT_PREFIX_PATH} CMAKE_PREFIX_PATH=/home/oh/slam_ws/install/ros2_control_demo_description:/opt/ros/humble /usr/bin/cmake --build /home/oh/slam_ws/build/ros2_control_demo_example_6 -- -j8 -l8
[9.750s] Invoking command in '/home/oh/slam_ws/build/ros2_control_demo_example_6': AMENT_PREFIX_PATH=/home/oh/slam_ws/install/ros2_control_demo_description:${AMENT_PREFIX_PATH} CMAKE_PREFIX_PATH=/home/oh/slam_ws/install/ros2_control_demo_description:/opt/ros/humble /usr/bin/cmake --install /home/oh/slam_ws/build/ros2_control_demo_example_6
[10.008s] -- Install configuration: ""
[10.008s] -- Installing: /home/oh/slam_ws/install/ros2_control_demo_example_6/share/ros2_control_demo_example_6/ros2_control_demo_example_6.xml
[10.008s] -- Installing: /home/oh/slam_ws/install/ros2_control_demo_example_6/include/ros2_control_demo_example_6
[10.008s] -- Installing: /home/oh/slam_ws/install/ros2_control_demo_example_6/include/ros2_control_demo_example_6/ros2_control_demo_example_6
[10.008s] -- Installing: /home/oh/slam_ws/install/ros2_control_demo_example_6/include/ros2_control_demo_example_6/ros2_control_demo_example_6/rrbot_actuator.hpp
[10.008s] -- Installing: /home/oh/slam_ws/install/ros2_control_demo_example_6/include/ros2_control_demo_example_6/ros2_control_demo_example_6/visibility_control.h
[10.008s] -- Installing: /home/oh/slam_ws/install/ros2_control_demo_example_6/share/ros2_control_demo_example_6/launch
[10.008s] -- Installing: /home/oh/slam_ws/install/ros2_control_demo_example_6/share/ros2_control_demo_example_6/launch/view_robot.launch.py
[10.008s] -- Installing: /home/oh/slam_ws/install/ros2_control_demo_example_6/share/ros2_control_demo_example_6/ros2_control
[10.008s] -- Installing: /home/oh/slam_ws/install/ros2_control_demo_example_6/share/ros2_control_demo_example_6/ros2_control/rrbot_modular_actuators.ros2_control.xacro
[10.008s] -- Installing: /home/oh/slam_ws/install/ros2_control_demo_example_6/share/ros2_control_demo_example_6/urdf
[10.008s] -- Installing: /home/oh/slam_ws/install/ros2_control_demo_example_6/share/ros2_control_demo_example_6/urdf/rrbot_modular_actuators.urdf.xacro
[10.008s] -- Up-to-date: /home/oh/slam_ws/install/ros2_control_demo_example_6/share/ros2_control_demo_example_6/launch
[10.008s] -- Installing: /home/oh/slam_ws/install/ros2_control_demo_example_6/share/ros2_control_demo_example_6/launch/test_forward_position_controller.launch.py
[10.009s] -- Installing: /home/oh/slam_ws/install/ros2_control_demo_example_6/share/ros2_control_demo_example_6/launch/rrbot_modular_actuators.launch.py
[10.009s] -- Installing: /home/oh/slam_ws/install/ros2_control_demo_example_6/share/ros2_control_demo_example_6/config
[10.009s] -- Installing: /home/oh/slam_ws/install/ros2_control_demo_example_6/share/ros2_control_demo_example_6/config/rrbot_modular_actuators.yaml
[10.009s] -- Installing: /home/oh/slam_ws/install/ros2_control_demo_example_6/share/ros2_control_demo_example_6/config/rrbot_forward_position_publisher.yaml
[10.009s] -- Installing: /home/oh/slam_ws/install/ros2_control_demo_example_6/lib/libros2_control_demo_example_6.so
[10.009s] -- Set runtime path of "/home/oh/slam_ws/install/ros2_control_demo_example_6/lib/libros2_control_demo_example_6.so" to ""
[10.009s] -- Installing: /home/oh/slam_ws/install/ros2_control_demo_example_6/share/ros2_control_demo_example_6/environment/library_path.sh
[10.009s] -- Installing: /home/oh/slam_ws/install/ros2_control_demo_example_6/share/ros2_control_demo_example_6/environment/library_path.dsv
[10.009s] -- Installing: /home/oh/slam_ws/install/ros2_control_demo_example_6/share/ament_index/resource_index/package_run_dependencies/ros2_control_demo_example_6
[10.009s] -- Installing: /home/oh/slam_ws/install/ros2_control_demo_example_6/share/ament_index/resource_index/parent_prefix_path/ros2_control_demo_example_6
[10.009s] -- Installing: /home/oh/slam_ws/install/ros2_control_demo_example_6/share/ros2_control_demo_example_6/environment/ament_prefix_path.sh
[10.009s] -- Installing: /home/oh/slam_ws/install/ros2_control_demo_example_6/share/ros2_control_demo_example_6/environment/ament_prefix_path.dsv
[10.009s] -- Installing: /home/oh/slam_ws/install/ros2_control_demo_example_6/share/ros2_control_demo_example_6/environment/path.sh
[10.009s] -- Installing: /home/oh/slam_ws/install/ros2_control_demo_example_6/share/ros2_control_demo_example_6/environment/path.dsv
[10.010s] -- Installing: /home/oh/slam_ws/install/ros2_control_demo_example_6/share/ros2_control_demo_example_6/local_setup.bash
[10.010s] -- Installing: /home/oh/slam_ws/install/ros2_control_demo_example_6/share/ros2_control_demo_example_6/local_setup.sh
[10.010s] -- Installing: /home/oh/slam_ws/install/ros2_control_demo_example_6/share/ros2_control_demo_example_6/local_setup.zsh
[10.010s] -- Installing: /home/oh/slam_ws/install/ros2_control_demo_example_6/share/ros2_control_demo_example_6/local_setup.dsv
[10.010s] -- Installing: /home/oh/slam_ws/install/ros2_control_demo_example_6/share/ros2_control_demo_example_6/package.dsv
[10.010s] -- Installing: /home/oh/slam_ws/install/ros2_control_demo_example_6/share/ament_index/resource_index/packages/ros2_control_demo_example_6
[10.010s] -- Installing: /home/oh/slam_ws/install/ros2_control_demo_example_6/share/ament_index/resource_index/hardware_interface__pluginlib__plugin/ros2_control_demo_example_6
[10.010s] -- Installing: /home/oh/slam_ws/install/ros2_control_demo_example_6/share/ros2_control_demo_example_6/cmake/export_ros2_control_demo_example_6Export.cmake
[10.010s] -- Installing: /home/oh/slam_ws/install/ros2_control_demo_example_6/share/ros2_control_demo_example_6/cmake/export_ros2_control_demo_example_6Export-noconfig.cmake
[10.010s] -- Installing: /home/oh/slam_ws/install/ros2_control_demo_example_6/share/ros2_control_demo_example_6/cmake/ament_cmake_export_targets-extras.cmake
[10.010s] -- Installing: /home/oh/slam_ws/install/ros2_control_demo_example_6/share/ros2_control_demo_example_6/cmake/ament_cmake_export_dependencies-extras.cmake
[10.010s] -- Installing: /home/oh/slam_ws/install/ros2_control_demo_example_6/share/ros2_control_demo_example_6/cmake/ros2_control_demo_example_6Config.cmake
[10.010s] -- Installing: /home/oh/slam_ws/install/ros2_control_demo_example_6/share/ros2_control_demo_example_6/cmake/ros2_control_demo_example_6Config-version.cmake
[10.010s] -- Installing: /home/oh/slam_ws/install/ros2_control_demo_example_6/share/ros2_control_demo_example_6/package.xml
[10.013s] Invoked command in '/home/oh/slam_ws/build/ros2_control_demo_example_6' returned '0': AMENT_PREFIX_PATH=/home/oh/slam_ws/install/ros2_control_demo_description:${AMENT_PREFIX_PATH} CMAKE_PREFIX_PATH=/home/oh/slam_ws/install/ros2_control_demo_description:/opt/ros/humble /usr/bin/cmake --install /home/oh/slam_ws/build/ros2_control_demo_example_6
