[0.030s] Invoking command in '/home/oh/slam_ws/build/odrive_ros2_control': AMENT_PREFIX_PATH=/home/oh/slam_ws/install/odrive_demo_bringup:/home/oh/slam_ws/install/odrive_demo_description:/home/oh/slam_ws/install/ros2_control_demo_description:/home/oh/slam_ws/install/odrive_hardware_interface:${AMENT_PREFIX_PATH} CMAKE_PREFIX_PATH=/home/oh/slam_ws/install/odrive_demo_bringup:/home/oh/slam_ws/install/odrive_demo_description:/home/oh/slam_ws/install/ros2_control_demo_description:/home/oh/slam_ws/install/odrive_hardware_interface:/opt/ros/humble LD_LIBRARY_PATH=/home/oh/slam_ws/install/odrive_hardware_interface/lib:${LD_LIBRARY_PATH} /usr/bin/cmake --build /home/oh/slam_ws/build/odrive_ros2_control -- -j8 -l8
[0.075s] Invoked command in '/home/oh/slam_ws/build/odrive_ros2_control' returned '0': AMENT_PREFIX_PATH=/home/oh/slam_ws/install/odrive_demo_bringup:/home/oh/slam_ws/install/odrive_demo_description:/home/oh/slam_ws/install/ros2_control_demo_description:/home/oh/slam_ws/install/odrive_hardware_interface:${AMENT_PREFIX_PATH} CMAKE_PREFIX_PATH=/home/oh/slam_ws/install/odrive_demo_bringup:/home/oh/slam_ws/install/odrive_demo_description:/home/oh/slam_ws/install/ros2_control_demo_description:/home/oh/slam_ws/install/odrive_hardware_interface:/opt/ros/humble LD_LIBRARY_PATH=/home/oh/slam_ws/install/odrive_hardware_interface/lib:${LD_LIBRARY_PATH} /usr/bin/cmake --build /home/oh/slam_ws/build/odrive_ros2_control -- -j8 -l8
[0.100s] Invoking command in '/home/oh/slam_ws/build/odrive_ros2_control': AMENT_PREFIX_PATH=/home/oh/slam_ws/install/odrive_demo_bringup:/home/oh/slam_ws/install/odrive_demo_description:/home/oh/slam_ws/install/ros2_control_demo_description:/home/oh/slam_ws/install/odrive_hardware_interface:${AMENT_PREFIX_PATH} CMAKE_PREFIX_PATH=/home/oh/slam_ws/install/odrive_demo_bringup:/home/oh/slam_ws/install/odrive_demo_description:/home/oh/slam_ws/install/ros2_control_demo_description:/home/oh/slam_ws/install/odrive_hardware_interface:/opt/ros/humble LD_LIBRARY_PATH=/home/oh/slam_ws/install/odrive_hardware_interface/lib:${LD_LIBRARY_PATH} /usr/bin/cmake --install /home/oh/slam_ws/build/odrive_ros2_control
[0.105s] -- Install configuration: ""
[0.105s] -- Up-to-date: /home/oh/slam_ws/install/odrive_ros2_control/share/ament_index/resource_index/package_run_dependencies/odrive_ros2_control
[0.105s] -- Up-to-date: /home/oh/slam_ws/install/odrive_ros2_control/share/ament_index/resource_index/parent_prefix_path/odrive_ros2_control
[0.105s] -- Up-to-date: /home/oh/slam_ws/install/odrive_ros2_control/share/odrive_ros2_control/environment/ament_prefix_path.sh
[0.105s] -- Up-to-date: /home/oh/slam_ws/install/odrive_ros2_control/share/odrive_ros2_control/environment/ament_prefix_path.dsv
[0.105s] -- Up-to-date: /home/oh/slam_ws/install/odrive_ros2_control/share/odrive_ros2_control/environment/path.sh
[0.105s] -- Up-to-date: /home/oh/slam_ws/install/odrive_ros2_control/share/odrive_ros2_control/environment/path.dsv
[0.105s] -- Up-to-date: /home/oh/slam_ws/install/odrive_ros2_control/share/odrive_ros2_control/local_setup.bash
[0.106s] -- Up-to-date: /home/oh/slam_ws/install/odrive_ros2_control/share/odrive_ros2_control/local_setup.sh
[0.106s] -- Up-to-date: /home/oh/slam_ws/install/odrive_ros2_control/share/odrive_ros2_control/local_setup.zsh
[0.106s] -- Up-to-date: /home/oh/slam_ws/install/odrive_ros2_control/share/odrive_ros2_control/local_setup.dsv
[0.106s] -- Installing: /home/oh/slam_ws/install/odrive_ros2_control/share/odrive_ros2_control/package.dsv
[0.106s] -- Up-to-date: /home/oh/slam_ws/install/odrive_ros2_control/share/ament_index/resource_index/packages/odrive_ros2_control
[0.106s] -- Up-to-date: /home/oh/slam_ws/install/odrive_ros2_control/share/odrive_ros2_control/cmake/odrive_ros2_controlConfig.cmake
[0.106s] -- Up-to-date: /home/oh/slam_ws/install/odrive_ros2_control/share/odrive_ros2_control/cmake/odrive_ros2_controlConfig-version.cmake
[0.106s] -- Up-to-date: /home/oh/slam_ws/install/odrive_ros2_control/share/odrive_ros2_control/package.xml
[0.122s] Invoked command in '/home/oh/slam_ws/build/odrive_ros2_control' returned '0': AMENT_PREFIX_PATH=/home/oh/slam_ws/install/odrive_demo_bringup:/home/oh/slam_ws/install/odrive_demo_description:/home/oh/slam_ws/install/ros2_control_demo_description:/home/oh/slam_ws/install/odrive_hardware_interface:${AMENT_PREFIX_PATH} CMAKE_PREFIX_PATH=/home/oh/slam_ws/install/odrive_demo_bringup:/home/oh/slam_ws/install/odrive_demo_description:/home/oh/slam_ws/install/ros2_control_demo_description:/home/oh/slam_ws/install/odrive_hardware_interface:/opt/ros/humble LD_LIBRARY_PATH=/home/oh/slam_ws/install/odrive_hardware_interface/lib:${LD_LIBRARY_PATH} /usr/bin/cmake --install /home/oh/slam_ws/build/odrive_ros2_control
