[0.040s] Invoking command in '/home/oh/slam_ws/build/ros2_control_demo_example_10': AMENT_PREFIX_PATH=/home/oh/slam_ws/install/ros2_control_demo_description:${AMENT_PREFIX_PATH} CMAKE_PREFIX_PATH=/home/oh/slam_ws/install/ros2_control_demo_description:/home/oh/nav2_ws/install/nav2_system_tests:/home/oh/nav2_ws/install/nav2_bringup:/home/oh/nav2_ws/install/navigation2:/home/oh/nav2_ws/install/nav2_smoother:/home/oh/nav2_ws/install/nav2_graceful_controller:/home/oh/nav2_ws/install/nav2_dwb_controller:/home/oh/nav2_ws/install/nav2_controller:/home/oh/nav2_ws/install/dwb_plugins:/home/oh/nav2_ws/install/dwb_critics:/home/oh/nav2_ws/install/dwb_core:/home/oh/nav2_ws/install/nav_2d_utils:/home/oh/nav2_ws/install/dwb_msgs:/home/oh/nav2_ws/install/nav_2d_msgs:/home/oh/nav2_ws/install/nav2_waypoint_follower:/home/oh/nav2_ws/install/nav2_theta_star_planner:/home/oh/nav2_ws/install/nav2_straightline_planner:/home/oh/nav2_ws/install/nav2_smac_planner:/home/oh/nav2_ws/install/nav2_rotation_shim_controller:/home/oh/nav2_ws/install/nav2_regulated_pure_pursuit_controller:/home/oh/nav2_ws/install/nav2_planner:/home/oh/nav2_ws/install/nav2_navfn_planner:/home/oh/nav2_ws/install/nav2_mppi_controller:/home/oh/nav2_ws/install/nav2_constrained_smoother:/home/oh/nav2_ws/install/nav2_bt_navigator:/home/oh/nav2_ws/install/nav2_behaviors:/home/oh/nav2_ws/install/nav2_core:/home/oh/nav2_ws/install/nav2_collision_monitor:/home/oh/nav2_ws/install/costmap_queue:/home/oh/nav2_ws/install/nav2_costmap_2d:/home/oh/nav2_ws/install/nav2_voxel_grid:/home/oh/nav2_ws/install/nav2_velocity_smoother:/home/oh/nav2_ws/install/nav2_rviz_plugins:/home/oh/nav2_ws/install/nav2_map_server:/home/oh/nav2_ws/install/nav2_lifecycle_manager:/home/oh/nav2_ws/install/nav2_behavior_tree:/home/oh/nav2_ws/install/nav2_amcl:/home/oh/nav2_ws/install/nav2_util:/home/oh/nav2_ws/install/nav2_msgs:/home/oh/nav2_ws/install/nav2_common:/home/oh/nav2_ws/install/nav2_simple_commander:/opt/ros/humble /usr/bin/cmake --build /home/oh/slam_ws/build/ros2_control_demo_example_10 -- -j8 -l8
[0.106s] [35m[1mConsolidate compiler generated dependencies of target ros2_control_demo_example_10[0m
[0.134s] [100%] Built target ros2_control_demo_example_10
[0.157s] Invoked command in '/home/oh/slam_ws/build/ros2_control_demo_example_10' returned '0': AMENT_PREFIX_PATH=/home/oh/slam_ws/install/ros2_control_demo_description:${AMENT_PREFIX_PATH} CMAKE_PREFIX_PATH=/home/oh/slam_ws/install/ros2_control_demo_description:/home/oh/nav2_ws/install/nav2_system_tests:/home/oh/nav2_ws/install/nav2_bringup:/home/oh/nav2_ws/install/navigation2:/home/oh/nav2_ws/install/nav2_smoother:/home/oh/nav2_ws/install/nav2_graceful_controller:/home/oh/nav2_ws/install/nav2_dwb_controller:/home/oh/nav2_ws/install/nav2_controller:/home/oh/nav2_ws/install/dwb_plugins:/home/oh/nav2_ws/install/dwb_critics:/home/oh/nav2_ws/install/dwb_core:/home/oh/nav2_ws/install/nav_2d_utils:/home/oh/nav2_ws/install/dwb_msgs:/home/oh/nav2_ws/install/nav_2d_msgs:/home/oh/nav2_ws/install/nav2_waypoint_follower:/home/oh/nav2_ws/install/nav2_theta_star_planner:/home/oh/nav2_ws/install/nav2_straightline_planner:/home/oh/nav2_ws/install/nav2_smac_planner:/home/oh/nav2_ws/install/nav2_rotation_shim_controller:/home/oh/nav2_ws/install/nav2_regulated_pure_pursuit_controller:/home/oh/nav2_ws/install/nav2_planner:/home/oh/nav2_ws/install/nav2_navfn_planner:/home/oh/nav2_ws/install/nav2_mppi_controller:/home/oh/nav2_ws/install/nav2_constrained_smoother:/home/oh/nav2_ws/install/nav2_bt_navigator:/home/oh/nav2_ws/install/nav2_behaviors:/home/oh/nav2_ws/install/nav2_core:/home/oh/nav2_ws/install/nav2_collision_monitor:/home/oh/nav2_ws/install/costmap_queue:/home/oh/nav2_ws/install/nav2_costmap_2d:/home/oh/nav2_ws/install/nav2_voxel_grid:/home/oh/nav2_ws/install/nav2_velocity_smoother:/home/oh/nav2_ws/install/nav2_rviz_plugins:/home/oh/nav2_ws/install/nav2_map_server:/home/oh/nav2_ws/install/nav2_lifecycle_manager:/home/oh/nav2_ws/install/nav2_behavior_tree:/home/oh/nav2_ws/install/nav2_amcl:/home/oh/nav2_ws/install/nav2_util:/home/oh/nav2_ws/install/nav2_msgs:/home/oh/nav2_ws/install/nav2_common:/home/oh/nav2_ws/install/nav2_simple_commander:/opt/ros/humble /usr/bin/cmake --build /home/oh/slam_ws/build/ros2_control_demo_example_10 -- -j8 -l8
[0.245s] Invoking command in '/home/oh/slam_ws/build/ros2_control_demo_example_10': AMENT_PREFIX_PATH=/home/oh/slam_ws/install/ros2_control_demo_description:${AMENT_PREFIX_PATH} CMAKE_PREFIX_PATH=/home/oh/slam_ws/install/ros2_control_demo_description:/home/oh/nav2_ws/install/nav2_system_tests:/home/oh/nav2_ws/install/nav2_bringup:/home/oh/nav2_ws/install/navigation2:/home/oh/nav2_ws/install/nav2_smoother:/home/oh/nav2_ws/install/nav2_graceful_controller:/home/oh/nav2_ws/install/nav2_dwb_controller:/home/oh/nav2_ws/install/nav2_controller:/home/oh/nav2_ws/install/dwb_plugins:/home/oh/nav2_ws/install/dwb_critics:/home/oh/nav2_ws/install/dwb_core:/home/oh/nav2_ws/install/nav_2d_utils:/home/oh/nav2_ws/install/dwb_msgs:/home/oh/nav2_ws/install/nav_2d_msgs:/home/oh/nav2_ws/install/nav2_waypoint_follower:/home/oh/nav2_ws/install/nav2_theta_star_planner:/home/oh/nav2_ws/install/nav2_straightline_planner:/home/oh/nav2_ws/install/nav2_smac_planner:/home/oh/nav2_ws/install/nav2_rotation_shim_controller:/home/oh/nav2_ws/install/nav2_regulated_pure_pursuit_controller:/home/oh/nav2_ws/install/nav2_planner:/home/oh/nav2_ws/install/nav2_navfn_planner:/home/oh/nav2_ws/install/nav2_mppi_controller:/home/oh/nav2_ws/install/nav2_constrained_smoother:/home/oh/nav2_ws/install/nav2_bt_navigator:/home/oh/nav2_ws/install/nav2_behaviors:/home/oh/nav2_ws/install/nav2_core:/home/oh/nav2_ws/install/nav2_collision_monitor:/home/oh/nav2_ws/install/costmap_queue:/home/oh/nav2_ws/install/nav2_costmap_2d:/home/oh/nav2_ws/install/nav2_voxel_grid:/home/oh/nav2_ws/install/nav2_velocity_smoother:/home/oh/nav2_ws/install/nav2_rviz_plugins:/home/oh/nav2_ws/install/nav2_map_server:/home/oh/nav2_ws/install/nav2_lifecycle_manager:/home/oh/nav2_ws/install/nav2_behavior_tree:/home/oh/nav2_ws/install/nav2_amcl:/home/oh/nav2_ws/install/nav2_util:/home/oh/nav2_ws/install/nav2_msgs:/home/oh/nav2_ws/install/nav2_common:/home/oh/nav2_ws/install/nav2_simple_commander:/opt/ros/humble /usr/bin/cmake --install /home/oh/slam_ws/build/ros2_control_demo_example_10
[0.257s] -- Install configuration: ""
[0.258s] -- Up-to-date: /home/oh/slam_ws/install/ros2_control_demo_example_10/share/ros2_control_demo_example_10/ros2_control_demo_example_10.xml
[0.258s] -- Up-to-date: /home/oh/slam_ws/install/ros2_control_demo_example_10/share/ros2_control_demo_example_10/ros2_control_demo_example_10.xml
[0.259s] -- Up-to-date: /home/oh/slam_ws/install/ros2_control_demo_example_10/include/ros2_control_demo_example_10
[0.260s] -- Up-to-date: /home/oh/slam_ws/install/ros2_control_demo_example_10/include/ros2_control_demo_example_10/ros2_control_demo_example_10
[0.261s] -- Up-to-date: /home/oh/slam_ws/install/ros2_control_demo_example_10/include/ros2_control_demo_example_10/ros2_control_demo_example_10/rrbot.hpp
[0.261s] -- Up-to-date: /home/oh/slam_ws/install/ros2_control_demo_example_10/include/ros2_control_demo_example_10/ros2_control_demo_example_10/visibility_control.h
[0.261s] -- Up-to-date: /home/oh/slam_ws/install/ros2_control_demo_example_10/include/ros2_control_demo_example_10
[0.261s] -- Up-to-date: /home/oh/slam_ws/install/ros2_control_demo_example_10/include/ros2_control_demo_example_10/ros2_control_demo_example_10
[0.261s] -- Up-to-date: /home/oh/slam_ws/install/ros2_control_demo_example_10/include/ros2_control_demo_example_10/ros2_control_demo_example_10/gpio_controller.hpp
[0.261s] -- Up-to-date: /home/oh/slam_ws/install/ros2_control_demo_example_10/share/ros2_control_demo_example_10/launch
[0.261s] -- Up-to-date: /home/oh/slam_ws/install/ros2_control_demo_example_10/share/ros2_control_demo_example_10/launch/view_robot.launch.py
[0.262s] -- Up-to-date: /home/oh/slam_ws/install/ros2_control_demo_example_10/share/ros2_control_demo_example_10/ros2_control
[0.262s] -- Up-to-date: /home/oh/slam_ws/install/ros2_control_demo_example_10/share/ros2_control_demo_example_10/ros2_control/rrbot.ros2_control.xacro
[0.262s] -- Up-to-date: /home/oh/slam_ws/install/ros2_control_demo_example_10/share/ros2_control_demo_example_10/urdf
[0.262s] -- Up-to-date: /home/oh/slam_ws/install/ros2_control_demo_example_10/share/ros2_control_demo_example_10/urdf/rrbot.urdf.xacro
[0.262s] -- Up-to-date: /home/oh/slam_ws/install/ros2_control_demo_example_10/share/ros2_control_demo_example_10/launch
[0.262s] -- Up-to-date: /home/oh/slam_ws/install/ros2_control_demo_example_10/share/ros2_control_demo_example_10/launch/rrbot.launch.py
[0.262s] -- Up-to-date: /home/oh/slam_ws/install/ros2_control_demo_example_10/share/ros2_control_demo_example_10/launch/test_forward_position_controller.launch.py
[0.263s] -- Up-to-date: /home/oh/slam_ws/install/ros2_control_demo_example_10/share/ros2_control_demo_example_10/config
[0.264s] -- Up-to-date: /home/oh/slam_ws/install/ros2_control_demo_example_10/share/ros2_control_demo_example_10/config/rrbot_controllers.yaml
[0.264s] -- Up-to-date: /home/oh/slam_ws/install/ros2_control_demo_example_10/share/ros2_control_demo_example_10/config/rrbot_forward_position_publisher.yaml
[0.265s] -- Up-to-date: /home/oh/slam_ws/install/ros2_control_demo_example_10/lib/libros2_control_demo_example_10.so
[0.265s] -- Up-to-date: /home/oh/slam_ws/install/ros2_control_demo_example_10/share/ros2_control_demo_example_10/environment/library_path.sh
[0.265s] -- Up-to-date: /home/oh/slam_ws/install/ros2_control_demo_example_10/share/ros2_control_demo_example_10/environment/library_path.dsv
[0.265s] -- Up-to-date: /home/oh/slam_ws/install/ros2_control_demo_example_10/share/ament_index/resource_index/package_run_dependencies/ros2_control_demo_example_10
[0.265s] -- Up-to-date: /home/oh/slam_ws/install/ros2_control_demo_example_10/share/ament_index/resource_index/parent_prefix_path/ros2_control_demo_example_10
[0.266s] -- Up-to-date: /home/oh/slam_ws/install/ros2_control_demo_example_10/share/ros2_control_demo_example_10/environment/ament_prefix_path.sh
[0.266s] -- Up-to-date: /home/oh/slam_ws/install/ros2_control_demo_example_10/share/ros2_control_demo_example_10/environment/ament_prefix_path.dsv
[0.266s] -- Up-to-date: /home/oh/slam_ws/install/ros2_control_demo_example_10/share/ros2_control_demo_example_10/environment/path.sh
[0.266s] -- Up-to-date: /home/oh/slam_ws/install/ros2_control_demo_example_10/share/ros2_control_demo_example_10/environment/path.dsv
[0.266s] -- Up-to-date: /home/oh/slam_ws/install/ros2_control_demo_example_10/share/ros2_control_demo_example_10/local_setup.bash
[0.266s] -- Up-to-date: /home/oh/slam_ws/install/ros2_control_demo_example_10/share/ros2_control_demo_example_10/local_setup.sh
[0.266s] -- Up-to-date: /home/oh/slam_ws/install/ros2_control_demo_example_10/share/ros2_control_demo_example_10/local_setup.zsh
[0.266s] -- Up-to-date: /home/oh/slam_ws/install/ros2_control_demo_example_10/share/ros2_control_demo_example_10/local_setup.dsv
[0.266s] -- Installing: /home/oh/slam_ws/install/ros2_control_demo_example_10/share/ros2_control_demo_example_10/package.dsv
[0.267s] -- Up-to-date: /home/oh/slam_ws/install/ros2_control_demo_example_10/share/ament_index/resource_index/packages/ros2_control_demo_example_10
[0.267s] -- Up-to-date: /home/oh/slam_ws/install/ros2_control_demo_example_10/share/ament_index/resource_index/hardware_interface__pluginlib__plugin/ros2_control_demo_example_10
[0.267s] -- Up-to-date: /home/oh/slam_ws/install/ros2_control_demo_example_10/share/ament_index/resource_index/controller_interface__pluginlib__plugin/ros2_control_demo_example_10
[0.267s] -- Up-to-date: /home/oh/slam_ws/install/ros2_control_demo_example_10/share/ros2_control_demo_example_10/cmake/export_ros2_control_demo_example_10Export.cmake
[0.268s] -- Up-to-date: /home/oh/slam_ws/install/ros2_control_demo_example_10/share/ros2_control_demo_example_10/cmake/export_ros2_control_demo_example_10Export-noconfig.cmake
[0.268s] -- Up-to-date: /home/oh/slam_ws/install/ros2_control_demo_example_10/share/ros2_control_demo_example_10/cmake/ament_cmake_export_targets-extras.cmake
[0.268s] -- Up-to-date: /home/oh/slam_ws/install/ros2_control_demo_example_10/share/ros2_control_demo_example_10/cmake/ament_cmake_export_dependencies-extras.cmake
[0.268s] -- Up-to-date: /home/oh/slam_ws/install/ros2_control_demo_example_10/share/ros2_control_demo_example_10/cmake/ros2_control_demo_example_10Config.cmake
[0.268s] -- Up-to-date: /home/oh/slam_ws/install/ros2_control_demo_example_10/share/ros2_control_demo_example_10/cmake/ros2_control_demo_example_10Config-version.cmake
[0.268s] -- Up-to-date: /home/oh/slam_ws/install/ros2_control_demo_example_10/share/ros2_control_demo_example_10/package.xml
[0.270s] Invoked command in '/home/oh/slam_ws/build/ros2_control_demo_example_10' returned '0': AMENT_PREFIX_PATH=/home/oh/slam_ws/install/ros2_control_demo_description:${AMENT_PREFIX_PATH} CMAKE_PREFIX_PATH=/home/oh/slam_ws/install/ros2_control_demo_description:/home/oh/nav2_ws/install/nav2_system_tests:/home/oh/nav2_ws/install/nav2_bringup:/home/oh/nav2_ws/install/navigation2:/home/oh/nav2_ws/install/nav2_smoother:/home/oh/nav2_ws/install/nav2_graceful_controller:/home/oh/nav2_ws/install/nav2_dwb_controller:/home/oh/nav2_ws/install/nav2_controller:/home/oh/nav2_ws/install/dwb_plugins:/home/oh/nav2_ws/install/dwb_critics:/home/oh/nav2_ws/install/dwb_core:/home/oh/nav2_ws/install/nav_2d_utils:/home/oh/nav2_ws/install/dwb_msgs:/home/oh/nav2_ws/install/nav_2d_msgs:/home/oh/nav2_ws/install/nav2_waypoint_follower:/home/oh/nav2_ws/install/nav2_theta_star_planner:/home/oh/nav2_ws/install/nav2_straightline_planner:/home/oh/nav2_ws/install/nav2_smac_planner:/home/oh/nav2_ws/install/nav2_rotation_shim_controller:/home/oh/nav2_ws/install/nav2_regulated_pure_pursuit_controller:/home/oh/nav2_ws/install/nav2_planner:/home/oh/nav2_ws/install/nav2_navfn_planner:/home/oh/nav2_ws/install/nav2_mppi_controller:/home/oh/nav2_ws/install/nav2_constrained_smoother:/home/oh/nav2_ws/install/nav2_bt_navigator:/home/oh/nav2_ws/install/nav2_behaviors:/home/oh/nav2_ws/install/nav2_core:/home/oh/nav2_ws/install/nav2_collision_monitor:/home/oh/nav2_ws/install/costmap_queue:/home/oh/nav2_ws/install/nav2_costmap_2d:/home/oh/nav2_ws/install/nav2_voxel_grid:/home/oh/nav2_ws/install/nav2_velocity_smoother:/home/oh/nav2_ws/install/nav2_rviz_plugins:/home/oh/nav2_ws/install/nav2_map_server:/home/oh/nav2_ws/install/nav2_lifecycle_manager:/home/oh/nav2_ws/install/nav2_behavior_tree:/home/oh/nav2_ws/install/nav2_amcl:/home/oh/nav2_ws/install/nav2_util:/home/oh/nav2_ws/install/nav2_msgs:/home/oh/nav2_ws/install/nav2_common:/home/oh/nav2_ws/install/nav2_simple_commander:/opt/ros/humble /usr/bin/cmake --install /home/oh/slam_ws/build/ros2_control_demo_example_10
