[0.032s] Invoking command in '/home/oh/slam_ws/src/build/ros2_control_demo_example_14': CMAKE_PREFIX_PATH=${CMAKE_PREFIX_PATH}:/home/oh/slam_ws/install/ros2_aruco:/home/oh/slam_ws/install/my_tf_package:/home/oh/slam_ws/install/my_tf2_package:/home/oh/slam_ws/install/my_docking:/home/oh/slam_ws/install/my_aruco_to_goal_pose_pkg:/home/oh/slam_ws/install/escape_from_cart:/opt/ros/humble /usr/bin/cmake /home/oh/slam_ws/src/ros2_control_demos/example_14 -DCMAKE_INSTALL_PREFIX=/home/oh/slam_ws/src/install/ros2_control_demo_example_14
[0.366s] -- The CXX compiler identification is GNU 11.4.0
[0.366s] -- Detecting CXX compiler ABI info
[0.366s] -- Detecting CXX compiler ABI info - done
[0.367s] -- Check for working CXX compiler: /usr/bin/c++ - skipped
[0.367s] -- Detecting CXX compile features
[0.367s] -- Detecting CXX compile features - done
[0.367s] -- Found ament_cmake: 1.3.8 (/opt/ros/humble/share/ament_cmake/cmake)
[0.520s] -- Found Python3: /usr/bin/python3 (found version "3.10.12") found components: Interpreter 
[0.691s] -- Found hardware_interface: 2.40.0 (/opt/ros/humble/share/hardware_interface/cmake)
[0.780s] -- Found rosidl_generator_c: 3.1.5 (/opt/ros/humble/share/rosidl_generator_c/cmake)
[0.793s] -- Found rosidl_adapter: 3.1.5 (/opt/ros/humble/share/rosidl_adapter/cmake)
[0.810s] -- Found rosidl_generator_cpp: 3.1.5 (/opt/ros/humble/share/rosidl_generator_cpp/cmake)
[0.857s] -- Using all available rosidl_typesupport_c: rosidl_typesupport_fastrtps_c;rosidl_typesupport_introspection_c
[0.876s] -- Using all available rosidl_typesupport_cpp: rosidl_typesupport_fastrtps_cpp;rosidl_typesupport_introspection_cpp
[1.761s] -- Found rmw_implementation_cmake: 6.1.1 (/opt/ros/humble/share/rmw_implementation_cmake/cmake)
[1.770s] -- Found rmw_fastrtps_cpp: 6.2.6 (/opt/ros/humble/share/rmw_fastrtps_cpp/cmake)
[1.834s] -- Found TinyXML2 via Config file: TinyXML2_DIR-NOTFOUND
[2.077s] -- Found OpenSSL: /usr/lib/x86_64-linux-gnu/libcrypto.so (found version "3.0.2")  
[2.080s] -- Found TinyXML2 via Config file: TinyXML2_DIR-NOTFOUND
[2.125s] -- Found FastRTPS: /opt/ros/humble/include  
[2.157s] -- Found TinyXML2 via Config file: TinyXML2_DIR-NOTFOUND
[2.192s] -- Found TinyXML2 via Config file: TinyXML2_DIR-NOTFOUND
[2.233s] -- Using RMW implementation 'rmw_fastrtps_cpp' as default
[2.300s] -- Looking for C++ include pthread.h
[2.728s] -- Looking for C++ include pthread.h - found
[2.728s] -- Performing Test CMAKE_HAVE_LIBC_PTHREAD
[3.165s] -- Performing Test CMAKE_HAVE_LIBC_PTHREAD - Success
[3.166s] -- Found Threads: TRUE  
[3.769s] -- Found realtime_tools: 2.5.0 (/opt/ros/humble/share/realtime_tools/cmake)
[4.119s] -- Found ament_cmake_gtest: 1.3.8 (/opt/ros/humble/share/ament_cmake_gtest/cmake)
[4.315s] -- Configuring done
[4.380s] -- Generating done
[4.380s] -- Build files have been written to: /home/oh/slam_ws/src/build/ros2_control_demo_example_14
[4.408s] Invoked command in '/home/oh/slam_ws/src/build/ros2_control_demo_example_14' returned '0': CMAKE_PREFIX_PATH=${CMAKE_PREFIX_PATH}:/home/oh/slam_ws/install/ros2_aruco:/home/oh/slam_ws/install/my_tf_package:/home/oh/slam_ws/install/my_tf2_package:/home/oh/slam_ws/install/my_docking:/home/oh/slam_ws/install/my_aruco_to_goal_pose_pkg:/home/oh/slam_ws/install/escape_from_cart:/opt/ros/humble /usr/bin/cmake /home/oh/slam_ws/src/ros2_control_demos/example_14 -DCMAKE_INSTALL_PREFIX=/home/oh/slam_ws/src/install/ros2_control_demo_example_14
[4.410s] Invoking command in '/home/oh/slam_ws/src/build/ros2_control_demo_example_14': CMAKE_PREFIX_PATH=${CMAKE_PREFIX_PATH}:/home/oh/slam_ws/install/ros2_aruco:/home/oh/slam_ws/install/my_tf_package:/home/oh/slam_ws/install/my_tf2_package:/home/oh/slam_ws/install/my_docking:/home/oh/slam_ws/install/my_aruco_to_goal_pose_pkg:/home/oh/slam_ws/install/escape_from_cart:/opt/ros/humble /usr/bin/cmake --build /home/oh/slam_ws/src/build/ros2_control_demo_example_14 -- -j8 -l8
[5.859s] [ 33%] [32mBuilding CXX object CMakeFiles/ros2_control_demo_example_14.dir/hardware/rrbot_actuator_without_feedback.cpp.o[0m
[5.889s] [ 66%] [32mBuilding CXX object CMakeFiles/ros2_control_demo_example_14.dir/hardware/rrbot_sensor_for_position_feedback.cpp.o[0m
[18.369s] [100%] [32m[1mLinking CXX shared library libros2_control_demo_example_14.so[0m
[18.945s] [100%] Built target ros2_control_demo_example_14
[18.986s] Invoked command in '/home/oh/slam_ws/src/build/ros2_control_demo_example_14' returned '0': CMAKE_PREFIX_PATH=${CMAKE_PREFIX_PATH}:/home/oh/slam_ws/install/ros2_aruco:/home/oh/slam_ws/install/my_tf_package:/home/oh/slam_ws/install/my_tf2_package:/home/oh/slam_ws/install/my_docking:/home/oh/slam_ws/install/my_aruco_to_goal_pose_pkg:/home/oh/slam_ws/install/escape_from_cart:/opt/ros/humble /usr/bin/cmake --build /home/oh/slam_ws/src/build/ros2_control_demo_example_14 -- -j8 -l8
[19.323s] Invoking command in '/home/oh/slam_ws/src/build/ros2_control_demo_example_14': CMAKE_PREFIX_PATH=${CMAKE_PREFIX_PATH}:/home/oh/slam_ws/install/ros2_aruco:/home/oh/slam_ws/install/my_tf_package:/home/oh/slam_ws/install/my_tf2_package:/home/oh/slam_ws/install/my_docking:/home/oh/slam_ws/install/my_aruco_to_goal_pose_pkg:/home/oh/slam_ws/install/escape_from_cart:/opt/ros/humble /usr/bin/cmake --install /home/oh/slam_ws/src/build/ros2_control_demo_example_14
[20.711s] -- Install configuration: ""
[20.711s] -- Installing: /home/oh/slam_ws/src/install/ros2_control_demo_example_14/share/ros2_control_demo_example_14/ros2_control_demo_example_14.xml
[20.711s] -- Installing: /home/oh/slam_ws/src/install/ros2_control_demo_example_14/include/ros2_control_demo_example_14
[20.711s] -- Installing: /home/oh/slam_ws/src/install/ros2_control_demo_example_14/include/ros2_control_demo_example_14/ros2_control_demo_example_14
[20.711s] -- Installing: /home/oh/slam_ws/src/install/ros2_control_demo_example_14/include/ros2_control_demo_example_14/ros2_control_demo_example_14/rrbot_sensor_for_position_feedback.hpp
[20.711s] -- Installing: /home/oh/slam_ws/src/install/ros2_control_demo_example_14/include/ros2_control_demo_example_14/ros2_control_demo_example_14/rrbot_actuator_without_feedback.hpp
[20.712s] -- Installing: /home/oh/slam_ws/src/install/ros2_control_demo_example_14/include/ros2_control_demo_example_14/ros2_control_demo_example_14/visibility_control.h
[20.712s] -- Installing: /home/oh/slam_ws/src/install/ros2_control_demo_example_14/share/ros2_control_demo_example_14/launch
[20.712s] -- Installing: /home/oh/slam_ws/src/install/ros2_control_demo_example_14/share/ros2_control_demo_example_14/launch/view_robot.launch.py
[20.712s] -- Installing: /home/oh/slam_ws/src/install/ros2_control_demo_example_14/share/ros2_control_demo_example_14/ros2_control
[20.712s] -- Installing: /home/oh/slam_ws/src/install/ros2_control_demo_example_14/share/ros2_control_demo_example_14/ros2_control/rrbot_modular_actuators_without_feedback_sensors_for_position_feedback.ros2_control.xacro
[20.712s] -- Installing: /home/oh/slam_ws/src/install/ros2_control_demo_example_14/share/ros2_control_demo_example_14/urdf
[20.712s] -- Installing: /home/oh/slam_ws/src/install/ros2_control_demo_example_14/share/ros2_control_demo_example_14/urdf/rrbot_modular_actuators_without_feedback_sensors_for_position_feedback.urdf.xacro
[20.712s] -- Up-to-date: /home/oh/slam_ws/src/install/ros2_control_demo_example_14/share/ros2_control_demo_example_14/launch
[20.712s] -- Installing: /home/oh/slam_ws/src/install/ros2_control_demo_example_14/share/ros2_control_demo_example_14/launch/rrbot_modular_actuators_without_feedback_sensors_for_position_feedback.launch.py
[20.712s] -- Installing: /home/oh/slam_ws/src/install/ros2_control_demo_example_14/share/ros2_control_demo_example_14/config
[20.712s] -- Installing: /home/oh/slam_ws/src/install/ros2_control_demo_example_14/share/ros2_control_demo_example_14/config/rrbot_modular_actuators_without_feedback_sensors_for_position_feedback.yaml
[20.712s] -- Installing: /home/oh/slam_ws/src/install/ros2_control_demo_example_14/lib/libros2_control_demo_example_14.so
[20.712s] -- Set runtime path of "/home/oh/slam_ws/src/install/ros2_control_demo_example_14/lib/libros2_control_demo_example_14.so" to ""
[20.712s] -- Installing: /home/oh/slam_ws/src/install/ros2_control_demo_example_14/share/ros2_control_demo_example_14/environment/library_path.sh
[20.712s] -- Installing: /home/oh/slam_ws/src/install/ros2_control_demo_example_14/share/ros2_control_demo_example_14/environment/library_path.dsv
[20.713s] -- Installing: /home/oh/slam_ws/src/install/ros2_control_demo_example_14/share/ament_index/resource_index/package_run_dependencies/ros2_control_demo_example_14
[20.713s] -- Installing: /home/oh/slam_ws/src/install/ros2_control_demo_example_14/share/ament_index/resource_index/parent_prefix_path/ros2_control_demo_example_14
[20.713s] -- Installing: /home/oh/slam_ws/src/install/ros2_control_demo_example_14/share/ros2_control_demo_example_14/environment/ament_prefix_path.sh
[20.713s] -- Installing: /home/oh/slam_ws/src/install/ros2_control_demo_example_14/share/ros2_control_demo_example_14/environment/ament_prefix_path.dsv
[20.713s] -- Installing: /home/oh/slam_ws/src/install/ros2_control_demo_example_14/share/ros2_control_demo_example_14/environment/path.sh
[20.713s] -- Installing: /home/oh/slam_ws/src/install/ros2_control_demo_example_14/share/ros2_control_demo_example_14/environment/path.dsv
[20.713s] -- Installing: /home/oh/slam_ws/src/install/ros2_control_demo_example_14/share/ros2_control_demo_example_14/local_setup.bash
[20.713s] -- Installing: /home/oh/slam_ws/src/install/ros2_control_demo_example_14/share/ros2_control_demo_example_14/local_setup.sh
[20.713s] -- Installing: /home/oh/slam_ws/src/install/ros2_control_demo_example_14/share/ros2_control_demo_example_14/local_setup.zsh
[20.713s] -- Installing: /home/oh/slam_ws/src/install/ros2_control_demo_example_14/share/ros2_control_demo_example_14/local_setup.dsv
[20.713s] -- Installing: /home/oh/slam_ws/src/install/ros2_control_demo_example_14/share/ros2_control_demo_example_14/package.dsv
[20.713s] -- Installing: /home/oh/slam_ws/src/install/ros2_control_demo_example_14/share/ament_index/resource_index/packages/ros2_control_demo_example_14
[20.713s] -- Installing: /home/oh/slam_ws/src/install/ros2_control_demo_example_14/share/ament_index/resource_index/hardware_interface__pluginlib__plugin/ros2_control_demo_example_14
[20.713s] -- Installing: /home/oh/slam_ws/src/install/ros2_control_demo_example_14/share/ros2_control_demo_example_14/cmake/export_ros2_control_demo_example_14Export.cmake
[20.714s] -- Installing: /home/oh/slam_ws/src/install/ros2_control_demo_example_14/share/ros2_control_demo_example_14/cmake/export_ros2_control_demo_example_14Export-noconfig.cmake
[20.714s] -- Installing: /home/oh/slam_ws/src/install/ros2_control_demo_example_14/share/ros2_control_demo_example_14/cmake/ament_cmake_export_targets-extras.cmake
[20.714s] -- Installing: /home/oh/slam_ws/src/install/ros2_control_demo_example_14/share/ros2_control_demo_example_14/cmake/ament_cmake_export_dependencies-extras.cmake
[20.714s] -- Installing: /home/oh/slam_ws/src/install/ros2_control_demo_example_14/share/ros2_control_demo_example_14/cmake/ros2_control_demo_example_14Config.cmake
[20.714s] -- Installing: /home/oh/slam_ws/src/install/ros2_control_demo_example_14/share/ros2_control_demo_example_14/cmake/ros2_control_demo_example_14Config-version.cmake
[20.714s] -- Installing: /home/oh/slam_ws/src/install/ros2_control_demo_example_14/share/ros2_control_demo_example_14/package.xml
[20.765s] Invoked command in '/home/oh/slam_ws/src/build/ros2_control_demo_example_14' returned '0': CMAKE_PREFIX_PATH=${CMAKE_PREFIX_PATH}:/home/oh/slam_ws/install/ros2_aruco:/home/oh/slam_ws/install/my_tf_package:/home/oh/slam_ws/install/my_tf2_package:/home/oh/slam_ws/install/my_docking:/home/oh/slam_ws/install/my_aruco_to_goal_pose_pkg:/home/oh/slam_ws/install/escape_from_cart:/opt/ros/humble /usr/bin/cmake --install /home/oh/slam_ws/src/build/ros2_control_demo_example_14
