[0.033s] Invoking command in '/home/oh/slam_ws/build/odrive_hardware_interface': CMAKE_PREFIX_PATH=${CMAKE_PREFIX_PATH}:/home/oh/slam_ws/install/ros2_aruco:/home/oh/slam_ws/install/my_tf_package:/home/oh/slam_ws/install/my_tf2_package:/home/oh/slam_ws/install/my_aruco_to_goal_pose_pkg:/opt/ros/humble /usr/bin/cmake --build /home/oh/slam_ws/build/odrive_hardware_interface -- -j8 -l8
[0.318s] [ 50%] Built target odrive_usb
[0.318s] [100%] Built target odrive_hardware_interface
[0.321s] Invoked command in '/home/oh/slam_ws/build/odrive_hardware_interface' returned '0': CMAKE_PREFIX_PATH=${CMAKE_PREFIX_PATH}:/home/oh/slam_ws/install/ros2_aruco:/home/oh/slam_ws/install/my_tf_package:/home/oh/slam_ws/install/my_tf2_package:/home/oh/slam_ws/install/my_aruco_to_goal_pose_pkg:/opt/ros/humble /usr/bin/cmake --build /home/oh/slam_ws/build/odrive_hardware_interface -- -j8 -l8
[0.542s] Invoking command in '/home/oh/slam_ws/build/odrive_hardware_interface': CMAKE_PREFIX_PATH=${CMAKE_PREFIX_PATH}:/home/oh/slam_ws/install/ros2_aruco:/home/oh/slam_ws/install/my_tf_package:/home/oh/slam_ws/install/my_tf2_package:/home/oh/slam_ws/install/my_aruco_to_goal_pose_pkg:/opt/ros/humble /usr/bin/cmake --install /home/oh/slam_ws/build/odrive_hardware_interface
[0.559s] -- Install configuration: ""
[0.560s] -- Up-to-date: /home/oh/slam_ws/install/odrive_hardware_interface/share/odrive_hardware_interface/odrive_hardware_interface.xml
[0.560s] -- Up-to-date: /home/oh/slam_ws/install/odrive_hardware_interface/include
[0.561s] -- Up-to-date: /home/oh/slam_ws/install/odrive_hardware_interface/include/odrive_hardware_interface
[0.561s] -- Up-to-date: /home/oh/slam_ws/install/odrive_hardware_interface/include/odrive_hardware_interface/visibility_control.hpp
[0.561s] -- Up-to-date: /home/oh/slam_ws/install/odrive_hardware_interface/include/odrive_hardware_interface/odrive_endpoints.hpp
[0.561s] -- Up-to-date: /home/oh/slam_ws/install/odrive_hardware_interface/include/odrive_hardware_interface/odrive_usb.hpp
[0.561s] -- Up-to-date: /home/oh/slam_ws/install/odrive_hardware_interface/include/odrive_hardware_interface/odrive_hardware_interface.hpp
[0.561s] -- Up-to-date: /home/oh/slam_ws/install/odrive_hardware_interface/share/odrive_hardware_interface/environment/library_path.sh
[0.561s] -- Up-to-date: /home/oh/slam_ws/install/odrive_hardware_interface/share/odrive_hardware_interface/environment/library_path.dsv
[0.561s] -- Up-to-date: /home/oh/slam_ws/install/odrive_hardware_interface/lib/libodrive_usb.so
[0.561s] -- Up-to-date: /home/oh/slam_ws/install/odrive_hardware_interface/lib/libodrive_hardware_interface.so
[0.562s] -- Up-to-date: /home/oh/slam_ws/install/odrive_hardware_interface/share/ament_index/resource_index/package_run_dependencies/odrive_hardware_interface
[0.562s] -- Up-to-date: /home/oh/slam_ws/install/odrive_hardware_interface/share/ament_index/resource_index/parent_prefix_path/odrive_hardware_interface
[0.562s] -- Up-to-date: /home/oh/slam_ws/install/odrive_hardware_interface/share/odrive_hardware_interface/environment/ament_prefix_path.sh
[0.562s] -- Up-to-date: /home/oh/slam_ws/install/odrive_hardware_interface/share/odrive_hardware_interface/environment/ament_prefix_path.dsv
[0.563s] -- Up-to-date: /home/oh/slam_ws/install/odrive_hardware_interface/share/odrive_hardware_interface/environment/path.sh
[0.563s] -- Up-to-date: /home/oh/slam_ws/install/odrive_hardware_interface/share/odrive_hardware_interface/environment/path.dsv
[0.563s] -- Up-to-date: /home/oh/slam_ws/install/odrive_hardware_interface/share/odrive_hardware_interface/local_setup.bash
[0.563s] -- Up-to-date: /home/oh/slam_ws/install/odrive_hardware_interface/share/odrive_hardware_interface/local_setup.sh
[0.563s] -- Up-to-date: /home/oh/slam_ws/install/odrive_hardware_interface/share/odrive_hardware_interface/local_setup.zsh
[0.563s] -- Up-to-date: /home/oh/slam_ws/install/odrive_hardware_interface/share/odrive_hardware_interface/local_setup.dsv
[0.563s] -- Installing: /home/oh/slam_ws/install/odrive_hardware_interface/share/odrive_hardware_interface/package.dsv
[0.563s] -- Up-to-date: /home/oh/slam_ws/install/odrive_hardware_interface/share/ament_index/resource_index/packages/odrive_hardware_interface
[0.563s] -- Up-to-date: /home/oh/slam_ws/install/odrive_hardware_interface/share/ament_index/resource_index/hardware_interface__pluginlib__plugin/odrive_hardware_interface
[0.563s] -- Up-to-date: /home/oh/slam_ws/install/odrive_hardware_interface/share/odrive_hardware_interface/cmake/ament_cmake_export_dependencies-extras.cmake
[0.563s] -- Up-to-date: /home/oh/slam_ws/install/odrive_hardware_interface/share/odrive_hardware_interface/cmake/ament_cmake_export_include_directories-extras.cmake
[0.564s] -- Up-to-date: /home/oh/slam_ws/install/odrive_hardware_interface/share/odrive_hardware_interface/cmake/ament_cmake_export_libraries-extras.cmake
[0.564s] -- Up-to-date: /home/oh/slam_ws/install/odrive_hardware_interface/share/odrive_hardware_interface/cmake/odrive_hardware_interfaceConfig.cmake
[0.564s] -- Up-to-date: /home/oh/slam_ws/install/odrive_hardware_interface/share/odrive_hardware_interface/cmake/odrive_hardware_interfaceConfig-version.cmake
[0.564s] -- Up-to-date: /home/oh/slam_ws/install/odrive_hardware_interface/share/odrive_hardware_interface/package.xml
[0.580s] Invoked command in '/home/oh/slam_ws/build/odrive_hardware_interface' returned '0': CMAKE_PREFIX_PATH=${CMAKE_PREFIX_PATH}:/home/oh/slam_ws/install/ros2_aruco:/home/oh/slam_ws/install/my_tf_package:/home/oh/slam_ws/install/my_tf2_package:/home/oh/slam_ws/install/my_aruco_to_goal_pose_pkg:/opt/ros/humble /usr/bin/cmake --install /home/oh/slam_ws/build/odrive_hardware_interface
