[0.018s] Invoking command in '/home/oh/slam_ws/build/ros2_control_demo_example_1': AMENT_PREFIX_PATH=/home/oh/slam_ws/install/ros2_control_demo_description:${AMENT_PREFIX_PATH} CMAKE_PREFIX_PATH=/home/oh/slam_ws/install/ros2_control_demo_description:/opt/ros/humble /usr/bin/cmake --build /home/oh/slam_ws/build/ros2_control_demo_example_1 -- -j8 -l8
[0.086s] [100%] Built target ros2_control_demo_example_1
[0.101s] Invoked command in '/home/oh/slam_ws/build/ros2_control_demo_example_1' returned '0': AMENT_PREFIX_PATH=/home/oh/slam_ws/install/ros2_control_demo_description:${AMENT_PREFIX_PATH} CMAKE_PREFIX_PATH=/home/oh/slam_ws/install/ros2_control_demo_description:/opt/ros/humble /usr/bin/cmake --build /home/oh/slam_ws/build/ros2_control_demo_example_1 -- -j8 -l8
[0.146s] Invoking command in '/home/oh/slam_ws/build/ros2_control_demo_example_1': AMENT_PREFIX_PATH=/home/oh/slam_ws/install/ros2_control_demo_description:${AMENT_PREFIX_PATH} CMAKE_PREFIX_PATH=/home/oh/slam_ws/install/ros2_control_demo_description:/opt/ros/humble /usr/bin/cmake --install /home/oh/slam_ws/build/ros2_control_demo_example_1
[0.159s] -- Install configuration: ""
[0.159s] -- Up-to-date: /home/oh/slam_ws/install/ros2_control_demo_example_1/share/ros2_control_demo_example_1/ros2_control_demo_example_1.xml
[0.159s] -- Up-to-date: /home/oh/slam_ws/install/ros2_control_demo_example_1/include/ros2_control_demo_example_1
[0.159s] -- Up-to-date: /home/oh/slam_ws/install/ros2_control_demo_example_1/include/ros2_control_demo_example_1/ros2_control_demo_example_1
[0.159s] -- Up-to-date: /home/oh/slam_ws/install/ros2_control_demo_example_1/include/ros2_control_demo_example_1/ros2_control_demo_example_1/rrbot.hpp
[0.159s] -- Up-to-date: /home/oh/slam_ws/install/ros2_control_demo_example_1/include/ros2_control_demo_example_1/ros2_control_demo_example_1/visibility_control.h
[0.159s] -- Up-to-date: /home/oh/slam_ws/install/ros2_control_demo_example_1/share/ros2_control_demo_example_1/launch
[0.159s] -- Up-to-date: /home/oh/slam_ws/install/ros2_control_demo_example_1/share/ros2_control_demo_example_1/launch/view_robot.launch.py
[0.159s] -- Up-to-date: /home/oh/slam_ws/install/ros2_control_demo_example_1/share/ros2_control_demo_example_1/ros2_control
[0.160s] -- Up-to-date: /home/oh/slam_ws/install/ros2_control_demo_example_1/share/ros2_control_demo_example_1/ros2_control/rrbot.ros2_control.xacro
[0.160s] -- Up-to-date: /home/oh/slam_ws/install/ros2_control_demo_example_1/share/ros2_control_demo_example_1/urdf
[0.160s] -- Up-to-date: /home/oh/slam_ws/install/ros2_control_demo_example_1/share/ros2_control_demo_example_1/urdf/rrbot.urdf.xacro
[0.160s] -- Up-to-date: /home/oh/slam_ws/install/ros2_control_demo_example_1/share/ros2_control_demo_example_1/launch
[0.160s] -- Up-to-date: /home/oh/slam_ws/install/ros2_control_demo_example_1/share/ros2_control_demo_example_1/launch/test_joint_trajectory_controller.launch.py
[0.160s] -- Up-to-date: /home/oh/slam_ws/install/ros2_control_demo_example_1/share/ros2_control_demo_example_1/launch/rrbot.launch.py
[0.160s] -- Up-to-date: /home/oh/slam_ws/install/ros2_control_demo_example_1/share/ros2_control_demo_example_1/launch/test_forward_position_controller.launch.py
[0.160s] -- Up-to-date: /home/oh/slam_ws/install/ros2_control_demo_example_1/share/ros2_control_demo_example_1/config
[0.160s] -- Up-to-date: /home/oh/slam_ws/install/ros2_control_demo_example_1/share/ros2_control_demo_example_1/config/rrbot_controllers.yaml
[0.160s] -- Up-to-date: /home/oh/slam_ws/install/ros2_control_demo_example_1/share/ros2_control_demo_example_1/config/rrbot_joint_trajectory_publisher.yaml
[0.160s] -- Up-to-date: /home/oh/slam_ws/install/ros2_control_demo_example_1/share/ros2_control_demo_example_1/config/rrbot_forward_position_publisher.yaml
[0.160s] -- Up-to-date: /home/oh/slam_ws/install/ros2_control_demo_example_1/lib/libros2_control_demo_example_1.so
[0.160s] -- Up-to-date: /home/oh/slam_ws/install/ros2_control_demo_example_1/share/ros2_control_demo_example_1/environment/library_path.sh
[0.161s] -- Up-to-date: /home/oh/slam_ws/install/ros2_control_demo_example_1/share/ros2_control_demo_example_1/environment/library_path.dsv
[0.161s] -- Up-to-date: /home/oh/slam_ws/install/ros2_control_demo_example_1/share/ament_index/resource_index/package_run_dependencies/ros2_control_demo_example_1
[0.161s] -- Up-to-date: /home/oh/slam_ws/install/ros2_control_demo_example_1/share/ament_index/resource_index/parent_prefix_path/ros2_control_demo_example_1
[0.161s] -- Up-to-date: /home/oh/slam_ws/install/ros2_control_demo_example_1/share/ros2_control_demo_example_1/environment/ament_prefix_path.sh
[0.161s] -- Up-to-date: /home/oh/slam_ws/install/ros2_control_demo_example_1/share/ros2_control_demo_example_1/environment/ament_prefix_path.dsv
[0.161s] -- Up-to-date: /home/oh/slam_ws/install/ros2_control_demo_example_1/share/ros2_control_demo_example_1/environment/path.sh
[0.161s] -- Up-to-date: /home/oh/slam_ws/install/ros2_control_demo_example_1/share/ros2_control_demo_example_1/environment/path.dsv
[0.161s] -- Up-to-date: /home/oh/slam_ws/install/ros2_control_demo_example_1/share/ros2_control_demo_example_1/local_setup.bash
[0.161s] -- Up-to-date: /home/oh/slam_ws/install/ros2_control_demo_example_1/share/ros2_control_demo_example_1/local_setup.sh
[0.161s] -- Up-to-date: /home/oh/slam_ws/install/ros2_control_demo_example_1/share/ros2_control_demo_example_1/local_setup.zsh
[0.161s] -- Up-to-date: /home/oh/slam_ws/install/ros2_control_demo_example_1/share/ros2_control_demo_example_1/local_setup.dsv
[0.162s] -- Installing: /home/oh/slam_ws/install/ros2_control_demo_example_1/share/ros2_control_demo_example_1/package.dsv
[0.162s] -- Up-to-date: /home/oh/slam_ws/install/ros2_control_demo_example_1/share/ament_index/resource_index/packages/ros2_control_demo_example_1
[0.162s] -- Up-to-date: /home/oh/slam_ws/install/ros2_control_demo_example_1/share/ament_index/resource_index/hardware_interface__pluginlib__plugin/ros2_control_demo_example_1
[0.162s] -- Up-to-date: /home/oh/slam_ws/install/ros2_control_demo_example_1/share/ros2_control_demo_example_1/cmake/export_ros2_control_demo_example_1Export.cmake
[0.162s] -- Up-to-date: /home/oh/slam_ws/install/ros2_control_demo_example_1/share/ros2_control_demo_example_1/cmake/export_ros2_control_demo_example_1Export-noconfig.cmake
[0.162s] -- Up-to-date: /home/oh/slam_ws/install/ros2_control_demo_example_1/share/ros2_control_demo_example_1/cmake/ament_cmake_export_targets-extras.cmake
[0.162s] -- Up-to-date: /home/oh/slam_ws/install/ros2_control_demo_example_1/share/ros2_control_demo_example_1/cmake/ament_cmake_export_dependencies-extras.cmake
[0.162s] -- Up-to-date: /home/oh/slam_ws/install/ros2_control_demo_example_1/share/ros2_control_demo_example_1/cmake/ros2_control_demo_example_1Config.cmake
[0.162s] -- Up-to-date: /home/oh/slam_ws/install/ros2_control_demo_example_1/share/ros2_control_demo_example_1/cmake/ros2_control_demo_example_1Config-version.cmake
[0.162s] -- Up-to-date: /home/oh/slam_ws/install/ros2_control_demo_example_1/share/ros2_control_demo_example_1/package.xml
[0.187s] Invoked command in '/home/oh/slam_ws/build/ros2_control_demo_example_1' returned '0': AMENT_PREFIX_PATH=/home/oh/slam_ws/install/ros2_control_demo_description:${AMENT_PREFIX_PATH} CMAKE_PREFIX_PATH=/home/oh/slam_ws/install/ros2_control_demo_description:/opt/ros/humble /usr/bin/cmake --install /home/oh/slam_ws/build/ros2_control_demo_example_1
