[0.918s] Invoking command in '/home/oh/slam_ws/src/my_tf2_package': PYTHONPATH=/home/oh/slam_ws/build/my_tf2_package/prefix_override:/home/oh/slam_ws/install/my_tf2_package/lib/python3.10/site-packages:${PYTHONPATH} /usr/bin/python3 -W ignore:setup.py install is deprecated setup.py egg_info --egg-base ../../build/my_tf2_package build --build-base /home/oh/slam_ws/build/my_tf2_package/build install --record /home/oh/slam_ws/build/my_tf2_package/install.log --single-version-externally-managed install_data
[1.103s] running egg_info
[1.104s] writing ../../build/my_tf2_package/my_tf2_package.egg-info/PKG-INFO
[1.104s] writing dependency_links to ../../build/my_tf2_package/my_tf2_package.egg-info/dependency_links.txt
[1.104s] writing entry points to ../../build/my_tf2_package/my_tf2_package.egg-info/entry_points.txt
[1.104s] writing requirements to ../../build/my_tf2_package/my_tf2_package.egg-info/requires.txt
[1.104s] writing top-level names to ../../build/my_tf2_package/my_tf2_package.egg-info/top_level.txt
[1.105s] reading manifest file '../../build/my_tf2_package/my_tf2_package.egg-info/SOURCES.txt'
[1.105s] adding license file 'LICENSE'
[1.106s] writing manifest file '../../build/my_tf2_package/my_tf2_package.egg-info/SOURCES.txt'
[1.106s] running build
[1.106s] running build_py
[1.106s] copying my_tf2_package/my_static_cart_tf2_broadcaster.py -> /home/oh/slam_ws/build/my_tf2_package/build/lib/my_tf2_package
[1.106s] running install
[1.107s] running install_lib
[1.108s] copying /home/oh/slam_ws/build/my_tf2_package/build/lib/my_tf2_package/my_static_cart_tf2_broadcaster.py -> /home/oh/slam_ws/install/my_tf2_package/lib/python3.10/site-packages/my_tf2_package
[1.108s] byte-compiling /home/oh/slam_ws/install/my_tf2_package/lib/python3.10/site-packages/my_tf2_package/my_static_cart_tf2_broadcaster.py to my_static_cart_tf2_broadcaster.cpython-310.pyc
[1.109s] running install_data
[1.109s] running install_egg_info
[1.110s] removing '/home/oh/slam_ws/install/my_tf2_package/lib/python3.10/site-packages/my_tf2_package-0.0.0-py3.10.egg-info' (and everything under it)
[1.111s] Copying ../../build/my_tf2_package/my_tf2_package.egg-info to /home/oh/slam_ws/install/my_tf2_package/lib/python3.10/site-packages/my_tf2_package-0.0.0-py3.10.egg-info
[1.111s] running install_scripts
[1.126s] Installing my_static_cart_tf2_broadcaster script to /home/oh/slam_ws/install/my_tf2_package/lib/my_tf2_package
[1.126s] writing list of installed files to '/home/oh/slam_ws/build/my_tf2_package/install.log'
[1.356s] Invoked command in '/home/oh/slam_ws/src/my_tf2_package' returned '0': PYTHONPATH=/home/oh/slam_ws/build/my_tf2_package/prefix_override:/home/oh/slam_ws/install/my_tf2_package/lib/python3.10/site-packages:${PYTHONPATH} /usr/bin/python3 -W ignore:setup.py install is deprecated setup.py egg_info --egg-base ../../build/my_tf2_package build --build-base /home/oh/slam_ws/build/my_tf2_package/build install --record /home/oh/slam_ws/build/my_tf2_package/install.log --single-version-externally-managed install_data
