[1.132s] Invoking command in '/home/oh/slam_ws/src/my_docking': PYTHONPATH=/home/oh/slam_ws/src/build/my_docking/prefix_override:/home/oh/slam_ws/src/install/my_docking/lib/python3.10/site-packages:${PYTHONPATH} /usr/bin/python3 -W ignore:setup.py install is deprecated setup.py egg_info --egg-base ../build/my_docking build --build-base /home/oh/slam_ws/src/build/my_docking/build install --record /home/oh/slam_ws/src/build/my_docking/install.log --single-version-externally-managed install_data
[1.506s] running egg_info
[1.507s] creating ../build/my_docking/my_docking.egg-info
[1.507s] writing ../build/my_docking/my_docking.egg-info/PKG-INFO
[1.507s] writing dependency_links to ../build/my_docking/my_docking.egg-info/dependency_links.txt
[1.508s] writing entry points to ../build/my_docking/my_docking.egg-info/entry_points.txt
[1.508s] writing requirements to ../build/my_docking/my_docking.egg-info/requires.txt
[1.508s] writing top-level names to ../build/my_docking/my_docking.egg-info/top_level.txt
[1.508s] writing manifest file '../build/my_docking/my_docking.egg-info/SOURCES.txt'
[1.510s] reading manifest file '../build/my_docking/my_docking.egg-info/SOURCES.txt'
[1.511s] writing manifest file '../build/my_docking/my_docking.egg-info/SOURCES.txt'
[1.511s] running build
[1.511s] running build_py
[1.511s] creating /home/oh/slam_ws/src/build/my_docking/build
[1.511s] creating /home/oh/slam_ws/src/build/my_docking/build/lib
[1.511s] creating /home/oh/slam_ws/src/build/my_docking/build/lib/my_docking
[1.512s] copying my_docking/docking_server_trial.py -> /home/oh/slam_ws/src/build/my_docking/build/lib/my_docking
[1.512s] copying my_docking/dockingtwo_action_server.py -> /home/oh/slam_ws/src/build/my_docking/build/lib/my_docking
[1.512s] copying my_docking/docking.py -> /home/oh/slam_ws/src/build/my_docking/build/lib/my_docking
[1.512s] copying my_docking/__init__.py -> /home/oh/slam_ws/src/build/my_docking/build/lib/my_docking
[1.512s] running install
[1.512s] running install_lib
[1.514s] creating /home/oh/slam_ws/src/install/my_docking/lib/python3.10/site-packages/my_docking
[1.515s] copying /home/oh/slam_ws/src/build/my_docking/build/lib/my_docking/docking_server_trial.py -> /home/oh/slam_ws/src/install/my_docking/lib/python3.10/site-packages/my_docking
[1.515s] copying /home/oh/slam_ws/src/build/my_docking/build/lib/my_docking/dockingtwo_action_server.py -> /home/oh/slam_ws/src/install/my_docking/lib/python3.10/site-packages/my_docking
[1.515s] copying /home/oh/slam_ws/src/build/my_docking/build/lib/my_docking/docking.py -> /home/oh/slam_ws/src/install/my_docking/lib/python3.10/site-packages/my_docking
[1.515s] copying /home/oh/slam_ws/src/build/my_docking/build/lib/my_docking/__init__.py -> /home/oh/slam_ws/src/install/my_docking/lib/python3.10/site-packages/my_docking
[1.515s] byte-compiling /home/oh/slam_ws/src/install/my_docking/lib/python3.10/site-packages/my_docking/docking_server_trial.py to docking_server_trial.cpython-310.pyc
[1.516s]   File "/home/oh/slam_ws/src/install/my_docking/lib/python3.10/site-packages/my_docking/docking_server_trial.py", line 67
[1.516s]     if len(msg.poses) > 0 and :
[1.516s]                               ^
[1.517s] SyntaxError: invalid syntax
[1.517s] 
[1.517s] byte-compiling /home/oh/slam_ws/src/install/my_docking/lib/python3.10/site-packages/my_docking/dockingtwo_action_server.py to dockingtwo_action_server.cpython-310.pyc
[1.523s]   File "/home/oh/slam_ws/src/install/my_docking/lib/python3.10/site-packages/my_docking/dockingtwo_action_server.py", line 77
[1.523s]     feedback_msg.
[1.524s]                  ^
[1.524s] SyntaxError: invalid syntax
[1.524s] 
[1.524s] byte-compiling /home/oh/slam_ws/src/install/my_docking/lib/python3.10/site-packages/my_docking/docking.py to docking.cpython-310.pyc
[1.524s]   File "/home/oh/slam_ws/src/install/my_docking/lib/python3.10/site-packages/my_docking/docking.py", line 67
[1.524s]     if len(msg.poses) > 0 and :
[1.524s]                               ^
[1.524s] SyntaxError: invalid syntax
[1.524s] 
[1.524s] byte-compiling /home/oh/slam_ws/src/install/my_docking/lib/python3.10/site-packages/my_docking/__init__.py to __init__.cpython-310.pyc
[1.524s] running install_data
[1.524s] creating /home/oh/slam_ws/src/install/my_docking/share/ament_index
[1.524s] creating /home/oh/slam_ws/src/install/my_docking/share/ament_index/resource_index
[1.525s] creating /home/oh/slam_ws/src/install/my_docking/share/ament_index/resource_index/packages
[1.525s] copying resource/my_docking -> /home/oh/slam_ws/src/install/my_docking/share/ament_index/resource_index/packages
[1.525s] copying package.xml -> /home/oh/slam_ws/src/install/my_docking/share/my_docking
[1.525s] running install_egg_info
[1.525s] Copying ../build/my_docking/my_docking.egg-info to /home/oh/slam_ws/src/install/my_docking/lib/python3.10/site-packages/my_docking-0.0.0-py3.10.egg-info
[1.525s] running install_scripts
[1.551s] Installing docking script to /home/oh/slam_ws/src/install/my_docking/lib/my_docking
[1.551s] writing list of installed files to '/home/oh/slam_ws/src/build/my_docking/install.log'
[1.807s] Invoked command in '/home/oh/slam_ws/src/my_docking' returned '0': PYTHONPATH=/home/oh/slam_ws/src/build/my_docking/prefix_override:/home/oh/slam_ws/src/install/my_docking/lib/python3.10/site-packages:${PYTHONPATH} /usr/bin/python3 -W ignore:setup.py install is deprecated setup.py egg_info --egg-base ../build/my_docking build --build-base /home/oh/slam_ws/src/build/my_docking/build install --record /home/oh/slam_ws/src/build/my_docking/install.log --single-version-externally-managed install_data
