running develop
Removing /home/oh/slam_ws/install/my_docking/lib/python3.10/site-packages/my-docking.egg-link (link to .)
running egg_info
writing ../../build/my_docking/my_docking.egg-info/PKG-INFO
writing dependency_links to ../../build/my_docking/my_docking.egg-info/dependency_links.txt
writing entry points to ../../build/my_docking/my_docking.egg-info/entry_points.txt
writing requirements to ../../build/my_docking/my_docking.egg-info/requires.txt
writing top-level names to ../../build/my_docking/my_docking.egg-info/top_level.txt
reading manifest file '../../build/my_docking/my_docking.egg-info/SOURCES.txt'
writing manifest file '../../build/my_docking/my_docking.egg-info/SOURCES.txt'
running build
running build_py
copying my_docking/docking_server_trial.py -> /home/oh/slam_ws/build/my_docking/build/lib/my_docking
copying my_docking/dockingtwo_action_server.py -> /home/oh/slam_ws/build/my_docking/build/lib/my_docking
copying my_docking/docking.py -> /home/oh/slam_ws/build/my_docking/build/lib/my_docking
running install
running install_lib
creating /home/oh/slam_ws/install/my_docking/lib/python3.10/site-packages/my_docking
copying /home/oh/slam_ws/build/my_docking/build/lib/my_docking/docking_server_trial.py -> /home/oh/slam_ws/install/my_docking/lib/python3.10/site-packages/my_docking
copying /home/oh/slam_ws/build/my_docking/build/lib/my_docking/dockingtwo_action_server.py -> /home/oh/slam_ws/install/my_docking/lib/python3.10/site-packages/my_docking
copying /home/oh/slam_ws/build/my_docking/build/lib/my_docking/docking.py -> /home/oh/slam_ws/install/my_docking/lib/python3.10/site-packages/my_docking
copying /home/oh/slam_ws/build/my_docking/build/lib/my_docking/__init__.py -> /home/oh/slam_ws/install/my_docking/lib/python3.10/site-packages/my_docking
byte-compiling /home/oh/slam_ws/install/my_docking/lib/python3.10/site-packages/my_docking/docking_server_trial.py to docking_server_trial.cpython-310.pyc
byte-compiling /home/oh/slam_ws/install/my_docking/lib/python3.10/site-packages/my_docking/dockingtwo_action_server.py to dockingtwo_action_server.cpython-310.pyc
byte-compiling /home/oh/slam_ws/install/my_docking/lib/python3.10/site-packages/my_docking/docking.py to docking.cpython-310.pyc
byte-compiling /home/oh/slam_ws/install/my_docking/lib/python3.10/site-packages/my_docking/__init__.py to __init__.cpython-310.pyc
running install_data
copying resource/my_docking -> /home/oh/slam_ws/install/my_docking/share/ament_index/resource_index/packages
copying package.xml -> /home/oh/slam_ws/install/my_docking/share/my_docking
running install_egg_info
Copying ../../build/my_docking/my_docking.egg-info to /home/oh/slam_ws/install/my_docking/lib/python3.10/site-packages/my_docking-0.0.0-py3.10.egg-info
running install_scripts
Installing docking script to /home/oh/slam_ws/install/my_docking/lib/my_docking
writing list of installed files to '/home/oh/slam_ws/build/my_docking/install.log'
