[1.449s] Invoking command in '/home/oh/slam_ws/build/my_docking': PYTHONPATH=/home/oh/slam_ws/build/my_docking/prefix_override:/home/oh/slam_ws/install/my_docking/lib/python3.10/site-packages:${PYTHONPATH} /usr/bin/python3 -W ignore:setup.py install is deprecated setup.py develop --uninstall --editable --build-directory /home/oh/slam_ws/build/my_docking/build
[2.025s] running develop
[2.026s] /usr/lib/python3/dist-packages/setuptools/command/easy_install.py:158: EasyInstallDeprecationWarning: easy_install command is deprecated. Use build and pip and other standards-based tools.
[2.026s]   warnings.warn(
[2.401s] Removing /home/oh/slam_ws/install/my_docking/lib/python3.10/site-packages/my-docking.egg-link (link to .)
[2.457s] Invoked command in '/home/oh/slam_ws/build/my_docking' returned '0': PYTHONPATH=/home/oh/slam_ws/build/my_docking/prefix_override:/home/oh/slam_ws/install/my_docking/lib/python3.10/site-packages:${PYTHONPATH} /usr/bin/python3 -W ignore:setup.py install is deprecated setup.py develop --uninstall --editable --build-directory /home/oh/slam_ws/build/my_docking/build
[2.460s] Invoking command in '/home/oh/slam_ws/src/my_docking': PYTHONPATH=/home/oh/slam_ws/build/my_docking/prefix_override:/home/oh/slam_ws/install/my_docking/lib/python3.10/site-packages:${PYTHONPATH} /usr/bin/python3 -W ignore:setup.py install is deprecated setup.py egg_info --egg-base ../../build/my_docking build --build-base /home/oh/slam_ws/build/my_docking/build install --record /home/oh/slam_ws/build/my_docking/install.log --single-version-externally-managed install_data --force
[2.988s] running egg_info
[2.989s] writing ../../build/my_docking/my_docking.egg-info/PKG-INFO
[2.989s] writing dependency_links to ../../build/my_docking/my_docking.egg-info/dependency_links.txt
[2.990s] writing entry points to ../../build/my_docking/my_docking.egg-info/entry_points.txt
[2.990s] writing requirements to ../../build/my_docking/my_docking.egg-info/requires.txt
[2.990s] writing top-level names to ../../build/my_docking/my_docking.egg-info/top_level.txt
[2.994s] reading manifest file '../../build/my_docking/my_docking.egg-info/SOURCES.txt'
[2.996s] writing manifest file '../../build/my_docking/my_docking.egg-info/SOURCES.txt'
[2.996s] running build
[2.996s] running build_py
[2.997s] copying my_docking/docking_server_trial.py -> /home/oh/slam_ws/build/my_docking/build/lib/my_docking
[2.997s] copying my_docking/dockingtwo_action_server.py -> /home/oh/slam_ws/build/my_docking/build/lib/my_docking
[2.997s] copying my_docking/docking.py -> /home/oh/slam_ws/build/my_docking/build/lib/my_docking
[2.997s] running install
[2.998s] running install_lib
[3.001s] creating /home/oh/slam_ws/install/my_docking/lib/python3.10/site-packages/my_docking
[3.002s] copying /home/oh/slam_ws/build/my_docking/build/lib/my_docking/docking_server_trial.py -> /home/oh/slam_ws/install/my_docking/lib/python3.10/site-packages/my_docking
[3.002s] copying /home/oh/slam_ws/build/my_docking/build/lib/my_docking/dockingtwo_action_server.py -> /home/oh/slam_ws/install/my_docking/lib/python3.10/site-packages/my_docking
[3.002s] copying /home/oh/slam_ws/build/my_docking/build/lib/my_docking/docking.py -> /home/oh/slam_ws/install/my_docking/lib/python3.10/site-packages/my_docking
[3.002s] copying /home/oh/slam_ws/build/my_docking/build/lib/my_docking/__init__.py -> /home/oh/slam_ws/install/my_docking/lib/python3.10/site-packages/my_docking
[3.003s] byte-compiling /home/oh/slam_ws/install/my_docking/lib/python3.10/site-packages/my_docking/docking_server_trial.py to docking_server_trial.cpython-310.pyc
[3.004s] byte-compiling /home/oh/slam_ws/install/my_docking/lib/python3.10/site-packages/my_docking/dockingtwo_action_server.py to dockingtwo_action_server.cpython-310.pyc
[3.005s]   File "/home/oh/slam_ws/install/my_docking/lib/python3.10/site-packages/my_docking/docking_server_trial.py", line 67
[3.005s]     if len(msg.poses) > 0 and :
[3.005s]                               ^
[3.005s] SyntaxError: invalid syntax
[3.005s] 
[3.005s]   File "/home/oh/slam_ws/install/my_docking/lib/python3.10/site-packages/my_docking/dockingtwo_action_server.py", line 77
[3.005s]     feedback_msg.
[3.005s]                  ^
[3.006s] SyntaxError: invalid syntax
[3.006s] 
[3.006s] byte-compiling /home/oh/slam_ws/install/my_docking/lib/python3.10/site-packages/my_docking/docking.py to docking.cpython-310.pyc
[3.008s] byte-compiling /home/oh/slam_ws/install/my_docking/lib/python3.10/site-packages/my_docking/__init__.py to __init__.cpython-310.pyc
[3.008s] running install_data
[3.009s] copying resource/my_docking -> /home/oh/slam_ws/install/my_docking/share/ament_index/resource_index/packages
[3.009s] copying package.xml -> /home/oh/slam_ws/install/my_docking/share/my_docking
[3.009s] running install_egg_info
[3.013s] Copying ../../build/my_docking/my_docking.egg-info to /home/oh/slam_ws/install/my_docking/lib/python3.10/site-packages/my_docking-0.0.0-py3.10.egg-info
[3.015s] running install_scripts
[3.058s] Installing docking script to /home/oh/slam_ws/install/my_docking/lib/my_docking
[3.059s] writing list of installed files to '/home/oh/slam_ws/build/my_docking/install.log'
[3.105s] Invoked command in '/home/oh/slam_ws/src/my_docking' returned '0': PYTHONPATH=/home/oh/slam_ws/build/my_docking/prefix_override:/home/oh/slam_ws/install/my_docking/lib/python3.10/site-packages:${PYTHONPATH} /usr/bin/python3 -W ignore:setup.py install is deprecated setup.py egg_info --egg-base ../../build/my_docking build --build-base /home/oh/slam_ws/build/my_docking/build install --record /home/oh/slam_ws/build/my_docking/install.log --single-version-externally-managed install_data --force
