[0.070s] Invoking command in '/home/oh/slam_ws/build/ros2_control_demo_example_1': AMENT_PREFIX_PATH=/home/oh/slam_ws/install/ros2_control_demo_description:${AMENT_PREFIX_PATH} CMAKE_PREFIX_PATH=/home/oh/slam_ws/install/ros2_control_demo_description:/home/oh/nav2_ws/install/nav2_system_tests:/home/oh/nav2_ws/install/nav2_bringup:/home/oh/nav2_ws/install/navigation2:/home/oh/nav2_ws/install/nav2_smoother:/home/oh/nav2_ws/install/nav2_graceful_controller:/home/oh/nav2_ws/install/nav2_dwb_controller:/home/oh/nav2_ws/install/nav2_controller:/home/oh/nav2_ws/install/dwb_plugins:/home/oh/nav2_ws/install/dwb_critics:/home/oh/nav2_ws/install/dwb_core:/home/oh/nav2_ws/install/nav_2d_utils:/home/oh/nav2_ws/install/dwb_msgs:/home/oh/nav2_ws/install/nav_2d_msgs:/home/oh/nav2_ws/install/nav2_waypoint_follower:/home/oh/nav2_ws/install/nav2_theta_star_planner:/home/oh/nav2_ws/install/nav2_straightline_planner:/home/oh/nav2_ws/install/nav2_smac_planner:/home/oh/nav2_ws/install/nav2_rotation_shim_controller:/home/oh/nav2_ws/install/nav2_regulated_pure_pursuit_controller:/home/oh/nav2_ws/install/nav2_planner:/home/oh/nav2_ws/install/nav2_navfn_planner:/home/oh/nav2_ws/install/nav2_mppi_controller:/home/oh/nav2_ws/install/nav2_constrained_smoother:/home/oh/nav2_ws/install/nav2_bt_navigator:/home/oh/nav2_ws/install/nav2_behaviors:/home/oh/nav2_ws/install/nav2_core:/home/oh/nav2_ws/install/nav2_collision_monitor:/home/oh/nav2_ws/install/costmap_queue:/home/oh/nav2_ws/install/nav2_costmap_2d:/home/oh/nav2_ws/install/nav2_voxel_grid:/home/oh/nav2_ws/install/nav2_velocity_smoother:/home/oh/nav2_ws/install/nav2_rviz_plugins:/home/oh/nav2_ws/install/nav2_map_server:/home/oh/nav2_ws/install/nav2_lifecycle_manager:/home/oh/nav2_ws/install/nav2_behavior_tree:/home/oh/nav2_ws/install/nav2_amcl:/home/oh/nav2_ws/install/nav2_util:/home/oh/nav2_ws/install/nav2_msgs:/home/oh/nav2_ws/install/nav2_common:/home/oh/nav2_ws/install/nav2_simple_commander:/opt/ros/humble /usr/bin/cmake --build /home/oh/slam_ws/build/ros2_control_demo_example_1 -- -j8 -l8
[0.138s] [35m[1mConsolidate compiler generated dependencies of target ros2_control_demo_example_1[0m
[0.170s] [100%] Built target ros2_control_demo_example_1
[0.184s] Invoked command in '/home/oh/slam_ws/build/ros2_control_demo_example_1' returned '0': AMENT_PREFIX_PATH=/home/oh/slam_ws/install/ros2_control_demo_description:${AMENT_PREFIX_PATH} CMAKE_PREFIX_PATH=/home/oh/slam_ws/install/ros2_control_demo_description:/home/oh/nav2_ws/install/nav2_system_tests:/home/oh/nav2_ws/install/nav2_bringup:/home/oh/nav2_ws/install/navigation2:/home/oh/nav2_ws/install/nav2_smoother:/home/oh/nav2_ws/install/nav2_graceful_controller:/home/oh/nav2_ws/install/nav2_dwb_controller:/home/oh/nav2_ws/install/nav2_controller:/home/oh/nav2_ws/install/dwb_plugins:/home/oh/nav2_ws/install/dwb_critics:/home/oh/nav2_ws/install/dwb_core:/home/oh/nav2_ws/install/nav_2d_utils:/home/oh/nav2_ws/install/dwb_msgs:/home/oh/nav2_ws/install/nav_2d_msgs:/home/oh/nav2_ws/install/nav2_waypoint_follower:/home/oh/nav2_ws/install/nav2_theta_star_planner:/home/oh/nav2_ws/install/nav2_straightline_planner:/home/oh/nav2_ws/install/nav2_smac_planner:/home/oh/nav2_ws/install/nav2_rotation_shim_controller:/home/oh/nav2_ws/install/nav2_regulated_pure_pursuit_controller:/home/oh/nav2_ws/install/nav2_planner:/home/oh/nav2_ws/install/nav2_navfn_planner:/home/oh/nav2_ws/install/nav2_mppi_controller:/home/oh/nav2_ws/install/nav2_constrained_smoother:/home/oh/nav2_ws/install/nav2_bt_navigator:/home/oh/nav2_ws/install/nav2_behaviors:/home/oh/nav2_ws/install/nav2_core:/home/oh/nav2_ws/install/nav2_collision_monitor:/home/oh/nav2_ws/install/costmap_queue:/home/oh/nav2_ws/install/nav2_costmap_2d:/home/oh/nav2_ws/install/nav2_voxel_grid:/home/oh/nav2_ws/install/nav2_velocity_smoother:/home/oh/nav2_ws/install/nav2_rviz_plugins:/home/oh/nav2_ws/install/nav2_map_server:/home/oh/nav2_ws/install/nav2_lifecycle_manager:/home/oh/nav2_ws/install/nav2_behavior_tree:/home/oh/nav2_ws/install/nav2_amcl:/home/oh/nav2_ws/install/nav2_util:/home/oh/nav2_ws/install/nav2_msgs:/home/oh/nav2_ws/install/nav2_common:/home/oh/nav2_ws/install/nav2_simple_commander:/opt/ros/humble /usr/bin/cmake --build /home/oh/slam_ws/build/ros2_control_demo_example_1 -- -j8 -l8
[0.237s] Invoking command in '/home/oh/slam_ws/build/ros2_control_demo_example_1': AMENT_PREFIX_PATH=/home/oh/slam_ws/install/ros2_control_demo_description:${AMENT_PREFIX_PATH} CMAKE_PREFIX_PATH=/home/oh/slam_ws/install/ros2_control_demo_description:/home/oh/nav2_ws/install/nav2_system_tests:/home/oh/nav2_ws/install/nav2_bringup:/home/oh/nav2_ws/install/navigation2:/home/oh/nav2_ws/install/nav2_smoother:/home/oh/nav2_ws/install/nav2_graceful_controller:/home/oh/nav2_ws/install/nav2_dwb_controller:/home/oh/nav2_ws/install/nav2_controller:/home/oh/nav2_ws/install/dwb_plugins:/home/oh/nav2_ws/install/dwb_critics:/home/oh/nav2_ws/install/dwb_core:/home/oh/nav2_ws/install/nav_2d_utils:/home/oh/nav2_ws/install/dwb_msgs:/home/oh/nav2_ws/install/nav_2d_msgs:/home/oh/nav2_ws/install/nav2_waypoint_follower:/home/oh/nav2_ws/install/nav2_theta_star_planner:/home/oh/nav2_ws/install/nav2_straightline_planner:/home/oh/nav2_ws/install/nav2_smac_planner:/home/oh/nav2_ws/install/nav2_rotation_shim_controller:/home/oh/nav2_ws/install/nav2_regulated_pure_pursuit_controller:/home/oh/nav2_ws/install/nav2_planner:/home/oh/nav2_ws/install/nav2_navfn_planner:/home/oh/nav2_ws/install/nav2_mppi_controller:/home/oh/nav2_ws/install/nav2_constrained_smoother:/home/oh/nav2_ws/install/nav2_bt_navigator:/home/oh/nav2_ws/install/nav2_behaviors:/home/oh/nav2_ws/install/nav2_core:/home/oh/nav2_ws/install/nav2_collision_monitor:/home/oh/nav2_ws/install/costmap_queue:/home/oh/nav2_ws/install/nav2_costmap_2d:/home/oh/nav2_ws/install/nav2_voxel_grid:/home/oh/nav2_ws/install/nav2_velocity_smoother:/home/oh/nav2_ws/install/nav2_rviz_plugins:/home/oh/nav2_ws/install/nav2_map_server:/home/oh/nav2_ws/install/nav2_lifecycle_manager:/home/oh/nav2_ws/install/nav2_behavior_tree:/home/oh/nav2_ws/install/nav2_amcl:/home/oh/nav2_ws/install/nav2_util:/home/oh/nav2_ws/install/nav2_msgs:/home/oh/nav2_ws/install/nav2_common:/home/oh/nav2_ws/install/nav2_simple_commander:/opt/ros/humble /usr/bin/cmake --install /home/oh/slam_ws/build/ros2_control_demo_example_1
[0.248s] -- Install configuration: ""
[0.249s] -- Up-to-date: /home/oh/slam_ws/install/ros2_control_demo_example_1/share/ros2_control_demo_example_1/ros2_control_demo_example_1.xml
[0.249s] -- Up-to-date: /home/oh/slam_ws/install/ros2_control_demo_example_1/include/ros2_control_demo_example_1
[0.249s] -- Up-to-date: /home/oh/slam_ws/install/ros2_control_demo_example_1/include/ros2_control_demo_example_1/ros2_control_demo_example_1
[0.249s] -- Up-to-date: /home/oh/slam_ws/install/ros2_control_demo_example_1/include/ros2_control_demo_example_1/ros2_control_demo_example_1/rrbot.hpp
[0.250s] -- Up-to-date: /home/oh/slam_ws/install/ros2_control_demo_example_1/include/ros2_control_demo_example_1/ros2_control_demo_example_1/visibility_control.h
[0.250s] -- Up-to-date: /home/oh/slam_ws/install/ros2_control_demo_example_1/share/ros2_control_demo_example_1/launch
[0.250s] -- Up-to-date: /home/oh/slam_ws/install/ros2_control_demo_example_1/share/ros2_control_demo_example_1/launch/view_robot.launch.py
[0.250s] -- Up-to-date: /home/oh/slam_ws/install/ros2_control_demo_example_1/share/ros2_control_demo_example_1/ros2_control
[0.250s] -- Up-to-date: /home/oh/slam_ws/install/ros2_control_demo_example_1/share/ros2_control_demo_example_1/ros2_control/rrbot.ros2_control.xacro
[0.251s] -- Up-to-date: /home/oh/slam_ws/install/ros2_control_demo_example_1/share/ros2_control_demo_example_1/urdf
[0.251s] -- Up-to-date: /home/oh/slam_ws/install/ros2_control_demo_example_1/share/ros2_control_demo_example_1/urdf/rrbot.urdf.xacro
[0.251s] -- Up-to-date: /home/oh/slam_ws/install/ros2_control_demo_example_1/share/ros2_control_demo_example_1/launch
[0.251s] -- Up-to-date: /home/oh/slam_ws/install/ros2_control_demo_example_1/share/ros2_control_demo_example_1/launch/test_joint_trajectory_controller.launch.py
[0.252s] -- Up-to-date: /home/oh/slam_ws/install/ros2_control_demo_example_1/share/ros2_control_demo_example_1/launch/rrbot.launch.py
[0.252s] -- Up-to-date: /home/oh/slam_ws/install/ros2_control_demo_example_1/share/ros2_control_demo_example_1/launch/test_forward_position_controller.launch.py
[0.252s] -- Up-to-date: /home/oh/slam_ws/install/ros2_control_demo_example_1/share/ros2_control_demo_example_1/config
[0.252s] -- Up-to-date: /home/oh/slam_ws/install/ros2_control_demo_example_1/share/ros2_control_demo_example_1/config/rrbot_controllers.yaml
[0.252s] -- Up-to-date: /home/oh/slam_ws/install/ros2_control_demo_example_1/share/ros2_control_demo_example_1/config/rrbot_joint_trajectory_publisher.yaml
[0.252s] -- Up-to-date: /home/oh/slam_ws/install/ros2_control_demo_example_1/share/ros2_control_demo_example_1/config/rrbot_forward_position_publisher.yaml
[0.253s] -- Up-to-date: /home/oh/slam_ws/install/ros2_control_demo_example_1/lib/libros2_control_demo_example_1.so
[0.254s] -- Up-to-date: /home/oh/slam_ws/install/ros2_control_demo_example_1/share/ros2_control_demo_example_1/environment/library_path.sh
[0.254s] -- Up-to-date: /home/oh/slam_ws/install/ros2_control_demo_example_1/share/ros2_control_demo_example_1/environment/library_path.dsv
[0.254s] -- Up-to-date: /home/oh/slam_ws/install/ros2_control_demo_example_1/share/ament_index/resource_index/package_run_dependencies/ros2_control_demo_example_1
[0.254s] -- Up-to-date: /home/oh/slam_ws/install/ros2_control_demo_example_1/share/ament_index/resource_index/parent_prefix_path/ros2_control_demo_example_1
[0.254s] -- Up-to-date: /home/oh/slam_ws/install/ros2_control_demo_example_1/share/ros2_control_demo_example_1/environment/ament_prefix_path.sh
[0.254s] -- Up-to-date: /home/oh/slam_ws/install/ros2_control_demo_example_1/share/ros2_control_demo_example_1/environment/ament_prefix_path.dsv
[0.254s] -- Up-to-date: /home/oh/slam_ws/install/ros2_control_demo_example_1/share/ros2_control_demo_example_1/environment/path.sh
[0.254s] -- Up-to-date: /home/oh/slam_ws/install/ros2_control_demo_example_1/share/ros2_control_demo_example_1/environment/path.dsv
[0.254s] -- Up-to-date: /home/oh/slam_ws/install/ros2_control_demo_example_1/share/ros2_control_demo_example_1/local_setup.bash
[0.254s] -- Up-to-date: /home/oh/slam_ws/install/ros2_control_demo_example_1/share/ros2_control_demo_example_1/local_setup.sh
[0.255s] -- Up-to-date: /home/oh/slam_ws/install/ros2_control_demo_example_1/share/ros2_control_demo_example_1/local_setup.zsh
[0.255s] -- Up-to-date: /home/oh/slam_ws/install/ros2_control_demo_example_1/share/ros2_control_demo_example_1/local_setup.dsv
[0.255s] -- Installing: /home/oh/slam_ws/install/ros2_control_demo_example_1/share/ros2_control_demo_example_1/package.dsv
[0.255s] -- Up-to-date: /home/oh/slam_ws/install/ros2_control_demo_example_1/share/ament_index/resource_index/packages/ros2_control_demo_example_1
[0.255s] -- Up-to-date: /home/oh/slam_ws/install/ros2_control_demo_example_1/share/ament_index/resource_index/hardware_interface__pluginlib__plugin/ros2_control_demo_example_1
[0.256s] -- Up-to-date: /home/oh/slam_ws/install/ros2_control_demo_example_1/share/ros2_control_demo_example_1/cmake/export_ros2_control_demo_example_1Export.cmake
[0.256s] -- Up-to-date: /home/oh/slam_ws/install/ros2_control_demo_example_1/share/ros2_control_demo_example_1/cmake/export_ros2_control_demo_example_1Export-noconfig.cmake
[0.256s] -- Up-to-date: /home/oh/slam_ws/install/ros2_control_demo_example_1/share/ros2_control_demo_example_1/cmake/ament_cmake_export_targets-extras.cmake
[0.256s] -- Up-to-date: /home/oh/slam_ws/install/ros2_control_demo_example_1/share/ros2_control_demo_example_1/cmake/ament_cmake_export_dependencies-extras.cmake
[0.256s] -- Up-to-date: /home/oh/slam_ws/install/ros2_control_demo_example_1/share/ros2_control_demo_example_1/cmake/ros2_control_demo_example_1Config.cmake
[0.256s] -- Up-to-date: /home/oh/slam_ws/install/ros2_control_demo_example_1/share/ros2_control_demo_example_1/cmake/ros2_control_demo_example_1Config-version.cmake
[0.256s] -- Up-to-date: /home/oh/slam_ws/install/ros2_control_demo_example_1/share/ros2_control_demo_example_1/package.xml
[0.258s] Invoked command in '/home/oh/slam_ws/build/ros2_control_demo_example_1' returned '0': AMENT_PREFIX_PATH=/home/oh/slam_ws/install/ros2_control_demo_description:${AMENT_PREFIX_PATH} CMAKE_PREFIX_PATH=/home/oh/slam_ws/install/ros2_control_demo_description:/home/oh/nav2_ws/install/nav2_system_tests:/home/oh/nav2_ws/install/nav2_bringup:/home/oh/nav2_ws/install/navigation2:/home/oh/nav2_ws/install/nav2_smoother:/home/oh/nav2_ws/install/nav2_graceful_controller:/home/oh/nav2_ws/install/nav2_dwb_controller:/home/oh/nav2_ws/install/nav2_controller:/home/oh/nav2_ws/install/dwb_plugins:/home/oh/nav2_ws/install/dwb_critics:/home/oh/nav2_ws/install/dwb_core:/home/oh/nav2_ws/install/nav_2d_utils:/home/oh/nav2_ws/install/dwb_msgs:/home/oh/nav2_ws/install/nav_2d_msgs:/home/oh/nav2_ws/install/nav2_waypoint_follower:/home/oh/nav2_ws/install/nav2_theta_star_planner:/home/oh/nav2_ws/install/nav2_straightline_planner:/home/oh/nav2_ws/install/nav2_smac_planner:/home/oh/nav2_ws/install/nav2_rotation_shim_controller:/home/oh/nav2_ws/install/nav2_regulated_pure_pursuit_controller:/home/oh/nav2_ws/install/nav2_planner:/home/oh/nav2_ws/install/nav2_navfn_planner:/home/oh/nav2_ws/install/nav2_mppi_controller:/home/oh/nav2_ws/install/nav2_constrained_smoother:/home/oh/nav2_ws/install/nav2_bt_navigator:/home/oh/nav2_ws/install/nav2_behaviors:/home/oh/nav2_ws/install/nav2_core:/home/oh/nav2_ws/install/nav2_collision_monitor:/home/oh/nav2_ws/install/costmap_queue:/home/oh/nav2_ws/install/nav2_costmap_2d:/home/oh/nav2_ws/install/nav2_voxel_grid:/home/oh/nav2_ws/install/nav2_velocity_smoother:/home/oh/nav2_ws/install/nav2_rviz_plugins:/home/oh/nav2_ws/install/nav2_map_server:/home/oh/nav2_ws/install/nav2_lifecycle_manager:/home/oh/nav2_ws/install/nav2_behavior_tree:/home/oh/nav2_ws/install/nav2_amcl:/home/oh/nav2_ws/install/nav2_util:/home/oh/nav2_ws/install/nav2_msgs:/home/oh/nav2_ws/install/nav2_common:/home/oh/nav2_ws/install/nav2_simple_commander:/opt/ros/humble /usr/bin/cmake --install /home/oh/slam_ws/build/ros2_control_demo_example_1
