[1.916s] Invoking command in '/home/oh/slam_ws/src/escape_from_cart': PYTHONPATH=/home/oh/slam_ws/build/escape_from_cart/prefix_override:/home/oh/slam_ws/install/escape_from_cart/lib/python3.10/site-packages:${PYTHONPATH} /usr/bin/python3 -W ignore:setup.py install is deprecated setup.py egg_info --egg-base ../../build/escape_from_cart build --build-base /home/oh/slam_ws/build/escape_from_cart/build install --record /home/oh/slam_ws/build/escape_from_cart/install.log --single-version-externally-managed install_data
[2.729s] running egg_info
[2.732s] writing ../../build/escape_from_cart/escape_from_cart.egg-info/PKG-INFO
[2.732s] writing dependency_links to ../../build/escape_from_cart/escape_from_cart.egg-info/dependency_links.txt
[2.733s] writing entry points to ../../build/escape_from_cart/escape_from_cart.egg-info/entry_points.txt
[2.733s] writing requirements to ../../build/escape_from_cart/escape_from_cart.egg-info/requires.txt
[2.733s] writing top-level names to ../../build/escape_from_cart/escape_from_cart.egg-info/top_level.txt
[2.739s] reading manifest file '../../build/escape_from_cart/escape_from_cart.egg-info/SOURCES.txt'
[2.741s] writing manifest file '../../build/escape_from_cart/escape_from_cart.egg-info/SOURCES.txt'
[2.742s] running build
[2.742s] running build_py
[2.743s] copying escape_from_cart/escape_accel.py -> /home/oh/slam_ws/build/escape_from_cart/build/lib/escape_from_cart
[2.746s] running install
[2.747s] running install_lib
[2.750s] copying /home/oh/slam_ws/build/escape_from_cart/build/lib/escape_from_cart/escape_accel.py -> /home/oh/slam_ws/install/escape_from_cart/lib/python3.10/site-packages/escape_from_cart
[2.753s] byte-compiling /home/oh/slam_ws/install/escape_from_cart/lib/python3.10/site-packages/escape_from_cart/escape_accel.py to escape_accel.cpython-310.pyc
[2.753s] running install_data
[2.754s] running install_egg_info
[2.754s]   File "/home/oh/slam_ws/install/escape_from_cart/lib/python3.10/site-packages/escape_from_cart/escape_accel.py", line 3
[2.754s]     from rclpy
[2.754s]               ^
[2.754s] SyntaxError: invalid syntax
[2.754s] 
[2.759s] removing '/home/oh/slam_ws/install/escape_from_cart/lib/python3.10/site-packages/escape_from_cart-0.0.0-py3.10.egg-info' (and everything under it)
[2.759s] Copying ../../build/escape_from_cart/escape_from_cart.egg-info to /home/oh/slam_ws/install/escape_from_cart/lib/python3.10/site-packages/escape_from_cart-0.0.0-py3.10.egg-info
[2.760s] running install_scripts
[2.821s] writing list of installed files to '/home/oh/slam_ws/build/escape_from_cart/install.log'
[2.888s] Invoked command in '/home/oh/slam_ws/src/escape_from_cart' returned '0': PYTHONPATH=/home/oh/slam_ws/build/escape_from_cart/prefix_override:/home/oh/slam_ws/install/escape_from_cart/lib/python3.10/site-packages:${PYTHONPATH} /usr/bin/python3 -W ignore:setup.py install is deprecated setup.py egg_info --egg-base ../../build/escape_from_cart build --build-base /home/oh/slam_ws/build/escape_from_cart/build install --record /home/oh/slam_ws/build/escape_from_cart/install.log --single-version-externally-managed install_data
