[0.419s] Invoking command in '/home/oh/slam_ws/src/my_aruco_to_goal_pose_pkg': PYTHONPATH=/home/oh/slam_ws/build/my_aruco_to_goal_pose_pkg/prefix_override:/home/oh/slam_ws/install/my_aruco_to_goal_pose_pkg/lib/python3.10/site-packages:${PYTHONPATH} /usr/bin/python3 -W ignore:setup.py install is deprecated setup.py egg_info --egg-base ../../build/my_aruco_to_goal_pose_pkg build --build-base /home/oh/slam_ws/build/my_aruco_to_goal_pose_pkg/build install --record /home/oh/slam_ws/build/my_aruco_to_goal_pose_pkg/install.log --single-version-externally-managed install_data
[0.578s] running egg_info
[0.579s] writing ../../build/my_aruco_to_goal_pose_pkg/my_aruco_to_goal_pose_pkg.egg-info/PKG-INFO
[0.579s] writing dependency_links to ../../build/my_aruco_to_goal_pose_pkg/my_aruco_to_goal_pose_pkg.egg-info/dependency_links.txt
[0.579s] writing entry points to ../../build/my_aruco_to_goal_pose_pkg/my_aruco_to_goal_pose_pkg.egg-info/entry_points.txt
[0.579s] writing requirements to ../../build/my_aruco_to_goal_pose_pkg/my_aruco_to_goal_pose_pkg.egg-info/requires.txt
[0.579s] writing top-level names to ../../build/my_aruco_to_goal_pose_pkg/my_aruco_to_goal_pose_pkg.egg-info/top_level.txt
[0.581s] reading manifest file '../../build/my_aruco_to_goal_pose_pkg/my_aruco_to_goal_pose_pkg.egg-info/SOURCES.txt'
[0.582s] writing manifest file '../../build/my_aruco_to_goal_pose_pkg/my_aruco_to_goal_pose_pkg.egg-info/SOURCES.txt'
[0.582s] running build
[0.582s] running build_py
[0.583s] copying my_aruco_to_goal_pose_pkg/aruco_sub_goal_pose_pub.py -> /home/oh/slam_ws/build/my_aruco_to_goal_pose_pkg/build/lib/my_aruco_to_goal_pose_pkg
[0.583s] running install
[0.584s] running install_lib
[0.584s] copying /home/oh/slam_ws/build/my_aruco_to_goal_pose_pkg/build/lib/my_aruco_to_goal_pose_pkg/aruco_sub_goal_pose_pub.py -> /home/oh/slam_ws/install/my_aruco_to_goal_pose_pkg/lib/python3.10/site-packages/my_aruco_to_goal_pose_pkg
[0.585s] byte-compiling /home/oh/slam_ws/install/my_aruco_to_goal_pose_pkg/lib/python3.10/site-packages/my_aruco_to_goal_pose_pkg/aruco_sub_goal_pose_pub.py to aruco_sub_goal_pose_pub.cpython-310.pyc
[0.585s] running install_data
[0.585s] running install_egg_info
[0.587s] removing '/home/oh/slam_ws/install/my_aruco_to_goal_pose_pkg/lib/python3.10/site-packages/my_aruco_to_goal_pose_pkg-0.0.0-py3.10.egg-info' (and everything under it)
[0.587s] Copying ../../build/my_aruco_to_goal_pose_pkg/my_aruco_to_goal_pose_pkg.egg-info to /home/oh/slam_ws/install/my_aruco_to_goal_pose_pkg/lib/python3.10/site-packages/my_aruco_to_goal_pose_pkg-0.0.0-py3.10.egg-info
[0.588s] running install_scripts
[0.600s] Installing aruco_sub_goal_pose_pub script to /home/oh/slam_ws/install/my_aruco_to_goal_pose_pkg/lib/my_aruco_to_goal_pose_pkg
[0.601s] writing list of installed files to '/home/oh/slam_ws/build/my_aruco_to_goal_pose_pkg/install.log'
[0.618s] Invoked command in '/home/oh/slam_ws/src/my_aruco_to_goal_pose_pkg' returned '0': PYTHONPATH=/home/oh/slam_ws/build/my_aruco_to_goal_pose_pkg/prefix_override:/home/oh/slam_ws/install/my_aruco_to_goal_pose_pkg/lib/python3.10/site-packages:${PYTHONPATH} /usr/bin/python3 -W ignore:setup.py install is deprecated setup.py egg_info --egg-base ../../build/my_aruco_to_goal_pose_pkg build --build-base /home/oh/slam_ws/build/my_aruco_to_goal_pose_pkg/build install --record /home/oh/slam_ws/build/my_aruco_to_goal_pose_pkg/install.log --single-version-externally-managed install_data
