[0.771s] Invoking command in '/home/oh/slam_ws/build/my_action_interface': CMAKE_PREFIX_PATH=${CMAKE_PREFIX_PATH}:/home/oh/slam_ws/install/ros2_aruco:/home/oh/slam_ws/install/my_tf_package:/home/oh/slam_ws/install/my_tf2_package:/home/oh/slam_ws/install/my_docking:/home/oh/slam_ws/install/my_aruco_to_goal_pose_pkg:/home/oh/slam_ws/install/escape_from_cart:/opt/ros/humble /usr/bin/cmake /home/oh/slam_ws/src/my_action_interface -DCMAKE_INSTALL_PREFIX=/home/oh/slam_ws/install/my_action_interface
[0.809s] -- Found ament_cmake: 1.3.8 (/opt/ros/humble/share/ament_cmake/cmake)
[1.210s] -- Override CMake install command with custom implementation using symlinks instead of copying resources
[1.246s] -- Found rosidl_default_generators: 1.2.0 (/opt/ros/humble/share/rosidl_default_generators/cmake)
[1.271s] -- Using all available rosidl_typesupport_c: rosidl_typesupport_fastrtps_c;rosidl_typesupport_introspection_c
[1.284s] -- Found rosidl_adapter: 3.1.5 (/opt/ros/humble/share/rosidl_adapter/cmake)
[1.418s] -- Using all available rosidl_typesupport_cpp: rosidl_typesupport_fastrtps_cpp;rosidl_typesupport_introspection_cpp
[2.770s] -- Found ament_cmake_ros: 0.10.0 (/opt/ros/humble/share/ament_cmake_ros/cmake)
[3.376s] -- Using all available rosidl_typesupport_c: rosidl_typesupport_fastrtps_c;rosidl_typesupport_introspection_c
[4.571s] -- Using all available rosidl_typesupport_cpp: rosidl_typesupport_fastrtps_cpp;rosidl_typesupport_introspection_cpp
[4.734s] -- Found python_cmake_module: 0.10.0 (/opt/ros/humble/share/python_cmake_module/cmake)
[4.855s] -- Using PYTHON_EXECUTABLE: /usr/bin/python3
[4.855s] -- Using PYTHON_INCLUDE_DIRS: /usr/include/python3.10
[4.855s] -- Using PYTHON_LIBRARIES: /usr/lib/x86_64-linux-gnu/libpython3.10.so
[5.178s] -- Found ament_lint_auto: 0.12.10 (/opt/ros/humble/share/ament_lint_auto/cmake)
[5.258s] -- Added test 'lint_cmake' to check CMake code style
[5.273s] -- Added test 'xmllint' to check XML markup files
[5.294s] -- Configuring done
[5.657s] -- Generating done
[5.658s] -- Build files have been written to: /home/oh/slam_ws/build/my_action_interface
[5.722s] Invoked command in '/home/oh/slam_ws/build/my_action_interface' returned '0': CMAKE_PREFIX_PATH=${CMAKE_PREFIX_PATH}:/home/oh/slam_ws/install/ros2_aruco:/home/oh/slam_ws/install/my_tf_package:/home/oh/slam_ws/install/my_tf2_package:/home/oh/slam_ws/install/my_docking:/home/oh/slam_ws/install/my_aruco_to_goal_pose_pkg:/home/oh/slam_ws/install/escape_from_cart:/opt/ros/humble /usr/bin/cmake /home/oh/slam_ws/src/my_action_interface -DCMAKE_INSTALL_PREFIX=/home/oh/slam_ws/install/my_action_interface
[5.724s] Invoking command in '/home/oh/slam_ws/build/my_action_interface': CMAKE_PREFIX_PATH=${CMAKE_PREFIX_PATH}:/home/oh/slam_ws/install/ros2_aruco:/home/oh/slam_ws/install/my_tf_package:/home/oh/slam_ws/install/my_tf2_package:/home/oh/slam_ws/install/my_docking:/home/oh/slam_ws/install/my_aruco_to_goal_pose_pkg:/home/oh/slam_ws/install/escape_from_cart:/opt/ros/humble /usr/bin/cmake --build /home/oh/slam_ws/build/my_action_interface -- -j8 -l8
[6.144s] [35m[1mConsolidate compiler generated dependencies of target my_action_interface__rosidl_generator_c[0m
[6.230s] [ 10%] Built target my_action_interface__rosidl_generator_c
[6.256s] [ 12%] Built target my_action_interface__cpp
[6.298s] [35m[1mConsolidate compiler generated dependencies of target my_action_interface__rosidl_typesupport_fastrtps_c[0m
[6.310s] [ 12%] Built target ament_cmake_python_symlink_my_action_interface
[6.324s] [35m[1mConsolidate compiler generated dependencies of target my_action_interface__rosidl_typesupport_c[0m
[6.329s] [35m[1mConsolidate compiler generated dependencies of target my_action_interface__rosidl_typesupport_introspection_c[0m
[6.407s] [ 23%] Built target my_action_interface__rosidl_typesupport_fastrtps_c
[6.433s] [35m[1mConsolidate compiler generated dependencies of target my_action_interface__rosidl_typesupport_fastrtps_cpp[0m
[6.449s] [ 34%] Built target my_action_interface__rosidl_typesupport_introspection_c
[6.466s] [ 44%] Built target my_action_interface__rosidl_typesupport_c
[6.520s] [ 55%] Built target my_action_interface__rosidl_typesupport_fastrtps_cpp
[6.544s] [35m[1mConsolidate compiler generated dependencies of target my_action_interface__rosidl_typesupport_cpp[0m
[6.547s] [35m[1mConsolidate compiler generated dependencies of target my_action_interface__rosidl_typesupport_introspection_cpp[0m
[6.694s] [ 65%] Built target my_action_interface__rosidl_typesupport_introspection_cpp
[6.695s] [ 76%] Built target my_action_interface__rosidl_typesupport_cpp
[6.936s] [ 76%] Built target my_action_interface
[7.162s] [ 78%] Built target my_action_interface__py
[7.297s] [35m[1mConsolidate compiler generated dependencies of target my_action_interface__rosidl_generator_py[0m
[7.393s] [ 87%] Built target my_action_interface__rosidl_generator_py
[7.439s] [35m[1mConsolidate compiler generated dependencies of target my_action_interface__rosidl_typesupport_fastrtps_c__pyext[0m
[7.542s] [35m[1mConsolidate compiler generated dependencies of target my_action_interface__rosidl_typesupport_introspection_c__pyext[0m
[7.550s] [35m[1mConsolidate compiler generated dependencies of target my_action_interface__rosidl_typesupport_c__pyext[0m
[7.568s] [ 91%] Built target my_action_interface__rosidl_typesupport_fastrtps_c__pyext
[7.674s] [ 95%] Built target my_action_interface__rosidl_typesupport_c__pyext
[7.680s] [100%] Built target my_action_interface__rosidl_typesupport_introspection_c__pyext
[7.740s] running egg_info
[7.743s] writing my_action_interface.egg-info/PKG-INFO
[7.744s] writing dependency_links to my_action_interface.egg-info/dependency_links.txt
[7.744s] writing top-level names to my_action_interface.egg-info/top_level.txt
[7.754s] reading manifest file 'my_action_interface.egg-info/SOURCES.txt'
[7.760s] writing manifest file 'my_action_interface.egg-info/SOURCES.txt'
[7.956s] [100%] Built target ament_cmake_python_build_my_action_interface_egg
[8.150s] Invoked command in '/home/oh/slam_ws/build/my_action_interface' returned '0': CMAKE_PREFIX_PATH=${CMAKE_PREFIX_PATH}:/home/oh/slam_ws/install/ros2_aruco:/home/oh/slam_ws/install/my_tf_package:/home/oh/slam_ws/install/my_tf2_package:/home/oh/slam_ws/install/my_docking:/home/oh/slam_ws/install/my_aruco_to_goal_pose_pkg:/home/oh/slam_ws/install/escape_from_cart:/opt/ros/humble /usr/bin/cmake --build /home/oh/slam_ws/build/my_action_interface -- -j8 -l8
[11.213s] Invoking command in '/home/oh/slam_ws/build/my_action_interface': CMAKE_PREFIX_PATH=${CMAKE_PREFIX_PATH}:/home/oh/slam_ws/install/ros2_aruco:/home/oh/slam_ws/install/my_tf_package:/home/oh/slam_ws/install/my_tf2_package:/home/oh/slam_ws/install/my_docking:/home/oh/slam_ws/install/my_aruco_to_goal_pose_pkg:/home/oh/slam_ws/install/escape_from_cart:/opt/ros/humble /usr/bin/cmake --install /home/oh/slam_ws/build/my_action_interface
[11.292s] -- Install configuration: ""
[11.293s] -- Execute custom install script
[11.294s] -- Up-to-date symlink: /home/oh/slam_ws/install/my_action_interface/share/ament_index/resource_index/rosidl_interfaces/my_action_interface
[11.294s] -- Up-to-date symlink: /home/oh/slam_ws/install/my_action_interface/include/my_action_interface/my_action_interface/action/detail/docking_one__functions.h
[11.295s] -- Up-to-date symlink: /home/oh/slam_ws/install/my_action_interface/include/my_action_interface/my_action_interface/action/detail/docking_one__struct.h
[11.295s] -- Up-to-date symlink: /home/oh/slam_ws/install/my_action_interface/include/my_action_interface/my_action_interface/action/detail/docking_one__type_support.h
[11.295s] -- Up-to-date symlink: /home/oh/slam_ws/install/my_action_interface/include/my_action_interface/my_action_interface/action/detail/docking_two__functions.h
[11.296s] -- Up-to-date symlink: /home/oh/slam_ws/install/my_action_interface/include/my_action_interface/my_action_interface/action/detail/docking_two__struct.h
[11.296s] -- Up-to-date symlink: /home/oh/slam_ws/install/my_action_interface/include/my_action_interface/my_action_interface/action/detail/docking_two__type_support.h
[11.296s] -- Up-to-date symlink: /home/oh/slam_ws/install/my_action_interface/include/my_action_interface/my_action_interface/action/detail/open__functions.h
[11.296s] -- Up-to-date symlink: /home/oh/slam_ws/install/my_action_interface/include/my_action_interface/my_action_interface/action/detail/open__struct.h
[11.297s] -- Up-to-date symlink: /home/oh/slam_ws/install/my_action_interface/include/my_action_interface/my_action_interface/action/detail/open__type_support.h
[11.297s] -- Up-to-date symlink: /home/oh/slam_ws/install/my_action_interface/include/my_action_interface/my_action_interface/action/docking_one.h
[11.297s] -- Up-to-date symlink: /home/oh/slam_ws/install/my_action_interface/include/my_action_interface/my_action_interface/action/docking_two.h
[11.297s] -- Up-to-date symlink: /home/oh/slam_ws/install/my_action_interface/include/my_action_interface/my_action_interface/action/open.h
[11.301s] -- Up-to-date symlink: /home/oh/slam_ws/install/my_action_interface/include/my_action_interface/my_action_interface/msg/rosidl_generator_c__visibility_control.h
[11.302s] -- Up-to-date symlink: /home/oh/slam_ws/install/my_action_interface/share/my_action_interface/environment/library_path.sh
[11.315s] -- Up-to-date symlink: /home/oh/slam_ws/install/my_action_interface/share/my_action_interface/environment/library_path.dsv
[11.316s] -- Up-to-date symlink: /home/oh/slam_ws/install/my_action_interface/include/my_action_interface/my_action_interface/action/detail/docking_one__rosidl_typesupport_fastrtps_c.h
[11.316s] -- Up-to-date symlink: /home/oh/slam_ws/install/my_action_interface/include/my_action_interface/my_action_interface/action/detail/docking_two__rosidl_typesupport_fastrtps_c.h
[11.317s] -- Up-to-date symlink: /home/oh/slam_ws/install/my_action_interface/include/my_action_interface/my_action_interface/action/detail/open__rosidl_typesupport_fastrtps_c.h
[11.318s] -- Up-to-date symlink: /home/oh/slam_ws/install/my_action_interface/include/my_action_interface/my_action_interface/msg/rosidl_typesupport_fastrtps_c__visibility_control.h
[11.319s] -- Up-to-date symlink: /home/oh/slam_ws/install/my_action_interface/include/my_action_interface/my_action_interface/action/detail/docking_one__rosidl_typesupport_introspection_c.h
[11.319s] -- Up-to-date symlink: /home/oh/slam_ws/install/my_action_interface/include/my_action_interface/my_action_interface/action/detail/docking_two__rosidl_typesupport_introspection_c.h
[11.319s] -- Up-to-date symlink: /home/oh/slam_ws/install/my_action_interface/include/my_action_interface/my_action_interface/action/detail/open__rosidl_typesupport_introspection_c.h
[11.320s] -- Up-to-date symlink: /home/oh/slam_ws/install/my_action_interface/include/my_action_interface/my_action_interface/msg/rosidl_typesupport_introspection_c__visibility_control.h
[11.320s] -- Up-to-date symlink: /home/oh/slam_ws/install/my_action_interface/include/my_action_interface/my_action_interface/action/detail/docking_one__builder.hpp
[11.323s] -- Up-to-date symlink: /home/oh/slam_ws/install/my_action_interface/include/my_action_interface/my_action_interface/action/detail/docking_one__struct.hpp
[11.324s] -- Up-to-date symlink: /home/oh/slam_ws/install/my_action_interface/include/my_action_interface/my_action_interface/action/detail/docking_one__traits.hpp
[11.324s] -- Up-to-date symlink: /home/oh/slam_ws/install/my_action_interface/include/my_action_interface/my_action_interface/action/detail/docking_two__builder.hpp
[11.324s] -- Up-to-date symlink: /home/oh/slam_ws/install/my_action_interface/include/my_action_interface/my_action_interface/action/detail/docking_two__struct.hpp
[11.324s] -- Up-to-date symlink: /home/oh/slam_ws/install/my_action_interface/include/my_action_interface/my_action_interface/action/detail/docking_two__traits.hpp
[11.325s] -- Up-to-date symlink: /home/oh/slam_ws/install/my_action_interface/include/my_action_interface/my_action_interface/action/detail/open__builder.hpp
[11.325s] -- Up-to-date symlink: /home/oh/slam_ws/install/my_action_interface/include/my_action_interface/my_action_interface/action/detail/open__struct.hpp
[11.325s] -- Up-to-date symlink: /home/oh/slam_ws/install/my_action_interface/include/my_action_interface/my_action_interface/action/detail/open__traits.hpp
[11.325s] -- Up-to-date symlink: /home/oh/slam_ws/install/my_action_interface/include/my_action_interface/my_action_interface/action/docking_one.hpp
[11.325s] -- Up-to-date symlink: /home/oh/slam_ws/install/my_action_interface/include/my_action_interface/my_action_interface/action/docking_two.hpp
[11.326s] -- Up-to-date symlink: /home/oh/slam_ws/install/my_action_interface/include/my_action_interface/my_action_interface/action/open.hpp
[11.326s] -- Up-to-date symlink: /home/oh/slam_ws/install/my_action_interface/include/my_action_interface/my_action_interface/action/detail/docking_one__rosidl_typesupport_fastrtps_cpp.hpp
[11.326s] -- Up-to-date symlink: /home/oh/slam_ws/install/my_action_interface/include/my_action_interface/my_action_interface/action/detail/docking_two__rosidl_typesupport_fastrtps_cpp.hpp
[11.338s] -- Up-to-date symlink: /home/oh/slam_ws/install/my_action_interface/include/my_action_interface/my_action_interface/action/detail/open__rosidl_typesupport_fastrtps_cpp.hpp
[11.338s] -- Up-to-date symlink: /home/oh/slam_ws/install/my_action_interface/include/my_action_interface/my_action_interface/msg/rosidl_typesupport_fastrtps_cpp__visibility_control.h
[11.339s] -- Up-to-date symlink: /home/oh/slam_ws/install/my_action_interface/include/my_action_interface/my_action_interface/action/detail/docking_one__rosidl_typesupport_introspection_cpp.hpp
[11.339s] -- Up-to-date symlink: /home/oh/slam_ws/install/my_action_interface/include/my_action_interface/my_action_interface/action/detail/docking_two__rosidl_typesupport_introspection_cpp.hpp
[11.339s] -- Up-to-date symlink: /home/oh/slam_ws/install/my_action_interface/include/my_action_interface/my_action_interface/action/detail/open__rosidl_typesupport_introspection_cpp.hpp
[11.339s] -- Up-to-date symlink: /home/oh/slam_ws/install/my_action_interface/share/my_action_interface/environment/pythonpath.sh
[11.339s] -- Up-to-date symlink: /home/oh/slam_ws/install/my_action_interface/share/my_action_interface/environment/pythonpath.dsv
[11.340s] -- Up-to-date symlink: /home/oh/slam_ws/install/my_action_interface/local/lib/python3.10/dist-packages/my_action_interface-0.0.0-py3.10.egg-info/PKG-INFO
[11.340s] -- Up-to-date symlink: /home/oh/slam_ws/install/my_action_interface/local/lib/python3.10/dist-packages/my_action_interface-0.0.0-py3.10.egg-info/SOURCES.txt
[11.343s] -- Up-to-date symlink: /home/oh/slam_ws/install/my_action_interface/local/lib/python3.10/dist-packages/my_action_interface-0.0.0-py3.10.egg-info/dependency_links.txt
[11.344s] -- Up-to-date symlink: /home/oh/slam_ws/install/my_action_interface/local/lib/python3.10/dist-packages/my_action_interface-0.0.0-py3.10.egg-info/top_level.txt
[11.344s] -- Up-to-date symlink: /home/oh/slam_ws/install/my_action_interface/local/lib/python3.10/dist-packages/my_action_interface/__init__.py
[11.344s] -- Up-to-date symlink: /home/oh/slam_ws/install/my_action_interface/local/lib/python3.10/dist-packages/my_action_interface/_my_action_interface_s.ep.rosidl_typesupport_c.c
[11.344s] -- Up-to-date symlink: /home/oh/slam_ws/install/my_action_interface/local/lib/python3.10/dist-packages/my_action_interface/_my_action_interface_s.ep.rosidl_typesupport_fastrtps_c.c
[11.350s] -- Up-to-date symlink: /home/oh/slam_ws/install/my_action_interface/local/lib/python3.10/dist-packages/my_action_interface/_my_action_interface_s.ep.rosidl_typesupport_introspection_c.c
[11.355s] -- Up-to-date symlink: /home/oh/slam_ws/install/my_action_interface/local/lib/python3.10/dist-packages/my_action_interface/action/__init__.py
[11.364s] -- Up-to-date symlink: /home/oh/slam_ws/install/my_action_interface/local/lib/python3.10/dist-packages/my_action_interface/action/_docking_one.py
[11.364s] -- Up-to-date symlink: /home/oh/slam_ws/install/my_action_interface/local/lib/python3.10/dist-packages/my_action_interface/action/_docking_one_s.c
[11.365s] -- Up-to-date symlink: /home/oh/slam_ws/install/my_action_interface/local/lib/python3.10/dist-packages/my_action_interface/action/_docking_two.py
[11.365s] -- Up-to-date symlink: /home/oh/slam_ws/install/my_action_interface/local/lib/python3.10/dist-packages/my_action_interface/action/_docking_two_s.c
[11.365s] -- Up-to-date symlink: /home/oh/slam_ws/install/my_action_interface/local/lib/python3.10/dist-packages/my_action_interface/action/_open.py
[11.365s] -- Up-to-date symlink: /home/oh/slam_ws/install/my_action_interface/local/lib/python3.10/dist-packages/my_action_interface/action/_open_s.c
[11.366s] -- Up-to-date symlink: /home/oh/slam_ws/install/my_action_interface/local/lib/python3.10/dist-packages/my_action_interface/libmy_action_interface__rosidl_generator_py.so
[11.366s] -- Up-to-date symlink: /home/oh/slam_ws/install/my_action_interface/local/lib/python3.10/dist-packages/my_action_interface/my_action_interface_s__rosidl_typesupport_c.cpython-310-x86_64-linux-gnu.so
[11.366s] -- Up-to-date symlink: /home/oh/slam_ws/install/my_action_interface/local/lib/python3.10/dist-packages/my_action_interface/my_action_interface_s__rosidl_typesupport_fastrtps_c.cpython-310-x86_64-linux-gnu.so
[11.366s] -- Up-to-date symlink: /home/oh/slam_ws/install/my_action_interface/local/lib/python3.10/dist-packages/my_action_interface/my_action_interface_s__rosidl_typesupport_introspection_c.cpython-310-x86_64-linux-gnu.so
[11.367s] -- Up-to-date symlink: /home/oh/slam_ws/install/my_action_interface/local/lib/python3.10/dist-packages/my_action_interface/my_action_interface_s__rosidl_typesupport_fastrtps_c.cpython-310-x86_64-linux-gnu.so
[11.367s] -- Up-to-date symlink: /home/oh/slam_ws/install/my_action_interface/local/lib/python3.10/dist-packages/my_action_interface/my_action_interface_s__rosidl_typesupport_introspection_c.cpython-310-x86_64-linux-gnu.so
[11.370s] -- Up-to-date symlink: /home/oh/slam_ws/install/my_action_interface/local/lib/python3.10/dist-packages/my_action_interface/my_action_interface_s__rosidl_typesupport_c.cpython-310-x86_64-linux-gnu.so
[11.371s] -- Up-to-date symlink: /home/oh/slam_ws/install/my_action_interface/share/my_action_interface/action/Open.idl
[11.371s] -- Up-to-date symlink: /home/oh/slam_ws/install/my_action_interface/share/my_action_interface/action/DockingOne.idl
[11.372s] -- Up-to-date symlink: /home/oh/slam_ws/install/my_action_interface/share/my_action_interface/action/DockingTwo.idl
[11.372s] -- Up-to-date symlink: /home/oh/slam_ws/install/my_action_interface/share/my_action_interface/action/Open.action
[11.389s] -- Up-to-date symlink: /home/oh/slam_ws/install/my_action_interface/share/my_action_interface/action/DockingOne.action
[11.389s] -- Up-to-date symlink: /home/oh/slam_ws/install/my_action_interface/share/my_action_interface/action/DockingTwo.action
[11.389s] -- Up-to-date symlink: /home/oh/slam_ws/install/my_action_interface/share/ament_index/resource_index/package_run_dependencies/my_action_interface
[11.390s] -- Up-to-date symlink: /home/oh/slam_ws/install/my_action_interface/share/ament_index/resource_index/parent_prefix_path/my_action_interface
[11.390s] -- Up-to-date symlink: /home/oh/slam_ws/install/my_action_interface/share/my_action_interface/environment/ament_prefix_path.sh
[11.390s] -- Up-to-date symlink: /home/oh/slam_ws/install/my_action_interface/share/my_action_interface/environment/ament_prefix_path.dsv
[11.390s] -- Up-to-date symlink: /home/oh/slam_ws/install/my_action_interface/share/my_action_interface/environment/path.sh
[11.390s] -- Up-to-date symlink: /home/oh/slam_ws/install/my_action_interface/share/my_action_interface/environment/path.dsv
[11.391s] -- Up-to-date symlink: /home/oh/slam_ws/install/my_action_interface/share/my_action_interface/local_setup.bash
[11.391s] -- Up-to-date symlink: /home/oh/slam_ws/install/my_action_interface/share/my_action_interface/local_setup.sh
[11.392s] -- Up-to-date symlink: /home/oh/slam_ws/install/my_action_interface/share/my_action_interface/local_setup.zsh
[11.392s] -- Up-to-date symlink: /home/oh/slam_ws/install/my_action_interface/share/my_action_interface/local_setup.dsv
[11.392s] -- Symlinking: /home/oh/slam_ws/install/my_action_interface/share/my_action_interface/package.dsv
[11.447s] -- Up-to-date symlink: /home/oh/slam_ws/install/my_action_interface/share/ament_index/resource_index/packages/my_action_interface
[11.448s] -- Up-to-date symlink: /home/oh/slam_ws/install/my_action_interface/share/my_action_interface/cmake/rosidl_cmake-extras.cmake
[11.449s] -- Up-to-date symlink: /home/oh/slam_ws/install/my_action_interface/share/my_action_interface/cmake/ament_cmake_export_dependencies-extras.cmake
[11.449s] -- Up-to-date symlink: /home/oh/slam_ws/install/my_action_interface/share/my_action_interface/cmake/ament_cmake_export_include_directories-extras.cmake
[11.450s] -- Up-to-date symlink: /home/oh/slam_ws/install/my_action_interface/share/my_action_interface/cmake/ament_cmake_export_libraries-extras.cmake
[11.451s] -- Up-to-date symlink: /home/oh/slam_ws/install/my_action_interface/share/my_action_interface/cmake/ament_cmake_export_targets-extras.cmake
[11.451s] -- Up-to-date symlink: /home/oh/slam_ws/install/my_action_interface/share/my_action_interface/cmake/rosidl_cmake_export_typesupport_targets-extras.cmake
[11.452s] -- Up-to-date symlink: /home/oh/slam_ws/install/my_action_interface/share/my_action_interface/cmake/rosidl_cmake_export_typesupport_libraries-extras.cmake
[11.453s] -- Up-to-date symlink: /home/oh/slam_ws/install/my_action_interface/share/my_action_interface/cmake/my_action_interfaceConfig.cmake
[11.461s] -- Up-to-date symlink: /home/oh/slam_ws/install/my_action_interface/share/my_action_interface/cmake/my_action_interfaceConfig-version.cmake
[11.461s] -- Up-to-date symlink: /home/oh/slam_ws/install/my_action_interface/share/my_action_interface/package.xml
[11.461s] -- Up-to-date: /home/oh/slam_ws/install/my_action_interface/lib/libmy_action_interface__rosidl_generator_c.so
[11.462s] -- Up-to-date: /home/oh/slam_ws/install/my_action_interface/lib/libmy_action_interface__rosidl_typesupport_fastrtps_c.so
[11.462s] -- Up-to-date: /home/oh/slam_ws/install/my_action_interface/lib/libmy_action_interface__rosidl_typesupport_introspection_c.so
[11.462s] -- Up-to-date: /home/oh/slam_ws/install/my_action_interface/lib/libmy_action_interface__rosidl_typesupport_c.so
[11.462s] -- Up-to-date: /home/oh/slam_ws/install/my_action_interface/lib/libmy_action_interface__rosidl_typesupport_fastrtps_cpp.so
[11.478s] -- Up-to-date: /home/oh/slam_ws/install/my_action_interface/lib/libmy_action_interface__rosidl_typesupport_introspection_cpp.so
[11.478s] -- Up-to-date: /home/oh/slam_ws/install/my_action_interface/lib/libmy_action_interface__rosidl_typesupport_cpp.so
[11.767s] Listing '/home/oh/slam_ws/install/my_action_interface/local/lib/python3.10/dist-packages/my_action_interface'...
[11.768s] Compiling '/home/oh/slam_ws/install/my_action_interface/local/lib/python3.10/dist-packages/my_action_interface/__init__.py'...
[11.768s] Listing '/home/oh/slam_ws/install/my_action_interface/local/lib/python3.10/dist-packages/my_action_interface/action'...
[11.791s] -- Up-to-date: /home/oh/slam_ws/install/my_action_interface/lib/libmy_action_interface__rosidl_generator_py.so
[11.793s] -- Up-to-date: /home/oh/slam_ws/install/my_action_interface/share/my_action_interface/cmake/export_my_action_interface__rosidl_generator_cExport.cmake
[11.794s] -- Up-to-date: /home/oh/slam_ws/install/my_action_interface/share/my_action_interface/cmake/export_my_action_interface__rosidl_generator_cExport-noconfig.cmake
[11.795s] -- Up-to-date: /home/oh/slam_ws/install/my_action_interface/share/my_action_interface/cmake/export_my_action_interface__rosidl_typesupport_fastrtps_cExport.cmake
[11.796s] -- Up-to-date: /home/oh/slam_ws/install/my_action_interface/share/my_action_interface/cmake/export_my_action_interface__rosidl_typesupport_fastrtps_cExport-noconfig.cmake
[11.797s] -- Up-to-date: /home/oh/slam_ws/install/my_action_interface/share/my_action_interface/cmake/my_action_interface__rosidl_typesupport_introspection_cExport.cmake
[11.797s] -- Up-to-date: /home/oh/slam_ws/install/my_action_interface/share/my_action_interface/cmake/my_action_interface__rosidl_typesupport_introspection_cExport-noconfig.cmake
[11.798s] -- Up-to-date: /home/oh/slam_ws/install/my_action_interface/share/my_action_interface/cmake/my_action_interface__rosidl_typesupport_cExport.cmake
[11.799s] -- Up-to-date: /home/oh/slam_ws/install/my_action_interface/share/my_action_interface/cmake/my_action_interface__rosidl_typesupport_cExport-noconfig.cmake
[11.800s] -- Up-to-date: /home/oh/slam_ws/install/my_action_interface/share/my_action_interface/cmake/export_my_action_interface__rosidl_generator_cppExport.cmake
[11.801s] -- Up-to-date: /home/oh/slam_ws/install/my_action_interface/share/my_action_interface/cmake/export_my_action_interface__rosidl_typesupport_fastrtps_cppExport.cmake
[11.802s] -- Up-to-date: /home/oh/slam_ws/install/my_action_interface/share/my_action_interface/cmake/export_my_action_interface__rosidl_typesupport_fastrtps_cppExport-noconfig.cmake
[11.803s] -- Up-to-date: /home/oh/slam_ws/install/my_action_interface/share/my_action_interface/cmake/my_action_interface__rosidl_typesupport_introspection_cppExport.cmake
[11.804s] -- Up-to-date: /home/oh/slam_ws/install/my_action_interface/share/my_action_interface/cmake/my_action_interface__rosidl_typesupport_introspection_cppExport-noconfig.cmake
[11.805s] -- Up-to-date: /home/oh/slam_ws/install/my_action_interface/share/my_action_interface/cmake/my_action_interface__rosidl_typesupport_cppExport.cmake
[11.806s] -- Up-to-date: /home/oh/slam_ws/install/my_action_interface/share/my_action_interface/cmake/my_action_interface__rosidl_typesupport_cppExport-noconfig.cmake
[11.807s] -- Up-to-date: /home/oh/slam_ws/install/my_action_interface/share/my_action_interface/cmake/export_my_action_interface__rosidl_generator_pyExport.cmake
[11.808s] -- Up-to-date: /home/oh/slam_ws/install/my_action_interface/share/my_action_interface/cmake/export_my_action_interface__rosidl_generator_pyExport-noconfig.cmake
[13.374s] Invoked command in '/home/oh/slam_ws/build/my_action_interface' returned '0': CMAKE_PREFIX_PATH=${CMAKE_PREFIX_PATH}:/home/oh/slam_ws/install/ros2_aruco:/home/oh/slam_ws/install/my_tf_package:/home/oh/slam_ws/install/my_tf2_package:/home/oh/slam_ws/install/my_docking:/home/oh/slam_ws/install/my_aruco_to_goal_pose_pkg:/home/oh/slam_ws/install/escape_from_cart:/opt/ros/humble /usr/bin/cmake --install /home/oh/slam_ws/build/my_action_interface
