[0.042s] Invoking command in '/home/oh/slam_ws/build/odrive_demo_bringup': AMENT_PREFIX_PATH=/home/oh/slam_ws/install/odrive_demo_description:/home/oh/slam_ws/install/ros2_control_demo_description:${AMENT_PREFIX_PATH} CMAKE_PREFIX_PATH=/home/oh/slam_ws/install/odrive_demo_description:/home/oh/slam_ws/install/ros2_control_demo_description:/opt/ros/humble /usr/bin/cmake --build /home/oh/slam_ws/build/odrive_demo_bringup -- -j8 -l8
[0.082s] Invoked command in '/home/oh/slam_ws/build/odrive_demo_bringup' returned '0': AMENT_PREFIX_PATH=/home/oh/slam_ws/install/odrive_demo_description:/home/oh/slam_ws/install/ros2_control_demo_description:${AMENT_PREFIX_PATH} CMAKE_PREFIX_PATH=/home/oh/slam_ws/install/odrive_demo_description:/home/oh/slam_ws/install/ros2_control_demo_description:/opt/ros/humble /usr/bin/cmake --build /home/oh/slam_ws/build/odrive_demo_bringup -- -j8 -l8
[0.104s] Invoking command in '/home/oh/slam_ws/build/odrive_demo_bringup': AMENT_PREFIX_PATH=/home/oh/slam_ws/install/odrive_demo_description:/home/oh/slam_ws/install/ros2_control_demo_description:${AMENT_PREFIX_PATH} CMAKE_PREFIX_PATH=/home/oh/slam_ws/install/odrive_demo_description:/home/oh/slam_ws/install/ros2_control_demo_description:/opt/ros/humble /usr/bin/cmake --install /home/oh/slam_ws/build/odrive_demo_bringup
[0.111s] -- Install configuration: ""
[0.111s] -- Up-to-date: /home/oh/slam_ws/install/odrive_demo_bringup/share/odrive_demo_bringup/config
[0.111s] -- Up-to-date: /home/oh/slam_ws/install/odrive_demo_bringup/share/odrive_demo_bringup/config/diffbot_controllers.yaml
[0.112s] -- Up-to-date: /home/oh/slam_ws/install/odrive_demo_bringup/share/odrive_demo_bringup/config/odrive_multi_interface_forward_controllers.yaml
[0.112s] -- Up-to-date: /home/oh/slam_ws/install/odrive_demo_bringup/share/odrive_demo_bringup/launch
[0.112s] -- Up-to-date: /home/oh/slam_ws/install/odrive_demo_bringup/share/odrive_demo_bringup/launch/odrive_diffbot.launch.py
[0.112s] -- Up-to-date: /home/oh/slam_ws/install/odrive_demo_bringup/share/odrive_demo_bringup/launch/odrive_multi_interface.launch.py
[0.112s] -- Up-to-date: /home/oh/slam_ws/install/odrive_demo_bringup/share/ament_index/resource_index/package_run_dependencies/odrive_demo_bringup
[0.112s] -- Up-to-date: /home/oh/slam_ws/install/odrive_demo_bringup/share/ament_index/resource_index/parent_prefix_path/odrive_demo_bringup
[0.112s] -- Up-to-date: /home/oh/slam_ws/install/odrive_demo_bringup/share/odrive_demo_bringup/environment/ament_prefix_path.sh
[0.112s] -- Up-to-date: /home/oh/slam_ws/install/odrive_demo_bringup/share/odrive_demo_bringup/environment/ament_prefix_path.dsv
[0.112s] -- Up-to-date: /home/oh/slam_ws/install/odrive_demo_bringup/share/odrive_demo_bringup/environment/path.sh
[0.112s] -- Up-to-date: /home/oh/slam_ws/install/odrive_demo_bringup/share/odrive_demo_bringup/environment/path.dsv
[0.112s] -- Up-to-date: /home/oh/slam_ws/install/odrive_demo_bringup/share/odrive_demo_bringup/local_setup.bash
[0.112s] -- Up-to-date: /home/oh/slam_ws/install/odrive_demo_bringup/share/odrive_demo_bringup/local_setup.sh
[0.112s] -- Up-to-date: /home/oh/slam_ws/install/odrive_demo_bringup/share/odrive_demo_bringup/local_setup.zsh
[0.112s] -- Up-to-date: /home/oh/slam_ws/install/odrive_demo_bringup/share/odrive_demo_bringup/local_setup.dsv
[0.112s] -- Installing: /home/oh/slam_ws/install/odrive_demo_bringup/share/odrive_demo_bringup/package.dsv
[0.112s] -- Up-to-date: /home/oh/slam_ws/install/odrive_demo_bringup/share/ament_index/resource_index/packages/odrive_demo_bringup
[0.113s] -- Up-to-date: /home/oh/slam_ws/install/odrive_demo_bringup/share/odrive_demo_bringup/cmake/odrive_demo_bringupConfig.cmake
[0.113s] -- Up-to-date: /home/oh/slam_ws/install/odrive_demo_bringup/share/odrive_demo_bringup/cmake/odrive_demo_bringupConfig-version.cmake
[0.113s] -- Up-to-date: /home/oh/slam_ws/install/odrive_demo_bringup/share/odrive_demo_bringup/package.xml
[0.123s] Invoked command in '/home/oh/slam_ws/build/odrive_demo_bringup' returned '0': AMENT_PREFIX_PATH=/home/oh/slam_ws/install/odrive_demo_description:/home/oh/slam_ws/install/ros2_control_demo_description:${AMENT_PREFIX_PATH} CMAKE_PREFIX_PATH=/home/oh/slam_ws/install/odrive_demo_description:/home/oh/slam_ws/install/ros2_control_demo_description:/opt/ros/humble /usr/bin/cmake --install /home/oh/slam_ws/build/odrive_demo_bringup
