[0.672s] Invoking command in '/home/oh/slam_ws/src/ros2_aruco/ros2_aruco': PYTHONPATH=/home/oh/slam_ws/build/ros2_aruco/prefix_override:/home/oh/slam_ws/install/ros2_aruco/lib/python3.10/site-packages:${PYTHONPATH} /usr/bin/python3 -W ignore:setup.py install is deprecated setup.py egg_info --egg-base ../../../build/ros2_aruco build --build-base /home/oh/slam_ws/build/ros2_aruco/build install --record /home/oh/slam_ws/build/ros2_aruco/install.log --single-version-externally-managed install_data
[0.891s] running egg_info
[0.892s] writing ../../../build/ros2_aruco/ros2_aruco.egg-info/PKG-INFO
[0.892s] writing dependency_links to ../../../build/ros2_aruco/ros2_aruco.egg-info/dependency_links.txt
[0.892s] writing entry points to ../../../build/ros2_aruco/ros2_aruco.egg-info/entry_points.txt
[0.892s] writing requirements to ../../../build/ros2_aruco/ros2_aruco.egg-info/requires.txt
[0.893s] writing top-level names to ../../../build/ros2_aruco/ros2_aruco.egg-info/top_level.txt
[0.894s] reading manifest file '../../../build/ros2_aruco/ros2_aruco.egg-info/SOURCES.txt'
[0.894s] writing manifest file '../../../build/ros2_aruco/ros2_aruco.egg-info/SOURCES.txt'
[0.895s] running build
[0.895s] running build_py
[0.895s] running install
[0.895s] running install_lib
[0.896s] running install_data
[0.896s] running install_egg_info
[0.899s] removing '/home/oh/slam_ws/install/ros2_aruco/lib/python3.10/site-packages/ros2_aruco-0.1.0-py3.10.egg-info' (and everything under it)
[0.899s] Copying ../../../build/ros2_aruco/ros2_aruco.egg-info to /home/oh/slam_ws/install/ros2_aruco/lib/python3.10/site-packages/ros2_aruco-0.1.0-py3.10.egg-info
[0.899s] running install_scripts
[0.920s] Installing aruco_generate_marker script to /home/oh/slam_ws/install/ros2_aruco/lib/ros2_aruco
[0.920s] Installing aruco_node script to /home/oh/slam_ws/install/ros2_aruco/lib/ros2_aruco
[0.920s] writing list of installed files to '/home/oh/slam_ws/build/ros2_aruco/install.log'
[0.962s] Invoked command in '/home/oh/slam_ws/src/ros2_aruco/ros2_aruco' returned '0': PYTHONPATH=/home/oh/slam_ws/build/ros2_aruco/prefix_override:/home/oh/slam_ws/install/ros2_aruco/lib/python3.10/site-packages:${PYTHONPATH} /usr/bin/python3 -W ignore:setup.py install is deprecated setup.py egg_info --egg-base ../../../build/ros2_aruco build --build-base /home/oh/slam_ws/build/ros2_aruco/build install --record /home/oh/slam_ws/build/ros2_aruco/install.log --single-version-externally-managed install_data
