running develop
/usr/lib/python3/dist-packages/setuptools/command/easy_install.py:158: EasyInstallDeprecationWarning: easy_install command is deprecated. Use build and pip and other standards-based tools.
  warnings.warn(
Removing /home/oh/slam_ws/install/my_aruco_to_goal_pose_pkg/lib/python3.10/site-packages/my-aruco-to-goal-pose-pkg.egg-link (link to .)
running egg_info
writing ../../build/my_aruco_to_goal_pose_pkg/my_aruco_to_goal_pose_pkg.egg-info/PKG-INFO
writing dependency_links to ../../build/my_aruco_to_goal_pose_pkg/my_aruco_to_goal_pose_pkg.egg-info/dependency_links.txt
writing entry points to ../../build/my_aruco_to_goal_pose_pkg/my_aruco_to_goal_pose_pkg.egg-info/entry_points.txt
writing requirements to ../../build/my_aruco_to_goal_pose_pkg/my_aruco_to_goal_pose_pkg.egg-info/requires.txt
writing top-level names to ../../build/my_aruco_to_goal_pose_pkg/my_aruco_to_goal_pose_pkg.egg-info/top_level.txt
reading manifest file '../../build/my_aruco_to_goal_pose_pkg/my_aruco_to_goal_pose_pkg.egg-info/SOURCES.txt'
writing manifest file '../../build/my_aruco_to_goal_pose_pkg/my_aruco_to_goal_pose_pkg.egg-info/SOURCES.txt'
running build
running build_py
running install
running install_lib
creating /home/oh/slam_ws/install/my_aruco_to_goal_pose_pkg/lib/python3.10/site-packages/my_aruco_to_goal_pose_pkg
copying /home/oh/slam_ws/build/my_aruco_to_goal_pose_pkg/build/lib/my_aruco_to_goal_pose_pkg/aruco_sub_goal_pose_pub.py -> /home/oh/slam_ws/install/my_aruco_to_goal_pose_pkg/lib/python3.10/site-packages/my_aruco_to_goal_pose_pkg
copying /home/oh/slam_ws/build/my_aruco_to_goal_pose_pkg/build/lib/my_aruco_to_goal_pose_pkg/__init__.py -> /home/oh/slam_ws/install/my_aruco_to_goal_pose_pkg/lib/python3.10/site-packages/my_aruco_to_goal_pose_pkg
byte-compiling /home/oh/slam_ws/install/my_aruco_to_goal_pose_pkg/lib/python3.10/site-packages/my_aruco_to_goal_pose_pkg/aruco_sub_goal_pose_pub.py to aruco_sub_goal_pose_pub.cpython-310.pyc
byte-compiling /home/oh/slam_ws/install/my_aruco_to_goal_pose_pkg/lib/python3.10/site-packages/my_aruco_to_goal_pose_pkg/__init__.py to __init__.cpython-310.pyc
running install_data
copying resource/my_aruco_to_goal_pose_pkg -> /home/oh/slam_ws/install/my_aruco_to_goal_pose_pkg/share/ament_index/resource_index/packages
copying package.xml -> /home/oh/slam_ws/install/my_aruco_to_goal_pose_pkg/share/my_aruco_to_goal_pose_pkg
running install_egg_info
Copying ../../build/my_aruco_to_goal_pose_pkg/my_aruco_to_goal_pose_pkg.egg-info to /home/oh/slam_ws/install/my_aruco_to_goal_pose_pkg/lib/python3.10/site-packages/my_aruco_to_goal_pose_pkg-0.0.0-py3.10.egg-info
running install_scripts
Installing aruco_sub_goal_pose_pub script to /home/oh/slam_ws/install/my_aruco_to_goal_pose_pkg/lib/my_aruco_to_goal_pose_pkg
writing list of installed files to '/home/oh/slam_ws/build/my_aruco_to_goal_pose_pkg/install.log'
