[4.993s] Invoking command in '/home/oh/slam_ws/src/my_tf_package': PYTHONPATH=/home/oh/slam_ws/build/my_tf_package/prefix_override:/home/oh/slam_ws/install/my_tf_package/lib/python3.10/site-packages:${PYTHONPATH} /usr/bin/python3 -W ignore:setup.py install is deprecated setup.py egg_info --egg-base ../../build/my_tf_package build --build-base /home/oh/slam_ws/build/my_tf_package/build install --record /home/oh/slam_ws/build/my_tf_package/install.log --single-version-externally-managed install_data
[7.144s] running egg_info
[7.154s] writing ../../build/my_tf_package/my_tf_package.egg-info/PKG-INFO
[7.164s] writing dependency_links to ../../build/my_tf_package/my_tf_package.egg-info/dependency_links.txt
[7.164s] writing entry points to ../../build/my_tf_package/my_tf_package.egg-info/entry_points.txt
[7.165s] writing requirements to ../../build/my_tf_package/my_tf_package.egg-info/requires.txt
[7.165s] writing top-level names to ../../build/my_tf_package/my_tf_package.egg-info/top_level.txt
[7.171s] reading manifest file '../../build/my_tf_package/my_tf_package.egg-info/SOURCES.txt'
[7.182s] writing manifest file '../../build/my_tf_package/my_tf_package.egg-info/SOURCES.txt'
[7.183s] running build
[7.183s] running build_py
[7.201s] running install
[7.204s] running install_lib
[7.218s] running install_data
[7.219s] running install_egg_info
[7.231s] removing '/home/oh/slam_ws/install/my_tf_package/lib/python3.10/site-packages/my_tf_package-0.0.0-py3.10.egg-info' (and everything under it)
[7.238s] Copying ../../build/my_tf_package/my_tf_package.egg-info to /home/oh/slam_ws/install/my_tf_package/lib/python3.10/site-packages/my_tf_package-0.0.0-py3.10.egg-info
[7.252s] running install_scripts
[7.420s] Installing my_tf2_broadcaster script to /home/oh/slam_ws/install/my_tf_package/lib/my_tf_package
[7.421s] writing list of installed files to '/home/oh/slam_ws/build/my_tf_package/install.log'
[7.575s] Invoked command in '/home/oh/slam_ws/src/my_tf_package' returned '0': PYTHONPATH=/home/oh/slam_ws/build/my_tf_package/prefix_override:/home/oh/slam_ws/install/my_tf_package/lib/python3.10/site-packages:${PYTHONPATH} /usr/bin/python3 -W ignore:setup.py install is deprecated setup.py egg_info --egg-base ../../build/my_tf_package build --build-base /home/oh/slam_ws/build/my_tf_package/build install --record /home/oh/slam_ws/build/my_tf_package/install.log --single-version-externally-managed install_data
