[1.942s] Invoking command in '/home/oh/slam_ws/build/my_slam_package': CMAKE_PREFIX_PATH=${CMAKE_PREFIX_PATH}:/home/oh/slam_ws/install/ros2_aruco:/home/oh/slam_ws/install/my_tf_package:/home/oh/slam_ws/install/my_tf2_package:/home/oh/slam_ws/install/my_docking:/home/oh/slam_ws/install/my_aruco_to_goal_pose_pkg:/home/oh/slam_ws/install/escape_from_cart:/opt/ros/humble /usr/bin/cmake --build /home/oh/slam_ws/build/my_slam_package -- -j8 -l8
[3.443s] Invoked command in '/home/oh/slam_ws/build/my_slam_package' returned '0': CMAKE_PREFIX_PATH=${CMAKE_PREFIX_PATH}:/home/oh/slam_ws/install/ros2_aruco:/home/oh/slam_ws/install/my_tf_package:/home/oh/slam_ws/install/my_tf2_package:/home/oh/slam_ws/install/my_docking:/home/oh/slam_ws/install/my_aruco_to_goal_pose_pkg:/home/oh/slam_ws/install/escape_from_cart:/opt/ros/humble /usr/bin/cmake --build /home/oh/slam_ws/build/my_slam_package -- -j8 -l8
[5.267s] Invoking command in '/home/oh/slam_ws/build/my_slam_package': CMAKE_PREFIX_PATH=${CMAKE_PREFIX_PATH}:/home/oh/slam_ws/install/ros2_aruco:/home/oh/slam_ws/install/my_tf_package:/home/oh/slam_ws/install/my_tf2_package:/home/oh/slam_ws/install/my_docking:/home/oh/slam_ws/install/my_aruco_to_goal_pose_pkg:/home/oh/slam_ws/install/escape_from_cart:/opt/ros/humble /usr/bin/cmake --install /home/oh/slam_ws/build/my_slam_package
[5.324s] -- Install configuration: ""
[5.324s] -- Up-to-date: /home/oh/slam_ws/install/my_slam_package/share/my_slam_package/launch
[5.324s] -- Up-to-date: /home/oh/slam_ws/install/my_slam_package/share/my_slam_package/launch/my_robot.launch.py
[5.324s] -- Up-to-date: /home/oh/slam_ws/install/my_slam_package/share/my_slam_package/launch/localization_without_grid.py
[5.325s] -- Up-to-date: /home/oh/slam_ws/install/my_slam_package/share/my_slam_package/urdf
[5.325s] -- Up-to-date: /home/oh/slam_ws/install/my_slam_package/share/my_slam_package/urdf/my_robot.urdf
[5.325s] -- Up-to-date: /home/oh/slam_ws/install/my_slam_package/share/my_slam_package/lua
[5.325s] -- Up-to-date: /home/oh/slam_ws/install/my_slam_package/share/my_slam_package/lua/my_robot.lua
[5.326s] -- Up-to-date: /home/oh/slam_ws/install/my_slam_package/share/ament_index/resource_index/package_run_dependencies/my_slam_package
[5.326s] -- Up-to-date: /home/oh/slam_ws/install/my_slam_package/share/ament_index/resource_index/parent_prefix_path/my_slam_package
[5.326s] -- Up-to-date: /home/oh/slam_ws/install/my_slam_package/share/my_slam_package/environment/ament_prefix_path.sh
[5.326s] -- Up-to-date: /home/oh/slam_ws/install/my_slam_package/share/my_slam_package/environment/ament_prefix_path.dsv
[5.327s] -- Up-to-date: /home/oh/slam_ws/install/my_slam_package/share/my_slam_package/environment/path.sh
[5.327s] -- Up-to-date: /home/oh/slam_ws/install/my_slam_package/share/my_slam_package/environment/path.dsv
[5.327s] -- Up-to-date: /home/oh/slam_ws/install/my_slam_package/share/my_slam_package/local_setup.bash
[5.327s] -- Up-to-date: /home/oh/slam_ws/install/my_slam_package/share/my_slam_package/local_setup.sh
[5.327s] -- Up-to-date: /home/oh/slam_ws/install/my_slam_package/share/my_slam_package/local_setup.zsh
[5.341s] -- Up-to-date: /home/oh/slam_ws/install/my_slam_package/share/my_slam_package/local_setup.dsv
[5.343s] -- Installing: /home/oh/slam_ws/install/my_slam_package/share/my_slam_package/package.dsv
[5.344s] -- Up-to-date: /home/oh/slam_ws/install/my_slam_package/share/ament_index/resource_index/packages/my_slam_package
[5.344s] -- Up-to-date: /home/oh/slam_ws/install/my_slam_package/share/my_slam_package/cmake/my_slam_packageConfig.cmake
[5.344s] -- Up-to-date: /home/oh/slam_ws/install/my_slam_package/share/my_slam_package/cmake/my_slam_packageConfig-version.cmake
[5.344s] -- Up-to-date: /home/oh/slam_ws/install/my_slam_package/share/my_slam_package/package.xml
[5.529s] Invoked command in '/home/oh/slam_ws/build/my_slam_package' returned '0': CMAKE_PREFIX_PATH=${CMAKE_PREFIX_PATH}:/home/oh/slam_ws/install/ros2_aruco:/home/oh/slam_ws/install/my_tf_package:/home/oh/slam_ws/install/my_tf2_package:/home/oh/slam_ws/install/my_docking:/home/oh/slam_ws/install/my_aruco_to_goal_pose_pkg:/home/oh/slam_ws/install/escape_from_cart:/opt/ros/humble /usr/bin/cmake --install /home/oh/slam_ws/build/my_slam_package
