[0.134s] Invoking command in '/home/oh/slam_ws/build/realsense2_camera': CMAKE_PREFIX_PATH=/home/oh/slam_ws/install/realsense2_camera_msgs:/home/oh/slam_ws/install/usb_cam:/home/oh/slam_ws/install/teleop_twist_joy:/home/oh/slam_ws/install/ros2_control_demos:/home/oh/slam_ws/install/ros2_control_demo_example_9:/home/oh/slam_ws/install/ros2_control_demo_example_8:/home/oh/slam_ws/install/ros2_control_demo_example_7:/home/oh/slam_ws/install/ros2_control_demo_example_6:/home/oh/slam_ws/install/ros2_control_demo_example_5:/home/oh/slam_ws/install/ros2_control_demo_example_4:/home/oh/slam_ws/install/ros2_control_demo_example_3:/home/oh/slam_ws/install/ros2_control_demo_example_2:/home/oh/slam_ws/install/ros2_control_demo_example_14:/home/oh/slam_ws/install/ros2_control_demo_example_12:/home/oh/slam_ws/install/ros2_control_demo_example_11:/home/oh/slam_ws/install/ros2_control_demo_example_10:/home/oh/slam_ws/install/ros2_control_demo_example_1:/home/oh/slam_ws/install/odrive_ros2_control:/home/oh/slam_ws/install/odrive_demo_bringup:/home/oh/slam_ws/install/odrive_demo_description:/home/oh/slam_ws/install/ros2_control_demo_description:/home/oh/slam_ws/install/ros2_aruco_interfaces:/home/oh/slam_ws/install/realsense2_description:/home/oh/slam_ws/install/realsense2_camera:/home/oh/slam_ws/install/odrive_hardware_interface:/home/oh/slam_ws/install/my_slam_package:/home/oh/slam_ws/install/my_bot_description:/home/oh/slam_ws/install/my_action_interface:/home/oh/slam_ws/install/ros2_aruco:/home/oh/slam_ws/install/my_tf_package:/home/oh/slam_ws/install/my_tf2_package:/home/oh/slam_ws/install/my_docking:/home/oh/slam_ws/install/my_aruco_to_goal_pose_pkg:/home/oh/slam_ws/install/escape_from_cart:/opt/ros/humble LD_LIBRARY_PATH=/home/oh/slam_ws/install/realsense2_camera_msgs/lib:/home/oh/slam_ws/install/usb_cam/lib:/home/oh/slam_ws/install/teleop_twist_joy/lib:/home/oh/slam_ws/install/ros2_control_demo_example_9/lib:/home/oh/slam_ws/install/ros2_control_demo_example_8/lib:/home/oh/slam_ws/install/ros2_control_demo_example_7/lib:/home/oh/slam_ws/install/ros2_control_demo_example_6/lib:/home/oh/slam_ws/install/ros2_control_demo_example_5/lib:/home/oh/slam_ws/install/ros2_control_demo_example_4/lib:/home/oh/slam_ws/install/ros2_control_demo_example_3/lib:/home/oh/slam_ws/install/ros2_control_demo_example_2/lib:/home/oh/slam_ws/install/ros2_control_demo_example_14/lib:/home/oh/slam_ws/install/ros2_control_demo_example_12/lib:/home/oh/slam_ws/install/ros2_control_demo_example_11/lib:/home/oh/slam_ws/install/ros2_control_demo_example_10/lib:/home/oh/slam_ws/install/ros2_control_demo_example_1/lib:/home/oh/slam_ws/install/ros2_aruco_interfaces/lib:/home/oh/slam_ws/install/realsense2_camera/lib:/home/oh/slam_ws/install/odrive_hardware_interface/lib:/home/oh/slam_ws/install/my_action_interface/lib:/usr/lib/x86_64-linux-gnu/gazebo-11/plugins:/opt/ros/humble/opt/rviz_ogre_vendor/lib:/opt/ros/humble/lib/x86_64-linux-gnu:/opt/ros/humble/lib /usr/bin/cmake --build /home/oh/slam_ws/build/realsense2_camera -- -j8 -l8
[1.298s] [  9%] Built target gtest
[1.299s] [ 18%] Built target realsense2_camera_node
[1.299s] [ 27%] Built target gtest_main
[1.299s] [ 90%] Built target realsense2_camera
[1.299s] [100%] Built target gtest_template
[1.362s] Invoked command in '/home/oh/slam_ws/build/realsense2_camera' returned '0': CMAKE_PREFIX_PATH=/home/oh/slam_ws/install/realsense2_camera_msgs:/home/oh/slam_ws/install/usb_cam:/home/oh/slam_ws/install/teleop_twist_joy:/home/oh/slam_ws/install/ros2_control_demos:/home/oh/slam_ws/install/ros2_control_demo_example_9:/home/oh/slam_ws/install/ros2_control_demo_example_8:/home/oh/slam_ws/install/ros2_control_demo_example_7:/home/oh/slam_ws/install/ros2_control_demo_example_6:/home/oh/slam_ws/install/ros2_control_demo_example_5:/home/oh/slam_ws/install/ros2_control_demo_example_4:/home/oh/slam_ws/install/ros2_control_demo_example_3:/home/oh/slam_ws/install/ros2_control_demo_example_2:/home/oh/slam_ws/install/ros2_control_demo_example_14:/home/oh/slam_ws/install/ros2_control_demo_example_12:/home/oh/slam_ws/install/ros2_control_demo_example_11:/home/oh/slam_ws/install/ros2_control_demo_example_10:/home/oh/slam_ws/install/ros2_control_demo_example_1:/home/oh/slam_ws/install/odrive_ros2_control:/home/oh/slam_ws/install/odrive_demo_bringup:/home/oh/slam_ws/install/odrive_demo_description:/home/oh/slam_ws/install/ros2_control_demo_description:/home/oh/slam_ws/install/ros2_aruco_interfaces:/home/oh/slam_ws/install/realsense2_description:/home/oh/slam_ws/install/realsense2_camera:/home/oh/slam_ws/install/odrive_hardware_interface:/home/oh/slam_ws/install/my_slam_package:/home/oh/slam_ws/install/my_bot_description:/home/oh/slam_ws/install/my_action_interface:/home/oh/slam_ws/install/ros2_aruco:/home/oh/slam_ws/install/my_tf_package:/home/oh/slam_ws/install/my_tf2_package:/home/oh/slam_ws/install/my_docking:/home/oh/slam_ws/install/my_aruco_to_goal_pose_pkg:/home/oh/slam_ws/install/escape_from_cart:/opt/ros/humble LD_LIBRARY_PATH=/home/oh/slam_ws/install/realsense2_camera_msgs/lib:/home/oh/slam_ws/install/usb_cam/lib:/home/oh/slam_ws/install/teleop_twist_joy/lib:/home/oh/slam_ws/install/ros2_control_demo_example_9/lib:/home/oh/slam_ws/install/ros2_control_demo_example_8/lib:/home/oh/slam_ws/install/ros2_control_demo_example_7/lib:/home/oh/slam_ws/install/ros2_control_demo_example_6/lib:/home/oh/slam_ws/install/ros2_control_demo_example_5/lib:/home/oh/slam_ws/install/ros2_control_demo_example_4/lib:/home/oh/slam_ws/install/ros2_control_demo_example_3/lib:/home/oh/slam_ws/install/ros2_control_demo_example_2/lib:/home/oh/slam_ws/install/ros2_control_demo_example_14/lib:/home/oh/slam_ws/install/ros2_control_demo_example_12/lib:/home/oh/slam_ws/install/ros2_control_demo_example_11/lib:/home/oh/slam_ws/install/ros2_control_demo_example_10/lib:/home/oh/slam_ws/install/ros2_control_demo_example_1/lib:/home/oh/slam_ws/install/ros2_aruco_interfaces/lib:/home/oh/slam_ws/install/realsense2_camera/lib:/home/oh/slam_ws/install/odrive_hardware_interface/lib:/home/oh/slam_ws/install/my_action_interface/lib:/usr/lib/x86_64-linux-gnu/gazebo-11/plugins:/opt/ros/humble/opt/rviz_ogre_vendor/lib:/opt/ros/humble/lib/x86_64-linux-gnu:/opt/ros/humble/lib /usr/bin/cmake --build /home/oh/slam_ws/build/realsense2_camera -- -j8 -l8
[3.077s] Invoking command in '/home/oh/slam_ws/build/realsense2_camera': CMAKE_PREFIX_PATH=/home/oh/slam_ws/install/realsense2_camera_msgs:/home/oh/slam_ws/install/usb_cam:/home/oh/slam_ws/install/teleop_twist_joy:/home/oh/slam_ws/install/ros2_control_demos:/home/oh/slam_ws/install/ros2_control_demo_example_9:/home/oh/slam_ws/install/ros2_control_demo_example_8:/home/oh/slam_ws/install/ros2_control_demo_example_7:/home/oh/slam_ws/install/ros2_control_demo_example_6:/home/oh/slam_ws/install/ros2_control_demo_example_5:/home/oh/slam_ws/install/ros2_control_demo_example_4:/home/oh/slam_ws/install/ros2_control_demo_example_3:/home/oh/slam_ws/install/ros2_control_demo_example_2:/home/oh/slam_ws/install/ros2_control_demo_example_14:/home/oh/slam_ws/install/ros2_control_demo_example_12:/home/oh/slam_ws/install/ros2_control_demo_example_11:/home/oh/slam_ws/install/ros2_control_demo_example_10:/home/oh/slam_ws/install/ros2_control_demo_example_1:/home/oh/slam_ws/install/odrive_ros2_control:/home/oh/slam_ws/install/odrive_demo_bringup:/home/oh/slam_ws/install/odrive_demo_description:/home/oh/slam_ws/install/ros2_control_demo_description:/home/oh/slam_ws/install/ros2_aruco_interfaces:/home/oh/slam_ws/install/realsense2_description:/home/oh/slam_ws/install/realsense2_camera:/home/oh/slam_ws/install/odrive_hardware_interface:/home/oh/slam_ws/install/my_slam_package:/home/oh/slam_ws/install/my_bot_description:/home/oh/slam_ws/install/my_action_interface:/home/oh/slam_ws/install/ros2_aruco:/home/oh/slam_ws/install/my_tf_package:/home/oh/slam_ws/install/my_tf2_package:/home/oh/slam_ws/install/my_docking:/home/oh/slam_ws/install/my_aruco_to_goal_pose_pkg:/home/oh/slam_ws/install/escape_from_cart:/opt/ros/humble LD_LIBRARY_PATH=/home/oh/slam_ws/install/realsense2_camera_msgs/lib:/home/oh/slam_ws/install/usb_cam/lib:/home/oh/slam_ws/install/teleop_twist_joy/lib:/home/oh/slam_ws/install/ros2_control_demo_example_9/lib:/home/oh/slam_ws/install/ros2_control_demo_example_8/lib:/home/oh/slam_ws/install/ros2_control_demo_example_7/lib:/home/oh/slam_ws/install/ros2_control_demo_example_6/lib:/home/oh/slam_ws/install/ros2_control_demo_example_5/lib:/home/oh/slam_ws/install/ros2_control_demo_example_4/lib:/home/oh/slam_ws/install/ros2_control_demo_example_3/lib:/home/oh/slam_ws/install/ros2_control_demo_example_2/lib:/home/oh/slam_ws/install/ros2_control_demo_example_14/lib:/home/oh/slam_ws/install/ros2_control_demo_example_12/lib:/home/oh/slam_ws/install/ros2_control_demo_example_11/lib:/home/oh/slam_ws/install/ros2_control_demo_example_10/lib:/home/oh/slam_ws/install/ros2_control_demo_example_1/lib:/home/oh/slam_ws/install/ros2_aruco_interfaces/lib:/home/oh/slam_ws/install/realsense2_camera/lib:/home/oh/slam_ws/install/odrive_hardware_interface/lib:/home/oh/slam_ws/install/my_action_interface/lib:/usr/lib/x86_64-linux-gnu/gazebo-11/plugins:/opt/ros/humble/opt/rviz_ogre_vendor/lib:/opt/ros/humble/lib/x86_64-linux-gnu:/opt/ros/humble/lib /usr/bin/cmake --install /home/oh/slam_ws/build/realsense2_camera
[3.317s] -- Install configuration: "Release"
[3.317s] -- Up-to-date: /home/oh/slam_ws/install/realsense2_camera/lib/realsense2_camera/realsense2_camera_node
[3.318s] -- Up-to-date: /home/oh/slam_ws/install/realsense2_camera/lib/librealsense2_camera.so
[3.318s] -- Up-to-date: /home/oh/slam_ws/install/realsense2_camera/include
[3.318s] -- Up-to-date: /home/oh/slam_ws/install/realsense2_camera/include/gl_window.h
[3.318s] -- Up-to-date: /home/oh/slam_ws/install/realsense2_camera/include/ros_sensor.h
[3.318s] -- Up-to-date: /home/oh/slam_ws/install/realsense2_camera/include/dynamic_params.h
[3.319s] -- Up-to-date: /home/oh/slam_ws/install/realsense2_camera/include/ros_param_backend.h
[3.319s] -- Up-to-date: /home/oh/slam_ws/install/realsense2_camera/include/named_filter.h
[3.319s] -- Up-to-date: /home/oh/slam_ws/install/realsense2_camera/include/profile_manager.h
[3.319s] -- Up-to-date: /home/oh/slam_ws/install/realsense2_camera/include/ros_utils.h
[3.319s] -- Up-to-date: /home/oh/slam_ws/install/realsense2_camera/include/image_publisher.h
[3.319s] -- Up-to-date: /home/oh/slam_ws/install/realsense2_camera/include/realsense_node_factory.h
[3.320s] -- Up-to-date: /home/oh/slam_ws/install/realsense2_camera/include/base_realsense_node.h
[3.320s] -- Up-to-date: /home/oh/slam_ws/install/realsense2_camera/include/constants.h
[3.320s] -- Up-to-date: /home/oh/slam_ws/install/realsense2_camera/include/sensor_params.h
[3.320s] -- Up-to-date: /home/oh/slam_ws/install/realsense2_camera/share/realsense2_camera/launch
[3.320s] -- Up-to-date: /home/oh/slam_ws/install/realsense2_camera/share/realsense2_camera/launch/rs_intra_process_demo_launch.py
[3.321s] -- Up-to-date: /home/oh/slam_ws/install/realsense2_camera/share/realsense2_camera/launch/default.rviz
[3.321s] -- Up-to-date: /home/oh/slam_ws/install/realsense2_camera/share/realsense2_camera/launch/rs_multi_camera_launch.py
[3.321s] -- Up-to-date: /home/oh/slam_ws/install/realsense2_camera/share/realsense2_camera/launch/rs_launch.py
[3.321s] -- Up-to-date: /home/oh/slam_ws/install/realsense2_camera/share/realsense2_camera/examples
[3.321s] -- Up-to-date: /home/oh/slam_ws/install/realsense2_camera/share/realsense2_camera/examples/align_depth
[3.322s] -- Up-to-date: /home/oh/slam_ws/install/realsense2_camera/share/realsense2_camera/examples/align_depth/rs_align_depth_launch.py
[3.322s] -- Up-to-date: /home/oh/slam_ws/install/realsense2_camera/share/realsense2_camera/examples/align_depth/README.md
[3.322s] -- Up-to-date: /home/oh/slam_ws/install/realsense2_camera/share/realsense2_camera/examples/launch_from_rosbag
[3.322s] -- Up-to-date: /home/oh/slam_ws/install/realsense2_camera/share/realsense2_camera/examples/launch_from_rosbag/rs_launch_from_rosbag.py
[3.322s] -- Up-to-date: /home/oh/slam_ws/install/realsense2_camera/share/realsense2_camera/examples/launch_from_rosbag/README.md
[3.323s] -- Up-to-date: /home/oh/slam_ws/install/realsense2_camera/share/realsense2_camera/examples/pointcloud
[3.323s] -- Up-to-date: /home/oh/slam_ws/install/realsense2_camera/share/realsense2_camera/examples/pointcloud/rs_d455_pointcloud_launch.py
[3.323s] -- Up-to-date: /home/oh/slam_ws/install/realsense2_camera/share/realsense2_camera/examples/pointcloud/rs_pointcloud_launch.py
[3.323s] -- Up-to-date: /home/oh/slam_ws/install/realsense2_camera/share/realsense2_camera/examples/pointcloud/rviz
[3.323s] -- Up-to-date: /home/oh/slam_ws/install/realsense2_camera/share/realsense2_camera/examples/pointcloud/rviz/pointcloud.rviz
[3.324s] -- Up-to-date: /home/oh/slam_ws/install/realsense2_camera/share/realsense2_camera/examples/pointcloud/rviz/urdf_pointcloud.rviz
[3.324s] -- Up-to-date: /home/oh/slam_ws/install/realsense2_camera/share/realsense2_camera/examples/pointcloud/rs_d405_pointcloud_launch.py
[3.324s] -- Up-to-date: /home/oh/slam_ws/install/realsense2_camera/share/realsense2_camera/examples/pointcloud/README.md
[3.324s] -- Up-to-date: /home/oh/slam_ws/install/realsense2_camera/share/realsense2_camera/examples/launch_params_from_file
[3.324s] -- Up-to-date: /home/oh/slam_ws/install/realsense2_camera/share/realsense2_camera/examples/launch_params_from_file/rs_launch_get_params_from_yaml.py
[3.327s] -- Up-to-date: /home/oh/slam_ws/install/realsense2_camera/share/realsense2_camera/examples/launch_params_from_file/config
[3.327s] -- Up-to-date: /home/oh/slam_ws/install/realsense2_camera/share/realsense2_camera/examples/launch_params_from_file/config/config.yaml
[3.328s] -- Up-to-date: /home/oh/slam_ws/install/realsense2_camera/share/realsense2_camera/examples/launch_params_from_file/README.md
[3.328s] -- Up-to-date: /home/oh/slam_ws/install/realsense2_camera/share/realsense2_camera/examples/dual_camera
[3.328s] -- Up-to-date: /home/oh/slam_ws/install/realsense2_camera/share/realsense2_camera/examples/dual_camera/rviz
[3.328s] -- Up-to-date: /home/oh/slam_ws/install/realsense2_camera/share/realsense2_camera/examples/dual_camera/rviz/dual_camera_pointcloud.rviz
[3.328s] -- Up-to-date: /home/oh/slam_ws/install/realsense2_camera/share/realsense2_camera/examples/dual_camera/README.md
[3.328s] -- Up-to-date: /home/oh/slam_ws/install/realsense2_camera/share/realsense2_camera/examples/dual_camera/rs_dual_camera_launch.py
[3.329s] -- Up-to-date: /home/oh/slam_ws/install/realsense2_camera/share/realsense2_camera/environment/library_path.sh
[3.329s] -- Up-to-date: /home/oh/slam_ws/install/realsense2_camera/share/realsense2_camera/environment/library_path.dsv
[3.329s] -- Up-to-date: /home/oh/slam_ws/install/realsense2_camera/share/ament_index/resource_index/package_run_dependencies/realsense2_camera
[3.329s] -- Up-to-date: /home/oh/slam_ws/install/realsense2_camera/share/ament_index/resource_index/parent_prefix_path/realsense2_camera
[3.330s] -- Up-to-date: /home/oh/slam_ws/install/realsense2_camera/share/realsense2_camera/environment/ament_prefix_path.sh
[3.330s] -- Up-to-date: /home/oh/slam_ws/install/realsense2_camera/share/realsense2_camera/environment/ament_prefix_path.dsv
[3.330s] -- Up-to-date: /home/oh/slam_ws/install/realsense2_camera/share/realsense2_camera/environment/path.sh
[3.330s] -- Up-to-date: /home/oh/slam_ws/install/realsense2_camera/share/realsense2_camera/environment/path.dsv
[3.330s] -- Up-to-date: /home/oh/slam_ws/install/realsense2_camera/share/realsense2_camera/local_setup.bash
[3.330s] -- Up-to-date: /home/oh/slam_ws/install/realsense2_camera/share/realsense2_camera/local_setup.sh
[3.331s] -- Up-to-date: /home/oh/slam_ws/install/realsense2_camera/share/realsense2_camera/local_setup.zsh
[3.331s] -- Up-to-date: /home/oh/slam_ws/install/realsense2_camera/share/realsense2_camera/local_setup.dsv
[3.331s] -- Installing: /home/oh/slam_ws/install/realsense2_camera/share/realsense2_camera/package.dsv
[3.331s] -- Up-to-date: /home/oh/slam_ws/install/realsense2_camera/share/ament_index/resource_index/packages/realsense2_camera
[3.331s] -- Up-to-date: /home/oh/slam_ws/install/realsense2_camera/share/ament_index/resource_index/rclcpp_components/realsense2_camera
[3.332s] -- Up-to-date: /home/oh/slam_ws/install/realsense2_camera/share/realsense2_camera/cmake/ament_cmake_export_include_directories-extras.cmake
[3.332s] -- Up-to-date: /home/oh/slam_ws/install/realsense2_camera/share/realsense2_camera/cmake/ament_cmake_export_libraries-extras.cmake
[3.332s] -- Up-to-date: /home/oh/slam_ws/install/realsense2_camera/share/realsense2_camera/cmake/ament_cmake_export_dependencies-extras.cmake
[3.332s] -- Up-to-date: /home/oh/slam_ws/install/realsense2_camera/share/realsense2_camera/cmake/realsense2_cameraConfig.cmake
[3.332s] -- Up-to-date: /home/oh/slam_ws/install/realsense2_camera/share/realsense2_camera/cmake/realsense2_cameraConfig-version.cmake
[3.333s] -- Up-to-date: /home/oh/slam_ws/install/realsense2_camera/share/realsense2_camera/package.xml
[3.354s] Invoked command in '/home/oh/slam_ws/build/realsense2_camera' returned '0': CMAKE_PREFIX_PATH=/home/oh/slam_ws/install/realsense2_camera_msgs:/home/oh/slam_ws/install/usb_cam:/home/oh/slam_ws/install/teleop_twist_joy:/home/oh/slam_ws/install/ros2_control_demos:/home/oh/slam_ws/install/ros2_control_demo_example_9:/home/oh/slam_ws/install/ros2_control_demo_example_8:/home/oh/slam_ws/install/ros2_control_demo_example_7:/home/oh/slam_ws/install/ros2_control_demo_example_6:/home/oh/slam_ws/install/ros2_control_demo_example_5:/home/oh/slam_ws/install/ros2_control_demo_example_4:/home/oh/slam_ws/install/ros2_control_demo_example_3:/home/oh/slam_ws/install/ros2_control_demo_example_2:/home/oh/slam_ws/install/ros2_control_demo_example_14:/home/oh/slam_ws/install/ros2_control_demo_example_12:/home/oh/slam_ws/install/ros2_control_demo_example_11:/home/oh/slam_ws/install/ros2_control_demo_example_10:/home/oh/slam_ws/install/ros2_control_demo_example_1:/home/oh/slam_ws/install/odrive_ros2_control:/home/oh/slam_ws/install/odrive_demo_bringup:/home/oh/slam_ws/install/odrive_demo_description:/home/oh/slam_ws/install/ros2_control_demo_description:/home/oh/slam_ws/install/ros2_aruco_interfaces:/home/oh/slam_ws/install/realsense2_description:/home/oh/slam_ws/install/realsense2_camera:/home/oh/slam_ws/install/odrive_hardware_interface:/home/oh/slam_ws/install/my_slam_package:/home/oh/slam_ws/install/my_bot_description:/home/oh/slam_ws/install/my_action_interface:/home/oh/slam_ws/install/ros2_aruco:/home/oh/slam_ws/install/my_tf_package:/home/oh/slam_ws/install/my_tf2_package:/home/oh/slam_ws/install/my_docking:/home/oh/slam_ws/install/my_aruco_to_goal_pose_pkg:/home/oh/slam_ws/install/escape_from_cart:/opt/ros/humble LD_LIBRARY_PATH=/home/oh/slam_ws/install/realsense2_camera_msgs/lib:/home/oh/slam_ws/install/usb_cam/lib:/home/oh/slam_ws/install/teleop_twist_joy/lib:/home/oh/slam_ws/install/ros2_control_demo_example_9/lib:/home/oh/slam_ws/install/ros2_control_demo_example_8/lib:/home/oh/slam_ws/install/ros2_control_demo_example_7/lib:/home/oh/slam_ws/install/ros2_control_demo_example_6/lib:/home/oh/slam_ws/install/ros2_control_demo_example_5/lib:/home/oh/slam_ws/install/ros2_control_demo_example_4/lib:/home/oh/slam_ws/install/ros2_control_demo_example_3/lib:/home/oh/slam_ws/install/ros2_control_demo_example_2/lib:/home/oh/slam_ws/install/ros2_control_demo_example_14/lib:/home/oh/slam_ws/install/ros2_control_demo_example_12/lib:/home/oh/slam_ws/install/ros2_control_demo_example_11/lib:/home/oh/slam_ws/install/ros2_control_demo_example_10/lib:/home/oh/slam_ws/install/ros2_control_demo_example_1/lib:/home/oh/slam_ws/install/ros2_aruco_interfaces/lib:/home/oh/slam_ws/install/realsense2_camera/lib:/home/oh/slam_ws/install/odrive_hardware_interface/lib:/home/oh/slam_ws/install/my_action_interface/lib:/usr/lib/x86_64-linux-gnu/gazebo-11/plugins:/opt/ros/humble/opt/rviz_ogre_vendor/lib:/opt/ros/humble/lib/x86_64-linux-gnu:/opt/ros/humble/lib /usr/bin/cmake --install /home/oh/slam_ws/build/realsense2_camera
