-- Install configuration: ""
-- Up-to-date: /home/oh/slam_ws/install/my_slam_package/share/my_slam_package/launch
-- Up-to-date: /home/oh/slam_ws/install/my_slam_package/share/my_slam_package/launch/my_robot.launch.py
-- Up-to-date: /home/oh/slam_ws/install/my_slam_package/share/my_slam_package/launch/localization_without_grid.py
-- Up-to-date: /home/oh/slam_ws/install/my_slam_package/share/my_slam_package/urdf
-- Up-to-date: /home/oh/slam_ws/install/my_slam_package/share/my_slam_package/urdf/my_robot.urdf
-- Up-to-date: /home/oh/slam_ws/install/my_slam_package/share/my_slam_package/lua
-- Up-to-date: /home/oh/slam_ws/install/my_slam_package/share/my_slam_package/lua/my_robot.lua
-- Up-to-date: /home/oh/slam_ws/install/my_slam_package/share/ament_index/resource_index/package_run_dependencies/my_slam_package
-- Up-to-date: /home/oh/slam_ws/install/my_slam_package/share/ament_index/resource_index/parent_prefix_path/my_slam_package
-- Up-to-date: /home/oh/slam_ws/install/my_slam_package/share/my_slam_package/environment/ament_prefix_path.sh
-- Up-to-date: /home/oh/slam_ws/install/my_slam_package/share/my_slam_package/environment/ament_prefix_path.dsv
-- Up-to-date: /home/oh/slam_ws/install/my_slam_package/share/my_slam_package/environment/path.sh
-- Up-to-date: /home/oh/slam_ws/install/my_slam_package/share/my_slam_package/environment/path.dsv
-- Up-to-date: /home/oh/slam_ws/install/my_slam_package/share/my_slam_package/local_setup.bash
-- Up-to-date: /home/oh/slam_ws/install/my_slam_package/share/my_slam_package/local_setup.sh
-- Up-to-date: /home/oh/slam_ws/install/my_slam_package/share/my_slam_package/local_setup.zsh
-- Up-to-date: /home/oh/slam_ws/install/my_slam_package/share/my_slam_package/local_setup.dsv
-- Installing: /home/oh/slam_ws/install/my_slam_package/share/my_slam_package/package.dsv
-- Up-to-date: /home/oh/slam_ws/install/my_slam_package/share/ament_index/resource_index/packages/my_slam_package
-- Up-to-date: /home/oh/slam_ws/install/my_slam_package/share/my_slam_package/cmake/my_slam_packageConfig.cmake
-- Up-to-date: /home/oh/slam_ws/install/my_slam_package/share/my_slam_package/cmake/my_slam_packageConfig-version.cmake
-- Up-to-date: /home/oh/slam_ws/install/my_slam_package/share/my_slam_package/package.xml
