[0.000000] (-) TimerEvent: {}
[0.000357] (-) JobUnselected: {'identifier': 'behaviortree_cpp'}
[0.000470] (-) JobUnselected: {'identifier': 'cart_park_autonomy'}
[0.000513] (-) JobUnselected: {'identifier': 'escape_from_cart'}
[0.000539] (-) JobUnselected: {'identifier': 'my_action_interface'}
[0.000565] (-) JobUnselected: {'identifier': 'my_aruco_to_goal_pose_pkg'}
[0.000589] (-) JobUnselected: {'identifier': 'my_bot_description'}
[0.000612] (-) JobUnselected: {'identifier': 'my_docking'}
[0.000635] (-) JobUnselected: {'identifier': 'my_slam_package'}
[0.000661] (-) JobUnselected: {'identifier': 'my_tf2_package'}
[0.000685] (-) JobUnselected: {'identifier': 'my_tf_package'}
[0.000708] (-) JobUnselected: {'identifier': 'odrive_demo_bringup'}
[0.000730] (-) JobUnselected: {'identifier': 'odrive_demo_description'}
[0.000754] (-) JobUnselected: {'identifier': 'odrive_hardware_interface'}
[0.000779] (-) JobUnselected: {'identifier': 'odrive_ros2_control'}
[0.000805] (-) JobUnselected: {'identifier': 'realsense2_camera'}
[0.000829] (-) JobUnselected: {'identifier': 'realsense2_camera_msgs'}
[0.000855] (-) JobUnselected: {'identifier': 'realsense2_description'}
[0.000880] (-) JobUnselected: {'identifier': 'ros2_aruco'}
[0.000905] (-) JobUnselected: {'identifier': 'ros2_aruco_interfaces'}
[0.000931] (-) JobUnselected: {'identifier': 'ros2_control_demo_description'}
[0.000956] (-) JobUnselected: {'identifier': 'ros2_control_demo_example_1'}
[0.000981] (-) JobUnselected: {'identifier': 'ros2_control_demo_example_10'}
[0.001007] (-) JobUnselected: {'identifier': 'ros2_control_demo_example_11'}
[0.001032] (-) JobUnselected: {'identifier': 'ros2_control_demo_example_12'}
[0.001056] (-) JobUnselected: {'identifier': 'ros2_control_demo_example_14'}
[0.001081] (-) JobUnselected: {'identifier': 'ros2_control_demo_example_2'}
[0.001106] (-) JobUnselected: {'identifier': 'ros2_control_demo_example_3'}
[0.001131] (-) JobUnselected: {'identifier': 'ros2_control_demo_example_4'}
[0.001156] (-) JobUnselected: {'identifier': 'ros2_control_demo_example_5'}
[0.001181] (-) JobUnselected: {'identifier': 'ros2_control_demo_example_6'}
[0.001207] (-) JobUnselected: {'identifier': 'ros2_control_demo_example_7'}
[0.001231] (-) JobUnselected: {'identifier': 'ros2_control_demo_example_8'}
[0.001257] (-) JobUnselected: {'identifier': 'ros2_control_demo_example_9'}
[0.001281] (-) JobUnselected: {'identifier': 'ros2_control_demos'}
[0.001307] (-) JobUnselected: {'identifier': 'tb3_autonomy'}
[0.001333] (-) JobUnselected: {'identifier': 'teleop_twist_joy'}
[0.001360] (-) JobUnselected: {'identifier': 'usb_cam'}
[0.001386] (-) JobUnselected: {'identifier': 'ydlidar_ros2_driver'}
[0.001413] (-) JobUnselected: {'identifier': 'ydlidar_sdk'}
[0.001976] (-) EventReactorShutdown: {}
