[0.665s] Invoking command in '/home/oh/slam_ws/src/ros2_aruco/ros2_aruco': PYTHONPATH=/home/oh/slam_ws/build/ros2_aruco/prefix_override:/home/oh/slam_ws/install/ros2_aruco/lib/python3.10/site-packages:${PYTHONPATH} /usr/bin/python3 -W ignore:setup.py install is deprecated setup.py egg_info --egg-base ../../../build/ros2_aruco build --build-base /home/oh/slam_ws/build/ros2_aruco/build install --record /home/oh/slam_ws/build/ros2_aruco/install.log --single-version-externally-managed install_data
[0.924s] running egg_info
[0.924s] writing ../../../build/ros2_aruco/ros2_aruco.egg-info/PKG-INFO
[0.925s] writing dependency_links to ../../../build/ros2_aruco/ros2_aruco.egg-info/dependency_links.txt
[0.925s] writing entry points to ../../../build/ros2_aruco/ros2_aruco.egg-info/entry_points.txt
[0.925s] writing requirements to ../../../build/ros2_aruco/ros2_aruco.egg-info/requires.txt
[0.925s] writing top-level names to ../../../build/ros2_aruco/ros2_aruco.egg-info/top_level.txt
[0.928s] reading manifest file '../../../build/ros2_aruco/ros2_aruco.egg-info/SOURCES.txt'
[0.929s] writing manifest file '../../../build/ros2_aruco/ros2_aruco.egg-info/SOURCES.txt'
[0.929s] running build
[0.929s] running build_py
[0.929s] running install
[0.929s] running install_lib
[0.933s] running install_data
[0.933s] running install_egg_info
[0.934s] removing '/home/oh/slam_ws/install/ros2_aruco/lib/python3.10/site-packages/ros2_aruco-0.1.0-py3.10.egg-info' (and everything under it)
[0.935s] Copying ../../../build/ros2_aruco/ros2_aruco.egg-info to /home/oh/slam_ws/install/ros2_aruco/lib/python3.10/site-packages/ros2_aruco-0.1.0-py3.10.egg-info
[0.936s] running install_scripts
[0.960s] Installing aruco_generate_marker script to /home/oh/slam_ws/install/ros2_aruco/lib/ros2_aruco
[0.962s] Installing aruco_node script to /home/oh/slam_ws/install/ros2_aruco/lib/ros2_aruco
[0.963s] writing list of installed files to '/home/oh/slam_ws/build/ros2_aruco/install.log'
[0.994s] Invoked command in '/home/oh/slam_ws/src/ros2_aruco/ros2_aruco' returned '0': PYTHONPATH=/home/oh/slam_ws/build/ros2_aruco/prefix_override:/home/oh/slam_ws/install/ros2_aruco/lib/python3.10/site-packages:${PYTHONPATH} /usr/bin/python3 -W ignore:setup.py install is deprecated setup.py egg_info --egg-base ../../../build/ros2_aruco build --build-base /home/oh/slam_ws/build/ros2_aruco/build install --record /home/oh/slam_ws/build/ros2_aruco/install.log --single-version-externally-managed install_data
