[0.032s] Invoking command in '/home/oh/slam_ws/build/ros2_control_demo_example_10': AMENT_PREFIX_PATH=/home/oh/slam_ws/install/ros2_control_demo_description:${AMENT_PREFIX_PATH} CMAKE_PREFIX_PATH=/home/oh/slam_ws/install/ros2_control_demo_description:/opt/ros/humble /usr/bin/cmake /home/oh/slam_ws/src/ros2_control_demos/example_10 -DCMAKE_INSTALL_PREFIX=/home/oh/slam_ws/install/ros2_control_demo_example_10
[0.100s] -- The CXX compiler identification is GNU 11.4.0
[0.108s] -- Detecting CXX compiler ABI info
[0.194s] -- Detecting CXX compiler ABI info - done
[0.204s] -- Check for working CXX compiler: /usr/bin/c++ - skipped
[0.204s] -- Detecting CXX compile features
[0.205s] -- Detecting CXX compile features - done
[0.207s] -- Found ament_cmake: 1.3.8 (/opt/ros/humble/share/ament_cmake/cmake)
[0.364s] -- Found Python3: /usr/bin/python3 (found version "3.10.12") found components: Interpreter 
[0.458s] -- Found hardware_interface: 2.40.0 (/opt/ros/humble/share/hardware_interface/cmake)
[0.493s] -- Found rosidl_generator_c: 3.1.5 (/opt/ros/humble/share/rosidl_generator_c/cmake)
[0.499s] -- Found rosidl_adapter: 3.1.5 (/opt/ros/humble/share/rosidl_adapter/cmake)
[0.510s] -- Found rosidl_generator_cpp: 3.1.5 (/opt/ros/humble/share/rosidl_generator_cpp/cmake)
[0.528s] -- Using all available rosidl_typesupport_c: rosidl_typesupport_fastrtps_c;rosidl_typesupport_introspection_c
[0.552s] -- Using all available rosidl_typesupport_cpp: rosidl_typesupport_fastrtps_cpp;rosidl_typesupport_introspection_cpp
[1.411s] -- Found rmw_implementation_cmake: 6.1.1 (/opt/ros/humble/share/rmw_implementation_cmake/cmake)
[1.414s] -- Found rmw_fastrtps_cpp: 6.2.6 (/opt/ros/humble/share/rmw_fastrtps_cpp/cmake)
[1.473s] -- Found TinyXML2 via Config file: TinyXML2_DIR-NOTFOUND
[1.539s] -- Found OpenSSL: /usr/lib/x86_64-linux-gnu/libcrypto.so (found version "3.0.2")  
[1.542s] -- Found TinyXML2 via Config file: TinyXML2_DIR-NOTFOUND
[1.562s] -- Found FastRTPS: /opt/ros/humble/include  
[1.576s] -- Found TinyXML2 via Config file: TinyXML2_DIR-NOTFOUND
[1.585s] -- Found TinyXML2 via Config file: TinyXML2_DIR-NOTFOUND
[1.604s] -- Using RMW implementation 'rmw_fastrtps_cpp' as default
[1.617s] -- Looking for C++ include pthread.h
[1.793s] -- Looking for C++ include pthread.h - found
[1.793s] -- Performing Test CMAKE_HAVE_LIBC_PTHREAD
[2.102s] -- Performing Test CMAKE_HAVE_LIBC_PTHREAD - Success
[2.103s] -- Found Threads: TRUE  
[2.501s] -- Found controller_interface: 2.40.0 (/opt/ros/humble/share/controller_interface/cmake)
[3.063s] -- Found ament_cmake_pytest: 1.3.8 (/opt/ros/humble/share/ament_cmake_pytest/cmake)
[4.070s] -- Configuring done
[4.106s] -- Generating done
[4.112s] -- Build files have been written to: /home/oh/slam_ws/build/ros2_control_demo_example_10
[4.128s] Invoked command in '/home/oh/slam_ws/build/ros2_control_demo_example_10' returned '0': AMENT_PREFIX_PATH=/home/oh/slam_ws/install/ros2_control_demo_description:${AMENT_PREFIX_PATH} CMAKE_PREFIX_PATH=/home/oh/slam_ws/install/ros2_control_demo_description:/opt/ros/humble /usr/bin/cmake /home/oh/slam_ws/src/ros2_control_demos/example_10 -DCMAKE_INSTALL_PREFIX=/home/oh/slam_ws/install/ros2_control_demo_example_10
[4.129s] Invoking command in '/home/oh/slam_ws/build/ros2_control_demo_example_10': AMENT_PREFIX_PATH=/home/oh/slam_ws/install/ros2_control_demo_description:${AMENT_PREFIX_PATH} CMAKE_PREFIX_PATH=/home/oh/slam_ws/install/ros2_control_demo_description:/opt/ros/humble /usr/bin/cmake --build /home/oh/slam_ws/build/ros2_control_demo_example_10 -- -j8 -l8
[4.357s] [ 33%] [32mBuilding CXX object CMakeFiles/ros2_control_demo_example_10.dir/hardware/rrbot.cpp.o[0m
[4.372s] [ 66%] [32mBuilding CXX object CMakeFiles/ros2_control_demo_example_10.dir/controllers/gpio_controller.cpp.o[0m
[18.218s] [100%] [32m[1mLinking CXX shared library libros2_control_demo_example_10.so[0m
[19.114s] [100%] Built target ros2_control_demo_example_10
[19.147s] Invoked command in '/home/oh/slam_ws/build/ros2_control_demo_example_10' returned '0': AMENT_PREFIX_PATH=/home/oh/slam_ws/install/ros2_control_demo_description:${AMENT_PREFIX_PATH} CMAKE_PREFIX_PATH=/home/oh/slam_ws/install/ros2_control_demo_description:/opt/ros/humble /usr/bin/cmake --build /home/oh/slam_ws/build/ros2_control_demo_example_10 -- -j8 -l8
[19.290s] Invoking command in '/home/oh/slam_ws/build/ros2_control_demo_example_10': AMENT_PREFIX_PATH=/home/oh/slam_ws/install/ros2_control_demo_description:${AMENT_PREFIX_PATH} CMAKE_PREFIX_PATH=/home/oh/slam_ws/install/ros2_control_demo_description:/opt/ros/humble /usr/bin/cmake --install /home/oh/slam_ws/build/ros2_control_demo_example_10
[19.818s] -- Install configuration: ""
[19.818s] -- Installing: /home/oh/slam_ws/install/ros2_control_demo_example_10/share/ros2_control_demo_example_10/ros2_control_demo_example_10.xml
[19.818s] -- Up-to-date: /home/oh/slam_ws/install/ros2_control_demo_example_10/share/ros2_control_demo_example_10/ros2_control_demo_example_10.xml
[19.818s] -- Installing: /home/oh/slam_ws/install/ros2_control_demo_example_10/include/ros2_control_demo_example_10
[19.818s] -- Installing: /home/oh/slam_ws/install/ros2_control_demo_example_10/include/ros2_control_demo_example_10/ros2_control_demo_example_10
[19.818s] -- Installing: /home/oh/slam_ws/install/ros2_control_demo_example_10/include/ros2_control_demo_example_10/ros2_control_demo_example_10/rrbot.hpp
[19.818s] -- Installing: /home/oh/slam_ws/install/ros2_control_demo_example_10/include/ros2_control_demo_example_10/ros2_control_demo_example_10/visibility_control.h
[19.818s] -- Up-to-date: /home/oh/slam_ws/install/ros2_control_demo_example_10/include/ros2_control_demo_example_10
[19.818s] -- Up-to-date: /home/oh/slam_ws/install/ros2_control_demo_example_10/include/ros2_control_demo_example_10/ros2_control_demo_example_10
[19.818s] -- Installing: /home/oh/slam_ws/install/ros2_control_demo_example_10/include/ros2_control_demo_example_10/ros2_control_demo_example_10/gpio_controller.hpp
[19.819s] -- Installing: /home/oh/slam_ws/install/ros2_control_demo_example_10/share/ros2_control_demo_example_10/launch
[19.819s] -- Installing: /home/oh/slam_ws/install/ros2_control_demo_example_10/share/ros2_control_demo_example_10/launch/view_robot.launch.py
[19.819s] -- Installing: /home/oh/slam_ws/install/ros2_control_demo_example_10/share/ros2_control_demo_example_10/ros2_control
[19.819s] -- Installing: /home/oh/slam_ws/install/ros2_control_demo_example_10/share/ros2_control_demo_example_10/ros2_control/rrbot.ros2_control.xacro
[19.819s] -- Installing: /home/oh/slam_ws/install/ros2_control_demo_example_10/share/ros2_control_demo_example_10/urdf
[19.819s] -- Installing: /home/oh/slam_ws/install/ros2_control_demo_example_10/share/ros2_control_demo_example_10/urdf/rrbot.urdf.xacro
[19.819s] -- Up-to-date: /home/oh/slam_ws/install/ros2_control_demo_example_10/share/ros2_control_demo_example_10/launch
[19.819s] -- Installing: /home/oh/slam_ws/install/ros2_control_demo_example_10/share/ros2_control_demo_example_10/launch/rrbot.launch.py
[19.819s] -- Installing: /home/oh/slam_ws/install/ros2_control_demo_example_10/share/ros2_control_demo_example_10/launch/test_forward_position_controller.launch.py
[19.819s] -- Installing: /home/oh/slam_ws/install/ros2_control_demo_example_10/share/ros2_control_demo_example_10/config
[19.819s] -- Installing: /home/oh/slam_ws/install/ros2_control_demo_example_10/share/ros2_control_demo_example_10/config/rrbot_controllers.yaml
[19.819s] -- Installing: /home/oh/slam_ws/install/ros2_control_demo_example_10/share/ros2_control_demo_example_10/config/rrbot_forward_position_publisher.yaml
[19.819s] -- Installing: /home/oh/slam_ws/install/ros2_control_demo_example_10/lib/libros2_control_demo_example_10.so
[19.819s] -- Set runtime path of "/home/oh/slam_ws/install/ros2_control_demo_example_10/lib/libros2_control_demo_example_10.so" to ""
[19.820s] -- Installing: /home/oh/slam_ws/install/ros2_control_demo_example_10/share/ros2_control_demo_example_10/environment/library_path.sh
[19.820s] -- Installing: /home/oh/slam_ws/install/ros2_control_demo_example_10/share/ros2_control_demo_example_10/environment/library_path.dsv
[19.820s] -- Installing: /home/oh/slam_ws/install/ros2_control_demo_example_10/share/ament_index/resource_index/package_run_dependencies/ros2_control_demo_example_10
[19.820s] -- Installing: /home/oh/slam_ws/install/ros2_control_demo_example_10/share/ament_index/resource_index/parent_prefix_path/ros2_control_demo_example_10
[19.820s] -- Installing: /home/oh/slam_ws/install/ros2_control_demo_example_10/share/ros2_control_demo_example_10/environment/ament_prefix_path.sh
[19.820s] -- Installing: /home/oh/slam_ws/install/ros2_control_demo_example_10/share/ros2_control_demo_example_10/environment/ament_prefix_path.dsv
[19.820s] -- Installing: /home/oh/slam_ws/install/ros2_control_demo_example_10/share/ros2_control_demo_example_10/environment/path.sh
[19.820s] -- Installing: /home/oh/slam_ws/install/ros2_control_demo_example_10/share/ros2_control_demo_example_10/environment/path.dsv
[19.820s] -- Installing: /home/oh/slam_ws/install/ros2_control_demo_example_10/share/ros2_control_demo_example_10/local_setup.bash
[19.820s] -- Installing: /home/oh/slam_ws/install/ros2_control_demo_example_10/share/ros2_control_demo_example_10/local_setup.sh
[19.820s] -- Installing: /home/oh/slam_ws/install/ros2_control_demo_example_10/share/ros2_control_demo_example_10/local_setup.zsh
[19.820s] -- Installing: /home/oh/slam_ws/install/ros2_control_demo_example_10/share/ros2_control_demo_example_10/local_setup.dsv
[19.820s] -- Installing: /home/oh/slam_ws/install/ros2_control_demo_example_10/share/ros2_control_demo_example_10/package.dsv
[19.820s] -- Installing: /home/oh/slam_ws/install/ros2_control_demo_example_10/share/ament_index/resource_index/packages/ros2_control_demo_example_10
[19.820s] -- Installing: /home/oh/slam_ws/install/ros2_control_demo_example_10/share/ament_index/resource_index/hardware_interface__pluginlib__plugin/ros2_control_demo_example_10
[19.821s] -- Installing: /home/oh/slam_ws/install/ros2_control_demo_example_10/share/ament_index/resource_index/controller_interface__pluginlib__plugin/ros2_control_demo_example_10
[19.821s] -- Installing: /home/oh/slam_ws/install/ros2_control_demo_example_10/share/ros2_control_demo_example_10/cmake/export_ros2_control_demo_example_10Export.cmake
[19.821s] -- Installing: /home/oh/slam_ws/install/ros2_control_demo_example_10/share/ros2_control_demo_example_10/cmake/export_ros2_control_demo_example_10Export-noconfig.cmake
[19.821s] -- Installing: /home/oh/slam_ws/install/ros2_control_demo_example_10/share/ros2_control_demo_example_10/cmake/ament_cmake_export_targets-extras.cmake
[19.821s] -- Installing: /home/oh/slam_ws/install/ros2_control_demo_example_10/share/ros2_control_demo_example_10/cmake/ament_cmake_export_dependencies-extras.cmake
[19.821s] -- Installing: /home/oh/slam_ws/install/ros2_control_demo_example_10/share/ros2_control_demo_example_10/cmake/ros2_control_demo_example_10Config.cmake
[19.821s] -- Installing: /home/oh/slam_ws/install/ros2_control_demo_example_10/share/ros2_control_demo_example_10/cmake/ros2_control_demo_example_10Config-version.cmake
[19.821s] -- Installing: /home/oh/slam_ws/install/ros2_control_demo_example_10/share/ros2_control_demo_example_10/package.xml
[19.836s] Invoked command in '/home/oh/slam_ws/build/ros2_control_demo_example_10' returned '0': AMENT_PREFIX_PATH=/home/oh/slam_ws/install/ros2_control_demo_description:${AMENT_PREFIX_PATH} CMAKE_PREFIX_PATH=/home/oh/slam_ws/install/ros2_control_demo_description:/opt/ros/humble /usr/bin/cmake --install /home/oh/slam_ws/build/ros2_control_demo_example_10
