[0.011s] Invoking command in '/home/oh/slam_ws/build/teleop_twist_joy': CMAKE_PREFIX_PATH=/opt/ros/humble /usr/bin/cmake /home/oh/slam_ws/src/teleop_twist_joy -DCMAKE_INSTALL_PREFIX=/home/oh/slam_ws/install/teleop_twist_joy
[0.078s] -- The C compiler identification is GNU 11.4.0
[0.119s] -- The CXX compiler identification is GNU 11.4.0
[0.124s] -- Detecting C compiler ABI info
[0.190s] -- Detecting C compiler ABI info - done
[0.199s] -- Check for working C compiler: /usr/bin/cc - skipped
[0.200s] -- Detecting C compile features
[0.200s] -- Detecting C compile features - done
[0.204s] -- Detecting CXX compiler ABI info
[0.270s] -- Detecting CXX compiler ABI info - done
[0.280s] -- Check for working CXX compiler: /usr/bin/c++ - skipped
[0.280s] -- Detecting CXX compile features
[0.283s] -- Detecting CXX compile features - done
[0.284s] -- Found ament_cmake: 1.3.8 (/opt/ros/humble/share/ament_cmake/cmake)
[0.447s] -- Found Python3: /usr/bin/python3 (found version "3.10.12") found components: Interpreter 
[0.573s] -- Found geometry_msgs: 4.2.3 (/opt/ros/humble/share/geometry_msgs/cmake)
[0.621s] -- Found rosidl_generator_c: 3.1.5 (/opt/ros/humble/share/rosidl_generator_c/cmake)
[0.630s] -- Found rosidl_adapter: 3.1.5 (/opt/ros/humble/share/rosidl_adapter/cmake)
[0.641s] -- Found rosidl_generator_cpp: 3.1.5 (/opt/ros/humble/share/rosidl_generator_cpp/cmake)
[0.657s] -- Using all available rosidl_typesupport_c: rosidl_typesupport_fastrtps_c;rosidl_typesupport_introspection_c
[0.685s] -- Using all available rosidl_typesupport_cpp: rosidl_typesupport_fastrtps_cpp;rosidl_typesupport_introspection_cpp
[0.862s] -- Found rclcpp: 16.0.8 (/opt/ros/humble/share/rclcpp/cmake)
[0.938s] -- Found rmw_implementation_cmake: 6.1.1 (/opt/ros/humble/share/rmw_implementation_cmake/cmake)
[0.942s] -- Found rmw_fastrtps_cpp: 6.2.6 (/opt/ros/humble/share/rmw_fastrtps_cpp/cmake)
[1.060s] -- Found OpenSSL: /usr/lib/x86_64-linux-gnu/libcrypto.so (found version "3.0.2")  
[1.113s] -- Found FastRTPS: /opt/ros/humble/include  
[1.204s] -- Using RMW implementation 'rmw_fastrtps_cpp' as default
[1.216s] -- Looking for pthread.h
[1.304s] -- Looking for pthread.h - found
[1.305s] -- Performing Test CMAKE_HAVE_LIBC_PTHREAD
[1.399s] -- Performing Test CMAKE_HAVE_LIBC_PTHREAD - Success
[1.400s] -- Found Threads: TRUE  
[1.547s] -- Found rclcpp_components: 16.0.8 (/opt/ros/humble/share/rclcpp_components/cmake)
[1.617s] -- Found sensor_msgs: 4.2.3 (/opt/ros/humble/share/sensor_msgs/cmake)
[1.716s] -- Performing Test COMPILER_HAS_HIDDEN_VISIBILITY
[1.786s] -- Performing Test COMPILER_HAS_HIDDEN_VISIBILITY - Success
[1.787s] -- Performing Test COMPILER_HAS_HIDDEN_INLINE_VISIBILITY
[1.871s] -- Performing Test COMPILER_HAS_HIDDEN_INLINE_VISIBILITY - Success
[1.871s] -- Performing Test COMPILER_HAS_DEPRECATED_ATTR
[1.954s] -- Performing Test COMPILER_HAS_DEPRECATED_ATTR - Success
[1.958s] -- Found ament_lint_auto: 0.12.10 (/opt/ros/humble/share/ament_lint_auto/cmake)
[2.070s] -- Found python_cmake_module: 0.10.0 (/opt/ros/humble/share/python_cmake_module/cmake)
[2.114s] -- Found PythonInterp: /usr/bin/python3 (found suitable version "3.10.12", minimum required is "3.6") 
[2.120s] -- Found PythonLibs: /usr/lib/x86_64-linux-gnu/libpython3.10.so (found suitable version "3.10.12", minimum required is "3.5") 
[2.120s] -- Using PYTHON_EXECUTABLE: /usr/bin/python3
[2.120s] -- Using PYTHON_INCLUDE_DIRS: /usr/include/python3.10
[2.120s] -- Using PYTHON_LIBRARIES: /usr/lib/x86_64-linux-gnu/libpython3.10.so
[2.146s] -- Found PythonExtra: .so  
[2.173s] -- Added test 'cppcheck' to perform static code analysis on C / C++ code
[2.173s] -- Configured cppcheck include dirs: $<BUILD_INTERFACE:/home/oh/slam_ws/src/teleop_twist_joy/include>
[2.173s] -- Configured cppcheck exclude dirs and/or files: 
[2.174s] -- Added test 'flake8' to check Python code syntax and style conventions
[2.175s] -- Added test 'lint_cmake' to check CMake code style
[2.176s] -- Added test 'pep257' to check Python code against some of the docstring style conventions in PEP 257
[2.177s] -- Added test 'xmllint' to check XML markup files
[2.180s] -- Configuring done
[2.198s] -- Generating done
[2.200s] -- Build files have been written to: /home/oh/slam_ws/build/teleop_twist_joy
[2.215s] Invoked command in '/home/oh/slam_ws/build/teleop_twist_joy' returned '0': CMAKE_PREFIX_PATH=/opt/ros/humble /usr/bin/cmake /home/oh/slam_ws/src/teleop_twist_joy -DCMAKE_INSTALL_PREFIX=/home/oh/slam_ws/install/teleop_twist_joy
[2.229s] Invoking command in '/home/oh/slam_ws/build/teleop_twist_joy': CMAKE_PREFIX_PATH=/opt/ros/humble /usr/bin/cmake --build /home/oh/slam_ws/build/teleop_twist_joy -- -j8 -l8
[2.328s] [ 25%] [32mBuilding CXX object CMakeFiles/teleop_twist_joy.dir/src/teleop_twist_joy.cpp.o[0m
[17.530s] [ 50%] [32m[1mLinking CXX shared library libteleop_twist_joy.so[0m
[18.335s] [ 50%] Built target teleop_twist_joy
[18.355s] [ 75%] [32mBuilding CXX object CMakeFiles/teleop_twist_joy_node.dir/src/teleop_node.cpp.o[0m
[22.293s] [100%] [32m[1mLinking CXX executable teleop_node[0m
[22.592s] [100%] Built target teleop_twist_joy_node
[22.613s] Invoked command in '/home/oh/slam_ws/build/teleop_twist_joy' returned '0': CMAKE_PREFIX_PATH=/opt/ros/humble /usr/bin/cmake --build /home/oh/slam_ws/build/teleop_twist_joy -- -j8 -l8
[22.965s] Invoking command in '/home/oh/slam_ws/build/teleop_twist_joy': CMAKE_PREFIX_PATH=/opt/ros/humble /usr/bin/cmake --install /home/oh/slam_ws/build/teleop_twist_joy
[22.985s] -- Install configuration: ""
[22.985s] -- Installing: /home/oh/slam_ws/install/teleop_twist_joy/lib/libteleop_twist_joy.so
[22.991s] -- Set runtime path of "/home/oh/slam_ws/install/teleop_twist_joy/lib/libteleop_twist_joy.so" to ""
[22.991s] -- Installing: /home/oh/slam_ws/install/teleop_twist_joy/lib/teleop_twist_joy/teleop_node
[22.991s] -- Set runtime path of "/home/oh/slam_ws/install/teleop_twist_joy/lib/teleop_twist_joy/teleop_node" to ""
[22.991s] -- Installing: /home/oh/slam_ws/install/teleop_twist_joy/include/teleop_twist_joy
[22.991s] -- Installing: /home/oh/slam_ws/install/teleop_twist_joy/include/teleop_twist_joy/teleop_twist_joy
[22.991s] -- Installing: /home/oh/slam_ws/install/teleop_twist_joy/include/teleop_twist_joy/teleop_twist_joy/teleop_twist_joy.hpp
[22.991s] -- Installing: /home/oh/slam_ws/install/teleop_twist_joy/include/teleop_twist_joy/teleop_twist_joy/teleop_twist_joy_export.h
[22.991s] -- Installing: /home/oh/slam_ws/install/teleop_twist_joy/share/teleop_twist_joy/launch
[22.992s] -- Installing: /home/oh/slam_ws/install/teleop_twist_joy/share/teleop_twist_joy/launch/teleop-launch.py
[22.992s] -- Installing: /home/oh/slam_ws/install/teleop_twist_joy/share/teleop_twist_joy/config
[22.992s] -- Installing: /home/oh/slam_ws/install/teleop_twist_joy/share/teleop_twist_joy/config/atk3.config.yaml
[22.992s] -- Installing: /home/oh/slam_ws/install/teleop_twist_joy/share/teleop_twist_joy/config/ps3.config.yaml
[22.992s] -- Installing: /home/oh/slam_ws/install/teleop_twist_joy/share/teleop_twist_joy/config/ps3-holonomic.config.yaml
[22.992s] -- Installing: /home/oh/slam_ws/install/teleop_twist_joy/share/teleop_twist_joy/config/xd3.config.yaml
[22.992s] -- Installing: /home/oh/slam_ws/install/teleop_twist_joy/share/teleop_twist_joy/config/xbox.config.yaml
[22.992s] -- Installing: /home/oh/slam_ws/install/teleop_twist_joy/share/teleop_twist_joy/environment/library_path.sh
[22.992s] -- Installing: /home/oh/slam_ws/install/teleop_twist_joy/share/teleop_twist_joy/environment/library_path.dsv
[22.997s] -- Installing: /home/oh/slam_ws/install/teleop_twist_joy/share/ament_index/resource_index/package_run_dependencies/teleop_twist_joy
[22.998s] -- Installing: /home/oh/slam_ws/install/teleop_twist_joy/share/ament_index/resource_index/parent_prefix_path/teleop_twist_joy
[22.998s] -- Installing: /home/oh/slam_ws/install/teleop_twist_joy/share/teleop_twist_joy/environment/ament_prefix_path.sh
[22.998s] -- Installing: /home/oh/slam_ws/install/teleop_twist_joy/share/teleop_twist_joy/environment/ament_prefix_path.dsv
[22.998s] -- Installing: /home/oh/slam_ws/install/teleop_twist_joy/share/teleop_twist_joy/environment/path.sh
[22.998s] -- Installing: /home/oh/slam_ws/install/teleop_twist_joy/share/teleop_twist_joy/environment/path.dsv
[22.998s] -- Installing: /home/oh/slam_ws/install/teleop_twist_joy/share/teleop_twist_joy/local_setup.bash
[22.998s] -- Installing: /home/oh/slam_ws/install/teleop_twist_joy/share/teleop_twist_joy/local_setup.sh
[22.998s] -- Installing: /home/oh/slam_ws/install/teleop_twist_joy/share/teleop_twist_joy/local_setup.zsh
[22.999s] -- Installing: /home/oh/slam_ws/install/teleop_twist_joy/share/teleop_twist_joy/local_setup.dsv
[22.999s] -- Installing: /home/oh/slam_ws/install/teleop_twist_joy/share/teleop_twist_joy/package.dsv
[22.999s] -- Installing: /home/oh/slam_ws/install/teleop_twist_joy/share/ament_index/resource_index/packages/teleop_twist_joy
[22.999s] -- Installing: /home/oh/slam_ws/install/teleop_twist_joy/share/ament_index/resource_index/rclcpp_components/teleop_twist_joy
[22.999s] -- Installing: /home/oh/slam_ws/install/teleop_twist_joy/share/teleop_twist_joy/cmake/export_teleop_twist_joyExport.cmake
[22.999s] -- Installing: /home/oh/slam_ws/install/teleop_twist_joy/share/teleop_twist_joy/cmake/export_teleop_twist_joyExport-noconfig.cmake
[22.999s] -- Installing: /home/oh/slam_ws/install/teleop_twist_joy/share/teleop_twist_joy/cmake/ament_cmake_export_include_directories-extras.cmake
[23.000s] -- Installing: /home/oh/slam_ws/install/teleop_twist_joy/share/teleop_twist_joy/cmake/ament_cmake_export_libraries-extras.cmake
[23.000s] -- Installing: /home/oh/slam_ws/install/teleop_twist_joy/share/teleop_twist_joy/cmake/ament_cmake_export_targets-extras.cmake
[23.000s] -- Installing: /home/oh/slam_ws/install/teleop_twist_joy/share/teleop_twist_joy/cmake/teleop_twist_joyConfig.cmake
[23.000s] -- Installing: /home/oh/slam_ws/install/teleop_twist_joy/share/teleop_twist_joy/cmake/teleop_twist_joyConfig-version.cmake
[23.000s] -- Installing: /home/oh/slam_ws/install/teleop_twist_joy/share/teleop_twist_joy/package.xml
[23.003s] Invoked command in '/home/oh/slam_ws/build/teleop_twist_joy' returned '0': CMAKE_PREFIX_PATH=/opt/ros/humble /usr/bin/cmake --install /home/oh/slam_ws/build/teleop_twist_joy
