[0.035s] Invoking command in '/home/oh/slam_ws/build/realsense2_camera': AMENT_PREFIX_PATH=/home/oh/slam_ws/install/realsense2_camera_msgs:${AMENT_PREFIX_PATH} CMAKE_PREFIX_PATH=/home/oh/slam_ws/install/realsense2_camera_msgs:/opt/ros/humble LD_LIBRARY_PATH=/home/oh/slam_ws/install/realsense2_camera_msgs/lib:${LD_LIBRARY_PATH} PYTHONPATH=/home/oh/slam_ws/install/realsense2_camera_msgs/local/lib/python3.10/dist-packages:${PYTHONPATH} /usr/bin/cmake /home/oh/slam_ws/src/realsense-ros/realsense2_camera -DCMAKE_INSTALL_PREFIX=/home/oh/slam_ws/install/realsense2_camera
[0.116s] -- The C compiler identification is GNU 11.4.0
[0.205s] -- The CXX compiler identification is GNU 11.4.0
[0.212s] -- Detecting C compiler ABI info
[0.321s] -- Detecting C compiler ABI info - done
[0.331s] -- Check for working C compiler: /usr/bin/cc - skipped
[0.332s] -- Detecting C compile features
[0.333s] -- Detecting C compile features - done
[0.336s] -- Detecting CXX compiler ABI info
[0.485s] -- Detecting CXX compiler ABI info - done
[0.496s] -- Check for working CXX compiler: /usr/bin/c++ - skipped
[0.496s] -- Detecting CXX compile features
[0.497s] -- Detecting CXX compile features - done
[0.499s] -- Create Release Build.
[0.501s] -- Found ament_cmake: 1.3.8 (/opt/ros/humble/share/ament_cmake/cmake)
[0.703s] -- Found Python3: /usr/bin/python3 (found version "3.10.12") found components: Interpreter 
[0.809s] -- Found builtin_interfaces: 1.2.1 (/opt/ros/humble/share/builtin_interfaces/cmake)
[0.849s] -- Found rosidl_generator_c: 3.1.5 (/opt/ros/humble/share/rosidl_generator_c/cmake)
[0.856s] -- Found rosidl_adapter: 3.1.5 (/opt/ros/humble/share/rosidl_adapter/cmake)
[0.867s] -- Found rosidl_generator_cpp: 3.1.5 (/opt/ros/humble/share/rosidl_generator_cpp/cmake)
[0.884s] -- Using all available rosidl_typesupport_c: rosidl_typesupport_fastrtps_c;rosidl_typesupport_introspection_c
[0.908s] -- Using all available rosidl_typesupport_cpp: rosidl_typesupport_fastrtps_cpp;rosidl_typesupport_introspection_cpp
[0.937s] -- Found cv_bridge: 3.2.1 (/opt/ros/humble/share/cv_bridge/cmake)
[1.221s] -- Found image_transport: 3.1.8 (/opt/ros/humble/share/image_transport/cmake)
[1.318s] -- Found rmw_implementation_cmake: 6.1.1 (/opt/ros/humble/share/rmw_implementation_cmake/cmake)
[1.322s] -- Found rmw_fastrtps_cpp: 6.2.6 (/opt/ros/humble/share/rmw_fastrtps_cpp/cmake)
[1.442s] -- Found OpenSSL: /usr/lib/x86_64-linux-gnu/libcrypto.so (found version "3.0.2")  
[1.466s] -- Found FastRTPS: /opt/ros/humble/include  
[1.522s] -- Using RMW implementation 'rmw_fastrtps_cpp' as default
[1.536s] -- Looking for pthread.h
[1.611s] -- Looking for pthread.h - found
[1.611s] -- Performing Test CMAKE_HAVE_LIBC_PTHREAD
[1.690s] -- Performing Test CMAKE_HAVE_LIBC_PTHREAD - Success
[1.692s] -- Found Threads: TRUE  
[1.987s] -- Found rclcpp_components: 16.0.8 (/opt/ros/humble/share/rclcpp_components/cmake)
[2.138s] -- Found realsense2_camera_msgs: 4.54.1 (/home/oh/slam_ws/install/realsense2_camera_msgs/share/realsense2_camera_msgs/cmake)
[2.278s] -- Found nav_msgs: 4.2.3 (/opt/ros/humble/share/nav_msgs/cmake)
[2.422s] -- Found tf2_ros: 0.25.6 (/opt/ros/humble/share/tf2_ros/cmake)
[2.946s] -- Found diagnostic_updater: 3.1.2 (/opt/ros/humble/share/diagnostic_updater/cmake)
[3.118s] -- Build for ROS2 Humble
[3.126s] -- Found ament_cmake_gtest: 1.3.8 (/opt/ros/humble/share/ament_cmake_gtest/cmake)
[3.128s] -- Found gtest sources under '/opt/ros/humble/src/gtest_vendor': C++ tests using 'Google Test' will be built
[3.134s] -- Found ament_cmake_pytest: 1.3.8 (/opt/ros/humble/share/ament_cmake_pytest/cmake)
[7.018s] -- rs_device_info:
[7.018s] -- No device detected. Is it plugged in?
[7.018s] 
[7.106s] -- Configuring done
[7.140s] -- Generating done
[7.143s] -- Build files have been written to: /home/oh/slam_ws/build/realsense2_camera
[7.162s] Invoked command in '/home/oh/slam_ws/build/realsense2_camera' returned '0': AMENT_PREFIX_PATH=/home/oh/slam_ws/install/realsense2_camera_msgs:${AMENT_PREFIX_PATH} CMAKE_PREFIX_PATH=/home/oh/slam_ws/install/realsense2_camera_msgs:/opt/ros/humble LD_LIBRARY_PATH=/home/oh/slam_ws/install/realsense2_camera_msgs/lib:${LD_LIBRARY_PATH} PYTHONPATH=/home/oh/slam_ws/install/realsense2_camera_msgs/local/lib/python3.10/dist-packages:${PYTHONPATH} /usr/bin/cmake /home/oh/slam_ws/src/realsense-ros/realsense2_camera -DCMAKE_INSTALL_PREFIX=/home/oh/slam_ws/install/realsense2_camera
[7.164s] Invoking command in '/home/oh/slam_ws/build/realsense2_camera': AMENT_PREFIX_PATH=/home/oh/slam_ws/install/realsense2_camera_msgs:${AMENT_PREFIX_PATH} CMAKE_PREFIX_PATH=/home/oh/slam_ws/install/realsense2_camera_msgs:/opt/ros/humble LD_LIBRARY_PATH=/home/oh/slam_ws/install/realsense2_camera_msgs/lib:${LD_LIBRARY_PATH} PYTHONPATH=/home/oh/slam_ws/install/realsense2_camera_msgs/local/lib/python3.10/dist-packages:${PYTHONPATH} /usr/bin/cmake --build /home/oh/slam_ws/build/realsense2_camera -- -j8 -l8
[7.239s] [  4%] [32mBuilding CXX object gtest/CMakeFiles/gtest.dir/src/gtest-all.cc.o[0m
[7.257s] [  9%] [32mBuilding CXX object CMakeFiles/realsense2_camera_node.dir/rclcpp_components/node_main_realsense2_camera_node.cpp.o[0m
[7.264s] [ 13%] [32mBuilding CXX object CMakeFiles/realsense2_camera.dir/src/realsense_node_factory.cpp.o[0m
[7.269s] [ 18%] [32mBuilding CXX object CMakeFiles/realsense2_camera.dir/src/base_realsense_node.cpp.o[0m
[7.271s] [ 22%] [32mBuilding CXX object CMakeFiles/realsense2_camera.dir/src/parameters.cpp.o[0m
[7.272s] [ 27%] [32mBuilding CXX object gtest/CMakeFiles/gtest_main.dir/src/gtest_main.cc.o[0m
[7.309s] [ 31%] [32mBuilding CXX object CMakeFiles/realsense2_camera.dir/src/rs_node_setup.cpp.o[0m
[7.333s] [ 36%] [32mBuilding CXX object CMakeFiles/realsense2_camera.dir/src/ros_sensor.cpp.o[0m
[8.780s] [ 40%] [32m[1mLinking CXX static library libgtest_main.a[0m
[8.970s] [ 40%] Built target gtest_main
[9.013s] [ 45%] [32mBuilding CXX object CMakeFiles/realsense2_camera.dir/src/ros_utils.cpp.o[0m
[14.415s] [ 50%] [32m[1mLinking CXX executable realsense2_camera_node[0m
[14.779s] [ 50%] Built target realsense2_camera_node
[14.841s] [ 54%] [32mBuilding CXX object CMakeFiles/realsense2_camera.dir/src/dynamic_params.cpp.o[0m
[15.540s] [ 59%] [32mBuilding CXX object CMakeFiles/realsense2_camera.dir/src/sensor_params.cpp.o[0m
[18.881s] [ 63%] [32mBuilding CXX object CMakeFiles/realsense2_camera.dir/src/named_filter.cpp.o[0m
[19.536s] [ 68%] [32m[1mLinking CXX static library libgtest.a[0m
[19.711s] [ 68%] Built target gtest
[19.832s] [ 72%] [32mBuilding CXX object CMakeFiles/gtest_template.dir/test/gtest_template.cpp.o[0m
[21.246s] [ 77%] [32mBuilding CXX object CMakeFiles/realsense2_camera.dir/src/profile_manager.cpp.o[0m
[21.430s] [ 81%] [32m[1mLinking CXX executable gtest_template[0m
[21.567s] [ 81%] Built target gtest_template
[21.581s] [ 86%] [32mBuilding CXX object CMakeFiles/realsense2_camera.dir/src/image_publisher.cpp.o[0m
[23.743s] [ 90%] [32mBuilding CXX object CMakeFiles/realsense2_camera.dir/src/tfs.cpp.o[0m
[24.496s] [ 95%] [32mBuilding CXX object CMakeFiles/realsense2_camera.dir/src/ros_param_backend.cpp.o[0m
[32.437s] [100%] [32m[1mLinking CXX shared library librealsense2_camera.so[0m
[32.712s] [100%] Built target realsense2_camera
[32.719s] Invoked command in '/home/oh/slam_ws/build/realsense2_camera' returned '0': AMENT_PREFIX_PATH=/home/oh/slam_ws/install/realsense2_camera_msgs:${AMENT_PREFIX_PATH} CMAKE_PREFIX_PATH=/home/oh/slam_ws/install/realsense2_camera_msgs:/opt/ros/humble LD_LIBRARY_PATH=/home/oh/slam_ws/install/realsense2_camera_msgs/lib:${LD_LIBRARY_PATH} PYTHONPATH=/home/oh/slam_ws/install/realsense2_camera_msgs/local/lib/python3.10/dist-packages:${PYTHONPATH} /usr/bin/cmake --build /home/oh/slam_ws/build/realsense2_camera -- -j8 -l8
[32.753s] Invoking command in '/home/oh/slam_ws/build/realsense2_camera': AMENT_PREFIX_PATH=/home/oh/slam_ws/install/realsense2_camera_msgs:${AMENT_PREFIX_PATH} CMAKE_PREFIX_PATH=/home/oh/slam_ws/install/realsense2_camera_msgs:/opt/ros/humble LD_LIBRARY_PATH=/home/oh/slam_ws/install/realsense2_camera_msgs/lib:${LD_LIBRARY_PATH} PYTHONPATH=/home/oh/slam_ws/install/realsense2_camera_msgs/local/lib/python3.10/dist-packages:${PYTHONPATH} /usr/bin/cmake --install /home/oh/slam_ws/build/realsense2_camera
[32.757s] -- Install configuration: "Release"
[32.757s] -- Installing: /home/oh/slam_ws/install/realsense2_camera/lib/realsense2_camera/realsense2_camera_node
[32.758s] -- Set runtime path of "/home/oh/slam_ws/install/realsense2_camera/lib/realsense2_camera/realsense2_camera_node" to ""
[32.758s] -- Installing: /home/oh/slam_ws/install/realsense2_camera/lib/librealsense2_camera.so
[32.759s] -- Set runtime path of "/home/oh/slam_ws/install/realsense2_camera/lib/librealsense2_camera.so" to ""
[32.759s] -- Installing: /home/oh/slam_ws/install/realsense2_camera/include
[32.760s] -- Installing: /home/oh/slam_ws/install/realsense2_camera/include/gl_window.h
[32.760s] -- Installing: /home/oh/slam_ws/install/realsense2_camera/include/ros_sensor.h
[32.760s] -- Installing: /home/oh/slam_ws/install/realsense2_camera/include/dynamic_params.h
[32.760s] -- Installing: /home/oh/slam_ws/install/realsense2_camera/include/ros_param_backend.h
[32.760s] -- Installing: /home/oh/slam_ws/install/realsense2_camera/include/named_filter.h
[32.760s] -- Installing: /home/oh/slam_ws/install/realsense2_camera/include/profile_manager.h
[32.760s] -- Installing: /home/oh/slam_ws/install/realsense2_camera/include/ros_utils.h
[32.760s] -- Installing: /home/oh/slam_ws/install/realsense2_camera/include/image_publisher.h
[32.760s] -- Installing: /home/oh/slam_ws/install/realsense2_camera/include/realsense_node_factory.h
[32.760s] -- Installing: /home/oh/slam_ws/install/realsense2_camera/include/base_realsense_node.h
[32.760s] -- Installing: /home/oh/slam_ws/install/realsense2_camera/include/constants.h
[32.760s] -- Installing: /home/oh/slam_ws/install/realsense2_camera/include/sensor_params.h
[32.760s] -- Installing: /home/oh/slam_ws/install/realsense2_camera/share/realsense2_camera/launch
[32.760s] -- Installing: /home/oh/slam_ws/install/realsense2_camera/share/realsense2_camera/launch/rs_intra_process_demo_launch.py
[32.760s] -- Installing: /home/oh/slam_ws/install/realsense2_camera/share/realsense2_camera/launch/default.rviz
[32.760s] -- Installing: /home/oh/slam_ws/install/realsense2_camera/share/realsense2_camera/launch/rs_multi_camera_launch.py
[32.760s] -- Installing: /home/oh/slam_ws/install/realsense2_camera/share/realsense2_camera/launch/rs_launch.py
[32.760s] -- Installing: /home/oh/slam_ws/install/realsense2_camera/share/realsense2_camera/examples
[32.760s] -- Installing: /home/oh/slam_ws/install/realsense2_camera/share/realsense2_camera/examples/align_depth
[32.760s] -- Installing: /home/oh/slam_ws/install/realsense2_camera/share/realsense2_camera/examples/align_depth/rs_align_depth_launch.py
[32.761s] -- Installing: /home/oh/slam_ws/install/realsense2_camera/share/realsense2_camera/examples/align_depth/README.md
[32.761s] -- Installing: /home/oh/slam_ws/install/realsense2_camera/share/realsense2_camera/examples/launch_from_rosbag
[32.761s] -- Installing: /home/oh/slam_ws/install/realsense2_camera/share/realsense2_camera/examples/launch_from_rosbag/rs_launch_from_rosbag.py
[32.761s] -- Installing: /home/oh/slam_ws/install/realsense2_camera/share/realsense2_camera/examples/launch_from_rosbag/README.md
[32.761s] -- Installing: /home/oh/slam_ws/install/realsense2_camera/share/realsense2_camera/examples/pointcloud
[32.761s] -- Installing: /home/oh/slam_ws/install/realsense2_camera/share/realsense2_camera/examples/pointcloud/rs_d455_pointcloud_launch.py
[32.761s] -- Installing: /home/oh/slam_ws/install/realsense2_camera/share/realsense2_camera/examples/pointcloud/rs_pointcloud_launch.py
[32.761s] -- Installing: /home/oh/slam_ws/install/realsense2_camera/share/realsense2_camera/examples/pointcloud/rviz
[32.761s] -- Installing: /home/oh/slam_ws/install/realsense2_camera/share/realsense2_camera/examples/pointcloud/rviz/pointcloud.rviz
[32.761s] -- Installing: /home/oh/slam_ws/install/realsense2_camera/share/realsense2_camera/examples/pointcloud/rviz/urdf_pointcloud.rviz
[32.761s] -- Installing: /home/oh/slam_ws/install/realsense2_camera/share/realsense2_camera/examples/pointcloud/rs_d405_pointcloud_launch.py
[32.761s] -- Installing: /home/oh/slam_ws/install/realsense2_camera/share/realsense2_camera/examples/pointcloud/README.md
[32.761s] -- Installing: /home/oh/slam_ws/install/realsense2_camera/share/realsense2_camera/examples/launch_params_from_file
[32.761s] -- Installing: /home/oh/slam_ws/install/realsense2_camera/share/realsense2_camera/examples/launch_params_from_file/rs_launch_get_params_from_yaml.py
[32.761s] -- Installing: /home/oh/slam_ws/install/realsense2_camera/share/realsense2_camera/examples/launch_params_from_file/config
[32.761s] -- Installing: /home/oh/slam_ws/install/realsense2_camera/share/realsense2_camera/examples/launch_params_from_file/config/config.yaml
[32.761s] -- Installing: /home/oh/slam_ws/install/realsense2_camera/share/realsense2_camera/examples/launch_params_from_file/README.md
[32.761s] -- Installing: /home/oh/slam_ws/install/realsense2_camera/share/realsense2_camera/examples/dual_camera
[32.761s] -- Installing: /home/oh/slam_ws/install/realsense2_camera/share/realsense2_camera/examples/dual_camera/rviz
[32.761s] -- Installing: /home/oh/slam_ws/install/realsense2_camera/share/realsense2_camera/examples/dual_camera/rviz/dual_camera_pointcloud.rviz
[32.762s] -- Installing: /home/oh/slam_ws/install/realsense2_camera/share/realsense2_camera/examples/dual_camera/README.md
[32.762s] -- Installing: /home/oh/slam_ws/install/realsense2_camera/share/realsense2_camera/examples/dual_camera/rs_dual_camera_launch.py
[32.762s] -- Installing: /home/oh/slam_ws/install/realsense2_camera/share/realsense2_camera/environment/library_path.sh
[32.762s] -- Installing: /home/oh/slam_ws/install/realsense2_camera/share/realsense2_camera/environment/library_path.dsv
[32.762s] -- Installing: /home/oh/slam_ws/install/realsense2_camera/share/ament_index/resource_index/package_run_dependencies/realsense2_camera
[32.762s] -- Installing: /home/oh/slam_ws/install/realsense2_camera/share/ament_index/resource_index/parent_prefix_path/realsense2_camera
[32.762s] -- Installing: /home/oh/slam_ws/install/realsense2_camera/share/realsense2_camera/environment/ament_prefix_path.sh
[32.762s] -- Installing: /home/oh/slam_ws/install/realsense2_camera/share/realsense2_camera/environment/ament_prefix_path.dsv
[32.762s] -- Installing: /home/oh/slam_ws/install/realsense2_camera/share/realsense2_camera/environment/path.sh
[32.762s] -- Installing: /home/oh/slam_ws/install/realsense2_camera/share/realsense2_camera/environment/path.dsv
[32.762s] -- Installing: /home/oh/slam_ws/install/realsense2_camera/share/realsense2_camera/local_setup.bash
[32.762s] -- Installing: /home/oh/slam_ws/install/realsense2_camera/share/realsense2_camera/local_setup.sh
[32.762s] -- Installing: /home/oh/slam_ws/install/realsense2_camera/share/realsense2_camera/local_setup.zsh
[32.762s] -- Installing: /home/oh/slam_ws/install/realsense2_camera/share/realsense2_camera/local_setup.dsv
[32.762s] -- Installing: /home/oh/slam_ws/install/realsense2_camera/share/realsense2_camera/package.dsv
[32.762s] -- Installing: /home/oh/slam_ws/install/realsense2_camera/share/ament_index/resource_index/packages/realsense2_camera
[32.762s] -- Installing: /home/oh/slam_ws/install/realsense2_camera/share/ament_index/resource_index/rclcpp_components/realsense2_camera
[32.762s] -- Installing: /home/oh/slam_ws/install/realsense2_camera/share/realsense2_camera/cmake/ament_cmake_export_include_directories-extras.cmake
[32.762s] -- Installing: /home/oh/slam_ws/install/realsense2_camera/share/realsense2_camera/cmake/ament_cmake_export_libraries-extras.cmake
[32.762s] -- Installing: /home/oh/slam_ws/install/realsense2_camera/share/realsense2_camera/cmake/ament_cmake_export_dependencies-extras.cmake
[32.763s] -- Installing: /home/oh/slam_ws/install/realsense2_camera/share/realsense2_camera/cmake/realsense2_cameraConfig.cmake
[32.763s] -- Installing: /home/oh/slam_ws/install/realsense2_camera/share/realsense2_camera/cmake/realsense2_cameraConfig-version.cmake
[32.763s] -- Installing: /home/oh/slam_ws/install/realsense2_camera/share/realsense2_camera/package.xml
[32.764s] Invoked command in '/home/oh/slam_ws/build/realsense2_camera' returned '0': AMENT_PREFIX_PATH=/home/oh/slam_ws/install/realsense2_camera_msgs:${AMENT_PREFIX_PATH} CMAKE_PREFIX_PATH=/home/oh/slam_ws/install/realsense2_camera_msgs:/opt/ros/humble LD_LIBRARY_PATH=/home/oh/slam_ws/install/realsense2_camera_msgs/lib:${LD_LIBRARY_PATH} PYTHONPATH=/home/oh/slam_ws/install/realsense2_camera_msgs/local/lib/python3.10/dist-packages:${PYTHONPATH} /usr/bin/cmake --install /home/oh/slam_ws/build/realsense2_camera
