[1.799s] Invoking command in '/home/oh/slam_ws/src/my_tf2_package': PYTHONPATH=/home/oh/slam_ws/build/my_tf2_package/prefix_override:/home/oh/slam_ws/install/my_tf2_package/lib/python3.10/site-packages:${PYTHONPATH} /usr/bin/python3 -W ignore:setup.py install is deprecated setup.py egg_info --egg-base ../../build/my_tf2_package build --build-base /home/oh/slam_ws/build/my_tf2_package/build install --record /home/oh/slam_ws/build/my_tf2_package/install.log --single-version-externally-managed install_data
[2.448s] running egg_info
[2.450s] writing ../../build/my_tf2_package/my_tf2_package.egg-info/PKG-INFO
[2.451s] writing dependency_links to ../../build/my_tf2_package/my_tf2_package.egg-info/dependency_links.txt
[2.451s] writing entry points to ../../build/my_tf2_package/my_tf2_package.egg-info/entry_points.txt
[2.451s] writing requirements to ../../build/my_tf2_package/my_tf2_package.egg-info/requires.txt
[2.452s] writing top-level names to ../../build/my_tf2_package/my_tf2_package.egg-info/top_level.txt
[2.457s] reading manifest file '../../build/my_tf2_package/my_tf2_package.egg-info/SOURCES.txt'
[2.457s] adding license file 'LICENSE'
[2.458s] writing manifest file '../../build/my_tf2_package/my_tf2_package.egg-info/SOURCES.txt'
[2.459s] running build
[2.459s] running build_py
[2.459s] copying my_tf2_package/my_static_cart_tf2_broadcaster.py -> /home/oh/slam_ws/build/my_tf2_package/build/lib/my_tf2_package
[2.460s] running install
[2.460s] running install_lib
[2.464s] copying /home/oh/slam_ws/build/my_tf2_package/build/lib/my_tf2_package/my_static_cart_tf2_broadcaster.py -> /home/oh/slam_ws/install/my_tf2_package/lib/python3.10/site-packages/my_tf2_package
[2.466s] byte-compiling /home/oh/slam_ws/install/my_tf2_package/lib/python3.10/site-packages/my_tf2_package/my_static_cart_tf2_broadcaster.py to my_static_cart_tf2_broadcaster.cpython-310.pyc
[2.468s] running install_data
[2.468s] running install_egg_info
[2.473s] removing '/home/oh/slam_ws/install/my_tf2_package/lib/python3.10/site-packages/my_tf2_package-0.0.0-py3.10.egg-info' (and everything under it)
[2.473s] Copying ../../build/my_tf2_package/my_tf2_package.egg-info to /home/oh/slam_ws/install/my_tf2_package/lib/python3.10/site-packages/my_tf2_package-0.0.0-py3.10.egg-info
[2.475s] running install_scripts
[2.529s] Installing my_static_cart_tf2_broadcaster script to /home/oh/slam_ws/install/my_tf2_package/lib/my_tf2_package
[2.529s] writing list of installed files to '/home/oh/slam_ws/build/my_tf2_package/install.log'
[2.580s] Invoked command in '/home/oh/slam_ws/src/my_tf2_package' returned '0': PYTHONPATH=/home/oh/slam_ws/build/my_tf2_package/prefix_override:/home/oh/slam_ws/install/my_tf2_package/lib/python3.10/site-packages:${PYTHONPATH} /usr/bin/python3 -W ignore:setup.py install is deprecated setup.py egg_info --egg-base ../../build/my_tf2_package build --build-base /home/oh/slam_ws/build/my_tf2_package/build install --record /home/oh/slam_ws/build/my_tf2_package/install.log --single-version-externally-managed install_data
