[0.027s] Invoking command in '/home/oh/slam_ws/build/ros2_control_demo_example_9': AMENT_PREFIX_PATH=/home/oh/slam_ws/install/ros2_control_demo_description:${AMENT_PREFIX_PATH} CMAKE_PREFIX_PATH=/home/oh/slam_ws/install/ros2_control_demo_description:/home/oh/nav2_ws/install/nav2_system_tests:/home/oh/nav2_ws/install/nav2_bringup:/home/oh/nav2_ws/install/navigation2:/home/oh/nav2_ws/install/nav2_smoother:/home/oh/nav2_ws/install/nav2_graceful_controller:/home/oh/nav2_ws/install/nav2_dwb_controller:/home/oh/nav2_ws/install/nav2_controller:/home/oh/nav2_ws/install/dwb_plugins:/home/oh/nav2_ws/install/dwb_critics:/home/oh/nav2_ws/install/dwb_core:/home/oh/nav2_ws/install/nav_2d_utils:/home/oh/nav2_ws/install/dwb_msgs:/home/oh/nav2_ws/install/nav_2d_msgs:/home/oh/nav2_ws/install/nav2_waypoint_follower:/home/oh/nav2_ws/install/nav2_theta_star_planner:/home/oh/nav2_ws/install/nav2_straightline_planner:/home/oh/nav2_ws/install/nav2_smac_planner:/home/oh/nav2_ws/install/nav2_rotation_shim_controller:/home/oh/nav2_ws/install/nav2_regulated_pure_pursuit_controller:/home/oh/nav2_ws/install/nav2_planner:/home/oh/nav2_ws/install/nav2_navfn_planner:/home/oh/nav2_ws/install/nav2_mppi_controller:/home/oh/nav2_ws/install/nav2_constrained_smoother:/home/oh/nav2_ws/install/nav2_bt_navigator:/home/oh/nav2_ws/install/nav2_behaviors:/home/oh/nav2_ws/install/nav2_core:/home/oh/nav2_ws/install/nav2_collision_monitor:/home/oh/nav2_ws/install/costmap_queue:/home/oh/nav2_ws/install/nav2_costmap_2d:/home/oh/nav2_ws/install/nav2_voxel_grid:/home/oh/nav2_ws/install/nav2_velocity_smoother:/home/oh/nav2_ws/install/nav2_rviz_plugins:/home/oh/nav2_ws/install/nav2_map_server:/home/oh/nav2_ws/install/nav2_lifecycle_manager:/home/oh/nav2_ws/install/nav2_behavior_tree:/home/oh/nav2_ws/install/nav2_amcl:/home/oh/nav2_ws/install/nav2_util:/home/oh/nav2_ws/install/nav2_msgs:/home/oh/nav2_ws/install/nav2_common:/home/oh/nav2_ws/install/nav2_simple_commander:/opt/ros/humble /usr/bin/cmake --build /home/oh/slam_ws/build/ros2_control_demo_example_9 -- -j8 -l8
[0.092s] [35m[1mConsolidate compiler generated dependencies of target ros2_control_demo_example_9[0m
[0.113s] [100%] Built target ros2_control_demo_example_9
[0.144s] Invoked command in '/home/oh/slam_ws/build/ros2_control_demo_example_9' returned '0': AMENT_PREFIX_PATH=/home/oh/slam_ws/install/ros2_control_demo_description:${AMENT_PREFIX_PATH} CMAKE_PREFIX_PATH=/home/oh/slam_ws/install/ros2_control_demo_description:/home/oh/nav2_ws/install/nav2_system_tests:/home/oh/nav2_ws/install/nav2_bringup:/home/oh/nav2_ws/install/navigation2:/home/oh/nav2_ws/install/nav2_smoother:/home/oh/nav2_ws/install/nav2_graceful_controller:/home/oh/nav2_ws/install/nav2_dwb_controller:/home/oh/nav2_ws/install/nav2_controller:/home/oh/nav2_ws/install/dwb_plugins:/home/oh/nav2_ws/install/dwb_critics:/home/oh/nav2_ws/install/dwb_core:/home/oh/nav2_ws/install/nav_2d_utils:/home/oh/nav2_ws/install/dwb_msgs:/home/oh/nav2_ws/install/nav_2d_msgs:/home/oh/nav2_ws/install/nav2_waypoint_follower:/home/oh/nav2_ws/install/nav2_theta_star_planner:/home/oh/nav2_ws/install/nav2_straightline_planner:/home/oh/nav2_ws/install/nav2_smac_planner:/home/oh/nav2_ws/install/nav2_rotation_shim_controller:/home/oh/nav2_ws/install/nav2_regulated_pure_pursuit_controller:/home/oh/nav2_ws/install/nav2_planner:/home/oh/nav2_ws/install/nav2_navfn_planner:/home/oh/nav2_ws/install/nav2_mppi_controller:/home/oh/nav2_ws/install/nav2_constrained_smoother:/home/oh/nav2_ws/install/nav2_bt_navigator:/home/oh/nav2_ws/install/nav2_behaviors:/home/oh/nav2_ws/install/nav2_core:/home/oh/nav2_ws/install/nav2_collision_monitor:/home/oh/nav2_ws/install/costmap_queue:/home/oh/nav2_ws/install/nav2_costmap_2d:/home/oh/nav2_ws/install/nav2_voxel_grid:/home/oh/nav2_ws/install/nav2_velocity_smoother:/home/oh/nav2_ws/install/nav2_rviz_plugins:/home/oh/nav2_ws/install/nav2_map_server:/home/oh/nav2_ws/install/nav2_lifecycle_manager:/home/oh/nav2_ws/install/nav2_behavior_tree:/home/oh/nav2_ws/install/nav2_amcl:/home/oh/nav2_ws/install/nav2_util:/home/oh/nav2_ws/install/nav2_msgs:/home/oh/nav2_ws/install/nav2_common:/home/oh/nav2_ws/install/nav2_simple_commander:/opt/ros/humble /usr/bin/cmake --build /home/oh/slam_ws/build/ros2_control_demo_example_9 -- -j8 -l8
[0.212s] Invoking command in '/home/oh/slam_ws/build/ros2_control_demo_example_9': AMENT_PREFIX_PATH=/home/oh/slam_ws/install/ros2_control_demo_description:${AMENT_PREFIX_PATH} CMAKE_PREFIX_PATH=/home/oh/slam_ws/install/ros2_control_demo_description:/home/oh/nav2_ws/install/nav2_system_tests:/home/oh/nav2_ws/install/nav2_bringup:/home/oh/nav2_ws/install/navigation2:/home/oh/nav2_ws/install/nav2_smoother:/home/oh/nav2_ws/install/nav2_graceful_controller:/home/oh/nav2_ws/install/nav2_dwb_controller:/home/oh/nav2_ws/install/nav2_controller:/home/oh/nav2_ws/install/dwb_plugins:/home/oh/nav2_ws/install/dwb_critics:/home/oh/nav2_ws/install/dwb_core:/home/oh/nav2_ws/install/nav_2d_utils:/home/oh/nav2_ws/install/dwb_msgs:/home/oh/nav2_ws/install/nav_2d_msgs:/home/oh/nav2_ws/install/nav2_waypoint_follower:/home/oh/nav2_ws/install/nav2_theta_star_planner:/home/oh/nav2_ws/install/nav2_straightline_planner:/home/oh/nav2_ws/install/nav2_smac_planner:/home/oh/nav2_ws/install/nav2_rotation_shim_controller:/home/oh/nav2_ws/install/nav2_regulated_pure_pursuit_controller:/home/oh/nav2_ws/install/nav2_planner:/home/oh/nav2_ws/install/nav2_navfn_planner:/home/oh/nav2_ws/install/nav2_mppi_controller:/home/oh/nav2_ws/install/nav2_constrained_smoother:/home/oh/nav2_ws/install/nav2_bt_navigator:/home/oh/nav2_ws/install/nav2_behaviors:/home/oh/nav2_ws/install/nav2_core:/home/oh/nav2_ws/install/nav2_collision_monitor:/home/oh/nav2_ws/install/costmap_queue:/home/oh/nav2_ws/install/nav2_costmap_2d:/home/oh/nav2_ws/install/nav2_voxel_grid:/home/oh/nav2_ws/install/nav2_velocity_smoother:/home/oh/nav2_ws/install/nav2_rviz_plugins:/home/oh/nav2_ws/install/nav2_map_server:/home/oh/nav2_ws/install/nav2_lifecycle_manager:/home/oh/nav2_ws/install/nav2_behavior_tree:/home/oh/nav2_ws/install/nav2_amcl:/home/oh/nav2_ws/install/nav2_util:/home/oh/nav2_ws/install/nav2_msgs:/home/oh/nav2_ws/install/nav2_common:/home/oh/nav2_ws/install/nav2_simple_commander:/opt/ros/humble /usr/bin/cmake --install /home/oh/slam_ws/build/ros2_control_demo_example_9
[0.235s] -- Install configuration: ""
[0.235s] -- Up-to-date: /home/oh/slam_ws/install/ros2_control_demo_example_9/share/ros2_control_demo_example_9/ros2_control_demo_example_9.xml
[0.235s] -- Up-to-date: /home/oh/slam_ws/install/ros2_control_demo_example_9/include/ros2_control_demo_example_9
[0.237s] -- Up-to-date: /home/oh/slam_ws/install/ros2_control_demo_example_9/include/ros2_control_demo_example_9/ros2_control_demo_example_9
[0.237s] -- Up-to-date: /home/oh/slam_ws/install/ros2_control_demo_example_9/include/ros2_control_demo_example_9/ros2_control_demo_example_9/rrbot.hpp
[0.237s] -- Up-to-date: /home/oh/slam_ws/install/ros2_control_demo_example_9/include/ros2_control_demo_example_9/ros2_control_demo_example_9/visibility_control.h
[0.237s] -- Up-to-date: /home/oh/slam_ws/install/ros2_control_demo_example_9/share/ros2_control_demo_example_9/launch
[0.237s] -- Up-to-date: /home/oh/slam_ws/install/ros2_control_demo_example_9/share/ros2_control_demo_example_9/launch/view_robot.launch.py
[0.237s] -- Up-to-date: /home/oh/slam_ws/install/ros2_control_demo_example_9/share/ros2_control_demo_example_9/ros2_control
[0.237s] -- Up-to-date: /home/oh/slam_ws/install/ros2_control_demo_example_9/share/ros2_control_demo_example_9/ros2_control/rrbot.ros2_control.xacro
[0.237s] -- Up-to-date: /home/oh/slam_ws/install/ros2_control_demo_example_9/share/ros2_control_demo_example_9/urdf
[0.238s] -- Up-to-date: /home/oh/slam_ws/install/ros2_control_demo_example_9/share/ros2_control_demo_example_9/urdf/rrbot.urdf.xacro
[0.238s] -- Up-to-date: /home/oh/slam_ws/install/ros2_control_demo_example_9/share/ros2_control_demo_example_9/gazebo
[0.238s] -- Up-to-date: /home/oh/slam_ws/install/ros2_control_demo_example_9/share/ros2_control_demo_example_9/gazebo/rrbot.gazebo.xacro
[0.238s] -- Up-to-date: /home/oh/slam_ws/install/ros2_control_demo_example_9/share/ros2_control_demo_example_9/launch
[0.238s] -- Up-to-date: /home/oh/slam_ws/install/ros2_control_demo_example_9/share/ros2_control_demo_example_9/launch/rrbot.launch.py
[0.238s] -- Up-to-date: /home/oh/slam_ws/install/ros2_control_demo_example_9/share/ros2_control_demo_example_9/launch/rrbot_gazebo_classic.launch.py
[0.238s] -- Up-to-date: /home/oh/slam_ws/install/ros2_control_demo_example_9/share/ros2_control_demo_example_9/launch/test_forward_position_controller.launch.py
[0.238s] -- Up-to-date: /home/oh/slam_ws/install/ros2_control_demo_example_9/share/ros2_control_demo_example_9/config
[0.238s] -- Up-to-date: /home/oh/slam_ws/install/ros2_control_demo_example_9/share/ros2_control_demo_example_9/config/rrbot_controllers.yaml
[0.238s] -- Up-to-date: /home/oh/slam_ws/install/ros2_control_demo_example_9/share/ros2_control_demo_example_9/config/rrbot_forward_position_publisher.yaml
[0.238s] -- Up-to-date: /home/oh/slam_ws/install/ros2_control_demo_example_9/lib/libros2_control_demo_example_9.so
[0.238s] -- Up-to-date: /home/oh/slam_ws/install/ros2_control_demo_example_9/share/ros2_control_demo_example_9/environment/library_path.sh
[0.238s] -- Up-to-date: /home/oh/slam_ws/install/ros2_control_demo_example_9/share/ros2_control_demo_example_9/environment/library_path.dsv
[0.238s] -- Up-to-date: /home/oh/slam_ws/install/ros2_control_demo_example_9/share/ament_index/resource_index/package_run_dependencies/ros2_control_demo_example_9
[0.238s] -- Up-to-date: /home/oh/slam_ws/install/ros2_control_demo_example_9/share/ament_index/resource_index/parent_prefix_path/ros2_control_demo_example_9
[0.238s] -- Up-to-date: /home/oh/slam_ws/install/ros2_control_demo_example_9/share/ros2_control_demo_example_9/environment/ament_prefix_path.sh
[0.238s] -- Up-to-date: /home/oh/slam_ws/install/ros2_control_demo_example_9/share/ros2_control_demo_example_9/environment/ament_prefix_path.dsv
[0.238s] -- Up-to-date: /home/oh/slam_ws/install/ros2_control_demo_example_9/share/ros2_control_demo_example_9/environment/path.sh
[0.238s] -- Up-to-date: /home/oh/slam_ws/install/ros2_control_demo_example_9/share/ros2_control_demo_example_9/environment/path.dsv
[0.238s] -- Up-to-date: /home/oh/slam_ws/install/ros2_control_demo_example_9/share/ros2_control_demo_example_9/local_setup.bash
[0.238s] -- Up-to-date: /home/oh/slam_ws/install/ros2_control_demo_example_9/share/ros2_control_demo_example_9/local_setup.sh
[0.238s] -- Up-to-date: /home/oh/slam_ws/install/ros2_control_demo_example_9/share/ros2_control_demo_example_9/local_setup.zsh
[0.238s] -- Up-to-date: /home/oh/slam_ws/install/ros2_control_demo_example_9/share/ros2_control_demo_example_9/local_setup.dsv
[0.238s] -- Installing: /home/oh/slam_ws/install/ros2_control_demo_example_9/share/ros2_control_demo_example_9/package.dsv
[0.238s] -- Up-to-date: /home/oh/slam_ws/install/ros2_control_demo_example_9/share/ament_index/resource_index/packages/ros2_control_demo_example_9
[0.238s] -- Up-to-date: /home/oh/slam_ws/install/ros2_control_demo_example_9/share/ament_index/resource_index/hardware_interface__pluginlib__plugin/ros2_control_demo_example_9
[0.239s] -- Up-to-date: /home/oh/slam_ws/install/ros2_control_demo_example_9/share/ros2_control_demo_example_9/cmake/export_ros2_control_demo_example_9Export.cmake
[0.239s] -- Up-to-date: /home/oh/slam_ws/install/ros2_control_demo_example_9/share/ros2_control_demo_example_9/cmake/export_ros2_control_demo_example_9Export-noconfig.cmake
[0.239s] -- Up-to-date: /home/oh/slam_ws/install/ros2_control_demo_example_9/share/ros2_control_demo_example_9/cmake/ament_cmake_export_targets-extras.cmake
[0.239s] -- Up-to-date: /home/oh/slam_ws/install/ros2_control_demo_example_9/share/ros2_control_demo_example_9/cmake/ament_cmake_export_dependencies-extras.cmake
[0.239s] -- Up-to-date: /home/oh/slam_ws/install/ros2_control_demo_example_9/share/ros2_control_demo_example_9/cmake/ros2_control_demo_example_9Config.cmake
[0.239s] -- Up-to-date: /home/oh/slam_ws/install/ros2_control_demo_example_9/share/ros2_control_demo_example_9/cmake/ros2_control_demo_example_9Config-version.cmake
[0.239s] -- Up-to-date: /home/oh/slam_ws/install/ros2_control_demo_example_9/share/ros2_control_demo_example_9/package.xml
[0.262s] Invoked command in '/home/oh/slam_ws/build/ros2_control_demo_example_9' returned '0': AMENT_PREFIX_PATH=/home/oh/slam_ws/install/ros2_control_demo_description:${AMENT_PREFIX_PATH} CMAKE_PREFIX_PATH=/home/oh/slam_ws/install/ros2_control_demo_description:/home/oh/nav2_ws/install/nav2_system_tests:/home/oh/nav2_ws/install/nav2_bringup:/home/oh/nav2_ws/install/navigation2:/home/oh/nav2_ws/install/nav2_smoother:/home/oh/nav2_ws/install/nav2_graceful_controller:/home/oh/nav2_ws/install/nav2_dwb_controller:/home/oh/nav2_ws/install/nav2_controller:/home/oh/nav2_ws/install/dwb_plugins:/home/oh/nav2_ws/install/dwb_critics:/home/oh/nav2_ws/install/dwb_core:/home/oh/nav2_ws/install/nav_2d_utils:/home/oh/nav2_ws/install/dwb_msgs:/home/oh/nav2_ws/install/nav_2d_msgs:/home/oh/nav2_ws/install/nav2_waypoint_follower:/home/oh/nav2_ws/install/nav2_theta_star_planner:/home/oh/nav2_ws/install/nav2_straightline_planner:/home/oh/nav2_ws/install/nav2_smac_planner:/home/oh/nav2_ws/install/nav2_rotation_shim_controller:/home/oh/nav2_ws/install/nav2_regulated_pure_pursuit_controller:/home/oh/nav2_ws/install/nav2_planner:/home/oh/nav2_ws/install/nav2_navfn_planner:/home/oh/nav2_ws/install/nav2_mppi_controller:/home/oh/nav2_ws/install/nav2_constrained_smoother:/home/oh/nav2_ws/install/nav2_bt_navigator:/home/oh/nav2_ws/install/nav2_behaviors:/home/oh/nav2_ws/install/nav2_core:/home/oh/nav2_ws/install/nav2_collision_monitor:/home/oh/nav2_ws/install/costmap_queue:/home/oh/nav2_ws/install/nav2_costmap_2d:/home/oh/nav2_ws/install/nav2_voxel_grid:/home/oh/nav2_ws/install/nav2_velocity_smoother:/home/oh/nav2_ws/install/nav2_rviz_plugins:/home/oh/nav2_ws/install/nav2_map_server:/home/oh/nav2_ws/install/nav2_lifecycle_manager:/home/oh/nav2_ws/install/nav2_behavior_tree:/home/oh/nav2_ws/install/nav2_amcl:/home/oh/nav2_ws/install/nav2_util:/home/oh/nav2_ws/install/nav2_msgs:/home/oh/nav2_ws/install/nav2_common:/home/oh/nav2_ws/install/nav2_simple_commander:/opt/ros/humble /usr/bin/cmake --install /home/oh/slam_ws/build/ros2_control_demo_example_9
