[1.237s] Invoking command in '/home/oh/slam_ws/src/my_tf2_package': PYTHONPATH=/home/oh/slam_ws/src/build/my_tf2_package/prefix_override:/home/oh/slam_ws/src/install/my_tf2_package/lib/python3.10/site-packages:${PYTHONPATH} /usr/bin/python3 -W ignore:setup.py install is deprecated setup.py egg_info --egg-base ../build/my_tf2_package build --build-base /home/oh/slam_ws/src/build/my_tf2_package/build install --record /home/oh/slam_ws/src/build/my_tf2_package/install.log --single-version-externally-managed install_data
[1.689s] running egg_info
[1.690s] writing ../build/my_tf2_package/my_tf2_package.egg-info/PKG-INFO
[1.690s] writing dependency_links to ../build/my_tf2_package/my_tf2_package.egg-info/dependency_links.txt
[1.690s] writing entry points to ../build/my_tf2_package/my_tf2_package.egg-info/entry_points.txt
[1.691s] writing requirements to ../build/my_tf2_package/my_tf2_package.egg-info/requires.txt
[1.691s] writing top-level names to ../build/my_tf2_package/my_tf2_package.egg-info/top_level.txt
[1.695s] reading manifest file '../build/my_tf2_package/my_tf2_package.egg-info/SOURCES.txt'
[1.696s] adding license file 'LICENSE'
[1.697s] writing manifest file '../build/my_tf2_package/my_tf2_package.egg-info/SOURCES.txt'
[1.697s] running build
[1.698s] running build_py
[1.698s] copying my_tf2_package/my_static_cart_tf2_broadcaster.py -> /home/oh/slam_ws/src/build/my_tf2_package/build/lib/my_tf2_package
[1.698s] running install
[1.699s] running install_lib
[1.702s] copying /home/oh/slam_ws/src/build/my_tf2_package/build/lib/my_tf2_package/my_static_cart_tf2_broadcaster.py -> /home/oh/slam_ws/src/install/my_tf2_package/lib/python3.10/site-packages/my_tf2_package
[1.703s] byte-compiling /home/oh/slam_ws/src/install/my_tf2_package/lib/python3.10/site-packages/my_tf2_package/my_static_cart_tf2_broadcaster.py to my_static_cart_tf2_broadcaster.cpython-310.pyc
[1.704s] running install_data
[1.705s] running install_egg_info
[1.708s] removing '/home/oh/slam_ws/src/install/my_tf2_package/lib/python3.10/site-packages/my_tf2_package-0.0.0-py3.10.egg-info' (and everything under it)
[1.708s] Copying ../build/my_tf2_package/my_tf2_package.egg-info to /home/oh/slam_ws/src/install/my_tf2_package/lib/python3.10/site-packages/my_tf2_package-0.0.0-py3.10.egg-info
[1.710s] running install_scripts
[1.750s] Installing my_static_cart_tf2_broadcaster script to /home/oh/slam_ws/src/install/my_tf2_package/lib/my_tf2_package
[1.750s] writing list of installed files to '/home/oh/slam_ws/src/build/my_tf2_package/install.log'
[1.793s] Invoked command in '/home/oh/slam_ws/src/my_tf2_package' returned '0': PYTHONPATH=/home/oh/slam_ws/src/build/my_tf2_package/prefix_override:/home/oh/slam_ws/src/install/my_tf2_package/lib/python3.10/site-packages:${PYTHONPATH} /usr/bin/python3 -W ignore:setup.py install is deprecated setup.py egg_info --egg-base ../build/my_tf2_package build --build-base /home/oh/slam_ws/src/build/my_tf2_package/build install --record /home/oh/slam_ws/src/build/my_tf2_package/install.log --single-version-externally-managed install_data
