[0.000000] (-) TimerEvent: {}
[0.000282] (-) JobUnselected: {'identifier': 'behaviortree_cpp'}
[0.000425] (-) JobUnselected: {'identifier': 'cart_park_autonomy'}
[0.000462] (-) JobUnselected: {'identifier': 'escape_from_cart'}
[0.000681] (-) JobUnselected: {'identifier': 'my_action_interface'}
[0.000724] (-) JobUnselected: {'identifier': 'my_aruco_to_goal_pose_pkg'}
[0.000765] (-) JobUnselected: {'identifier': 'my_bot_description'}
[0.000807] (-) JobUnselected: {'identifier': 'my_docking'}
[0.000846] (-) JobUnselected: {'identifier': 'my_slam_package'}
[0.000900] (-) JobUnselected: {'identifier': 'my_tf2_package'}
[0.000940] (-) JobUnselected: {'identifier': 'my_tf_package'}
[0.000983] (-) JobUnselected: {'identifier': 'odrive_demo_bringup'}
[0.001024] (-) JobUnselected: {'identifier': 'odrive_demo_description'}
[0.001064] (-) JobUnselected: {'identifier': 'odrive_hardware_interface'}
[0.001104] (-) JobUnselected: {'identifier': 'odrive_ros2_control'}
[0.001143] (-) JobUnselected: {'identifier': 'realsense2_camera'}
[0.001185] (-) JobUnselected: {'identifier': 'realsense2_camera_msgs'}
[0.001227] (-) JobUnselected: {'identifier': 'realsense2_description'}
[0.001268] (-) JobUnselected: {'identifier': 'ros2_aruco'}
[0.001309] (-) JobUnselected: {'identifier': 'ros2_aruco_interfaces'}
[0.001347] (-) JobUnselected: {'identifier': 'ros2_control_demo_description'}
[0.001383] (-) JobUnselected: {'identifier': 'ros2_control_demo_example_1'}
[0.001500] (-) JobUnselected: {'identifier': 'ros2_control_demo_example_10'}
[0.001561] (-) JobUnselected: {'identifier': 'ros2_control_demo_example_11'}
[0.001612] (-) JobUnselected: {'identifier': 'ros2_control_demo_example_12'}
[0.001659] (-) JobUnselected: {'identifier': 'ros2_control_demo_example_14'}
[0.001706] (-) JobUnselected: {'identifier': 'ros2_control_demo_example_2'}
[0.001745] (-) JobUnselected: {'identifier': 'ros2_control_demo_example_3'}
[0.001789] (-) JobUnselected: {'identifier': 'ros2_control_demo_example_4'}
[0.001841] (-) JobUnselected: {'identifier': 'ros2_control_demo_example_5'}
[0.001888] (-) JobUnselected: {'identifier': 'ros2_control_demo_example_6'}
[0.001936] (-) JobUnselected: {'identifier': 'ros2_control_demo_example_7'}
[0.001982] (-) JobUnselected: {'identifier': 'ros2_control_demo_example_8'}
[0.002027] (-) JobUnselected: {'identifier': 'ros2_control_demo_example_9'}
[0.002069] (-) JobUnselected: {'identifier': 'ros2_control_demos'}
[0.002118] (-) JobUnselected: {'identifier': 'tb3_autonomy'}
[0.002169] (-) JobUnselected: {'identifier': 'teleop_twist_joy'}
[0.002214] (-) JobUnselected: {'identifier': 'usb_cam'}
[0.002258] (-) JobUnselected: {'identifier': 'ydlidar_ros2_driver'}
[0.002286] (-) JobUnselected: {'identifier': 'ydlidar_sdk'}
[0.002314] (-) EventReactorShutdown: {}
