[0.594s] Invoking command in '/home/oh/slam_ws/src/my_tf_package': PYTHONPATH=/home/oh/slam_ws/build/my_tf_package/prefix_override:/home/oh/slam_ws/install/my_tf_package/lib/python3.10/site-packages:${PYTHONPATH} /usr/bin/python3 -W ignore:setup.py install is deprecated setup.py egg_info --egg-base ../../build/my_tf_package build --build-base /home/oh/slam_ws/build/my_tf_package/build install --record /home/oh/slam_ws/build/my_tf_package/install.log --single-version-externally-managed install_data
[0.898s] running egg_info
[0.900s] writing ../../build/my_tf_package/my_tf_package.egg-info/PKG-INFO
[0.901s] writing dependency_links to ../../build/my_tf_package/my_tf_package.egg-info/dependency_links.txt
[0.901s] writing entry points to ../../build/my_tf_package/my_tf_package.egg-info/entry_points.txt
[0.901s] writing requirements to ../../build/my_tf_package/my_tf_package.egg-info/requires.txt
[0.901s] writing top-level names to ../../build/my_tf_package/my_tf_package.egg-info/top_level.txt
[0.902s] reading manifest file '../../build/my_tf_package/my_tf_package.egg-info/SOURCES.txt'
[0.902s] writing manifest file '../../build/my_tf_package/my_tf_package.egg-info/SOURCES.txt'
[0.902s] running build
[0.902s] running build_py
[0.902s] running install
[0.903s] running install_lib
[0.905s] running install_data
[0.905s] running install_egg_info
[0.907s] removing '/home/oh/slam_ws/install/my_tf_package/lib/python3.10/site-packages/my_tf_package-0.0.0-py3.10.egg-info' (and everything under it)
[0.910s] Copying ../../build/my_tf_package/my_tf_package.egg-info to /home/oh/slam_ws/install/my_tf_package/lib/python3.10/site-packages/my_tf_package-0.0.0-py3.10.egg-info
[0.911s] running install_scripts
[0.929s] Installing my_tf2_broadcaster script to /home/oh/slam_ws/install/my_tf_package/lib/my_tf_package
[0.930s] writing list of installed files to '/home/oh/slam_ws/build/my_tf_package/install.log'
[0.960s] Invoked command in '/home/oh/slam_ws/src/my_tf_package' returned '0': PYTHONPATH=/home/oh/slam_ws/build/my_tf_package/prefix_override:/home/oh/slam_ws/install/my_tf_package/lib/python3.10/site-packages:${PYTHONPATH} /usr/bin/python3 -W ignore:setup.py install is deprecated setup.py egg_info --egg-base ../../build/my_tf_package build --build-base /home/oh/slam_ws/build/my_tf_package/build install --record /home/oh/slam_ws/build/my_tf_package/install.log --single-version-externally-managed install_data
