[0.029s] Invoking command in '/home/oh/slam_ws/build/ros2_control_demo_example_11': AMENT_PREFIX_PATH=/home/oh/slam_ws/install/ros2_control_demo_description:${AMENT_PREFIX_PATH} CMAKE_PREFIX_PATH=/home/oh/slam_ws/install/ros2_control_demo_description:/opt/ros/humble /usr/bin/cmake --build /home/oh/slam_ws/build/ros2_control_demo_example_11 -- -j8 -l8
[0.100s] [100%] Built target ros2_control_demo_example_11
[0.115s] Invoked command in '/home/oh/slam_ws/build/ros2_control_demo_example_11' returned '0': AMENT_PREFIX_PATH=/home/oh/slam_ws/install/ros2_control_demo_description:${AMENT_PREFIX_PATH} CMAKE_PREFIX_PATH=/home/oh/slam_ws/install/ros2_control_demo_description:/opt/ros/humble /usr/bin/cmake --build /home/oh/slam_ws/build/ros2_control_demo_example_11 -- -j8 -l8
[0.149s] Invoking command in '/home/oh/slam_ws/build/ros2_control_demo_example_11': AMENT_PREFIX_PATH=/home/oh/slam_ws/install/ros2_control_demo_description:${AMENT_PREFIX_PATH} CMAKE_PREFIX_PATH=/home/oh/slam_ws/install/ros2_control_demo_description:/opt/ros/humble /usr/bin/cmake --install /home/oh/slam_ws/build/ros2_control_demo_example_11
[0.155s] -- Install configuration: ""
[0.156s] -- Up-to-date: /home/oh/slam_ws/install/ros2_control_demo_example_11/share/ros2_control_demo_example_11/ros2_control_demo_example_11.xml
[0.156s] -- Up-to-date: /home/oh/slam_ws/install/ros2_control_demo_example_11/include/ros2_control_demo_example_11
[0.156s] -- Up-to-date: /home/oh/slam_ws/install/ros2_control_demo_example_11/include/ros2_control_demo_example_11/ros2_control_demo_example_11
[0.157s] -- Up-to-date: /home/oh/slam_ws/install/ros2_control_demo_example_11/include/ros2_control_demo_example_11/ros2_control_demo_example_11/carlikebot_system.hpp
[0.157s] -- Up-to-date: /home/oh/slam_ws/install/ros2_control_demo_example_11/include/ros2_control_demo_example_11/ros2_control_demo_example_11/visibility_control.h
[0.157s] -- Up-to-date: /home/oh/slam_ws/install/ros2_control_demo_example_11/share/ros2_control_demo_example_11/launch
[0.157s] -- Up-to-date: /home/oh/slam_ws/install/ros2_control_demo_example_11/share/ros2_control_demo_example_11/launch/view_robot.launch.py
[0.157s] -- Up-to-date: /home/oh/slam_ws/install/ros2_control_demo_example_11/share/ros2_control_demo_example_11/ros2_control
[0.157s] -- Up-to-date: /home/oh/slam_ws/install/ros2_control_demo_example_11/share/ros2_control_demo_example_11/ros2_control/carlikebot.ros2_control.xacro
[0.157s] -- Up-to-date: /home/oh/slam_ws/install/ros2_control_demo_example_11/share/ros2_control_demo_example_11/urdf
[0.157s] -- Up-to-date: /home/oh/slam_ws/install/ros2_control_demo_example_11/share/ros2_control_demo_example_11/urdf/carlikebot.urdf.xacro
[0.157s] -- Up-to-date: /home/oh/slam_ws/install/ros2_control_demo_example_11/share/ros2_control_demo_example_11/launch
[0.157s] -- Up-to-date: /home/oh/slam_ws/install/ros2_control_demo_example_11/share/ros2_control_demo_example_11/launch/carlikebot.launch.py
[0.157s] -- Up-to-date: /home/oh/slam_ws/install/ros2_control_demo_example_11/share/ros2_control_demo_example_11/config
[0.157s] -- Up-to-date: /home/oh/slam_ws/install/ros2_control_demo_example_11/share/ros2_control_demo_example_11/config/carlikebot_controllers.yaml
[0.158s] -- Up-to-date: /home/oh/slam_ws/install/ros2_control_demo_example_11/lib/libros2_control_demo_example_11.so
[0.158s] -- Up-to-date: /home/oh/slam_ws/install/ros2_control_demo_example_11/share/ros2_control_demo_example_11/environment/library_path.sh
[0.158s] -- Up-to-date: /home/oh/slam_ws/install/ros2_control_demo_example_11/share/ros2_control_demo_example_11/environment/library_path.dsv
[0.158s] -- Up-to-date: /home/oh/slam_ws/install/ros2_control_demo_example_11/share/ament_index/resource_index/package_run_dependencies/ros2_control_demo_example_11
[0.158s] -- Up-to-date: /home/oh/slam_ws/install/ros2_control_demo_example_11/share/ament_index/resource_index/parent_prefix_path/ros2_control_demo_example_11
[0.158s] -- Up-to-date: /home/oh/slam_ws/install/ros2_control_demo_example_11/share/ros2_control_demo_example_11/environment/ament_prefix_path.sh
[0.158s] -- Up-to-date: /home/oh/slam_ws/install/ros2_control_demo_example_11/share/ros2_control_demo_example_11/environment/ament_prefix_path.dsv
[0.158s] -- Up-to-date: /home/oh/slam_ws/install/ros2_control_demo_example_11/share/ros2_control_demo_example_11/environment/path.sh
[0.159s] -- Up-to-date: /home/oh/slam_ws/install/ros2_control_demo_example_11/share/ros2_control_demo_example_11/environment/path.dsv
[0.159s] -- Up-to-date: /home/oh/slam_ws/install/ros2_control_demo_example_11/share/ros2_control_demo_example_11/local_setup.bash
[0.159s] -- Up-to-date: /home/oh/slam_ws/install/ros2_control_demo_example_11/share/ros2_control_demo_example_11/local_setup.sh
[0.159s] -- Up-to-date: /home/oh/slam_ws/install/ros2_control_demo_example_11/share/ros2_control_demo_example_11/local_setup.zsh
[0.159s] -- Up-to-date: /home/oh/slam_ws/install/ros2_control_demo_example_11/share/ros2_control_demo_example_11/local_setup.dsv
[0.159s] -- Installing: /home/oh/slam_ws/install/ros2_control_demo_example_11/share/ros2_control_demo_example_11/package.dsv
[0.159s] -- Up-to-date: /home/oh/slam_ws/install/ros2_control_demo_example_11/share/ament_index/resource_index/packages/ros2_control_demo_example_11
[0.159s] -- Up-to-date: /home/oh/slam_ws/install/ros2_control_demo_example_11/share/ament_index/resource_index/hardware_interface__pluginlib__plugin/ros2_control_demo_example_11
[0.159s] -- Up-to-date: /home/oh/slam_ws/install/ros2_control_demo_example_11/share/ros2_control_demo_example_11/cmake/export_ros2_control_demo_example_11Export.cmake
[0.159s] -- Up-to-date: /home/oh/slam_ws/install/ros2_control_demo_example_11/share/ros2_control_demo_example_11/cmake/export_ros2_control_demo_example_11Export-noconfig.cmake
[0.159s] -- Up-to-date: /home/oh/slam_ws/install/ros2_control_demo_example_11/share/ros2_control_demo_example_11/cmake/ament_cmake_export_targets-extras.cmake
[0.159s] -- Up-to-date: /home/oh/slam_ws/install/ros2_control_demo_example_11/share/ros2_control_demo_example_11/cmake/ament_cmake_export_dependencies-extras.cmake
[0.159s] -- Up-to-date: /home/oh/slam_ws/install/ros2_control_demo_example_11/share/ros2_control_demo_example_11/cmake/ros2_control_demo_example_11Config.cmake
[0.160s] -- Up-to-date: /home/oh/slam_ws/install/ros2_control_demo_example_11/share/ros2_control_demo_example_11/cmake/ros2_control_demo_example_11Config-version.cmake
[0.160s] -- Up-to-date: /home/oh/slam_ws/install/ros2_control_demo_example_11/share/ros2_control_demo_example_11/package.xml
[0.170s] Invoked command in '/home/oh/slam_ws/build/ros2_control_demo_example_11' returned '0': AMENT_PREFIX_PATH=/home/oh/slam_ws/install/ros2_control_demo_description:${AMENT_PREFIX_PATH} CMAKE_PREFIX_PATH=/home/oh/slam_ws/install/ros2_control_demo_description:/opt/ros/humble /usr/bin/cmake --install /home/oh/slam_ws/build/ros2_control_demo_example_11
