[0.145s] Invoking command in '/home/oh/slam_ws/build/teleop_twist_joy': CMAKE_PREFIX_PATH=${CMAKE_PREFIX_PATH}:/home/oh/slam_ws/install/ros2_aruco:/home/oh/slam_ws/install/my_tf_package:/home/oh/slam_ws/install/my_tf2_package:/home/oh/slam_ws/install/my_docking:/home/oh/slam_ws/install/my_aruco_to_goal_pose_pkg:/home/oh/slam_ws/install/escape_from_cart:/opt/ros/humble /usr/bin/cmake --build /home/oh/slam_ws/build/teleop_twist_joy -- -j8 -l8
[0.734s] [ 50%] Built target teleop_twist_joy
[1.041s] [100%] Built target teleop_twist_joy_node
[1.109s] Invoked command in '/home/oh/slam_ws/build/teleop_twist_joy' returned '0': CMAKE_PREFIX_PATH=${CMAKE_PREFIX_PATH}:/home/oh/slam_ws/install/ros2_aruco:/home/oh/slam_ws/install/my_tf_package:/home/oh/slam_ws/install/my_tf2_package:/home/oh/slam_ws/install/my_docking:/home/oh/slam_ws/install/my_aruco_to_goal_pose_pkg:/home/oh/slam_ws/install/escape_from_cart:/opt/ros/humble /usr/bin/cmake --build /home/oh/slam_ws/build/teleop_twist_joy -- -j8 -l8
[1.613s] Invoking command in '/home/oh/slam_ws/build/teleop_twist_joy': CMAKE_PREFIX_PATH=${CMAKE_PREFIX_PATH}:/home/oh/slam_ws/install/ros2_aruco:/home/oh/slam_ws/install/my_tf_package:/home/oh/slam_ws/install/my_tf2_package:/home/oh/slam_ws/install/my_docking:/home/oh/slam_ws/install/my_aruco_to_goal_pose_pkg:/home/oh/slam_ws/install/escape_from_cart:/opt/ros/humble /usr/bin/cmake --install /home/oh/slam_ws/build/teleop_twist_joy
[4.799s] -- Install configuration: ""
[4.799s] -- Up-to-date: /home/oh/slam_ws/install/teleop_twist_joy/lib/libteleop_twist_joy.so
[4.800s] -- Up-to-date: /home/oh/slam_ws/install/teleop_twist_joy/lib/teleop_twist_joy/teleop_node
[4.800s] -- Up-to-date: /home/oh/slam_ws/install/teleop_twist_joy/include/teleop_twist_joy
[4.800s] -- Up-to-date: /home/oh/slam_ws/install/teleop_twist_joy/include/teleop_twist_joy/teleop_twist_joy
[4.800s] -- Up-to-date: /home/oh/slam_ws/install/teleop_twist_joy/include/teleop_twist_joy/teleop_twist_joy/teleop_twist_joy.hpp
[4.800s] -- Up-to-date: /home/oh/slam_ws/install/teleop_twist_joy/include/teleop_twist_joy/teleop_twist_joy/teleop_twist_joy_export.h
[4.801s] -- Up-to-date: /home/oh/slam_ws/install/teleop_twist_joy/share/teleop_twist_joy/launch
[4.801s] -- Up-to-date: /home/oh/slam_ws/install/teleop_twist_joy/share/teleop_twist_joy/launch/teleop-launch.py
[4.801s] -- Up-to-date: /home/oh/slam_ws/install/teleop_twist_joy/share/teleop_twist_joy/config
[4.801s] -- Up-to-date: /home/oh/slam_ws/install/teleop_twist_joy/share/teleop_twist_joy/config/atk3.config.yaml
[4.801s] -- Up-to-date: /home/oh/slam_ws/install/teleop_twist_joy/share/teleop_twist_joy/config/ps3.config.yaml
[4.802s] -- Up-to-date: /home/oh/slam_ws/install/teleop_twist_joy/share/teleop_twist_joy/config/ps3-holonomic.config.yaml
[4.802s] -- Up-to-date: /home/oh/slam_ws/install/teleop_twist_joy/share/teleop_twist_joy/config/xd3.config.yaml
[4.802s] -- Up-to-date: /home/oh/slam_ws/install/teleop_twist_joy/share/teleop_twist_joy/config/xbox.config.yaml
[4.802s] -- Up-to-date: /home/oh/slam_ws/install/teleop_twist_joy/share/teleop_twist_joy/environment/library_path.sh
[4.802s] -- Up-to-date: /home/oh/slam_ws/install/teleop_twist_joy/share/teleop_twist_joy/environment/library_path.dsv
[4.803s] -- Up-to-date: /home/oh/slam_ws/install/teleop_twist_joy/share/ament_index/resource_index/package_run_dependencies/teleop_twist_joy
[4.803s] -- Up-to-date: /home/oh/slam_ws/install/teleop_twist_joy/share/ament_index/resource_index/parent_prefix_path/teleop_twist_joy
[4.803s] -- Up-to-date: /home/oh/slam_ws/install/teleop_twist_joy/share/teleop_twist_joy/environment/ament_prefix_path.sh
[4.803s] -- Up-to-date: /home/oh/slam_ws/install/teleop_twist_joy/share/teleop_twist_joy/environment/ament_prefix_path.dsv
[4.803s] -- Up-to-date: /home/oh/slam_ws/install/teleop_twist_joy/share/teleop_twist_joy/environment/path.sh
[4.804s] -- Up-to-date: /home/oh/slam_ws/install/teleop_twist_joy/share/teleop_twist_joy/environment/path.dsv
[4.804s] -- Up-to-date: /home/oh/slam_ws/install/teleop_twist_joy/share/teleop_twist_joy/local_setup.bash
[4.804s] -- Up-to-date: /home/oh/slam_ws/install/teleop_twist_joy/share/teleop_twist_joy/local_setup.sh
[4.804s] -- Up-to-date: /home/oh/slam_ws/install/teleop_twist_joy/share/teleop_twist_joy/local_setup.zsh
[4.804s] -- Up-to-date: /home/oh/slam_ws/install/teleop_twist_joy/share/teleop_twist_joy/local_setup.dsv
[4.805s] -- Installing: /home/oh/slam_ws/install/teleop_twist_joy/share/teleop_twist_joy/package.dsv
[4.805s] -- Up-to-date: /home/oh/slam_ws/install/teleop_twist_joy/share/ament_index/resource_index/packages/teleop_twist_joy
[4.805s] -- Up-to-date: /home/oh/slam_ws/install/teleop_twist_joy/share/ament_index/resource_index/rclcpp_components/teleop_twist_joy
[4.805s] -- Up-to-date: /home/oh/slam_ws/install/teleop_twist_joy/share/teleop_twist_joy/cmake/export_teleop_twist_joyExport.cmake
[4.805s] -- Up-to-date: /home/oh/slam_ws/install/teleop_twist_joy/share/teleop_twist_joy/cmake/export_teleop_twist_joyExport-noconfig.cmake
[4.806s] -- Up-to-date: /home/oh/slam_ws/install/teleop_twist_joy/share/teleop_twist_joy/cmake/ament_cmake_export_include_directories-extras.cmake
[4.806s] -- Up-to-date: /home/oh/slam_ws/install/teleop_twist_joy/share/teleop_twist_joy/cmake/ament_cmake_export_libraries-extras.cmake
[4.806s] -- Up-to-date: /home/oh/slam_ws/install/teleop_twist_joy/share/teleop_twist_joy/cmake/ament_cmake_export_targets-extras.cmake
[4.807s] -- Up-to-date: /home/oh/slam_ws/install/teleop_twist_joy/share/teleop_twist_joy/cmake/teleop_twist_joyConfig.cmake
[4.807s] -- Up-to-date: /home/oh/slam_ws/install/teleop_twist_joy/share/teleop_twist_joy/cmake/teleop_twist_joyConfig-version.cmake
[4.807s] -- Up-to-date: /home/oh/slam_ws/install/teleop_twist_joy/share/teleop_twist_joy/package.xml
[4.874s] Invoked command in '/home/oh/slam_ws/build/teleop_twist_joy' returned '0': CMAKE_PREFIX_PATH=${CMAKE_PREFIX_PATH}:/home/oh/slam_ws/install/ros2_aruco:/home/oh/slam_ws/install/my_tf_package:/home/oh/slam_ws/install/my_tf2_package:/home/oh/slam_ws/install/my_docking:/home/oh/slam_ws/install/my_aruco_to_goal_pose_pkg:/home/oh/slam_ws/install/escape_from_cart:/opt/ros/humble /usr/bin/cmake --install /home/oh/slam_ws/build/teleop_twist_joy
