[0.646s] Invoking command in '/home/oh/slam_ws/src/my_tf_package': PYTHONPATH=/home/oh/slam_ws/build/my_tf_package/prefix_override:/home/oh/slam_ws/install/my_tf_package/lib/python3.10/site-packages:${PYTHONPATH} /usr/bin/python3 -W ignore:setup.py install is deprecated setup.py egg_info --egg-base ../../build/my_tf_package build --build-base /home/oh/slam_ws/build/my_tf_package/build install --record /home/oh/slam_ws/build/my_tf_package/install.log --single-version-externally-managed install_data
[0.849s] running egg_info
[0.850s] writing ../../build/my_tf_package/my_tf_package.egg-info/PKG-INFO
[0.850s] writing dependency_links to ../../build/my_tf_package/my_tf_package.egg-info/dependency_links.txt
[0.850s] writing entry points to ../../build/my_tf_package/my_tf_package.egg-info/entry_points.txt
[0.850s] writing requirements to ../../build/my_tf_package/my_tf_package.egg-info/requires.txt
[0.850s] writing top-level names to ../../build/my_tf_package/my_tf_package.egg-info/top_level.txt
[0.851s] reading manifest file '../../build/my_tf_package/my_tf_package.egg-info/SOURCES.txt'
[0.853s] writing manifest file '../../build/my_tf_package/my_tf_package.egg-info/SOURCES.txt'
[0.853s] running build
[0.853s] running build_py
[0.854s] running install
[0.854s] running install_lib
[0.855s] running install_data
[0.855s] running install_egg_info
[0.856s] removing '/home/oh/slam_ws/install/my_tf_package/lib/python3.10/site-packages/my_tf_package-0.0.0-py3.10.egg-info' (and everything under it)
[0.857s] Copying ../../build/my_tf_package/my_tf_package.egg-info to /home/oh/slam_ws/install/my_tf_package/lib/python3.10/site-packages/my_tf_package-0.0.0-py3.10.egg-info
[0.857s] running install_scripts
[0.871s] Installing my_tf2_broadcaster script to /home/oh/slam_ws/install/my_tf_package/lib/my_tf_package
[0.871s] writing list of installed files to '/home/oh/slam_ws/build/my_tf_package/install.log'
[0.912s] Invoked command in '/home/oh/slam_ws/src/my_tf_package' returned '0': PYTHONPATH=/home/oh/slam_ws/build/my_tf_package/prefix_override:/home/oh/slam_ws/install/my_tf_package/lib/python3.10/site-packages:${PYTHONPATH} /usr/bin/python3 -W ignore:setup.py install is deprecated setup.py egg_info --egg-base ../../build/my_tf_package build --build-base /home/oh/slam_ws/build/my_tf_package/build install --record /home/oh/slam_ws/build/my_tf_package/install.log --single-version-externally-managed install_data
