[0.066s] Invoking command in '/home/oh/slam_ws/src/build/realsense2_description': AMENT_PREFIX_PATH=/home/oh/slam_ws/src/install/realsense2_camera_msgs:${AMENT_PREFIX_PATH} CMAKE_PREFIX_PATH=/home/oh/slam_ws/src/install/realsense2_camera_msgs:/home/oh/slam_ws/install/usb_cam:/home/oh/slam_ws/install/teleop_twist_joy:/home/oh/slam_ws/install/ros2_control_demos:/home/oh/slam_ws/install/ros2_control_demo_example_9:/home/oh/slam_ws/install/ros2_control_demo_example_8:/home/oh/slam_ws/install/ros2_control_demo_example_7:/home/oh/slam_ws/install/ros2_control_demo_example_6:/home/oh/slam_ws/install/ros2_control_demo_example_5:/home/oh/slam_ws/install/ros2_control_demo_example_4:/home/oh/slam_ws/install/ros2_control_demo_example_3:/home/oh/slam_ws/install/ros2_control_demo_example_2:/home/oh/slam_ws/install/ros2_control_demo_example_14:/home/oh/slam_ws/install/ros2_control_demo_example_12:/home/oh/slam_ws/install/ros2_control_demo_example_11:/home/oh/slam_ws/install/ros2_control_demo_example_10:/home/oh/slam_ws/install/ros2_control_demo_example_1:/home/oh/slam_ws/install/odrive_ros2_control:/home/oh/slam_ws/install/odrive_demo_bringup:/home/oh/slam_ws/install/odrive_demo_description:/home/oh/slam_ws/install/ros2_control_demo_description:/home/oh/slam_ws/install/ros2_aruco_interfaces:/home/oh/slam_ws/install/realsense2_description:/home/oh/slam_ws/install/realsense2_camera:/home/oh/slam_ws/install/realsense2_camera_msgs:/home/oh/slam_ws/install/odrive_hardware_interface:/home/oh/slam_ws/install/my_slam_package:/home/oh/slam_ws/install/my_bot_description:/home/oh/slam_ws/install/my_action_interface:/home/oh/slam_ws/install/ros2_aruco:/home/oh/slam_ws/install/my_tf_package:/home/oh/slam_ws/install/my_tf2_package:/home/oh/slam_ws/install/my_docking:/home/oh/slam_ws/install/my_aruco_to_goal_pose_pkg:/home/oh/slam_ws/install/escape_from_cart:/opt/ros/humble LD_LIBRARY_PATH=/home/oh/slam_ws/src/install/realsense2_camera_msgs/lib:${LD_LIBRARY_PATH} PYTHONPATH=/home/oh/slam_ws/src/install/realsense2_camera_msgs/local/lib/python3.10/dist-packages:${PYTHONPATH} /usr/bin/cmake /home/oh/slam_ws/src/realsense-ros/realsense2_description -DCMAKE_INSTALL_PREFIX=/home/oh/slam_ws/src/install/realsense2_description
[4.522s] -- The C compiler identification is GNU 11.4.0
[4.523s] -- The CXX compiler identification is GNU 11.4.0
[4.523s] -- Detecting C compiler ABI info
[4.523s] -- Detecting C compiler ABI info - done
[4.523s] -- Check for working C compiler: /usr/bin/cc - skipped
[4.523s] -- Detecting C compile features
[4.524s] -- Detecting C compile features - done
[4.524s] -- Detecting CXX compiler ABI info
[4.524s] -- Detecting CXX compiler ABI info - done
[4.524s] -- Check for working CXX compiler: /usr/bin/c++ - skipped
[4.524s] -- Detecting CXX compile features
[4.524s] -- Detecting CXX compile features - done
[4.524s] -- Found ament_cmake: 1.3.8 (/opt/ros/humble/share/ament_cmake/cmake)
[4.524s] -- Found Python3: /usr/bin/python3 (found version "3.10.12") found components: Interpreter 
[4.524s] -- Configuring done
[4.524s] -- Generating done
[4.524s] -- Build files have been written to: /home/oh/slam_ws/src/build/realsense2_description
[4.537s] Invoked command in '/home/oh/slam_ws/src/build/realsense2_description' returned '0': AMENT_PREFIX_PATH=/home/oh/slam_ws/src/install/realsense2_camera_msgs:${AMENT_PREFIX_PATH} CMAKE_PREFIX_PATH=/home/oh/slam_ws/src/install/realsense2_camera_msgs:/home/oh/slam_ws/install/usb_cam:/home/oh/slam_ws/install/teleop_twist_joy:/home/oh/slam_ws/install/ros2_control_demos:/home/oh/slam_ws/install/ros2_control_demo_example_9:/home/oh/slam_ws/install/ros2_control_demo_example_8:/home/oh/slam_ws/install/ros2_control_demo_example_7:/home/oh/slam_ws/install/ros2_control_demo_example_6:/home/oh/slam_ws/install/ros2_control_demo_example_5:/home/oh/slam_ws/install/ros2_control_demo_example_4:/home/oh/slam_ws/install/ros2_control_demo_example_3:/home/oh/slam_ws/install/ros2_control_demo_example_2:/home/oh/slam_ws/install/ros2_control_demo_example_14:/home/oh/slam_ws/install/ros2_control_demo_example_12:/home/oh/slam_ws/install/ros2_control_demo_example_11:/home/oh/slam_ws/install/ros2_control_demo_example_10:/home/oh/slam_ws/install/ros2_control_demo_example_1:/home/oh/slam_ws/install/odrive_ros2_control:/home/oh/slam_ws/install/odrive_demo_bringup:/home/oh/slam_ws/install/odrive_demo_description:/home/oh/slam_ws/install/ros2_control_demo_description:/home/oh/slam_ws/install/ros2_aruco_interfaces:/home/oh/slam_ws/install/realsense2_description:/home/oh/slam_ws/install/realsense2_camera:/home/oh/slam_ws/install/realsense2_camera_msgs:/home/oh/slam_ws/install/odrive_hardware_interface:/home/oh/slam_ws/install/my_slam_package:/home/oh/slam_ws/install/my_bot_description:/home/oh/slam_ws/install/my_action_interface:/home/oh/slam_ws/install/ros2_aruco:/home/oh/slam_ws/install/my_tf_package:/home/oh/slam_ws/install/my_tf2_package:/home/oh/slam_ws/install/my_docking:/home/oh/slam_ws/install/my_aruco_to_goal_pose_pkg:/home/oh/slam_ws/install/escape_from_cart:/opt/ros/humble LD_LIBRARY_PATH=/home/oh/slam_ws/src/install/realsense2_camera_msgs/lib:${LD_LIBRARY_PATH} PYTHONPATH=/home/oh/slam_ws/src/install/realsense2_camera_msgs/local/lib/python3.10/dist-packages:${PYTHONPATH} /usr/bin/cmake /home/oh/slam_ws/src/realsense-ros/realsense2_description -DCMAKE_INSTALL_PREFIX=/home/oh/slam_ws/src/install/realsense2_description
[4.538s] Invoking command in '/home/oh/slam_ws/src/build/realsense2_description': AMENT_PREFIX_PATH=/home/oh/slam_ws/src/install/realsense2_camera_msgs:${AMENT_PREFIX_PATH} CMAKE_PREFIX_PATH=/home/oh/slam_ws/src/install/realsense2_camera_msgs:/home/oh/slam_ws/install/usb_cam:/home/oh/slam_ws/install/teleop_twist_joy:/home/oh/slam_ws/install/ros2_control_demos:/home/oh/slam_ws/install/ros2_control_demo_example_9:/home/oh/slam_ws/install/ros2_control_demo_example_8:/home/oh/slam_ws/install/ros2_control_demo_example_7:/home/oh/slam_ws/install/ros2_control_demo_example_6:/home/oh/slam_ws/install/ros2_control_demo_example_5:/home/oh/slam_ws/install/ros2_control_demo_example_4:/home/oh/slam_ws/install/ros2_control_demo_example_3:/home/oh/slam_ws/install/ros2_control_demo_example_2:/home/oh/slam_ws/install/ros2_control_demo_example_14:/home/oh/slam_ws/install/ros2_control_demo_example_12:/home/oh/slam_ws/install/ros2_control_demo_example_11:/home/oh/slam_ws/install/ros2_control_demo_example_10:/home/oh/slam_ws/install/ros2_control_demo_example_1:/home/oh/slam_ws/install/odrive_ros2_control:/home/oh/slam_ws/install/odrive_demo_bringup:/home/oh/slam_ws/install/odrive_demo_description:/home/oh/slam_ws/install/ros2_control_demo_description:/home/oh/slam_ws/install/ros2_aruco_interfaces:/home/oh/slam_ws/install/realsense2_description:/home/oh/slam_ws/install/realsense2_camera:/home/oh/slam_ws/install/realsense2_camera_msgs:/home/oh/slam_ws/install/odrive_hardware_interface:/home/oh/slam_ws/install/my_slam_package:/home/oh/slam_ws/install/my_bot_description:/home/oh/slam_ws/install/my_action_interface:/home/oh/slam_ws/install/ros2_aruco:/home/oh/slam_ws/install/my_tf_package:/home/oh/slam_ws/install/my_tf2_package:/home/oh/slam_ws/install/my_docking:/home/oh/slam_ws/install/my_aruco_to_goal_pose_pkg:/home/oh/slam_ws/install/escape_from_cart:/opt/ros/humble LD_LIBRARY_PATH=/home/oh/slam_ws/src/install/realsense2_camera_msgs/lib:${LD_LIBRARY_PATH} PYTHONPATH=/home/oh/slam_ws/src/install/realsense2_camera_msgs/local/lib/python3.10/dist-packages:${PYTHONPATH} /usr/bin/cmake --build /home/oh/slam_ws/src/build/realsense2_description -- -j8 -l8
[4.621s] Invoked command in '/home/oh/slam_ws/src/build/realsense2_description' returned '0': AMENT_PREFIX_PATH=/home/oh/slam_ws/src/install/realsense2_camera_msgs:${AMENT_PREFIX_PATH} CMAKE_PREFIX_PATH=/home/oh/slam_ws/src/install/realsense2_camera_msgs:/home/oh/slam_ws/install/usb_cam:/home/oh/slam_ws/install/teleop_twist_joy:/home/oh/slam_ws/install/ros2_control_demos:/home/oh/slam_ws/install/ros2_control_demo_example_9:/home/oh/slam_ws/install/ros2_control_demo_example_8:/home/oh/slam_ws/install/ros2_control_demo_example_7:/home/oh/slam_ws/install/ros2_control_demo_example_6:/home/oh/slam_ws/install/ros2_control_demo_example_5:/home/oh/slam_ws/install/ros2_control_demo_example_4:/home/oh/slam_ws/install/ros2_control_demo_example_3:/home/oh/slam_ws/install/ros2_control_demo_example_2:/home/oh/slam_ws/install/ros2_control_demo_example_14:/home/oh/slam_ws/install/ros2_control_demo_example_12:/home/oh/slam_ws/install/ros2_control_demo_example_11:/home/oh/slam_ws/install/ros2_control_demo_example_10:/home/oh/slam_ws/install/ros2_control_demo_example_1:/home/oh/slam_ws/install/odrive_ros2_control:/home/oh/slam_ws/install/odrive_demo_bringup:/home/oh/slam_ws/install/odrive_demo_description:/home/oh/slam_ws/install/ros2_control_demo_description:/home/oh/slam_ws/install/ros2_aruco_interfaces:/home/oh/slam_ws/install/realsense2_description:/home/oh/slam_ws/install/realsense2_camera:/home/oh/slam_ws/install/realsense2_camera_msgs:/home/oh/slam_ws/install/odrive_hardware_interface:/home/oh/slam_ws/install/my_slam_package:/home/oh/slam_ws/install/my_bot_description:/home/oh/slam_ws/install/my_action_interface:/home/oh/slam_ws/install/ros2_aruco:/home/oh/slam_ws/install/my_tf_package:/home/oh/slam_ws/install/my_tf2_package:/home/oh/slam_ws/install/my_docking:/home/oh/slam_ws/install/my_aruco_to_goal_pose_pkg:/home/oh/slam_ws/install/escape_from_cart:/opt/ros/humble LD_LIBRARY_PATH=/home/oh/slam_ws/src/install/realsense2_camera_msgs/lib:${LD_LIBRARY_PATH} PYTHONPATH=/home/oh/slam_ws/src/install/realsense2_camera_msgs/local/lib/python3.10/dist-packages:${PYTHONPATH} /usr/bin/cmake --build /home/oh/slam_ws/src/build/realsense2_description -- -j8 -l8
[4.692s] Invoking command in '/home/oh/slam_ws/src/build/realsense2_description': AMENT_PREFIX_PATH=/home/oh/slam_ws/src/install/realsense2_camera_msgs:${AMENT_PREFIX_PATH} CMAKE_PREFIX_PATH=/home/oh/slam_ws/src/install/realsense2_camera_msgs:/home/oh/slam_ws/install/usb_cam:/home/oh/slam_ws/install/teleop_twist_joy:/home/oh/slam_ws/install/ros2_control_demos:/home/oh/slam_ws/install/ros2_control_demo_example_9:/home/oh/slam_ws/install/ros2_control_demo_example_8:/home/oh/slam_ws/install/ros2_control_demo_example_7:/home/oh/slam_ws/install/ros2_control_demo_example_6:/home/oh/slam_ws/install/ros2_control_demo_example_5:/home/oh/slam_ws/install/ros2_control_demo_example_4:/home/oh/slam_ws/install/ros2_control_demo_example_3:/home/oh/slam_ws/install/ros2_control_demo_example_2:/home/oh/slam_ws/install/ros2_control_demo_example_14:/home/oh/slam_ws/install/ros2_control_demo_example_12:/home/oh/slam_ws/install/ros2_control_demo_example_11:/home/oh/slam_ws/install/ros2_control_demo_example_10:/home/oh/slam_ws/install/ros2_control_demo_example_1:/home/oh/slam_ws/install/odrive_ros2_control:/home/oh/slam_ws/install/odrive_demo_bringup:/home/oh/slam_ws/install/odrive_demo_description:/home/oh/slam_ws/install/ros2_control_demo_description:/home/oh/slam_ws/install/ros2_aruco_interfaces:/home/oh/slam_ws/install/realsense2_description:/home/oh/slam_ws/install/realsense2_camera:/home/oh/slam_ws/install/realsense2_camera_msgs:/home/oh/slam_ws/install/odrive_hardware_interface:/home/oh/slam_ws/install/my_slam_package:/home/oh/slam_ws/install/my_bot_description:/home/oh/slam_ws/install/my_action_interface:/home/oh/slam_ws/install/ros2_aruco:/home/oh/slam_ws/install/my_tf_package:/home/oh/slam_ws/install/my_tf2_package:/home/oh/slam_ws/install/my_docking:/home/oh/slam_ws/install/my_aruco_to_goal_pose_pkg:/home/oh/slam_ws/install/escape_from_cart:/opt/ros/humble LD_LIBRARY_PATH=/home/oh/slam_ws/src/install/realsense2_camera_msgs/lib:${LD_LIBRARY_PATH} PYTHONPATH=/home/oh/slam_ws/src/install/realsense2_camera_msgs/local/lib/python3.10/dist-packages:${PYTHONPATH} /usr/bin/cmake --install /home/oh/slam_ws/src/build/realsense2_description
[4.705s] -- Install configuration: ""
[4.705s] -- Installing: /home/oh/slam_ws/src/install/realsense2_description/share/realsense2_description/launch
[4.705s] -- Installing: /home/oh/slam_ws/src/install/realsense2_description/share/realsense2_description/launch/launch_utils.py
[4.706s] -- Installing: /home/oh/slam_ws/src/install/realsense2_description/share/realsense2_description/launch/view_model.launch.py
[4.706s] -- Installing: /home/oh/slam_ws/src/install/realsense2_description/share/realsense2_description/meshes
[4.706s] -- Installing: /home/oh/slam_ws/src/install/realsense2_description/share/realsense2_description/meshes/d415.stl
[4.729s] -- Installing: /home/oh/slam_ws/src/install/realsense2_description/share/realsense2_description/meshes/d405.stl
[4.729s] -- Installing: /home/oh/slam_ws/src/install/realsense2_description/share/realsense2_description/meshes/d455.stl
[4.732s] -- Installing: /home/oh/slam_ws/src/install/realsense2_description/share/realsense2_description/meshes/d435.dae
[4.748s] -- Installing: /home/oh/slam_ws/src/install/realsense2_description/share/realsense2_description/meshes/plug.stl
[4.748s] -- Installing: /home/oh/slam_ws/src/install/realsense2_description/share/realsense2_description/meshes/l515.dae
[4.782s] -- Installing: /home/oh/slam_ws/src/install/realsense2_description/share/realsense2_description/meshes/plug_collision.stl
[4.783s] -- Installing: /home/oh/slam_ws/src/install/realsense2_description/share/realsense2_description/rviz
[4.783s] -- Installing: /home/oh/slam_ws/src/install/realsense2_description/share/realsense2_description/rviz/urdf.rviz
[4.783s] -- Installing: /home/oh/slam_ws/src/install/realsense2_description/share/realsense2_description/urdf
[4.783s] -- Installing: /home/oh/slam_ws/src/install/realsense2_description/share/realsense2_description/urdf/test_r410_camera.urdf.xacro
[4.783s] -- Installing: /home/oh/slam_ws/src/install/realsense2_description/share/realsense2_description/urdf/_d435i.urdf.xacro
[4.783s] -- Installing: /home/oh/slam_ws/src/install/realsense2_description/share/realsense2_description/urdf/test_d405_camera.urdf.xacro
[4.783s] -- Installing: /home/oh/slam_ws/src/install/realsense2_description/share/realsense2_description/urdf/test_d435i_camera.urdf.xacro
[4.783s] -- Installing: /home/oh/slam_ws/src/install/realsense2_description/share/realsense2_description/urdf/_d415.urdf.xacro
[4.783s] -- Installing: /home/oh/slam_ws/src/install/realsense2_description/share/realsense2_description/urdf/_d435i_imu_modules.urdf.xacro
[4.783s] -- Installing: /home/oh/slam_ws/src/install/realsense2_description/share/realsense2_description/urdf/_r430.urdf.xacro
[4.784s] -- Installing: /home/oh/slam_ws/src/install/realsense2_description/share/realsense2_description/urdf/_usb_plug.urdf.xacro
[4.784s] -- Installing: /home/oh/slam_ws/src/install/realsense2_description/share/realsense2_description/urdf/_materials.urdf.xacro
[4.784s] -- Installing: /home/oh/slam_ws/src/install/realsense2_description/share/realsense2_description/urdf/test_d415_camera.urdf.xacro
[4.784s] -- Installing: /home/oh/slam_ws/src/install/realsense2_description/share/realsense2_description/urdf/test_d435_multiple_cameras.urdf.xacro
[4.784s] -- Installing: /home/oh/slam_ws/src/install/realsense2_description/share/realsense2_description/urdf/_d455.urdf.xacro
[4.784s] -- Installing: /home/oh/slam_ws/src/install/realsense2_description/share/realsense2_description/urdf/_d435.urdf.xacro
[4.784s] -- Installing: /home/oh/slam_ws/src/install/realsense2_description/share/realsense2_description/urdf/test_d435_camera.urdf.xacro
[4.784s] -- Installing: /home/oh/slam_ws/src/install/realsense2_description/share/realsense2_description/urdf/test_r430_camera.urdf.xacro
[4.785s] -- Installing: /home/oh/slam_ws/src/install/realsense2_description/share/realsense2_description/urdf/test_d455_camera.urdf.xacro
[4.785s] -- Installing: /home/oh/slam_ws/src/install/realsense2_description/share/realsense2_description/urdf/_d405.urdf.xacro
[4.785s] -- Installing: /home/oh/slam_ws/src/install/realsense2_description/share/realsense2_description/urdf/_r410.urdf.xacro
[4.785s] -- Installing: /home/oh/slam_ws/src/install/realsense2_description/share/ament_index/resource_index/package_run_dependencies/realsense2_description
[4.785s] -- Installing: /home/oh/slam_ws/src/install/realsense2_description/share/ament_index/resource_index/parent_prefix_path/realsense2_description
[4.785s] -- Installing: /home/oh/slam_ws/src/install/realsense2_description/share/realsense2_description/environment/ament_prefix_path.sh
[4.785s] -- Installing: /home/oh/slam_ws/src/install/realsense2_description/share/realsense2_description/environment/ament_prefix_path.dsv
[4.785s] -- Installing: /home/oh/slam_ws/src/install/realsense2_description/share/realsense2_description/environment/path.sh
[4.785s] -- Installing: /home/oh/slam_ws/src/install/realsense2_description/share/realsense2_description/environment/path.dsv
[4.785s] -- Installing: /home/oh/slam_ws/src/install/realsense2_description/share/realsense2_description/local_setup.bash
[4.786s] -- Installing: /home/oh/slam_ws/src/install/realsense2_description/share/realsense2_description/local_setup.sh
[4.786s] -- Installing: /home/oh/slam_ws/src/install/realsense2_description/share/realsense2_description/local_setup.zsh
[4.786s] -- Installing: /home/oh/slam_ws/src/install/realsense2_description/share/realsense2_description/local_setup.dsv
[4.786s] -- Installing: /home/oh/slam_ws/src/install/realsense2_description/share/realsense2_description/package.dsv
[4.786s] -- Installing: /home/oh/slam_ws/src/install/realsense2_description/share/ament_index/resource_index/packages/realsense2_description
[4.786s] -- Installing: /home/oh/slam_ws/src/install/realsense2_description/share/realsense2_description/cmake/realsense2_descriptionConfig.cmake
[4.786s] -- Installing: /home/oh/slam_ws/src/install/realsense2_description/share/realsense2_description/cmake/realsense2_descriptionConfig-version.cmake
[4.786s] -- Installing: /home/oh/slam_ws/src/install/realsense2_description/share/realsense2_description/package.xml
[4.798s] Invoked command in '/home/oh/slam_ws/src/build/realsense2_description' returned '0': AMENT_PREFIX_PATH=/home/oh/slam_ws/src/install/realsense2_camera_msgs:${AMENT_PREFIX_PATH} CMAKE_PREFIX_PATH=/home/oh/slam_ws/src/install/realsense2_camera_msgs:/home/oh/slam_ws/install/usb_cam:/home/oh/slam_ws/install/teleop_twist_joy:/home/oh/slam_ws/install/ros2_control_demos:/home/oh/slam_ws/install/ros2_control_demo_example_9:/home/oh/slam_ws/install/ros2_control_demo_example_8:/home/oh/slam_ws/install/ros2_control_demo_example_7:/home/oh/slam_ws/install/ros2_control_demo_example_6:/home/oh/slam_ws/install/ros2_control_demo_example_5:/home/oh/slam_ws/install/ros2_control_demo_example_4:/home/oh/slam_ws/install/ros2_control_demo_example_3:/home/oh/slam_ws/install/ros2_control_demo_example_2:/home/oh/slam_ws/install/ros2_control_demo_example_14:/home/oh/slam_ws/install/ros2_control_demo_example_12:/home/oh/slam_ws/install/ros2_control_demo_example_11:/home/oh/slam_ws/install/ros2_control_demo_example_10:/home/oh/slam_ws/install/ros2_control_demo_example_1:/home/oh/slam_ws/install/odrive_ros2_control:/home/oh/slam_ws/install/odrive_demo_bringup:/home/oh/slam_ws/install/odrive_demo_description:/home/oh/slam_ws/install/ros2_control_demo_description:/home/oh/slam_ws/install/ros2_aruco_interfaces:/home/oh/slam_ws/install/realsense2_description:/home/oh/slam_ws/install/realsense2_camera:/home/oh/slam_ws/install/realsense2_camera_msgs:/home/oh/slam_ws/install/odrive_hardware_interface:/home/oh/slam_ws/install/my_slam_package:/home/oh/slam_ws/install/my_bot_description:/home/oh/slam_ws/install/my_action_interface:/home/oh/slam_ws/install/ros2_aruco:/home/oh/slam_ws/install/my_tf_package:/home/oh/slam_ws/install/my_tf2_package:/home/oh/slam_ws/install/my_docking:/home/oh/slam_ws/install/my_aruco_to_goal_pose_pkg:/home/oh/slam_ws/install/escape_from_cart:/opt/ros/humble LD_LIBRARY_PATH=/home/oh/slam_ws/src/install/realsense2_camera_msgs/lib:${LD_LIBRARY_PATH} PYTHONPATH=/home/oh/slam_ws/src/install/realsense2_camera_msgs/local/lib/python3.10/dist-packages:${PYTHONPATH} /usr/bin/cmake --install /home/oh/slam_ws/src/build/realsense2_description
