[0.444s] Invoking command in '/home/oh/slam_ws/build/my_tf2_package': PYTHONPATH=/home/oh/slam_ws/build/my_tf2_package/prefix_override:/home/oh/slam_ws/install/my_tf2_package/lib/python3.10/site-packages:${PYTHONPATH} /usr/bin/python3 -W ignore:setup.py install is deprecated setup.py develop --uninstall --editable --build-directory /home/oh/slam_ws/build/my_tf2_package/build
[0.624s] running develop
[0.625s] /usr/lib/python3/dist-packages/setuptools/command/easy_install.py:158: EasyInstallDeprecationWarning: easy_install command is deprecated. Use build and pip and other standards-based tools.
[0.625s]   warnings.warn(
[0.744s] Removing /home/oh/slam_ws/install/my_tf2_package/lib/python3.10/site-packages/my-tf2-package.egg-link (link to .)
[0.765s] Invoked command in '/home/oh/slam_ws/build/my_tf2_package' returned '0': PYTHONPATH=/home/oh/slam_ws/build/my_tf2_package/prefix_override:/home/oh/slam_ws/install/my_tf2_package/lib/python3.10/site-packages:${PYTHONPATH} /usr/bin/python3 -W ignore:setup.py install is deprecated setup.py develop --uninstall --editable --build-directory /home/oh/slam_ws/build/my_tf2_package/build
[0.766s] Invoking command in '/home/oh/slam_ws/src/my_tf2_package': PYTHONPATH=/home/oh/slam_ws/build/my_tf2_package/prefix_override:/home/oh/slam_ws/install/my_tf2_package/lib/python3.10/site-packages:${PYTHONPATH} /usr/bin/python3 -W ignore:setup.py install is deprecated setup.py egg_info --egg-base ../../build/my_tf2_package build --build-base /home/oh/slam_ws/build/my_tf2_package/build install --record /home/oh/slam_ws/build/my_tf2_package/install.log --single-version-externally-managed install_data --force
[0.933s] running egg_info
[0.934s] writing ../../build/my_tf2_package/my_tf2_package.egg-info/PKG-INFO
[0.934s] writing dependency_links to ../../build/my_tf2_package/my_tf2_package.egg-info/dependency_links.txt
[0.934s] writing entry points to ../../build/my_tf2_package/my_tf2_package.egg-info/entry_points.txt
[0.934s] writing requirements to ../../build/my_tf2_package/my_tf2_package.egg-info/requires.txt
[0.934s] writing top-level names to ../../build/my_tf2_package/my_tf2_package.egg-info/top_level.txt
[0.935s] reading manifest file '../../build/my_tf2_package/my_tf2_package.egg-info/SOURCES.txt'
[0.936s] adding license file 'LICENSE'
[0.936s] writing manifest file '../../build/my_tf2_package/my_tf2_package.egg-info/SOURCES.txt'
[0.936s] running build
[0.936s] running build_py
[0.936s] copying my_tf2_package/my_static_cart_tf2_broadcaster.py -> /home/oh/slam_ws/build/my_tf2_package/build/lib/my_tf2_package
[0.936s] running install
[0.937s] running install_lib
[0.938s] creating /home/oh/slam_ws/install/my_tf2_package/lib/python3.10/site-packages/my_tf2_package
[0.938s] copying /home/oh/slam_ws/build/my_tf2_package/build/lib/my_tf2_package/my_static_cart_tf2_broadcaster.py -> /home/oh/slam_ws/install/my_tf2_package/lib/python3.10/site-packages/my_tf2_package
[0.938s] copying /home/oh/slam_ws/build/my_tf2_package/build/lib/my_tf2_package/__init__.py -> /home/oh/slam_ws/install/my_tf2_package/lib/python3.10/site-packages/my_tf2_package
[0.938s] byte-compiling /home/oh/slam_ws/install/my_tf2_package/lib/python3.10/site-packages/my_tf2_package/my_static_cart_tf2_broadcaster.py to my_static_cart_tf2_broadcaster.cpython-310.pyc
[0.939s] byte-compiling /home/oh/slam_ws/install/my_tf2_package/lib/python3.10/site-packages/my_tf2_package/__init__.py to __init__.cpython-310.pyc
[0.939s] running install_data
[0.939s] copying resource/my_tf2_package -> /home/oh/slam_ws/install/my_tf2_package/share/ament_index/resource_index/packages
[0.939s] copying package.xml -> /home/oh/slam_ws/install/my_tf2_package/share/my_tf2_package
[0.939s] running install_egg_info
[0.940s] Copying ../../build/my_tf2_package/my_tf2_package.egg-info to /home/oh/slam_ws/install/my_tf2_package/lib/python3.10/site-packages/my_tf2_package-0.0.0-py3.10.egg-info
[0.941s] running install_scripts
[0.954s] Installing my_static_cart_tf2_broadcaster script to /home/oh/slam_ws/install/my_tf2_package/lib/my_tf2_package
[0.955s] writing list of installed files to '/home/oh/slam_ws/build/my_tf2_package/install.log'
[0.972s] Invoked command in '/home/oh/slam_ws/src/my_tf2_package' returned '0': PYTHONPATH=/home/oh/slam_ws/build/my_tf2_package/prefix_override:/home/oh/slam_ws/install/my_tf2_package/lib/python3.10/site-packages:${PYTHONPATH} /usr/bin/python3 -W ignore:setup.py install is deprecated setup.py egg_info --egg-base ../../build/my_tf2_package build --build-base /home/oh/slam_ws/build/my_tf2_package/build install --record /home/oh/slam_ws/build/my_tf2_package/install.log --single-version-externally-managed install_data --force
