[0.763s] Invoking command in '/home/oh/slam_ws/src/ros2_aruco/ros2_aruco': PYTHONPATH=/home/oh/slam_ws/build/ros2_aruco/prefix_override:/home/oh/slam_ws/install/ros2_aruco/lib/python3.10/site-packages:${PYTHONPATH} /usr/bin/python3 -W ignore:setup.py install is deprecated setup.py egg_info --egg-base ../../../build/ros2_aruco build --build-base /home/oh/slam_ws/build/ros2_aruco/build install --record /home/oh/slam_ws/build/ros2_aruco/install.log --single-version-externally-managed install_data
[1.038s] running egg_info
[1.038s] writing ../../../build/ros2_aruco/ros2_aruco.egg-info/PKG-INFO
[1.038s] writing dependency_links to ../../../build/ros2_aruco/ros2_aruco.egg-info/dependency_links.txt
[1.039s] writing entry points to ../../../build/ros2_aruco/ros2_aruco.egg-info/entry_points.txt
[1.039s] writing requirements to ../../../build/ros2_aruco/ros2_aruco.egg-info/requires.txt
[1.039s] writing top-level names to ../../../build/ros2_aruco/ros2_aruco.egg-info/top_level.txt
[1.041s] reading manifest file '../../../build/ros2_aruco/ros2_aruco.egg-info/SOURCES.txt'
[1.042s] writing manifest file '../../../build/ros2_aruco/ros2_aruco.egg-info/SOURCES.txt'
[1.042s] running build
[1.042s] running build_py
[1.043s] running install
[1.044s] running install_lib
[1.045s] running install_data
[1.045s] running install_egg_info
[1.048s] removing '/home/oh/slam_ws/install/ros2_aruco/lib/python3.10/site-packages/ros2_aruco-0.1.0-py3.10.egg-info' (and everything under it)
[1.049s] Copying ../../../build/ros2_aruco/ros2_aruco.egg-info to /home/oh/slam_ws/install/ros2_aruco/lib/python3.10/site-packages/ros2_aruco-0.1.0-py3.10.egg-info
[1.049s] running install_scripts
[1.068s] Installing aruco_generate_marker script to /home/oh/slam_ws/install/ros2_aruco/lib/ros2_aruco
[1.068s] Installing aruco_node script to /home/oh/slam_ws/install/ros2_aruco/lib/ros2_aruco
[1.068s] writing list of installed files to '/home/oh/slam_ws/build/ros2_aruco/install.log'
[1.097s] Invoked command in '/home/oh/slam_ws/src/ros2_aruco/ros2_aruco' returned '0': PYTHONPATH=/home/oh/slam_ws/build/ros2_aruco/prefix_override:/home/oh/slam_ws/install/ros2_aruco/lib/python3.10/site-packages:${PYTHONPATH} /usr/bin/python3 -W ignore:setup.py install is deprecated setup.py egg_info --egg-base ../../../build/ros2_aruco build --build-base /home/oh/slam_ws/build/ros2_aruco/build install --record /home/oh/slam_ws/build/ros2_aruco/install.log --single-version-externally-managed install_data
