[0.139s] Invoking command in '/home/oh/slam_ws/build/my_bot_description': CMAKE_PREFIX_PATH=${CMAKE_PREFIX_PATH}:/home/oh/slam_ws/install/ros2_aruco:/home/oh/slam_ws/install/my_tf_package:/home/oh/slam_ws/install/my_tf2_package:/home/oh/slam_ws/install/my_docking:/home/oh/slam_ws/install/my_aruco_to_goal_pose_pkg:/home/oh/slam_ws/install/escape_from_cart:/opt/ros/humble /usr/bin/cmake --build /home/oh/slam_ws/build/my_bot_description -- -j8 -l8
[0.496s] Invoked command in '/home/oh/slam_ws/build/my_bot_description' returned '0': CMAKE_PREFIX_PATH=${CMAKE_PREFIX_PATH}:/home/oh/slam_ws/install/ros2_aruco:/home/oh/slam_ws/install/my_tf_package:/home/oh/slam_ws/install/my_tf2_package:/home/oh/slam_ws/install/my_docking:/home/oh/slam_ws/install/my_aruco_to_goal_pose_pkg:/home/oh/slam_ws/install/escape_from_cart:/opt/ros/humble /usr/bin/cmake --build /home/oh/slam_ws/build/my_bot_description -- -j8 -l8
[2.699s] Invoking command in '/home/oh/slam_ws/build/my_bot_description': CMAKE_PREFIX_PATH=${CMAKE_PREFIX_PATH}:/home/oh/slam_ws/install/ros2_aruco:/home/oh/slam_ws/install/my_tf_package:/home/oh/slam_ws/install/my_tf2_package:/home/oh/slam_ws/install/my_docking:/home/oh/slam_ws/install/my_aruco_to_goal_pose_pkg:/home/oh/slam_ws/install/escape_from_cart:/opt/ros/humble /usr/bin/cmake --install /home/oh/slam_ws/build/my_bot_description
[2.820s] -- Install configuration: ""
[2.821s] -- Up-to-date: /home/oh/slam_ws/install/my_bot_description/share/my_bot_description/urdf
[2.821s] -- Up-to-date: /home/oh/slam_ws/install/my_bot_description/share/my_bot_description/urdf/.vscode
[2.822s] -- Up-to-date: /home/oh/slam_ws/install/my_bot_description/share/my_bot_description/urdf/.vscode/settings.json
[2.822s] -- Up-to-date: /home/oh/slam_ws/install/my_bot_description/share/my_bot_description/urdf/.vscode/c_cpp_properties.json
[2.822s] -- Up-to-date: /home/oh/slam_ws/install/my_bot_description/share/my_bot_description/urdf/diffbot_description.urdf.xacro
[2.822s] -- Up-to-date: /home/oh/slam_ws/install/my_bot_description/share/my_bot_description/urdf/diffbot.materials.xacro
[2.822s] -- Up-to-date: /home/oh/slam_ws/install/my_bot_description/share/my_bot_description/rviz
[2.823s] -- Up-to-date: /home/oh/slam_ws/install/my_bot_description/share/my_bot_description/rviz/diffbot.rviz
[2.823s] -- Up-to-date: /home/oh/slam_ws/install/my_bot_description/share/my_bot_description/rviz/diffbot_view.rviz
[2.823s] -- Up-to-date: /home/oh/slam_ws/install/my_bot_description/share/ament_index/resource_index/package_run_dependencies/my_bot_description
[2.823s] -- Up-to-date: /home/oh/slam_ws/install/my_bot_description/share/ament_index/resource_index/parent_prefix_path/my_bot_description
[2.823s] -- Up-to-date: /home/oh/slam_ws/install/my_bot_description/share/my_bot_description/environment/ament_prefix_path.sh
[2.824s] -- Up-to-date: /home/oh/slam_ws/install/my_bot_description/share/my_bot_description/environment/ament_prefix_path.dsv
[2.824s] -- Up-to-date: /home/oh/slam_ws/install/my_bot_description/share/my_bot_description/environment/path.sh
[2.824s] -- Up-to-date: /home/oh/slam_ws/install/my_bot_description/share/my_bot_description/environment/path.dsv
[2.824s] -- Up-to-date: /home/oh/slam_ws/install/my_bot_description/share/my_bot_description/local_setup.bash
[2.824s] -- Up-to-date: /home/oh/slam_ws/install/my_bot_description/share/my_bot_description/local_setup.sh
[2.825s] -- Up-to-date: /home/oh/slam_ws/install/my_bot_description/share/my_bot_description/local_setup.zsh
[2.825s] -- Up-to-date: /home/oh/slam_ws/install/my_bot_description/share/my_bot_description/local_setup.dsv
[2.825s] -- Installing: /home/oh/slam_ws/install/my_bot_description/share/my_bot_description/package.dsv
[2.825s] -- Up-to-date: /home/oh/slam_ws/install/my_bot_description/share/ament_index/resource_index/packages/my_bot_description
[2.826s] -- Up-to-date: /home/oh/slam_ws/install/my_bot_description/share/my_bot_description/cmake/my_bot_descriptionConfig.cmake
[2.826s] -- Up-to-date: /home/oh/slam_ws/install/my_bot_description/share/my_bot_description/cmake/my_bot_descriptionConfig-version.cmake
[2.826s] -- Up-to-date: /home/oh/slam_ws/install/my_bot_description/share/my_bot_description/package.xml
[2.941s] Invoked command in '/home/oh/slam_ws/build/my_bot_description' returned '0': CMAKE_PREFIX_PATH=${CMAKE_PREFIX_PATH}:/home/oh/slam_ws/install/ros2_aruco:/home/oh/slam_ws/install/my_tf_package:/home/oh/slam_ws/install/my_tf2_package:/home/oh/slam_ws/install/my_docking:/home/oh/slam_ws/install/my_aruco_to_goal_pose_pkg:/home/oh/slam_ws/install/escape_from_cart:/opt/ros/humble /usr/bin/cmake --install /home/oh/slam_ws/build/my_bot_description
