[0.056s] Invoking command in '/home/oh/slam_ws/src/build/ros2_control_demo_example_4': AMENT_PREFIX_PATH=/home/oh/slam_ws/src/install/ros2_control_demo_description:${AMENT_PREFIX_PATH} CMAKE_PREFIX_PATH=/home/oh/slam_ws/src/install/ros2_control_demo_description:/home/oh/slam_ws/install/usb_cam:/home/oh/slam_ws/install/teleop_twist_joy:/home/oh/slam_ws/install/ros2_control_demos:/home/oh/slam_ws/install/ros2_control_demo_example_9:/home/oh/slam_ws/install/ros2_control_demo_example_8:/home/oh/slam_ws/install/ros2_control_demo_example_7:/home/oh/slam_ws/install/ros2_control_demo_example_6:/home/oh/slam_ws/install/ros2_control_demo_example_5:/home/oh/slam_ws/install/ros2_control_demo_example_4:/home/oh/slam_ws/install/ros2_control_demo_example_3:/home/oh/slam_ws/install/ros2_control_demo_example_2:/home/oh/slam_ws/install/ros2_control_demo_example_14:/home/oh/slam_ws/install/ros2_control_demo_example_12:/home/oh/slam_ws/install/ros2_control_demo_example_11:/home/oh/slam_ws/install/ros2_control_demo_example_10:/home/oh/slam_ws/install/ros2_control_demo_example_1:/home/oh/slam_ws/install/odrive_ros2_control:/home/oh/slam_ws/install/odrive_demo_bringup:/home/oh/slam_ws/install/odrive_demo_description:/home/oh/slam_ws/install/ros2_control_demo_description:/home/oh/slam_ws/install/ros2_aruco_interfaces:/home/oh/slam_ws/install/realsense2_description:/home/oh/slam_ws/install/realsense2_camera:/home/oh/slam_ws/install/realsense2_camera_msgs:/home/oh/slam_ws/install/odrive_hardware_interface:/home/oh/slam_ws/install/my_slam_package:/home/oh/slam_ws/install/my_bot_description:/home/oh/slam_ws/install/my_action_interface:/home/oh/slam_ws/install/ros2_aruco:/home/oh/slam_ws/install/my_tf_package:/home/oh/slam_ws/install/my_tf2_package:/home/oh/slam_ws/install/my_docking:/home/oh/slam_ws/install/my_aruco_to_goal_pose_pkg:/home/oh/slam_ws/install/escape_from_cart:/opt/ros/humble /usr/bin/cmake /home/oh/slam_ws/src/ros2_control_demos/example_4 -DCMAKE_INSTALL_PREFIX=/home/oh/slam_ws/src/install/ros2_control_demo_example_4
[1.584s] -- The CXX compiler identification is GNU 11.4.0
[1.584s] -- Detecting CXX compiler ABI info
[1.584s] -- Detecting CXX compiler ABI info - done
[1.584s] -- Check for working CXX compiler: /usr/bin/c++ - skipped
[1.584s] -- Detecting CXX compile features
[1.584s] -- Detecting CXX compile features - done
[1.584s] -- Found ament_cmake: 1.3.8 (/opt/ros/humble/share/ament_cmake/cmake)
[1.584s] -- Found Python3: /usr/bin/python3 (found version "3.10.12") found components: Interpreter 
[1.584s] -- Found hardware_interface: 2.40.0 (/opt/ros/humble/share/hardware_interface/cmake)
[1.585s] -- Found rosidl_generator_c: 3.1.5 (/opt/ros/humble/share/rosidl_generator_c/cmake)
[1.585s] -- Found rosidl_adapter: 3.1.5 (/opt/ros/humble/share/rosidl_adapter/cmake)
[1.585s] -- Found rosidl_generator_cpp: 3.1.5 (/opt/ros/humble/share/rosidl_generator_cpp/cmake)
[1.585s] -- Using all available rosidl_typesupport_c: rosidl_typesupport_fastrtps_c;rosidl_typesupport_introspection_c
[1.585s] -- Using all available rosidl_typesupport_cpp: rosidl_typesupport_fastrtps_cpp;rosidl_typesupport_introspection_cpp
[2.337s] -- Found rmw_implementation_cmake: 6.1.1 (/opt/ros/humble/share/rmw_implementation_cmake/cmake)
[2.345s] -- Found rmw_fastrtps_cpp: 6.2.6 (/opt/ros/humble/share/rmw_fastrtps_cpp/cmake)
[2.415s] -- Found TinyXML2 via Config file: TinyXML2_DIR-NOTFOUND
[2.818s] -- Found OpenSSL: /usr/lib/x86_64-linux-gnu/libcrypto.so (found version "3.0.2")  
[2.822s] -- Found TinyXML2 via Config file: TinyXML2_DIR-NOTFOUND
[2.876s] -- Found FastRTPS: /opt/ros/humble/include  
[2.889s] -- Found TinyXML2 via Config file: TinyXML2_DIR-NOTFOUND
[2.916s] -- Found TinyXML2 via Config file: TinyXML2_DIR-NOTFOUND
[2.946s] -- Using RMW implementation 'rmw_fastrtps_cpp' as default
[2.972s] -- Looking for C++ include pthread.h
[3.172s] -- Looking for C++ include pthread.h - found
[3.176s] -- Performing Test CMAKE_HAVE_LIBC_PTHREAD
[3.368s] -- Performing Test CMAKE_HAVE_LIBC_PTHREAD - Success
[3.369s] -- Found Threads: TRUE  
[3.748s] -- Found ament_cmake_pytest: 1.3.8 (/opt/ros/humble/share/ament_cmake_pytest/cmake)
[4.796s] -- Configuring done
[4.866s] -- Generating done
[4.873s] -- Build files have been written to: /home/oh/slam_ws/src/build/ros2_control_demo_example_4
[4.894s] Invoked command in '/home/oh/slam_ws/src/build/ros2_control_demo_example_4' returned '0': AMENT_PREFIX_PATH=/home/oh/slam_ws/src/install/ros2_control_demo_description:${AMENT_PREFIX_PATH} CMAKE_PREFIX_PATH=/home/oh/slam_ws/src/install/ros2_control_demo_description:/home/oh/slam_ws/install/usb_cam:/home/oh/slam_ws/install/teleop_twist_joy:/home/oh/slam_ws/install/ros2_control_demos:/home/oh/slam_ws/install/ros2_control_demo_example_9:/home/oh/slam_ws/install/ros2_control_demo_example_8:/home/oh/slam_ws/install/ros2_control_demo_example_7:/home/oh/slam_ws/install/ros2_control_demo_example_6:/home/oh/slam_ws/install/ros2_control_demo_example_5:/home/oh/slam_ws/install/ros2_control_demo_example_4:/home/oh/slam_ws/install/ros2_control_demo_example_3:/home/oh/slam_ws/install/ros2_control_demo_example_2:/home/oh/slam_ws/install/ros2_control_demo_example_14:/home/oh/slam_ws/install/ros2_control_demo_example_12:/home/oh/slam_ws/install/ros2_control_demo_example_11:/home/oh/slam_ws/install/ros2_control_demo_example_10:/home/oh/slam_ws/install/ros2_control_demo_example_1:/home/oh/slam_ws/install/odrive_ros2_control:/home/oh/slam_ws/install/odrive_demo_bringup:/home/oh/slam_ws/install/odrive_demo_description:/home/oh/slam_ws/install/ros2_control_demo_description:/home/oh/slam_ws/install/ros2_aruco_interfaces:/home/oh/slam_ws/install/realsense2_description:/home/oh/slam_ws/install/realsense2_camera:/home/oh/slam_ws/install/realsense2_camera_msgs:/home/oh/slam_ws/install/odrive_hardware_interface:/home/oh/slam_ws/install/my_slam_package:/home/oh/slam_ws/install/my_bot_description:/home/oh/slam_ws/install/my_action_interface:/home/oh/slam_ws/install/ros2_aruco:/home/oh/slam_ws/install/my_tf_package:/home/oh/slam_ws/install/my_tf2_package:/home/oh/slam_ws/install/my_docking:/home/oh/slam_ws/install/my_aruco_to_goal_pose_pkg:/home/oh/slam_ws/install/escape_from_cart:/opt/ros/humble /usr/bin/cmake /home/oh/slam_ws/src/ros2_control_demos/example_4 -DCMAKE_INSTALL_PREFIX=/home/oh/slam_ws/src/install/ros2_control_demo_example_4
[4.895s] Invoking command in '/home/oh/slam_ws/src/build/ros2_control_demo_example_4': AMENT_PREFIX_PATH=/home/oh/slam_ws/src/install/ros2_control_demo_description:${AMENT_PREFIX_PATH} CMAKE_PREFIX_PATH=/home/oh/slam_ws/src/install/ros2_control_demo_description:/home/oh/slam_ws/install/usb_cam:/home/oh/slam_ws/install/teleop_twist_joy:/home/oh/slam_ws/install/ros2_control_demos:/home/oh/slam_ws/install/ros2_control_demo_example_9:/home/oh/slam_ws/install/ros2_control_demo_example_8:/home/oh/slam_ws/install/ros2_control_demo_example_7:/home/oh/slam_ws/install/ros2_control_demo_example_6:/home/oh/slam_ws/install/ros2_control_demo_example_5:/home/oh/slam_ws/install/ros2_control_demo_example_4:/home/oh/slam_ws/install/ros2_control_demo_example_3:/home/oh/slam_ws/install/ros2_control_demo_example_2:/home/oh/slam_ws/install/ros2_control_demo_example_14:/home/oh/slam_ws/install/ros2_control_demo_example_12:/home/oh/slam_ws/install/ros2_control_demo_example_11:/home/oh/slam_ws/install/ros2_control_demo_example_10:/home/oh/slam_ws/install/ros2_control_demo_example_1:/home/oh/slam_ws/install/odrive_ros2_control:/home/oh/slam_ws/install/odrive_demo_bringup:/home/oh/slam_ws/install/odrive_demo_description:/home/oh/slam_ws/install/ros2_control_demo_description:/home/oh/slam_ws/install/ros2_aruco_interfaces:/home/oh/slam_ws/install/realsense2_description:/home/oh/slam_ws/install/realsense2_camera:/home/oh/slam_ws/install/realsense2_camera_msgs:/home/oh/slam_ws/install/odrive_hardware_interface:/home/oh/slam_ws/install/my_slam_package:/home/oh/slam_ws/install/my_bot_description:/home/oh/slam_ws/install/my_action_interface:/home/oh/slam_ws/install/ros2_aruco:/home/oh/slam_ws/install/my_tf_package:/home/oh/slam_ws/install/my_tf2_package:/home/oh/slam_ws/install/my_docking:/home/oh/slam_ws/install/my_aruco_to_goal_pose_pkg:/home/oh/slam_ws/install/escape_from_cart:/opt/ros/humble /usr/bin/cmake --build /home/oh/slam_ws/src/build/ros2_control_demo_example_4 -- -j8 -l8
[6.606s] [ 50%] [32mBuilding CXX object CMakeFiles/ros2_control_demo_example_4.dir/hardware/rrbot_system_with_sensor.cpp.o[0m
[9.787s] [100%] [32m[1mLinking CXX shared library libros2_control_demo_example_4.so[0m
[10.063s] [100%] Built target ros2_control_demo_example_4
[10.077s] Invoked command in '/home/oh/slam_ws/src/build/ros2_control_demo_example_4' returned '0': AMENT_PREFIX_PATH=/home/oh/slam_ws/src/install/ros2_control_demo_description:${AMENT_PREFIX_PATH} CMAKE_PREFIX_PATH=/home/oh/slam_ws/src/install/ros2_control_demo_description:/home/oh/slam_ws/install/usb_cam:/home/oh/slam_ws/install/teleop_twist_joy:/home/oh/slam_ws/install/ros2_control_demos:/home/oh/slam_ws/install/ros2_control_demo_example_9:/home/oh/slam_ws/install/ros2_control_demo_example_8:/home/oh/slam_ws/install/ros2_control_demo_example_7:/home/oh/slam_ws/install/ros2_control_demo_example_6:/home/oh/slam_ws/install/ros2_control_demo_example_5:/home/oh/slam_ws/install/ros2_control_demo_example_4:/home/oh/slam_ws/install/ros2_control_demo_example_3:/home/oh/slam_ws/install/ros2_control_demo_example_2:/home/oh/slam_ws/install/ros2_control_demo_example_14:/home/oh/slam_ws/install/ros2_control_demo_example_12:/home/oh/slam_ws/install/ros2_control_demo_example_11:/home/oh/slam_ws/install/ros2_control_demo_example_10:/home/oh/slam_ws/install/ros2_control_demo_example_1:/home/oh/slam_ws/install/odrive_ros2_control:/home/oh/slam_ws/install/odrive_demo_bringup:/home/oh/slam_ws/install/odrive_demo_description:/home/oh/slam_ws/install/ros2_control_demo_description:/home/oh/slam_ws/install/ros2_aruco_interfaces:/home/oh/slam_ws/install/realsense2_description:/home/oh/slam_ws/install/realsense2_camera:/home/oh/slam_ws/install/realsense2_camera_msgs:/home/oh/slam_ws/install/odrive_hardware_interface:/home/oh/slam_ws/install/my_slam_package:/home/oh/slam_ws/install/my_bot_description:/home/oh/slam_ws/install/my_action_interface:/home/oh/slam_ws/install/ros2_aruco:/home/oh/slam_ws/install/my_tf_package:/home/oh/slam_ws/install/my_tf2_package:/home/oh/slam_ws/install/my_docking:/home/oh/slam_ws/install/my_aruco_to_goal_pose_pkg:/home/oh/slam_ws/install/escape_from_cart:/opt/ros/humble /usr/bin/cmake --build /home/oh/slam_ws/src/build/ros2_control_demo_example_4 -- -j8 -l8
[10.401s] Invoking command in '/home/oh/slam_ws/src/build/ros2_control_demo_example_4': AMENT_PREFIX_PATH=/home/oh/slam_ws/src/install/ros2_control_demo_description:${AMENT_PREFIX_PATH} CMAKE_PREFIX_PATH=/home/oh/slam_ws/src/install/ros2_control_demo_description:/home/oh/slam_ws/install/usb_cam:/home/oh/slam_ws/install/teleop_twist_joy:/home/oh/slam_ws/install/ros2_control_demos:/home/oh/slam_ws/install/ros2_control_demo_example_9:/home/oh/slam_ws/install/ros2_control_demo_example_8:/home/oh/slam_ws/install/ros2_control_demo_example_7:/home/oh/slam_ws/install/ros2_control_demo_example_6:/home/oh/slam_ws/install/ros2_control_demo_example_5:/home/oh/slam_ws/install/ros2_control_demo_example_4:/home/oh/slam_ws/install/ros2_control_demo_example_3:/home/oh/slam_ws/install/ros2_control_demo_example_2:/home/oh/slam_ws/install/ros2_control_demo_example_14:/home/oh/slam_ws/install/ros2_control_demo_example_12:/home/oh/slam_ws/install/ros2_control_demo_example_11:/home/oh/slam_ws/install/ros2_control_demo_example_10:/home/oh/slam_ws/install/ros2_control_demo_example_1:/home/oh/slam_ws/install/odrive_ros2_control:/home/oh/slam_ws/install/odrive_demo_bringup:/home/oh/slam_ws/install/odrive_demo_description:/home/oh/slam_ws/install/ros2_control_demo_description:/home/oh/slam_ws/install/ros2_aruco_interfaces:/home/oh/slam_ws/install/realsense2_description:/home/oh/slam_ws/install/realsense2_camera:/home/oh/slam_ws/install/realsense2_camera_msgs:/home/oh/slam_ws/install/odrive_hardware_interface:/home/oh/slam_ws/install/my_slam_package:/home/oh/slam_ws/install/my_bot_description:/home/oh/slam_ws/install/my_action_interface:/home/oh/slam_ws/install/ros2_aruco:/home/oh/slam_ws/install/my_tf_package:/home/oh/slam_ws/install/my_tf2_package:/home/oh/slam_ws/install/my_docking:/home/oh/slam_ws/install/my_aruco_to_goal_pose_pkg:/home/oh/slam_ws/install/escape_from_cart:/opt/ros/humble /usr/bin/cmake --install /home/oh/slam_ws/src/build/ros2_control_demo_example_4
[11.613s] -- Install configuration: ""
[11.613s] -- Installing: /home/oh/slam_ws/src/install/ros2_control_demo_example_4/share/ros2_control_demo_example_4/ros2_control_demo_example_4.xml
[11.614s] -- Installing: /home/oh/slam_ws/src/install/ros2_control_demo_example_4/include/ros2_control_demo_example_4
[11.614s] -- Installing: /home/oh/slam_ws/src/install/ros2_control_demo_example_4/include/ros2_control_demo_example_4/ros2_control_demo_example_4
[11.614s] -- Installing: /home/oh/slam_ws/src/install/ros2_control_demo_example_4/include/ros2_control_demo_example_4/ros2_control_demo_example_4/rrbot_system_with_sensor.hpp
[11.614s] -- Installing: /home/oh/slam_ws/src/install/ros2_control_demo_example_4/include/ros2_control_demo_example_4/ros2_control_demo_example_4/visibility_control.h
[11.614s] -- Installing: /home/oh/slam_ws/src/install/ros2_control_demo_example_4/share/ros2_control_demo_example_4/launch
[11.614s] -- Installing: /home/oh/slam_ws/src/install/ros2_control_demo_example_4/share/ros2_control_demo_example_4/launch/view_robot.launch.py
[11.614s] -- Installing: /home/oh/slam_ws/src/install/ros2_control_demo_example_4/share/ros2_control_demo_example_4/ros2_control
[11.614s] -- Installing: /home/oh/slam_ws/src/install/ros2_control_demo_example_4/share/ros2_control_demo_example_4/ros2_control/rrbot_system_with_sensor.ros2_control.xacro
[11.614s] -- Installing: /home/oh/slam_ws/src/install/ros2_control_demo_example_4/share/ros2_control_demo_example_4/urdf
[11.614s] -- Installing: /home/oh/slam_ws/src/install/ros2_control_demo_example_4/share/ros2_control_demo_example_4/urdf/rrbot_system_with_sensor.urdf.xacro
[11.614s] -- Installing: /home/oh/slam_ws/src/install/ros2_control_demo_example_4/share/ros2_control_demo_example_4/rviz
[11.614s] -- Installing: /home/oh/slam_ws/src/install/ros2_control_demo_example_4/share/ros2_control_demo_example_4/rviz/rrbot.rviz
[11.614s] -- Up-to-date: /home/oh/slam_ws/src/install/ros2_control_demo_example_4/share/ros2_control_demo_example_4/launch
[11.614s] -- Installing: /home/oh/slam_ws/src/install/ros2_control_demo_example_4/share/ros2_control_demo_example_4/launch/rrbot_system_with_sensor.launch.py
[11.615s] -- Installing: /home/oh/slam_ws/src/install/ros2_control_demo_example_4/share/ros2_control_demo_example_4/launch/test_forward_position_controller.launch.py
[11.615s] -- Installing: /home/oh/slam_ws/src/install/ros2_control_demo_example_4/share/ros2_control_demo_example_4/config
[11.615s] -- Installing: /home/oh/slam_ws/src/install/ros2_control_demo_example_4/share/ros2_control_demo_example_4/config/rrbot_with_sensor_controllers.yaml
[11.615s] -- Installing: /home/oh/slam_ws/src/install/ros2_control_demo_example_4/share/ros2_control_demo_example_4/config/rrbot_forward_position_publisher.yaml
[11.615s] -- Installing: /home/oh/slam_ws/src/install/ros2_control_demo_example_4/lib/libros2_control_demo_example_4.so
[11.615s] -- Set runtime path of "/home/oh/slam_ws/src/install/ros2_control_demo_example_4/lib/libros2_control_demo_example_4.so" to ""
[11.615s] -- Installing: /home/oh/slam_ws/src/install/ros2_control_demo_example_4/share/ros2_control_demo_example_4/environment/library_path.sh
[11.615s] -- Installing: /home/oh/slam_ws/src/install/ros2_control_demo_example_4/share/ros2_control_demo_example_4/environment/library_path.dsv
[11.615s] -- Installing: /home/oh/slam_ws/src/install/ros2_control_demo_example_4/share/ament_index/resource_index/package_run_dependencies/ros2_control_demo_example_4
[11.615s] -- Installing: /home/oh/slam_ws/src/install/ros2_control_demo_example_4/share/ament_index/resource_index/parent_prefix_path/ros2_control_demo_example_4
[11.615s] -- Installing: /home/oh/slam_ws/src/install/ros2_control_demo_example_4/share/ros2_control_demo_example_4/environment/ament_prefix_path.sh
[11.615s] -- Installing: /home/oh/slam_ws/src/install/ros2_control_demo_example_4/share/ros2_control_demo_example_4/environment/ament_prefix_path.dsv
[11.615s] -- Installing: /home/oh/slam_ws/src/install/ros2_control_demo_example_4/share/ros2_control_demo_example_4/environment/path.sh
[11.615s] -- Installing: /home/oh/slam_ws/src/install/ros2_control_demo_example_4/share/ros2_control_demo_example_4/environment/path.dsv
[11.615s] -- Installing: /home/oh/slam_ws/src/install/ros2_control_demo_example_4/share/ros2_control_demo_example_4/local_setup.bash
[11.618s] -- Installing: /home/oh/slam_ws/src/install/ros2_control_demo_example_4/share/ros2_control_demo_example_4/local_setup.sh
[11.618s] -- Installing: /home/oh/slam_ws/src/install/ros2_control_demo_example_4/share/ros2_control_demo_example_4/local_setup.zsh
[11.618s] -- Installing: /home/oh/slam_ws/src/install/ros2_control_demo_example_4/share/ros2_control_demo_example_4/local_setup.dsv
[11.618s] -- Installing: /home/oh/slam_ws/src/install/ros2_control_demo_example_4/share/ros2_control_demo_example_4/package.dsv
[11.619s] -- Installing: /home/oh/slam_ws/src/install/ros2_control_demo_example_4/share/ament_index/resource_index/packages/ros2_control_demo_example_4
[11.619s] -- Installing: /home/oh/slam_ws/src/install/ros2_control_demo_example_4/share/ament_index/resource_index/hardware_interface__pluginlib__plugin/ros2_control_demo_example_4
[11.619s] -- Installing: /home/oh/slam_ws/src/install/ros2_control_demo_example_4/share/ros2_control_demo_example_4/cmake/export_ros2_control_demo_example_4Export.cmake
[11.619s] -- Installing: /home/oh/slam_ws/src/install/ros2_control_demo_example_4/share/ros2_control_demo_example_4/cmake/export_ros2_control_demo_example_4Export-noconfig.cmake
[11.619s] -- Installing: /home/oh/slam_ws/src/install/ros2_control_demo_example_4/share/ros2_control_demo_example_4/cmake/ament_cmake_export_targets-extras.cmake
[11.619s] -- Installing: /home/oh/slam_ws/src/install/ros2_control_demo_example_4/share/ros2_control_demo_example_4/cmake/ament_cmake_export_dependencies-extras.cmake
[11.619s] -- Installing: /home/oh/slam_ws/src/install/ros2_control_demo_example_4/share/ros2_control_demo_example_4/cmake/ros2_control_demo_example_4Config.cmake
[11.619s] -- Installing: /home/oh/slam_ws/src/install/ros2_control_demo_example_4/share/ros2_control_demo_example_4/cmake/ros2_control_demo_example_4Config-version.cmake
[11.619s] -- Installing: /home/oh/slam_ws/src/install/ros2_control_demo_example_4/share/ros2_control_demo_example_4/package.xml
[11.656s] Invoked command in '/home/oh/slam_ws/src/build/ros2_control_demo_example_4' returned '0': AMENT_PREFIX_PATH=/home/oh/slam_ws/src/install/ros2_control_demo_description:${AMENT_PREFIX_PATH} CMAKE_PREFIX_PATH=/home/oh/slam_ws/src/install/ros2_control_demo_description:/home/oh/slam_ws/install/usb_cam:/home/oh/slam_ws/install/teleop_twist_joy:/home/oh/slam_ws/install/ros2_control_demos:/home/oh/slam_ws/install/ros2_control_demo_example_9:/home/oh/slam_ws/install/ros2_control_demo_example_8:/home/oh/slam_ws/install/ros2_control_demo_example_7:/home/oh/slam_ws/install/ros2_control_demo_example_6:/home/oh/slam_ws/install/ros2_control_demo_example_5:/home/oh/slam_ws/install/ros2_control_demo_example_4:/home/oh/slam_ws/install/ros2_control_demo_example_3:/home/oh/slam_ws/install/ros2_control_demo_example_2:/home/oh/slam_ws/install/ros2_control_demo_example_14:/home/oh/slam_ws/install/ros2_control_demo_example_12:/home/oh/slam_ws/install/ros2_control_demo_example_11:/home/oh/slam_ws/install/ros2_control_demo_example_10:/home/oh/slam_ws/install/ros2_control_demo_example_1:/home/oh/slam_ws/install/odrive_ros2_control:/home/oh/slam_ws/install/odrive_demo_bringup:/home/oh/slam_ws/install/odrive_demo_description:/home/oh/slam_ws/install/ros2_control_demo_description:/home/oh/slam_ws/install/ros2_aruco_interfaces:/home/oh/slam_ws/install/realsense2_description:/home/oh/slam_ws/install/realsense2_camera:/home/oh/slam_ws/install/realsense2_camera_msgs:/home/oh/slam_ws/install/odrive_hardware_interface:/home/oh/slam_ws/install/my_slam_package:/home/oh/slam_ws/install/my_bot_description:/home/oh/slam_ws/install/my_action_interface:/home/oh/slam_ws/install/ros2_aruco:/home/oh/slam_ws/install/my_tf_package:/home/oh/slam_ws/install/my_tf2_package:/home/oh/slam_ws/install/my_docking:/home/oh/slam_ws/install/my_aruco_to_goal_pose_pkg:/home/oh/slam_ws/install/escape_from_cart:/opt/ros/humble /usr/bin/cmake --install /home/oh/slam_ws/src/build/ros2_control_demo_example_4
