[0.033s] Invoking command in '/home/oh/slam_ws/build/ros2_control_demo_example_7': CMAKE_PREFIX_PATH=/home/oh/slam_ws/install/ros2_control_demo_description:/home/oh/slam_ws/install/usb_cam:/home/oh/slam_ws/install/teleop_twist_joy:/home/oh/slam_ws/install/ros2_control_demos:/home/oh/slam_ws/install/ros2_control_demo_example_9:/home/oh/slam_ws/install/ros2_control_demo_example_8:/home/oh/slam_ws/install/ros2_control_demo_example_7:/home/oh/slam_ws/install/ros2_control_demo_example_6:/home/oh/slam_ws/install/ros2_control_demo_example_5:/home/oh/slam_ws/install/ros2_control_demo_example_4:/home/oh/slam_ws/install/ros2_control_demo_example_3:/home/oh/slam_ws/install/ros2_control_demo_example_2:/home/oh/slam_ws/install/ros2_control_demo_example_14:/home/oh/slam_ws/install/ros2_control_demo_example_12:/home/oh/slam_ws/install/ros2_control_demo_example_11:/home/oh/slam_ws/install/ros2_control_demo_example_10:/home/oh/slam_ws/install/ros2_control_demo_example_1:/home/oh/slam_ws/install/odrive_ros2_control:/home/oh/slam_ws/install/odrive_demo_bringup:/home/oh/slam_ws/install/odrive_demo_description:/home/oh/slam_ws/install/ros2_aruco_interfaces:/home/oh/slam_ws/install/realsense2_description:/home/oh/slam_ws/install/realsense2_camera:/home/oh/slam_ws/install/realsense2_camera_msgs:/home/oh/slam_ws/install/odrive_hardware_interface:/home/oh/slam_ws/install/my_slam_package:/home/oh/slam_ws/install/my_bot_description:/home/oh/slam_ws/install/ros2_aruco:/home/oh/slam_ws/install/my_tf_package:/home/oh/slam_ws/install/my_tf2_package:/opt/ros/humble /usr/bin/cmake --build /home/oh/slam_ws/build/ros2_control_demo_example_7 -- -j8 -l8
[0.092s] [ 40%] Built target send_trajectory
[0.097s] [100%] Built target ros2_control_demo_example_7
[0.117s] Invoked command in '/home/oh/slam_ws/build/ros2_control_demo_example_7' returned '0': CMAKE_PREFIX_PATH=/home/oh/slam_ws/install/ros2_control_demo_description:/home/oh/slam_ws/install/usb_cam:/home/oh/slam_ws/install/teleop_twist_joy:/home/oh/slam_ws/install/ros2_control_demos:/home/oh/slam_ws/install/ros2_control_demo_example_9:/home/oh/slam_ws/install/ros2_control_demo_example_8:/home/oh/slam_ws/install/ros2_control_demo_example_7:/home/oh/slam_ws/install/ros2_control_demo_example_6:/home/oh/slam_ws/install/ros2_control_demo_example_5:/home/oh/slam_ws/install/ros2_control_demo_example_4:/home/oh/slam_ws/install/ros2_control_demo_example_3:/home/oh/slam_ws/install/ros2_control_demo_example_2:/home/oh/slam_ws/install/ros2_control_demo_example_14:/home/oh/slam_ws/install/ros2_control_demo_example_12:/home/oh/slam_ws/install/ros2_control_demo_example_11:/home/oh/slam_ws/install/ros2_control_demo_example_10:/home/oh/slam_ws/install/ros2_control_demo_example_1:/home/oh/slam_ws/install/odrive_ros2_control:/home/oh/slam_ws/install/odrive_demo_bringup:/home/oh/slam_ws/install/odrive_demo_description:/home/oh/slam_ws/install/ros2_aruco_interfaces:/home/oh/slam_ws/install/realsense2_description:/home/oh/slam_ws/install/realsense2_camera:/home/oh/slam_ws/install/realsense2_camera_msgs:/home/oh/slam_ws/install/odrive_hardware_interface:/home/oh/slam_ws/install/my_slam_package:/home/oh/slam_ws/install/my_bot_description:/home/oh/slam_ws/install/ros2_aruco:/home/oh/slam_ws/install/my_tf_package:/home/oh/slam_ws/install/my_tf2_package:/opt/ros/humble /usr/bin/cmake --build /home/oh/slam_ws/build/ros2_control_demo_example_7 -- -j8 -l8
[0.167s] Invoking command in '/home/oh/slam_ws/build/ros2_control_demo_example_7': CMAKE_PREFIX_PATH=/home/oh/slam_ws/install/ros2_control_demo_description:/home/oh/slam_ws/install/usb_cam:/home/oh/slam_ws/install/teleop_twist_joy:/home/oh/slam_ws/install/ros2_control_demos:/home/oh/slam_ws/install/ros2_control_demo_example_9:/home/oh/slam_ws/install/ros2_control_demo_example_8:/home/oh/slam_ws/install/ros2_control_demo_example_7:/home/oh/slam_ws/install/ros2_control_demo_example_6:/home/oh/slam_ws/install/ros2_control_demo_example_5:/home/oh/slam_ws/install/ros2_control_demo_example_4:/home/oh/slam_ws/install/ros2_control_demo_example_3:/home/oh/slam_ws/install/ros2_control_demo_example_2:/home/oh/slam_ws/install/ros2_control_demo_example_14:/home/oh/slam_ws/install/ros2_control_demo_example_12:/home/oh/slam_ws/install/ros2_control_demo_example_11:/home/oh/slam_ws/install/ros2_control_demo_example_10:/home/oh/slam_ws/install/ros2_control_demo_example_1:/home/oh/slam_ws/install/odrive_ros2_control:/home/oh/slam_ws/install/odrive_demo_bringup:/home/oh/slam_ws/install/odrive_demo_description:/home/oh/slam_ws/install/ros2_aruco_interfaces:/home/oh/slam_ws/install/realsense2_description:/home/oh/slam_ws/install/realsense2_camera:/home/oh/slam_ws/install/realsense2_camera_msgs:/home/oh/slam_ws/install/odrive_hardware_interface:/home/oh/slam_ws/install/my_slam_package:/home/oh/slam_ws/install/my_bot_description:/home/oh/slam_ws/install/ros2_aruco:/home/oh/slam_ws/install/my_tf_package:/home/oh/slam_ws/install/my_tf2_package:/opt/ros/humble /usr/bin/cmake --install /home/oh/slam_ws/build/ros2_control_demo_example_7
[0.177s] -- Install configuration: ""
[0.177s] -- Up-to-date: /home/oh/slam_ws/install/ros2_control_demo_example_7/share/ros2_control_demo_example_7/ros2_control_demo_example_7.xml
[0.177s] -- Up-to-date: /home/oh/slam_ws/install/ros2_control_demo_example_7/share/ros2_control_demo_example_7/ros2_control_demo_example_7.xml
[0.177s] -- Up-to-date: /home/oh/slam_ws/install/ros2_control_demo_example_7/include/ros2_control_demo_example_7
[0.177s] -- Up-to-date: /home/oh/slam_ws/install/ros2_control_demo_example_7/include/ros2_control_demo_example_7/ros2_control_demo_example_7
[0.177s] -- Up-to-date: /home/oh/slam_ws/install/ros2_control_demo_example_7/include/ros2_control_demo_example_7/ros2_control_demo_example_7/r6bot_hardware.hpp
[0.177s] -- Up-to-date: /home/oh/slam_ws/install/ros2_control_demo_example_7/share/ros2_control_demo_example_7/launch
[0.177s] -- Up-to-date: /home/oh/slam_ws/install/ros2_control_demo_example_7/share/ros2_control_demo_example_7/launch/view_r6bot.launch.py
[0.177s] -- Up-to-date: /home/oh/slam_ws/install/ros2_control_demo_example_7/share/ros2_control_demo_example_7/ros2_control
[0.177s] -- Up-to-date: /home/oh/slam_ws/install/ros2_control_demo_example_7/share/ros2_control_demo_example_7/ros2_control/r6bot.ros2_control.xacro
[0.178s] -- Up-to-date: /home/oh/slam_ws/install/ros2_control_demo_example_7/share/ros2_control_demo_example_7/urdf
[0.178s] -- Up-to-date: /home/oh/slam_ws/install/ros2_control_demo_example_7/share/ros2_control_demo_example_7/urdf/r6bot.urdf.xacro
[0.178s] -- Up-to-date: /home/oh/slam_ws/install/ros2_control_demo_example_7/share/ros2_control_demo_example_7/launch
[0.178s] -- Up-to-date: /home/oh/slam_ws/install/ros2_control_demo_example_7/share/ros2_control_demo_example_7/launch/r6bot_controller.launch.py
[0.178s] -- Up-to-date: /home/oh/slam_ws/install/ros2_control_demo_example_7/share/ros2_control_demo_example_7/launch/send_trajectory.launch.py
[0.178s] -- Up-to-date: /home/oh/slam_ws/install/ros2_control_demo_example_7/share/ros2_control_demo_example_7/config
[0.178s] -- Up-to-date: /home/oh/slam_ws/install/ros2_control_demo_example_7/share/ros2_control_demo_example_7/config/r6bot_controller.yaml
[0.178s] -- Up-to-date: /home/oh/slam_ws/install/ros2_control_demo_example_7/lib/ros2_control_demo_example_7/send_trajectory
[0.178s] -- Up-to-date: /home/oh/slam_ws/install/ros2_control_demo_example_7/lib/libros2_control_demo_example_7.so
[0.178s] -- Up-to-date: /home/oh/slam_ws/install/ros2_control_demo_example_7/share/ros2_control_demo_example_7/environment/library_path.sh
[0.178s] -- Up-to-date: /home/oh/slam_ws/install/ros2_control_demo_example_7/share/ros2_control_demo_example_7/environment/library_path.dsv
[0.179s] -- Up-to-date: /home/oh/slam_ws/install/ros2_control_demo_example_7/share/ament_index/resource_index/package_run_dependencies/ros2_control_demo_example_7
[0.179s] -- Up-to-date: /home/oh/slam_ws/install/ros2_control_demo_example_7/share/ament_index/resource_index/parent_prefix_path/ros2_control_demo_example_7
[0.180s] -- Up-to-date: /home/oh/slam_ws/install/ros2_control_demo_example_7/share/ros2_control_demo_example_7/environment/ament_prefix_path.sh
[0.180s] -- Up-to-date: /home/oh/slam_ws/install/ros2_control_demo_example_7/share/ros2_control_demo_example_7/environment/ament_prefix_path.dsv
[0.180s] -- Up-to-date: /home/oh/slam_ws/install/ros2_control_demo_example_7/share/ros2_control_demo_example_7/environment/path.sh
[0.180s] -- Up-to-date: /home/oh/slam_ws/install/ros2_control_demo_example_7/share/ros2_control_demo_example_7/environment/path.dsv
[0.180s] -- Up-to-date: /home/oh/slam_ws/install/ros2_control_demo_example_7/share/ros2_control_demo_example_7/local_setup.bash
[0.180s] -- Up-to-date: /home/oh/slam_ws/install/ros2_control_demo_example_7/share/ros2_control_demo_example_7/local_setup.sh
[0.180s] -- Up-to-date: /home/oh/slam_ws/install/ros2_control_demo_example_7/share/ros2_control_demo_example_7/local_setup.zsh
[0.180s] -- Up-to-date: /home/oh/slam_ws/install/ros2_control_demo_example_7/share/ros2_control_demo_example_7/local_setup.dsv
[0.180s] -- Installing: /home/oh/slam_ws/install/ros2_control_demo_example_7/share/ros2_control_demo_example_7/package.dsv
[0.181s] -- Up-to-date: /home/oh/slam_ws/install/ros2_control_demo_example_7/share/ament_index/resource_index/packages/ros2_control_demo_example_7
[0.181s] -- Up-to-date: /home/oh/slam_ws/install/ros2_control_demo_example_7/share/ament_index/resource_index/hardware_interface__pluginlib__plugin/ros2_control_demo_example_7
[0.182s] -- Up-to-date: /home/oh/slam_ws/install/ros2_control_demo_example_7/share/ament_index/resource_index/controller_interface__pluginlib__plugin/ros2_control_demo_example_7
[0.182s] -- Up-to-date: /home/oh/slam_ws/install/ros2_control_demo_example_7/share/ros2_control_demo_example_7/cmake/export_ros2_control_demo_example_7Export.cmake
[0.182s] -- Up-to-date: /home/oh/slam_ws/install/ros2_control_demo_example_7/share/ros2_control_demo_example_7/cmake/export_ros2_control_demo_example_7Export-noconfig.cmake
[0.182s] -- Up-to-date: /home/oh/slam_ws/install/ros2_control_demo_example_7/share/ros2_control_demo_example_7/cmake/ament_cmake_export_targets-extras.cmake
[0.182s] -- Up-to-date: /home/oh/slam_ws/install/ros2_control_demo_example_7/share/ros2_control_demo_example_7/cmake/ament_cmake_export_dependencies-extras.cmake
[0.182s] -- Up-to-date: /home/oh/slam_ws/install/ros2_control_demo_example_7/share/ros2_control_demo_example_7/cmake/ros2_control_demo_example_7Config.cmake
[0.182s] -- Up-to-date: /home/oh/slam_ws/install/ros2_control_demo_example_7/share/ros2_control_demo_example_7/cmake/ros2_control_demo_example_7Config-version.cmake
[0.182s] -- Up-to-date: /home/oh/slam_ws/install/ros2_control_demo_example_7/share/ros2_control_demo_example_7/package.xml
[0.210s] Invoked command in '/home/oh/slam_ws/build/ros2_control_demo_example_7' returned '0': CMAKE_PREFIX_PATH=/home/oh/slam_ws/install/ros2_control_demo_description:/home/oh/slam_ws/install/usb_cam:/home/oh/slam_ws/install/teleop_twist_joy:/home/oh/slam_ws/install/ros2_control_demos:/home/oh/slam_ws/install/ros2_control_demo_example_9:/home/oh/slam_ws/install/ros2_control_demo_example_8:/home/oh/slam_ws/install/ros2_control_demo_example_7:/home/oh/slam_ws/install/ros2_control_demo_example_6:/home/oh/slam_ws/install/ros2_control_demo_example_5:/home/oh/slam_ws/install/ros2_control_demo_example_4:/home/oh/slam_ws/install/ros2_control_demo_example_3:/home/oh/slam_ws/install/ros2_control_demo_example_2:/home/oh/slam_ws/install/ros2_control_demo_example_14:/home/oh/slam_ws/install/ros2_control_demo_example_12:/home/oh/slam_ws/install/ros2_control_demo_example_11:/home/oh/slam_ws/install/ros2_control_demo_example_10:/home/oh/slam_ws/install/ros2_control_demo_example_1:/home/oh/slam_ws/install/odrive_ros2_control:/home/oh/slam_ws/install/odrive_demo_bringup:/home/oh/slam_ws/install/odrive_demo_description:/home/oh/slam_ws/install/ros2_aruco_interfaces:/home/oh/slam_ws/install/realsense2_description:/home/oh/slam_ws/install/realsense2_camera:/home/oh/slam_ws/install/realsense2_camera_msgs:/home/oh/slam_ws/install/odrive_hardware_interface:/home/oh/slam_ws/install/my_slam_package:/home/oh/slam_ws/install/my_bot_description:/home/oh/slam_ws/install/ros2_aruco:/home/oh/slam_ws/install/my_tf_package:/home/oh/slam_ws/install/my_tf2_package:/opt/ros/humble /usr/bin/cmake --install /home/oh/slam_ws/build/ros2_control_demo_example_7
