[0.034s] Invoking command in '/home/oh/slam_ws/build/ros2_control_demo_example_11': CMAKE_PREFIX_PATH=/home/oh/slam_ws/install/ros2_control_demo_description:/home/oh/slam_ws/install/usb_cam:/home/oh/slam_ws/install/teleop_twist_joy:/home/oh/slam_ws/install/ros2_control_demos:/home/oh/slam_ws/install/ros2_control_demo_example_9:/home/oh/slam_ws/install/ros2_control_demo_example_8:/home/oh/slam_ws/install/ros2_control_demo_example_7:/home/oh/slam_ws/install/ros2_control_demo_example_6:/home/oh/slam_ws/install/ros2_control_demo_example_5:/home/oh/slam_ws/install/ros2_control_demo_example_4:/home/oh/slam_ws/install/ros2_control_demo_example_3:/home/oh/slam_ws/install/ros2_control_demo_example_2:/home/oh/slam_ws/install/ros2_control_demo_example_14:/home/oh/slam_ws/install/ros2_control_demo_example_12:/home/oh/slam_ws/install/ros2_control_demo_example_11:/home/oh/slam_ws/install/ros2_control_demo_example_10:/home/oh/slam_ws/install/ros2_control_demo_example_1:/home/oh/slam_ws/install/odrive_ros2_control:/home/oh/slam_ws/install/odrive_demo_bringup:/home/oh/slam_ws/install/odrive_demo_description:/home/oh/slam_ws/install/ros2_aruco_interfaces:/home/oh/slam_ws/install/realsense2_description:/home/oh/slam_ws/install/realsense2_camera:/home/oh/slam_ws/install/realsense2_camera_msgs:/home/oh/slam_ws/install/odrive_hardware_interface:/home/oh/slam_ws/install/my_slam_package:/home/oh/slam_ws/install/my_bot_description:/home/oh/slam_ws/install/ros2_aruco:/home/oh/slam_ws/install/my_tf_package:/home/oh/slam_ws/install/my_tf2_package:/opt/ros/humble /usr/bin/cmake --build /home/oh/slam_ws/build/ros2_control_demo_example_11 -- -j8 -l8
[0.107s] [100%] Built target ros2_control_demo_example_11
[0.119s] Invoked command in '/home/oh/slam_ws/build/ros2_control_demo_example_11' returned '0': CMAKE_PREFIX_PATH=/home/oh/slam_ws/install/ros2_control_demo_description:/home/oh/slam_ws/install/usb_cam:/home/oh/slam_ws/install/teleop_twist_joy:/home/oh/slam_ws/install/ros2_control_demos:/home/oh/slam_ws/install/ros2_control_demo_example_9:/home/oh/slam_ws/install/ros2_control_demo_example_8:/home/oh/slam_ws/install/ros2_control_demo_example_7:/home/oh/slam_ws/install/ros2_control_demo_example_6:/home/oh/slam_ws/install/ros2_control_demo_example_5:/home/oh/slam_ws/install/ros2_control_demo_example_4:/home/oh/slam_ws/install/ros2_control_demo_example_3:/home/oh/slam_ws/install/ros2_control_demo_example_2:/home/oh/slam_ws/install/ros2_control_demo_example_14:/home/oh/slam_ws/install/ros2_control_demo_example_12:/home/oh/slam_ws/install/ros2_control_demo_example_11:/home/oh/slam_ws/install/ros2_control_demo_example_10:/home/oh/slam_ws/install/ros2_control_demo_example_1:/home/oh/slam_ws/install/odrive_ros2_control:/home/oh/slam_ws/install/odrive_demo_bringup:/home/oh/slam_ws/install/odrive_demo_description:/home/oh/slam_ws/install/ros2_aruco_interfaces:/home/oh/slam_ws/install/realsense2_description:/home/oh/slam_ws/install/realsense2_camera:/home/oh/slam_ws/install/realsense2_camera_msgs:/home/oh/slam_ws/install/odrive_hardware_interface:/home/oh/slam_ws/install/my_slam_package:/home/oh/slam_ws/install/my_bot_description:/home/oh/slam_ws/install/ros2_aruco:/home/oh/slam_ws/install/my_tf_package:/home/oh/slam_ws/install/my_tf2_package:/opt/ros/humble /usr/bin/cmake --build /home/oh/slam_ws/build/ros2_control_demo_example_11 -- -j8 -l8
[0.171s] Invoking command in '/home/oh/slam_ws/build/ros2_control_demo_example_11': CMAKE_PREFIX_PATH=/home/oh/slam_ws/install/ros2_control_demo_description:/home/oh/slam_ws/install/usb_cam:/home/oh/slam_ws/install/teleop_twist_joy:/home/oh/slam_ws/install/ros2_control_demos:/home/oh/slam_ws/install/ros2_control_demo_example_9:/home/oh/slam_ws/install/ros2_control_demo_example_8:/home/oh/slam_ws/install/ros2_control_demo_example_7:/home/oh/slam_ws/install/ros2_control_demo_example_6:/home/oh/slam_ws/install/ros2_control_demo_example_5:/home/oh/slam_ws/install/ros2_control_demo_example_4:/home/oh/slam_ws/install/ros2_control_demo_example_3:/home/oh/slam_ws/install/ros2_control_demo_example_2:/home/oh/slam_ws/install/ros2_control_demo_example_14:/home/oh/slam_ws/install/ros2_control_demo_example_12:/home/oh/slam_ws/install/ros2_control_demo_example_11:/home/oh/slam_ws/install/ros2_control_demo_example_10:/home/oh/slam_ws/install/ros2_control_demo_example_1:/home/oh/slam_ws/install/odrive_ros2_control:/home/oh/slam_ws/install/odrive_demo_bringup:/home/oh/slam_ws/install/odrive_demo_description:/home/oh/slam_ws/install/ros2_aruco_interfaces:/home/oh/slam_ws/install/realsense2_description:/home/oh/slam_ws/install/realsense2_camera:/home/oh/slam_ws/install/realsense2_camera_msgs:/home/oh/slam_ws/install/odrive_hardware_interface:/home/oh/slam_ws/install/my_slam_package:/home/oh/slam_ws/install/my_bot_description:/home/oh/slam_ws/install/ros2_aruco:/home/oh/slam_ws/install/my_tf_package:/home/oh/slam_ws/install/my_tf2_package:/opt/ros/humble /usr/bin/cmake --install /home/oh/slam_ws/build/ros2_control_demo_example_11
[0.182s] -- Install configuration: ""
[0.182s] -- Up-to-date: /home/oh/slam_ws/install/ros2_control_demo_example_11/share/ros2_control_demo_example_11/ros2_control_demo_example_11.xml
[0.182s] -- Up-to-date: /home/oh/slam_ws/install/ros2_control_demo_example_11/include/ros2_control_demo_example_11
[0.182s] -- Up-to-date: /home/oh/slam_ws/install/ros2_control_demo_example_11/include/ros2_control_demo_example_11/ros2_control_demo_example_11
[0.182s] -- Up-to-date: /home/oh/slam_ws/install/ros2_control_demo_example_11/include/ros2_control_demo_example_11/ros2_control_demo_example_11/carlikebot_system.hpp
[0.182s] -- Up-to-date: /home/oh/slam_ws/install/ros2_control_demo_example_11/include/ros2_control_demo_example_11/ros2_control_demo_example_11/visibility_control.h
[0.182s] -- Up-to-date: /home/oh/slam_ws/install/ros2_control_demo_example_11/share/ros2_control_demo_example_11/launch
[0.182s] -- Up-to-date: /home/oh/slam_ws/install/ros2_control_demo_example_11/share/ros2_control_demo_example_11/launch/view_robot.launch.py
[0.182s] -- Up-to-date: /home/oh/slam_ws/install/ros2_control_demo_example_11/share/ros2_control_demo_example_11/ros2_control
[0.182s] -- Up-to-date: /home/oh/slam_ws/install/ros2_control_demo_example_11/share/ros2_control_demo_example_11/ros2_control/carlikebot.ros2_control.xacro
[0.182s] -- Up-to-date: /home/oh/slam_ws/install/ros2_control_demo_example_11/share/ros2_control_demo_example_11/urdf
[0.182s] -- Up-to-date: /home/oh/slam_ws/install/ros2_control_demo_example_11/share/ros2_control_demo_example_11/urdf/carlikebot.urdf.xacro
[0.182s] -- Up-to-date: /home/oh/slam_ws/install/ros2_control_demo_example_11/share/ros2_control_demo_example_11/launch
[0.182s] -- Up-to-date: /home/oh/slam_ws/install/ros2_control_demo_example_11/share/ros2_control_demo_example_11/launch/carlikebot.launch.py
[0.182s] -- Up-to-date: /home/oh/slam_ws/install/ros2_control_demo_example_11/share/ros2_control_demo_example_11/config
[0.182s] -- Up-to-date: /home/oh/slam_ws/install/ros2_control_demo_example_11/share/ros2_control_demo_example_11/config/carlikebot_controllers.yaml
[0.182s] -- Up-to-date: /home/oh/slam_ws/install/ros2_control_demo_example_11/lib/libros2_control_demo_example_11.so
[0.182s] -- Up-to-date: /home/oh/slam_ws/install/ros2_control_demo_example_11/share/ros2_control_demo_example_11/environment/library_path.sh
[0.182s] -- Up-to-date: /home/oh/slam_ws/install/ros2_control_demo_example_11/share/ros2_control_demo_example_11/environment/library_path.dsv
[0.183s] -- Up-to-date: /home/oh/slam_ws/install/ros2_control_demo_example_11/share/ament_index/resource_index/package_run_dependencies/ros2_control_demo_example_11
[0.183s] -- Up-to-date: /home/oh/slam_ws/install/ros2_control_demo_example_11/share/ament_index/resource_index/parent_prefix_path/ros2_control_demo_example_11
[0.183s] -- Up-to-date: /home/oh/slam_ws/install/ros2_control_demo_example_11/share/ros2_control_demo_example_11/environment/ament_prefix_path.sh
[0.183s] -- Up-to-date: /home/oh/slam_ws/install/ros2_control_demo_example_11/share/ros2_control_demo_example_11/environment/ament_prefix_path.dsv
[0.183s] -- Up-to-date: /home/oh/slam_ws/install/ros2_control_demo_example_11/share/ros2_control_demo_example_11/environment/path.sh
[0.183s] -- Up-to-date: /home/oh/slam_ws/install/ros2_control_demo_example_11/share/ros2_control_demo_example_11/environment/path.dsv
[0.183s] -- Up-to-date: /home/oh/slam_ws/install/ros2_control_demo_example_11/share/ros2_control_demo_example_11/local_setup.bash
[0.183s] -- Up-to-date: /home/oh/slam_ws/install/ros2_control_demo_example_11/share/ros2_control_demo_example_11/local_setup.sh
[0.183s] -- Up-to-date: /home/oh/slam_ws/install/ros2_control_demo_example_11/share/ros2_control_demo_example_11/local_setup.zsh
[0.183s] -- Up-to-date: /home/oh/slam_ws/install/ros2_control_demo_example_11/share/ros2_control_demo_example_11/local_setup.dsv
[0.184s] -- Installing: /home/oh/slam_ws/install/ros2_control_demo_example_11/share/ros2_control_demo_example_11/package.dsv
[0.185s] -- Up-to-date: /home/oh/slam_ws/install/ros2_control_demo_example_11/share/ament_index/resource_index/packages/ros2_control_demo_example_11
[0.185s] -- Up-to-date: /home/oh/slam_ws/install/ros2_control_demo_example_11/share/ament_index/resource_index/hardware_interface__pluginlib__plugin/ros2_control_demo_example_11
[0.186s] -- Up-to-date: /home/oh/slam_ws/install/ros2_control_demo_example_11/share/ros2_control_demo_example_11/cmake/export_ros2_control_demo_example_11Export.cmake
[0.186s] -- Up-to-date: /home/oh/slam_ws/install/ros2_control_demo_example_11/share/ros2_control_demo_example_11/cmake/export_ros2_control_demo_example_11Export-noconfig.cmake
[0.186s] -- Up-to-date: /home/oh/slam_ws/install/ros2_control_demo_example_11/share/ros2_control_demo_example_11/cmake/ament_cmake_export_targets-extras.cmake
[0.186s] -- Up-to-date: /home/oh/slam_ws/install/ros2_control_demo_example_11/share/ros2_control_demo_example_11/cmake/ament_cmake_export_dependencies-extras.cmake
[0.186s] -- Up-to-date: /home/oh/slam_ws/install/ros2_control_demo_example_11/share/ros2_control_demo_example_11/cmake/ros2_control_demo_example_11Config.cmake
[0.186s] -- Up-to-date: /home/oh/slam_ws/install/ros2_control_demo_example_11/share/ros2_control_demo_example_11/cmake/ros2_control_demo_example_11Config-version.cmake
[0.186s] -- Up-to-date: /home/oh/slam_ws/install/ros2_control_demo_example_11/share/ros2_control_demo_example_11/package.xml
[0.198s] Invoked command in '/home/oh/slam_ws/build/ros2_control_demo_example_11' returned '0': CMAKE_PREFIX_PATH=/home/oh/slam_ws/install/ros2_control_demo_description:/home/oh/slam_ws/install/usb_cam:/home/oh/slam_ws/install/teleop_twist_joy:/home/oh/slam_ws/install/ros2_control_demos:/home/oh/slam_ws/install/ros2_control_demo_example_9:/home/oh/slam_ws/install/ros2_control_demo_example_8:/home/oh/slam_ws/install/ros2_control_demo_example_7:/home/oh/slam_ws/install/ros2_control_demo_example_6:/home/oh/slam_ws/install/ros2_control_demo_example_5:/home/oh/slam_ws/install/ros2_control_demo_example_4:/home/oh/slam_ws/install/ros2_control_demo_example_3:/home/oh/slam_ws/install/ros2_control_demo_example_2:/home/oh/slam_ws/install/ros2_control_demo_example_14:/home/oh/slam_ws/install/ros2_control_demo_example_12:/home/oh/slam_ws/install/ros2_control_demo_example_11:/home/oh/slam_ws/install/ros2_control_demo_example_10:/home/oh/slam_ws/install/ros2_control_demo_example_1:/home/oh/slam_ws/install/odrive_ros2_control:/home/oh/slam_ws/install/odrive_demo_bringup:/home/oh/slam_ws/install/odrive_demo_description:/home/oh/slam_ws/install/ros2_aruco_interfaces:/home/oh/slam_ws/install/realsense2_description:/home/oh/slam_ws/install/realsense2_camera:/home/oh/slam_ws/install/realsense2_camera_msgs:/home/oh/slam_ws/install/odrive_hardware_interface:/home/oh/slam_ws/install/my_slam_package:/home/oh/slam_ws/install/my_bot_description:/home/oh/slam_ws/install/ros2_aruco:/home/oh/slam_ws/install/my_tf_package:/home/oh/slam_ws/install/my_tf2_package:/opt/ros/humble /usr/bin/cmake --install /home/oh/slam_ws/build/ros2_control_demo_example_11
