[0.034s] Invoking command in '/home/oh/slam_ws/build/realsense2_description': AMENT_PREFIX_PATH=/home/oh/slam_ws/install/realsense2_camera_msgs:${AMENT_PREFIX_PATH} CMAKE_PREFIX_PATH=/home/oh/slam_ws/install/realsense2_camera_msgs:/home/oh/nav2_ws/install/nav2_system_tests:/home/oh/nav2_ws/install/nav2_bringup:/home/oh/nav2_ws/install/navigation2:/home/oh/nav2_ws/install/nav2_smoother:/home/oh/nav2_ws/install/nav2_graceful_controller:/home/oh/nav2_ws/install/nav2_dwb_controller:/home/oh/nav2_ws/install/nav2_controller:/home/oh/nav2_ws/install/dwb_plugins:/home/oh/nav2_ws/install/dwb_critics:/home/oh/nav2_ws/install/dwb_core:/home/oh/nav2_ws/install/nav_2d_utils:/home/oh/nav2_ws/install/dwb_msgs:/home/oh/nav2_ws/install/nav_2d_msgs:/home/oh/nav2_ws/install/nav2_waypoint_follower:/home/oh/nav2_ws/install/nav2_theta_star_planner:/home/oh/nav2_ws/install/nav2_straightline_planner:/home/oh/nav2_ws/install/nav2_smac_planner:/home/oh/nav2_ws/install/nav2_rotation_shim_controller:/home/oh/nav2_ws/install/nav2_regulated_pure_pursuit_controller:/home/oh/nav2_ws/install/nav2_planner:/home/oh/nav2_ws/install/nav2_navfn_planner:/home/oh/nav2_ws/install/nav2_mppi_controller:/home/oh/nav2_ws/install/nav2_constrained_smoother:/home/oh/nav2_ws/install/nav2_bt_navigator:/home/oh/nav2_ws/install/nav2_behaviors:/home/oh/nav2_ws/install/nav2_core:/home/oh/nav2_ws/install/nav2_collision_monitor:/home/oh/nav2_ws/install/costmap_queue:/home/oh/nav2_ws/install/nav2_costmap_2d:/home/oh/nav2_ws/install/nav2_voxel_grid:/home/oh/nav2_ws/install/nav2_velocity_smoother:/home/oh/nav2_ws/install/nav2_rviz_plugins:/home/oh/nav2_ws/install/nav2_map_server:/home/oh/nav2_ws/install/nav2_lifecycle_manager:/home/oh/nav2_ws/install/nav2_behavior_tree:/home/oh/nav2_ws/install/nav2_amcl:/home/oh/nav2_ws/install/nav2_util:/home/oh/nav2_ws/install/nav2_msgs:/home/oh/nav2_ws/install/nav2_common:/home/oh/nav2_ws/install/nav2_simple_commander:/opt/ros/humble LD_LIBRARY_PATH=/home/oh/slam_ws/install/realsense2_camera_msgs/lib:${LD_LIBRARY_PATH} PYTHONPATH=/home/oh/slam_ws/install/realsense2_camera_msgs/local/lib/python3.10/dist-packages:${PYTHONPATH} /usr/bin/cmake --build /home/oh/slam_ws/build/realsense2_description -- -j8 -l8
[0.107s] Invoked command in '/home/oh/slam_ws/build/realsense2_description' returned '0': AMENT_PREFIX_PATH=/home/oh/slam_ws/install/realsense2_camera_msgs:${AMENT_PREFIX_PATH} CMAKE_PREFIX_PATH=/home/oh/slam_ws/install/realsense2_camera_msgs:/home/oh/nav2_ws/install/nav2_system_tests:/home/oh/nav2_ws/install/nav2_bringup:/home/oh/nav2_ws/install/navigation2:/home/oh/nav2_ws/install/nav2_smoother:/home/oh/nav2_ws/install/nav2_graceful_controller:/home/oh/nav2_ws/install/nav2_dwb_controller:/home/oh/nav2_ws/install/nav2_controller:/home/oh/nav2_ws/install/dwb_plugins:/home/oh/nav2_ws/install/dwb_critics:/home/oh/nav2_ws/install/dwb_core:/home/oh/nav2_ws/install/nav_2d_utils:/home/oh/nav2_ws/install/dwb_msgs:/home/oh/nav2_ws/install/nav_2d_msgs:/home/oh/nav2_ws/install/nav2_waypoint_follower:/home/oh/nav2_ws/install/nav2_theta_star_planner:/home/oh/nav2_ws/install/nav2_straightline_planner:/home/oh/nav2_ws/install/nav2_smac_planner:/home/oh/nav2_ws/install/nav2_rotation_shim_controller:/home/oh/nav2_ws/install/nav2_regulated_pure_pursuit_controller:/home/oh/nav2_ws/install/nav2_planner:/home/oh/nav2_ws/install/nav2_navfn_planner:/home/oh/nav2_ws/install/nav2_mppi_controller:/home/oh/nav2_ws/install/nav2_constrained_smoother:/home/oh/nav2_ws/install/nav2_bt_navigator:/home/oh/nav2_ws/install/nav2_behaviors:/home/oh/nav2_ws/install/nav2_core:/home/oh/nav2_ws/install/nav2_collision_monitor:/home/oh/nav2_ws/install/costmap_queue:/home/oh/nav2_ws/install/nav2_costmap_2d:/home/oh/nav2_ws/install/nav2_voxel_grid:/home/oh/nav2_ws/install/nav2_velocity_smoother:/home/oh/nav2_ws/install/nav2_rviz_plugins:/home/oh/nav2_ws/install/nav2_map_server:/home/oh/nav2_ws/install/nav2_lifecycle_manager:/home/oh/nav2_ws/install/nav2_behavior_tree:/home/oh/nav2_ws/install/nav2_amcl:/home/oh/nav2_ws/install/nav2_util:/home/oh/nav2_ws/install/nav2_msgs:/home/oh/nav2_ws/install/nav2_common:/home/oh/nav2_ws/install/nav2_simple_commander:/opt/ros/humble LD_LIBRARY_PATH=/home/oh/slam_ws/install/realsense2_camera_msgs/lib:${LD_LIBRARY_PATH} PYTHONPATH=/home/oh/slam_ws/install/realsense2_camera_msgs/local/lib/python3.10/dist-packages:${PYTHONPATH} /usr/bin/cmake --build /home/oh/slam_ws/build/realsense2_description -- -j8 -l8
[0.178s] Invoking command in '/home/oh/slam_ws/build/realsense2_description': AMENT_PREFIX_PATH=/home/oh/slam_ws/install/realsense2_camera_msgs:${AMENT_PREFIX_PATH} CMAKE_PREFIX_PATH=/home/oh/slam_ws/install/realsense2_camera_msgs:/home/oh/nav2_ws/install/nav2_system_tests:/home/oh/nav2_ws/install/nav2_bringup:/home/oh/nav2_ws/install/navigation2:/home/oh/nav2_ws/install/nav2_smoother:/home/oh/nav2_ws/install/nav2_graceful_controller:/home/oh/nav2_ws/install/nav2_dwb_controller:/home/oh/nav2_ws/install/nav2_controller:/home/oh/nav2_ws/install/dwb_plugins:/home/oh/nav2_ws/install/dwb_critics:/home/oh/nav2_ws/install/dwb_core:/home/oh/nav2_ws/install/nav_2d_utils:/home/oh/nav2_ws/install/dwb_msgs:/home/oh/nav2_ws/install/nav_2d_msgs:/home/oh/nav2_ws/install/nav2_waypoint_follower:/home/oh/nav2_ws/install/nav2_theta_star_planner:/home/oh/nav2_ws/install/nav2_straightline_planner:/home/oh/nav2_ws/install/nav2_smac_planner:/home/oh/nav2_ws/install/nav2_rotation_shim_controller:/home/oh/nav2_ws/install/nav2_regulated_pure_pursuit_controller:/home/oh/nav2_ws/install/nav2_planner:/home/oh/nav2_ws/install/nav2_navfn_planner:/home/oh/nav2_ws/install/nav2_mppi_controller:/home/oh/nav2_ws/install/nav2_constrained_smoother:/home/oh/nav2_ws/install/nav2_bt_navigator:/home/oh/nav2_ws/install/nav2_behaviors:/home/oh/nav2_ws/install/nav2_core:/home/oh/nav2_ws/install/nav2_collision_monitor:/home/oh/nav2_ws/install/costmap_queue:/home/oh/nav2_ws/install/nav2_costmap_2d:/home/oh/nav2_ws/install/nav2_voxel_grid:/home/oh/nav2_ws/install/nav2_velocity_smoother:/home/oh/nav2_ws/install/nav2_rviz_plugins:/home/oh/nav2_ws/install/nav2_map_server:/home/oh/nav2_ws/install/nav2_lifecycle_manager:/home/oh/nav2_ws/install/nav2_behavior_tree:/home/oh/nav2_ws/install/nav2_amcl:/home/oh/nav2_ws/install/nav2_util:/home/oh/nav2_ws/install/nav2_msgs:/home/oh/nav2_ws/install/nav2_common:/home/oh/nav2_ws/install/nav2_simple_commander:/opt/ros/humble LD_LIBRARY_PATH=/home/oh/slam_ws/install/realsense2_camera_msgs/lib:${LD_LIBRARY_PATH} PYTHONPATH=/home/oh/slam_ws/install/realsense2_camera_msgs/local/lib/python3.10/dist-packages:${PYTHONPATH} /usr/bin/cmake --install /home/oh/slam_ws/build/realsense2_description
[0.190s] -- Install configuration: ""
[0.190s] -- Up-to-date: /home/oh/slam_ws/install/realsense2_description/share/realsense2_description/launch
[0.190s] -- Up-to-date: /home/oh/slam_ws/install/realsense2_description/share/realsense2_description/launch/launch_utils.py
[0.191s] -- Up-to-date: /home/oh/slam_ws/install/realsense2_description/share/realsense2_description/launch/view_model.launch.py
[0.191s] -- Up-to-date: /home/oh/slam_ws/install/realsense2_description/share/realsense2_description/meshes
[0.191s] -- Up-to-date: /home/oh/slam_ws/install/realsense2_description/share/realsense2_description/meshes/d415.stl
[0.191s] -- Up-to-date: /home/oh/slam_ws/install/realsense2_description/share/realsense2_description/meshes/d405.stl
[0.191s] -- Up-to-date: /home/oh/slam_ws/install/realsense2_description/share/realsense2_description/meshes/d455.stl
[0.191s] -- Up-to-date: /home/oh/slam_ws/install/realsense2_description/share/realsense2_description/meshes/d435.dae
[0.191s] -- Up-to-date: /home/oh/slam_ws/install/realsense2_description/share/realsense2_description/meshes/plug.stl
[0.191s] -- Up-to-date: /home/oh/slam_ws/install/realsense2_description/share/realsense2_description/meshes/l515.dae
[0.191s] -- Up-to-date: /home/oh/slam_ws/install/realsense2_description/share/realsense2_description/meshes/plug_collision.stl
[0.192s] -- Up-to-date: /home/oh/slam_ws/install/realsense2_description/share/realsense2_description/rviz
[0.192s] -- Up-to-date: /home/oh/slam_ws/install/realsense2_description/share/realsense2_description/rviz/urdf.rviz
[0.192s] -- Up-to-date: /home/oh/slam_ws/install/realsense2_description/share/realsense2_description/urdf
[0.193s] -- Up-to-date: /home/oh/slam_ws/install/realsense2_description/share/realsense2_description/urdf/test_r410_camera.urdf.xacro
[0.193s] -- Up-to-date: /home/oh/slam_ws/install/realsense2_description/share/realsense2_description/urdf/_d435i.urdf.xacro
[0.193s] -- Up-to-date: /home/oh/slam_ws/install/realsense2_description/share/realsense2_description/urdf/test_d405_camera.urdf.xacro
[0.193s] -- Up-to-date: /home/oh/slam_ws/install/realsense2_description/share/realsense2_description/urdf/test_d435i_camera.urdf.xacro
[0.194s] -- Up-to-date: /home/oh/slam_ws/install/realsense2_description/share/realsense2_description/urdf/_d415.urdf.xacro
[0.194s] -- Up-to-date: /home/oh/slam_ws/install/realsense2_description/share/realsense2_description/urdf/_d435i_imu_modules.urdf.xacro
[0.194s] -- Up-to-date: /home/oh/slam_ws/install/realsense2_description/share/realsense2_description/urdf/_r430.urdf.xacro
[0.194s] -- Up-to-date: /home/oh/slam_ws/install/realsense2_description/share/realsense2_description/urdf/_usb_plug.urdf.xacro
[0.194s] -- Up-to-date: /home/oh/slam_ws/install/realsense2_description/share/realsense2_description/urdf/_materials.urdf.xacro
[0.194s] -- Up-to-date: /home/oh/slam_ws/install/realsense2_description/share/realsense2_description/urdf/test_d415_camera.urdf.xacro
[0.194s] -- Up-to-date: /home/oh/slam_ws/install/realsense2_description/share/realsense2_description/urdf/test_d435_multiple_cameras.urdf.xacro
[0.194s] -- Up-to-date: /home/oh/slam_ws/install/realsense2_description/share/realsense2_description/urdf/_d455.urdf.xacro
[0.194s] -- Up-to-date: /home/oh/slam_ws/install/realsense2_description/share/realsense2_description/urdf/_d435.urdf.xacro
[0.194s] -- Up-to-date: /home/oh/slam_ws/install/realsense2_description/share/realsense2_description/urdf/test_d435_camera.urdf.xacro
[0.194s] -- Up-to-date: /home/oh/slam_ws/install/realsense2_description/share/realsense2_description/urdf/test_r430_camera.urdf.xacro
[0.194s] -- Up-to-date: /home/oh/slam_ws/install/realsense2_description/share/realsense2_description/urdf/test_d455_camera.urdf.xacro
[0.194s] -- Up-to-date: /home/oh/slam_ws/install/realsense2_description/share/realsense2_description/urdf/_d405.urdf.xacro
[0.194s] -- Up-to-date: /home/oh/slam_ws/install/realsense2_description/share/realsense2_description/urdf/_r410.urdf.xacro
[0.194s] -- Up-to-date: /home/oh/slam_ws/install/realsense2_description/share/ament_index/resource_index/package_run_dependencies/realsense2_description
[0.195s] -- Up-to-date: /home/oh/slam_ws/install/realsense2_description/share/ament_index/resource_index/parent_prefix_path/realsense2_description
[0.195s] -- Up-to-date: /home/oh/slam_ws/install/realsense2_description/share/realsense2_description/environment/ament_prefix_path.sh
[0.195s] -- Up-to-date: /home/oh/slam_ws/install/realsense2_description/share/realsense2_description/environment/ament_prefix_path.dsv
[0.195s] -- Up-to-date: /home/oh/slam_ws/install/realsense2_description/share/realsense2_description/environment/path.sh
[0.195s] -- Up-to-date: /home/oh/slam_ws/install/realsense2_description/share/realsense2_description/environment/path.dsv
[0.195s] -- Up-to-date: /home/oh/slam_ws/install/realsense2_description/share/realsense2_description/local_setup.bash
[0.196s] -- Up-to-date: /home/oh/slam_ws/install/realsense2_description/share/realsense2_description/local_setup.sh
[0.196s] -- Up-to-date: /home/oh/slam_ws/install/realsense2_description/share/realsense2_description/local_setup.zsh
[0.196s] -- Up-to-date: /home/oh/slam_ws/install/realsense2_description/share/realsense2_description/local_setup.dsv
[0.196s] -- Installing: /home/oh/slam_ws/install/realsense2_description/share/realsense2_description/package.dsv
[0.196s] -- Up-to-date: /home/oh/slam_ws/install/realsense2_description/share/ament_index/resource_index/packages/realsense2_description
[0.198s] -- Up-to-date: /home/oh/slam_ws/install/realsense2_description/share/realsense2_description/cmake/realsense2_descriptionConfig.cmake
[0.198s] -- Up-to-date: /home/oh/slam_ws/install/realsense2_description/share/realsense2_description/cmake/realsense2_descriptionConfig-version.cmake
[0.198s] -- Up-to-date: /home/oh/slam_ws/install/realsense2_description/share/realsense2_description/package.xml
[0.198s] Invoked command in '/home/oh/slam_ws/build/realsense2_description' returned '0': AMENT_PREFIX_PATH=/home/oh/slam_ws/install/realsense2_camera_msgs:${AMENT_PREFIX_PATH} CMAKE_PREFIX_PATH=/home/oh/slam_ws/install/realsense2_camera_msgs:/home/oh/nav2_ws/install/nav2_system_tests:/home/oh/nav2_ws/install/nav2_bringup:/home/oh/nav2_ws/install/navigation2:/home/oh/nav2_ws/install/nav2_smoother:/home/oh/nav2_ws/install/nav2_graceful_controller:/home/oh/nav2_ws/install/nav2_dwb_controller:/home/oh/nav2_ws/install/nav2_controller:/home/oh/nav2_ws/install/dwb_plugins:/home/oh/nav2_ws/install/dwb_critics:/home/oh/nav2_ws/install/dwb_core:/home/oh/nav2_ws/install/nav_2d_utils:/home/oh/nav2_ws/install/dwb_msgs:/home/oh/nav2_ws/install/nav_2d_msgs:/home/oh/nav2_ws/install/nav2_waypoint_follower:/home/oh/nav2_ws/install/nav2_theta_star_planner:/home/oh/nav2_ws/install/nav2_straightline_planner:/home/oh/nav2_ws/install/nav2_smac_planner:/home/oh/nav2_ws/install/nav2_rotation_shim_controller:/home/oh/nav2_ws/install/nav2_regulated_pure_pursuit_controller:/home/oh/nav2_ws/install/nav2_planner:/home/oh/nav2_ws/install/nav2_navfn_planner:/home/oh/nav2_ws/install/nav2_mppi_controller:/home/oh/nav2_ws/install/nav2_constrained_smoother:/home/oh/nav2_ws/install/nav2_bt_navigator:/home/oh/nav2_ws/install/nav2_behaviors:/home/oh/nav2_ws/install/nav2_core:/home/oh/nav2_ws/install/nav2_collision_monitor:/home/oh/nav2_ws/install/costmap_queue:/home/oh/nav2_ws/install/nav2_costmap_2d:/home/oh/nav2_ws/install/nav2_voxel_grid:/home/oh/nav2_ws/install/nav2_velocity_smoother:/home/oh/nav2_ws/install/nav2_rviz_plugins:/home/oh/nav2_ws/install/nav2_map_server:/home/oh/nav2_ws/install/nav2_lifecycle_manager:/home/oh/nav2_ws/install/nav2_behavior_tree:/home/oh/nav2_ws/install/nav2_amcl:/home/oh/nav2_ws/install/nav2_util:/home/oh/nav2_ws/install/nav2_msgs:/home/oh/nav2_ws/install/nav2_common:/home/oh/nav2_ws/install/nav2_simple_commander:/opt/ros/humble LD_LIBRARY_PATH=/home/oh/slam_ws/install/realsense2_camera_msgs/lib:${LD_LIBRARY_PATH} PYTHONPATH=/home/oh/slam_ws/install/realsense2_camera_msgs/local/lib/python3.10/dist-packages:${PYTHONPATH} /usr/bin/cmake --install /home/oh/slam_ws/build/realsense2_description
