[0.054s] Invoking command in '/home/oh/slam_ws/build/ros2_control_demo_example_5': AMENT_PREFIX_PATH=/home/oh/slam_ws/install/ros2_control_demo_description:${AMENT_PREFIX_PATH} CMAKE_PREFIX_PATH=/home/oh/slam_ws/install/ros2_control_demo_description:/opt/ros/humble /usr/bin/cmake /home/oh/slam_ws/src/ros2_control_demos/example_5 -DCMAKE_INSTALL_PREFIX=/home/oh/slam_ws/install/ros2_control_demo_example_5
[0.146s] -- The CXX compiler identification is GNU 11.4.0
[0.156s] -- Detecting CXX compiler ABI info
[0.244s] -- Detecting CXX compiler ABI info - done
[0.256s] -- Check for working CXX compiler: /usr/bin/c++ - skipped
[0.257s] -- Detecting CXX compile features
[0.258s] -- Detecting CXX compile features - done
[0.261s] -- Found ament_cmake: 1.3.8 (/opt/ros/humble/share/ament_cmake/cmake)
[0.485s] -- Found Python3: /usr/bin/python3 (found version "3.10.12") found components: Interpreter 
[0.617s] -- Found hardware_interface: 2.40.0 (/opt/ros/humble/share/hardware_interface/cmake)
[0.667s] -- Found rosidl_generator_c: 3.1.5 (/opt/ros/humble/share/rosidl_generator_c/cmake)
[0.673s] -- Found rosidl_adapter: 3.1.5 (/opt/ros/humble/share/rosidl_adapter/cmake)
[0.684s] -- Found rosidl_generator_cpp: 3.1.5 (/opt/ros/humble/share/rosidl_generator_cpp/cmake)
[0.702s] -- Using all available rosidl_typesupport_c: rosidl_typesupport_fastrtps_c;rosidl_typesupport_introspection_c
[0.727s] -- Using all available rosidl_typesupport_cpp: rosidl_typesupport_fastrtps_cpp;rosidl_typesupport_introspection_cpp
[1.692s] -- Found rmw_implementation_cmake: 6.1.1 (/opt/ros/humble/share/rmw_implementation_cmake/cmake)
[1.695s] -- Found rmw_fastrtps_cpp: 6.2.6 (/opt/ros/humble/share/rmw_fastrtps_cpp/cmake)
[1.751s] -- Found TinyXML2 via Config file: TinyXML2_DIR-NOTFOUND
[1.947s] -- Found OpenSSL: /usr/lib/x86_64-linux-gnu/libcrypto.so (found version "3.0.2")  
[1.952s] -- Found TinyXML2 via Config file: TinyXML2_DIR-NOTFOUND
[1.974s] -- Found FastRTPS: /opt/ros/humble/include  
[1.989s] -- Found TinyXML2 via Config file: TinyXML2_DIR-NOTFOUND
[1.999s] -- Found TinyXML2 via Config file: TinyXML2_DIR-NOTFOUND
[2.020s] -- Using RMW implementation 'rmw_fastrtps_cpp' as default
[2.033s] -- Looking for C++ include pthread.h
[2.125s] -- Looking for C++ include pthread.h - found
[2.132s] -- Performing Test CMAKE_HAVE_LIBC_PTHREAD
[2.229s] -- Performing Test CMAKE_HAVE_LIBC_PTHREAD - Success
[2.231s] -- Found Threads: TRUE  
[2.490s] -- Found ament_cmake_pytest: 1.3.8 (/opt/ros/humble/share/ament_cmake_pytest/cmake)
[3.422s] -- Configuring done
[3.453s] -- Generating done
[3.455s] -- Build files have been written to: /home/oh/slam_ws/build/ros2_control_demo_example_5
[3.470s] Invoked command in '/home/oh/slam_ws/build/ros2_control_demo_example_5' returned '0': AMENT_PREFIX_PATH=/home/oh/slam_ws/install/ros2_control_demo_description:${AMENT_PREFIX_PATH} CMAKE_PREFIX_PATH=/home/oh/slam_ws/install/ros2_control_demo_description:/opt/ros/humble /usr/bin/cmake /home/oh/slam_ws/src/ros2_control_demos/example_5 -DCMAKE_INSTALL_PREFIX=/home/oh/slam_ws/install/ros2_control_demo_example_5
[3.471s] Invoking command in '/home/oh/slam_ws/build/ros2_control_demo_example_5': AMENT_PREFIX_PATH=/home/oh/slam_ws/install/ros2_control_demo_description:${AMENT_PREFIX_PATH} CMAKE_PREFIX_PATH=/home/oh/slam_ws/install/ros2_control_demo_description:/opt/ros/humble /usr/bin/cmake --build /home/oh/slam_ws/build/ros2_control_demo_example_5 -- -j8 -l8
[4.324s] [ 33%] [32mBuilding CXX object CMakeFiles/ros2_control_demo_example_5.dir/hardware/external_rrbot_force_torque_sensor.cpp.o[0m
[4.324s] [ 66%] [32mBuilding CXX object CMakeFiles/ros2_control_demo_example_5.dir/hardware/rrbot.cpp.o[0m
[9.117s] [100%] [32m[1mLinking CXX shared library libros2_control_demo_example_5.so[0m
[9.365s] [100%] Built target ros2_control_demo_example_5
[9.378s] Invoked command in '/home/oh/slam_ws/build/ros2_control_demo_example_5' returned '0': AMENT_PREFIX_PATH=/home/oh/slam_ws/install/ros2_control_demo_description:${AMENT_PREFIX_PATH} CMAKE_PREFIX_PATH=/home/oh/slam_ws/install/ros2_control_demo_description:/opt/ros/humble /usr/bin/cmake --build /home/oh/slam_ws/build/ros2_control_demo_example_5 -- -j8 -l8
[9.443s] Invoking command in '/home/oh/slam_ws/build/ros2_control_demo_example_5': AMENT_PREFIX_PATH=/home/oh/slam_ws/install/ros2_control_demo_description:${AMENT_PREFIX_PATH} CMAKE_PREFIX_PATH=/home/oh/slam_ws/install/ros2_control_demo_description:/opt/ros/humble /usr/bin/cmake --install /home/oh/slam_ws/build/ros2_control_demo_example_5
[9.742s] -- Install configuration: ""
[9.742s] -- Installing: /home/oh/slam_ws/install/ros2_control_demo_example_5/share/ros2_control_demo_example_5/ros2_control_demo_example_5.xml
[9.742s] -- Installing: /home/oh/slam_ws/install/ros2_control_demo_example_5/include/ros2_control_demo_example_5
[9.742s] -- Installing: /home/oh/slam_ws/install/ros2_control_demo_example_5/include/ros2_control_demo_example_5/ros2_control_demo_example_5
[9.742s] -- Installing: /home/oh/slam_ws/install/ros2_control_demo_example_5/include/ros2_control_demo_example_5/ros2_control_demo_example_5/rrbot.hpp
[9.742s] -- Installing: /home/oh/slam_ws/install/ros2_control_demo_example_5/include/ros2_control_demo_example_5/ros2_control_demo_example_5/visibility_control.h
[9.742s] -- Installing: /home/oh/slam_ws/install/ros2_control_demo_example_5/include/ros2_control_demo_example_5/ros2_control_demo_example_5/external_rrbot_force_torque_sensor.hpp
[9.743s] -- Installing: /home/oh/slam_ws/install/ros2_control_demo_example_5/share/ros2_control_demo_example_5/launch
[9.743s] -- Installing: /home/oh/slam_ws/install/ros2_control_demo_example_5/share/ros2_control_demo_example_5/launch/view_robot.launch.py
[9.743s] -- Installing: /home/oh/slam_ws/install/ros2_control_demo_example_5/share/ros2_control_demo_example_5/ros2_control
[9.743s] -- Installing: /home/oh/slam_ws/install/ros2_control_demo_example_5/share/ros2_control_demo_example_5/ros2_control/rrbot_system_position_only.ros2_control.xacro
[9.743s] -- Installing: /home/oh/slam_ws/install/ros2_control_demo_example_5/share/ros2_control_demo_example_5/ros2_control/external_rrbot_force_torque_sensor.ros2_control.xacro
[9.743s] -- Installing: /home/oh/slam_ws/install/ros2_control_demo_example_5/share/ros2_control_demo_example_5/urdf
[9.743s] -- Installing: /home/oh/slam_ws/install/ros2_control_demo_example_5/share/ros2_control_demo_example_5/urdf/rrbot_system_with_external_sensor.urdf.xacro
[9.743s] -- Installing: /home/oh/slam_ws/install/ros2_control_demo_example_5/share/ros2_control_demo_example_5/rviz
[9.743s] -- Installing: /home/oh/slam_ws/install/ros2_control_demo_example_5/share/ros2_control_demo_example_5/rviz/rrbot.rviz
[9.743s] -- Up-to-date: /home/oh/slam_ws/install/ros2_control_demo_example_5/share/ros2_control_demo_example_5/launch
[9.743s] -- Installing: /home/oh/slam_ws/install/ros2_control_demo_example_5/share/ros2_control_demo_example_5/launch/test_forward_position_controller.launch.py
[9.743s] -- Installing: /home/oh/slam_ws/install/ros2_control_demo_example_5/share/ros2_control_demo_example_5/launch/rrbot_system_with_external_sensor.launch.py
[9.743s] -- Installing: /home/oh/slam_ws/install/ros2_control_demo_example_5/share/ros2_control_demo_example_5/config
[9.743s] -- Installing: /home/oh/slam_ws/install/ros2_control_demo_example_5/share/ros2_control_demo_example_5/config/rrbot_with_external_sensor_controllers.yaml
[9.744s] -- Installing: /home/oh/slam_ws/install/ros2_control_demo_example_5/share/ros2_control_demo_example_5/config/rrbot_forward_position_publisher.yaml
[9.744s] -- Installing: /home/oh/slam_ws/install/ros2_control_demo_example_5/lib/libros2_control_demo_example_5.so
[9.744s] -- Set runtime path of "/home/oh/slam_ws/install/ros2_control_demo_example_5/lib/libros2_control_demo_example_5.so" to ""
[9.744s] -- Installing: /home/oh/slam_ws/install/ros2_control_demo_example_5/share/ros2_control_demo_example_5/environment/library_path.sh
[9.744s] -- Installing: /home/oh/slam_ws/install/ros2_control_demo_example_5/share/ros2_control_demo_example_5/environment/library_path.dsv
[9.744s] -- Installing: /home/oh/slam_ws/install/ros2_control_demo_example_5/share/ament_index/resource_index/package_run_dependencies/ros2_control_demo_example_5
[9.744s] -- Installing: /home/oh/slam_ws/install/ros2_control_demo_example_5/share/ament_index/resource_index/parent_prefix_path/ros2_control_demo_example_5
[9.744s] -- Installing: /home/oh/slam_ws/install/ros2_control_demo_example_5/share/ros2_control_demo_example_5/environment/ament_prefix_path.sh
[9.744s] -- Installing: /home/oh/slam_ws/install/ros2_control_demo_example_5/share/ros2_control_demo_example_5/environment/ament_prefix_path.dsv
[9.744s] -- Installing: /home/oh/slam_ws/install/ros2_control_demo_example_5/share/ros2_control_demo_example_5/environment/path.sh
[9.744s] -- Installing: /home/oh/slam_ws/install/ros2_control_demo_example_5/share/ros2_control_demo_example_5/environment/path.dsv
[9.744s] -- Installing: /home/oh/slam_ws/install/ros2_control_demo_example_5/share/ros2_control_demo_example_5/local_setup.bash
[9.744s] -- Installing: /home/oh/slam_ws/install/ros2_control_demo_example_5/share/ros2_control_demo_example_5/local_setup.sh
[9.744s] -- Installing: /home/oh/slam_ws/install/ros2_control_demo_example_5/share/ros2_control_demo_example_5/local_setup.zsh
[9.745s] -- Installing: /home/oh/slam_ws/install/ros2_control_demo_example_5/share/ros2_control_demo_example_5/local_setup.dsv
[9.745s] -- Installing: /home/oh/slam_ws/install/ros2_control_demo_example_5/share/ros2_control_demo_example_5/package.dsv
[9.745s] -- Installing: /home/oh/slam_ws/install/ros2_control_demo_example_5/share/ament_index/resource_index/packages/ros2_control_demo_example_5
[9.745s] -- Installing: /home/oh/slam_ws/install/ros2_control_demo_example_5/share/ament_index/resource_index/hardware_interface__pluginlib__plugin/ros2_control_demo_example_5
[9.745s] -- Installing: /home/oh/slam_ws/install/ros2_control_demo_example_5/share/ros2_control_demo_example_5/cmake/export_ros2_control_demo_example_5Export.cmake
[9.745s] -- Installing: /home/oh/slam_ws/install/ros2_control_demo_example_5/share/ros2_control_demo_example_5/cmake/export_ros2_control_demo_example_5Export-noconfig.cmake
[9.745s] -- Installing: /home/oh/slam_ws/install/ros2_control_demo_example_5/share/ros2_control_demo_example_5/cmake/ament_cmake_export_targets-extras.cmake
[9.745s] -- Installing: /home/oh/slam_ws/install/ros2_control_demo_example_5/share/ros2_control_demo_example_5/cmake/ament_cmake_export_dependencies-extras.cmake
[9.745s] -- Installing: /home/oh/slam_ws/install/ros2_control_demo_example_5/share/ros2_control_demo_example_5/cmake/ros2_control_demo_example_5Config.cmake
[9.745s] -- Installing: /home/oh/slam_ws/install/ros2_control_demo_example_5/share/ros2_control_demo_example_5/cmake/ros2_control_demo_example_5Config-version.cmake
[9.745s] -- Installing: /home/oh/slam_ws/install/ros2_control_demo_example_5/share/ros2_control_demo_example_5/package.xml
[9.748s] Invoked command in '/home/oh/slam_ws/build/ros2_control_demo_example_5' returned '0': AMENT_PREFIX_PATH=/home/oh/slam_ws/install/ros2_control_demo_description:${AMENT_PREFIX_PATH} CMAKE_PREFIX_PATH=/home/oh/slam_ws/install/ros2_control_demo_description:/opt/ros/humble /usr/bin/cmake --install /home/oh/slam_ws/build/ros2_control_demo_example_5
