[0.025s] Invoking command in '/home/oh/slam_ws/build/ros2_control_demo_example_7': AMENT_PREFIX_PATH=/home/oh/slam_ws/install/ros2_control_demo_description:${AMENT_PREFIX_PATH} CMAKE_PREFIX_PATH=/home/oh/slam_ws/install/ros2_control_demo_description:/opt/ros/humble /usr/bin/cmake --build /home/oh/slam_ws/build/ros2_control_demo_example_7 -- -j8 -l8
[0.071s] [ 60%] Built target ros2_control_demo_example_7
[0.072s] [100%] Built target send_trajectory
[0.095s] Invoked command in '/home/oh/slam_ws/build/ros2_control_demo_example_7' returned '0': AMENT_PREFIX_PATH=/home/oh/slam_ws/install/ros2_control_demo_description:${AMENT_PREFIX_PATH} CMAKE_PREFIX_PATH=/home/oh/slam_ws/install/ros2_control_demo_description:/opt/ros/humble /usr/bin/cmake --build /home/oh/slam_ws/build/ros2_control_demo_example_7 -- -j8 -l8
[0.142s] Invoking command in '/home/oh/slam_ws/build/ros2_control_demo_example_7': AMENT_PREFIX_PATH=/home/oh/slam_ws/install/ros2_control_demo_description:${AMENT_PREFIX_PATH} CMAKE_PREFIX_PATH=/home/oh/slam_ws/install/ros2_control_demo_description:/opt/ros/humble /usr/bin/cmake --install /home/oh/slam_ws/build/ros2_control_demo_example_7
[0.147s] -- Install configuration: ""
[0.147s] -- Up-to-date: /home/oh/slam_ws/install/ros2_control_demo_example_7/share/ros2_control_demo_example_7/ros2_control_demo_example_7.xml
[0.147s] -- Up-to-date: /home/oh/slam_ws/install/ros2_control_demo_example_7/share/ros2_control_demo_example_7/ros2_control_demo_example_7.xml
[0.147s] -- Up-to-date: /home/oh/slam_ws/install/ros2_control_demo_example_7/include/ros2_control_demo_example_7
[0.147s] -- Up-to-date: /home/oh/slam_ws/install/ros2_control_demo_example_7/include/ros2_control_demo_example_7/ros2_control_demo_example_7
[0.147s] -- Up-to-date: /home/oh/slam_ws/install/ros2_control_demo_example_7/include/ros2_control_demo_example_7/ros2_control_demo_example_7/r6bot_hardware.hpp
[0.147s] -- Up-to-date: /home/oh/slam_ws/install/ros2_control_demo_example_7/share/ros2_control_demo_example_7/launch
[0.147s] -- Up-to-date: /home/oh/slam_ws/install/ros2_control_demo_example_7/share/ros2_control_demo_example_7/launch/view_r6bot.launch.py
[0.147s] -- Up-to-date: /home/oh/slam_ws/install/ros2_control_demo_example_7/share/ros2_control_demo_example_7/ros2_control
[0.147s] -- Up-to-date: /home/oh/slam_ws/install/ros2_control_demo_example_7/share/ros2_control_demo_example_7/ros2_control/r6bot.ros2_control.xacro
[0.147s] -- Up-to-date: /home/oh/slam_ws/install/ros2_control_demo_example_7/share/ros2_control_demo_example_7/urdf
[0.147s] -- Up-to-date: /home/oh/slam_ws/install/ros2_control_demo_example_7/share/ros2_control_demo_example_7/urdf/r6bot.urdf.xacro
[0.147s] -- Up-to-date: /home/oh/slam_ws/install/ros2_control_demo_example_7/share/ros2_control_demo_example_7/launch
[0.147s] -- Up-to-date: /home/oh/slam_ws/install/ros2_control_demo_example_7/share/ros2_control_demo_example_7/launch/r6bot_controller.launch.py
[0.148s] -- Up-to-date: /home/oh/slam_ws/install/ros2_control_demo_example_7/share/ros2_control_demo_example_7/launch/send_trajectory.launch.py
[0.148s] -- Up-to-date: /home/oh/slam_ws/install/ros2_control_demo_example_7/share/ros2_control_demo_example_7/config
[0.148s] -- Up-to-date: /home/oh/slam_ws/install/ros2_control_demo_example_7/share/ros2_control_demo_example_7/config/r6bot_controller.yaml
[0.148s] -- Up-to-date: /home/oh/slam_ws/install/ros2_control_demo_example_7/lib/ros2_control_demo_example_7/send_trajectory
[0.148s] -- Up-to-date: /home/oh/slam_ws/install/ros2_control_demo_example_7/lib/libros2_control_demo_example_7.so
[0.148s] -- Up-to-date: /home/oh/slam_ws/install/ros2_control_demo_example_7/share/ros2_control_demo_example_7/environment/library_path.sh
[0.148s] -- Up-to-date: /home/oh/slam_ws/install/ros2_control_demo_example_7/share/ros2_control_demo_example_7/environment/library_path.dsv
[0.148s] -- Up-to-date: /home/oh/slam_ws/install/ros2_control_demo_example_7/share/ament_index/resource_index/package_run_dependencies/ros2_control_demo_example_7
[0.149s] -- Up-to-date: /home/oh/slam_ws/install/ros2_control_demo_example_7/share/ament_index/resource_index/parent_prefix_path/ros2_control_demo_example_7
[0.149s] -- Up-to-date: /home/oh/slam_ws/install/ros2_control_demo_example_7/share/ros2_control_demo_example_7/environment/ament_prefix_path.sh
[0.149s] -- Up-to-date: /home/oh/slam_ws/install/ros2_control_demo_example_7/share/ros2_control_demo_example_7/environment/ament_prefix_path.dsv
[0.149s] -- Up-to-date: /home/oh/slam_ws/install/ros2_control_demo_example_7/share/ros2_control_demo_example_7/environment/path.sh
[0.149s] -- Up-to-date: /home/oh/slam_ws/install/ros2_control_demo_example_7/share/ros2_control_demo_example_7/environment/path.dsv
[0.149s] -- Up-to-date: /home/oh/slam_ws/install/ros2_control_demo_example_7/share/ros2_control_demo_example_7/local_setup.bash
[0.149s] -- Up-to-date: /home/oh/slam_ws/install/ros2_control_demo_example_7/share/ros2_control_demo_example_7/local_setup.sh
[0.150s] -- Up-to-date: /home/oh/slam_ws/install/ros2_control_demo_example_7/share/ros2_control_demo_example_7/local_setup.zsh
[0.150s] -- Up-to-date: /home/oh/slam_ws/install/ros2_control_demo_example_7/share/ros2_control_demo_example_7/local_setup.dsv
[0.150s] -- Installing: /home/oh/slam_ws/install/ros2_control_demo_example_7/share/ros2_control_demo_example_7/package.dsv
[0.150s] -- Up-to-date: /home/oh/slam_ws/install/ros2_control_demo_example_7/share/ament_index/resource_index/packages/ros2_control_demo_example_7
[0.150s] -- Up-to-date: /home/oh/slam_ws/install/ros2_control_demo_example_7/share/ament_index/resource_index/hardware_interface__pluginlib__plugin/ros2_control_demo_example_7
[0.150s] -- Up-to-date: /home/oh/slam_ws/install/ros2_control_demo_example_7/share/ament_index/resource_index/controller_interface__pluginlib__plugin/ros2_control_demo_example_7
[0.150s] -- Up-to-date: /home/oh/slam_ws/install/ros2_control_demo_example_7/share/ros2_control_demo_example_7/cmake/export_ros2_control_demo_example_7Export.cmake
[0.150s] -- Up-to-date: /home/oh/slam_ws/install/ros2_control_demo_example_7/share/ros2_control_demo_example_7/cmake/export_ros2_control_demo_example_7Export-noconfig.cmake
[0.150s] -- Up-to-date: /home/oh/slam_ws/install/ros2_control_demo_example_7/share/ros2_control_demo_example_7/cmake/ament_cmake_export_targets-extras.cmake
[0.151s] -- Up-to-date: /home/oh/slam_ws/install/ros2_control_demo_example_7/share/ros2_control_demo_example_7/cmake/ament_cmake_export_dependencies-extras.cmake
[0.151s] -- Up-to-date: /home/oh/slam_ws/install/ros2_control_demo_example_7/share/ros2_control_demo_example_7/cmake/ros2_control_demo_example_7Config.cmake
[0.151s] -- Up-to-date: /home/oh/slam_ws/install/ros2_control_demo_example_7/share/ros2_control_demo_example_7/cmake/ros2_control_demo_example_7Config-version.cmake
[0.151s] -- Up-to-date: /home/oh/slam_ws/install/ros2_control_demo_example_7/share/ros2_control_demo_example_7/package.xml
[0.178s] Invoked command in '/home/oh/slam_ws/build/ros2_control_demo_example_7' returned '0': AMENT_PREFIX_PATH=/home/oh/slam_ws/install/ros2_control_demo_description:${AMENT_PREFIX_PATH} CMAKE_PREFIX_PATH=/home/oh/slam_ws/install/ros2_control_demo_description:/opt/ros/humble /usr/bin/cmake --install /home/oh/slam_ws/build/ros2_control_demo_example_7
