-- Found ament_cmake: 1.3.8 (/opt/ros/humble/share/ament_cmake/cmake)
-- Override CMake install command with custom implementation using symlinks instead of copying resources
-- Found rosidl_default_generators: 1.2.0 (/opt/ros/humble/share/rosidl_default_generators/cmake)
-- Using all available rosidl_typesupport_c: rosidl_typesupport_fastrtps_c;rosidl_typesupport_introspection_c
-- Found rosidl_adapter: 3.1.5 (/opt/ros/humble/share/rosidl_adapter/cmake)
-- Using all available rosidl_typesupport_cpp: rosidl_typesupport_fastrtps_cpp;rosidl_typesupport_introspection_cpp
-- Found ament_cmake_ros: 0.10.0 (/opt/ros/humble/share/ament_cmake_ros/cmake)
-- Using all available rosidl_typesupport_c: rosidl_typesupport_fastrtps_c;rosidl_typesupport_introspection_c
-- Using all available rosidl_typesupport_cpp: rosidl_typesupport_fastrtps_cpp;rosidl_typesupport_introspection_cpp
-- Found python_cmake_module: 0.10.0 (/opt/ros/humble/share/python_cmake_module/cmake)
-- Using PYTHON_EXECUTABLE: /usr/bin/python3
-- Using PYTHON_INCLUDE_DIRS: /usr/include/python3.10
-- Using PYTHON_LIBRARIES: /usr/lib/x86_64-linux-gnu/libpython3.10.so
-- Found ament_lint_auto: 0.12.10 (/opt/ros/humble/share/ament_lint_auto/cmake)
-- Added test 'lint_cmake' to check CMake code style
-- Added test 'xmllint' to check XML markup files
-- Configuring done
-- Generating done
-- Build files have been written to: /home/oh/slam_ws/build/my_action_interface
[  2%] [34m[1mGenerating C code for ROS interfaces[0m
[  4%] [34m[1mGenerating C++ code for ROS interfaces[0m
[  4%] Built target ament_cmake_python_symlink_my_action_interface
running egg_info
writing my_action_interface.egg-info/PKG-INFO
writing dependency_links to my_action_interface.egg-info/dependency_links.txt
writing top-level names to my_action_interface.egg-info/top_level.txt
reading manifest file 'my_action_interface.egg-info/SOURCES.txt'
writing manifest file 'my_action_interface.egg-info/SOURCES.txt'
[  4%] Built target ament_cmake_python_build_my_action_interface_egg
[  4%] Built target my_action_interface__cpp
[  6%] [34m[1mGenerating C++ type support for eProsima Fast-RTPS[0m
[  8%] [34m[1mGenerating C++ introspection for ROS interfaces[0m
[ 10%] [34m[1mGenerating C++ type support dispatch for ROS interfaces[0m
[35m[1mConsolidate compiler generated dependencies of target my_action_interface__rosidl_generator_c[0m
[ 12%] [32mBuilding C object CMakeFiles/my_action_interface__rosidl_generator_c.dir/rosidl_generator_c/my_action_interface/action/detail/open__functions.c.o[0m
[ 14%] [32mBuilding C object CMakeFiles/my_action_interface__rosidl_generator_c.dir/rosidl_generator_c/my_action_interface/action/detail/docking_one__functions.c.o[0m
[ 17%] [32mBuilding C object CMakeFiles/my_action_interface__rosidl_generator_c.dir/rosidl_generator_c/my_action_interface/action/detail/docking_two__functions.c.o[0m
[ 19%] [32m[1mLinking C shared library libmy_action_interface__rosidl_generator_c.so[0m
[ 19%] Built target my_action_interface__rosidl_generator_c
[ 21%] [34m[1mGenerating C type support dispatch for ROS interfaces[0m
[ 23%] [34m[1mGenerating C type support for eProsima Fast-RTPS[0m
[ 25%] [34m[1mGenerating C introspection for ROS interfaces[0m
[35m[1mConsolidate compiler generated dependencies of target my_action_interface__rosidl_typesupport_introspection_cpp[0m
[35m[1mConsolidate compiler generated dependencies of target my_action_interface__rosidl_typesupport_cpp[0m
[ 27%] [32mBuilding CXX object CMakeFiles/my_action_interface__rosidl_typesupport_introspection_cpp.dir/rosidl_typesupport_introspection_cpp/my_action_interface/action/detail/docking_one__type_support.cpp.o[0m
[ 29%] [32mBuilding CXX object CMakeFiles/my_action_interface__rosidl_typesupport_introspection_cpp.dir/rosidl_typesupport_introspection_cpp/my_action_interface/action/detail/docking_two__type_support.cpp.o[0m
[ 31%] [32mBuilding CXX object CMakeFiles/my_action_interface__rosidl_typesupport_introspection_cpp.dir/rosidl_typesupport_introspection_cpp/my_action_interface/action/detail/open__type_support.cpp.o[0m
[ 34%] [32mBuilding CXX object CMakeFiles/my_action_interface__rosidl_typesupport_cpp.dir/rosidl_typesupport_cpp/my_action_interface/action/open__type_support.cpp.o[0m
[35m[1mConsolidate compiler generated dependencies of target my_action_interface__rosidl_typesupport_fastrtps_cpp[0m
[ 36%] [32mBuilding CXX object CMakeFiles/my_action_interface__rosidl_typesupport_fastrtps_cpp.dir/rosidl_typesupport_fastrtps_cpp/my_action_interface/action/detail/dds_fastrtps/open__type_support.cpp.o[0m
[35m[1mConsolidate compiler generated dependencies of target my_action_interface__rosidl_typesupport_c[0m
[ 38%] [32mBuilding CXX object CMakeFiles/my_action_interface__rosidl_typesupport_c.dir/rosidl_typesupport_c/my_action_interface/action/open__type_support.cpp.o[0m
[ 40%] [32mBuilding CXX object CMakeFiles/my_action_interface__rosidl_typesupport_c.dir/rosidl_typesupport_c/my_action_interface/action/docking_one__type_support.cpp.o[0m
[ 42%] [32mBuilding CXX object CMakeFiles/my_action_interface__rosidl_typesupport_c.dir/rosidl_typesupport_c/my_action_interface/action/docking_two__type_support.cpp.o[0m
[ 44%] [32m[1mLinking CXX shared library libmy_action_interface__rosidl_typesupport_c.so[0m
[ 44%] Built target my_action_interface__rosidl_typesupport_c
[ 46%] [32mBuilding CXX object CMakeFiles/my_action_interface__rosidl_typesupport_cpp.dir/rosidl_typesupport_cpp/my_action_interface/action/docking_one__type_support.cpp.o[0m
[ 48%] [32mBuilding CXX object CMakeFiles/my_action_interface__rosidl_typesupport_cpp.dir/rosidl_typesupport_cpp/my_action_interface/action/docking_two__type_support.cpp.o[0m
[35m[1mConsolidate compiler generated dependencies of target my_action_interface__rosidl_typesupport_introspection_c[0m
[35m[1mConsolidate compiler generated dependencies of target my_action_interface__rosidl_typesupport_fastrtps_c[0m
[ 51%] [32mBuilding C object CMakeFiles/my_action_interface__rosidl_typesupport_introspection_c.dir/rosidl_typesupport_introspection_c/my_action_interface/action/detail/open__type_support.c.o[0m
[ 53%] [32mBuilding CXX object CMakeFiles/my_action_interface__rosidl_typesupport_fastrtps_c.dir/rosidl_typesupport_fastrtps_c/my_action_interface/action/detail/open__type_support_c.cpp.o[0m
[ 55%] [32mBuilding C object CMakeFiles/my_action_interface__rosidl_typesupport_introspection_c.dir/rosidl_typesupport_introspection_c/my_action_interface/action/detail/docking_one__type_support.c.o[0m
[ 57%] [32mBuilding C object CMakeFiles/my_action_interface__rosidl_typesupport_introspection_c.dir/rosidl_typesupport_introspection_c/my_action_interface/action/detail/docking_two__type_support.c.o[0m
[ 59%] [32mBuilding CXX object CMakeFiles/my_action_interface__rosidl_typesupport_fastrtps_c.dir/rosidl_typesupport_fastrtps_c/my_action_interface/action/detail/docking_one__type_support_c.cpp.o[0m
[ 61%] [32mBuilding CXX object CMakeFiles/my_action_interface__rosidl_typesupport_fastrtps_c.dir/rosidl_typesupport_fastrtps_c/my_action_interface/action/detail/docking_two__type_support_c.cpp.o[0m
[ 65%] [32m[1mLinking C shared library libmy_action_interface__rosidl_typesupport_introspection_c.so[0m
[ 65%] [32mBuilding CXX object CMakeFiles/my_action_interface__rosidl_typesupport_fastrtps_cpp.dir/rosidl_typesupport_fastrtps_cpp/my_action_interface/action/detail/dds_fastrtps/docking_one__type_support.cpp.o[0m
[ 68%] [32m[1mLinking CXX shared library libmy_action_interface__rosidl_typesupport_introspection_cpp.so[0m
[ 68%] Built target my_action_interface__rosidl_typesupport_introspection_c
[ 70%] [32mBuilding CXX object CMakeFiles/my_action_interface__rosidl_typesupport_fastrtps_cpp.dir/rosidl_typesupport_fastrtps_cpp/my_action_interface/action/detail/dds_fastrtps/docking_two__type_support.cpp.o[0m
[ 70%] Built target my_action_interface__rosidl_typesupport_introspection_cpp
[ 72%] [32m[1mLinking CXX shared library libmy_action_interface__rosidl_typesupport_cpp.so[0m
[ 72%] Built target my_action_interface__rosidl_typesupport_cpp
[ 74%] [32m[1mLinking CXX shared library libmy_action_interface__rosidl_typesupport_fastrtps_c.so[0m
[ 74%] Built target my_action_interface__rosidl_typesupport_fastrtps_c
[ 76%] [32m[1mLinking CXX shared library libmy_action_interface__rosidl_typesupport_fastrtps_cpp.so[0m
[ 76%] Built target my_action_interface__rosidl_typesupport_fastrtps_cpp
[ 76%] Built target my_action_interface
[ 78%] [34m[1mGenerating Python code for ROS interfaces[0m
[ 78%] Built target my_action_interface__py
[35m[1mConsolidate compiler generated dependencies of target my_action_interface__rosidl_generator_py[0m
[ 80%] [32mBuilding C object CMakeFiles/my_action_interface__rosidl_generator_py.dir/rosidl_generator_py/my_action_interface/action/_open_s.c.o[0m
[ 85%] [32mBuilding C object CMakeFiles/my_action_interface__rosidl_generator_py.dir/rosidl_generator_py/my_action_interface/action/_docking_one_s.c.o[0m
[ 85%] [32mBuilding C object CMakeFiles/my_action_interface__rosidl_generator_py.dir/rosidl_generator_py/my_action_interface/action/_docking_two_s.c.o[0m
[ 87%] [32m[1mLinking C shared library rosidl_generator_py/my_action_interface/libmy_action_interface__rosidl_generator_py.so[0m
[ 87%] Built target my_action_interface__rosidl_generator_py
[35m[1mConsolidate compiler generated dependencies of target my_action_interface__rosidl_typesupport_introspection_c__pyext[0m
[35m[1mConsolidate compiler generated dependencies of target my_action_interface__rosidl_typesupport_c__pyext[0m
[35m[1mConsolidate compiler generated dependencies of target my_action_interface__rosidl_typesupport_fastrtps_c__pyext[0m
[ 91%] [32mBuilding C object CMakeFiles/my_action_interface__rosidl_typesupport_c__pyext.dir/rosidl_generator_py/my_action_interface/_my_action_interface_s.ep.rosidl_typesupport_c.c.o[0m
[ 91%] [32mBuilding C object CMakeFiles/my_action_interface__rosidl_typesupport_introspection_c__pyext.dir/rosidl_generator_py/my_action_interface/_my_action_interface_s.ep.rosidl_typesupport_introspection_c.c.o[0m
[ 93%] [32mBuilding C object CMakeFiles/my_action_interface__rosidl_typesupport_fastrtps_c__pyext.dir/rosidl_generator_py/my_action_interface/_my_action_interface_s.ep.rosidl_typesupport_fastrtps_c.c.o[0m
[ 95%] [32m[1mLinking C shared library rosidl_generator_py/my_action_interface/my_action_interface_s__rosidl_typesupport_introspection_c.cpython-310-x86_64-linux-gnu.so[0m
[ 97%] [32m[1mLinking C shared library rosidl_generator_py/my_action_interface/my_action_interface_s__rosidl_typesupport_fastrtps_c.cpython-310-x86_64-linux-gnu.so[0m
[100%] [32m[1mLinking C shared library rosidl_generator_py/my_action_interface/my_action_interface_s__rosidl_typesupport_c.cpython-310-x86_64-linux-gnu.so[0m
[100%] Built target my_action_interface__rosidl_typesupport_introspection_c__pyext
[100%] Built target my_action_interface__rosidl_typesupport_fastrtps_c__pyext
[100%] Built target my_action_interface__rosidl_typesupport_c__pyext
-- Install configuration: ""
-- Execute custom install script
-- Up-to-date symlink: /home/oh/slam_ws/install/my_action_interface/share/ament_index/resource_index/rosidl_interfaces/my_action_interface
-- Symlinking: /home/oh/slam_ws/install/my_action_interface/include/my_action_interface/my_action_interface/action/detail/docking_one__functions.h
-- Symlinking: /home/oh/slam_ws/install/my_action_interface/include/my_action_interface/my_action_interface/action/detail/docking_one__struct.h
-- Symlinking: /home/oh/slam_ws/install/my_action_interface/include/my_action_interface/my_action_interface/action/detail/docking_one__type_support.h
-- Up-to-date symlink: /home/oh/slam_ws/install/my_action_interface/include/my_action_interface/my_action_interface/action/detail/docking_two__functions.h
-- Up-to-date symlink: /home/oh/slam_ws/install/my_action_interface/include/my_action_interface/my_action_interface/action/detail/docking_two__struct.h
-- Up-to-date symlink: /home/oh/slam_ws/install/my_action_interface/include/my_action_interface/my_action_interface/action/detail/docking_two__type_support.h
-- Up-to-date symlink: /home/oh/slam_ws/install/my_action_interface/include/my_action_interface/my_action_interface/action/detail/open__functions.h
-- Up-to-date symlink: /home/oh/slam_ws/install/my_action_interface/include/my_action_interface/my_action_interface/action/detail/open__struct.h
-- Up-to-date symlink: /home/oh/slam_ws/install/my_action_interface/include/my_action_interface/my_action_interface/action/detail/open__type_support.h
-- Symlinking: /home/oh/slam_ws/install/my_action_interface/include/my_action_interface/my_action_interface/action/docking_one.h
-- Up-to-date symlink: /home/oh/slam_ws/install/my_action_interface/include/my_action_interface/my_action_interface/action/docking_two.h
-- Up-to-date symlink: /home/oh/slam_ws/install/my_action_interface/include/my_action_interface/my_action_interface/action/open.h
-- Up-to-date symlink: /home/oh/slam_ws/install/my_action_interface/include/my_action_interface/my_action_interface/msg/rosidl_generator_c__visibility_control.h
-- Up-to-date symlink: /home/oh/slam_ws/install/my_action_interface/share/my_action_interface/environment/library_path.sh
-- Up-to-date symlink: /home/oh/slam_ws/install/my_action_interface/share/my_action_interface/environment/library_path.dsv
-- Symlinking: /home/oh/slam_ws/install/my_action_interface/include/my_action_interface/my_action_interface/action/detail/docking_one__rosidl_typesupport_fastrtps_c.h
-- Up-to-date symlink: /home/oh/slam_ws/install/my_action_interface/include/my_action_interface/my_action_interface/action/detail/docking_two__rosidl_typesupport_fastrtps_c.h
-- Up-to-date symlink: /home/oh/slam_ws/install/my_action_interface/include/my_action_interface/my_action_interface/action/detail/open__rosidl_typesupport_fastrtps_c.h
-- Up-to-date symlink: /home/oh/slam_ws/install/my_action_interface/include/my_action_interface/my_action_interface/msg/rosidl_typesupport_fastrtps_c__visibility_control.h
-- Symlinking: /home/oh/slam_ws/install/my_action_interface/include/my_action_interface/my_action_interface/action/detail/docking_one__rosidl_typesupport_introspection_c.h
-- Up-to-date symlink: /home/oh/slam_ws/install/my_action_interface/include/my_action_interface/my_action_interface/action/detail/docking_two__rosidl_typesupport_introspection_c.h
-- Up-to-date symlink: /home/oh/slam_ws/install/my_action_interface/include/my_action_interface/my_action_interface/action/detail/open__rosidl_typesupport_introspection_c.h
-- Up-to-date symlink: /home/oh/slam_ws/install/my_action_interface/include/my_action_interface/my_action_interface/msg/rosidl_typesupport_introspection_c__visibility_control.h
-- Symlinking: /home/oh/slam_ws/install/my_action_interface/include/my_action_interface/my_action_interface/action/detail/docking_one__builder.hpp
-- Symlinking: /home/oh/slam_ws/install/my_action_interface/include/my_action_interface/my_action_interface/action/detail/docking_one__struct.hpp
-- Symlinking: /home/oh/slam_ws/install/my_action_interface/include/my_action_interface/my_action_interface/action/detail/docking_one__traits.hpp
-- Up-to-date symlink: /home/oh/slam_ws/install/my_action_interface/include/my_action_interface/my_action_interface/action/detail/docking_two__builder.hpp
-- Up-to-date symlink: /home/oh/slam_ws/install/my_action_interface/include/my_action_interface/my_action_interface/action/detail/docking_two__struct.hpp
-- Up-to-date symlink: /home/oh/slam_ws/install/my_action_interface/include/my_action_interface/my_action_interface/action/detail/docking_two__traits.hpp
-- Up-to-date symlink: /home/oh/slam_ws/install/my_action_interface/include/my_action_interface/my_action_interface/action/detail/open__builder.hpp
-- Up-to-date symlink: /home/oh/slam_ws/install/my_action_interface/include/my_action_interface/my_action_interface/action/detail/open__struct.hpp
-- Up-to-date symlink: /home/oh/slam_ws/install/my_action_interface/include/my_action_interface/my_action_interface/action/detail/open__traits.hpp
-- Symlinking: /home/oh/slam_ws/install/my_action_interface/include/my_action_interface/my_action_interface/action/docking_one.hpp
-- Up-to-date symlink: /home/oh/slam_ws/install/my_action_interface/include/my_action_interface/my_action_interface/action/docking_two.hpp
-- Up-to-date symlink: /home/oh/slam_ws/install/my_action_interface/include/my_action_interface/my_action_interface/action/open.hpp
-- Symlinking: /home/oh/slam_ws/install/my_action_interface/include/my_action_interface/my_action_interface/action/detail/docking_one__rosidl_typesupport_fastrtps_cpp.hpp
-- Up-to-date symlink: /home/oh/slam_ws/install/my_action_interface/include/my_action_interface/my_action_interface/action/detail/docking_two__rosidl_typesupport_fastrtps_cpp.hpp
-- Up-to-date symlink: /home/oh/slam_ws/install/my_action_interface/include/my_action_interface/my_action_interface/action/detail/open__rosidl_typesupport_fastrtps_cpp.hpp
-- Up-to-date symlink: /home/oh/slam_ws/install/my_action_interface/include/my_action_interface/my_action_interface/msg/rosidl_typesupport_fastrtps_cpp__visibility_control.h
-- Symlinking: /home/oh/slam_ws/install/my_action_interface/include/my_action_interface/my_action_interface/action/detail/docking_one__rosidl_typesupport_introspection_cpp.hpp
-- Up-to-date symlink: /home/oh/slam_ws/install/my_action_interface/include/my_action_interface/my_action_interface/action/detail/docking_two__rosidl_typesupport_introspection_cpp.hpp
-- Up-to-date symlink: /home/oh/slam_ws/install/my_action_interface/include/my_action_interface/my_action_interface/action/detail/open__rosidl_typesupport_introspection_cpp.hpp
-- Up-to-date symlink: /home/oh/slam_ws/install/my_action_interface/share/my_action_interface/environment/pythonpath.sh
-- Up-to-date symlink: /home/oh/slam_ws/install/my_action_interface/share/my_action_interface/environment/pythonpath.dsv
-- Up-to-date symlink: /home/oh/slam_ws/install/my_action_interface/local/lib/python3.10/dist-packages/my_action_interface-0.0.0-py3.10.egg-info/PKG-INFO
-- Up-to-date symlink: /home/oh/slam_ws/install/my_action_interface/local/lib/python3.10/dist-packages/my_action_interface-0.0.0-py3.10.egg-info/SOURCES.txt
-- Up-to-date symlink: /home/oh/slam_ws/install/my_action_interface/local/lib/python3.10/dist-packages/my_action_interface-0.0.0-py3.10.egg-info/dependency_links.txt
-- Up-to-date symlink: /home/oh/slam_ws/install/my_action_interface/local/lib/python3.10/dist-packages/my_action_interface-0.0.0-py3.10.egg-info/top_level.txt
-- Up-to-date symlink: /home/oh/slam_ws/install/my_action_interface/local/lib/python3.10/dist-packages/my_action_interface/__init__.py
-- Up-to-date symlink: /home/oh/slam_ws/install/my_action_interface/local/lib/python3.10/dist-packages/my_action_interface/_my_action_interface_s.ep.rosidl_typesupport_c.c
-- Up-to-date symlink: /home/oh/slam_ws/install/my_action_interface/local/lib/python3.10/dist-packages/my_action_interface/_my_action_interface_s.ep.rosidl_typesupport_fastrtps_c.c
-- Up-to-date symlink: /home/oh/slam_ws/install/my_action_interface/local/lib/python3.10/dist-packages/my_action_interface/_my_action_interface_s.ep.rosidl_typesupport_introspection_c.c
-- Up-to-date symlink: /home/oh/slam_ws/install/my_action_interface/local/lib/python3.10/dist-packages/my_action_interface/action/__init__.py
-- Symlinking: /home/oh/slam_ws/install/my_action_interface/local/lib/python3.10/dist-packages/my_action_interface/action/_docking_one.py
-- Symlinking: /home/oh/slam_ws/install/my_action_interface/local/lib/python3.10/dist-packages/my_action_interface/action/_docking_one_s.c
-- Up-to-date symlink: /home/oh/slam_ws/install/my_action_interface/local/lib/python3.10/dist-packages/my_action_interface/action/_docking_two.py
-- Up-to-date symlink: /home/oh/slam_ws/install/my_action_interface/local/lib/python3.10/dist-packages/my_action_interface/action/_docking_two_s.c
-- Up-to-date symlink: /home/oh/slam_ws/install/my_action_interface/local/lib/python3.10/dist-packages/my_action_interface/action/_open.py
-- Up-to-date symlink: /home/oh/slam_ws/install/my_action_interface/local/lib/python3.10/dist-packages/my_action_interface/action/_open_s.c
-- Up-to-date symlink: /home/oh/slam_ws/install/my_action_interface/local/lib/python3.10/dist-packages/my_action_interface/libmy_action_interface__rosidl_generator_py.so
-- Up-to-date symlink: /home/oh/slam_ws/install/my_action_interface/local/lib/python3.10/dist-packages/my_action_interface/my_action_interface_s__rosidl_typesupport_c.cpython-310-x86_64-linux-gnu.so
-- Up-to-date symlink: /home/oh/slam_ws/install/my_action_interface/local/lib/python3.10/dist-packages/my_action_interface/my_action_interface_s__rosidl_typesupport_fastrtps_c.cpython-310-x86_64-linux-gnu.so
-- Up-to-date symlink: /home/oh/slam_ws/install/my_action_interface/local/lib/python3.10/dist-packages/my_action_interface/my_action_interface_s__rosidl_typesupport_introspection_c.cpython-310-x86_64-linux-gnu.so
-- Up-to-date symlink: /home/oh/slam_ws/install/my_action_interface/local/lib/python3.10/dist-packages/my_action_interface/my_action_interface_s__rosidl_typesupport_fastrtps_c.cpython-310-x86_64-linux-gnu.so
-- Up-to-date symlink: /home/oh/slam_ws/install/my_action_interface/local/lib/python3.10/dist-packages/my_action_interface/my_action_interface_s__rosidl_typesupport_introspection_c.cpython-310-x86_64-linux-gnu.so
-- Up-to-date symlink: /home/oh/slam_ws/install/my_action_interface/local/lib/python3.10/dist-packages/my_action_interface/my_action_interface_s__rosidl_typesupport_c.cpython-310-x86_64-linux-gnu.so
-- Up-to-date symlink: /home/oh/slam_ws/install/my_action_interface/share/my_action_interface/action/Open.idl
-- Symlinking: /home/oh/slam_ws/install/my_action_interface/share/my_action_interface/action/DockingOne.idl
-- Up-to-date symlink: /home/oh/slam_ws/install/my_action_interface/share/my_action_interface/action/DockingTwo.idl
-- Up-to-date symlink: /home/oh/slam_ws/install/my_action_interface/share/my_action_interface/action/Open.action
-- Symlinking: /home/oh/slam_ws/install/my_action_interface/share/my_action_interface/action/DockingOne.action
-- Up-to-date symlink: /home/oh/slam_ws/install/my_action_interface/share/my_action_interface/action/DockingTwo.action
-- Up-to-date symlink: /home/oh/slam_ws/install/my_action_interface/share/ament_index/resource_index/package_run_dependencies/my_action_interface
-- Up-to-date symlink: /home/oh/slam_ws/install/my_action_interface/share/ament_index/resource_index/parent_prefix_path/my_action_interface
-- Up-to-date symlink: /home/oh/slam_ws/install/my_action_interface/share/my_action_interface/environment/ament_prefix_path.sh
-- Up-to-date symlink: /home/oh/slam_ws/install/my_action_interface/share/my_action_interface/environment/ament_prefix_path.dsv
-- Up-to-date symlink: /home/oh/slam_ws/install/my_action_interface/share/my_action_interface/environment/path.sh
-- Up-to-date symlink: /home/oh/slam_ws/install/my_action_interface/share/my_action_interface/environment/path.dsv
-- Up-to-date symlink: /home/oh/slam_ws/install/my_action_interface/share/my_action_interface/local_setup.bash
-- Up-to-date symlink: /home/oh/slam_ws/install/my_action_interface/share/my_action_interface/local_setup.sh
-- Up-to-date symlink: /home/oh/slam_ws/install/my_action_interface/share/my_action_interface/local_setup.zsh
-- Up-to-date symlink: /home/oh/slam_ws/install/my_action_interface/share/my_action_interface/local_setup.dsv
-- Symlinking: /home/oh/slam_ws/install/my_action_interface/share/my_action_interface/package.dsv
-- Up-to-date symlink: /home/oh/slam_ws/install/my_action_interface/share/ament_index/resource_index/packages/my_action_interface
-- Up-to-date symlink: /home/oh/slam_ws/install/my_action_interface/share/my_action_interface/cmake/rosidl_cmake-extras.cmake
-- Up-to-date symlink: /home/oh/slam_ws/install/my_action_interface/share/my_action_interface/cmake/ament_cmake_export_dependencies-extras.cmake
-- Up-to-date symlink: /home/oh/slam_ws/install/my_action_interface/share/my_action_interface/cmake/ament_cmake_export_include_directories-extras.cmake
-- Up-to-date symlink: /home/oh/slam_ws/install/my_action_interface/share/my_action_interface/cmake/ament_cmake_export_libraries-extras.cmake
-- Up-to-date symlink: /home/oh/slam_ws/install/my_action_interface/share/my_action_interface/cmake/ament_cmake_export_targets-extras.cmake
-- Up-to-date symlink: /home/oh/slam_ws/install/my_action_interface/share/my_action_interface/cmake/rosidl_cmake_export_typesupport_targets-extras.cmake
-- Up-to-date symlink: /home/oh/slam_ws/install/my_action_interface/share/my_action_interface/cmake/rosidl_cmake_export_typesupport_libraries-extras.cmake
-- Up-to-date symlink: /home/oh/slam_ws/install/my_action_interface/share/my_action_interface/cmake/my_action_interfaceConfig.cmake
-- Up-to-date symlink: /home/oh/slam_ws/install/my_action_interface/share/my_action_interface/cmake/my_action_interfaceConfig-version.cmake
-- Up-to-date symlink: /home/oh/slam_ws/install/my_action_interface/share/my_action_interface/package.xml
-- Installing: /home/oh/slam_ws/install/my_action_interface/lib/libmy_action_interface__rosidl_generator_c.so
-- Set runtime path of "/home/oh/slam_ws/install/my_action_interface/lib/libmy_action_interface__rosidl_generator_c.so" to ""
-- Installing: /home/oh/slam_ws/install/my_action_interface/lib/libmy_action_interface__rosidl_typesupport_fastrtps_c.so
-- Set runtime path of "/home/oh/slam_ws/install/my_action_interface/lib/libmy_action_interface__rosidl_typesupport_fastrtps_c.so" to ""
-- Installing: /home/oh/slam_ws/install/my_action_interface/lib/libmy_action_interface__rosidl_typesupport_introspection_c.so
-- Set runtime path of "/home/oh/slam_ws/install/my_action_interface/lib/libmy_action_interface__rosidl_typesupport_introspection_c.so" to ""
-- Installing: /home/oh/slam_ws/install/my_action_interface/lib/libmy_action_interface__rosidl_typesupport_c.so
-- Set runtime path of "/home/oh/slam_ws/install/my_action_interface/lib/libmy_action_interface__rosidl_typesupport_c.so" to ""
-- Installing: /home/oh/slam_ws/install/my_action_interface/lib/libmy_action_interface__rosidl_typesupport_fastrtps_cpp.so
-- Set runtime path of "/home/oh/slam_ws/install/my_action_interface/lib/libmy_action_interface__rosidl_typesupport_fastrtps_cpp.so" to ""
-- Installing: /home/oh/slam_ws/install/my_action_interface/lib/libmy_action_interface__rosidl_typesupport_introspection_cpp.so
-- Set runtime path of "/home/oh/slam_ws/install/my_action_interface/lib/libmy_action_interface__rosidl_typesupport_introspection_cpp.so" to ""
-- Installing: /home/oh/slam_ws/install/my_action_interface/lib/libmy_action_interface__rosidl_typesupport_cpp.so
-- Set runtime path of "/home/oh/slam_ws/install/my_action_interface/lib/libmy_action_interface__rosidl_typesupport_cpp.so" to ""
Listing '/home/oh/slam_ws/install/my_action_interface/local/lib/python3.10/dist-packages/my_action_interface'...
Compiling '/home/oh/slam_ws/install/my_action_interface/local/lib/python3.10/dist-packages/my_action_interface/__init__.py'...
Listing '/home/oh/slam_ws/install/my_action_interface/local/lib/python3.10/dist-packages/my_action_interface/action'...
Compiling '/home/oh/slam_ws/install/my_action_interface/local/lib/python3.10/dist-packages/my_action_interface/action/__init__.py'...
Compiling '/home/oh/slam_ws/install/my_action_interface/local/lib/python3.10/dist-packages/my_action_interface/action/_docking_one.py'...
Compiling '/home/oh/slam_ws/install/my_action_interface/local/lib/python3.10/dist-packages/my_action_interface/action/_docking_two.py'...
Compiling '/home/oh/slam_ws/install/my_action_interface/local/lib/python3.10/dist-packages/my_action_interface/action/_open.py'...
-- Installing: /home/oh/slam_ws/install/my_action_interface/lib/libmy_action_interface__rosidl_generator_py.so
-- Set runtime path of "/home/oh/slam_ws/install/my_action_interface/lib/libmy_action_interface__rosidl_generator_py.so" to ""
-- Up-to-date: /home/oh/slam_ws/install/my_action_interface/share/my_action_interface/cmake/export_my_action_interface__rosidl_generator_cExport.cmake
-- Up-to-date: /home/oh/slam_ws/install/my_action_interface/share/my_action_interface/cmake/export_my_action_interface__rosidl_generator_cExport-noconfig.cmake
-- Up-to-date: /home/oh/slam_ws/install/my_action_interface/share/my_action_interface/cmake/export_my_action_interface__rosidl_typesupport_fastrtps_cExport.cmake
-- Up-to-date: /home/oh/slam_ws/install/my_action_interface/share/my_action_interface/cmake/export_my_action_interface__rosidl_typesupport_fastrtps_cExport-noconfig.cmake
-- Up-to-date: /home/oh/slam_ws/install/my_action_interface/share/my_action_interface/cmake/my_action_interface__rosidl_typesupport_introspection_cExport.cmake
-- Up-to-date: /home/oh/slam_ws/install/my_action_interface/share/my_action_interface/cmake/my_action_interface__rosidl_typesupport_introspection_cExport-noconfig.cmake
-- Up-to-date: /home/oh/slam_ws/install/my_action_interface/share/my_action_interface/cmake/my_action_interface__rosidl_typesupport_cExport.cmake
-- Up-to-date: /home/oh/slam_ws/install/my_action_interface/share/my_action_interface/cmake/my_action_interface__rosidl_typesupport_cExport-noconfig.cmake
-- Up-to-date: /home/oh/slam_ws/install/my_action_interface/share/my_action_interface/cmake/export_my_action_interface__rosidl_generator_cppExport.cmake
-- Up-to-date: /home/oh/slam_ws/install/my_action_interface/share/my_action_interface/cmake/export_my_action_interface__rosidl_typesupport_fastrtps_cppExport.cmake
-- Up-to-date: /home/oh/slam_ws/install/my_action_interface/share/my_action_interface/cmake/export_my_action_interface__rosidl_typesupport_fastrtps_cppExport-noconfig.cmake
-- Up-to-date: /home/oh/slam_ws/install/my_action_interface/share/my_action_interface/cmake/my_action_interface__rosidl_typesupport_introspection_cppExport.cmake
-- Up-to-date: /home/oh/slam_ws/install/my_action_interface/share/my_action_interface/cmake/my_action_interface__rosidl_typesupport_introspection_cppExport-noconfig.cmake
-- Up-to-date: /home/oh/slam_ws/install/my_action_interface/share/my_action_interface/cmake/my_action_interface__rosidl_typesupport_cppExport.cmake
-- Up-to-date: /home/oh/slam_ws/install/my_action_interface/share/my_action_interface/cmake/my_action_interface__rosidl_typesupport_cppExport-noconfig.cmake
-- Up-to-date: /home/oh/slam_ws/install/my_action_interface/share/my_action_interface/cmake/export_my_action_interface__rosidl_generator_pyExport.cmake
-- Up-to-date: /home/oh/slam_ws/install/my_action_interface/share/my_action_interface/cmake/export_my_action_interface__rosidl_generator_pyExport-noconfig.cmake
