[0.025s] Invoking command in '/home/oh/slam_ws/build/my_action_interface': CMAKE_PREFIX_PATH=${CMAKE_PREFIX_PATH}:/home/oh/slam_ws/install/ros2_aruco:/home/oh/slam_ws/install/my_tf_package:/home/oh/slam_ws/install/my_tf2_package:/home/oh/slam_ws/install/my_docking:/home/oh/slam_ws/install/my_aruco_to_goal_pose_pkg:/opt/ros/humble /usr/bin/cmake --build /home/oh/slam_ws/build/my_action_interface -- -j8 -l8
[0.074s] -- Found ament_cmake: 1.3.8 (/opt/ros/humble/share/ament_cmake/cmake)
[0.317s] -- Override CMake install command with custom implementation using symlinks instead of copying resources
[0.329s] -- Found rosidl_default_generators: 1.2.0 (/opt/ros/humble/share/rosidl_default_generators/cmake)
[0.339s] -- Using all available rosidl_typesupport_c: rosidl_typesupport_fastrtps_c;rosidl_typesupport_introspection_c
[0.345s] -- Found rosidl_adapter: 3.1.5 (/opt/ros/humble/share/rosidl_adapter/cmake)
[0.404s] -- Using all available rosidl_typesupport_cpp: rosidl_typesupport_fastrtps_cpp;rosidl_typesupport_introspection_cpp
[1.151s] -- Found ament_cmake_ros: 0.10.0 (/opt/ros/humble/share/ament_cmake_ros/cmake)
[1.532s] -- Using all available rosidl_typesupport_c: rosidl_typesupport_fastrtps_c;rosidl_typesupport_introspection_c
[2.037s] -- Using all available rosidl_typesupport_cpp: rosidl_typesupport_fastrtps_cpp;rosidl_typesupport_introspection_cpp
[2.085s] -- Found python_cmake_module: 0.10.0 (/opt/ros/humble/share/python_cmake_module/cmake)
[2.131s] -- Using PYTHON_EXECUTABLE: /usr/bin/python3
[2.131s] -- Using PYTHON_INCLUDE_DIRS: /usr/include/python3.10
[2.131s] -- Using PYTHON_LIBRARIES: /usr/lib/x86_64-linux-gnu/libpython3.10.so
[2.202s] -- Found ament_lint_auto: 0.12.10 (/opt/ros/humble/share/ament_lint_auto/cmake)
[2.218s] -- Added test 'lint_cmake' to check CMake code style
[2.219s] -- Added test 'xmllint' to check XML markup files
[2.223s] -- Configuring done
[2.282s] -- Generating done
[2.287s] -- Build files have been written to: /home/oh/slam_ws/build/my_action_interface
[2.339s] [  2%] [34m[1mGenerating C code for ROS interfaces[0m
[2.361s] [  4%] [34m[1mGenerating C++ code for ROS interfaces[0m
[2.377s] [  4%] Built target ament_cmake_python_symlink_my_action_interface
[2.869s] running egg_info
[2.870s] writing my_action_interface.egg-info/PKG-INFO
[2.870s] writing dependency_links to my_action_interface.egg-info/dependency_links.txt
[2.871s] writing top-level names to my_action_interface.egg-info/top_level.txt
[2.875s] reading manifest file 'my_action_interface.egg-info/SOURCES.txt'
[2.876s] writing manifest file 'my_action_interface.egg-info/SOURCES.txt'
[2.924s] [  4%] Built target ament_cmake_python_build_my_action_interface_egg
[4.031s] [  4%] Built target my_action_interface__cpp
[4.051s] [  6%] [34m[1mGenerating C++ type support for eProsima Fast-RTPS[0m
[4.055s] [  8%] [34m[1mGenerating C++ introspection for ROS interfaces[0m
[4.058s] [ 10%] [34m[1mGenerating C++ type support dispatch for ROS interfaces[0m
[4.068s] [35m[1mConsolidate compiler generated dependencies of target my_action_interface__rosidl_generator_c[0m
[4.093s] [ 12%] [32mBuilding C object CMakeFiles/my_action_interface__rosidl_generator_c.dir/rosidl_generator_c/my_action_interface/action/detail/open__functions.c.o[0m
[4.101s] [ 14%] [32mBuilding C object CMakeFiles/my_action_interface__rosidl_generator_c.dir/rosidl_generator_c/my_action_interface/action/detail/docking_one__functions.c.o[0m
[4.102s] [ 17%] [32mBuilding C object CMakeFiles/my_action_interface__rosidl_generator_c.dir/rosidl_generator_c/my_action_interface/action/detail/docking_two__functions.c.o[0m
[4.483s] [ 19%] [32m[1mLinking C shared library libmy_action_interface__rosidl_generator_c.so[0m
[4.556s] [ 19%] Built target my_action_interface__rosidl_generator_c
[4.582s] [ 21%] [34m[1mGenerating C type support dispatch for ROS interfaces[0m
[4.586s] [ 23%] [34m[1mGenerating C type support for eProsima Fast-RTPS[0m
[4.588s] [ 25%] [34m[1mGenerating C introspection for ROS interfaces[0m
[5.484s] [35m[1mConsolidate compiler generated dependencies of target my_action_interface__rosidl_typesupport_introspection_cpp[0m
[5.491s] [35m[1mConsolidate compiler generated dependencies of target my_action_interface__rosidl_typesupport_cpp[0m
[5.527s] [ 27%] [32mBuilding CXX object CMakeFiles/my_action_interface__rosidl_typesupport_introspection_cpp.dir/rosidl_typesupport_introspection_cpp/my_action_interface/action/detail/docking_one__type_support.cpp.o[0m
[5.528s] [ 29%] [32mBuilding CXX object CMakeFiles/my_action_interface__rosidl_typesupport_introspection_cpp.dir/rosidl_typesupport_introspection_cpp/my_action_interface/action/detail/docking_two__type_support.cpp.o[0m
[5.528s] [ 31%] [32mBuilding CXX object CMakeFiles/my_action_interface__rosidl_typesupport_introspection_cpp.dir/rosidl_typesupport_introspection_cpp/my_action_interface/action/detail/open__type_support.cpp.o[0m
[5.533s] [ 34%] [32mBuilding CXX object CMakeFiles/my_action_interface__rosidl_typesupport_cpp.dir/rosidl_typesupport_cpp/my_action_interface/action/open__type_support.cpp.o[0m
[5.667s] [35m[1mConsolidate compiler generated dependencies of target my_action_interface__rosidl_typesupport_fastrtps_cpp[0m
[5.710s] [ 36%] [32mBuilding CXX object CMakeFiles/my_action_interface__rosidl_typesupport_fastrtps_cpp.dir/rosidl_typesupport_fastrtps_cpp/my_action_interface/action/detail/dds_fastrtps/open__type_support.cpp.o[0m
[6.123s] [35m[1mConsolidate compiler generated dependencies of target my_action_interface__rosidl_typesupport_c[0m
[6.162s] [ 38%] [32mBuilding CXX object CMakeFiles/my_action_interface__rosidl_typesupport_c.dir/rosidl_typesupport_c/my_action_interface/action/open__type_support.cpp.o[0m
[6.317s] [ 40%] [32mBuilding CXX object CMakeFiles/my_action_interface__rosidl_typesupport_c.dir/rosidl_typesupport_c/my_action_interface/action/docking_one__type_support.cpp.o[0m
[6.486s] [ 42%] [32mBuilding CXX object CMakeFiles/my_action_interface__rosidl_typesupport_c.dir/rosidl_typesupport_c/my_action_interface/action/docking_two__type_support.cpp.o[0m
[6.644s] [ 44%] [32m[1mLinking CXX shared library libmy_action_interface__rosidl_typesupport_c.so[0m
[6.791s] [ 44%] Built target my_action_interface__rosidl_typesupport_c
[6.832s] [ 46%] [32mBuilding CXX object CMakeFiles/my_action_interface__rosidl_typesupport_cpp.dir/rosidl_typesupport_cpp/my_action_interface/action/docking_one__type_support.cpp.o[0m
[6.870s] [ 48%] [32mBuilding CXX object CMakeFiles/my_action_interface__rosidl_typesupport_cpp.dir/rosidl_typesupport_cpp/my_action_interface/action/docking_two__type_support.cpp.o[0m
[7.109s] [35m[1mConsolidate compiler generated dependencies of target my_action_interface__rosidl_typesupport_introspection_c[0m
[7.168s] [35m[1mConsolidate compiler generated dependencies of target my_action_interface__rosidl_typesupport_fastrtps_c[0m
[7.169s] [ 51%] [32mBuilding C object CMakeFiles/my_action_interface__rosidl_typesupport_introspection_c.dir/rosidl_typesupport_introspection_c/my_action_interface/action/detail/open__type_support.c.o[0m
[7.217s] [ 53%] [32mBuilding CXX object CMakeFiles/my_action_interface__rosidl_typesupport_fastrtps_c.dir/rosidl_typesupport_fastrtps_c/my_action_interface/action/detail/open__type_support_c.cpp.o[0m
[7.350s] [ 55%] [32mBuilding C object CMakeFiles/my_action_interface__rosidl_typesupport_introspection_c.dir/rosidl_typesupport_introspection_c/my_action_interface/action/detail/docking_one__type_support.c.o[0m
[7.387s] [ 57%] [32mBuilding C object CMakeFiles/my_action_interface__rosidl_typesupport_introspection_c.dir/rosidl_typesupport_introspection_c/my_action_interface/action/detail/docking_two__type_support.c.o[0m
[7.453s] [ 59%] [32mBuilding CXX object CMakeFiles/my_action_interface__rosidl_typesupport_fastrtps_c.dir/rosidl_typesupport_fastrtps_c/my_action_interface/action/detail/docking_one__type_support_c.cpp.o[0m
[7.517s] [ 61%] [32mBuilding CXX object CMakeFiles/my_action_interface__rosidl_typesupport_fastrtps_c.dir/rosidl_typesupport_fastrtps_c/my_action_interface/action/detail/docking_two__type_support_c.cpp.o[0m
[7.544s] [ 65%] [32m[1mLinking C shared library libmy_action_interface__rosidl_typesupport_introspection_c.so[0m
[7.545s] [ 65%] [32mBuilding CXX object CMakeFiles/my_action_interface__rosidl_typesupport_fastrtps_cpp.dir/rosidl_typesupport_fastrtps_cpp/my_action_interface/action/detail/dds_fastrtps/docking_one__type_support.cpp.o[0m
[7.546s] [ 68%] [32m[1mLinking CXX shared library libmy_action_interface__rosidl_typesupport_introspection_cpp.so[0m
[7.645s] [ 68%] Built target my_action_interface__rosidl_typesupport_introspection_c
[7.674s] [ 70%] [32mBuilding CXX object CMakeFiles/my_action_interface__rosidl_typesupport_fastrtps_cpp.dir/rosidl_typesupport_fastrtps_cpp/my_action_interface/action/detail/dds_fastrtps/docking_two__type_support.cpp.o[0m
[7.798s] [ 70%] Built target my_action_interface__rosidl_typesupport_introspection_cpp
[8.271s] [ 72%] [32m[1mLinking CXX shared library libmy_action_interface__rosidl_typesupport_cpp.so[0m
[8.366s] [ 72%] Built target my_action_interface__rosidl_typesupport_cpp
[8.591s] [ 74%] [32m[1mLinking CXX shared library libmy_action_interface__rosidl_typesupport_fastrtps_c.so[0m
[8.748s] [ 74%] Built target my_action_interface__rosidl_typesupport_fastrtps_c
[9.133s] [ 76%] [32m[1mLinking CXX shared library libmy_action_interface__rosidl_typesupport_fastrtps_cpp.so[0m
[9.286s] [ 76%] Built target my_action_interface__rosidl_typesupport_fastrtps_cpp
[9.329s] [ 76%] Built target my_action_interface
[9.371s] [ 78%] [34m[1mGenerating Python code for ROS interfaces[0m
[12.528s] [ 78%] Built target my_action_interface__py
[12.550s] [35m[1mConsolidate compiler generated dependencies of target my_action_interface__rosidl_generator_py[0m
[12.577s] [ 80%] [32mBuilding C object CMakeFiles/my_action_interface__rosidl_generator_py.dir/rosidl_generator_py/my_action_interface/action/_open_s.c.o[0m
[12.577s] [ 85%] [32mBuilding C object CMakeFiles/my_action_interface__rosidl_generator_py.dir/rosidl_generator_py/my_action_interface/action/_docking_one_s.c.o[0m
[12.577s] [ 85%] [32mBuilding C object CMakeFiles/my_action_interface__rosidl_generator_py.dir/rosidl_generator_py/my_action_interface/action/_docking_two_s.c.o[0m
[12.854s] [ 87%] [32m[1mLinking C shared library rosidl_generator_py/my_action_interface/libmy_action_interface__rosidl_generator_py.so[0m
[12.936s] [ 87%] Built target my_action_interface__rosidl_generator_py
[12.957s] [35m[1mConsolidate compiler generated dependencies of target my_action_interface__rosidl_typesupport_introspection_c__pyext[0m
[12.958s] [35m[1mConsolidate compiler generated dependencies of target my_action_interface__rosidl_typesupport_c__pyext[0m
[12.958s] [35m[1mConsolidate compiler generated dependencies of target my_action_interface__rosidl_typesupport_fastrtps_c__pyext[0m
[12.983s] [ 91%] [32mBuilding C object CMakeFiles/my_action_interface__rosidl_typesupport_c__pyext.dir/rosidl_generator_py/my_action_interface/_my_action_interface_s.ep.rosidl_typesupport_c.c.o[0m
[12.984s] [ 91%] [32mBuilding C object CMakeFiles/my_action_interface__rosidl_typesupport_introspection_c__pyext.dir/rosidl_generator_py/my_action_interface/_my_action_interface_s.ep.rosidl_typesupport_introspection_c.c.o[0m
[12.984s] [ 93%] [32mBuilding C object CMakeFiles/my_action_interface__rosidl_typesupport_fastrtps_c__pyext.dir/rosidl_generator_py/my_action_interface/_my_action_interface_s.ep.rosidl_typesupport_fastrtps_c.c.o[0m
[13.290s] [ 95%] [32m[1mLinking C shared library rosidl_generator_py/my_action_interface/my_action_interface_s__rosidl_typesupport_introspection_c.cpython-310-x86_64-linux-gnu.so[0m
[13.291s] [ 97%] [32m[1mLinking C shared library rosidl_generator_py/my_action_interface/my_action_interface_s__rosidl_typesupport_fastrtps_c.cpython-310-x86_64-linux-gnu.so[0m
[13.296s] [100%] [32m[1mLinking C shared library rosidl_generator_py/my_action_interface/my_action_interface_s__rosidl_typesupport_c.cpython-310-x86_64-linux-gnu.so[0m
[13.370s] [100%] Built target my_action_interface__rosidl_typesupport_introspection_c__pyext
[13.371s] [100%] Built target my_action_interface__rosidl_typesupport_fastrtps_c__pyext
[13.376s] [100%] Built target my_action_interface__rosidl_typesupport_c__pyext
[13.398s] Invoked command in '/home/oh/slam_ws/build/my_action_interface' returned '0': CMAKE_PREFIX_PATH=${CMAKE_PREFIX_PATH}:/home/oh/slam_ws/install/ros2_aruco:/home/oh/slam_ws/install/my_tf_package:/home/oh/slam_ws/install/my_tf2_package:/home/oh/slam_ws/install/my_docking:/home/oh/slam_ws/install/my_aruco_to_goal_pose_pkg:/opt/ros/humble /usr/bin/cmake --build /home/oh/slam_ws/build/my_action_interface -- -j8 -l8
[13.699s] Invoking command in '/home/oh/slam_ws/build/my_action_interface': CMAKE_PREFIX_PATH=${CMAKE_PREFIX_PATH}:/home/oh/slam_ws/install/ros2_aruco:/home/oh/slam_ws/install/my_tf_package:/home/oh/slam_ws/install/my_tf2_package:/home/oh/slam_ws/install/my_docking:/home/oh/slam_ws/install/my_aruco_to_goal_pose_pkg:/opt/ros/humble /usr/bin/cmake --install /home/oh/slam_ws/build/my_action_interface
[13.716s] -- Install configuration: ""
[13.717s] -- Execute custom install script
[13.717s] -- Up-to-date symlink: /home/oh/slam_ws/install/my_action_interface/share/ament_index/resource_index/rosidl_interfaces/my_action_interface
[13.718s] -- Symlinking: /home/oh/slam_ws/install/my_action_interface/include/my_action_interface/my_action_interface/action/detail/docking_one__functions.h
[13.735s] -- Symlinking: /home/oh/slam_ws/install/my_action_interface/include/my_action_interface/my_action_interface/action/detail/docking_one__struct.h
[13.752s] -- Symlinking: /home/oh/slam_ws/install/my_action_interface/include/my_action_interface/my_action_interface/action/detail/docking_one__type_support.h
[13.769s] -- Up-to-date symlink: /home/oh/slam_ws/install/my_action_interface/include/my_action_interface/my_action_interface/action/detail/docking_two__functions.h
[13.769s] -- Up-to-date symlink: /home/oh/slam_ws/install/my_action_interface/include/my_action_interface/my_action_interface/action/detail/docking_two__struct.h
[13.769s] -- Up-to-date symlink: /home/oh/slam_ws/install/my_action_interface/include/my_action_interface/my_action_interface/action/detail/docking_two__type_support.h
[13.770s] -- Up-to-date symlink: /home/oh/slam_ws/install/my_action_interface/include/my_action_interface/my_action_interface/action/detail/open__functions.h
[13.770s] -- Up-to-date symlink: /home/oh/slam_ws/install/my_action_interface/include/my_action_interface/my_action_interface/action/detail/open__struct.h
[13.770s] -- Up-to-date symlink: /home/oh/slam_ws/install/my_action_interface/include/my_action_interface/my_action_interface/action/detail/open__type_support.h
[13.770s] -- Symlinking: /home/oh/slam_ws/install/my_action_interface/include/my_action_interface/my_action_interface/action/docking_one.h
[13.787s] -- Up-to-date symlink: /home/oh/slam_ws/install/my_action_interface/include/my_action_interface/my_action_interface/action/docking_two.h
[13.787s] -- Up-to-date symlink: /home/oh/slam_ws/install/my_action_interface/include/my_action_interface/my_action_interface/action/open.h
[13.787s] -- Up-to-date symlink: /home/oh/slam_ws/install/my_action_interface/include/my_action_interface/my_action_interface/msg/rosidl_generator_c__visibility_control.h
[13.788s] -- Up-to-date symlink: /home/oh/slam_ws/install/my_action_interface/share/my_action_interface/environment/library_path.sh
[13.788s] -- Up-to-date symlink: /home/oh/slam_ws/install/my_action_interface/share/my_action_interface/environment/library_path.dsv
[13.789s] -- Symlinking: /home/oh/slam_ws/install/my_action_interface/include/my_action_interface/my_action_interface/action/detail/docking_one__rosidl_typesupport_fastrtps_c.h
[13.806s] -- Up-to-date symlink: /home/oh/slam_ws/install/my_action_interface/include/my_action_interface/my_action_interface/action/detail/docking_two__rosidl_typesupport_fastrtps_c.h
[13.807s] -- Up-to-date symlink: /home/oh/slam_ws/install/my_action_interface/include/my_action_interface/my_action_interface/action/detail/open__rosidl_typesupport_fastrtps_c.h
[13.807s] -- Up-to-date symlink: /home/oh/slam_ws/install/my_action_interface/include/my_action_interface/my_action_interface/msg/rosidl_typesupport_fastrtps_c__visibility_control.h
[13.808s] -- Symlinking: /home/oh/slam_ws/install/my_action_interface/include/my_action_interface/my_action_interface/action/detail/docking_one__rosidl_typesupport_introspection_c.h
[13.825s] -- Up-to-date symlink: /home/oh/slam_ws/install/my_action_interface/include/my_action_interface/my_action_interface/action/detail/docking_two__rosidl_typesupport_introspection_c.h
[13.825s] -- Up-to-date symlink: /home/oh/slam_ws/install/my_action_interface/include/my_action_interface/my_action_interface/action/detail/open__rosidl_typesupport_introspection_c.h
[13.826s] -- Up-to-date symlink: /home/oh/slam_ws/install/my_action_interface/include/my_action_interface/my_action_interface/msg/rosidl_typesupport_introspection_c__visibility_control.h
[13.826s] -- Symlinking: /home/oh/slam_ws/install/my_action_interface/include/my_action_interface/my_action_interface/action/detail/docking_one__builder.hpp
[13.843s] -- Symlinking: /home/oh/slam_ws/install/my_action_interface/include/my_action_interface/my_action_interface/action/detail/docking_one__struct.hpp
[13.860s] -- Symlinking: /home/oh/slam_ws/install/my_action_interface/include/my_action_interface/my_action_interface/action/detail/docking_one__traits.hpp
[13.876s] -- Up-to-date symlink: /home/oh/slam_ws/install/my_action_interface/include/my_action_interface/my_action_interface/action/detail/docking_two__builder.hpp
[13.877s] -- Up-to-date symlink: /home/oh/slam_ws/install/my_action_interface/include/my_action_interface/my_action_interface/action/detail/docking_two__struct.hpp
[13.877s] -- Up-to-date symlink: /home/oh/slam_ws/install/my_action_interface/include/my_action_interface/my_action_interface/action/detail/docking_two__traits.hpp
[13.877s] -- Up-to-date symlink: /home/oh/slam_ws/install/my_action_interface/include/my_action_interface/my_action_interface/action/detail/open__builder.hpp
[13.877s] -- Up-to-date symlink: /home/oh/slam_ws/install/my_action_interface/include/my_action_interface/my_action_interface/action/detail/open__struct.hpp
[13.877s] -- Up-to-date symlink: /home/oh/slam_ws/install/my_action_interface/include/my_action_interface/my_action_interface/action/detail/open__traits.hpp
[13.877s] -- Symlinking: /home/oh/slam_ws/install/my_action_interface/include/my_action_interface/my_action_interface/action/docking_one.hpp
[13.894s] -- Up-to-date symlink: /home/oh/slam_ws/install/my_action_interface/include/my_action_interface/my_action_interface/action/docking_two.hpp
[13.894s] -- Up-to-date symlink: /home/oh/slam_ws/install/my_action_interface/include/my_action_interface/my_action_interface/action/open.hpp
[13.895s] -- Symlinking: /home/oh/slam_ws/install/my_action_interface/include/my_action_interface/my_action_interface/action/detail/docking_one__rosidl_typesupport_fastrtps_cpp.hpp
[13.912s] -- Up-to-date symlink: /home/oh/slam_ws/install/my_action_interface/include/my_action_interface/my_action_interface/action/detail/docking_two__rosidl_typesupport_fastrtps_cpp.hpp
[13.913s] -- Up-to-date symlink: /home/oh/slam_ws/install/my_action_interface/include/my_action_interface/my_action_interface/action/detail/open__rosidl_typesupport_fastrtps_cpp.hpp
[13.913s] -- Up-to-date symlink: /home/oh/slam_ws/install/my_action_interface/include/my_action_interface/my_action_interface/msg/rosidl_typesupport_fastrtps_cpp__visibility_control.h
[13.913s] -- Symlinking: /home/oh/slam_ws/install/my_action_interface/include/my_action_interface/my_action_interface/action/detail/docking_one__rosidl_typesupport_introspection_cpp.hpp
[13.930s] -- Up-to-date symlink: /home/oh/slam_ws/install/my_action_interface/include/my_action_interface/my_action_interface/action/detail/docking_two__rosidl_typesupport_introspection_cpp.hpp
[13.931s] -- Up-to-date symlink: /home/oh/slam_ws/install/my_action_interface/include/my_action_interface/my_action_interface/action/detail/open__rosidl_typesupport_introspection_cpp.hpp
[13.931s] -- Up-to-date symlink: /home/oh/slam_ws/install/my_action_interface/share/my_action_interface/environment/pythonpath.sh
[13.931s] -- Up-to-date symlink: /home/oh/slam_ws/install/my_action_interface/share/my_action_interface/environment/pythonpath.dsv
[13.932s] -- Up-to-date symlink: /home/oh/slam_ws/install/my_action_interface/local/lib/python3.10/dist-packages/my_action_interface-0.0.0-py3.10.egg-info/PKG-INFO
[13.932s] -- Up-to-date symlink: /home/oh/slam_ws/install/my_action_interface/local/lib/python3.10/dist-packages/my_action_interface-0.0.0-py3.10.egg-info/SOURCES.txt
[13.932s] -- Up-to-date symlink: /home/oh/slam_ws/install/my_action_interface/local/lib/python3.10/dist-packages/my_action_interface-0.0.0-py3.10.egg-info/dependency_links.txt
[13.932s] -- Up-to-date symlink: /home/oh/slam_ws/install/my_action_interface/local/lib/python3.10/dist-packages/my_action_interface-0.0.0-py3.10.egg-info/top_level.txt
[13.933s] -- Up-to-date symlink: /home/oh/slam_ws/install/my_action_interface/local/lib/python3.10/dist-packages/my_action_interface/__init__.py
[13.933s] -- Up-to-date symlink: /home/oh/slam_ws/install/my_action_interface/local/lib/python3.10/dist-packages/my_action_interface/_my_action_interface_s.ep.rosidl_typesupport_c.c
[13.933s] -- Up-to-date symlink: /home/oh/slam_ws/install/my_action_interface/local/lib/python3.10/dist-packages/my_action_interface/_my_action_interface_s.ep.rosidl_typesupport_fastrtps_c.c
[13.934s] -- Up-to-date symlink: /home/oh/slam_ws/install/my_action_interface/local/lib/python3.10/dist-packages/my_action_interface/_my_action_interface_s.ep.rosidl_typesupport_introspection_c.c
[13.934s] -- Up-to-date symlink: /home/oh/slam_ws/install/my_action_interface/local/lib/python3.10/dist-packages/my_action_interface/action/__init__.py
[13.934s] -- Symlinking: /home/oh/slam_ws/install/my_action_interface/local/lib/python3.10/dist-packages/my_action_interface/action/_docking_one.py
[13.951s] -- Symlinking: /home/oh/slam_ws/install/my_action_interface/local/lib/python3.10/dist-packages/my_action_interface/action/_docking_one_s.c
[13.968s] -- Up-to-date symlink: /home/oh/slam_ws/install/my_action_interface/local/lib/python3.10/dist-packages/my_action_interface/action/_docking_two.py
[13.968s] -- Up-to-date symlink: /home/oh/slam_ws/install/my_action_interface/local/lib/python3.10/dist-packages/my_action_interface/action/_docking_two_s.c
[13.968s] -- Up-to-date symlink: /home/oh/slam_ws/install/my_action_interface/local/lib/python3.10/dist-packages/my_action_interface/action/_open.py
[13.968s] -- Up-to-date symlink: /home/oh/slam_ws/install/my_action_interface/local/lib/python3.10/dist-packages/my_action_interface/action/_open_s.c
[13.969s] -- Up-to-date symlink: /home/oh/slam_ws/install/my_action_interface/local/lib/python3.10/dist-packages/my_action_interface/libmy_action_interface__rosidl_generator_py.so
[13.969s] -- Up-to-date symlink: /home/oh/slam_ws/install/my_action_interface/local/lib/python3.10/dist-packages/my_action_interface/my_action_interface_s__rosidl_typesupport_c.cpython-310-x86_64-linux-gnu.so
[13.969s] -- Up-to-date symlink: /home/oh/slam_ws/install/my_action_interface/local/lib/python3.10/dist-packages/my_action_interface/my_action_interface_s__rosidl_typesupport_fastrtps_c.cpython-310-x86_64-linux-gnu.so
[13.969s] -- Up-to-date symlink: /home/oh/slam_ws/install/my_action_interface/local/lib/python3.10/dist-packages/my_action_interface/my_action_interface_s__rosidl_typesupport_introspection_c.cpython-310-x86_64-linux-gnu.so
[13.969s] -- Up-to-date symlink: /home/oh/slam_ws/install/my_action_interface/local/lib/python3.10/dist-packages/my_action_interface/my_action_interface_s__rosidl_typesupport_fastrtps_c.cpython-310-x86_64-linux-gnu.so
[13.970s] -- Up-to-date symlink: /home/oh/slam_ws/install/my_action_interface/local/lib/python3.10/dist-packages/my_action_interface/my_action_interface_s__rosidl_typesupport_introspection_c.cpython-310-x86_64-linux-gnu.so
[13.970s] -- Up-to-date symlink: /home/oh/slam_ws/install/my_action_interface/local/lib/python3.10/dist-packages/my_action_interface/my_action_interface_s__rosidl_typesupport_c.cpython-310-x86_64-linux-gnu.so
[13.970s] -- Up-to-date symlink: /home/oh/slam_ws/install/my_action_interface/share/my_action_interface/action/Open.idl
[13.970s] -- Symlinking: /home/oh/slam_ws/install/my_action_interface/share/my_action_interface/action/DockingOne.idl
[13.988s] -- Up-to-date symlink: /home/oh/slam_ws/install/my_action_interface/share/my_action_interface/action/DockingTwo.idl
[13.988s] -- Up-to-date symlink: /home/oh/slam_ws/install/my_action_interface/share/my_action_interface/action/Open.action
[13.989s] -- Symlinking: /home/oh/slam_ws/install/my_action_interface/share/my_action_interface/action/DockingOne.action
[14.006s] -- Up-to-date symlink: /home/oh/slam_ws/install/my_action_interface/share/my_action_interface/action/DockingTwo.action
[14.006s] -- Up-to-date symlink: /home/oh/slam_ws/install/my_action_interface/share/ament_index/resource_index/package_run_dependencies/my_action_interface
[14.006s] -- Up-to-date symlink: /home/oh/slam_ws/install/my_action_interface/share/ament_index/resource_index/parent_prefix_path/my_action_interface
[14.006s] -- Up-to-date symlink: /home/oh/slam_ws/install/my_action_interface/share/my_action_interface/environment/ament_prefix_path.sh
[14.006s] -- Up-to-date symlink: /home/oh/slam_ws/install/my_action_interface/share/my_action_interface/environment/ament_prefix_path.dsv
[14.007s] -- Up-to-date symlink: /home/oh/slam_ws/install/my_action_interface/share/my_action_interface/environment/path.sh
[14.007s] -- Up-to-date symlink: /home/oh/slam_ws/install/my_action_interface/share/my_action_interface/environment/path.dsv
[14.007s] -- Up-to-date symlink: /home/oh/slam_ws/install/my_action_interface/share/my_action_interface/local_setup.bash
[14.007s] -- Up-to-date symlink: /home/oh/slam_ws/install/my_action_interface/share/my_action_interface/local_setup.sh
[14.007s] -- Up-to-date symlink: /home/oh/slam_ws/install/my_action_interface/share/my_action_interface/local_setup.zsh
[14.008s] -- Up-to-date symlink: /home/oh/slam_ws/install/my_action_interface/share/my_action_interface/local_setup.dsv
[14.008s] -- Symlinking: /home/oh/slam_ws/install/my_action_interface/share/my_action_interface/package.dsv
[14.026s] -- Up-to-date symlink: /home/oh/slam_ws/install/my_action_interface/share/ament_index/resource_index/packages/my_action_interface
[14.026s] -- Up-to-date symlink: /home/oh/slam_ws/install/my_action_interface/share/my_action_interface/cmake/rosidl_cmake-extras.cmake
[14.026s] -- Up-to-date symlink: /home/oh/slam_ws/install/my_action_interface/share/my_action_interface/cmake/ament_cmake_export_dependencies-extras.cmake
[14.026s] -- Up-to-date symlink: /home/oh/slam_ws/install/my_action_interface/share/my_action_interface/cmake/ament_cmake_export_include_directories-extras.cmake
[14.027s] -- Up-to-date symlink: /home/oh/slam_ws/install/my_action_interface/share/my_action_interface/cmake/ament_cmake_export_libraries-extras.cmake
[14.027s] -- Up-to-date symlink: /home/oh/slam_ws/install/my_action_interface/share/my_action_interface/cmake/ament_cmake_export_targets-extras.cmake
[14.027s] -- Up-to-date symlink: /home/oh/slam_ws/install/my_action_interface/share/my_action_interface/cmake/rosidl_cmake_export_typesupport_targets-extras.cmake
[14.027s] -- Up-to-date symlink: /home/oh/slam_ws/install/my_action_interface/share/my_action_interface/cmake/rosidl_cmake_export_typesupport_libraries-extras.cmake
[14.028s] -- Up-to-date symlink: /home/oh/slam_ws/install/my_action_interface/share/my_action_interface/cmake/my_action_interfaceConfig.cmake
[14.028s] -- Up-to-date symlink: /home/oh/slam_ws/install/my_action_interface/share/my_action_interface/cmake/my_action_interfaceConfig-version.cmake
[14.028s] -- Up-to-date symlink: /home/oh/slam_ws/install/my_action_interface/share/my_action_interface/package.xml
[14.028s] -- Installing: /home/oh/slam_ws/install/my_action_interface/lib/libmy_action_interface__rosidl_generator_c.so
[14.029s] -- Set runtime path of "/home/oh/slam_ws/install/my_action_interface/lib/libmy_action_interface__rosidl_generator_c.so" to ""
[14.029s] -- Installing: /home/oh/slam_ws/install/my_action_interface/lib/libmy_action_interface__rosidl_typesupport_fastrtps_c.so
[14.030s] -- Set runtime path of "/home/oh/slam_ws/install/my_action_interface/lib/libmy_action_interface__rosidl_typesupport_fastrtps_c.so" to ""
[14.030s] -- Installing: /home/oh/slam_ws/install/my_action_interface/lib/libmy_action_interface__rosidl_typesupport_introspection_c.so
[14.031s] -- Set runtime path of "/home/oh/slam_ws/install/my_action_interface/lib/libmy_action_interface__rosidl_typesupport_introspection_c.so" to ""
[14.031s] -- Installing: /home/oh/slam_ws/install/my_action_interface/lib/libmy_action_interface__rosidl_typesupport_c.so
[14.032s] -- Set runtime path of "/home/oh/slam_ws/install/my_action_interface/lib/libmy_action_interface__rosidl_typesupport_c.so" to ""
[14.032s] -- Installing: /home/oh/slam_ws/install/my_action_interface/lib/libmy_action_interface__rosidl_typesupport_fastrtps_cpp.so
[14.033s] -- Set runtime path of "/home/oh/slam_ws/install/my_action_interface/lib/libmy_action_interface__rosidl_typesupport_fastrtps_cpp.so" to ""
[14.033s] -- Installing: /home/oh/slam_ws/install/my_action_interface/lib/libmy_action_interface__rosidl_typesupport_introspection_cpp.so
[14.034s] -- Set runtime path of "/home/oh/slam_ws/install/my_action_interface/lib/libmy_action_interface__rosidl_typesupport_introspection_cpp.so" to ""
[14.034s] -- Installing: /home/oh/slam_ws/install/my_action_interface/lib/libmy_action_interface__rosidl_typesupport_cpp.so
[14.034s] -- Set runtime path of "/home/oh/slam_ws/install/my_action_interface/lib/libmy_action_interface__rosidl_typesupport_cpp.so" to ""
[14.140s] Listing '/home/oh/slam_ws/install/my_action_interface/local/lib/python3.10/dist-packages/my_action_interface'...
[14.140s] Compiling '/home/oh/slam_ws/install/my_action_interface/local/lib/python3.10/dist-packages/my_action_interface/__init__.py'...
[14.140s] Listing '/home/oh/slam_ws/install/my_action_interface/local/lib/python3.10/dist-packages/my_action_interface/action'...
[14.140s] Compiling '/home/oh/slam_ws/install/my_action_interface/local/lib/python3.10/dist-packages/my_action_interface/action/__init__.py'...
[14.140s] Compiling '/home/oh/slam_ws/install/my_action_interface/local/lib/python3.10/dist-packages/my_action_interface/action/_docking_one.py'...
[14.141s] Compiling '/home/oh/slam_ws/install/my_action_interface/local/lib/python3.10/dist-packages/my_action_interface/action/_docking_two.py'...
[14.141s] Compiling '/home/oh/slam_ws/install/my_action_interface/local/lib/python3.10/dist-packages/my_action_interface/action/_open.py'...
[14.149s] -- Installing: /home/oh/slam_ws/install/my_action_interface/lib/libmy_action_interface__rosidl_generator_py.so
[14.150s] -- Set runtime path of "/home/oh/slam_ws/install/my_action_interface/lib/libmy_action_interface__rosidl_generator_py.so" to ""
[14.150s] -- Up-to-date: /home/oh/slam_ws/install/my_action_interface/share/my_action_interface/cmake/export_my_action_interface__rosidl_generator_cExport.cmake
[14.150s] -- Up-to-date: /home/oh/slam_ws/install/my_action_interface/share/my_action_interface/cmake/export_my_action_interface__rosidl_generator_cExport-noconfig.cmake
[14.151s] -- Up-to-date: /home/oh/slam_ws/install/my_action_interface/share/my_action_interface/cmake/export_my_action_interface__rosidl_typesupport_fastrtps_cExport.cmake
[14.151s] -- Up-to-date: /home/oh/slam_ws/install/my_action_interface/share/my_action_interface/cmake/export_my_action_interface__rosidl_typesupport_fastrtps_cExport-noconfig.cmake
[14.151s] -- Up-to-date: /home/oh/slam_ws/install/my_action_interface/share/my_action_interface/cmake/my_action_interface__rosidl_typesupport_introspection_cExport.cmake
[14.151s] -- Up-to-date: /home/oh/slam_ws/install/my_action_interface/share/my_action_interface/cmake/my_action_interface__rosidl_typesupport_introspection_cExport-noconfig.cmake
[14.151s] -- Up-to-date: /home/oh/slam_ws/install/my_action_interface/share/my_action_interface/cmake/my_action_interface__rosidl_typesupport_cExport.cmake
[14.151s] -- Up-to-date: /home/oh/slam_ws/install/my_action_interface/share/my_action_interface/cmake/my_action_interface__rosidl_typesupport_cExport-noconfig.cmake
[14.151s] -- Up-to-date: /home/oh/slam_ws/install/my_action_interface/share/my_action_interface/cmake/export_my_action_interface__rosidl_generator_cppExport.cmake
[14.151s] -- Up-to-date: /home/oh/slam_ws/install/my_action_interface/share/my_action_interface/cmake/export_my_action_interface__rosidl_typesupport_fastrtps_cppExport.cmake
[14.151s] -- Up-to-date: /home/oh/slam_ws/install/my_action_interface/share/my_action_interface/cmake/export_my_action_interface__rosidl_typesupport_fastrtps_cppExport-noconfig.cmake
[14.152s] -- Up-to-date: /home/oh/slam_ws/install/my_action_interface/share/my_action_interface/cmake/my_action_interface__rosidl_typesupport_introspection_cppExport.cmake
[14.152s] -- Up-to-date: /home/oh/slam_ws/install/my_action_interface/share/my_action_interface/cmake/my_action_interface__rosidl_typesupport_introspection_cppExport-noconfig.cmake
[14.152s] -- Up-to-date: /home/oh/slam_ws/install/my_action_interface/share/my_action_interface/cmake/my_action_interface__rosidl_typesupport_cppExport.cmake
[14.152s] -- Up-to-date: /home/oh/slam_ws/install/my_action_interface/share/my_action_interface/cmake/my_action_interface__rosidl_typesupport_cppExport-noconfig.cmake
[14.152s] -- Up-to-date: /home/oh/slam_ws/install/my_action_interface/share/my_action_interface/cmake/export_my_action_interface__rosidl_generator_pyExport.cmake
[14.152s] -- Up-to-date: /home/oh/slam_ws/install/my_action_interface/share/my_action_interface/cmake/export_my_action_interface__rosidl_generator_pyExport-noconfig.cmake
[14.155s] Invoked command in '/home/oh/slam_ws/build/my_action_interface' returned '0': CMAKE_PREFIX_PATH=${CMAKE_PREFIX_PATH}:/home/oh/slam_ws/install/ros2_aruco:/home/oh/slam_ws/install/my_tf_package:/home/oh/slam_ws/install/my_tf2_package:/home/oh/slam_ws/install/my_docking:/home/oh/slam_ws/install/my_aruco_to_goal_pose_pkg:/opt/ros/humble /usr/bin/cmake --install /home/oh/slam_ws/build/my_action_interface
